-100.696
-37.6225
211.879
-283.424
254.897
-86.1334
-210.177
104.69
98.922
-174.943
-59.0507
125.799
-418.317
-108.946
-8.04211
-536.852
12.5964
229.961
-487.492
255.383
167.814
1.71598
49.6257
73.7843
-249.401
-64.2
-0.329379
-377.704
-52.4611
78.3637
-433.276
13.6143
-66.5054
-473.727
139.006
133.188
-262.09
202.599
232.539
11.3834
19.1881
39.1689
-39.0228
78.2879
35.8612
-242.708
29.6249
7.90909
-330.986
52.4819
-77.7585
-378.58
67.4927
40.2375
-406.552
55.834
15.4509
-380.169
52.1913
115.069
-309.946
-26.3447
305.497
-322.437
-111.552
177.579
-219.568
-29.0758
-40.8746
-66.076
190.86
20.9577
-245.225
104.326
-25.8889
-297.902
65.1752
53.0471
-323.81
27.1513
6.31869
-364.618
45.8788
96.4492
-347.358
-54.9124
117.556
-351.39
-67.5215
10.2324
-398.217
-93.834
81.4854
-365.986
-170.373
232.253
-220.245
-108.416
153.386
-146.964
-137.296
-55.6276
29.2227
-60.9938
-82.3702
31.1745
-36.9074
17.9601
-183.879
72.8092
-17.0408
-293.804
16.19
14.9638
-295.738
-39.4076
-18.454
-303.748
-36.0103
51.4259
-298.333
-77.7211
25.504
-334.372
-18.2552
40.1988
-333.252
-64.5216
118.539
-329.156
-130.196
93.123
-350.965
-96.8006
-1.35957
-347.657
-142.085
52.253
-349.891
-181.482
194.975
-84.1294
-88.6896
141.286
33.6595
-33.8792
-6.61301
41.8621
-1.50414
-36.3102
-58.2441
48.7293
-3.80633
-187.096
-42.4997
-56.0707
-293.524
-89.6209
-43.8048
-330.91
-44.2387
-9.30091
-333.343
-47.7975
44.1161
-315.447
-60.4303
-1.21799
-324.841
-47.9604
36.0008
-321.673
-100.173
58.1949
-328.113
-116.659
59.8825
-365.711
-69.8393
96.9465
-378.607
-105.417
164.075
-351.877
-154.491
131.83
-383.316
-142.742
14.2653
-230.252
-80.2828
18.3531
-69.692
-26.3026
81.6019
-29.988
42.2316
54.4687
17.1395
93.7727
31.3741
-69.6644
5.64496
-40.1038
-172.269
-26.9125
-43.4605
-225.08
-69.5015
-18.6442
-258.845
-79.0365
-20.9984
-267.554
-88.2555
-9.12488
-280.615
-71.9477
-14.8781
-282.813
-62.1314
49.5412
-265.489
-81.4906
39.7816
-261.258
-88.5377
49.2403
-265.826
-74.7002
49.4309
-251.797
-84.9688
34.444
-271.955
-93.2077
10.1677
-299.71
-57.3033
25.2181
-287.164
-87.9753
103.655
-270.213
-127.751
107.545
-194.621
-109.053
5.07018
-159.819
-75.8842
5.34853
-34.1741
-77.2317
20.9875
10.3136
138.818
109.31
324.619
-125.97
31.651
88.4151
-162.574
-18.4347
84.3639
-209.28
58.3143
44.607
-165.384
83.5256
13.2101
-200.492
22.2632
0.616671
-194.029
1.7667
-41.1026
-128.4
-45.1931
-65.6794
-127.085
-27.8066
-82.3899
-161.219
-23.1256
-99.0151
-157.492
-23.067
-127.212
-116.026
-4.71916
-129.252
-133.489
-14.3843
-129.237
-153.867
21.9236
-136.277
-130.638
-4.78424
-140.827
-102.085
29.2921
-150.362
-60.8585
21.9927
-160.937
-57.573
14.7717
-160.471
-64.7382
24.8
-161.806
-70.9822
50.7537
-147.003
-91.8849
74.5784
-155.34
-66.2201
45.1362
-187.165
-18.4784
58.5973
-204.267
-4.81587
127.511
-115.21
51.1076
90.1085
-32.6517
86.7583
36.1256
42.9488
41.0801
-83.8202
44.0026
68.7011
262.739
95.8093
-265.786
-50.5048
2.21365
-139.983
-21.7862
-50.4084
-91.0373
47.3564
-107.756
-17.8256
25.8024
-91.0585
-64.5502
40.0954
-90.6214
-86.993
34.6105
-102.247
-68.9019
34.5239
-113.962
-70.0742
36.22
-113.434
-105.536
21.1569
-133.56
-88.6935
54.2041
-159.813
-58.1731
11.8994
-168.657
-66.5519
38.7253
-174.327
-71.0471
10.4009
-163.74
-91.7159
48.323
-166.43
-88.7182
96.418
-168.58
-59.8193
126.862
-170.441
-27.7384
119.842
-172.302
-3.6733
97.9447
-159.422
3.95336
103.719
-129.343
8.18152
81.8748
-101.408
54.5697
42.0232
-69.2891
72.5719
93.4066
-67.8508
146.406
131.874
1.59525
210.619
181.833
20.8299
147.878
-158.873
13.4798
-35.7912
-66.0258
-50.5604
-32.5133
-49.0384
-80.4276
-37.9169
-25.2835
-63.7292
-52.6709
-8.06373
-63.4801
-73.8096
24.158
-81.5818
-42.7024
55.5325
-65.0451
-42.9646
25.4313
-69.1939
-78.958
98.3797
-65.5796
-92.4583
99.3594
-104.453
-88.2679
154.45
-143.133
-32.2494
93.1728
-139.752
-6.29832
12.8209
-118.347
-3.45792
-49.2287
-76.6322
0.493494
-60.9017
-44.2398
-10.5116
-42.4104
-45.1994
-8.70979
-30.7404
-26.2017
-18.8484
-10.0595
41.2555
-4.83516
48.8107
95.3913
-13.7895
34.4686
117.526
16.9326
67.0593
87.0126
90.3981
80.0351
75.539
65.1528
224.114
139.609
-30.1833
172.01
190.501
43.3455
358.949
-158.625
400.784
-135.81
-112.162
251.567
-129.445
-73.4284
170.664
-76.9409
-55.7667
126.996
-6.24849
-47.0145
112.678
12.5132
-39.9025
102.219
5.84152
-29.493
94.1173
16.5789
-20.7607
64.8028
2.10065
-15.9587
59.1613
-7.78808
5.0124
112.571
31.788
