8.71713
11.5965
1.39865
-0.146332
3.21406
2.58198
2.81935
7.12859
-5.44739
3.71604
1.82252
7.07625
-0.637758
19.2331
7.33539
6.64906
14.0401
3.96647
12.8803
0.643347
-1.86544
12.8176
10.8656
-2.19364
4.95984
9.76538
-2.24147
2.67982
20.2197
-6.21362
1.66363
24.9232
-14.1939
1.61696
13.6356
-1.60197
-5.66117
7.27717
4.59309
-12.4221
9.6038
4.96517
-7.26687
2.68719
10.8126
-13.9836
1.18016
10.0172
-7.60506
2.97872
2.8111
-1.23004
-2.78422
11.1699
-0.362927
-5.24458
-7.4761
1.86366
1.52682
-17.3362
-1.91615
2.52897
-12.6763
-10.5068
4.94263
0.720249
-15.9428
5.44174
8.95286
-12.6643
0.691022
16.2772
-5.6147
3.72652
14.5327
-2.02612
7.43119
13.1097
4.17995
11.146
-13.2799
6.85351
1.84941
-3.43958
11.1212
1.7084
-3.92149
8.13005
5.7403
3.30893
0.670566
0.647374
5.33033
-2.84178
3.70752
8.79929
-16.3363
-0.588005
3.55521
-1.57338
7.91069
-4.67656
13.6223
8.3221
-6.965
-13.0304
5.51091
-8.17064
-5.52242
12.4674
-2.67229
10.788
-6.81335
5.44763
0.828595
-5.74914
-8.73529
4.49293
-3.14953
1.99347
4.01471
1.32905
-0.486115
0.472802
4.81217
6.09984
-3.01013
17.2705
4.21688
-1.19775
-5.32338
-1.28905
4.25482
21.4906
5.36154
9.3031
15.0378
3.2609
13.443
0.953386
-1.17258
10.5951
10.3569
-0.885597
6.47194
13.2998
7.11298
4.45488
21.4893
2.52923
4.92227
16.5751
2.29483
10.0671
11.6827
-8.72753
9.54036
8.00684
-21.9407
15.3732
6.30439
-15.3125
21.6884
4.64016
1.77033
26.7561
5.35357
17.6912
23.2146
1.22116
18.3792
13.9924
-2.5149
21.634
6.38256
-2.76767
21.7542
12.0177
-1.59321
12.0094
18.1977
-10.658
8.19695
23.1828
-6.73801
-12.2997
27.804
2.60979
-19.5599
28.1757
4.21394
-8.02147
32.4537
4.30317
-5.42969
23.2653
5.33653
2.52742
22.5111
7.12468
14.1399
17.3314
-1.04989
-0.8818
14.6921
6.2996
14.4423
5.98353
8.1232
4.98731
6.44589
5.69707
-1.63613
4.5434
1.59474
-8.96242
5.02841
1.94982
-2.98568
-2.29088
10.7789
4.44877
-9.65443
5.92701
11.4503
-15.3306
11.0159
3.85504
-11.3444
14.0336
1.95554
-7.50774
-7.32692
-4.3545
-8.54823
-18.1332
-2.55759
0.4304
-1.06581
6.56411
14.3646
5.28067
4.18894
12.4838
1.85075
5.63317
6.50287
14.477
4.15753
4.17491
-0.895872
2.99106
5.19969
27.0617
4.19144
5.30067
12.6483
2.44537
4.66239
2.82897
-1.07645
0.345189
12.8666
-8.38632
3.14974
28.0907
5.10689
0.226133
21.9234
7.48958
-5.47871
11.0125
-3.91469
-4.70403
5.88125
-8.34396
-4.08515
6.24332
-27.379
-6.27419
11.2133
-17.0231
-7.90193
12.0758
0.397944
-2.9842
16.4365
10.9597
-2.56505
10.7153
18.1447
-4.0531
4.11814
19.1307
-1.58103
3.10554
21.5682
-7.67346
-6.9652
25.4597
-2.73301
-6.75121
7.36999
-5.16917
-8.83767
-2.43403
-3.25266
-0.9211
-10.5418
-5.35281
-1.59439
-6.35687
-3.22328
-0.968264
-3.55581
-4.62891
3.08434
4.36133
-11.7854
8.58879
11.7047
-19.1144
5.16875
6.86981
-14.9232
7.60454
8.13265
-11.0601
12.2581
9.12289
-10.8678
13.4122
-4.23889
-15.6065
7.66834
-6.68749
-16.9713
3.70867
-1.90296
-19.6714
3.90458
2.05256
-14.5713
2.76783
-2.13221
-9.24867
3.64533
0.0314559
0.698934
15.5015
-7.38672
0.650271
-9.89066
7.20874
-8.25179
1.54399
14.5781
-3.61013
8.29701
-5.75478
11.5622
-0.478355
6.18906
13.0077
-5.99895
10.1847
9.2671
11.1184
-0.989487
4.20913
-2.3621
1.22966
-3.09793
27.3312
5.05665
-4.62362
6.74282
4.71802
-5.69253
-1.62701
-2.71078
-6.25136
19.6313
2.55422
-4.86611
24.8008
6.14301
1.99825
15.7769
3.66237
6.04868
4.59565
-3.56815
8.17641
8.52611
-6.40494
10.6373
8.94261
-23.777
14.0008
13.5054
-22.1027
15.9469
9.3367
-5.37122
9.38535
15.2622
5.24556
10.959
20.1547
8.8178
4.2063
8.66901
11.3052
-2.31687
0.443039
24.1701
1.18622
-5.78885
25.431
6.15624
-8.54956
20.7878
7.578
-12.4321
11.4675
5.635
-12.0638
-1.85652
7.82707
-3.26494
-7.54221
7.43001
-4.39376
-5.36869
7.49873
-4.92491
4.66514
5.9921
2.15016
13.4325
2.76586
1.75395
13.7157
9.8226
6.54146
5.80716
2.14649
12.6057
6.88291
5.01727
10.0615
-4.77303
7.37309
13.5735
-4.77927
-4.17672
8.23308
-4.0959
-14.9881
8.73613
-10.0464
-17.1766
0.468349
3.12955
-3.71255
-1.21992
13.6971
-0.0405958
15.3397
-2.61688
4.37759
-3.48378
-24.2403
8.28404
21.9447
-6.99958
10.244
6.45205
5.86127
17.2083
-1.60579
9.93572
16.6512
0.244275
0.512645
17.5481
6.52869
16.8981
9.76824
-0.32935
27.8665
0.628473
28.3025
12.6047
-7.666
6.35996
4.63619
-7.92782
9.66213
1.232
-4.02997
17.8079
-0.934996
2.66444
23.8465
0.814453
11.4775
8.51177
0.300777
13.4578
4.54634
0.939417
15.6261
8.36721
-8.29935
15.6437
17.6683
-8.21486
14.4062
13.4355
-8.1545
6.55998
18.367
-4.31622
7.68885
13.5198
-10.4751
-0.706937
9.8432
-23.2095
4.83874
10.6476
-21.7884
2.83625
2.35607
-6.26592
0.942326
-6.35294
-5.30787
7.44024
-8.31311
1.05313
11.6449
-9.03577
20.6203
12.1045
-11.6755
19.3398
2.98566
-14.2465
4.00247
-5.77166
-4.24973
0.213149
-3.11557
-3.70238
5.00568
-2.69059
2.33732
9.36601
-6.63301
6.88136
12.6909
-8.95933
2.45632
7.58671
8.57501
6.28607
11.2559
7.33382
12.5604
5.22184
0.21429
15.8561
8.70338
-3.98459
10.3315
2.98894
-5.55919
6.65315
6.09902
-8.60421
-2.18696
-1.53743
1.27153
3.74176
-5.79725
9.31029
20.804
7.477
13.8887
8.96174
0.335292
14.1479
22.1959
-2.0393
11.8493
-1.83475
-3.8843
21.4181
7.17046
16.9771
19.4991
14.0832
9.48823
22.0999
-8.76738
3.55399
15.8107
10.5537
-15.2811
0.905946
27.8229
-5.02351
-9.18481
-3.86067
9.41859
-13.5285
10.7088
11.22
-2.29575
23.7548
9.4329
9.80396
16.5238
0.293965
18.0032
19.1379
-2.28742
16.2487
15.0283
-2.66219
11.0647
17.7918
-3.53603
9.0257
16.2819
1.0405
1.15453
26.3616
-7.24576
-12.5817
17.8001
-16.8343
-11.9872
15.3933
-30.7683
-8.08926
5.47328
-33.9863
0.179577
2.58792
-28.469
10.5729
1.47037
-22.0964
9.64847
-4.13806
-14.1465
-0.234783
-9.9462
-5.67754
-2.7423
-13.3065
-0.2978
4.94301
-13.2588
2.22387
9.12695
-12.8113
-14.1509
0.391513
-12.2389
4.40748
3.84779
-6.75081
-5.06989
3.29364
2.00386
-5.27119
1.61444
11.6316
0.0146324
-5.93556
0.0868581
0.0192345
-3.25975
5.55709
7.57152
6.29462
9.54383
7.52312
1.5761
7.63947
7.26727
-3.76082
19.0563
-0.713997
-4.45859
8.61644
-0.656804
-3.03835
2.69029
7.70296
3.67412
10.7711
-6.21908
9.35884
20.258
-15.2205
15.6491
3.06848
-22.5424
17.5898
14.5411
-23.9593
12.8225
6.13001
-3.86101
19.5795
-0.043025
3.05091
19.9864
15.3528
32.338
20.7963
-10.4414
35.9212
10.0445
31.9156
38.4709
3.12882
19.1005
11.7863
-4.96202
7.83965
-1.8739
-11.5664
24.4238
-0.308655
0.937988
31.3367
11.7564
18.1304
23.0354
15.117
22.3791
17.6185
10.0078
13.6706
14.8614
0.168967
-2.26068
21.1637
1.9976
-11.8085
26.5285
-2.99426
-15.4598
25.9772
-1.79817
-19.6953
17.8558
-10.8286
-17.3271
9.60486
-12.1369
-0.238872
-0.918003
-19.8813
9.60172
4.17026
-14.3669
3.17547
-7.21376
-22.017
-3.15815
-6.5952
-24.5278
2.35951
-7.89099
-31.7936
13.3298
-13.3146
-9.28898
6.14338
-8.54704
6.50028
10.1464
-15.6173
0.311431
3.83471
-14.3873
-1.1177
-3.22697
-9.73253
15.4696
5.70973
2.57159
8.65511
-4.61607
13.0351
8.93214
-1.89501
-3.75946
5.16421
-11.2647
4.93972
-1.92541
-0.0357294
-2.98739
-1.19909
8.2766
24.7796
-7.77484
1.50591
17.865
-6.17643
-3.01729
18.5546
-13.6401
-1.17364
7.09912
-12.7825
3.24685
8.0448
-15.296
10.4247
21.8317
-15.3948
15.3242
10.7838
-19.55
12.9972
-6.68583
-11.6895
15.3875
6.90618
-24.6287
20.6292
5.43053
36.8936
16.4066
21.1107
2.86184
15.42
-11.2579
-1.85411
-0.0677516
37.859
-2.2228
-4.89993
-1.82942
19.6248
-2.29358
3.75907
23.1864
0.820275
23.9152
26.8335
12.5288
30.6441
10.5561
23.9223
21.2249
5.83822
10.6661
15.1422
14.0682
-2.79707
16.6689
13.5916
-11.8959
30.5487
6.8942
-23.1033
25.1864
10.3024
-18.6057
16.2095
12.921
-3.46394
7.08395
-1.25993
3.12154
12.273
1.95026
4.43786
7.84905
5.19338
7.07723
0.691614
3.23131
-1.56879
1.58887
-21.0154
-5.83219
-2.80116
-28.6915
11.0033
-8.95905
-34.8427
2.66883
-17.7247
-16.5402
-10.0854
-29.8892
10.7391
-5.6379
-21.9196
30.6316
8.96067
-11.9139
34.3657
6.08398
-7.08408
28.4618
-2.63296
-1.03852
35.7623
-9.3669
5.90116
37.8499
-1.85752
12.0041
36.835
-11.3875
2.57116
20.1028
-4.55098
9.24593
9.36609
6.03873
13.6733
7.42577
7.54395
19.5473
3.43541
-2.70215
20.5612
-3.35296
-4.55414
0.393153
-0.129675
3.74705
0.154795
-1.47191
8.55321
18.3583
-3.64726
10.8092
22.9286
0.354252
10.6688
1.59994
-0.447729
13.2836
8.23228
-18.6828
22.0065
8.86168
2.81722
12.2138
31.544
26.0677
14.6207
-8.4694
27.256
6.98529
23.4415
18.8467
-2.56527
6.38537
14.7485
0.714195
18.0192
15.5511
16.2511
30.6971
3.60043
23.8979
18.6803
13.4211
18.9395
1.08939
13.2492
-2.92629
16.9345
9.95446
-7.0515
28.7255
13.9044
-15.9045
23.9569
16.7403
-13.6126
19.528
17.8374
-14.0445
20.1127
13.9539
0.958664
17.1205
1.31318
6.13152
15.412
7.28688
-6.60665
21.1223
-8.5757
-18.1361
12.1404
-5.26309
-11.9402
-0.281088
-6.54069
-4.00744
-3.49746
0.83402
-17.4178
-16.6298
-12.4918
11.183
-3.20056
-18.2686
10.6297
-30.9368
-24.1548
-16.3863
-29.9023
1.07203
-14.0724
-25.842
23.4788
-13.6685
-3.36895
17.3693
-2.17588
9.1476
1.96555
-4.6014
10.9766
-1.71789
-2.35153
16.1795
-15.5678
-9.7463
15.2089
-8.15856
-7.84394
17.66
-1.70506
0.727279
8.8158
-10.5048
6.29184
25.168
-5.31884
8.57572
27.8949
-4.81966
0.545588
17.3278
-9.08879
5.68609
0.737186
-8.76106
6.01515
15.0414
-9.92056
11.0876
25.3266
-20.8911
5.25325
7.02556
-28.0677
9.31612
-8.85772
-2.8995
18.2844
20.3057
35.2329
8.4392
15.2951
25.7499
-0.386149
12.0022
29.8083
2.69293
22.9752
24.5293
14.1321
20.8071
25.7126
22.0767
33.9295
24.5559
32.5223
28.4328
29.7301
27.846
26.7346
13.9143
5.66154
28.6624
21.5394
-6.51723
27.8437
21.1541
-12.6933
16.9047
4.40797
1.77938
27.657
3.2943
0.0233349
27.9904
5.90627
7.42495
31.439
10.3043
12.9573
27.8238
7.95632
-0.899218
25.8991
3.07329
-19.0332
31.9837
3.11756
-26.137
22.4942
0.636094
-35.6848
11.4884
-12.5592
-33.0106
-22.3009
-39.4546
-2.96506
-37.8216
-15.8585
-45.8854
-15.1012
-84.1341
52.3561
1.30374
-58.1246
-19.3185
-53.9458
93.7638
-43.9128
-10.1595
31.7498
-30.7135
0.710424
16.8733
-13.2254
8.66532
-1.79341
-2.39308
14.1129
3.81671
10.7561
32.0818
2.39814
-0.389577
29.882
-1.80046
0.753806
26.5328
-14.3221
-3.4715
22.2958
-9.64427
12.0588
10.678
-6.94778
15.8771
28.194
-17.1803
8.10852
28.1311
-22.4341
13.8438
11.7141
-24.0226
9.57469
11.5913
-26.5002
6.88544
16.1367
-22.4552
11.5342
7.73137
-31.2665
11.007
-5.56269
-14.6595
12.7445
4.9277
15.1536
20.6882
5.84408
28.8093
25.5686
29.3192
24.015
29.972
8.39711
35.4248
27.6061
30.2298
23.0685
33.1554
21.1014
13.7988
31.1204
18.9626
14.1746
17.2686
27.8846
28.9189
11.5488
18.7003
20.3081
4.6998
22.9115
23.3586
8.3964
29.5384
28.2753
2.97054
43.6179
27.3717
15.5604
23.5894
21.4182
15.2331
24.7729
14.442
17.451
26.7396
17.1126
-1.97253
31.407
16.4633
-9.37826
26.9993
18.8944
-16.9036
21.905
10.5156
-7.66681
31.1729
0.605263
-7.75456
52.9265
13.286
1.95961
78.5204
89.0828
-88.8265
-4.94017
93.9133
-135.212
-8.19488
-90.163
-83.8276
60.1254
-88.8998
46.0303
44.017
-33.57
60.1394
34.2714
-3.57561
36.517
1.89723
-13.7812
25.0826
7.28159
2.16512
20.6044
22.498
-3.61105
21.1108
17.8874
-9.26602
18.857
30.6157
-9.65673
12.7292
29.2268
-13.8967
21.2984
24.5106
-24.7467
26.4473
20.3827
-26.6238
20.9821
30.4777
-16.1866
16.7266
26.4482
-13.7635
22.1161
2.14002
-24.9171
21.0489
17.8316
-29.0829
11.7048
10.7468
-32.4627
18.5121
12.3871
-38.8302
31.1863
6.93954
27.477
10.9536
8.05174
26.5689
21.8481
19.8091
44.9011
27.903
15.5962
29.4247
27.129
21.8829
34.7919
27.9453
9.01003
25.3089
32.9403
26.5501
35.6424
21.4209
38.2876
29.4139
21.0902
22.1157
31.0114
17.3293
38.0922
33.6759
27.1999
26.2887
34.3609
25.1101
28.6248
37.733
30.0251
24.593
36.5404
39.7049
33.5722
45.7922
47.4249
41.2816
47.4437
41.979
33.7485
42.7622
28.5141
32.4409
32.4275
21.5812
33.7188
31.7571
9.55287
21.0439
33.6482
118.966
66.7478
64.9052
-109.799
-46.7554
16.1641
-304.36
-128.784
-3.65209
-376.787
-108.188
82.4652
-256.396
-77.719
74.1639
27.1546
93.0545
-21.7135
-23.9938
25.3354
-65.7357
28.0643
-2.62472
17.1958
41.2649
39.0447
13.2979
3.18507
19.5271
0.818621
27.0607
24.0747
-24.1263
27.6808
44.911
-22.765
23.248
33.1508
-25.7719
28.6249
24.4977
-25.0475
34.7073
22.3734
-24.2387
35.3175
29.9908
-35.6045
31.9581
38.1817
-35.7887
32.1079
14.4326
-30.8559
33.3948
19.9211
-34.7084
32.1439
17.3257
-29.2239
27.2879
15.3886
-18.1331
26.4179
19.5568
14.7141
20.8359
18.6389
29.6234
24.9979
17.5435
13.7892
41.8358
24.6619
38.546
42.3738
17.1012
31.0776
37.4331
19.4751
25.9323
37.8525
19.8258
33.8568
27.6418
15.0682
25.3679
15.3048
26.1491
24.7833
15.4428
7.60524
26.3877
32.8091
9.55083
29.5974
50.9149
29.7772
27.0966
56.8461
33.9748
26.505
50.1786
28.5867
22.5059
47.9521
22.9778
17.6078
49.9351
27.753
22.6171
48.7706
30.7265
20.5136
53.0651
48.9656
25.0067
40.1478
32.806
17.1327
56.6013
57.1368
-8.11234
-182.615
-38.1705
19.5929
-276.564
-88.9014
42.8478
-305.47
-101.332
28.1362
-305.294
-99.5158
86.4402
-124.575
4.43958
126.149
0.288634
91.0306
-2.19249
93.7151
209.123
-40.4841
47.0028
160.587
54.9053
83.3448
57.7605
-7.73538
54.9926
18.2907
16.2374
2.46247
17.8374
-6.78381
38.0905
37.9329
-17.2699
48.4631
38.4517
-23.2244
40.915
34.5595
-24.0019
37.3621
29.0718
-35.8065
41.4613
14.2352
-34.0722
43.9833
24.5527
-35.5935
34.985
17.3351
-39.9009
37.0638
33.4339
-35.2566
37.6901
30.104
-36.8114
42.894
-3.20743
23.7192
30.6899
31.1581
42.3559
14.6447
11.1749
24.1259
17.7443
12.5915
43.6235
23.4889
13.8603
23.6458
39.4159
12.4072
39.6045
38.749
15.058
27.9138
35.6483
12.6488
35.0996
30.1602
8.84656
31.9113
30.8264
15.8409
32.0459
34.0291
20.0428
32.1621
44.6559
24.4553
25.4753
52.1046
29.4744
22.549
48.643
19.5648
24.7175
63.5884
34.4519
21.4661
63.9379
39.0481
11.7504
50.8345
49.3357
1.32748
41.7262
49.0195
-26.6841
22.7201
58.965
24.1965
22.8882
57.9439
21.6464
-152.439
-21.8136
14.3382
-214.797
-41.6734
29.566
-240.777
-54.37
57.5575
-256.269
-60.9778
31.1567
-221.555
-98.179
24.8799
-213.653
-61.1507
120.96
-236.61
-102.977
114.607
-95.1437
-74.1879
-56.5485
121.074
153.76
-142.469
86.3748
134.488
17.14
54.2872
51.2198
1.5017
38.9021
70.2328
-72.608
55.9513
50.8242
-65.1088
66.4058
36.137
-35.3937
60.0242
30.8178
-26.7196
55.2113
18.909
-34.9778
48.1322
20.0009
-29.6007
48.7019
16.7607
-36.1336
50.0581
13.4989
-34.5583
50.9597
38.8918
-32.7543
53.9281
35.0596
38.801
59.4169
9.06199
30.2465
44.8614
8.64045
26.1784
45.5103
6.82808
24.622
49.2107
16.1918
26.5908
43.9946
13.9286
32.6022
43.5677
20.112
26.3277
40.238
16.633
27.8053
39.7367
19.4511
23.8232
48.1973
17.1043
18.3161
61.9798
13.4495
21.2816
64.9668
20.8716
23.6927
58.3752
25.1282
17.5811
53.392
21.369
14.396
55.4872
19.1751
16.6897
62.0516
35.5278
15.273
56.3937
52.5756
20.9465
50.6888
62.4217
14.6138
43.9114
49.282
-15.6743
28.6475
70.4393
13.5889
-123.291
-10.049
39.7053
-172.352
-29.3487
39.2588
-197.321
-42.4024
25.0336
-219.398
-52.5205
51.778
-225.394
-98.3648
55.6385
-240.919
-113.576
-27.3936
-287.6
-151.326
-14.7963
-298.872
-146.119
112.733
-161.988
-107.607
104.218
-93.9984
-108.567
-74.8384
50.3937
24.0996
-95.5934
72.4495
-1.48125
-19.5638
59.9531
22.8275
-17.9177
59.4858
38.7584
-25.7193
58.8886
21.2071
-35.4462
51.9067
18.563
-27.6289
49.8053
7.60619
-26.4788
52.0516
20.7204
-34.3547
52.8739
17.9882
-30.9214
45.9353
15.6975
-33.8042
32.0469
15.7464
23.7589
46.1827
19.5218
22.9619
30.537
19.1568
33.462
38.4119
17.844
21.7667
46.3254
13.8546
28.0702
50.3115
21.1736
12.9884
48.8192
11.5628
27.4757
56.1041
12.0652
23.89
53.6626
11.6404
21.2377
56.7048
21.1162
19.6494
50.9414
16.3272
22.4022
48.9407
15.2758
18.9248
46.7988
16.2596
14.8712
59.2731
23.6849
12.2132
57.2405
19.9812
21.1286
49.7782
25.551
14.3385
48.2159
31.1936
21.6033
68.1021
52.4657
34.5399
7.21691
19.853
69.4452
-63.2619
-24.336
24.6356
-172.576
-79.148
-13.0916
-185.646
-96.6473
-12.4821
-188.593
-102.157
7.39605
-188.065
-124.379
5.75418
-210.573
-91.266
5.04479
-222.316
-101.818
55.1321
-226.49
-136.757
42.6141
-235.714
-133.328
-44.6336
-244.554
-158.844
-29.5008
-256.52
-171.38
93.6377
-23.2004
-71.2066
67.4686
69.0928
-3.87249
-27.1413
90.5955
-11.1645
-57.3898
89.2312
6.17847
-68.8367
57.036
-1.35681
-52.0082
50.5231
12.5358
-30.1227
58.4435
11.211
-31.3468
62.821
19.1977
-21.056
51.1645
11.4129
-20.6159
51.8197
23.0159
-21.0101
45.2168
23.0866
14.6744
45.4911
4.28486
28.1377
52.8679
8.72828
28.5254
48.6444
15.6836
24.1636
41.7677
9.48767
15.0924
49.3037
6.35116
23.7544
52.6085
18.7396
23.8796
41.2571
15.2576
17.5535
39.1492
15.4529
22.9496
50.9727
15.5669
24.4092
59.3814
21.9267
11.5139
57.1316
10.4811
18.5338
49.7981
6.97067
14.6188
64.8242
13.6707
14.1863
54.1787
8.72787
21.2905
66.8007
14.7261
44.4657
75.5943
39.6133
36.3149
19.0406
-6.10571
12.7454
-98.4485
-47.7852
-29.1539
-175.953
-114.509
-19.3979
-193.756
-108.471
2.7348
-188.908
-124.446
-5.52391
-180.342
-126.13
-24.0412
-185.045
-111.936
-27.2135
-187.486
-146.948
-17.9012
-192.643
-161.045
-20.9194
-221.53
-132.115
9.31454
-243.627
-142.342
69.9001
-230.268
-165.383
57.7545
-258.862
-167.019
-41.1781
-127.443
-102.216
-36.9435
-0.119225
-22.5618
12.6081
47.6074
8.74825
24.3806
84.3652
36.6024
-9.72068
90.7257
14.8179
-26.5469
47.5064
1.52319
-5.65718
48.5464
7.0093
-9.03103
47.0656
3.15193
-14.7953
34.6
5.78718
-12.8635
38.6767
12.6582
-20.4649
27.9189
-1.57987
14.7453
19.864
13.7599
19.6795
23.595
9.32588
2.48179
46.6714
10.2455
16.6374
33.8599
5.0969
20.1483
45.5236
2.61292
2.92567
41.4415
0.6748
17.0879
41.845
0.58832
13.3065
42.793
6.39137
24.2924
36.7142
14.674
5.22822
43.9539
14.5108
19.5605
42.8768
31.5072
24.6225
94.9771
65.3391
-8.06474
120.97
86.7122
9.3061
93.8626
62.5661
9.92953
69.052
8.88843
25.2095
21.1528
-33.9216
-17.8477
-63.0396
-66.3518
-39.1854
-109.599
-98.862
-13.6264
-138.629
-116.697
-15.8004
-146.969
-117.332
-27.8619
-154.262
-113.28
-20.4008
-156.166
-109.64
-14.7031
-145.678
-124.965
-10.4598
-149.81
-123.615
-15.0223
-151.165
-127.804
-12.6187
-146.971
-134.83
-28.1168
-168.133
-143.381
-49.2591
-196.268
-109.224
-33.6138
-192.303
-123.368
47.9705
-181.794
-147.025
56.6966
-118.342
-121.137
-7.77311
-82.7397
-90.4307
-33.7303
16.8465
-71.0954
-7.24431
109.521
21.0031
7.40536
48.6813
7.20409
9.29853
47.104
9.89121
12.4483
41.6879
2.45576
9.69453
38.3774
14.8773
-2.36986
38.3611
27.1199
-0.698517
13.1331
10.3386
13.3226
13.5598
0.227938
7.05519
21.6984
13.1907
-1.24971
31.2874
9.37126
10.3045
35.4759
10.4332
-2.56439
28.8454
-13.6591
10.429
36.8216
-19.1351
-0.441762
32.5885
-27.4216
10.7767
45.8671
-21.5985
39.4005
64.862
-4.93302
49.9726
41.7862
-39.5047
19.0141
16.4799
-81.5821
22.0848
7.64226
-91.147
27.828
-19.2373
-125.799
-2.60713
-31.2772
-125.366
-22.9137
-43.7716
-107.707
-40.668
-60.3012
-113.32
-27.7912
-77.3315
-128.758
-16.4522
-89.4569
-126.308
-30.548
-108.234
-103.422
-24.5648
-108.851
-113.134
-17.7863
-109.838
-125.709
-13.6299
-113.068
-110.959
-9.98604
-109.92
-103.329
-5.77655
-110.695
-85.1794
-5.18838
-119.004
-80.2135
-17.6899
-119.801
-78.1705
-21.9846
-118.082
-82.3358
-12.273
-100.249
-110.068
-7.0306
-103.848
-93.9623
-44.4875
-121.18
-68.9945
-29.6827
-132.171
-60.4906
33.7307
-47.4429
-10.5785
51.4621
29.0008
29.5342
24.4861
85.5016
43.4227
-5.26686
45.6209
23.4735
-3.34264
20.431
-0.969958
7.47157
34.9483
25.4899
2.68748
41.8504
19.6673
1.80959
32.1299
12.6808
-3.30503
22.0782
14.3802
13.4943
22.2397
19.1483
11.9604
32.8843
8.13454
7.81099
28.028
7.05185
8.00661
21.18
0.749912
-0.0240831
19.739
-4.86172
-3.29663
24.952
-11.3067
-20.4261
6.72063
-23.8599
-34.7185
49.8179
-27.1212
-40.1833
69.5345
-71.2263
-38.8495
74.7508
-76.6496
4.67489
47.4573
-43.3254
3.47534
16.6258
-49.399
-13.1386
-12.8293
-58.4285
7.35557
-31.2698
-57.6666
7.11846
-32.8867
-78.0528
15.082
-41.2033
-80.4943
2.02012
-50.9845
-72.8315
-11.2813
-60.1508
-75.4149
-5.63199
-67.0259
-88.236
-14.5514
-82.1109
-81.9509
-15.1606
-93.6746
-76.0329
-28.8652
-93.9828
-93.4646
-35.3415
-96.8141
-89.1273
-35.3309
-98.0747
-82.797
-28.8999
-93.7883
-85.9076
-2.06603
-93.7553
-74.2145
14.9322
-90.1048
-62.5362
19.6778
-94.5476
-45.6215
7.07205
-88.1625
-44.6903
22.1898
-65.5392
-44.3291
-1.89658
-35.1493
-21.5467
-39.605
-0.948838
-32.1848
-28.9652
21.4031
7.45404
11.3261
66.9259
29.7886
43.9256
52.1183
39.9652
36.4832
39.5767
19.026
14.9327
23.1533
24.7153
9.31921
36.1116
30.7269
-2.52587
37.5834
11.8978
4.09501
40.8182
28.1243
3.02223
52.3653
13.0048
-1.5463
55.849
12.2327
3.46492
56.5432
10.3634
-3.61944
53.6602
23.0107
-6.86616
52.1936
22.7252
-12.091
63.7064
25.5533
-19.9869
61.2886
43.4079
-28.1378
61.8051
71.0029
-41.6212
53.0447
92.9301
-44.3199
24.8009
101.664
75.9984
79.7725
90.5869
18.1694
69.0261
63.7155
-58.857
66.0941
41.2229
-67.1557
50.9266
-1.38443
-32.4283
-3.38604
-13.6067
-34.8876
-26.2595
-24.0203
-23.8753
-20.4149
-26.2941
-9.83388
-27.6767
-38.2235
-12.3833
-31.2263
-42.2962
-2.85226
-25.1927
-36.8986
1.83482
-42.6424
-43.553
22.5267
-51.6529
-42.868
28.5061
-84.2042
-56.7908
24.6688
-96.66
-63.4583
11.6265
-95.1172
-56.1959
-14.5406
-84.7393
-52.9177
-36.0821
-59.5121
-40.6349
-38.837
-41.6241
-39.5943
-21.1151
-47.569
-34.4085
-18.1386
-41.1226
-29.8038
1.86665
9.70235
-5.18337
46.2303
36.7557
19.8341
40.4804
56.3433
34.2164
17.2169
54.7372
32.9766
-6.98638
41.9285
28.2164
9.68482
49.9407
32.0367
25.4484
9.81136
18.4451
5.73473
-15.3093
2.00468
-27.2284
-15.918
2.20514
-23.3065
17.4913
16.3374
-5.74307
26.0227
6.39501
-12.4451
25.6417
10.2172
-14.7385
28.1839
15.6425
-19.2151
23.115
15.6504
-14.5378
21.2627
14.7366
-12.2073
14.8583
8.93388
-15.2957
14.031
9.9369
-12.0529
11.1674
10.2239
1.13815
16.4523
0.29785
7.9945
1.0996
-3.42157
18.0389
20.0034
1.55515
-48.4134
5.13646
1.97315
-74.6863
3.61268
31.5002
-87.2832
10.1251
42.9214
-0.188112
29.15
47.9606
4.53292
36.9073
67.8763
21.2819
17.5758
86.0181
10.1064
8.60179
101.851
20.3751
-1.15132
106.587
18.1885
-0.360542
111.766
-35.0018
27.9178
117.67
-34.7195
15.2116
94.4808
-49.0956
6.18496
71.3861
-30.2703
-4.87358
52.718
-16.7625
-3.07563
41.8582
9.37917
6.3037
43.7546
41.0303
13.8874
50.4858
44.7686
19.7714
56.4806
30.1158
29.0304
62.1011
33.6094
31.3482
46.7614
4.19241
40.5499
40.2657
-12.6431
42.6798
48.5634
-6.72521
47.8768
38.2219
8.26529
42.6937
34.5548
23.6283
52.542
25.9742
22.1949
46.5602
18.8465
21.7851
36.7336
-2.70271
-3.78083
20.2473
-9.37379
-23.7994
17.1677
-1.54617
-15.519
3.05405
8.53376
-6.81327
-1.82748
-4.15713
-11.174
-1.22479
1.3614
-17.1871
1.65414
7.41428
-14.4023
6.19362
16.7
-1.10895
8.21595
9.1774
-3.25095
6.76746
9.53883
-7.65657
2.28611
-2.7733
6.54942
-4.67205
-9.05005
-2.7747
-1.37374
6.48531
0.809892
12.8411
14.9913
-0.0713288
9.78944
13.1572
10.3827
-6.57624
8.10954
-1.00916
-14.8759
4.16754
2.23745
-16.0409
-0.156361
0.356242
-14.52
5.45542
31.9374
-16.5213
3.84563
55.8049
7.54327
-7.50379
42.9592
-5.31871
-18.7664
52.3545
0.0682077
-29.0584
39.1603
7.80863
-33.3369
0.232362
11.934
-20.4918
-22.5313
17.9903
-10.5599
-30.4817
-8.92792
-20.7602
-3.69468
-35.7385
-30.9738
-30.0703
-43.1174
-24.0832
-41.9328
-29.417
-16.9809
-27.1474
3.15639
5.81584
-37.9777
20.2269
17.8541
-33.1886
16.0739
21.6503
-35.3393
7.82975
19.4447
-27.6605
-14.6058
-0.0666058
-19.1694
-20.1969
-5.80331
-2.25288
-24.4163
-12.4272
-18.4206
-18.2892
-8.66736
-17.6109
-9.0844
1.48987
-11.1776
-12.8728
6.56961
-9.37428
-7.8917
-3.66782
-1.77591
-3.70304
9.20912
-2.87011
-6.26202
0.573677
8.44848
-5.58212
5.23454
-6.62066
-11.3876
-0.223488
-1.02908
-9.60174
5.77414
-12.0866
-9.81617
1.47945
-11.6261
-12.1135
-11.0144
-2.70964
-2.13587
-11.9865
-7.04232
2.70057
-5.02974
-3.75701
-7.02112
0.00097771
-1.44013
-8.39948
7.22475
5.14088
-10.1697
1.51728
2.65569
-0.0829368
3.49368
-8.62187
-5.24754
-7.46734
-8.24198
-6.27238
-10.5745
9.53884
-0.126904
-13.5536
-0.957213
-11.3301
-3.88352
23.8095
-4.45459
-6.87775
15.3064
-16.9511
-5.08279
0.34523
-6.00101
-1.56124
-3.49701
-2.96073
-8.38229
3.51486
-8.24859
-4.76341
19.5415
-8.57833
-5.41457
13.7818
-16.1327
-9.93132
19.845
-4.4272
-8.98604
-5.0241
-3.17811
-5.57758
-15.8283
5.40882
0.766394
-1.0133
14.1276
0.287315
17.3191
3.17276
-8.89154
21.2098
-2.07641
-14.1322
20.9184
-6.3821
-26.3055
7.87126
-20.9691
-25.5282
7.46585
-7.98892
-16.2576
-22.7693
-21.4014
-7.91709
-29.4484
-2.82763
-6.35704
-15.3761
-15.0536
-18.9055
1.48613
-5.98839
-16.5836
-1.80753
-0.977764
-12.3776
-5.14425
-3.76149
6.29221
-8.16787
-4.19626
-4.09209
-12.0979
-7.20582
-9.81645
-15.4047
-13.1344
2.28311
4.77156
9.13552
-7.52033
0.741529
19.5727
2.93042
-6.24928
17.2883
9.14149
-7.81235
3.77967
6.39868
-6.31977
-9.45707
1.00564
-5.12835
-17.1713
-4.41777
-5.8787
-14.5047
-1.30224
-4.5384
-5.74767
-1.82462
-8.12647
3.0479
-5.70303
-5.31682
3.32405
-13.1617
2.35798
3.05739
-19.356
14.713
0.767005
-14.3744
11.786
7.62332
0.644365
-1.38757
-2.79765
5.62729
0.248245
-9.91167
12.2772
4.25875
-11.8634
15.5892
2.6451
-20.1128
15.5791
-6.26323
-14.7841
18.9076
21.184
-10.8004
14.5366
-1.20457
-12.4161
14.8585
18.2441
-7.96793
18.1697
-3.69005
-9.90238
16.3848
-9.80366
-8.7955
14.202
6.93896
-7.8979
12.9665
-8.83195
-0.917749
13.2058
6.90539
1.86969
15.3497
1.19325
0.141352
9.2313
-19.6289
4.84121
-2.17766
-11.2233
-5.0995
-10.7933
-3.57286
-4.84919
-16.7503
-9.57221
-10.9285
-21.9358
0.90393
-3.24091
-10.4722
10.7135
2.20985
-12.7337
18.4625
2.17165
3.0986
9.53789
-9.0573
3.50327
5.94446
-12.8033
3.45051
7.10481
1.08304
8.62865
2.46281
7.77774
8.47804
9.7133
9.62308
0.965182
5.82773
6.43716
-6.65968
0.138578
