8.81292
11.724
1.41402
-0.14794
3.24938
2.61036
2.85033
7.20693
-5.50725
3.75688
1.84255
7.15401
-0.644766
19.4444
7.41599
6.72213
14.1944
4.01006
13.0218
0.650417
-1.88594
12.9585
10.985
-2.21774
5.01434
9.87269
-2.2661
2.70927
20.4419
-6.28191
1.68191
25.1971
-14.3499
1.63473
13.7855
-1.61957
-5.72338
7.35714
4.64357
-12.5586
9.70934
5.01973
-7.34672
2.71672
10.9314
-14.1372
1.19313
10.1273
-7.68863
3.01146
2.84199
-1.24356
-2.81481
11.2926
-0.366915
-5.30221
-7.55825
1.88414
1.5436
-17.5267
-1.9372
2.55676
-12.8156
-10.6223
4.99694
0.728164
-16.118
5.50154
9.05125
-12.8035
0.698616
16.4561
-5.6764
3.76747
14.6924
-2.04839
7.51285
13.2538
4.22588
11.2685
-13.4258
6.92882
1.86974
-3.47738
11.2435
1.72718
-3.96458
8.21939
5.80338
3.34529
0.677935
0.654488
5.38891
-2.87301
3.74826
8.89598
-16.5158
-0.594467
3.59428
-1.59067
7.99762
-4.72795
13.772
8.41355
-7.04154
-13.1735
5.57147
-8.26043
-5.58311
12.6044
-2.70166
10.9065
-6.88823
5.50749
0.8377
-5.81232
-8.83129
4.54231
-3.18414
2.01538
4.05883
1.34365
-0.491457
0.477997
4.86505
6.16687
-3.04321
17.4602
4.26322
-1.21092
-5.38188
-1.30322
4.30158
21.7268
5.42046
9.40533
15.2031
3.29674
13.5907
0.963862
-1.18547
10.7116
10.4707
-0.895329
6.54306
13.446
7.19114
4.50384
21.7254
2.55702
4.97636
16.7572
2.32005
10.1777
11.811
-8.82344
9.6452
8.09482
-22.1818
15.5421
6.37367
-15.4807
21.9267
4.69115
1.78978
27.0501
5.4124
17.8856
23.4697
1.23458
18.5811
14.1462
-2.54254
21.8717
6.4527
-2.79809
21.9932
12.1498
-1.61072
12.1413
18.3977
-10.7751
8.28702
23.4376
-6.81206
-12.4349
28.1095
2.63847
-19.7749
28.4853
4.26025
-8.10962
32.8103
4.35046
-5.48936
23.521
5.39517
2.5552
22.7585
7.20297
14.2953
17.5219
-1.06143
-0.89149
14.8536
6.36882
14.601
6.04928
8.21246
5.04211
6.51673
5.75967
-1.65411
4.59333
1.61227
-9.06091
5.08367
1.97124
-3.01849
-2.31605
10.8973
4.49766
-9.76053
5.99214
11.5761
-15.499
11.1369
3.8974
-11.469
14.1878
1.97703
-7.59024
-7.40744
-4.40235
-8.64216
-18.3324
-2.5857
0.43513
-1.07752
6.63624
14.5224
5.3387
4.23497
12.621
1.87109
5.69507
6.57433
14.6361
4.20321
4.22079
-0.905716
3.02393
5.25683
27.3591
4.23749
5.35892
12.7873
2.47224
4.71363
2.86005
-1.08828
0.348982
13.008
-8.47848
3.18435
28.3994
5.16301
0.228618
22.1643
7.57188
-5.53891
11.1335
-3.95771
-4.75572
5.94588
-8.43565
-4.13004
6.31193
-27.6799
-6.34314
11.3365
-17.2101
-7.98876
12.2085
0.402317
-3.017
16.6171
11.0801
-2.59324
10.833
18.3441
-4.09764
4.1634
19.3409
-1.5984
3.13967
21.8053
-7.75778
-7.04174
25.7395
-2.76304
-6.8254
7.45098
-5.22598
-8.93479
-2.46077
-3.28841
-0.931222
-10.6576
-5.41163
-1.61192
-6.42673
-3.2587
-0.978904
-3.59489
-4.67978
3.11823
4.40926
-11.915
8.68317
11.8333
-19.3244
5.22555
6.9453
-15.0872
7.68811
8.22202
-11.1817
12.3928
9.22314
-10.9872
13.5596
-4.28547
-15.778
7.75261
-6.76098
-17.1578
3.74943
-1.92387
-19.8876
3.94749
2.07512
-14.7314
2.79825
-2.15564
-9.3503
3.68538
0.0318015
0.706615
15.6718
-7.46789
0.657417
-9.99935
7.28796
-8.34247
1.56095
14.7383
-3.6498
8.38819
-5.81802
11.6893
-0.483612
6.25708
13.1506
-6.06487
10.2966
9.36894
11.2406
-1.00036
4.25538
-2.38806
1.24317
-3.13197
27.6316
5.11222
-4.67443
6.81692
4.76987
-5.75508
-1.64489
-2.74057
-6.32006
19.8471
2.58229
-4.91958
25.0734
6.21052
2.02021
15.9503
3.70261
6.11515
4.64616
-3.60736
8.26626
8.6198
-6.47532
10.7542
9.04088
-24.0383
14.1547
13.6538
-22.3455
16.1221
9.4393
-5.43024
9.48848
15.43
5.30321
11.0794
20.3761
8.9147
4.25252
8.76427
11.4294
-2.34233
0.447908
24.4357
1.19925
-5.85246
25.7104
6.22389
-8.64351
21.0162
7.66128
-12.5687
11.5935
5.69692
-12.1964
-1.87693
7.91309
-3.30081
-7.62509
7.51166
-4.44204
-5.42769
7.58113
-4.97903
4.71641
6.05795
2.17379
13.5801
2.79626
1.77323
13.8664
9.93054
6.61334
5.87098
2.17008
12.7442
6.95855
5.07241
10.1721
-4.82548
7.45412
13.7226
-4.83179
-4.22262
8.32356
-4.14091
-15.1528
8.83213
-10.1568
-17.3654
0.473496
3.16394
-3.75335
-1.23332
13.8476
-0.0410419
15.5082
-2.64563
4.42569
-3.52207
-24.5066
8.37508
22.1858
-7.0765
10.3566
6.52296
5.92568
17.3974
-1.62344
10.0449
16.8342
0.24696
0.518279
17.7409
6.60043
17.0838
9.87558
-0.33297
28.1728
0.63538
28.6135
12.7432
-7.75024
6.42985
4.68713
-8.01493
9.7683
1.24554
-4.07425
18.0036
-0.945271
2.69372
24.1085
0.823403
11.6036
8.6053
0.304083
13.6057
4.5963
0.94974
15.7978
8.45916
-8.39055
15.8156
17.8625
-8.30513
14.5645
13.5832
-8.24411
6.63207
18.5689
-4.36365
7.77334
13.6684
-10.5902
-0.714705
9.95137
-23.4646
4.89191
10.7646
-22.0279
2.86742
2.38196
-6.33478
0.952681
-6.42275
-5.3662
7.522
-8.40446
1.0647
11.7729
-9.13506
20.8469
12.2375
-11.8038
19.5523
3.01847
-14.4031
4.04646
-5.83509
-4.29643
0.215491
-3.14981
-3.74306
5.06068
-2.72015
2.36301
9.46894
-6.7059
6.95698
12.8304
-9.05779
2.48331
7.67008
8.66925
6.35514
11.3796
7.41441
12.6984
5.27923
0.216645
16.0303
8.79902
-4.02837
10.445
3.02179
-5.62028
6.72626
6.16604
-8.69876
-2.21099
-1.55433
1.2855
3.78288
-5.86096
9.41261
21.0326
7.55917
14.0413
9.06022
0.338976
14.3034
22.4398
-2.06171
11.9795
-1.85491
-3.92698
21.6534
7.24926
17.1636
19.7133
14.2379
9.5925
22.3427
-8.86373
3.59304
15.9845
10.6697
-15.449
0.915902
28.1286
-5.07871
-9.28574
-3.9031
9.52209
-13.6771
10.8265
11.3433
-2.32098
24.0158
9.53656
9.9117
16.7054
0.297195
18.2011
19.3482
-2.31255
16.4273
15.1934
-2.69145
11.1863
17.9873
-3.57489
9.12488
16.4608
1.05194
1.16721
26.6513
-7.32538
-12.72
17.9957
-17.0193
-12.119
15.5625
-31.1064
-8.17815
5.53343
-34.3597
0.18155
2.61636
-28.7818
10.689
1.48653
-22.3392
9.75449
-4.18353
-14.302
-0.237363
-10.0555
-5.73993
-2.77243
-13.4527
-0.301073
4.99733
-13.4045
2.2483
9.22725
-12.9521
-14.3064
0.395815
-12.3733
4.45592
3.89007
-6.825
-5.1256
3.32983
2.02588
-5.32911
1.63218
11.7594
0.0147932
-6.00078
0.0878126
0.0194459
-3.29557
5.61815
7.65473
6.36379
9.64871
7.60579
1.59342
7.72342
7.34713
-3.80215
19.2657
-0.721843
-4.50758
8.71113
-0.664022
-3.07174
2.71986
7.78761
3.71449
10.8895
-6.28742
9.46169
20.4806
-15.3878
15.8211
3.1022
-22.7902
17.7831
14.7009
-24.2226
12.9634
6.19737
-3.90344
19.7947
-0.0434978
3.08443
20.206
15.5215
32.6934
21.0248
-10.5561
36.3159
10.1549
32.2663
38.8937
3.16321
19.3104
11.9158
-5.01655
7.9258
-1.89449
-11.6935
24.6922
-0.312047
0.948296
31.681
11.8855
18.3296
23.2885
15.2831
22.625
17.8121
10.1177
13.8208
15.0247
0.170824
-2.28552
21.3963
2.01955
-11.9383
26.82
-3.02717
-15.6297
26.2627
-1.81793
-19.9117
18.052
-10.9476
-17.5176
9.71041
-12.2703
-0.241497
-0.928091
-20.0998
9.70723
4.21609
-14.5247
3.21036
-7.29303
-22.259
-3.19285
-6.66768
-24.7974
2.38544
-7.9777
-32.143
13.4762
-13.4609
-9.39106
6.21089
-8.64097
6.57171
10.2579
-15.7889
0.314854
3.87685
-14.5454
-1.12998
-3.26244
-9.83949
15.6396
5.77248
2.59985
8.75022
-4.6668
13.1783
9.03029
-1.91583
-3.80077
5.22096
-11.3885
4.994
-1.94657
-0.0361221
-3.02021
-1.21226
8.36755
25.0519
-7.86028
1.52245
18.0613
-6.24431
-3.05045
18.7585
-13.79
-1.18654
7.17713
-12.9229
3.28253
8.13321
-15.4641
10.5392
22.0716
-15.564
15.4926
10.9023
-19.7649
13.14
-6.7593
-11.8179
15.5566
6.98207
-24.8994
20.8559
5.49021
37.299
16.5869
21.3427
2.89329
15.5895
-11.3816
-1.87449
-0.0684961
38.275
-2.24722
-4.95378
-1.84952
19.8405
-2.31878
3.80038
23.4412
0.829289
24.178
27.1283
12.6664
30.9808
10.6721
24.1852
21.4581
5.90237
10.7833
15.3086
14.2228
-2.8278
16.8521
13.741
-12.0267
30.8844
6.96997
-23.3572
25.4632
10.4156
-18.8102
16.3877
13.063
-3.50201
7.1618
-1.27377
3.15584
12.4078
1.97169
4.48663
7.93531
5.25045
7.155
0.699214
3.26682
-1.58603
1.60633
-21.2464
-5.89628
-2.83194
-29.0068
11.1242
-9.0575
-35.2256
2.69816
-17.9195
-16.7219
-10.1963
-30.2177
10.8571
-5.69986
-22.1604
30.9682
9.05914
-12.0448
34.7434
6.15083
-7.16193
28.7746
-2.66189
-1.04993
36.1553
-9.46983
5.96601
38.2658
-1.87794
12.136
37.2398
-11.5127
2.59941
20.3237
-4.60099
9.34754
9.46902
6.10508
13.8236
7.50737
7.62685
19.7621
3.47316
-2.73184
20.7872
-3.38981
-4.60418
0.397473
-0.1311
3.78823
0.156496
-1.48809
8.6472
18.56
-3.68734
10.928
23.1805
0.358145
10.786
1.61752
-0.452649
13.4296
8.32275
-18.8881
22.2484
8.95906
2.84818
12.348
31.8907
26.3541
14.7814
-8.56247
27.5555
7.06205
23.6991
19.0538
-2.59346
6.45554
14.9106
0.722043
18.2172
15.722
16.4297
31.0344
3.64
24.1605
18.8856
13.5686
19.1476
1.10136
13.3948
-2.95844
17.1206
10.0638
-7.12899
29.0411
14.0572
-16.0793
24.2201
16.9243
-13.7622
19.7426
18.0334
-14.1988
20.3337
14.1073
0.969199
17.3086
1.32761
6.1989
15.5814
7.36695
-6.67925
21.3544
-8.66994
-18.3354
12.2738
-5.32093
-12.0714
-0.284177
-6.61257
-4.05148
-3.53589
0.843185
-17.6092
-16.8126
-12.6291
11.3058
-3.23574
-18.4693
10.7465
-31.2767
-24.4203
-16.5664
-30.2309
1.08381
-14.227
-26.126
23.7369
-13.8187
-3.40598
17.5601
-2.19979
9.24813
1.98715
-4.65197
11.0972
-1.73677
-2.37737
16.3573
-15.7389
-9.8534
15.3761
-8.24822
-7.93014
17.8541
-1.7238
0.735271
8.91268
-10.6202
6.36098
25.4446
-5.37729
8.66996
28.2015
-4.87262
0.551583
17.5182
-9.18866
5.74858
0.745287
-8.85734
6.08126
15.2067
-10.0296
11.2095
25.6049
-21.1206
5.31098
7.10276
-28.3761
9.41849
-8.95506
-2.93136
18.4853
20.5288
35.62
8.53194
15.4632
26.0328
-0.390392
12.1341
30.1359
2.72252
23.2277
24.7989
14.2874
21.0358
25.9951
22.3193
34.3024
24.8257
32.8797
28.7452
30.0568
28.152
27.0284
14.0672
5.72375
28.9774
21.7761
-6.58884
28.1497
21.3865
-12.8328
17.0905
4.45641
1.79893
27.9609
3.3305
0.0235914
28.298
5.97117
7.50654
31.7845
10.4175
13.0997
28.1296
8.04375
-0.9091
26.1837
3.10706
-19.2423
32.3352
3.15182
-26.4243
22.7414
0.643084
-36.077
11.6147
-12.6972
-33.3734
-22.546
-39.8881
-2.99765
-38.2372
-16.0328
-46.3896
-15.2672
-85.0586
52.9315
1.31807
-58.7633
-19.5308
-54.5386
94.7942
-44.3954
-10.2711
32.0987
-31.051
0.718231
17.0587
-13.3707
8.76054
-1.81311
-2.41938
14.268
3.85866
10.8743
32.4343
2.42449
-0.393858
30.2103
-1.82024
0.76209
26.8243
-14.4795
-3.50965
22.5408
-9.75025
12.1913
10.7953
-7.02413
16.0516
28.5038
-17.3691
8.19762
28.4402
-22.6806
13.996
11.8428
-24.2865
9.67991
11.7187
-26.7914
6.96111
16.3141
-22.7019
11.6609
7.81633
-31.6101
11.128
-5.62382
-14.8206
12.8846
4.98185
15.3201
20.9155
5.9083
29.1259
25.8496
29.6414
24.2789
30.3014
8.48938
35.8141
27.9094
30.562
23.322
33.5197
21.3333
13.9504
31.4624
19.171
14.3304
17.4583
28.191
29.2367
11.6758
18.9058
20.5312
4.75145
23.1633
23.6153
8.48867
29.863
28.586
3.00318
44.0972
27.6725
15.7314
23.8486
21.6535
15.4005
25.0452
14.6007
17.6428
27.0334
17.3007
-1.9942
31.7522
16.6443
-9.48132
27.296
19.102
-17.0894
22.1457
10.6311
-7.75106
31.5155
0.611914
-7.83977
53.5081
13.432
1.98114
79.3833
90.0618
-89.8027
-4.99446
94.9453
-136.698
-8.28493
-91.1538
-84.7488
60.7861
-89.8767
46.5361
44.5007
-33.9389
60.8003
34.648
-3.6149
36.9183
1.91808
-13.9327
25.3583
7.36161
2.18891
20.8309
22.7453
-3.65074
21.3428
18.084
-9.36785
19.0642
30.9521
-9.76285
12.8691
29.548
-14.0494
21.5325
24.78
-25.0186
26.7379
20.6067
-26.9164
21.2126
30.8126
-16.3645
16.9104
26.7389
-13.9147
22.3591
2.16354
-25.191
21.2802
18.0276
-29.4025
11.8335
10.8649
-32.8195
18.7155
12.5232
-39.257
31.529
7.0158
27.7789
11.0739
8.14022
26.8608
22.0881
20.0267
45.3945
28.2097
15.7676
29.748
27.4272
22.1234
35.1743
28.2524
9.10904
25.587
33.3023
26.8419
36.0341
21.6563
38.7084
29.7372
21.322
22.3588
31.3522
17.5198
38.5108
34.046
27.4988
26.5776
34.7385
25.386
28.9394
38.1477
30.3551
24.8632
36.942
40.1412
33.9412
46.2954
47.9461
41.7352
47.9651
42.4403
34.1194
43.2322
28.8275
32.7974
32.7839
21.8183
34.0894
32.1061
9.65785
21.2752
34.018
120.273
67.4813
65.6185
-111.006
-47.2692
16.3418
-307.704
-130.199
-3.69222
-380.927
-109.377
83.3714
-259.213
-78.5731
74.9789
27.453
94.0771
-21.9521
-24.2574
25.6138
-66.4581
28.3727
-2.65357
17.3848
41.7183
39.4738
13.444
3.22007
19.7416
0.827617
27.3581
24.3393
-24.3914
27.985
45.4045
-23.0152
23.5035
33.5151
-26.0552
28.9394
24.7669
-25.3227
35.0887
22.6193
-24.505
35.7056
30.3204
-35.9958
32.3093
38.6013
-36.182
32.4607
14.5912
-31.195
33.7618
20.14
-35.0898
32.4971
17.516
-29.545
27.5877
15.5577
-18.3323
26.7082
19.7717
14.8758
21.0649
18.8437
29.9489
25.2726
17.7363
13.9407
42.2955
24.9329
38.9695
42.8395
17.2891
31.4191
37.8444
19.6891
26.2173
38.2685
20.0437
34.2288
27.9456
15.2338
25.6467
15.473
26.4364
25.0557
15.6125
7.68881
26.6776
33.1696
9.65578
29.9226
51.4744
30.1044
27.3944
57.4708
34.3481
26.7963
50.73
28.9009
22.7532
48.479
23.2303
17.8013
50.4838
28.0579
22.8657
49.3066
31.0641
20.739
53.6482
49.5037
25.2815
40.589
33.1665
17.321
57.2233
57.7647
-8.20149
-184.621
-38.59
19.8082
-279.603
-89.8783
43.3186
-308.827
-102.445
28.4453
-308.648
-100.609
87.3901
-125.944
4.48837
127.535
0.291805
92.031
-2.21658
94.745
211.421
-40.929
47.5194
162.352
55.5087
84.2606
58.3952
-7.82038
55.5969
18.4917
16.4158
2.48953
18.0334
-6.85836
38.5091
38.3497
-17.4597
48.9957
38.8742
-23.4796
41.3646
34.9393
-24.2657
37.7727
29.3913
-36.2
41.917
14.3916
-34.4466
44.4666
24.8226
-35.9847
35.3695
17.5256
-40.3394
37.4711
33.8013
-35.644
38.1042
30.4348
-37.216
43.3654
-3.24267
23.9798
31.0272
31.5005
42.8213
14.8056
11.2977
24.391
17.9393
12.7299
44.1029
23.747
14.0127
23.9056
39.849
12.5435
40.0397
39.1748
15.2235
28.2206
36.04
12.7878
35.4853
30.4916
8.94378
32.262
31.1652
16.015
32.3981
34.4031
20.2631
32.5155
45.1467
24.7241
25.7553
52.6772
29.7983
22.7968
49.1775
19.7798
24.9891
64.2872
34.8305
21.702
64.6405
39.4772
11.8795
51.3931
49.8778
1.34206
42.1847
49.5581
-26.9773
22.9698
59.613
24.4624
23.1397
58.5807
21.8843
-154.115
-22.0533
14.4957
-217.158
-42.1313
29.8909
-243.423
-54.9674
58.19
-259.086
-61.6479
31.499
-223.99
-99.2579
25.1533
-216.001
-61.8226
122.289
-239.21
-104.109
115.866
-96.1892
-75.0032
-57.1699
122.404
155.45
-144.035
87.324
135.966
17.3284
54.8838
51.7827
1.5182
39.3296
71.0045
-73.4059
56.5662
51.3827
-65.8243
67.1355
36.5341
-35.7826
60.6838
31.1565
-27.0132
55.818
19.1168
-35.3622
48.6611
20.2207
-29.926
49.2371
16.9449
-36.5307
50.6082
13.6473
-34.938
51.5196
39.3192
-33.1142
54.5207
35.4449
39.2273
60.0698
9.16157
30.5789
45.3544
8.7354
26.4661
46.0104
6.90312
24.8926
49.7515
16.3697
26.8831
44.4781
14.0816
32.9604
44.0465
20.333
26.617
40.6802
16.8158
28.1109
40.1734
19.6648
24.085
48.7269
17.2922
18.5174
62.6609
13.5973
21.5155
65.6807
21.1009
23.953
59.0167
25.4044
17.7743
53.9787
21.6038
14.5542
56.0969
19.3858
16.8731
62.7335
35.9183
15.4408
57.0134
53.1534
21.1767
51.2458
63.1076
14.7743
44.3939
49.8236
-15.8465
28.9623
71.2134
13.7382
-124.646
-10.1594
40.1416
-174.246
-29.6712
39.6902
-199.489
-42.8684
25.3087
-221.809
-53.0976
52.347
-227.871
-99.4457
56.25
-243.567
-114.824
-27.6946
-290.761
-152.989
-14.9589
-302.156
-147.725
113.972
-163.769
-108.789
105.364
-95.0313
-109.761
-75.6608
50.9475
24.3644
-96.6439
73.2456
-1.49753
-19.7788
60.6119
23.0783
-18.1146
60.1395
39.1843
-26.002
59.5357
21.4402
-35.8357
52.4771
18.767
-27.9326
50.3526
7.68977
-26.7697
52.6236
20.9481
-34.7322
53.4549
18.1859
-31.2612
46.4401
15.87
-34.1757
32.3991
15.9195
24.02
46.6902
19.7363
23.2142
30.8725
19.3673
33.8297
38.834
18.0401
22.0059
46.8345
14.0069
28.3786
50.8644
21.4063
13.1312
49.3556
11.6898
27.7776
56.7206
12.1978
24.1526
54.2523
11.7683
21.4711
57.328
21.3482
19.8653
51.5012
16.5066
22.6484
49.4785
15.4437
19.1328
47.3131
16.4383
15.0346
59.9245
23.9451
12.3474
57.8695
20.2007
21.3608
50.3252
25.8318
14.496
48.7457
31.5364
21.8407
68.8505
53.0422
34.9195
7.29622
20.0711
70.2083
-63.9571
-24.6034
24.9063
-174.473
-80.0178
-13.2355
-187.686
-97.7094
-12.6192
-190.665
-103.28
7.47732
-190.132
-125.746
5.81742
-212.887
-92.269
5.10023
-224.759
-102.937
55.738
-228.979
-138.259
43.0824
-238.304
-134.793
-45.124
-247.242
-160.59
-29.825
-259.339
-173.263
94.6667
-23.4554
-71.9891
68.21
69.852
-3.91504
-27.4395
91.5911
-11.2871
-58.0205
90.2117
6.24637
-69.5931
57.6627
-1.37172
-52.5797
51.0783
12.6735
-30.4538
59.0858
11.3342
-31.6913
63.5114
19.4087
-21.2874
51.7267
11.5383
-20.8424
52.3891
23.2688
-21.241
45.7137
23.3403
14.8357
45.991
4.33195
28.4469
53.4488
8.8242
28.8389
49.179
15.856
24.4291
42.2267
9.59193
15.2582
49.8455
6.42095
24.0155
53.1866
18.9455
24.1421
41.7105
15.4253
17.7464
39.5794
15.6227
23.2017
51.5329
15.738
24.6775
60.034
22.1677
11.6404
57.7595
10.5963
18.7375
50.3453
7.04727
14.7794
65.5365
13.8209
14.3422
54.7741
8.82378
21.5245
67.5348
14.8879
44.9544
76.425
40.0486
36.7139
19.2498
-6.17281
12.8855
-99.5304
-48.3103
-29.4742
-177.886
-115.767
-19.611
-195.885
-109.663
2.76486
-190.984
-125.814
-5.58461
-182.324
-127.516
-24.3054
-187.078
-113.166
-27.5125
-189.546
-148.563
-18.0979
-194.76
-162.815
-21.1492
-223.964
-133.566
9.4169
-246.305
-143.906
70.6682
-232.798
-167.2
58.3892
-261.707
-168.855
-41.6306
-128.844
-103.339
-37.3495
-0.120535
-22.8097
12.7466
48.1305
8.84439
24.6485
85.2923
37.0046
-9.8275
91.7227
14.9807
-26.8386
48.0284
1.53993
-5.71935
49.0799
7.08632
-9.13027
47.5828
3.18657
-14.9579
34.9802
5.85078
-13.0049
39.1017
12.7973
-20.6897
28.2257
-1.59723
14.9073
20.0823
13.9111
19.8958
23.8543
9.42836
2.50906
47.1843
10.3581
16.8202
34.232
5.15291
20.3697
46.0239
2.64163
2.95782
41.8969
0.682215
17.2757
42.3049
0.594785
13.4527
43.2633
6.4616
24.5593
37.1176
14.8353
5.28567
44.4369
14.6702
19.7754
43.348
31.8534
24.8931
96.0208
66.0572
-8.15336
122.3
87.6651
9.40836
94.894
63.2537
10.0386
69.8108
8.9861
25.4865
21.3853
-34.2944
-18.0439
-63.7323
-67.081
-39.6161
-110.804
-99.9484
-13.7761
-140.153
-117.979
-15.974
-148.584
-118.622
-28.1681
-155.957
-114.524
-20.625
-157.883
-110.845
-14.8647
-147.278
-126.338
-10.5747
-151.456
-124.974
-15.1874
-152.826
-129.208
-12.7574
-148.586
-136.311
-28.4257
-169.981
-144.956
-49.8004
-198.425
-110.425
-33.9832
-194.416
-124.724
48.4976
-183.792
-148.641
57.3197
-119.643
-122.469
-7.85853
-83.649
-91.4244
-34.1009
17.0317
-71.8767
-7.32391
110.724
21.2339
7.48674
49.2163
7.28325
9.40071
47.6216
9.99991
12.5851
42.146
2.48274
9.80106
38.7991
15.0408
-2.3959
38.7826
27.4179
-0.706193
13.2775
10.4522
13.469
13.7088
0.230443
7.13272
21.9369
13.3357
-1.26345
31.6312
9.47424
10.4177
35.8658
10.5478
-2.59257
29.1624
-13.8092
10.5436
37.2262
-19.3454
-0.446617
32.9466
-27.7229
10.8951
46.3711
-21.8358
39.8335
65.5748
-4.98723
50.5217
42.2454
-39.9388
19.2231
16.661
-82.4786
22.3275
7.72624
-92.1486
28.1338
-19.4487
-127.182
-2.63578
-31.6209
-126.744
-23.1655
-44.2526
-108.891
-41.1149
-60.9638
-114.565
-28.0966
-78.1813
-130.173
-16.633
-90.44
-127.696
-30.8837
-109.423
-104.559
-24.8347
-110.047
-114.378
-17.9818
-111.045
-127.09
-13.7797
-114.31
-112.179
-10.0958
-111.128
-104.465
-5.84002
-111.911
-86.1155
-5.24539
-120.311
-81.095
-17.8843
-121.118
-79.0295
-22.2262
-119.38
-83.2406
-12.4078
-101.351
-111.277
-7.10786
-104.989
-94.9948
-44.9764
-122.511
-69.7527
-30.0089
-133.623
-61.1553
34.1014
-47.9643
-10.6947
52.0276
29.3195
29.8588
24.7551
86.4412
43.8999
-5.32474
46.1223
23.7315
-3.37937
20.6555
-0.980617
7.55368
35.3324
25.7701
2.71701
42.3103
19.8834
1.82948
32.483
12.8201
-3.34135
22.3209
14.5383
13.6426
22.4841
19.3587
12.0918
33.2457
8.22393
7.89683
28.336
7.12934
8.09459
21.4128
0.758153
-0.0243477
19.9559
-4.91514
-3.33286
25.2262
-11.431
-20.6505
6.79448
-24.1221
-35.1
50.3653
-27.4193
-40.6249
70.2986
-72.009
-39.2765
75.5722
-77.4919
4.72626
47.9788
-43.8015
3.51353
16.8085
-49.9418
-13.283
-12.9702
-59.0705
7.43641
-31.6134
-58.3003
7.19669
-33.2481
-78.9106
15.2477
-41.6561
-81.3788
2.04231
-51.5447
-73.6318
-11.4053
-60.8118
-76.2437
-5.69388
-67.7624
-89.2056
-14.7113
-83.0132
-82.8514
-15.3272
-94.704
-76.8684
-29.1824
-95.0156
-94.4917
-35.7298
-97.878
-90.1067
-35.7191
-99.1524
-83.7069
-29.2175
-94.8189
-86.8517
-2.08873
-94.7856
-75.0301
15.0963
-91.0949
-63.2234
19.8941
-95.5866
-46.1229
7.14976
-89.1313
-45.1814
22.4336
-66.2594
-44.8162
-1.91742
-35.5355
-21.7835
-40.0403
-0.959265
-32.5384
-29.2835
21.6383
7.53595
11.4506
67.6613
30.1159
44.4083
52.691
40.4044
36.8841
40.0116
19.235
15.0968
23.4078
24.9869
9.42162
36.5084
31.0645
-2.55363
37.9964
12.0285
4.14001
41.2668
28.4334
3.05544
52.9407
13.1477
-1.5633
56.4627
12.3671
3.50299
57.1646
10.4773
-3.65922
54.2498
23.2636
-6.94161
52.7672
22.9749
-12.2239
64.4064
25.8341
-20.2065
61.9621
43.8849
-28.447
62.4843
71.7831
-42.0785
53.6276
93.9513
-44.8069
25.0734
102.781
76.8335
80.6492
91.5823
18.369
69.7846
64.4157
-59.5038
66.8204
41.6759
-67.8937
51.4862
-1.39964
-32.7846
-3.42325
-13.7562
-35.271
-26.5481
-24.2843
-24.1376
-20.6393
-26.583
-9.94195
-27.9808
-38.6435
-12.5193
-31.5694
-42.761
-2.88361
-25.4696
-37.3041
1.85498
-43.111
-44.0316
22.7743
-52.2205
-43.3391
28.8194
-85.1295
-57.4149
24.9399
-97.7222
-64.1557
11.7542
-96.1624
-56.8135
-14.7004
-85.6705
-53.4992
-36.4786
-60.1661
-41.0815
-39.2637
-42.0816
-40.0294
-21.3472
-48.0917
-34.7867
-18.3379
-41.5745
-30.1314
1.88716
9.80896
-5.24033
46.7383
37.1596
20.052
40.9252
56.9624
34.5925
17.4061
55.3387
33.3389
-7.06315
42.3892
28.5264
9.79124
50.4895
32.3888
25.728
9.91917
18.6478
5.79775
-15.4776
2.02671
-27.5276
-16.0929
2.22937
-23.5626
17.6835
16.5169
-5.80618
26.3087
6.46529
-12.5818
25.9235
10.3295
-14.9005
28.4936
15.8144
-19.4262
23.369
15.8224
-14.6976
21.4964
14.8985
-12.3414
15.0215
9.03206
-15.4638
14.1852
10.0461
-12.1854
11.2901
10.3363
1.15066
16.633
0.301124
8.08235
1.11168
-3.45917
18.2372
20.2232
1.57224
-48.9454
5.19291
1.99483
-75.507
3.65238
31.8464
-88.2423
10.2364
43.3931
-0.19018
29.4703
48.4876
4.58274
37.3129
68.6222
21.5158
17.769
86.9634
10.2175
8.69631
102.97
20.599
-1.16397
107.758
18.3884
-0.364504
112.994
-35.3864
28.2246
118.963
-35.101
15.3788
95.5191
-49.6352
6.25292
72.1706
-30.603
-4.92713
53.2973
-16.9467
-3.10943
42.3182
9.48224
6.37297
44.2354
41.4811
14.04
51.0406
45.2606
19.9887
57.1013
30.4468
29.3494
62.7835
33.9787
31.6927
47.2752
4.23848
40.9955
40.7082
-12.7821
43.1488
49.0971
-6.79912
48.4029
38.6419
8.35612
43.1629
34.9345
23.888
53.1194
26.2596
22.4388
47.0718
19.0536
22.0245
37.1373
-2.73241
-3.82238
20.4697
-9.4768
-24.061
17.3564
-1.56316
-15.6896
3.08761
8.62753
-6.88815
-1.84756
-4.20281
-11.2967
-1.23825
1.37636
-17.376
1.67231
7.49575
-14.5606
6.26168
16.8835
-1.12114
8.30623
9.27825
-3.28667
6.84183
9.64365
-7.74071
2.31123
-2.80378
6.6214
-4.72339
-9.1495
-2.80519
-1.38884
6.55658
0.818791
12.9822
15.156
-0.0721127
9.89702
13.3017
10.4968
-6.64851
8.19866
-1.02025
-15.0393
4.21334
2.26204
-16.2171
-0.158079
0.360157
-14.6795
5.51537
32.2883
-16.7029
3.88789
56.4181
7.62616
-7.58625
43.4313
-5.37716
-18.9727
52.9298
0.0689572
-29.3777
39.5906
7.89444
-33.7033
0.234915
12.0651
-20.717
-22.7789
18.188
-10.676
-30.8167
-9.02603
-20.9884
-3.73528
-36.1313
-31.3142
-30.4007
-43.5912
-24.3479
-42.3936
-29.7402
-17.1675
-27.4457
3.19108
5.87975
-38.395
20.4492
18.0503
-33.5533
16.2505
21.8882
-35.7276
7.9158
19.6584
-27.9644
-14.7663
-0.0673378
-19.3801
-20.4189
-5.86709
-2.27763
-24.6846
-12.5637
-18.623
-18.4902
-8.7626
-17.8045
-9.18422
1.50625
-11.3004
-13.0142
6.64181
-9.4773
-7.97843
-3.70813
-1.79542
-3.74374
9.31032
-2.90165
-6.33084
0.579981
8.54132
-5.64346
5.29206
-6.69342
-11.5127
-0.225944
-1.04039
-9.70726
5.8376
-12.2194
-9.92404
1.49571
-11.7538
-12.2466
-11.1354
-2.73942
-2.15934
-12.1182
-7.11971
2.73025
-5.08501
-3.79829
-7.09828
0.000988454
-1.45596
-8.49178
7.30415
5.19738
-10.2815
1.53395
2.68488
-0.0838482
3.53207
-8.71662
-5.30521
-7.5494
-8.33255
-6.34131
-10.6907
9.64366
-0.128299
-13.7026
-0.967732
-11.4546
-3.9262
24.0711
-4.50355
-6.95333
15.4746
-17.1374
-5.13864
0.349023
-6.06695
-1.57839
-3.53544
-2.99327
-8.4744
3.55349
-8.33923
-4.81576
19.7562
-8.67259
-5.47407
13.9332
-16.31
-10.0405
20.0631
-4.47585
-9.08478
-5.07931
-3.21304
-5.63887
-16.0023
5.46826
0.774816
-1.02444
14.2829
0.290473
17.5094
3.20762
-8.98925
21.4429
-2.09923
-14.2875
21.1483
-6.45223
-26.5946
7.95775
-21.1996
-25.8087
7.54789
-8.07671
-16.4362
-23.0195
-21.6366
-8.00409
-29.7721
-2.8587
-6.4269
-15.5451
-15.2191
-19.1133
1.50247
-6.0542
-16.7659
-1.82739
-0.988509
-12.5137
-5.20078
-3.80282
6.36135
-8.25763
-4.24238
-4.13706
-12.2308
-7.285
-9.92432
-15.574
-13.2787
2.3082
4.82399
9.23591
-7.60297
0.749678
19.7878
2.96262
-6.31795
17.4783
9.24195
-7.8982
3.8212
6.46899
-6.38922
-9.56099
1.01669
-5.18471
-17.36
-4.46632
-5.9433
-14.6641
-1.31655
-4.58827
-5.81083
-1.84467
-8.21577
3.0814
-5.7657
-5.37524
3.36058
-13.3063
2.38389
3.09099
-19.5687
14.8747
0.775434
-14.5324
11.9156
7.70709
0.651446
-1.40282
-2.82839
5.68913
0.250973
-10.0206
12.4121
4.30555
-11.9937
15.7605
2.67417
-20.3338
15.7503
-6.33206
-14.9465
19.1154
21.4168
-10.9191
14.6964
-1.21781
-12.5525
15.0218
18.4446
-8.05549
18.3694
-3.7306
-10.0112
16.5649
-9.9114
-8.89215
14.3581
7.01521
-7.98469
13.109
-8.929
-0.927834
13.3509
6.98127
1.89024
15.5184
1.20636
0.142905
9.33274
-19.8446
4.89441
-2.20159
-11.3467
-5.15554
-10.9119
-3.61212
-4.90248
-16.9344
-9.6774
-11.0486
-22.1769
0.913864
-3.27653
-10.5873
10.8313
2.23414
-12.8736
18.6654
2.19551
3.13266
9.6427
-9.15683
3.54176
6.00978
-12.944
3.48842
7.18288
1.09494
8.72347
2.48988
7.86321
8.57121
9.82004
9.72882
0.975789
5.89177
6.5079
-6.73286
0.140101
