9.38767
12.4886
1.50624
-0.157588
3.4613
2.7806
3.03622
7.67694
-5.86642
4.00189
1.96271
7.62058
-0.686816
20.7125
7.89965
7.16053
15.1201
4.27159
13.8711
0.692835
-2.00893
13.8036
11.7014
-2.36238
5.34136
10.5166
-2.41389
2.88596
21.7751
-6.6916
1.7916
26.8403
-15.2857
1.74134
14.6845
-1.72519
-6.09664
7.83695
4.94641
-13.3777
10.3426
5.3471
-7.82586
2.89389
11.6444
-15.0592
1.27094
10.7877
-8.19007
3.20786
3.02734
-1.32466
-2.99839
12.0291
-0.390845
-5.64801
-8.05118
2.00702
1.64427
-18.6698
-2.06354
2.7235
-13.6514
-11.315
5.32283
0.775653
-17.1692
5.86033
9.64154
-13.6385
0.744178
17.5293
-6.0466
4.01317
15.6506
-2.18198
8.00282
14.1182
4.50149
12.0034
-14.3014
7.3807
1.99168
-3.70416
11.9767
1.83982
-4.22314
8.75544
6.18186
3.56346
0.722148
0.697172
5.74036
-3.06038
3.99271
9.47616
-17.593
-0.633236
3.82869
-1.69441
8.5192
-5.03629
14.6702
8.96226
-7.50077
-14.0327
5.93483
-8.79916
-5.94722
13.4264
-2.87785
11.6178
-7.33746
5.86667
0.892333
-6.19138
-9.40724
4.83854
-3.3918
2.14682
4.32354
1.43128
-0.523509
0.509171
5.18233
6.56905
-3.24168
18.599
4.54125
-1.28989
-5.73287
-1.38821
4.58212
23.1437
5.77397
10.0187
16.1946
3.51174
14.4771
1.02672
-1.26278
11.4102
11.1536
-0.95372
6.96978
14.3229
7.66013
4.79757
23.1423
2.72379
5.30091
17.8501
2.47135
10.8415
12.5813
-9.39888
10.2742
8.62275
-23.6285
16.5558
6.78934
-16.4904
23.3567
4.99709
1.9065
28.8143
5.76539
19.0521
25.0004
1.3151
19.793
15.0687
-2.70836
23.2981
6.87353
-2.98057
23.4276
12.9422
-1.71577
12.9332
19.5976
-11.4778
8.82748
24.9661
-7.25632
-13.2459
29.9427
2.81055
-21.0645
30.3431
4.53809
-8.6385
34.9501
4.63419
-5.84736
25.055
5.74703
2.72184
24.2428
7.67273
15.2276
18.6646
-1.13065
-0.949631
15.8223
6.78418
15.5532
6.4438
8.74806
5.37095
6.94173
6.1353
-1.76199
4.89289
1.71742
-9.65184
5.41521
2.0998
-3.21535
-2.4671
11.608
4.79098
-10.3971
6.38293
12.331
-16.5098
11.8633
4.15158
-12.217
15.1131
2.10597
-8.08526
-7.89053
-4.68946
-9.20578
-19.528
-2.75433
0.463508
-1.1478
7.06904
15.4696
5.68688
4.51117
13.4441
1.99312
6.06649
7.00309
15.5907
4.47734
4.49606
-0.964785
3.22115
5.59966
29.1433
4.51385
5.70842
13.6213
2.63347
5.02104
3.04658
-1.15925
0.371742
13.8563
-9.03142
3.39203
30.2515
5.49973
0.243528
23.6098
8.0657
-5.90015
11.8596
-4.21582
-5.06588
6.33366
-8.9858
-4.39939
6.72358
-29.4851
-6.75682
12.0759
-18.3326
-8.50977
13.0047
0.428555
-3.21376
17.7008
11.8028
-2.76236
11.5395
19.5405
-4.36488
4.43492
20.6023
-1.70264
3.34443
23.2273
-8.26372
-7.50098
27.4182
-2.94324
-7.27054
7.93692
-5.5668
-9.5175
-2.62126
-3.50287
-0.991954
-11.3527
-5.76457
-1.71704
-6.84586
-3.47122
-1.04275
-3.82934
-4.98498
3.32159
4.69682
-12.692
9.24946
12.605
-20.5847
5.56634
7.39826
-16.0712
8.18951
8.75824
-11.9109
13.201
9.82465
-11.7038
14.444
-4.56495
-16.807
8.25821
-7.20191
-18.2768
3.99395
-2.04934
-21.1846
4.20493
2.21045
-15.6922
2.98074
-2.29623
-9.9601
3.92574
0.0338756
0.752698
16.6939
-7.95493
0.700292
-10.6515
7.76326
-8.88655
1.66275
15.6995
-3.88784
8.93525
-6.19745
12.4516
-0.515152
6.66515
14.0083
-6.46041
10.9681
9.97996
11.9737
-1.0656
4.5329
-2.5438
1.32425
-3.33623
29.4336
5.44563
-4.97929
7.2615
5.08094
-6.13041
-1.75216
-2.91931
-6.73223
21.1414
2.7507
-5.24042
26.7086
6.61555
2.15196
16.9906
3.94409
6.51397
4.94917
-3.84262
8.80537
9.18196
-6.89763
11.4555
9.63051
-25.606
15.0778
14.5443
-23.8029
17.1736
10.0549
-5.78439
10.1073
16.4363
5.64907
11.802
21.705
9.49609
4.52986
9.33585
12.1748
-2.49509
0.477119
26.0294
1.27746
-6.23415
27.3872
6.62979
-9.20721
22.3868
8.16093
-13.3884
12.3496
6.06846
-12.9918
-1.99933
8.42916
-3.51608
-8.12238
8.00155
-4.73174
-5.78167
8.07555
-5.30375
5.024
6.45303
2.31556
14.4658
2.97862
1.88887
14.7707
10.5782
7.04465
6.25387
2.31161
13.5753
7.41236
5.40322
10.8355
-5.14019
7.94025
14.6176
-5.1469
-4.49801
8.8664
-4.41097
-16.1411
9.40814
-10.8192
-18.4979
0.504376
3.37029
-3.99814
-1.31376
14.7507
-0.0437186
16.5196
-2.81818
4.71433
-3.75177
-26.1049
8.92128
23.6327
-7.53801
11.032
6.94837
6.31213
18.532
-1.72931
10.7
17.9321
0.263066
0.55208
18.8979
7.03089
18.198
10.5196
-0.354685
30.0101
0.676817
30.4796
13.5743
-8.25569
6.84919
4.99282
-8.53765
10.4054
1.32677
-4.33996
19.1778
-1.00692
2.8694
25.6808
0.877104
12.3604
9.16652
0.323914
14.493
4.89606
1.01168
16.8281
9.01085
-8.93776
16.8471
19.0274
-8.84677
15.5144
14.469
-8.78177
7.0646
19.7799
-4.64823
8.2803
14.5598
-11.2809
-0.761317
10.6004
-24.9949
5.21095
11.4666
-23.4645
3.05443
2.53731
-6.74792
1.01481
-6.84163
-5.71617
8.01256
-8.95258
1.13414
12.5407
-9.73083
22.2065
13.0356
-12.5736
20.8274
3.21532
-15.3424
4.31036
-6.21564
-4.57663
0.229545
-3.35523
-3.98718
5.39073
-2.89756
2.51712
10.0865
-7.14324
7.4107
13.6671
-9.64851
2.64526
8.1703
9.23463
6.76961
12.1218
7.89796
13.5265
5.62352
0.230774
17.0758
9.37287
-4.29109
11.1262
3.21886
-5.98682
7.16493
6.56817
-9.26607
-2.35519
-1.6557
1.36934
4.02959
-6.24319
10.0265
22.4043
8.05215
14.9571
9.65111
0.361083
15.2362
23.9032
-2.19617
12.7608
-1.97588
-4.18309
23.0656
7.72203
18.283
20.999
15.1665
10.2181
23.7999
-9.44179
3.82737
17.027
11.3655
-16.4566
0.975634
29.9631
-5.40993
-9.89133
-4.15765
10.1431
-14.5691
11.5326
12.0831
-2.47235
25.5821
10.1585
10.5581
17.7949
0.316578
19.3881
20.61
-2.46337
17.4986
16.1843
-2.86698
11.9159
19.1604
-3.80803
9.71998
17.5343
1.12054
1.24334
28.3895
-7.80313
-13.5496
19.1693
-18.1292
-12.9093
16.5774
-33.135
-8.71151
5.8943
-36.6006
0.19339
2.787
-30.6589
11.3862
1.58348
-23.7961
10.3907
-4.45637
-15.2347
-0.252844
-10.7113
-6.11427
-2.95324
-14.3301
-0.320708
5.32324
-14.2787
2.39493
9.82903
-13.7968
-15.2394
0.421629
-13.1803
4.74652
4.14378
-7.2701
-5.45988
3.547
2.158
-5.67666
1.73863
12.5263
0.015758
-6.39214
0.0935395
0.0207141
-3.5105
5.98456
8.15395
6.77882
10.278
8.10182
1.69734
8.22712
7.8263
-4.05012
20.5222
-0.76892
-4.80156
9.27925
-0.707328
-3.27207
2.89724
8.2955
3.95674
11.5997
-6.69747
10.0788
21.8163
-16.3913
16.8529
3.30452
-24.2765
18.9429
15.6596
-25.8023
13.8089
6.60154
-4.15801
21.0857
-0.0463346
3.28559
21.5238
16.5338
34.8256
22.396
-11.2445
38.6844
10.8172
34.3707
41.4302
3.3695
20.5698
12.6929
-5.34371
8.4427
-2.01804
-12.4561
26.3026
-0.332398
1.01014
33.7472
12.6607
19.525
24.8073
16.2798
24.1006
18.9737
10.7776
14.7222
16.0046
0.181965
-2.43458
22.7917
2.15126
-12.7169
28.5692
-3.22459
-16.649
27.9755
-1.93649
-21.2103
19.2293
-11.6616
-18.66
10.3437
-13.0705
-0.257247
-0.988619
-21.4106
10.3403
4.49105
-15.472
3.41974
-7.76866
-23.7106
-3.40108
-7.10253
-26.4146
2.54101
-8.49799
-34.2393
14.3551
-14.3388
-10.0035
6.61595
-9.20451
7.0003
10.9268
-16.8186
0.335387
4.12969
-15.494
-1.20368
-3.4752
-10.4812
16.6596
6.14894
2.7694
9.32088
-4.97116
14.0378
9.61922
-2.04078
-4.04865
5.56146
-12.1312
5.31969
-2.07352
-0.0384779
-3.21718
-1.29132
8.91326
26.6857
-8.37291
1.62174
19.2392
-6.65154
-3.24939
19.9819
-14.6893
-1.26392
7.64521
-13.7657
3.49661
8.66364
-16.4726
11.2266
23.5111
-16.579
16.5029
11.6133
-21.0539
13.997
-7.20013
-12.5886
16.5712
7.43742
-26.5233
22.216
5.84826
39.7315
17.6686
22.7346
3.08198
16.6062
-12.1239
-1.99674
-0.0729632
40.7712
-2.39378
-5.27685
-1.97014
21.1344
-2.47001
4.04823
24.97
0.883373
25.7548
28.8976
13.4925
33.0013
11.3681
25.7625
22.8576
6.28731
11.4866
16.307
15.1504
-3.01223
17.9511
14.6371
-12.811
32.8986
7.42453
-24.8805
27.1238
11.0949
-20.0369
17.4564
13.9149
-3.7304
7.62887
-1.35684
3.36165
13.217
2.10028
4.77924
8.45283
5.59287
7.62163
0.744815
3.47988
-1.68946
1.71109
-22.632
-6.28082
-3.01663
-30.8985
11.8497
-9.64821
-37.523
2.87413
-19.0881
-17.8125
-10.8612
-32.1884
11.5652
-6.07159
-23.6057
32.9879
9.64996
-12.8304
37.0093
6.55197
-7.62901
30.6512
-2.8355
-1.1184
38.5132
-10.0874
6.3551
40.7614
-2.00041
12.9275
39.6685
-12.2635
2.76894
21.6492
-4.90106
9.95716
10.0866
6.50324
14.7251
7.99698
8.12425
21.051
3.69967
-2.91001
22.1429
-3.61088
-4.90445
0.423395
-0.13965
4.03529
0.166702
-1.58514
9.21114
19.7704
-3.92781
11.6407
24.6923
0.381502
11.4894
1.72301
-0.48217
14.3054
8.86553
-20.1199
23.6994
9.54335
3.03393
13.1533
33.9705
28.0729
15.7454
-9.12089
29.3526
7.52262
25.2447
20.2965
-2.76259
6.87656
15.883
0.769133
19.4053
16.7474
17.5012
33.0584
3.87739
25.7362
20.1172
14.4535
20.3964
1.17319
14.2684
-3.15139
18.2372
10.7202
-7.59393
30.9351
14.974
-17.128
25.7997
18.028
-14.6597
21.0302
19.2095
-15.1248
21.6598
15.0273
1.03241
18.4374
1.41419
6.60318
16.5975
7.8474
-7.11485
22.7471
-9.23537
-19.5312
13.0743
-5.66794
-12.8587
-0.30271
-7.04382
-4.3157
-3.76649
0.898176
-18.7577
-17.909
-13.4528
12.0432
-3.44676
-19.6738
11.4474
-33.3165
-26.0129
-17.6468
-32.2024
1.1545
-15.1548
-27.8299
25.2849
-14.7199
-3.62811
18.7054
-2.34325
9.85126
2.11674
-4.95536
11.821
-1.85003
-2.53241
17.4241
-16.7653
-10.496
16.3789
-8.78615
-8.44732
19.0184
-1.83622
0.783223
9.49394
-11.3128
6.77583
27.104
-5.72798
9.23539
30.0407
-5.1904
0.587556
18.6607
-9.78792
6.12349
0.793893
-9.43499
6.47786
16.1985
-10.6837
11.9405
27.2748
-22.4981
5.65734
7.56599
-30.2267
10.0327
-9.53908
-3.12254
19.6909
21.8677
37.9431
9.08837
16.4717
27.7306
-0.415852
12.9254
32.1013
2.90008
24.7425
26.4162
15.2192
22.4077
27.6905
23.7749
36.5395
26.4448
35.024
30.6199
32.0171
29.988
28.7912
14.9847
6.09704
30.8672
23.1963
-7.01855
29.9855
22.7813
-13.6697
18.2051
4.74704
1.91625
29.7844
3.5477
0.0251299
30.1435
6.3606
7.9961
33.8574
11.0969
13.954
29.9641
8.56834
-0.968389
27.8913
3.3097
-20.4972
34.444
3.35737
-28.1476
24.2246
0.685025
-38.4298
12.3722
-13.5253
-35.5499
-24.0164
-42.4895
-3.19314
-40.7309
-17.0784
-49.415
-16.2628
-90.6059
56.3835
1.40403
-62.5957
-20.8046
-58.0955
100.976
-47.2907
-10.941
34.1921
-33.0761
0.765072
18.1712
-14.2427
9.33188
-1.93136
-2.57716
15.1986
4.11031
11.5835
34.5496
2.58261
-0.419544
32.1806
-1.93895
0.811791
28.5737
-15.4238
-3.73854
24.0109
-10.3861
12.9864
11.4994
-7.48223
17.0984
30.3628
-18.5019
8.73225
30.295
-24.1598
14.9087
12.6151
-25.8704
10.3112
12.483
-28.5387
7.41509
17.378
-24.1825
12.4214
8.32609
-33.6716
11.8537
-5.99059
-15.7872
13.7248
5.30675
16.3192
22.2796
6.29362
31.0254
27.5355
31.5745
25.8623
32.2775
9.04304
38.1498
29.7296
32.5552
24.843
35.7058
22.7246
14.8602
33.5143
20.4212
15.265
18.5969
30.0296
31.1435
12.4372
20.1388
21.8702
5.06133
24.674
25.1554
9.04228
31.8106
30.4503
3.19904
46.9731
29.4772
16.7574
25.4039
23.0657
16.4049
26.6785
15.5529
18.7934
28.7965
18.429
-2.12426
33.8229
17.7298
-10.0997
29.0762
20.3478
-18.2039
23.59
11.3244
-8.25656
33.5708
0.651822
-8.35106
56.9978
14.308
2.11034
84.5605
95.9354
-95.6594
-5.32018
101.137
-145.613
-8.82526
-97.0986
-90.2758
64.7504
-95.7382
49.571
47.4029
-36.1524
64.7655
36.9076
-3.85065
39.326
2.04317
-14.8413
27.0121
7.84171
2.33166
22.1894
24.2286
-3.88883
22.7347
19.2634
-9.9788
20.3075
32.9707
-10.3996
13.7084
31.4751
-14.9657
22.9367
26.3961
-26.6503
28.4817
21.9506
-28.6718
22.5961
32.8221
-17.4317
18.0133
28.4827
-14.8222
23.8173
2.30464
-26.8338
22.668
19.2033
-31.3201
12.6052
11.5735
-34.9599
19.9361
13.34
-41.8172
33.5852
7.47335
29.5906
11.7962
8.67111
28.6126
23.5287
21.3328
48.355
30.0494
16.7959
31.6881
29.2159
23.5662
37.4682
30.095
9.70311
27.2557
35.4742
28.5924
38.3841
23.0686
41.2328
31.6766
22.7125
23.817
33.3969
18.6624
41.0224
36.2663
29.2922
28.3109
37.004
27.0416
30.8268
40.6356
32.3348
26.4848
39.3512
42.7591
36.1547
49.3147
51.073
44.4571
51.0933
45.2082
36.3446
46.0516
30.7075
34.9364
34.922
23.2413
36.3126
34.2
10.2877
22.6627
36.2365
128.117
71.8822
69.8979
-118.245
-50.3519
17.4075
-327.772
-138.691
-3.93301
-405.77
-116.51
88.8087
-276.118
-83.6974
79.8688
29.2435
100.213
-23.3838
-25.8394
27.2843
-70.7923
30.2231
-2.82663
18.5186
44.4391
42.0482
14.3208
3.43007
21.0291
0.881592
29.1423
25.9266
-25.9821
29.8101
48.3657
-24.5162
25.0363
35.7008
-27.7544
30.8268
26.3821
-26.9742
37.3771
24.0945
-26.1032
38.0342
32.2978
-38.3433
34.4164
41.1188
-38.5417
34.5777
15.5428
-33.2294
35.9636
21.4535
-37.3783
34.6165
18.6584
-31.4719
29.3869
16.5723
-19.5279
28.4501
21.0611
15.846
22.4387
20.0726
31.9021
26.9209
18.893
14.8499
45.0539
26.559
41.511
45.6334
18.4166
33.4682
40.3125
20.9732
27.9271
40.7643
21.3509
36.4611
29.7681
16.2273
27.3193
16.4821
28.1605
26.6897
16.6307
8.19026
28.4175
35.3329
10.2855
31.8741
54.8314
32.0678
29.181
61.2189
36.5882
28.5438
54.0385
30.7857
24.2371
51.6407
24.7453
18.9622
53.7763
29.8878
24.3569
52.5222
33.09
22.0916
57.147
52.7322
26.9303
43.2361
35.3295
18.4506
60.9552
61.5319
-8.73637
-196.662
-41.1067
21.1001
-297.838
-95.7399
46.1437
-328.968
-109.126
30.3005
-328.778
-107.171
93.0895
-134.158
4.78109
135.852
0.310836
98.033
-2.36114
100.924
225.209
-43.5983
50.6184
172.94
59.1288
89.7559
62.2036
-8.33041
59.2228
19.6977
17.4864
2.65189
19.2095
-7.30564
41.0205
40.8508
-18.5984
52.1911
41.4095
-25.0109
44.0623
37.218
-25.8482
40.2361
31.3081
-38.5609
44.6507
15.3302
-36.6931
47.3666
26.4414
-38.3315
37.6762
18.6686
-42.9702
39.9149
36.0058
-37.9687
40.5893
32.4197
-39.6431
46.1936
-3.45415
25.5437
33.0507
33.5548
45.614
15.7712
12.0345
25.9817
19.1092
13.5601
46.9792
25.2957
14.9265
25.4647
42.4479
13.3616
42.651
41.7296
16.2163
30.0611
38.3904
13.6218
37.7996
32.4802
9.52707
34.366
33.1977
17.0594
34.511
36.6468
21.5846
34.6361
48.091
26.3365
27.435
56.1127
31.7417
24.2836
52.3848
21.0698
26.6188
68.4798
37.1021
23.1173
68.8562
42.0518
12.6543
54.7448
53.1307
1.42959
44.9359
52.7902
-28.7367
24.4678
63.5008
26.0578
24.6488
62.4012
23.3115
-164.166
-23.4916
15.4411
-231.32
-44.879
31.8403
-259.299
-58.5523
61.985
-275.983
-65.6684
33.5533
-238.598
-105.731
26.7937
-230.087
-65.8545
130.264
-254.81
-110.899
123.423
-102.462
-79.8947
-60.8984
130.387
165.588
-153.428
93.019
144.834
18.4585
58.4631
55.1598
1.61721
41.8946
75.6353
-78.1932
60.2553
54.7338
-70.1171
71.5139
38.9168
-38.1163
64.6415
33.1884
-28.7749
59.4583
20.3636
-37.6684
51.8346
21.5395
-31.8777
52.4482
18.05
-38.9131
53.9087
14.5373
-37.2166
54.8796
41.8835
-35.2739
58.0764
37.7565
41.7856
63.9874
9.75906
32.5731
48.3123
9.3051
28.1921
49.0111
7.35332
26.516
52.9961
17.4373
28.6363
47.3788
15
35.11
46.9191
21.659
28.3529
43.3333
17.9124
29.9442
42.7934
20.9473
25.6558
51.9048
18.42
19.7251
66.7474
14.4841
22.9186
69.9642
22.4771
25.5152
62.8656
27.0612
18.9335
57.4991
23.0128
15.5034
59.7554
20.6501
17.9735
66.8248
38.2608
16.4479
60.7317
56.6199
22.5578
54.588
67.2234
15.7379
47.2892
53.0729
-16.88
30.8511
75.8577
14.6342
-132.775
-10.822
42.7596
-185.61
-31.6063
42.2787
-212.499
-45.6641
26.9593
-236.274
-56.5605
55.761
-242.732
-105.931
59.9184
-259.451
-122.312
-29.5007
-309.723
-162.967
-15.9345
-321.862
-157.359
121.404
-174.449
-115.884
112.235
-101.229
-116.919
-80.5952
54.2702
25.9534
-102.947
78.0225
-1.59519
-21.0687
64.5648
24.5834
-19.296
64.0616
41.7398
-27.6977
63.4184
22.8385
-38.1729
55.8996
19.9909
-29.7542
53.6365
8.19128
-28.5156
56.0556
22.3143
-36.9974
56.9411
19.3719
-33.3
49.4688
16.905
-36.4045
34.5121
16.9577
25.5865
49.7352
21.0235
24.7282
32.886
20.6304
36.036
41.3667
19.2166
23.4411
49.8889
14.9204
30.2294
54.1816
22.8024
13.9876
52.5745
12.4522
29.5892
60.4197
12.9933
25.7277
57.7905
12.5358
22.8713
61.0667
22.7405
21.1608
54.8599
17.5831
24.1255
52.7054
16.4509
20.3806
50.3987
17.5103
16.0151
63.8326
25.5068
13.1527
61.6436
21.5182
22.7539
53.6073
27.5164
15.4414
51.9248
33.5931
23.2651
73.3407
56.5015
37.1968
7.77206
21.3801
74.7871
-68.1282
-26.208
26.5307
-185.851
-85.2363
-14.0987
-199.927
-104.082
-13.4422
-203.1
-110.015
7.96498
-202.532
-133.947
6.19681
-226.771
-98.2865
5.43285
-239.417
-109.65
59.373
-243.912
-147.276
45.8921
-253.846
-143.584
-48.0669
-263.366
-171.063
-31.7701
-276.252
-184.563
100.841
-24.9851
-76.6841
72.6585
74.4076
-4.17037
-29.2291
97.5644
-12.0233
-61.8044
96.0951
6.65374
-74.1318
61.4233
-1.46119
-56.0088
54.4095
13.5001
-32.4399
62.9392
12.0734
-33.7581
67.6534
20.6745
-22.6757
55.1002
12.2908
-22.2017
55.8058
24.7863
-22.6263
48.695
24.8625
15.8032
48.9904
4.61447
30.3021
56.9346
9.39969
30.7197
52.3863
16.89
26.0223
44.9806
10.2175
16.2534
53.0963
6.83971
25.5817
56.6553
20.1811
25.7165
44.4307
16.4313
18.9037
42.1607
16.6416
24.7149
54.8937
16.7644
26.2869
63.9492
23.6134
12.3995
61.5264
11.2873
19.9595
53.6287
7.50688
15.7433
69.8106
14.7223
15.2776
58.3463
9.39924
22.9282
71.9392
15.8588
47.8862
81.4092
42.6605
39.1083
20.5052
-6.57538
13.7258
-106.021
-51.461
-31.3965
-189.488
-123.317
-20.89
-208.66
-116.815
2.94517
-203.439
-134.019
-5.94882
-194.215
-135.832
-25.8906
-199.279
-120.546
-29.3068
-201.908
-158.252
-19.2782
-207.462
-173.433
-22.5285
-238.571
-142.277
10.031
-262.368
-153.291
75.277
-247.981
-178.105
62.1971
-278.774
-179.867
-44.3457
-137.247
-110.078
-39.7853
-0.128396
-24.2973
13.5779
51.2695
9.42119
26.256
90.8548
39.418
-10.4684
97.7046
15.9577
-28.589
51.1607
1.64036
-6.09235
52.2808
7.54847
-9.72573
50.686
3.39439
-15.9334
37.2615
6.23235
-13.853
41.6518
13.6319
-22.0391
30.0665
-1.7014
15.8796
21.392
14.8184
21.1933
25.41
10.0433
2.6727
50.2615
11.0336
17.9172
36.4646
5.48896
21.6981
49.0255
2.81391
3.15073
44.6293
0.726708
18.4024
45.0639
0.633575
14.33
46.0848
6.88301
26.161
39.5383
15.8028
5.63039
47.3349
15.627
21.0651
46.1751
33.9308
26.5165
102.283
70.3652
-8.6851
130.276
93.3824
10.022
101.083
67.3789
10.6933
74.3637
9.57215
27.1487
22.78
-36.5309
-19.2206
-67.8887
-71.4558
-42.1997
-118.03
-106.467
-14.6745
-149.293
-125.674
-17.0158
-158.274
-126.358
-30.0051
-166.128
-121.993
-21.9701
-168.179
-118.074
-15.8341
-156.884
-134.578
-11.2644
-161.334
-133.124
-16.1779
-162.793
-137.635
-13.5894
-158.277
-145.201
-30.2796
-181.067
-154.41
-53.0483
-211.366
-117.626
-36.1995
-207.096
-132.858
51.6605
-195.778
-158.335
61.0579
-127.445
-130.456
-8.37104
-89.1043
-97.3869
-36.3249
18.1424
-76.5643
-7.80156
117.946
22.6187
7.975
52.426
7.75825
10.0138
50.7273
10.6521
13.4059
44.8946
2.64466
10.4403
41.3295
16.0217
-2.55215
41.3119
29.206
-0.752249
14.1434
11.1339
14.3474
14.6029
0.245472
7.5979
23.3676
14.2054
-1.34584
33.6941
10.0921
11.0971
38.2048
11.2357
-2.76165
31.0643
-14.7098
11.2312
39.654
-20.607
-0.475744
35.0953
-29.5309
11.6056
49.3953
-23.2599
42.4314
69.8514
-5.31248
53.8166
45.0005
-42.5435
20.4767
17.7476
-87.8576
23.7836
8.23012
-98.1583
29.9686
-20.7171
-135.476
-2.80768
-33.6831
-135.009
-24.6763
-47.1387
-115.992
-43.7963
-64.9397
-122.037
-29.929
-83.2801
-138.662
-17.7178
-96.3383
-136.024
-32.8978
-116.559
-111.378
-26.4544
-117.224
-121.837
-19.1545
-118.287
-135.379
-14.6784
-121.765
-119.495
-10.7542
-118.375
-111.277
-6.22089
-119.21
-91.7317
-5.58749
-128.158
-86.3838
-19.0507
-129.017
-84.1836
-23.6758
-127.165
-88.6693
-13.217
-107.96
-118.535
-7.57141
-111.836
-101.19
-47.9096
-130.501
-74.3018
-31.966
-142.338
-65.1437
36.3254
-51.0924
-11.3922
55.4207
31.2316
31.8061
26.3696
92.0787
46.7629
-5.672
49.1302
25.2792
-3.59976
22.0026
-1.04457
8.04631
37.6367
27.4507
2.89421
45.0697
21.1801
1.94879
34.6015
13.6562
-3.55926
23.7766
15.4864
14.5323
23.9505
20.6212
12.8804
35.4139
8.76027
8.41184
30.184
7.59429
8.6225
22.8093
0.807597
-0.0259356
21.2574
-5.23569
-3.55022
26.8714
-12.1765
-21.9973
7.2376
-25.6953
-37.3891
53.65
-29.2075
-43.2743
74.8833
-76.7052
-41.838
80.5008
-82.5458
5.03449
51.1078
-46.6581
3.74268
17.9048
-53.1989
-14.1492
-13.8161
-62.923
7.92139
-33.6752
-62.1025
7.66604
-35.4165
-84.0569
16.2421
-44.3728
-86.6861
2.17551
-54.9063
-78.4339
-12.1491
-64.7778
-81.2161
-6.06522
-72.1817
-95.0234
-15.6707
-88.4271
-88.2548
-16.3268
-100.88
-81.8815
-31.0856
-101.212
-100.654
-38.06
-104.261
-95.9833
-38.0486
-105.619
-89.166
-31.123
-101.003
-92.5159
-2.22495
-100.967
-79.9233
16.0808
-97.0359
-67.3467
21.1915
-101.82
-49.1309
7.61605
-94.9442
-48.128
23.8967
-70.5807
-47.739
-2.04247
-37.853
-23.2042
-42.6516
-1.02183
-34.6605
-31.1933
23.0495
8.02743
12.1974
72.074
32.08
47.3044
56.1274
43.0394
39.2896
42.6211
20.4895
16.0814
24.9344
26.6165
10.0361
38.8894
33.0905
-2.72017
40.4744
12.813
4.41001
43.9581
30.2877
3.25471
56.3934
14.0051
-1.66525
60.1451
13.1737
3.73145
60.8927
11.1606
-3.89786
57.7879
24.7808
-7.39432
56.2085
24.4733
-13.0211
68.6068
27.519
-21.5243
66.0032
46.747
-30.3023
66.5594
76.4646
-44.8228
57.1251
100.079
-47.7291
26.7087
109.485
81.8444
85.9089
97.5551
19.567
74.3358
68.6167
-63.3845
71.1783
44.3939
-72.3215
54.844
-1.49092
-34.9227
-3.6465
-14.6534
-37.5712
-28.2795
-25.868
-25.7118
-21.9853
-28.3167
-10.5903
-29.8057
-41.1637
-13.3358
-33.6283
-45.5498
-3.07167
-27.1306
-39.737
1.97596
-45.9225
-46.9033
24.2595
-55.6261
-46.1656
30.6989
-90.6814
-61.1593
26.5664
-104.095
-68.3398
12.5208
-102.434
-60.5187
-15.6591
-91.2577
-56.9883
-38.8577
-64.09
-43.7607
-41.8244
-44.826
-42.64
-22.7394
-51.2282
-37.0554
-19.5339
-44.2859
-32.0964
2.01024
10.4487
-5.58209
49.7865
39.583
21.3598
43.5942
60.6774
36.8485
18.5412
58.9478
35.5132
-7.52379
45.1537
30.3868
10.4298
53.7823
34.5011
27.4059
10.5661
19.864
6.17587
-16.487
2.15888
-29.3229
-17.1424
2.37476
-25.0993
18.8367
17.5941
-6.18484
28.0245
6.88694
-13.4024
27.6142
11.0031
-15.8722
30.3519
16.8458
-20.6932
24.8931
16.8543
-15.6561
22.8983
15.8701
-13.1463
16.0012
9.6211
-16.4723
15.1103
10.7013
-12.9801
12.0264
11.0104
1.2257
17.7178
0.320762
8.60946
1.18418
-3.68477
19.4265
21.5421
1.67477
-52.1375
5.53158
2.12493
-80.4314
3.89057
33.9233
-93.9973
10.904
46.223
-0.202583
31.3923
51.6499
4.88161
39.7463
73.0975
22.919
18.9278
92.6349
10.8838
9.26346
109.686
21.9424
-1.23988
114.786
19.5876
-0.388275
120.363
-37.6942
30.0653
126.722
-37.3902
16.3817
101.749
-52.8722
6.66072
76.8774
-32.5988
-5.24847
56.7732
-18.0519
-3.31222
45.0781
10.1006
6.7886
47.1203
44.1864
14.9556
54.3694
48.2124
21.2923
60.8253
32.4324
31.2635
66.8781
36.1947
33.7596
50.3584
4.5149
43.6691
43.3631
-13.6157
45.9628
52.2991
-7.24254
51.5597
41.162
8.90109
45.9778
37.2128
25.4459
56.5837
27.9722
23.9022
50.1417
20.2962
23.4608
39.5593
-2.91061
-4.07166
21.8047
-10.0949
-25.6302
18.4883
-1.66511
-16.7128
3.28897
9.1902
-7.33737
-1.96806
-4.47691
-12.0335
-1.31901
1.46613
-18.5092
1.78138
7.98461
-15.5102
6.67005
17.9846
-1.19426
8.84794
9.88335
-3.50102
7.28804
10.2726
-8.24554
2.46197
-2.98663
7.05323
-5.03143
-9.74621
-2.98814
-1.47941
6.98418
0.872191
13.8289
16.1445
-0.0768157
10.5425
14.1692
11.1814
-7.0821
8.73335
-1.08679
-16.0202
4.48812
2.40956
-17.2748
-0.168389
0.383645
-15.6369
5.87506
34.3941
-17.7922
4.14145
60.0976
8.12352
-8.081
46.2638
-5.72784
-20.21
56.3817
0.0734545
-31.2936
42.1726
8.4093
-35.9013
0.250236
12.852
-22.0681
-24.2645
19.3742
-11.3722
-32.8265
-9.61468
-22.3572
-3.97888
-38.4876
-33.3564
-32.3834
-46.4341
-25.9358
-45.1584
-31.6798
-18.2872
-29.2357
3.39919
6.26321
-40.8991
21.7828
19.2275
-35.7416
17.3103
23.3157
-38.0577
8.43204
20.9405
-29.7882
-15.7293
-0.0717293
-20.644
-21.7506
-6.24972
-2.42617
-26.2944
-13.3831
-19.8375
-19.6961
-9.33408
-18.9656
-9.7832
1.60448
-12.0374
-13.863
7.07497
-10.0954
-8.49876
-3.94996
-1.91251
-3.98789
9.91752
-3.09089
-6.74372
0.617806
9.09836
-6.01151
5.63719
-7.12995
-12.2635
-0.240679
-1.10824
-10.3403
6.21831
-13.0163
-10.5713
1.59325
-12.5204
-13.0453
-11.8616
-2.91807
-2.30016
-12.9085
-7.58404
2.9083
-5.41664
-4.04601
-7.56121
0.00105292
-1.55091
-9.04559
7.7805
5.53634
-10.952
1.63399
2.85998
-0.0893165
3.76242
-9.28509
-5.6512
-8.04175
-8.87598
-6.75488
-11.3879
10.2726
-0.136666
-14.5962
-1.03084
-12.2016
-4.18225
25.641
-4.79725
-7.40681
16.4838
-18.255
-5.47377
0.371786
-6.46262
-1.68133
-3.76602
-3.18848
-9.02708
3.78523
-8.88309
-5.12983
21.0446
-9.2382
-5.83107
14.8419
-17.3737
-10.6953
21.3716
-4.76775
-9.67727
-5.41057
-3.42258
-6.00663
-17.0459
5.82488
0.825347
-1.09125
15.2144
0.309417
18.6513
3.41681
-9.57551
22.8413
-2.23614
-15.2193
22.5275
-6.87303
-28.329
8.47674
-22.5822
-27.4919
8.04014
-8.60346
-17.5082
-24.5208
-23.0477
-8.5261
-31.7137
-3.04514
-6.84605
-16.5589
-16.2116
-20.3598
1.60045
-6.44904
-17.8593
-1.94657
-1.05298
-13.3298
-5.53996
-4.05083
6.77623
-8.79617
-4.51905
-4.40687
-13.0285
-7.76011
-10.5716
-16.5897
-14.1447
2.45873
5.1386
9.83826
-8.09881
0.79857
21.0783
3.15583
-6.72999
18.6182
9.84469
-8.4133
4.07041
6.89088
-6.8059
-10.1845
1.08299
-5.52284
-18.4922
-4.7576
-6.3309
-15.6205
-1.40241
-4.88751
-6.18979
-1.96498
-8.75158
3.28236
-6.14172
-5.7258
3.57975
-14.1741
2.53936
3.29258
-20.8449
15.8447
0.826006
-15.4802
12.6927
8.20973
0.693932
-1.49431
-3.01285
6.06016
0.26734
-10.6741
13.2216
4.58635
-12.7759
16.7884
2.84857
-21.66
16.7775
-6.74502
-15.9213
20.362
22.8135
-11.6312
15.6548
-1.29723
-13.3712
16.0015
19.6475
-8.58085
19.5674
-3.9739
-10.6641
17.6452
-10.5578
-9.47207
15.2945
7.47273
-8.50543
13.9639
-9.51133
-0.988345
14.2216
7.43657
2.01352
16.5305
1.28504
0.152225
9.9414
-21.1388
5.21361
-2.34518
-12.0867
-5.49177
-11.6236
-3.8477
-5.22221
-18.0388
-10.3085
-11.7691
-23.6232
0.973463
-3.49021
-11.2777
11.5376
2.37984
-13.7132
19.8827
2.3387
3.33696
10.2716
-9.75402
3.77275
6.40172
-13.7882
3.71593
7.65133
1.16635
9.29239
2.65226
8.37603
9.1302
10.4605
10.3633
1.03943
6.27602
6.93233
-7.17196
0.149238
