9.19609
12.2337
1.4755
-0.154372
3.39066
2.72385
2.97426
7.52027
-5.7467
3.92022
1.92266
7.46505
-0.672799
20.2898
7.73843
7.0144
14.8115
4.18441
13.588
0.678696
-1.96793
13.5219
11.4626
-2.31417
5.23236
10.3019
-2.36463
2.82706
21.3307
-6.55503
1.75504
26.2926
-14.9738
1.7058
14.3848
-1.68999
-5.97222
7.67701
4.84546
-13.1047
10.1315
5.23798
-7.66615
2.83484
11.4067
-14.7519
1.245
10.5676
-8.02292
3.14239
2.96556
-1.29762
-2.9372
11.7836
-0.382868
-5.53275
-7.88687
1.96606
1.61071
-18.2887
-2.02143
2.66792
-13.3728
-11.0841
5.2142
0.759823
-16.8188
5.74074
9.44478
-13.3602
0.728991
17.1716
-5.9232
3.93127
15.3312
-2.13745
7.8395
13.8301
4.40962
11.7584
-14.0096
7.23008
1.95103
-3.62857
11.7323
1.80227
-4.13696
8.57675
6.0557
3.49074
0.70741
0.682944
5.62321
-2.99792
3.91123
9.28277
-17.2339
-0.620313
3.75055
-1.65983
8.34534
-4.93351
14.3708
8.77936
-7.34769
-13.7463
5.81371
-8.61958
-5.82585
13.1524
-2.81912
11.3807
-7.18771
5.74695
0.874122
-6.06503
-9.21525
4.7398
-3.32258
2.10301
4.2353
1.40207
-0.512825
0.49878
5.07657
6.43499
-3.17552
18.2194
4.44858
-1.26356
-5.61587
-1.35988
4.48861
22.6714
5.65613
9.81426
15.8641
3.44007
14.1816
1.00577
-1.23701
11.1773
10.9259
-0.934257
6.82754
14.0306
7.5038
4.69966
22.67
2.6682
5.19273
17.4858
2.42092
10.6202
12.3246
-9.20707
10.0646
8.44677
-23.1463
16.2179
6.65078
-16.1538
22.8801
4.89511
1.8676
28.2262
5.64772
18.6632
24.4902
1.28826
19.389
14.7612
-2.65309
22.8226
6.73325
-2.91974
22.9494
12.678
-1.68075
12.6692
19.1976
-11.2436
8.64733
24.4566
-7.10823
-12.9756
29.3316
2.75319
-20.6347
29.7238
4.44548
-8.46221
34.2369
4.53961
-5.72803
24.5437
5.62974
2.66629
23.748
7.51615
14.9168
18.2837
-1.10758
-0.93025
15.4994
6.64573
15.2358
6.3123
8.56953
5.26134
6.80006
6.01009
-1.72603
4.79304
1.68237
-9.45486
5.3047
2.05695
-3.14973
-2.41675
11.3711
4.69321
-10.1849
6.25266
12.0794
-16.1729
11.6212
4.06685
-11.9677
14.8047
2.06299
-7.92025
-7.7295
-4.59376
-9.01791
-19.1295
-2.69812
0.454049
-1.12437
6.92477
15.1539
5.57082
4.4191
13.1698
1.95244
5.94268
6.86017
15.2725
4.38596
4.4043
-0.945095
3.15541
5.48538
28.5486
4.42173
5.59192
13.3433
2.57973
4.91857
2.9844
-1.13559
0.364155
13.5736
-8.84711
3.3228
29.6342
5.38749
0.238558
23.128
7.9011
-5.77974
11.6175
-4.12978
-4.96249
6.2044
-8.80242
-4.30961
6.58636
-28.8833
-6.61893
11.8294
-17.9584
-8.3361
12.7393
0.419809
-3.14817
17.3396
11.5619
-2.70599
11.304
19.1417
-4.2758
4.34441
20.1818
-1.6679
3.27618
22.7533
-8.09508
-7.3479
26.8586
-2.88317
-7.12216
7.77494
-5.45319
-9.32326
-2.56776
-3.43138
-0.97171
-11.121
-5.64692
-1.682
-6.70615
-3.40038
-1.02147
-3.75119
-4.88325
3.25381
4.60097
-12.433
9.0607
12.3478
-20.1646
5.45275
7.24727
-15.7432
8.02237
8.5795
-11.6678
12.9316
9.62415
-11.4649
14.1492
-4.47179
-16.464
8.08968
-7.05493
-17.9038
3.91244
-2.00752
-20.7523
4.11912
2.16534
-15.3719
2.91991
-2.24936
-9.75683
3.84562
0.0331842
0.737337
16.3532
-7.79258
0.686
-10.4341
7.60483
-8.70519
1.62882
15.3791
-3.80849
8.75289
-6.07097
12.1975
-0.504639
6.52912
13.7224
-6.32856
10.7443
9.77628
11.7293
-1.04385
4.4404
-2.49189
1.29722
-3.26814
28.8329
5.33449
-4.87767
7.1133
4.97725
-6.0053
-1.7164
-2.85973
-6.59484
20.71
2.69457
-5.13348
26.1635
6.48054
2.10804
16.6438
3.8636
6.38103
4.84816
-3.7642
8.62567
8.99457
-6.75686
11.2217
9.43397
-25.0835
14.7701
14.2475
-23.3171
16.8231
9.84971
-5.66634
9.90103
16.1008
5.53378
11.5611
21.2621
9.30229
4.43741
9.14532
11.9264
-2.44417
0.467382
25.4982
1.25139
-6.10692
26.8283
6.49449
-9.01931
21.9299
7.99438
-13.1152
12.0976
5.94461
-12.7266
-1.95853
8.25713
-3.44433
-7.95661
7.83825
-4.63518
-5.66367
7.91074
-5.19551
4.92147
6.32134
2.2683
14.1706
2.91783
1.85032
14.4693
10.3623
6.90088
6.12624
2.26443
13.2983
7.26109
5.29295
10.6143
-5.03529
7.77821
14.3193
-5.04187
-4.40621
8.68545
-4.32095
-15.8116
9.21613
-10.5984
-18.1204
0.494082
3.30151
-3.91654
-1.28694
14.4497
-0.0428264
16.1825
-2.76066
4.61812
-3.6752
-25.5721
8.73921
23.1504
-7.38417
10.8069
6.80656
6.18331
18.1538
-1.69402
10.4816
17.5661
0.257697
0.540813
18.5123
6.8874
17.8266
10.305
-0.347446
29.3977
0.663005
29.8576
13.2973
-8.08721
6.70941
4.89092
-8.36341
10.193
1.2997
-4.25139
18.7864
-0.98637
2.81084
25.1567
0.859204
12.1081
8.97945
0.317304
14.1972
4.79614
0.991033
16.4847
8.82695
-8.75536
16.5032
18.6391
-8.66622
15.1978
14.1738
-8.60255
6.92042
19.3762
-4.55337
8.11132
14.2627
-11.0507
-0.74578
10.384
-24.4848
5.1046
11.2326
-22.9856
2.99209
2.48553
-6.6102
0.994102
-6.702
-5.59952
7.84904
-8.76987
1.11099
12.2848
-9.53224
21.7533
12.7696
-12.317
20.4024
3.14971
-15.0293
4.22239
-6.08879
-4.48323
0.22486
-3.28676
-3.90581
5.28071
-2.83842
2.46575
9.88063
-6.99746
7.25946
13.3882
-9.4516
2.59128
8.00356
9.04617
6.63146
11.8744
7.73677
13.2505
5.50876
0.226064
16.7273
9.18159
-4.20352
10.8991
3.15317
-5.86464
7.01871
6.43413
-9.07697
-2.30712
-1.62191
1.3414
3.94735
-6.11578
9.82185
21.947
7.88783
14.6518
9.45415
0.353714
14.9252
23.4154
-2.15135
12.5004
-1.93556
-4.09772
22.5949
7.56444
17.9099
20.5704
14.857
10.0096
23.3141
-9.24911
3.74926
16.6795
11.1336
-16.1207
0.955723
29.3516
-5.29952
-9.68947
-4.0728
9.9361
-14.2718
11.2972
11.8365
-2.4219
25.06
9.95119
10.3426
17.4317
0.310117
18.9924
20.1894
-2.4131
17.1415
15.854
-2.80847
11.6727
18.7694
-3.73032
9.52162
17.1765
1.09768
1.21796
27.8101
-7.64388
-13.273
18.7781
-17.7592
-12.6459
16.2391
-32.4588
-8.53372
5.77401
-35.8536
0.189444
2.73012
-30.0332
11.1538
1.55116
-23.3105
10.1786
-4.36542
-14.9238
-0.247684
-10.4927
-5.98949
-2.89297
-14.0376
-0.314163
5.2146
-13.9873
2.34606
9.62843
-13.5152
-14.9284
0.413024
-12.9113
4.64965
4.05921
-7.12174
-5.34845
3.47461
2.11396
-5.56081
1.70315
12.2707
0.0154364
-6.26169
0.0916306
0.0202913
-3.43886
5.86242
7.98754
6.64048
10.0682
7.93647
1.6627
8.05922
7.66657
-3.96746
20.1034
-0.753227
-4.70356
9.08987
-0.692892
-3.20529
2.83811
8.1262
3.87599
11.3629
-6.56078
9.87306
21.3711
-16.0568
16.509
3.23708
-23.781
18.5563
15.34
-25.2758
13.5271
6.46682
-4.07315
20.6553
-0.045389
3.21854
21.0845
16.1964
34.1148
21.9389
-11.0151
37.8949
10.5964
33.6692
40.5847
3.30074
20.15
12.4339
-5.23466
8.2704
-1.97686
-12.2019
25.7658
-0.325614
0.989526
33.0585
12.4023
19.1266
24.3011
15.9476
23.6087
18.5865
10.5576
14.4217
15.678
0.178251
-2.38489
22.3266
2.10736
-12.4574
27.9861
-3.15878
-16.3092
27.4046
-1.89697
-20.7775
18.8368
-11.4236
-18.2792
10.1326
-12.8038
-0.251997
-0.968443
-20.9737
10.1293
4.39939
-15.1562
3.34995
-7.61012
-23.2267
-3.33167
-6.95758
-25.8755
2.48916
-8.32456
-33.5406
14.0622
-14.0461
-9.79937
6.48093
-9.01666
6.85744
10.7038
-16.4754
0.328543
4.04541
-15.1778
-1.17911
-3.40428
-10.2673
16.3196
6.02345
2.71288
9.13066
-4.8697
13.7513
9.42291
-1.99913
-3.96602
5.44796
-11.8836
5.21113
-2.0312
-0.0376926
-3.15153
-1.26497
8.73135
26.1411
-8.20203
1.58865
18.8466
-6.5158
-3.18308
19.5741
-14.3895
-1.23813
7.48918
-13.4848
3.42525
8.48683
-16.1365
10.9974
23.0313
-16.2407
16.1661
11.3763
-20.6242
13.7113
-7.05318
-12.3317
16.233
7.28564
-25.982
21.7626
5.72891
38.9207
17.308
22.2706
3.01909
16.2673
-11.8765
-1.95599
-0.0714742
39.9392
-2.34493
-5.16916
-1.92993
20.7031
-2.4196
3.96561
24.4604
0.865345
25.2292
28.3078
13.2172
32.3278
11.1361
25.2367
22.3911
6.159
11.2522
15.9742
14.8412
-2.95075
17.5848
14.3384
-12.5496
32.2272
7.27301
-24.3727
26.5703
10.8684
-19.628
17.1002
13.631
-3.65427
7.47318
-1.32915
3.29305
12.9473
2.05742
4.6817
8.28032
5.47873
7.46609
0.729614
3.40886
-1.65499
1.67617
-22.1701
-6.15264
-2.95507
-30.268
11.6078
-9.45131
-36.7572
2.81547
-18.6986
-17.449
-10.6396
-31.5315
11.3292
-5.94768
-23.1239
32.3147
9.45302
-12.5685
36.254
6.41826
-7.47332
30.0256
-2.77763
-1.09558
37.7272
-9.88156
6.2254
39.9295
-1.95959
12.6636
38.8589
-12.0132
2.71243
21.2074
-4.80104
9.75395
9.88071
6.37052
14.4246
7.83378
7.95845
20.6214
3.62417
-2.85062
21.691
-3.53719
-4.80436
0.414754
-0.1368
3.95293
0.1633
-1.55279
9.02316
19.367
-3.84766
11.4031
24.1884
0.373716
11.255
1.68785
-0.47233
14.0135
8.6846
-19.7093
23.2157
9.34858
2.97202
12.8849
33.2772
27.5
15.4241
-8.93475
28.7536
7.3691
24.7295
19.8823
-2.70621
6.73622
15.5589
0.753436
19.0093
16.4056
17.144
32.3837
3.79826
25.211
19.7067
14.1585
19.9801
1.14925
13.9772
-3.08707
17.865
10.5014
-7.43895
30.3038
14.6684
-16.7784
25.2732
17.6601
-14.3605
20.601
18.8175
-14.8161
21.2177
14.7206
1.01134
18.0612
1.38533
6.46842
16.2588
7.68725
-6.96965
22.2828
-9.04689
-19.1326
12.8075
-5.55227
-12.5963
-0.296532
-6.90007
-4.22763
-3.68962
0.879846
-18.3749
-17.5435
-13.1782
11.7974
-3.37642
-19.2723
11.2137
-32.6366
-25.482
-17.2866
-31.5452
1.13093
-14.8456
-27.2619
24.7689
-14.4195
-3.55406
18.3236
-2.29543
9.65022
2.07354
-4.85423
11.5797
-1.81228
-2.48073
17.0685
-16.4232
-10.2818
16.0446
-8.60684
-8.27493
18.6303
-1.79875
0.767239
9.30019
-11.0819
6.63755
26.5509
-5.61108
9.04691
29.4276
-5.08448
0.575565
18.2799
-9.58817
5.99852
0.777691
-9.24244
6.34566
15.8679
-10.4656
11.6968
26.7182
-22.0389
5.54189
7.41158
-29.6099
9.82799
-9.34441
-3.05881
19.289
21.4214
37.1687
8.90289
16.1355
27.1647
-0.407366
12.6616
31.4462
2.84089
24.2376
25.8771
14.9086
21.9504
27.1253
23.2897
35.7938
25.9051
34.3093
29.995
31.3637
29.376
28.2036
14.6789
5.97261
30.2372
22.7229
-6.87532
29.3736
22.3164
-13.3907
17.8335
4.65016
1.87715
29.1766
3.4753
0.0246171
29.5284
6.23079
7.83291
33.1664
10.8705
13.6692
29.3526
8.39348
-0.948626
27.3221
3.24215
-20.0789
33.7411
3.28886
-27.5731
23.7302
0.671045
-37.6456
12.1197
-13.2492
-34.8244
-23.5262
-41.6224
-3.12798
-39.8997
-16.7299
-48.4065
-15.931
-88.7568
55.2328
1.37537
-61.3182
-20.38
-56.9099
98.9157
-46.3256
-10.7177
33.4943
-32.4011
0.749458
17.8004
-13.952
9.14143
-1.89194
-2.52457
14.8884
4.02642
11.3471
33.8445
2.52991
-0.410982
31.5238
-1.89938
0.795224
27.9906
-15.109
-3.66224
23.5209
-10.1742
12.7214
11.2647
-7.32953
16.7495
29.7431
-18.1243
8.55404
29.6768
-23.6667
14.6045
12.3577
-25.3425
10.1008
12.2282
-27.9563
7.26377
17.0234
-23.689
12.1679
8.15617
-32.9845
11.6118
-5.86833
-15.465
13.4447
5.19845
15.9862
21.8249
6.16518
30.3922
26.9735
30.9301
25.3345
31.6188
8.85849
37.3712
29.1229
31.8908
24.336
34.9771
22.2608
14.5569
32.8303
20.0045
14.9535
18.2174
29.4167
30.5079
12.1834
19.7278
21.4239
4.95803
24.1704
24.642
8.85774
31.1614
29.8289
3.13375
46.0145
28.8756
16.4154
24.8855
22.595
16.0701
26.1341
15.2355
18.4099
28.2088
18.0529
-2.08091
33.1327
17.3679
-9.89355
28.4828
19.9325
-17.8324
23.1086
11.0933
-8.08806
32.8857
0.638519
-8.18063
55.8346
14.016
2.06728
82.8348
93.9775
-93.7071
-5.21161
99.0734
-142.642
-8.64515
-95.117
-88.4335
63.4289
-93.7844
48.5594
46.4355
-35.4146
63.4438
36.1544
-3.77207
38.5234
2.00148
-14.5384
26.4608
7.68168
2.28408
21.7365
23.7342
-3.80946
22.2707
18.8703
-9.77515
19.8931
32.2979
-10.1873
13.4287
30.8327
-14.6603
22.4686
25.8574
-26.1064
27.9005
21.5026
-28.0867
22.1349
32.1523
-17.076
17.6457
27.9014
-14.5197
23.3313
2.2576
-26.2862
22.2054
18.8114
-30.6809
12.348
11.3373
-34.2464
19.5292
13.0677
-40.9638
32.8998
7.32083
28.9867
11.5554
8.49415
28.0287
23.0485
20.8975
47.3682
29.4362
16.4532
31.0414
28.6196
23.0853
36.7036
29.4808
9.50508
26.6995
34.7502
28.0089
37.6008
22.5978
40.3913
31.0301
22.249
23.3309
32.7154
18.2815
40.1852
35.5262
28.6944
27.7331
36.2488
26.4898
30.1976
39.8063
31.6749
25.9443
38.5481
41.8864
35.4169
48.3083
50.0307
43.5498
50.0505
44.2856
35.6028
45.1118
30.0809
34.2234
34.2093
22.7669
35.5715
33.502
10.0778
22.2002
35.497
125.503
70.4152
68.4715
-115.832
-49.3243
17.0523
-321.083
-135.86
-3.85275
-397.489
-114.132
86.9963
-270.483
-81.9893
78.2389
28.6467
98.1674
-22.9066
-25.3121
26.7275
-69.3476
29.6063
-2.76894
18.1406
43.5322
41.1901
14.0286
3.36007
20.6
0.8636
28.5475
25.3975
-25.4519
29.2017
47.3786
-24.0159
24.5254
34.9723
-27.188
30.1977
25.8437
-26.4237
36.6143
23.6027
-25.5705
37.258
31.6387
-37.5608
33.7141
40.2796
-37.7552
33.8721
15.2256
-32.5513
35.2297
21.0157
-36.6155
33.91
18.2776
-30.8296
28.7872
16.2341
-19.1294
27.8695
20.6313
15.5226
21.9808
19.663
31.251
26.3714
18.5075
14.5469
44.1345
26.017
40.6639
44.7021
18.0408
32.7851
39.4898
20.5451
27.3571
39.9323
20.9152
35.717
29.1606
15.8961
26.7618
16.1457
27.5858
26.145
16.2913
8.02311
27.8375
34.6118
10.0756
31.2236
53.7124
31.4133
28.5854
59.9695
35.8415
27.9613
52.9357
30.1574
23.7424
50.5868
24.2403
18.5752
52.6788
29.2778
23.8598
51.4503
32.4147
21.6407
55.9808
51.656
26.3807
42.3537
34.6085
18.074
59.7113
60.2762
-8.55807
-192.648
-40.2678
20.6694
-291.76
-93.7861
45.202
-322.254
-106.899
29.6821
-322.068
-104.984
91.1897
-131.42
4.68352
133.08
0.304493
96.0323
-2.31295
98.8643
220.613
-42.7085
49.5854
169.411
57.9221
87.9242
60.9341
-8.1604
58.0142
19.2957
17.1295
2.59777
18.8175
-7.15655
40.1834
40.0171
-18.2188
51.1259
40.5644
-24.5005
43.1631
36.4584
-25.3207
39.415
30.6692
-37.7739
43.7394
15.0174
-35.9443
46.4
25.9018
-37.5492
36.9073
18.2876
-42.0932
39.1003
35.271
-37.1938
39.7609
31.7581
-38.834
45.2509
-3.38366
25.0224
32.3762
32.8701
44.6831
15.4493
11.7889
25.4515
18.7192
13.2834
46.0204
24.7795
14.6219
24.945
41.5816
13.0889
41.7806
40.878
15.8854
29.4476
37.607
13.3438
37.0281
31.8174
9.33264
33.6647
32.5202
16.7113
33.8067
35.8989
21.1441
33.9292
47.1096
25.799
26.8751
54.9675
31.0939
23.788
51.3157
20.6398
26.0756
67.0823
36.3449
22.6455
67.451
41.1936
12.396
53.6276
52.0464
1.40041
44.0188
51.7128
-28.1503
23.9685
62.2049
25.526
24.1458
61.1277
22.8358
-160.815
-23.0122
15.126
-226.599
-43.9631
31.1905
-254.007
-57.3573
60.72
-270.35
-64.3282
32.8686
-233.729
-103.573
26.2469
-225.392
-64.5106
127.606
-249.61
-108.635
120.904
-100.371
-78.2642
-59.6555
127.726
162.209
-150.297
91.1207
141.878
18.0818
57.27
54.0341
1.58421
41.0396
74.0917
-76.5974
59.0256
53.6167
-68.6862
70.0544
38.1226
-37.3384
63.3223
32.5111
-28.1877
58.2449
19.948
-36.8997
50.7768
21.0999
-31.2271
51.3779
17.6817
-38.119
52.8085
14.2406
-36.4571
53.7596
41.0287
-34.554
56.8911
36.986
40.9329
62.6816
9.5599
31.9084
47.3263
9.1152
27.6168
48.0109
7.20325
25.9749
51.9146
17.0814
28.0519
46.4119
14.6939
34.3935
45.9615
21.217
27.7743
42.4489
17.5469
29.3331
41.92
20.5198
25.1322
50.8455
18.0441
19.3225
65.3852
14.1885
22.4509
68.5364
22.0184
24.9944
61.5826
26.5089
18.5471
56.3256
22.5431
15.187
58.5359
20.2287
17.6067
65.461
37.4799
16.1122
59.4923
55.4644
22.0974
53.4739
65.8515
15.4167
46.3241
51.9898
-16.5355
30.2215
74.3096
14.3355
-130.065
-10.6012
41.8869
-181.822
-30.9613
41.4159
-208.162
-44.7322
26.4091
-231.453
-55.4062
54.623
-237.778
-103.769
58.6956
-254.156
-119.816
-28.8987
-303.402
-159.641
-15.6093
-315.293
-154.148
118.927
-170.889
-113.519
109.945
-99.1631
-114.533
-78.9504
53.1626
25.4237
-100.846
76.4302
-1.56264
-20.6387
63.2472
24.0817
-18.9022
62.7542
40.888
-27.1325
62.1242
22.3724
-37.3938
54.7588
19.583
-29.147
52.5418
8.02411
-27.9336
54.9116
21.8589
-36.2423
55.779
18.9766
-32.6204
48.4592
16.56
-35.6616
33.8078
16.6116
25.0644
48.7202
20.5944
24.2235
32.2148
20.2093
35.3005
40.5225
18.8244
22.9627
48.8708
14.6159
29.6125
53.0759
22.337
13.7021
51.5015
12.1981
28.9853
59.1867
12.7281
25.2027
56.6111
12.28
22.4046
59.8205
22.2764
20.729
53.7404
17.2243
23.6331
51.6298
16.1151
19.9646
49.3702
17.153
15.6883
62.5299
24.9862
12.8843
60.3856
21.079
22.2895
52.5132
26.9549
15.1263
50.8651
32.9075
22.7903
71.844
55.3484
36.4377
7.61345
20.9438
73.2608
-66.7378
-25.6732
25.9892
-182.058
-83.4968
-13.8109
-195.847
-101.958
-13.1679
-198.955
-107.77
7.80243
-198.398
-131.213
6.07035
-222.143
-96.2806
5.32198
-234.531
-107.412
58.1613
-238.935
-144.271
44.9555
-248.665
-140.654
-47.0859
-257.991
-167.572
-31.1217
-270.615
-180.796
98.7826
-24.4752
-75.1191
71.1756
72.8891
-4.08526
-28.6326
95.5733
-11.7779
-60.5431
94.134
6.51795
-72.6189
60.1698
-1.43136
-54.8658
53.2991
13.2245
-31.7778
61.6547
11.827
-33.0692
66.2727
20.2526
-22.2129
53.9757
12.04
-21.7486
54.6669
24.2805
-22.1645
47.7012
24.3551
15.4807
47.9906
4.52029
29.6837
55.7727
9.20786
30.0928
51.3172
16.5453
25.4913
44.0626
10.009
15.9217
52.0127
6.70012
25.0596
55.4991
19.7693
25.1917
43.524
16.0959
18.5179
41.3003
16.302
24.2105
53.7734
16.4222
25.7504
62.6442
23.1315
12.1465
60.2707
11.057
19.5522
52.5342
7.35367
15.422
68.3859
14.4219
14.9658
57.1556
9.20742
22.4603
70.4711
15.5352
46.9089
79.7478
41.7898
38.3102
20.0867
-6.44119
13.4457
-103.858
-50.4108
-30.7557
-185.621
-120.801
-20.4637
-204.402
-114.431
2.88507
-199.287
-131.284
-5.82742
-190.251
-133.06
-25.3622
-195.212
-118.086
-28.7087
-197.787
-155.022
-18.8848
-203.228
-169.894
-22.0688
-233.702
-139.374
9.82633
-257.013
-150.163
73.7407
-242.92
-174.47
60.9278
-273.085
-176.196
-43.4407
-134.446
-107.832
-38.9734
-0.125775
-23.8014
13.3008
50.2232
9.22893
25.7202
89.0006
38.6135
-10.2548
95.7107
15.632
-28.0055
50.1166
1.60688
-5.96801
51.2138
7.39442
-9.52724
49.6516
3.32512
-15.6082
36.5011
6.10516
-13.5703
40.8018
13.3537
-21.5893
29.4529
-1.66668
15.5555
20.9555
14.516
20.7608
24.8915
9.83829
2.61815
49.2357
10.8085
17.5515
35.7204
5.37695
21.2553
48.0249
2.75648
3.08643
43.7185
0.711877
18.0268
44.1442
0.620645
14.0376
45.1443
6.74254
25.6271
38.7314
15.4803
5.51548
46.3689
15.3081
20.6352
45.2327
33.2384
25.9754
100.196
68.9292
-8.50786
127.617
91.4766
9.81742
99.0198
66.0038
10.4751
72.8461
9.3768
26.5946
22.3151
-35.7854
-18.8284
-66.5033
-69.9975
-41.3385
-115.621
-104.294
-14.3751
-146.246
-123.109
-16.6686
-155.044
-123.779
-29.3928
-162.738
-119.504
-21.5218
-164.747
-115.665
-15.511
-153.682
-131.831
-11.0345
-158.042
-130.407
-15.8477
-159.47
-134.826
-13.312
-155.047
-142.238
-29.6617
-177.371
-151.259
-51.9657
-207.052
-115.226
-35.4607
-202.869
-130.147
50.6062
-191.783
-155.104
59.8118
-124.845
-127.793
-8.2002
-87.2859
-95.3994
-35.5836
17.7722
-75.0018
-7.64234
115.539
22.1571
7.81225
51.3561
7.59992
9.80944
49.6921
10.4347
13.1323
43.9784
2.59069
10.2272
40.4861
15.6948
-2.50007
40.4688
28.61
-0.736897
13.8547
10.9067
14.0546
14.3048
0.240462
7.44284
22.8907
13.9155
-1.31838
33.0065
9.88617
10.8706
37.4251
11.0064
-2.70529
30.4303
-14.4096
11.002
38.8448
-20.1865
-0.466035
34.3791
-28.9283
11.3688
48.3873
-22.7852
41.5654
68.4259
-5.20406
52.7183
44.0821
-41.6753
20.0588
17.3854
-86.0646
23.2983
8.06216
-96.1551
29.357
-20.2943
-132.711
-2.75038
-32.9957
-132.254
-24.1727
-46.1767
-113.625
-42.9025
-63.6144
-119.546
-29.3182
-81.5805
-135.832
-17.3562
-94.3722
-133.248
-32.2264
-114.181
-109.105
-25.9145
-114.832
-119.35
-18.7636
-115.873
-132.616
-14.3788
-119.28
-117.056
-10.5347
-115.96
-109.006
-6.09394
-116.777
-89.8596
-5.47346
-125.542
-84.6209
-18.6619
-126.384
-82.4656
-23.1926
-124.57
-86.8597
-12.9473
-105.757
-116.115
-7.41689
-109.554
-99.125
-46.9319
-127.838
-72.7854
-31.3136
-139.433
-63.8142
35.5841
-50.0497
-11.1597
54.2897
30.5943
31.157
25.8315
90.1995
45.8086
-5.55625
48.1276
24.7633
-3.5263
21.5536
-1.02325
7.8821
36.8686
26.8905
2.83514
44.1499
20.7479
1.90902
33.8953
13.3775
-3.48662
23.2913
15.1704
14.2357
23.4617
20.2004
12.6176
34.6912
8.58149
8.24017
29.568
7.43931
8.44653
22.3438
0.791116
-0.0254063
20.8236
-5.12884
-3.47776
26.323
-11.928
-21.5484
7.08989
-25.1709
-36.6261
52.5551
-28.6114
-42.3912
73.3551
-75.1398
-40.9841
78.858
-80.8612
4.93175
50.0648
-45.7059
3.66629
17.5394
-52.1132
-13.8605
-13.5342
-61.6388
7.75973
-32.9879
-60.8351
7.50959
-34.6937
-82.3415
15.9107
-43.4673
-84.917
2.13111
-53.7858
-76.8332
-11.9012
-63.4558
-79.5586
-5.94144
-70.7086
-93.0841
-15.3509
-86.6225
-86.4537
-15.9936
-98.8215
-80.2105
-30.4512
-99.1467
-98.6
-37.2833
-102.134
-94.0244
-37.2721
-103.463
-87.3463
-30.4878
-98.9415
-90.6278
-2.17955
-98.9067
-78.2923
15.7526
-95.0556
-65.9723
20.759
-99.7425
-48.1282
7.46062
-93.0066
-47.1458
23.409
-69.1403
-46.7648
-2.00078
-37.0805
-22.7306
-41.7811
-1.00097
-33.9531
-30.5567
22.5791
7.8636
11.9485
70.6031
31.4253
46.3391
54.9819
42.1611
38.4878
41.7512
20.0713
15.7532
24.4255
26.0733
9.83125
38.0957
32.4152
-2.66466
39.6484
12.5515
4.32001
43.061
29.6696
3.18828
55.2425
13.7193
-1.63127
58.9176
12.9048
3.6553
59.65
10.9328
-3.81831
56.6085
24.2751
-7.24342
55.0614
23.9738
-12.7553
67.2067
26.9573
-21.0851
64.6561
45.793
-29.6839
65.201
74.9041
-43.908
55.9592
98.0362
-46.7551
26.1636
107.25
80.1741
84.1556
95.5642
19.1677
72.8187
67.2163
-62.0909
69.7257
43.4879
-70.8456
53.7247
-1.4605
-34.21
-3.57208
-14.3543
-36.8045
-27.7023
-25.3401
-25.1871
-21.5366
-27.7388
-10.3742
-29.1974
-40.3237
-13.0637
-32.942
-44.6202
-3.00898
-26.5769
-38.926
1.93563
-44.9854
-45.9461
23.7644
-54.4909
-45.2234
30.0724
-88.8308
-59.9112
26.0242
-101.971
-66.9451
12.2653
-100.343
-59.2836
-15.3395
-89.3953
-55.8253
-38.0647
-62.782
-42.8676
-40.9709
-43.9112
-41.7698
-22.2753
-50.1827
-36.2991
-19.1352
-43.3821
-31.4414
1.96922
10.2354
-5.46817
48.7704
38.7752
20.9239
42.7045
59.4391
36.0965
18.1628
57.7448
34.7885
-7.37025
44.2322
29.7667
10.217
52.6847
33.797
26.8466
10.3504
19.4586
6.04983
-16.1505
2.11482
-28.7244
-16.7926
2.3263
-24.5871
18.4523
17.235
-6.05862
27.4525
6.74639
-13.1289
27.0506
10.7786
-15.5483
29.7325
16.502
-20.2709
24.3851
16.5103
-15.3366
22.431
15.5463
-12.878
15.6747
9.42475
-16.1361
14.802
10.4829
-12.7152
11.7809
10.7857
1.20069
17.3562
0.314216
8.43376
1.16002
-3.60957
19.0301
21.1025
1.6406
-51.0735
5.41869
2.08156
-78.7899
3.81118
33.231
-92.079
10.6815
45.2797
-0.198448
30.7516
50.5958
4.78199
38.9352
71.6058
22.4512
18.5415
90.7444
10.6617
9.07441
107.447
21.4946
-1.21458
112.443
19.1879
-0.380351
117.907
-36.9249
29.4517
124.135
-36.6272
16.0474
99.6721
-51.7932
6.52479
75.3084
-31.9335
-5.14136
55.6146
-17.6835
-3.24462
44.1581
9.89451
6.65005
46.1587
43.2847
14.6504
53.2598
47.2284
20.8578
59.5839
31.7705
30.6255
65.5132
35.456
33.0706
49.3307
4.42276
42.7779
42.4781
-13.3378
45.0248
51.2318
-7.09473
50.5074
40.322
8.71943
45.0395
36.4534
24.9266
55.429
27.4013
23.4144
49.1184
19.882
22.982
38.752
-2.85121
-3.98857
21.3597
-9.88884
-25.1071
18.111
-1.63113
-16.3717
3.22185
9.00264
-7.18763
-1.92789
-4.38554
-11.7879
-1.29209
1.43621
-18.1314
1.74502
7.82166
-15.1937
6.53393
17.6176
-1.16988
8.66737
9.68165
-3.42957
7.1393
10.0629
-8.07727
2.41172
-2.92568
6.90928
-4.92875
-9.54731
-2.92716
-1.44922
6.84165
0.854391
13.5466
15.815
-0.075248
10.3273
13.8801
10.9532
-6.93757
8.55512
-1.06461
-15.6932
4.39653
2.36039
-16.9222
-0.164952
0.375816
-15.3178
5.75517
33.6922
-17.4291
4.05693
58.8711
7.95774
-7.91608
45.3196
-5.61095
-19.7976
55.2311
0.0719554
-30.655
41.3119
8.23768
-35.1686
0.245129
12.5897
-21.6177
-23.7693
18.9788
-11.1402
-32.1565
-9.41847
-21.9009
-3.89768
-37.7022
-32.6757
-31.7225
-45.4865
-25.4065
-44.2368
-31.0333
-17.9139
-28.639
3.32982
6.13539
-40.0644
21.3383
18.8351
-35.0122
16.9571
22.8399
-37.281
8.25996
20.5131
-29.1803
-15.4083
-0.0702655
-20.2227
-21.3067
-6.12218
-2.37666
-25.7578
-13.11
-19.4327
-19.2941
-9.14359
-18.5786
-9.58354
1.57174
-11.7918
-13.5801
6.93058
-9.88935
-8.32531
-3.86935
-1.87348
-3.90651
9.71512
-3.02781
-6.60609
0.605198
8.91268
-5.88883
5.52215
-6.98444
-12.0132
-0.235767
-1.08563
-10.1293
6.09141
-12.7507
-10.3555
1.56074
-12.2649
-12.7791
-11.6195
-2.85852
-2.25322
-12.6451
-7.42927
2.84895
-5.3061
-3.96343
-7.4069
0.00103143
-1.51926
-8.86099
7.62172
5.42335
-10.7285
1.60065
2.80161
-0.0874937
3.68564
-9.0956
-5.53587
-7.87763
-8.69484
-6.61702
-11.1555
10.0629
-0.133877
-14.2983
-1.00981
-11.9526
-4.0969
25.1177
-4.69935
-7.25565
16.1474
-17.8825
-5.36206
0.364198
-6.33073
-1.64702
-3.68916
-3.12341
-8.84286
3.70798
-8.70181
-5.02514
20.6152
-9.04966
-5.71207
14.539
-17.0191
-10.477
20.9354
-4.67045
-9.47977
-5.30015
-3.35273
-5.88404
-16.698
5.70601
0.808503
-1.06898
14.9039
0.303102
18.2707
3.34708
-9.38009
22.3752
-2.1905
-14.9087
22.0677
-6.73276
-27.7508
8.30374
-22.1213
-26.9308
7.87606
-8.42788
-17.1508
-24.0204
-22.5773
-8.3521
-31.0665
-2.98299
-6.70633
-16.221
-15.8808
-19.9443
1.56779
-6.31743
-17.4948
-1.90684
-1.03149
-13.0577
-5.4269
-3.96816
6.63793
-8.61666
-4.42683
-4.31693
-12.7626
-7.60174
-10.3558
-16.2511
-13.8561
2.40855
5.03373
9.63748
-7.93353
0.782272
20.6482
3.09143
-6.59265
18.2383
9.64377
-8.2416
3.98734
6.75025
-6.66701
-9.97669
1.06089
-5.41013
-18.1148
-4.66051
-6.2017
-15.3017
-1.37379
-4.78776
-6.06347
-1.92487
-8.57298
3.21537
-6.01638
-5.60895
3.50669
-13.8849
2.48754
3.22538
-20.4195
15.5214
0.809148
-15.1642
12.4336
8.04218
0.67977
-1.46382
-2.95137
5.93648
0.261884
-10.4563
12.9518
4.49275
-12.5152
16.4458
2.79043
-21.2179
16.4351
-6.60736
-15.5964
19.9465
22.348
-11.3939
15.3353
-1.27076
-13.0983
15.675
19.2465
-8.40573
19.1681
-3.8928
-10.4465
17.2851
-10.3423
-9.27877
14.9824
7.32022
-8.33185
13.6789
-9.31722
-0.968175
13.9314
7.28481
1.97243
16.1931
1.25881
0.149118
9.73851
-20.7074
5.10721
-2.29732
-11.84
-5.3797
-11.3864
-3.76917
-5.11563
-17.6707
-10.0982
-11.5289
-23.1411
0.953597
-3.41898
-11.0476
11.3022
2.33127
-13.4334
19.477
2.29097
3.26886
10.062
-9.55496
3.69575
6.27108
-13.5068
3.64009
7.49518
1.14255
9.10275
2.59813
8.20509
8.94387
10.247
10.1518
1.01821
6.14794
6.79085
-7.0256
0.146192
