9.1003
12.1063
1.46013
-0.152764
3.35534
2.69548
2.94328
7.44194
-5.68683
3.87938
1.90263
7.38729
-0.665791
20.0785
7.65782
6.94133
14.6572
4.14082
13.4465
0.671626
-1.94743
13.3811
11.3432
-2.29006
5.17785
10.1946
-2.34
2.79762
21.1085
-6.48675
1.73676
26.0187
-14.8178
1.68803
14.235
-1.67238
-5.91001
7.59704
4.79499
-12.9682
10.026
5.18341
-7.58629
2.80531
11.2879
-14.5982
1.23203
10.4575
-7.93935
3.10966
2.93467
-1.28411
-2.9066
11.6609
-0.37888
-5.47511
-7.80472
1.94558
1.59393
-18.0982
-2.00037
2.64013
-13.2335
-10.9687
5.15988
0.751908
-16.6436
5.68094
9.34639
-13.221
0.721397
16.9927
-5.8615
3.89032
15.1715
-2.11518
7.75783
13.686
4.36368
11.6359
-13.8636
7.15476
1.93071
-3.59077
11.6101
1.7835
-4.09386
8.48741
5.99262
3.45438
0.700041
0.67583
5.56463
-2.9667
3.87048
9.18607
-17.0544
-0.613851
3.71149
-1.64254
8.25841
-4.88212
14.2211
8.6879
-7.27115
-13.6031
5.75315
-8.52979
-5.76517
13.0154
-2.78976
11.2622
-7.11284
5.68708
0.865017
-6.00185
-9.11926
4.69042
-3.28797
2.0811
4.19118
1.38746
-0.507483
0.493584
5.02369
6.36796
-3.14244
18.0296
4.40224
-1.2504
-5.55737
-1.34571
4.44185
22.4353
5.59721
9.71203
15.6988
3.40424
14.0339
0.995293
-1.22413
11.0609
10.8121
-0.924525
6.75642
13.8844
7.42564
4.6507
22.4338
2.6404
5.13864
17.3037
2.3957
10.5096
12.1962
-9.11116
9.95972
8.35878
-22.9052
16.049
6.5815
-15.9855
22.6417
4.84412
1.84814
27.9322
5.58889
18.4688
24.2351
1.27484
19.1871
14.6074
-2.62545
22.5849
6.66311
-2.88933
22.7104
12.546
-1.66325
12.5373
18.9976
-11.1265
8.55725
24.2018
-7.03419
-12.8404
29.0261
2.72451
-20.4197
29.4142
4.39917
-8.37406
33.8802
4.49232
-5.66836
24.288
5.5711
2.63852
23.5006
7.43785
14.7614
18.0932
-1.09604
-0.92056
15.3379
6.5765
15.0771
6.24654
8.48026
5.20653
6.72923
5.94749
-1.70805
4.74311
1.66484
-9.35637
5.24944
2.03552
-3.11692
-2.39158
11.2527
4.64432
-10.0788
6.18753
11.9536
-16.0044
11.5001
4.02449
-11.843
14.6504
2.0415
-7.83775
-7.64899
-4.54591
-8.92397
-18.9302
-2.67002
0.449319
-1.11266
6.85264
14.996
5.51279
4.37307
13.0326
1.9321
5.88078
6.78871
15.1134
4.34027
4.35843
-0.935251
3.12254
5.42824
28.2512
4.37567
5.53367
13.2043
2.55285
4.86733
2.95332
-1.12376
0.360362
13.4322
-8.75495
3.28819
29.3255
5.33137
0.236073
22.8871
7.81879
-5.71953
11.4965
-4.08676
-4.9108
6.13977
-8.71073
-4.26472
6.51775
-28.5825
-6.54998
11.7062
-17.7713
-8.24926
12.6066
0.415436
-3.11538
17.159
11.4414
-2.6778
11.1863
18.9423
-4.23126
4.29916
19.9716
-1.65052
3.24205
22.5163
-8.01075
-7.27136
26.5789
-2.85314
-7.04797
7.69395
-5.39639
-9.22614
-2.54102
-3.39564
-0.961588
-11.0051
-5.5881
-1.66448
-6.63629
-3.36496
-1.01082
-3.71211
-4.83238
3.21991
4.55304
-12.3035
8.96631
12.2192
-19.9546
5.39595
7.17178
-15.5792
7.93881
8.49013
-11.5463
12.7969
9.5239
-11.3455
14.0018
-4.42521
-16.2925
8.00541
-6.98145
-17.7173
3.87169
-1.98661
-20.5361
4.07621
2.14278
-15.2118
2.8895
-2.22593
-9.6552
3.80556
0.0328385
0.729657
16.1829
-7.71141
0.678854
-10.3254
7.52561
-8.61451
1.61185
15.2189
-3.76882
8.66172
-6.00773
12.0705
-0.499382
6.46111
13.5794
-6.26264
10.6324
9.67445
11.6072
-1.03298
4.39414
-2.46593
1.28371
-3.2341
28.5326
5.27892
-4.82686
7.03921
4.9254
-5.94275
-1.69852
-2.82994
-6.52614
20.4942
2.6665
-5.08
25.891
6.41304
2.08608
16.4704
3.82335
6.31456
4.79766
-3.72499
8.53582
8.90088
-6.68648
11.1048
9.3357
-24.8222
14.6162
14.0991
-23.0742
16.6479
9.7471
-5.60731
9.79789
15.9331
5.47614
11.4407
21.0406
9.20539
4.39119
9.05006
11.8021
-2.41871
0.462513
25.2326
1.23836
-6.0433
26.5488
6.42684
-8.92536
21.7015
7.9111
-12.9786
11.9715
5.88269
-12.5941
-1.93813
8.17112
-3.40845
-7.87373
7.7566
-4.58689
-5.60468
7.82834
-5.14139
4.8702
6.25549
2.24468
14.023
2.88744
1.83105
14.3186
10.2544
6.829
6.06242
2.24084
13.1598
7.18546
5.23781
10.5038
-4.98284
7.69718
14.1701
-4.98935
-4.36031
8.59498
-4.27594
-15.6469
9.12013
-10.488
-17.9316
0.488936
3.26712
-3.87574
-1.27354
14.2991
-0.0423803
16.0139
-2.7319
4.57001
-3.63692
-25.3058
8.64818
22.9093
-7.30726
10.6943
6.73566
6.1189
17.9647
-1.67638
10.3725
17.3831
0.255013
0.535179
18.3194
6.81566
17.6409
10.1976
-0.343827
29.0914
0.656098
29.5465
13.1588
-8.00297
6.63952
4.83998
-8.27629
10.0868
1.28616
-4.20711
18.5907
-0.976095
2.78156
24.8947
0.850253
11.982
8.88591
0.313998
14.0493
4.74618
0.98071
16.313
8.735
-8.66415
16.3313
18.4449
-8.57595
15.0395
14.0261
-8.51294
6.84833
19.1744
-4.50594
8.02682
14.1141
-10.9356
-0.738011
10.2759
-24.2297
5.05143
11.1156
-22.7462
2.96092
2.45964
-6.54135
0.983747
-6.63219
-5.54119
7.76728
-8.67852
1.09942
12.1568
-9.43294
21.5267
12.6366
-12.1887
20.1899
3.1169
-14.8727
4.17841
-6.02536
-4.43653
0.222518
-3.25252
-3.86512
5.22571
-2.80886
2.44006
9.77771
-6.92457
7.18384
13.2488
-9.35315
2.56429
7.92019
8.95194
6.56238
11.7507
7.65618
13.1125
5.45138
0.223709
16.553
9.08595
-4.15973
10.7856
3.12033
-5.80355
6.9456
6.3671
-8.98241
-2.28309
-1.60501
1.32742
3.90624
-6.05208
9.71954
21.7184
7.80566
14.4992
9.35567
0.35003
14.7698
23.1715
-2.12894
12.3702
-1.9154
-4.05504
22.3595
7.48565
17.7233
20.3562
14.7022
9.90529
23.0713
-9.15276
3.71021
16.5057
11.0176
-15.9528
0.945768
29.0458
-5.24432
-9.58854
-4.03037
9.8326
-14.1231
11.1795
11.7132
-2.39667
24.799
9.84753
10.2349
17.2501
0.306887
18.7946
19.9791
-2.38796
16.9629
15.6889
-2.77921
11.5511
18.5738
-3.69146
9.42243
16.9976
1.08624
1.20528
27.5204
-7.56425
-13.1348
18.5825
-17.5742
-12.5142
16.07
-32.1207
-8.44483
5.71387
-35.4802
0.18747
2.70168
-29.7204
11.0376
1.53501
-23.0677
10.0726
-4.31995
-14.7683
-0.245104
-10.3834
-5.9271
-2.86284
-13.8914
-0.31089
5.16028
-13.8416
2.32162
9.52814
-13.3744
-14.7729
0.408722
-12.7768
4.60122
4.01693
-7.04755
-5.29274
3.43841
2.09194
-5.50289
1.68541
12.1429
0.0152756
-6.19646
0.0906761
0.02008
-3.40303
5.80136
7.90434
6.5713
9.96334
7.8538
1.64538
7.97527
7.58671
-3.92613
19.894
-0.745381
-4.65457
8.99519
-0.685675
-3.1719
2.80855
8.04155
3.83562
11.2446
-6.49244
9.77022
21.1485
-15.8895
16.337
3.20336
-23.5333
18.363
15.1803
-25.0125
13.3862
6.39946
-4.03072
20.4402
-0.0449162
3.18501
20.8649
16.0276
33.7595
21.7104
-10.9003
37.5002
10.486
33.3185
40.162
3.26635
19.9401
12.3044
-5.18013
8.18425
-1.95627
-12.0748
25.4974
-0.322222
0.979218
32.7141
12.2731
18.9273
24.0479
15.7814
23.3628
18.3929
10.4477
14.2715
15.5146
0.176394
-2.36005
22.094
2.08541
-12.3276
27.6946
-3.12588
-16.1393
27.1191
-1.87721
-20.561
18.6406
-11.3046
-18.0888
10.0271
-12.6704
-0.249372
-0.958355
-20.7552
10.0238
4.35357
-14.9984
3.31505
-7.53085
-22.9848
-3.29697
-6.8851
-25.606
2.46323
-8.23785
-33.1912
13.9157
-13.8998
-9.69729
6.41342
-8.92274
6.78601
10.5924
-16.3038
0.325121
4.00327
-15.0197
-1.16683
-3.36882
-10.1603
16.1496
5.96071
2.68462
9.03555
-4.81898
13.608
9.32476
-1.9783
-3.92471
5.39121
-11.7598
5.15685
-2.01004
-0.0373
-3.1187
-1.25179
8.6404
25.8688
-8.11659
1.5721
18.6503
-6.44792
-3.14992
19.3702
-14.2396
-1.22523
7.41117
-13.3443
3.38957
8.39842
-15.9684
10.8829
22.7914
-16.0715
15.9977
11.2578
-20.4094
13.5685
-6.97971
-12.2033
16.0639
7.20975
-25.7113
21.5359
5.66923
38.5153
17.1277
22.0387
2.98764
16.0978
-11.7528
-1.93561
-0.0707297
39.5231
-2.3205
-5.11531
-1.90983
20.4874
-2.3944
3.92431
24.2056
0.856331
24.9664
28.013
13.0795
31.9911
11.0201
24.9738
22.1579
6.09484
11.1349
15.8078
14.6866
-2.92001
17.4016
14.1891
-12.4188
31.8915
7.19725
-24.1188
26.2935
10.7552
-19.4236
16.922
13.489
-3.6162
7.39533
-1.31531
3.25875
12.8124
2.03599
4.63293
8.19407
5.42166
7.38832
0.722014
3.37335
-1.63775
1.65871
-21.9392
-6.08855
-2.92428
-29.9527
11.4869
-9.35285
-36.3743
2.78615
-18.5038
-17.2672
-10.5287
-31.203
11.2112
-5.88572
-22.8831
31.9781
9.35455
-12.4376
35.8763
6.3514
-7.39547
29.7129
-2.7487
-1.08417
37.3342
-9.77863
6.16055
39.5136
-1.93917
12.5317
38.4541
-11.8881
2.68418
20.9865
-4.75102
9.65235
9.77779
6.30416
14.2744
7.75218
7.87555
20.4066
3.58642
-2.82093
21.465
-3.50035
-4.75432
0.410434
-0.135375
3.91176
0.161599
-1.53661
8.92917
19.1652
-3.80758
11.2843
23.9364
0.369823
11.1377
1.67027
-0.46741
13.8675
8.59414
-19.504
22.9739
9.2512
2.94106
12.7507
32.9306
27.2135
15.2634
-8.84168
28.4541
7.29234
24.4719
19.6752
-2.67802
6.66605
15.3968
0.745588
18.8113
16.2347
16.9655
32.0464
3.75869
24.9484
19.5014
14.0111
19.772
1.13728
13.8316
-3.05492
17.6789
10.392
-7.36146
29.9881
14.5156
-16.6037
25.0099
17.4762
-14.2109
20.3864
18.6215
-14.6618
20.9967
14.5673
1.0008
17.873
1.3709
6.40104
16.0894
7.60718
-6.89705
22.0507
-8.95266
-18.9333
12.6741
-5.49444
-12.4651
-0.293444
-6.8282
-4.18359
-3.65119
0.87068
-18.1835
-17.3608
-13.0409
11.6745
-3.34125
-19.0716
11.0969
-32.2966
-25.2166
-17.1066
-31.2166
1.11915
-14.6909
-26.9779
24.5109
-14.2693
-3.51704
18.1327
-2.27152
9.5497
2.05194
-4.80366
11.4591
-1.7934
-2.45489
16.8907
-16.2521
-10.1747
15.8775
-8.51718
-8.18873
18.4362
-1.78001
0.759247
9.20331
-10.9665
6.56841
26.2743
-5.55263
8.95267
29.1211
-5.03151
0.56957
18.0894
-9.48829
5.93603
0.76959
-9.14616
6.27956
15.7026
-10.3566
11.575
26.4399
-21.8093
5.48416
7.33438
-29.3014
9.72562
-9.24707
-3.02695
19.0881
21.1982
36.7816
8.81015
15.9674
26.8817
-0.403122
12.5298
31.1186
2.8113
23.9851
25.6075
14.7533
21.7217
26.8428
23.0471
35.4209
25.6352
33.9519
29.6826
31.037
29.07
27.9098
14.5259
5.91039
29.9223
22.4862
-6.8037
29.0676
22.0839
-13.2513
17.6478
4.60172
1.85759
28.8727
3.4391
0.0243606
29.2208
6.16588
7.75132
32.821
10.7572
13.5268
29.0468
8.30605
-0.938744
27.0375
3.20838
-19.8698
33.3896
3.2546
-27.2859
23.483
0.664055
-37.2534
11.9934
-13.1112
-34.4616
-23.2812
-41.1888
-3.09539
-39.4841
-16.5556
-47.9023
-15.765
-87.8323
54.6575
1.36105
-60.6795
-20.1677
-56.3171
97.8853
-45.843
-10.6061
33.1454
-32.0636
0.741652
17.6149
-13.8067
9.04621
-1.87224
-2.49827
14.7333
3.98448
11.2289
33.4919
2.50355
-0.406701
31.1955
-1.8796
0.78694
27.699
-14.9516
-3.62409
23.2759
-10.0682
12.5889
11.1474
-7.25318
16.575
29.4333
-17.9355
8.46493
29.3676
-23.4202
14.4523
12.229
-25.0785
9.99556
12.1009
-27.665
7.1881
16.846
-23.4422
12.0412
8.07121
-32.6409
11.4908
-5.8072
-15.3039
13.3047
5.1443
15.8197
21.5976
6.10096
30.0756
26.6925
30.6079
25.0706
31.2895
8.76621
36.982
28.8195
31.5586
24.0825
34.6128
22.029
14.4053
32.4883
19.7961
14.7977
18.0276
29.1103
30.1901
12.0565
19.5223
21.2007
4.90639
23.9186
24.3853
8.76547
30.8368
29.5182
3.10111
45.5352
28.5748
16.2444
24.6263
22.3596
15.9027
25.8619
15.0768
18.2181
27.915
17.8648
-2.05923
32.7876
17.187
-9.79049
28.1861
19.7249
-17.6466
22.8679
10.9778
-8.00381
32.5431
0.631868
-8.09541
55.253
13.87
2.04574
81.9719
92.9986
-92.731
-5.15732
98.0414
-141.156
-8.55509
-94.1262
-87.5123
62.7682
-92.8075
48.0536
45.9518
-35.0457
62.7829
35.7778
-3.73278
38.1221
1.98063
-14.387
26.1852
7.60166
2.26028
21.5101
23.487
-3.76978
22.0387
18.6737
-9.67332
19.6859
31.9614
-10.0812
13.2888
30.5115
-14.5076
22.2346
25.588
-25.8344
27.6098
21.2787
-27.7941
21.9043
31.8173
-16.8981
17.4619
27.6108
-14.3684
23.0882
2.23409
-26.0124
21.9741
18.6154
-30.3613
12.2193
11.2192
-33.8897
19.3258
12.9316
-40.5371
32.5571
7.24458
28.6848
11.4351
8.40567
27.7367
22.8084
20.6798
46.8747
29.1296
16.2818
30.7181
28.3215
22.8448
36.3212
29.1737
9.40607
26.4214
34.3883
27.7171
37.2091
22.3625
39.9706
30.7069
22.0173
23.0879
32.3746
18.0911
39.7666
35.1561
28.3955
27.4442
35.8713
26.2138
29.8831
39.3916
31.3449
25.674
38.1466
41.4501
35.048
47.8051
49.5095
43.0961
49.5292
43.8242
35.232
44.6419
29.7675
33.8669
33.8529
22.5298
35.201
33.153
9.97278
21.9689
35.1273
124.195
69.6817
67.7582
-114.626
-48.8105
16.8747
-317.738
-134.445
-3.81262
-393.349
-112.944
86.09
-267.666
-81.1353
77.4239
28.3483
97.1448
-22.668
-25.0484
26.4491
-68.6252
29.2979
-2.7401
17.9517
43.0787
40.761
13.8824
3.32507
20.3854
0.854604
28.2502
25.133
-25.1868
28.8975
46.8851
-23.7657
24.2699
34.608
-26.9048
29.8831
25.5745
-26.1485
36.2329
23.3569
-25.3041
36.8699
31.3091
-37.1695
33.3629
39.86
-37.3619
33.5192
15.067
-32.2122
34.8627
20.7968
-36.234
33.5568
18.0872
-30.5084
28.4873
16.065
-18.9301
27.5792
20.4164
15.3609
21.7518
19.4582
30.9255
26.0967
18.3147
14.3953
43.6747
25.746
40.2403
44.2364
17.8529
32.4436
39.0785
20.3311
27.0722
39.5164
20.6973
35.345
28.8568
15.7305
26.483
15.9775
27.2985
25.8727
16.1216
7.93953
27.5476
34.2512
9.97064
30.8984
53.1529
31.0861
28.2877
59.3449
35.4682
27.6701
52.3843
29.8433
23.4951
50.0599
23.9878
18.3818
52.1301
28.9729
23.6113
50.9144
32.0771
21.4153
55.3976
51.1179
26.1059
41.9125
34.248
17.8858
59.0893
59.6483
-8.46893
-190.642
-39.8483
20.4541
-288.721
-92.8091
44.7312
-318.897
-105.786
29.3729
-318.713
-103.89
90.2398
-130.051
4.63473
131.694
0.301321
95.032
-2.28886
97.8345
218.315
-42.2636
49.0689
167.646
57.3187
87.0083
60.2994
-8.0754
57.4099
19.0947
16.9511
2.57071
18.6215
-7.082
39.7648
39.6002
-18.029
50.5934
40.1418
-24.2453
42.7134
36.0786
-25.057
39.0044
30.3497
-37.3804
43.2838
14.8609
-35.5698
45.9166
25.632
-37.1581
36.5228
18.0971
-41.6548
38.693
34.9036
-36.8064
39.3468
31.4273
-38.4295
44.7795
-3.34841
24.7618
32.0389
32.5277
44.2177
15.2884
11.6661
25.1863
18.5242
13.145
45.541
24.5214
14.4696
24.6852
41.1485
12.9526
41.3453
40.4522
15.7199
29.1408
37.2152
13.2048
36.6424
31.4859
9.23542
33.314
32.1814
16.5372
33.4546
35.5249
20.9239
33.5758
46.6188
25.5303
26.5951
54.3949
30.77
23.5402
50.7811
20.4248
25.8039
66.3835
35.9663
22.4096
66.7484
40.7645
12.2669
53.069
51.5043
1.38583
43.5603
51.1742
-27.857
23.7188
61.5569
25.2601
23.8942
60.4909
22.5979
-159.14
-22.7724
14.9684
-224.239
-43.5052
30.8656
-251.361
-56.7599
60.0875
-267.534
-63.6581
32.5262
-231.294
-102.495
25.9735
-223.044
-63.8386
126.276
-247.01
-107.504
119.644
-99.3258
-77.4489
-59.0341
126.396
160.519
-148.731
90.1715
140.4
17.8934
56.6734
53.4712
1.56771
40.6121
73.3199
-75.7995
58.4107
53.0582
-67.9707
69.3247
37.7255
-36.9495
62.6627
32.1724
-27.8941
57.6381
19.7402
-36.5153
50.2479
20.8801
-30.9018
50.8427
17.4975
-37.7219
52.2585
14.0923
-36.0773
53.1996
40.6013
-34.1941
56.2985
36.6007
40.5065
62.0286
9.46032
31.576
46.8333
9.02025
27.3291
47.5108
7.12822
25.7043
51.3738
16.9035
27.7597
45.9285
14.5408
34.0352
45.4828
20.996
27.4849
42.0067
17.3641
29.0275
41.4834
20.3061
24.8704
50.3158
17.8561
19.1212
64.7042
14.0407
22.2171
67.8225
21.789
24.7341
60.9411
26.2328
18.3539
55.7389
22.3083
15.0288
57.9262
20.018
17.4233
64.7792
37.0895
15.9444
58.8726
54.8866
21.8673
52.9169
65.1655
15.2561
45.8416
51.4483
-16.3632
29.9067
73.5355
14.1862
-128.71
-10.4907
41.4506
-179.928
-30.6388
40.9845
-205.994
-44.2662
26.134
-229.042
-54.8291
54.054
-235.302
-102.689
58.0842
-251.509
-118.568
-28.5977
-300.242
-157.978
-15.4467
-312.009
-152.542
117.688
-169.109
-112.337
108.799
-98.1302
-113.34
-78.128
52.6088
25.1589
-99.7953
75.6341
-1.54636
-20.4237
62.5884
23.8309
-18.7053
62.1005
40.462
-26.8499
61.4771
22.1393
-37.0043
54.1884
19.379
-28.8434
51.9945
7.94053
-27.6427
54.3396
21.6312
-35.8648
55.198
18.7789
-32.2806
47.9544
16.3875
-35.2901
33.4556
16.4386
24.8033
48.2127
20.3799
23.9712
31.8793
19.9988
34.9328
40.1004
18.6284
22.7235
48.3617
14.4636
29.304
52.523
22.1043
13.5594
50.9651
12.071
28.6834
58.5702
12.5955
24.9401
56.0214
12.152
22.1712
59.1973
22.0443
20.5131
53.1806
17.0448
23.3869
51.092
15.9473
19.7567
48.8559
16.9743
15.5249
61.8785
24.726
12.7501
59.7566
20.8594
22.0573
51.9662
26.6741
14.9687
50.3353
32.5647
22.5529
71.0956
54.7718
36.0581
7.53414
20.7256
72.4977
-66.0426
-25.4057
25.7185
-180.162
-82.6271
-13.6671
-193.806
-100.896
-13.0307
-196.882
-106.648
7.72115
-196.332
-129.846
6.00711
-219.829
-95.2777
5.26654
-232.088
-106.294
57.5555
-236.446
-142.768
44.4872
-246.075
-139.189
-46.5955
-255.304
-165.827
-30.7976
-267.796
-178.913
97.7536
-24.2202
-74.3366
70.4342
72.1298
-4.04271
-28.3343
94.5777
-11.6552
-59.9125
93.1534
6.45005
-71.8625
59.543
-1.41645
-54.2942
52.7439
13.0868
-31.4468
61.0125
11.7038
-32.7247
65.5824
20.0416
-21.9815
53.4135
11.9146
-21.5221
54.0975
24.0276
-21.9337
47.2043
24.1014
15.3195
47.4907
4.47321
29.3745
55.1917
9.11195
29.7793
50.7826
16.373
25.2257
43.6036
9.90471
15.7558
51.4709
6.63033
24.7986
54.921
19.5633
24.9293
43.0706
15.9283
18.325
40.87
16.1322
23.9583
53.2133
16.2512
25.4822
61.9916
22.8906
12.02
59.6429
10.9418
19.3485
51.987
7.27707
15.2614
67.6736
14.2716
14.8099
56.5602
9.11151
22.2264
69.737
15.3734
46.4203
78.9171
41.3545
37.9111
19.8775
-6.37409
13.3056
-102.776
-49.8857
-30.4354
-183.687
-119.542
-20.2505
-202.273
-113.239
2.85501
-197.211
-129.916
-5.76671
-188.27
-131.674
-25.098
-193.178
-116.856
-28.4097
-195.727
-153.407
-18.6881
-201.111
-168.124
-21.8389
-231.267
-137.922
9.72397
-254.336
-148.599
72.9726
-240.39
-172.652
60.2931
-270.24
-174.361
-42.9881
-133.045
-106.709
-38.5674
-0.124465
-23.5535
13.1623
49.7
9.13279
25.4523
88.0735
38.2113
-10.148
94.7137
15.4692
-27.7138
49.5946
1.59015
-5.90585
50.6804
7.3174
-9.428
49.1344
3.29048
-15.4456
36.1209
6.04156
-13.429
40.3768
13.2146
-21.3644
29.1461
-1.64932
15.3934
20.7372
14.3647
20.5446
24.6322
9.73581
2.59088
48.7229
10.6959
17.3687
35.3483
5.32094
21.0339
47.5247
2.72777
3.05428
43.2631
0.704462
17.8391
43.6844
0.61418
13.8914
44.674
6.67231
25.3602
38.328
15.3191
5.45803
45.8859
15.1486
20.4203
44.7615
32.8921
25.7048
99.152
68.2112
-8.41923
126.288
90.5237
9.71516
97.9884
65.3163
10.366
72.0873
9.27913
26.3176
22.0826
-35.4127
-18.6323
-65.8105
-69.2684
-40.9079
-114.417
-103.208
-14.2253
-144.723
-121.827
-16.4949
-153.429
-122.49
-29.0866
-161.043
-118.259
-21.2976
-163.031
-114.46
-15.3494
-152.081
-130.458
-10.9196
-156.395
-129.049
-15.6826
-157.809
-133.421
-13.1734
-153.432
-140.756
-29.3527
-175.524
-149.683
-51.4244
-204.895
-114.025
-35.0913
-200.756
-128.791
50.0791
-189.785
-153.488
59.1888
-123.544
-126.462
-8.11478
-86.3766
-94.4057
-35.2129
17.587
-74.2205
-7.56274
114.335
21.9263
7.73087
50.8212
7.52075
9.70725
49.1745
10.326
12.9955
43.5203
2.5637
10.1207
40.0643
15.5313
-2.47403
40.0473
28.3119
-0.729221
13.7104
10.793
13.9082
14.1558
0.237957
7.36531
22.6522
13.7705
-1.30465
32.6627
9.78318
10.7574
37.0353
10.8918
-2.67711
30.1133
-14.2595
10.8874
38.4401
-19.9762
-0.46118
34.021
-28.6269
11.2504
47.8832
-22.5479
41.1324
67.7131
-5.14985
52.1692
43.6229
-41.2412
19.8499
17.2043
-85.1681
23.0556
7.97818
-95.1534
29.0512
-20.0829
-131.329
-2.72173
-32.652
-130.877
-23.9209
-45.6957
-112.441
-42.4556
-62.9518
-118.301
-29.0128
-80.7307
-134.418
-17.1754
-93.3891
-131.86
-31.8907
-112.991
-107.968
-25.6445
-113.636
-118.107
-18.5681
-114.666
-131.235
-14.229
-118.038
-115.837
-10.425
-114.752
-107.871
-6.03046
-115.561
-88.9236
-5.41644
-124.235
-83.7394
-18.4675
-125.067
-81.6066
-22.951
-123.273
-85.9549
-12.8124
-104.656
-114.906
-7.33963
-108.413
-98.0925
-46.443
-126.506
-72.0272
-30.9874
-137.981
-63.1495
35.2134
-49.5283
-11.0434
53.7242
30.2756
30.8324
25.5624
89.2599
45.3314
-5.49837
47.6263
24.5053
-3.48956
21.3291
-1.01259
7.79999
36.4845
26.6104
2.80561
43.69
20.5318
1.88913
33.5422
13.2381
-3.4503
23.0487
15.0123
14.0875
23.2173
19.99
12.4861
34.3298
8.4921
8.15433
29.26
7.36182
8.35855
22.111
0.782875
-0.0251417
20.6067
-5.07542
-3.44154
26.0488
-11.8037
-21.3239
7.01604
-24.9087
-36.2446
52.0077
-28.3134
-41.9496
72.5909
-74.3571
-40.5572
78.0365
-80.0189
4.88038
49.5433
-45.2298
3.6281
17.3566
-51.5704
-13.7161
-13.3932
-60.9967
7.6789
-32.6443
-60.2014
7.43136
-34.3323
-81.4837
15.7449
-43.0145
-84.0325
2.10891
-53.2255
-76.0329
-11.7772
-62.7948
-78.7299
-5.87955
-69.972
-92.1145
-15.191
-85.7202
-85.5531
-15.827
-97.7921
-79.375
-30.134
-98.1139
-97.5729
-36.8949
-101.07
-93.045
-36.8839
-102.386
-86.4365
-30.1702
-97.9108
-89.6838
-2.15684
-97.8764
-77.4767
15.5886
-94.0654
-65.2851
20.5428
-98.7035
-47.6269
7.38291
-92.0378
-46.6547
23.1652
-68.4201
-46.2776
-1.97994
-36.6943
-22.4938
-41.3459
-0.990545
-33.5995
-30.2384
22.3439
7.78169
11.824
69.8676
31.0979
45.8564
54.4092
41.7219
38.0868
41.3163
19.8623
15.5891
24.1711
25.8017
9.72884
37.6989
32.0775
-2.6369
39.2354
12.4208
4.27501
42.6124
29.3605
3.15507
54.6671
13.5764
-1.61427
58.3039
12.7704
3.61722
59.0286
10.8189
-3.77854
56.0188
24.0222
-7.16797
54.4878
23.7241
-12.6225
66.5066
26.6765
-20.8654
63.9826
45.3159
-29.3747
64.5219
74.1239
-43.4507
55.3763
97.015
-46.268
25.8911
106.133
79.339
83.279
94.5687
18.968
72.0602
66.5162
-61.4441
68.9994
43.0349
-70.1076
53.1651
-1.44528
-33.8537
-3.53487
-14.2048
-36.4211
-27.4138
-25.0761
-24.9247
-21.3123
-27.4498
-10.2661
-28.8933
-39.9036
-12.9276
-32.5989
-44.1554
-2.97764
-26.3001
-38.5205
1.91547
-44.5168
-45.4675
23.5169
-53.9233
-44.7523
29.7592
-87.9055
-59.2871
25.7531
-100.909
-66.2477
12.1375
-99.2981
-58.6661
-15.1797
-88.4641
-55.2437
-37.6681
-62.128
-42.4211
-40.5441
-43.4538
-41.3347
-22.0433
-49.6599
-35.921
-18.9359
-42.9302
-31.1139
1.9487
10.1288
-5.41121
48.2624
38.3713
20.7059
42.2597
58.8199
35.7205
17.9737
57.1433
34.4261
-7.29347
43.7715
29.4566
10.1105
52.1359
33.4449
26.567
10.2426
19.2559
5.98681
-15.9823
2.09279
-28.4252
-16.6177
2.30207
-24.331
18.2601
17.0555
-5.99551
27.1666
6.67611
-12.9921
26.7688
10.6663
-15.3863
29.4228
16.3301
-20.0597
24.1311
16.3384
-15.1769
22.1973
15.3843
-12.7439
15.5114
9.32658
-15.968
14.6478
10.3737
-12.5827
11.6582
10.6733
1.18818
17.1754
0.310943
8.34591
1.14793
-3.57197
18.8318
20.8826
1.62351
-50.5415
5.36224
2.05988
-77.9692
3.77148
32.8848
-91.1198
10.5702
44.8081
-0.196381
30.4313
50.0687
4.73217
38.5296
70.8599
22.2174
18.3484
89.7991
10.5507
8.97989
106.328
21.2707
-1.20192
111.272
18.988
-0.376389
116.679
-36.5403
29.1449
122.842
-36.2456
15.8802
98.6338
-51.2537
6.45682
74.524
-31.6009
-5.0878
55.0352
-17.4993
-3.21082
43.6982
9.79144
6.58078
45.6778
42.8338
14.4978
52.705
46.7365
20.6405
58.9633
31.4396
30.3065
64.8308
35.0867
32.7261
48.8168
4.37669
42.3323
42.0357
-13.1989
44.5558
50.6981
-7.02083
49.9813
39.902
8.6286
44.5703
36.0737
24.6669
54.8516
27.1159
23.1705
48.6068
19.6749
22.7427
38.3483
-2.82151
-3.94702
21.1372
-9.78583
-24.8456
17.9223
-1.61414
-16.2012
3.18829
8.90887
-7.11276
-1.90781
-4.33986
-11.6651
-1.27863
1.42125
-17.9426
1.72684
7.74018
-15.0354
6.46587
17.4341
-1.1577
8.57709
9.5808
-3.39385
7.06493
9.95811
-7.99313
2.3866
-2.8952
6.83731
-4.87741
-9.44786
-2.89667
-1.43412
6.77038
0.845491
13.4055
15.6503
-0.0744642
10.2197
13.7355
10.8391
-6.86531
8.466
-1.05352
-15.5298
4.35073
2.3358
-16.7459
-0.163234
0.371901
-15.1582
5.69522
33.3412
-17.2475
4.01467
58.2578
7.87484
-7.83363
44.8475
-5.5525
-19.5913
54.6558
0.0712059
-30.3356
40.8816
8.15187
-34.8023
0.242575
12.4585
-21.3925
-23.5217
18.7811
-11.0241
-31.8216
-9.32036
-21.6728
-3.85708
-37.3095
-32.3353
-31.392
-45.0127
-25.1418
-43.776
-30.71
-17.7273
-28.3407
3.29514
6.07148
-39.6471
21.116
18.6389
-34.6475
16.7804
22.602
-36.8926
8.17392
20.2994
-28.8763
-15.2478
-0.0695336
-20.012
-21.0847
-6.05841
-2.3519
-25.4895
-12.9734
-19.2303
-19.0931
-9.04834
-18.385
-9.48371
1.55536
-11.6689
-13.4386
6.85839
-9.78634
-8.23859
-3.82904
-1.85397
-3.86581
9.61392
-2.99627
-6.53728
0.598894
8.81984
-5.82748
5.46463
-6.91168
-11.8881
-0.233311
-1.07432
-10.0238
6.02795
-12.6179
-10.2476
1.54448
-12.1371
-12.646
-11.4985
-2.82875
-2.22975
-12.5134
-7.35188
2.81928
-5.25083
-3.92215
-7.32974
0.00102069
-1.50344
-8.76868
7.54232
5.36686
-10.6168
1.58397
2.77243
-0.0865823
3.64725
-9.00086
-5.4782
-7.79558
-8.60427
-6.54809
-11.0393
9.95813
-0.132482
-14.1494
-0.999288
-11.8281
-4.05422
24.856
-4.6504
-7.18007
15.9792
-17.6962
-5.30621
0.360405
-6.26479
-1.62986
-3.65073
-3.09087
-8.75074
3.66936
-8.61116
-4.97279
20.4004
-8.9554
-5.65257
14.3875
-16.8418
-10.3679
20.7174
-4.6218
-9.38103
-5.24494
-3.31781
-5.82275
-16.5241
5.64657
0.800082
-1.05784
14.7486
0.299945
18.0803
3.31222
-9.28238
22.1421
-2.16768
-14.7534
21.8379
-6.66263
-27.4618
8.21724
-21.8909
-26.6503
7.79402
-8.34008
-16.9722
-23.7702
-22.3421
-8.2651
-30.7429
-2.95192
-6.63648
-16.052
-15.7153
-19.7365
1.55146
-6.25162
-17.3126
-1.88698
-1.02074
-12.9217
-5.37037
-3.92683
6.56879
-8.5269
-4.38071
-4.27197
-12.6297
-7.52256
-10.2479
-16.0819
-13.7117
2.38346
4.9813
9.53708
-7.85089
0.774124
20.4331
3.05923
-6.52397
18.0483
9.54332
-8.15575
3.9458
6.67994
-6.59756
-9.87277
1.04984
-5.35377
-17.9261
-4.61196
-6.1371
-15.1423
-1.35948
-4.73789
-6.00031
-1.90482
-8.48367
3.18188
-5.95371
-5.55052
3.47016
-13.7402
2.46163
3.19178
-20.2068
15.3597
0.80072
-15.0063
12.3041
7.95841
0.672689
-1.44857
-2.92062
5.87464
0.259157
-10.3473
12.8169
4.44595
-12.3848
16.2744
2.76137
-20.9969
16.2639
-6.53854
-15.4339
19.7387
22.1152
-11.2752
15.1756
-1.25752
-12.9619
15.5117
19.0461
-8.31817
18.9684
-3.85225
-10.3376
17.105
-10.2346
-9.18211
14.8263
7.24397
-8.24506
13.5364
-9.22017
-0.95809
13.7862
7.20892
1.95188
16.0244
1.2457
0.147565
9.63707
-20.4917
5.05401
-2.27339
-11.7167
-5.32366
-11.2677
-3.72991
-5.06234
-17.4866
-9.99297
-11.4088
-22.9
0.943664
-3.38337
-10.9325
11.1845
2.30699
-13.2934
19.2741
2.2671
3.23481
9.95714
-9.45542
3.65726
6.20575
-13.3661
3.60218
7.41711
1.13064
9.00793
2.57107
8.11962
8.8507
10.1403
10.0461
1.00761
6.08389
6.72011
-6.95241
0.14467
