9.0045
11.9788
1.44476
-0.151156
3.32002
2.6671
2.91229
7.3636
-5.62697
3.83855
1.8826
7.30953
-0.658783
19.8671
7.57721
6.86826
14.5029
4.09724
13.3049
0.664556
-1.92693
13.2402
11.2238
-2.26596
5.12335
10.0873
-2.31537
2.76817
20.8863
-6.41847
1.71848
25.7448
-14.6618
1.67027
14.0852
-1.65478
-5.8478
7.51708
4.74451
-12.8317
9.92041
5.12885
-7.50643
2.77578
11.1691
-14.4446
1.21907
10.3474
-7.85578
3.07692
2.90377
-1.27059
-2.876
11.5381
-0.374892
-5.41748
-7.72256
1.9251
1.57716
-17.9077
-1.97932
2.61234
-13.0942
-10.8532
5.10557
0.743994
-16.4684
5.62114
9.24801
-13.0818
0.713803
16.8138
-5.7998
3.84937
15.0118
-2.09292
7.67617
13.5419
4.31775
11.5135
-13.7177
7.07945
1.91038
-3.55297
11.4879
1.76472
-4.05077
8.39807
5.92954
3.41801
0.692672
0.668716
5.50606
-2.93547
3.82974
9.08937
-16.8749
-0.60739
3.67242
-1.62525
8.17148
-4.83073
14.0714
8.59645
-7.19462
-13.4599
5.69259
-8.44001
-5.70448
12.8784
-2.76039
11.1436
-7.03797
5.62722
0.855911
-5.93867
-9.02327
4.64105
-3.25336
2.05919
4.14707
1.37286
-0.502141
0.488388
4.97081
6.30093
-3.10936
17.8398
4.3559
-1.23724
-5.49888
-1.33155
4.39509
22.1991
5.5383
9.6098
15.5336
3.36841
13.8862
0.984816
-1.21124
10.9444
10.6983
-0.914793
6.6853
13.7383
7.34747
4.60175
22.1977
2.61261
5.08455
17.1215
2.37048
10.399
12.0678
-9.01525
9.85488
8.2708
-22.664
15.88
6.51222
-15.8173
22.4034
4.79313
1.82869
27.6382
5.53006
18.2744
23.98
1.26142
18.9851
14.4537
-2.59781
22.3472
6.59297
-2.85892
22.4713
12.4139
-1.64574
12.4053
18.7977
-11.0094
8.46717
23.9471
-6.96014
-12.7052
28.7206
2.69583
-20.2048
29.1046
4.35286
-8.28591
33.5236
4.44504
-5.6087
24.0323
5.51246
2.61074
23.2533
7.35956
14.6061
17.9028
-1.08451
-0.91087
15.1765
6.50728
14.9184
6.18079
8.39099
5.15173
6.6584
5.88488
-1.69007
4.69318
1.64732
-9.25788
5.19418
2.0141
-3.08411
-2.3664
11.1342
4.59543
-9.97271
6.1224
11.8277
-15.836
11.3791
3.98212
-11.7183
14.4962
2.02001
-7.75525
-7.56847
-4.49806
-8.83004
-18.731
-2.64191
0.444589
-1.10095
6.78051
14.8381
5.45476
4.32704
12.8954
1.91177
5.81887
6.71725
14.9543
4.29459
4.31255
-0.925406
3.08967
5.3711
27.9538
4.32961
5.47542
13.0653
2.52598
4.8161
2.92223
-1.11193
0.356568
13.2908
-8.66279
3.25358
29.0168
5.27525
0.233588
22.6462
7.73649
-5.65933
11.3755
-4.04374
-4.8591
6.07514
-8.61904
-4.21983
6.44915
-28.2816
-6.48103
11.583
-17.5843
-8.16243
12.4739
0.411063
-3.08258
16.9784
11.321
-2.64961
11.0685
18.7429
-4.18672
4.25391
19.7614
-1.63315
3.20793
22.2793
-7.92643
-7.19482
26.2991
-2.82311
-6.97378
7.61296
-5.33958
-9.12903
-2.51427
-3.35989
-0.951466
-10.8893
-5.52928
-1.64696
-6.56644
-3.32954
-1.00018
-3.67304
-4.78151
3.18602
4.50511
-12.174
8.87193
12.0905
-19.7445
5.33915
7.09629
-15.4152
7.85524
8.40076
-11.4248
12.6622
9.42364
-11.2261
13.8544
-4.37863
-16.121
7.92114
-6.90796
-17.5308
3.83094
-1.96569
-20.3199
4.0333
2.12023
-15.0517
2.85908
-2.2025
-9.55357
3.7655
0.0324929
0.721976
16.0125
-7.63024
0.671709
-10.2167
7.44639
-8.52383
1.59489
15.0587
-3.72915
8.57054
-5.94449
11.9434
-0.494125
6.3931
13.4365
-6.19672
10.5205
9.57261
11.485
-1.02211
4.34789
-2.43997
1.2702
-3.20005
28.2323
5.22336
-4.77605
6.96511
4.87356
-5.88019
-1.68064
-2.80015
-6.45745
20.2785
2.63843
-5.02653
25.6184
6.34553
2.06412
16.2971
3.7831
6.24809
4.74716
-3.68578
8.44597
8.80719
-6.61609
10.9879
9.23743
-24.5609
14.4624
13.9507
-22.8313
16.4726
9.6445
-5.54829
9.69476
15.7654
5.4185
11.3203
20.8191
9.10849
4.34497
8.9548
11.6779
-2.39325
0.457645
24.967
1.22532
-5.97969
26.2693
6.35919
-8.83141
21.4731
7.82783
-12.842
11.8455
5.82076
-12.4615
-1.91773
8.08511
-3.37257
-7.79085
7.67495
-4.53861
-5.54568
7.74594
-5.08727
4.81894
6.18964
2.22105
13.8753
2.85704
1.81177
14.1678
10.1464
6.75711
5.99861
2.21726
13.0212
7.10982
5.18268
10.3932
-4.93039
7.61616
14.0209
-4.93683
-4.31441
8.5045
-4.23093
-15.4822
9.02413
-10.3776
-17.7429
0.483789
3.23273
-3.83495
-1.26013
14.1486
-0.0419342
15.8454
-2.70315
4.5219
-3.59863
-25.0394
8.55714
22.6681
-7.23034
10.5817
6.66476
6.05449
17.7756
-1.65873
10.2633
17.2002
0.252328
0.529546
18.1266
6.74392
17.4552
10.0903
-0.340208
28.7852
0.649192
29.2355
13.0203
-7.91873
6.56963
4.78903
-8.18917
9.98066
1.27262
-4.16282
18.395
-0.96582
2.75228
24.6326
0.841303
11.8559
8.79237
0.310693
13.9014
4.69622
0.970387
16.1412
8.64306
-8.57295
16.1594
18.2508
-8.48567
14.8811
13.8785
-8.42333
6.77625
18.9725
-4.45851
7.94233
13.9656
-10.8204
-0.730242
10.1677
-23.9747
4.99825
10.9986
-22.5067
2.92975
2.43374
-6.47249
0.973391
-6.56238
-5.48286
7.68552
-8.58716
1.08785
12.0288
-9.33365
21.3001
12.5036
-12.0604
19.9773
3.08409
-14.7162
4.13442
-5.96194
-4.38983
0.220176
-3.21828
-3.82443
5.1707
-2.77929
2.41438
9.67478
-6.85168
7.10822
13.1093
-9.2547
2.53729
7.83682
8.85771
6.4933
11.627
7.57559
12.9744
5.39399
0.221355
16.3788
8.99031
-4.11595
10.6721
3.08748
-5.74246
6.87249
6.30008
-8.88786
-2.25906
-1.58812
1.31345
3.86512
-5.98837
9.61723
21.4898
7.7235
14.3466
9.25719
0.346345
14.6143
22.9276
-2.10653
12.2399
-1.89524
-4.01235
22.1241
7.40685
17.5368
20.1419
14.5475
9.80103
22.8284
-9.05642
3.67115
16.332
10.9016
-15.7849
0.935812
28.7401
-5.18912
-9.4876
-3.98795
9.72909
-13.9745
11.0619
11.5899
-2.37144
24.5379
9.74387
10.1272
17.0685
0.303656
18.5968
19.7688
-2.36283
16.7844
15.5237
-2.74996
11.4295
18.3783
-3.6526
9.32325
16.8187
1.07481
1.19259
27.2307
-7.48463
-12.9965
18.3869
-17.3892
-12.3824
15.9008
-31.7826
-8.35594
5.65372
-35.1067
0.185497
2.67324
-29.4075
10.9214
1.51885
-22.8249
9.96655
-4.27448
-14.6129
-0.242524
-10.2741
-5.86471
-2.8327
-13.7452
-0.307618
5.10596
-13.6959
2.29718
9.42784
-13.2336
-14.6174
0.40442
-12.6423
4.55279
3.97464
-6.97337
-5.23703
3.40222
2.06992
-5.44496
1.66767
12.0151
0.0151148
-6.13124
0.0897216
0.0198686
-3.36721
5.74029
7.82113
6.50213
9.85846
7.77113
1.62806
7.89132
7.50685
-3.88481
19.6846
-0.737535
-4.60557
8.9005
-0.678457
-3.13851
2.77898
7.95691
3.79524
11.1262
-6.4241
9.66738
20.9259
-15.7223
16.1651
3.16964
-23.2856
18.1697
15.0205
-24.7492
13.2452
6.33209
-3.98829
20.225
-0.0444434
3.15149
20.6453
15.8589
33.4041
21.4818
-10.7856
37.1054
10.3757
32.9678
39.7392
3.23197
19.7302
12.1749
-5.1256
8.0981
-1.93567
-11.9477
25.229
-0.31883
0.968911
32.3697
12.1439
18.7281
23.7948
15.6153
23.1169
18.1993
10.3377
14.1213
15.3513
0.174538
-2.33521
21.8614
2.06346
-12.1978
27.4031
-3.09297
-15.9695
26.8336
-1.85745
-20.3446
18.4444
-11.1856
-17.8984
9.9215
-12.5371
-0.246747
-0.948267
-20.5367
9.91826
4.30774
-14.8405
3.28016
-7.45158
-22.7428
-3.26226
-6.81263
-25.3364
2.4373
-8.15113
-32.8418
13.7692
-13.7535
-9.59521
6.34591
-8.82881
6.71458
10.4809
-16.1322
0.321698
3.96113
-14.8616
-1.15455
-3.33336
-10.0534
15.9796
5.89796
2.65636
8.94044
-4.76825
13.4648
9.2266
-1.95748
-3.8834
5.33446
-11.636
5.10256
-1.98889
-0.0369073
-3.08587
-1.23862
8.54945
25.5965
-8.03116
1.55555
18.4539
-6.38005
-3.11676
19.1663
-14.0898
-1.21233
7.33316
-13.2039
3.35389
8.31002
-15.8003
10.7683
22.5515
-15.9023
15.8293
11.1393
-20.1945
13.4257
-6.90624
-12.0748
15.8948
7.13385
-25.4407
21.3092
5.60956
38.1098
16.9474
21.8067
2.95619
15.9284
-11.6291
-1.91524
-0.0699851
39.1071
-2.29608
-5.06147
-1.88973
20.2718
-2.36919
3.883
23.9508
0.847317
24.7036
27.7181
12.9418
31.6543
10.9041
24.711
21.9246
6.03068
11.0177
15.6414
14.532
-2.88928
17.2184
14.0397
-12.2881
31.5558
7.12149
-23.8649
26.0167
10.642
-19.2191
16.7439
13.347
-3.57814
7.31749
-1.30146
3.22444
12.6776
2.01456
4.58417
8.10781
5.36459
7.31054
0.714414
3.33784
-1.62051
1.64125
-21.7083
-6.02446
-2.8935
-29.6374
11.366
-9.2544
-35.9914
2.75682
-18.309
-17.0855
-10.4179
-30.8746
11.0932
-5.82377
-22.6422
31.6414
9.25608
-12.3067
35.4987
6.28455
-7.31762
29.4001
-2.71976
-1.07276
36.9412
-9.6757
6.09571
39.0977
-1.91876
12.3998
38.0494
-11.7629
2.65592
20.7656
-4.70101
9.55074
9.67486
6.2378
14.1241
7.67058
7.79265
20.1918
3.54867
-2.79123
21.2391
-3.4635
-4.70427
0.406114
-0.13395
3.87058
0.159898
-1.52044
8.83518
18.9635
-3.7675
11.1655
23.6844
0.36593
11.0205
1.65269
-0.46249
13.7215
8.50367
-19.2987
22.732
9.15382
2.9101
12.6165
32.584
26.9271
15.1027
-8.74861
28.1546
7.21558
24.2143
19.4681
-2.64984
6.59588
15.2347
0.737739
18.6133
16.0638
16.7869
31.7091
3.71913
24.6858
19.2961
13.8636
19.5639
1.12531
13.686
-3.02276
17.4928
10.2826
-7.28397
29.6725
14.3628
-16.4289
24.7466
17.2922
-14.0613
20.1718
18.4255
-14.5075
20.7757
14.4139
0.990268
17.6849
1.35647
6.33366
15.9201
7.5271
-6.82445
21.8186
-8.85842
-18.734
12.5407
-5.4366
-12.3339
-0.290355
-6.75632
-4.13955
-3.61276
0.861515
-17.992
-17.1781
-12.9037
11.5516
-3.30608
-18.8708
10.9801
-31.9567
-24.9512
-16.9265
-30.888
1.10737
-14.5363
-26.6939
24.2529
-14.1191
-3.48002
17.9419
-2.24761
9.44917
2.03035
-4.7531
11.3385
-1.77452
-2.42905
16.7129
-16.081
-10.0676
15.7103
-8.42753
-8.10254
18.2422
-1.76127
0.751255
9.10644
-10.8511
6.49927
25.9977
-5.49418
8.85843
28.8145
-4.97855
0.563574
17.899
-9.38842
5.87355
0.761489
-9.04989
6.21346
15.5373
-10.2476
11.4532
26.1616
-21.5798
5.42643
7.25717
-28.993
9.62324
-9.14973
-2.99509
18.8872
20.9751
36.3944
8.71742
15.7993
26.5988
-0.398879
12.3979
30.791
2.78171
23.7326
25.338
14.598
21.4931
26.5602
22.8045
35.0481
25.3654
33.5945
29.3701
30.7102
28.764
27.616
14.373
5.84818
29.6073
22.2495
-6.73208
28.7616
21.8515
-13.1118
17.462
4.55328
1.83804
28.5687
3.4029
0.0241042
28.9132
6.10098
7.66972
32.4755
10.644
13.3845
28.7411
8.21862
-0.928863
26.7529
3.17461
-19.6606
33.0381
3.22034
-26.9987
23.2358
0.657065
-36.8613
11.8672
-12.9732
-34.0989
-23.0361
-40.7553
-3.06281
-39.0684
-16.3814
-47.3981
-15.5991
-86.9077
54.0821
1.34672
-60.0408
-19.9554
-55.7243
96.855
-45.3605
-10.4944
32.7965
-31.726
0.733845
17.4295
-13.6614
8.95099
-1.85253
-2.47197
14.5782
3.94254
11.1107
33.1394
2.4772
-0.40242
30.8671
-1.85981
0.778657
27.4075
-14.7942
-3.58594
23.0308
-9.96221
12.4564
11.03
-7.17683
16.4006
29.1235
-17.7467
8.37583
29.0585
-23.1737
14.3002
12.1002
-24.8145
9.89034
11.9735
-27.3738
7.11244
16.6687
-23.1954
11.9144
7.98625
-32.2973
11.3699
-5.74608
-15.1428
13.1646
5.09015
15.6532
21.3702
6.03674
29.7591
26.4116
30.2857
24.8067
30.9601
8.67393
36.5927
28.5162
31.2264
23.829
34.2484
21.7971
14.2537
32.1464
19.5877
14.6419
17.8379
28.8039
29.8723
11.9296
19.3168
20.9776
4.85474
23.6669
24.1287
8.6732
30.5122
29.2074
3.06847
45.0559
28.274
16.0734
24.367
22.1243
15.7353
25.5896
14.9181
18.0263
27.6211
17.6768
-2.03755
32.4424
17.0061
-9.68744
27.8894
19.5172
-17.4609
22.6271
10.8622
-7.91956
32.2006
0.625217
-8.0102
54.6714
13.724
2.02421
81.109
92.0196
-91.7549
-5.10303
97.0094
-139.67
-8.46504
-93.1354
-86.5911
62.1075
-91.8305
47.5477
45.4681
-34.6768
62.122
35.4012
-3.69348
37.7208
1.95978
-14.2356
25.9095
7.52164
2.23649
21.2837
23.2397
-3.7301
21.8068
18.4771
-9.5715
19.4786
31.625
-9.97508
13.1489
30.1904
-14.3549
22.0006
25.3187
-25.5625
27.3192
21.0547
-27.5015
21.6738
31.4824
-16.7202
17.2781
27.3201
-14.2172
22.8452
2.21057
-25.7386
21.7428
18.4195
-30.0417
12.0907
11.1011
-33.5329
19.1224
12.7955
-40.1104
32.2144
7.16832
28.3828
11.3147
8.31718
27.4448
22.5683
20.4621
46.3813
28.8229
16.1104
30.3947
28.0234
22.6043
35.9389
28.8666
9.30706
26.1433
34.0263
27.4254
36.8174
22.1271
39.5499
30.3836
21.7855
22.8448
32.0338
17.9006
39.348
34.7861
28.0966
27.1553
35.4937
25.9379
29.5685
38.977
31.015
25.4037
37.745
41.0138
34.679
47.3019
48.9884
42.6425
49.0078
43.3629
34.8611
44.172
29.4542
33.5104
33.4966
22.2926
34.8304
32.804
9.8678
21.7377
34.7575
122.888
68.9482
67.045
-113.419
-48.2968
16.697
-314.394
-133.03
-3.77248
-389.208
-111.755
85.1838
-264.848
-80.2812
76.6089
28.0499
96.1222
-22.4293
-24.7848
26.1706
-67.9028
28.9895
-2.71125
17.7627
42.6252
40.3319
13.7363
3.29007
20.1708
0.845609
27.9528
24.8684
-24.9217
28.5933
46.3916
-23.5155
24.0144
34.2437
-26.6216
29.5686
25.3053
-25.8732
35.8515
23.111
-25.0377
36.4818
30.9795
-36.7783
33.0117
39.4405
-36.9686
33.1664
14.9084
-31.8731
34.4957
20.5778
-35.8526
33.2036
17.8968
-30.1873
28.1875
15.8959
-18.7309
27.2889
20.2015
15.1992
21.5228
19.2534
30.6
25.822
18.1219
14.2438
43.215
25.4749
39.8167
43.7708
17.6649
32.1021
38.6671
20.1171
26.7872
39.1004
20.4794
34.9729
28.5531
15.5649
26.2042
15.8093
27.0111
25.6004
15.9519
7.85596
27.2576
33.8907
9.86569
30.5731
52.5934
30.7589
27.9899
58.7202
35.0948
27.3788
51.8328
29.5291
23.2478
49.5329
23.7353
18.1883
51.5813
28.6679
23.3627
50.3784
31.7394
21.1899
54.8145
50.5798
25.8311
41.4714
33.8875
17.6975
58.4673
59.0204
-8.37978
-188.635
-39.4289
20.2388
-285.682
-91.8322
44.2603
-315.541
-104.672
29.0637
-315.358
-102.797
89.2899
-128.682
4.58594
130.307
0.298149
94.0316
-2.26477
96.8046
216.017
-41.8188
48.5524
165.881
56.7154
86.0924
59.6646
-7.99039
56.8056
18.8937
16.7727
2.54365
18.4255
-7.00745
39.3462
39.1834
-17.8393
50.0608
39.7193
-23.99
42.2638
35.6989
-24.7932
38.5938
30.0302
-36.987
42.8282
14.7045
-35.1954
45.4333
25.3622
-36.767
36.1384
17.9066
-41.2163
38.2857
34.5361
-36.4189
38.9326
31.0964
-38.025
44.3081
-3.31317
24.5011
31.7017
32.1853
43.7522
15.1274
11.5433
24.9212
18.3293
13.0066
45.0616
24.2632
14.3173
24.4253
40.7153
12.8162
40.9101
40.0264
15.5544
28.8341
36.8235
13.0658
36.2567
31.1545
9.13821
32.9633
31.8427
16.3631
33.1024
35.151
20.7036
33.2224
46.1281
25.2616
26.3152
53.8223
30.4461
23.2924
50.2466
20.2098
25.5323
65.6847
35.5877
22.1737
66.0458
40.3354
12.1378
52.5103
50.9621
1.37124
43.1018
50.6355
-27.5638
23.4691
60.9089
24.9942
23.6427
59.8542
22.3601
-157.465
-22.5327
14.8109
-221.878
-43.0472
30.5407
-248.715
-56.1624
59.455
-264.718
-62.988
32.1838
-228.859
-101.416
25.7001
-220.696
-63.1666
124.947
-244.41
-106.372
118.385
-98.2803
-76.6337
-58.4127
125.065
158.829
-147.166
89.2223
138.922
17.7051
56.0769
52.9084
1.5512
40.1846
72.5481
-75.0016
57.7959
52.4997
-67.2552
68.595
37.3284
-36.5605
62.003
31.8338
-27.6004
57.0314
19.5324
-36.1309
49.7189
20.6603
-30.5765
50.3075
17.3133
-37.3249
51.7084
13.9439
-35.6976
52.6396
40.1739
-33.8341
55.7059
36.2155
40.0801
61.3757
9.36073
31.2436
46.3404
8.9253
27.0414
47.0107
7.05318
25.4337
50.833
16.7256
27.4675
45.445
14.3878
33.677
45.004
20.775
27.1956
41.5646
17.1813
28.722
41.0467
20.0923
24.6086
49.7862
17.6682
18.92
64.0231
13.8929
21.9832
67.1086
21.5596
24.4737
60.2996
25.9566
18.1607
55.1522
22.0735
14.8706
57.3164
19.8073
17.2399
64.0973
36.6991
15.7765
58.2529
54.3089
21.6371
52.3599
64.4796
15.0955
45.359
50.9067
-16.191
29.5919
72.7615
14.0369
-127.355
-10.3803
41.0143
-178.034
-30.3163
40.553
-203.826
-43.8003
25.8589
-226.631
-54.2519
53.485
-232.825
-101.608
57.4728
-248.861
-117.32
-28.2966
-297.082
-156.315
-15.2841
-308.725
-150.937
116.449
-167.329
-111.154
107.654
-97.0972
-112.147
-77.3056
52.0551
24.8941
-98.7448
74.8379
-1.53008
-20.2087
61.9295
23.58
-18.5084
61.4469
40.0361
-26.5672
60.8299
21.9063
-36.6148
53.618
19.175
-28.5398
51.4472
7.85694
-27.3517
53.7676
21.4035
-35.4873
54.6169
18.5812
-31.9408
47.4497
16.215
-34.9186
33.1034
16.2655
24.5422
47.7052
20.1654
23.7189
31.5437
19.7883
34.5651
39.6782
18.4323
22.4843
47.8526
14.3114
28.9956
51.9701
21.8717
13.4166
50.4286
11.944
28.3815
57.9536
12.4629
24.6776
55.4317
12.0241
21.9378
58.5742
21.8123
20.2971
52.6208
16.8654
23.1407
50.5542
15.7794
19.5487
48.3416
16.7956
15.3614
61.2272
24.4657
12.6159
59.1275
20.6399
21.8251
51.4192
26.3933
14.8111
49.8054
32.2219
22.3155
70.3472
54.1953
35.6786
7.45483
20.5075
71.7346
-65.3474
-25.1383
25.4478
-178.265
-81.7573
-13.5232
-191.766
-99.8335
-12.8936
-194.81
-105.525
7.63988
-194.265
-128.48
5.94388
-217.515
-94.2748
5.2111
-229.645
-105.175
56.9496
-233.957
-141.265
44.0189
-243.485
-137.724
-46.105
-252.616
-164.081
-30.4734
-264.977
-177.03
96.7247
-23.9653
-73.5541
69.6928
71.3705
-4.00015
-28.0361
93.5822
-11.5325
-59.2818
92.1729
6.38216
-71.106
58.9163
-1.40154
-53.7227
52.1887
12.949
-31.1158
60.3702
11.5806
-32.3802
64.892
19.8306
-21.7501
52.8512
11.7892
-21.2955
53.528
23.7746
-21.7028
46.7074
23.8477
15.1582
46.9908
4.42612
29.0653
54.6108
9.01603
29.4658
50.2481
16.2007
24.9602
43.1446
9.80045
15.59
50.9291
6.56054
24.5375
54.3428
19.3574
24.6669
42.6172
15.7606
18.1321
40.4398
15.9623
23.7061
52.6531
16.0801
25.2139
61.3391
22.6496
11.8934
59.0151
10.8266
19.1448
51.4398
7.20047
15.1007
66.9612
14.1214
14.654
55.9648
9.0156
21.9924
69.0029
15.2115
45.9316
78.0864
40.9192
37.5121
19.6683
-6.307
13.1656
-101.694
-49.3606
-30.115
-181.753
-118.284
-20.0374
-200.144
-112.047
2.82496
-195.135
-128.549
-5.70601
-186.288
-130.288
-24.8338
-191.145
-115.626
-28.1106
-193.667
-151.792
-18.4914
-198.994
-166.354
-21.609
-228.833
-136.47
9.62161
-251.659
-147.035
72.2045
-237.859
-170.835
59.6585
-267.396
-172.525
-42.5356
-131.645
-105.585
-38.1614
-0.123155
-23.3056
13.0237
49.1769
9.03666
25.1843
87.1465
37.8091
-10.0411
93.7167
15.3064
-27.4221
49.0725
1.57341
-5.84368
50.1469
7.24037
-9.32876
48.6172
3.25584
-15.283
35.7406
5.97797
-13.2876
39.9517
13.0755
-21.1395
28.8393
-1.63195
15.2314
20.5189
14.2135
20.3283
24.3729
9.63333
2.56361
48.21
10.5833
17.1859
34.9762
5.26493
20.8125
47.0244
2.69906
3.02213
42.8077
0.697046
17.6513
43.2246
0.607715
13.7451
44.2038
6.60207
25.0932
37.9245
15.1578
5.40057
45.4029
14.9891
20.2053
44.2904
32.5459
25.4342
98.1083
67.4932
-8.33061
124.958
89.5708
9.61289
96.9569
64.6287
10.2569
71.3285
9.18145
26.0406
21.8502
-35.0399
-18.4361
-65.1178
-68.5392
-40.4773
-113.212
-102.121
-14.0756
-143.199
-120.544
-16.3213
-151.814
-121.201
-28.7804
-159.347
-117.014
-21.0734
-161.315
-113.255
-15.1878
-150.48
-129.085
-10.8046
-154.749
-127.691
-15.5175
-156.148
-132.017
-13.0347
-151.817
-139.275
-29.0437
-173.676
-148.107
-50.8831
-202.738
-112.825
-34.7219
-198.643
-127.435
49.5519
-187.787
-151.872
58.5658
-122.244
-125.131
-8.02937
-85.4674
-93.4119
-34.8422
17.4019
-73.4392
-7.48313
113.131
21.6955
7.64949
50.2862
7.44158
9.60507
48.6568
10.2173
12.8587
43.0622
2.53672
10.0141
39.6426
15.3678
-2.44798
39.6257
28.0139
-0.721545
13.5661
10.6794
13.7618
14.0068
0.235453
7.28778
22.4138
13.6256
-1.29091
32.3188
9.6802
10.6442
36.6454
10.7771
-2.64893
29.7963
-14.1094
10.7728
38.0355
-19.7659
-0.456326
33.6628
-28.3256
11.1319
47.3792
-22.3105
40.6995
67.0003
-5.09564
51.62
43.1637
-40.807
19.6409
17.0232
-84.2716
22.8129
7.8942
-94.1518
28.7454
-19.8715
-129.947
-2.69308
-32.3083
-129.499
-23.6691
-45.2147
-111.258
-42.0087
-62.2891
-117.056
-28.7074
-79.8809
-133.003
-16.9946
-92.4061
-130.472
-31.5551
-111.802
-106.832
-25.3746
-112.44
-116.864
-18.3727
-113.459
-129.853
-14.0792
-116.795
-114.617
-10.3153
-113.544
-106.735
-5.96698
-114.344
-87.9875
-5.35942
-122.927
-82.8579
-18.2731
-123.751
-80.7475
-22.7094
-121.975
-85.0501
-12.6776
-103.554
-113.696
-7.26238
-107.272
-97.0599
-45.9541
-125.174
-71.269
-30.6613
-136.528
-62.4848
34.8427
-49.007
-10.9272
53.1587
29.9569
30.5079
25.2933
88.3204
44.8542
-5.44049
47.1249
24.2474
-3.45283
21.1046
-1.00193
7.71789
36.1005
26.3303
2.77607
43.2301
20.3156
1.86925
33.1892
13.0988
-3.41399
22.8061
14.8543
13.9392
22.9729
19.7795
12.3547
33.9684
8.40271
8.0685
28.952
7.28432
8.27056
21.8783
0.774634
-0.024877
20.3897
-5.02199
-3.40531
25.7746
-11.6795
-21.0995
6.94218
-24.6465
-35.863
51.4602
-28.0153
-41.508
71.8268
-73.5744
-40.1303
77.2151
-79.1766
4.829
49.0218
-44.7537
3.58991
17.1739
-51.0275
-13.5717
-13.2522
-60.3547
7.59807
-32.3007
-59.5677
7.35314
-33.9709
-80.626
15.5792
-42.5617
-83.1479
2.08671
-52.6653
-75.2325
-11.6532
-62.1338
-77.9011
-5.81766
-69.2355
-91.1449
-15.0311
-84.8178
-84.6525
-15.6604
-96.7627
-78.5394
-29.8168
-97.0811
-96.5458
-36.5066
-100.006
-92.0656
-36.4956
-101.308
-85.5266
-29.8526
-96.8802
-88.7397
-2.13414
-96.8462
-76.6612
15.4245
-93.0753
-64.5979
20.3265
-97.6645
-47.1255
7.30519
-91.0689
-46.1636
22.9213
-67.6999
-45.7905
-1.9591
-36.308
-22.2571
-40.9107
-0.980118
-33.2458
-29.9201
22.1087
7.69978
11.6995
69.1322
30.7706
45.3737
53.8365
41.2827
37.6859
40.8814
19.6532
15.425
23.9166
25.5301
9.62643
37.3021
31.7399
-2.60914
38.8224
12.29
4.23001
42.1639
29.0515
3.12186
54.0916
13.4335
-1.59728
57.6902
12.636
3.57915
58.4073
10.7051
-3.73877
55.4292
23.7693
-7.09251
53.9143
23.4744
-12.4896
65.8066
26.3957
-20.6458
63.3091
44.8389
-29.0655
63.8427
73.3436
-42.9933
54.7934
95.9938
-45.781
25.6185
105.016
78.5038
82.4024
93.5733
18.7683
71.3017
65.816
-60.7973
68.2731
42.5819
-69.3696
52.6055
-1.43007
-33.4973
-3.49766
-14.0553
-36.0377
-27.1252
-24.8122
-24.6623
-21.0879
-27.1609
-10.1581
-28.5891
-39.4836
-12.7915
-32.2557
-43.6906
-2.94629
-26.0233
-38.1151
1.89531
-44.0482
-44.9889
23.2694
-53.3557
-44.2813
29.4459
-86.9802
-58.663
25.482
-99.8466
-65.5504
12.0098
-98.2529
-58.0486
-15.02
-87.5329
-54.6622
-37.2716
-61.474
-41.9745
-40.1173
-42.9964
-40.8996
-21.8112
-49.1372
-35.5429
-18.7366
-42.4783
-30.7864
1.92819
10.0222
-5.35425
47.7544
37.9674
20.4879
41.8149
58.2008
35.3445
17.7845
56.5418
34.0637
-7.2167
43.3107
29.1466
10.0041
51.5871
33.0929
26.2873
10.1348
19.0532
5.92379
-15.814
2.07076
-28.126
-16.4427
2.27783
-24.0749
18.0679
16.876
-5.9324
26.8806
6.60584
-12.8553
26.4871
10.554
-15.2244
29.1131
16.1582
-19.8485
23.8771
16.1664
-15.0171
21.9637
15.2224
-12.6097
15.3481
9.2284
-15.8
14.4936
10.2645
-12.4503
11.5355
10.561
1.17567
16.9946
0.30767
8.25806
1.13585
-3.53437
18.6336
20.6628
1.60642
-50.0095
5.3058
2.03819
-77.1485
3.73178
32.5387
-90.1606
10.4589
44.3364
-0.194314
30.111
49.5417
4.68236
38.124
70.114
21.9835
18.1553
88.8539
10.4396
8.88536
105.209
21.0468
-1.18927
110.101
18.7881
-0.372428
115.451
-36.1557
28.8381
121.549
-35.8641
15.7131
97.5956
-50.7142
6.38886
73.7395
-31.2683
-5.03425
54.4559
-17.3151
-3.17702
43.2382
9.68838
6.51151
45.197
42.3829
14.3452
52.1502
46.2445
20.4232
58.3426
31.1087
29.9875
64.1484
34.7174
32.3816
48.3029
4.33062
41.8867
41.5932
-13.0599
44.0868
50.1644
-6.94692
49.4552
39.482
8.53778
44.1012
35.6939
24.4073
54.2742
26.8305
22.9266
48.0951
19.4678
22.5033
37.9446
-2.79181
-3.90547
20.9147
-9.68282
-24.584
17.7337
-1.59715
-16.0306
3.15473
8.81509
-7.03789
-1.88773
-4.29418
-11.5423
-1.26517
1.40629
-17.7537
1.70867
7.65871
-14.8771
6.39781
17.2505
-1.14551
8.4868
9.47995
-3.35812
6.99057
9.85329
-7.90899
2.36148
-2.86473
6.76534
-4.82607
-9.34841
-2.86618
-1.41903
6.69912
0.836591
13.2644
15.4855
-0.0736803
10.1122
13.5909
10.725
-6.79304
8.37689
-1.04243
-15.3663
4.30494
2.31121
-16.5697
-0.161516
0.367986
-14.9986
5.63527
32.9903
-17.066
3.97241
57.6446
7.79195
-7.75117
44.3755
-5.49405
-19.3851
54.0804
0.0704563
-30.0163
40.4513
8.06606
-34.436
0.240022
12.3274
-21.1673
-23.2741
18.5834
-10.9081
-31.4866
-9.22225
-21.4446
-3.81648
-36.9167
-31.995
-31.0616
-44.5388
-24.8772
-43.3152
-30.3868
-17.5407
-28.0424
3.26045
6.00757
-39.2297
20.8937
18.4427
-34.2828
16.6038
22.364
-36.5043
8.08788
20.0857
-28.5723
-15.0873
-0.0688016
-19.8014
-20.8628
-5.99463
-2.32715
-25.2212
-12.8368
-19.0278
-18.8921
-8.9531
-18.1915
-9.38388
1.53899
-11.5461
-13.2972
6.7862
-9.68333
-8.15187
-3.78874
-1.83445
-3.82512
9.51272
-2.96473
-6.46846
0.592589
8.727
-5.76614
5.4071
-6.83893
-11.763
-0.230856
-1.06301
-9.91828
5.9645
-12.4851
-10.1398
1.52822
-12.0093
-12.5129
-11.3775
-2.79897
-2.20628
-12.3816
-7.27449
2.7896
-5.19556
-3.88086
-7.25259
0.00100994
-1.48761
-8.67638
7.46293
5.31036
-10.505
1.5673
2.74324
-0.0856709
3.60885
-8.90611
-5.42054
-7.71352
-8.5137
-6.47917
-10.9231
9.8533
-0.131088
-14.0004
-0.988769
-11.7036
-4.01155
24.5944
-4.60145
-7.10449
15.811
-17.5099
-5.25035
0.356611
-6.19884
-1.61271
-3.6123
-3.05834
-8.65863
3.63073
-8.52052
-4.92045
20.1857
-8.86113
-5.59307
14.2361
-16.6645
-10.2587
20.4993
-4.57315
-9.28228
-5.18973
-3.28288
-5.76146
-16.3501
5.58713
0.79166
-1.04671
14.5934
0.296787
17.89
3.27735
-9.18467
21.909
-2.14487
-14.5981
21.608
-6.59249
-27.1727
8.13075
-21.6604
-26.3698
7.71197
-8.25229
-16.7935
-23.52
-22.1069
-8.17809
-30.4193
-2.92085
-6.56662
-15.883
-15.5499
-19.5288
1.53513
-6.18581
-17.1303
-1.86712
-1.01
-12.7857
-5.31384
-3.88549
6.49964
-8.43714
-4.3346
-4.227
-12.4967
-7.44337
-10.1401
-15.9126
-13.5674
2.35837
4.92886
9.43669
-7.76825
0.765975
20.218
3.02703
-6.4553
17.8583
9.44286
-8.0699
3.90427
6.60962
-6.52811
-9.76884
1.03879
-5.29742
-17.7374
-4.56341
-6.0725
-14.9829
-1.34517
-4.68802
-5.93715
-1.88477
-8.39437
3.14838
-5.89104
-5.4921
3.43364
-13.5956
2.43572
3.15818
-19.9941
15.198
0.792291
-14.8483
12.1746
7.87464
0.665608
-1.43332
-2.88988
5.81281
0.256429
-10.2384
12.6819
4.39915
-12.2545
16.1031
2.7323
-20.7759
16.0927
-6.46971
-15.2715
19.5309
21.8824
-11.1565
15.0158
-1.24428
-12.8254
15.3484
18.8456
-8.23061
18.7687
-3.8117
-10.2288
16.925
-10.1269
-9.08546
14.6702
7.16772
-8.15827
13.3939
-9.12311
-0.948005
13.6411
7.13304
1.93133
15.8557
1.23259
0.146012
9.53563
-20.276
5.00081
-2.24945
-11.5933
-5.26762
-11.1491
-3.69065
-5.00906
-17.3026
-9.88778
-11.2888
-22.659
0.93373
-3.34775
-10.8174
11.0667
2.2827
-13.1535
19.0712
2.24324
3.20076
9.85233
-9.35589
3.61876
6.14043
-13.2254
3.56426
7.33903
1.11874
8.91311
2.544
8.03415
8.75754
10.0335
9.94032
0.997002
6.01985
6.64937
-6.87923
0.143147
