9.57926
12.7434
1.53698
-0.160804
3.53194
2.83734
3.09819
7.83362
-5.98614
4.08356
2.00277
7.7761
-0.700833
21.1352
8.06086
7.30666
15.4287
4.35876
14.1542
0.706975
-2.04993
14.0853
11.9402
-2.41059
5.45037
10.7312
-2.46316
2.94486
22.2195
-6.82816
1.82817
27.3881
-15.5977
1.77688
14.9842
-1.7604
-6.22106
7.99689
5.04736
-13.6507
10.5536
5.45623
-7.98557
2.95295
11.882
-15.3665
1.29688
11.0079
-8.35721
3.27332
3.08912
-1.35169
-3.05958
12.2746
-0.398821
-5.76328
-8.21549
2.04798
1.67782
-19.0508
-2.10566
2.77909
-13.93
-11.546
5.43146
0.791483
-17.5196
5.97993
9.83831
-13.9168
0.759365
17.887
-6.17
4.09508
15.97
-2.22651
8.16614
14.4063
4.59335
12.2484
-14.5933
7.53133
2.03232
-3.77976
12.2211
1.87737
-4.30933
8.93412
6.30802
3.63618
0.736885
0.7114
5.85751
-3.12284
4.07419
9.66955
-17.952
-0.646159
3.90683
-1.72899
8.69306
-5.13907
14.9696
9.14516
-7.65385
-14.3191
6.05595
-8.97873
-6.0686
13.7004
-2.93658
11.8549
-7.4872
5.9864
0.910544
-6.31774
-9.59922
4.93729
-3.46102
2.19063
4.41177
1.46049
-0.534192
0.519562
5.2881
6.70312
-3.30783
18.9785
4.63393
-1.31621
-5.84987
-1.41654
4.67563
23.6161
5.8918
10.2232
16.5251
3.58341
14.7725
1.04768
-1.28855
11.643
11.3812
-0.973184
7.11202
14.6152
7.81646
4.89548
23.6146
2.77937
5.40909
18.2144
2.52179
11.0627
12.8381
-9.5907
10.4839
8.79872
-24.1107
16.8936
6.9279
-16.8269
23.8334
5.09908
1.94541
29.4023
5.88305
19.4409
25.5106
1.34194
20.1969
15.3763
-2.76363
23.7736
7.0138
-3.0414
23.9057
13.2063
-1.75079
13.1971
19.9975
-11.7121
9.00763
25.4756
-7.40441
-13.5162
30.5538
2.86791
-21.4944
30.9623
4.63071
-8.8148
35.6634
4.72876
-5.9667
25.5663
5.86432
2.77739
24.7375
7.82932
15.5384
19.0455
-1.15373
-0.969011
16.1452
6.92263
15.8706
6.57531
8.92659
5.48056
7.0834
6.26051
-1.79795
4.99275
1.75247
-9.84881
5.52572
2.14266
-3.28097
-2.51745
11.8449
4.88876
-10.6093
6.51319
12.5827
-16.8468
12.1054
4.2363
-12.4663
15.4215
2.14895
-8.25026
-8.05156
-4.78517
-9.39366
-19.9266
-2.81054
0.472967
-1.17122
7.21331
15.7853
5.80294
4.60323
13.7185
2.03379
6.19029
7.14601
15.9088
4.56871
4.58782
-0.984474
3.28688
5.71394
29.7381
4.60597
5.82492
13.8993
2.68721
5.12351
3.10875
-1.18291
0.379328
14.1391
-9.21574
3.46125
30.8689
5.61197
0.248498
24.0917
8.23031
-6.02056
12.1016
-4.30185
-5.16926
6.46291
-9.16919
-4.48918
6.86079
-30.0868
-6.89472
12.3223
-18.7067
-8.68344
13.2701
0.437301
-3.27934
18.0621
12.0436
-2.81874
11.775
19.9393
-4.45396
4.52543
21.0227
-1.73739
3.41269
23.7014
-8.43237
-7.65406
27.9777
-3.00331
-7.41892
8.09889
-5.68041
-9.71173
-2.67475
-3.57435
-1.0122
-11.5844
-5.88221
-1.75208
-6.98557
-3.54206
-1.06403
-3.90749
-5.08672
3.38938
4.79267
-12.951
9.43823
12.8623
-21.0048
5.67994
7.54924
-16.3991
8.35664
8.93698
-12.154
13.4704
10.0252
-11.9426
14.7387
-4.65812
-17.15
8.42675
-7.34889
-18.6498
4.07546
-2.09116
-21.617
4.29075
2.25556
-16.0124
3.04158
-2.34309
-10.1634
4.00585
0.0345669
0.76806
17.0346
-8.11727
0.714584
-10.8689
7.92169
-9.06791
1.69669
16.0199
-3.96718
9.1176
-6.32393
12.7057
-0.525665
6.80117
14.2942
-6.59225
11.192
10.1836
12.2181
-1.08735
4.62541
-2.59571
1.35128
-3.40431
30.0343
5.55676
-5.08091
7.40969
5.18464
-6.25552
-1.78792
-2.97888
-6.86963
21.5729
2.80684
-5.34737
27.2537
6.75057
2.19588
17.3373
4.02458
6.64691
5.05017
-3.92104
8.98507
9.36935
-7.0384
11.6893
9.82705
-26.1286
15.3855
14.8411
-24.2886
17.5241
10.2601
-5.90244
10.3136
16.7717
5.76436
12.0428
22.148
9.68989
4.6223
9.52638
12.4233
-2.54601
0.486856
26.5606
1.30354
-6.36137
27.9461
6.76509
-9.39512
22.8437
8.32747
-13.6617
12.6016
6.1923
-13.2569
-2.04014
8.60118
-3.58784
-8.28814
8.16484
-4.82831
-5.89966
8.24036
-5.41199
5.12653
6.58473
2.36282
14.761
3.03941
1.92742
15.0722
10.7941
7.18842
6.3815
2.35878
13.8524
7.56364
5.51349
11.0566
-5.24509
8.1023
14.9159
-5.25194
-4.5898
9.04735
-4.50099
-16.4705
9.60014
-11.04
-18.8754
0.514669
3.43907
-4.07973
-1.34057
15.0517
-0.0446108
16.8568
-2.87569
4.81054
-3.82833
-26.6376
9.10334
24.115
-7.69185
11.2572
7.09017
6.44095
18.9102
-1.76461
10.9184
18.298
0.268434
0.563346
19.2836
7.17438
18.5694
10.7343
-0.361923
30.6226
0.69063
31.1016
13.8514
-8.42418
6.98897
5.09471
-8.71189
10.6177
1.35385
-4.42854
19.5691
-1.02747
2.92796
26.2049
0.895004
12.6126
9.35359
0.330525
14.7888
4.99597
1.03233
17.1715
9.19474
-9.12016
17.1909
19.4157
-9.02731
15.831
14.7643
-8.96099
7.20877
20.1835
-4.7431
8.44929
14.857
-11.5111
-0.776854
10.8167
-25.505
5.31729
11.7006
-23.9433
3.11676
2.58909
-6.88563
1.03552
-6.98125
-5.83283
8.17609
-9.13528
1.15728
12.7966
-9.92942
22.6597
13.3016
-12.8303
21.2525
3.28094
-15.6555
4.39832
-6.34249
-4.67003
0.234229
-3.4237
-4.06855
5.50074
-2.95669
2.56849
10.2923
-7.28902
7.56194
13.9461
-9.84542
2.69925
8.33704
9.42309
6.90777
12.3691
8.05914
13.8026
5.73829
0.235484
17.4243
9.56415
-4.37867
11.3533
3.28455
-6.109
7.31116
6.70222
-9.45517
-2.40325
-1.68949
1.39729
4.11183
-6.37061
10.2311
22.8615
8.21648
15.2623
9.84807
0.368452
15.5471
24.3911
-2.24099
13.0212
-2.01621
-4.26846
23.5363
7.87963
18.6561
21.4275
15.476
10.4266
24.2856
-9.63448
3.90548
17.3744
11.5975
-16.7924
0.995545
30.5746
-5.52034
-10.0932
-4.2425
10.3501
-14.8665
11.7679
12.3297
-2.52281
26.1042
10.3658
10.7736
18.158
0.323038
19.7838
21.0306
-2.51365
17.8557
16.5146
-2.92549
12.1591
19.5514
-3.88575
9.91835
17.8922
1.14341
1.26871
28.9688
-7.96237
-13.8261
19.5606
-18.4992
-13.1728
16.9158
-33.8113
-8.88929
6.0146
-37.3475
0.197337
2.84387
-31.2846
11.6185
1.6158
-24.2818
10.6027
-4.54732
-15.5456
-0.258004
-10.9299
-6.23906
-3.01352
-14.6225
-0.327253
5.43188
-14.5701
2.44381
10.0296
-14.0783
-15.5504
0.430234
-13.4493
4.84339
4.22834
-7.41847
-5.5713
3.61938
2.20204
-5.79251
1.77411
12.782
0.0160796
-6.52259
0.0954485
0.0211368
-3.58214
6.10669
8.32036
6.91716
10.4877
8.26716
1.73198
8.39502
7.98602
-4.13277
20.941
-0.784612
-4.89955
9.46862
-0.721763
-3.33884
2.95636
8.46479
4.03749
11.8364
-6.83415
10.2844
22.2615
-16.7258
17.1969
3.37195
-24.7719
19.3295
15.9792
-26.3289
14.0907
6.73627
-4.24287
21.516
-0.0472802
3.35265
21.9631
16.8712
35.5363
22.853
-11.474
39.4738
11.0379
35.0721
42.2758
3.43827
20.9896
12.952
-5.45277
8.61501
-2.05923
-12.7103
26.8393
-0.339181
1.03076
34.4359
12.9191
19.9235
25.3136
16.612
24.5924
19.361
10.9976
15.0227
16.3312
0.185678
-2.48426
23.2569
2.19517
-12.9764
29.1522
-3.2904
-16.9888
28.5464
-1.97601
-21.6432
19.6217
-11.8995
-19.0408
10.5548
-13.3373
-0.262497
-1.0088
-21.8476
10.5513
4.5827
-15.7878
3.48953
-7.92721
-24.1945
-3.47049
-7.24748
-26.9536
2.59287
-8.67142
-34.9381
14.6481
-14.6314
-10.2077
6.75097
-9.39235
7.14317
11.1498
-17.1619
0.342232
4.21397
-15.8103
-1.22824
-3.54613
-10.6951
16.9996
6.27443
2.82592
9.51111
-5.07261
14.3242
9.81554
-2.08242
-4.13127
5.67496
-12.3788
5.42826
-2.11584
-0.0392631
-3.28284
-1.31768
9.09516
27.2303
-8.54378
1.65484
19.6318
-6.78729
-3.3157
20.3897
-14.9891
-1.28971
7.80123
-14.0467
3.56797
8.84045
-16.8088
11.4557
23.9909
-16.9174
16.8397
11.8503
-21.4836
14.2826
-7.34707
-12.8456
16.9094
7.58921
-27.0646
22.6694
5.96762
40.5424
18.0292
23.1986
3.14488
16.9451
-12.3713
-2.03749
-0.0744523
41.6033
-2.44263
-5.38454
-2.01035
21.5657
-2.52042
4.13085
25.4796
0.901401
26.2805
29.4873
13.7679
33.6748
11.6001
26.2883
23.3241
6.41562
11.721
16.6398
15.4596
-3.0737
18.3175
14.9358
-13.0725
33.57
7.57605
-25.3882
27.6773
11.3213
-20.4459
17.8127
14.1989
-3.80653
7.78456
-1.38454
3.43026
13.4868
2.14314
4.87677
8.62533
5.70701
7.77718
0.760015
3.55089
-1.72394
1.74601
-23.0939
-6.409
-3.07819
-31.5291
12.0915
-9.84511
-38.2887
2.93278
-19.4777
-18.176
-11.0829
-32.8453
11.8012
-6.1955
-24.0874
33.6611
9.8469
-13.0922
37.7645
6.68569
-7.78471
31.2767
-2.89336
-1.14123
39.2992
-10.2933
6.48479
41.5933
-2.04124
13.1913
40.478
-12.5138
2.82545
22.091
-5.00108
10.1604
10.2924
6.63596
15.0257
8.16019
8.29005
21.4806
3.77518
-2.9694
22.5947
-3.68458
-5.00454
0.432036
-0.1425
4.11764
0.170104
-1.61749
9.39913
20.1739
-4.00797
11.8782
25.1962
0.389288
11.7239
1.75818
-0.49201
14.5974
9.04646
-20.5305
24.183
9.73811
3.09585
13.4218
34.6638
28.6458
16.0667
-9.30704
29.9516
7.67615
25.7599
20.7107
-2.81897
7.01689
16.2071
0.784829
19.8013
17.0892
17.8584
33.7331
3.95652
26.2615
20.5278
14.7485
20.8126
1.19714
14.5596
-3.2157
18.6094
10.939
-7.7489
31.5665
15.2795
-17.4775
26.3262
18.396
-14.9589
21.4594
19.6016
-15.4335
22.1018
15.334
1.05348
18.8137
1.44305
6.73794
16.9363
8.00756
-7.26005
23.2113
-9.42385
-19.9298
13.3411
-5.78362
-13.1211
-0.308888
-7.18758
-4.40378
-3.84336
0.916506
-19.1405
-18.2745
-13.7273
12.289
-3.5171
-20.0753
11.681
-33.9965
-26.5438
-18.0069
-32.8596
1.17806
-15.4641
-28.3978
25.8009
-15.0203
-3.70215
19.0871
-2.39107
10.0523
2.15994
-5.05649
12.0622
-1.88779
-2.5841
17.7797
-17.1075
-10.7102
16.7131
-8.96545
-8.61972
19.4066
-1.87369
0.799207
9.6877
-11.5437
6.91411
27.6572
-5.84488
9.42387
30.6538
-5.29633
0.599547
19.0415
-9.98768
6.24845
0.810095
-9.62754
6.61006
16.529
-10.9017
12.1842
27.8315
-22.9572
5.7728
7.7204
-30.8436
10.2375
-9.73376
-3.18626
20.0928
22.3139
38.7174
9.27385
16.8078
28.2966
-0.424339
13.1892
32.7564
2.95926
25.2475
26.9553
15.5298
22.865
28.2556
24.2601
37.2852
26.9845
35.7388
31.2448
32.6705
30.6
29.3787
15.2905
6.22147
31.4971
23.6697
-7.16179
30.5975
23.2462
-13.9487
18.5766
4.84392
1.95536
30.3923
3.62011
0.0256428
30.7587
6.4904
8.15928
34.5484
11.3234
14.2388
30.5756
8.74321
-0.988152
28.4605
3.37724
-20.9156
35.1469
3.42589
-28.722
24.7189
0.699005
-39.2141
12.6247
-13.8013
-36.2754
-24.5065
-43.3567
-3.25831
-41.5622
-17.427
-50.4235
-16.5947
-92.455
57.5342
1.43268
-63.8731
-21.2291
-59.2811
103.037
-48.2558
-11.1643
34.8899
-33.7511
0.780686
18.542
-14.5334
9.52233
-1.97078
-2.62976
15.5087
4.19419
11.8199
35.2547
2.63532
-0.428107
32.8373
-1.97852
0.828358
29.1569
-15.7386
-3.81484
24.5009
-10.5981
13.2515
11.7341
-7.63493
17.4474
30.9824
-18.8794
8.91046
30.9133
-24.6528
15.213
12.8726
-26.3984
10.5216
12.7377
-29.1211
7.56642
17.7327
-24.676
12.6749
8.49601
-34.3588
12.0956
-6.11285
-16.1094
14.0049
5.41505
16.6523
22.7343
6.42206
31.6586
28.0974
32.2189
26.3901
32.9363
9.22759
38.9284
30.3364
33.2196
25.35
36.4345
23.1884
15.1635
34.1983
20.838
15.5765
18.9765
30.6424
31.7791
12.691
20.5497
22.3166
5.16462
25.1775
25.6688
9.22681
32.4598
31.0717
3.26433
47.9318
30.0788
17.0994
25.9224
23.5364
16.7396
27.223
15.8703
19.1769
29.3842
18.8051
-2.16761
34.5132
18.0916
-10.3058
29.6696
20.763
-18.5754
24.0714
11.5556
-8.42506
34.2559
0.665124
-8.52149
58.161
14.6
2.15341
86.2862
97.8932
-97.6116
-5.42876
103.201
-148.585
-9.00536
-99.0802
-92.1182
66.0718
-97.6921
50.5827
48.3703
-36.8902
66.0872
37.6609
-3.92924
40.1285
2.08487
-15.1442
27.5633
8.00175
2.37925
22.6422
24.7231
-3.96819
23.1987
19.6565
-10.1824
20.722
33.6436
-10.6118
13.9882
32.1174
-15.2711
23.4048
26.9347
-27.1941
29.063
22.3986
-29.2569
23.0572
33.4919
-17.7875
18.3809
29.064
-15.1247
24.3034
2.35167
-27.3815
23.1306
19.5952
-31.9592
12.8625
11.8097
-35.6733
20.3429
13.6122
-42.6706
34.2706
7.62587
30.1945
12.0369
8.84807
29.1966
24.0088
21.7682
49.3418
30.6627
17.1387
32.3348
29.8121
24.0471
38.2329
30.7092
9.90113
27.812
36.1982
29.1759
39.1675
23.5394
42.0743
32.323
23.1761
24.303
34.0785
19.0432
41.8596
37.0065
29.89
28.8886
37.7592
27.5935
31.4559
41.4649
32.9947
27.0253
40.1543
43.6317
36.8926
50.3211
52.1153
45.3643
52.136
46.1308
37.0863
46.9915
31.3342
35.6494
35.6347
23.7156
37.0536
34.8979
10.4977
23.1252
36.9761
130.732
73.3492
71.3244
-120.659
-51.3795
17.7628
-334.461
-141.521
-4.01328
-414.051
-118.888
90.6211
-281.754
-85.4055
81.4988
29.8403
102.258
-23.861
-26.3668
27.8411
-72.2371
30.8399
-2.88431
18.8965
45.346
42.9063
14.6131
3.50008
21.4583
0.899584
29.737
26.4558
-26.5124
30.4184
49.3527
-25.0165
25.5472
36.4294
-28.3208
31.4559
26.9205
-27.5247
38.1399
24.5862
-26.6359
38.8105
32.957
-39.1258
35.1188
41.9579
-39.3283
35.2834
15.86
-33.9076
36.6976
21.8913
-38.1411
35.3229
19.0392
-32.1141
29.9867
16.9105
-19.9264
29.0307
21.491
16.1694
22.8966
20.4823
32.5532
27.4703
19.2786
15.153
45.9734
27.101
42.3582
46.5647
18.7925
34.1512
41.1352
21.4012
28.497
41.5962
21.7866
37.2052
30.3756
16.5585
27.8768
16.8185
28.7352
27.2344
16.9701
8.3574
28.9974
36.0539
10.4954
32.5246
55.9504
32.7222
29.7765
62.4683
37.3349
29.1264
55.1413
31.414
24.7317
52.6946
25.2503
19.3492
54.8737
30.4978
24.854
53.5941
33.7653
22.5424
58.3133
53.8083
27.4799
44.1185
36.0505
18.8271
62.1992
62.7877
-8.91466
-200.675
-41.9456
21.5307
-303.917
-97.6938
47.0855
-335.681
-111.354
30.9189
-335.487
-109.358
94.9893
-136.896
4.87866
138.625
0.31718
100.034
-2.40933
102.984
229.805
-44.488
51.6515
176.469
60.3355
91.5877
63.473
-8.50042
60.4314
20.0997
17.8433
2.70601
19.6016
-7.45474
41.8577
41.6845
-18.9779
53.2562
42.2546
-25.5213
44.9615
37.9775
-26.3757
41.0573
31.947
-39.3478
45.5619
15.6431
-37.4419
48.3333
26.981
-39.1138
38.4451
19.0496
-43.8471
40.7295
36.7406
-38.7435
41.4176
33.0813
-40.4521
47.1363
-3.52464
26.065
33.7252
34.2396
46.5449
16.093
12.2801
26.5119
19.4992
13.8369
47.9379
25.8119
15.2311
25.9844
43.3142
13.6343
43.5214
42.5813
16.5473
30.6745
39.1739
13.8998
38.571
33.1431
9.7215
35.0674
33.8752
17.4076
35.2153
37.3947
22.0251
35.343
49.0725
26.874
27.9949
57.2578
32.3895
24.7791
53.4538
21.4998
27.162
69.8774
37.8593
23.5891
70.2615
42.91
12.9125
55.8621
54.215
1.45876
45.853
53.8675
-29.3232
24.9672
64.7967
26.5896
25.1518
63.6746
23.7873
-167.516
-23.971
15.7562
-236.041
-45.7949
32.4901
-264.591
-59.7472
63.25
-281.615
-67.0086
34.2381
-243.467
-107.889
27.3405
-234.783
-67.1985
132.923
-260.011
-113.162
125.942
-104.554
-81.5252
-62.1412
133.048
168.967
-156.559
94.9174
147.789
18.8352
59.6563
56.2855
1.65022
42.7496
77.1789
-79.789
61.485
55.8508
-71.5481
72.9734
39.711
-38.8942
65.9607
33.8657
-29.3622
60.6717
20.7791
-38.4372
52.8925
21.9791
-32.5282
53.5186
18.4184
-39.7073
55.0089
14.834
-37.9761
55.9996
42.7382
-35.9937
59.2616
38.5271
42.6384
65.2933
9.95823
33.2379
49.2983
9.495
28.7675
50.0114
7.50339
27.0572
54.0777
17.7932
29.2207
48.3457
15.3061
35.8265
47.8766
22.1011
28.9315
44.2176
18.278
30.5553
43.6667
21.3748
26.1794
52.964
18.7959
20.1276
68.1096
14.7797
23.3864
71.3921
22.9358
26.0359
64.1486
27.6134
19.3199
58.6725
23.4824
15.8198
60.9749
21.0715
18.3404
68.1886
39.0416
16.7835
61.9711
57.7754
23.0182
55.702
68.5953
16.0591
48.2543
54.1561
-17.2245
31.4808
77.4058
14.9328
-135.484
-11.0429
43.6322
-189.398
-32.2514
43.1415
-216.836
-46.596
27.5095
-241.096
-57.7148
56.8989
-247.686
-108.093
61.1413
-264.746
-124.809
-30.1028
-316.044
-166.293
-16.2597
-328.431
-160.571
123.882
-178.009
-118.249
114.526
-103.295
-119.305
-82.24
55.3777
26.4831
-105.048
79.6148
-1.62775
-21.4987
65.8825
25.0851
-19.6898
65.369
42.5916
-28.263
64.7127
23.3046
-38.9519
57.0404
20.3989
-30.3615
54.7311
8.35845
-29.0975
57.1996
22.7697
-37.7524
58.1031
19.7673
-33.9795
50.4784
17.25
-37.1475
35.2164
17.3038
26.1087
50.7502
21.4525
25.2328
33.5571
21.0514
36.7714
42.2109
19.6088
23.9195
50.9071
15.2249
30.8463
55.2873
23.2677
14.273
53.6474
12.7064
30.193
61.6528
13.2584
26.2528
58.9699
12.7916
23.3381
62.313
23.2046
21.5927
55.9795
17.9419
24.6178
53.781
16.7866
20.7965
51.4272
17.8677
16.342
65.1353
26.0273
13.4211
62.9016
21.9573
23.2182
54.7013
28.078
15.7565
52.9845
34.2787
23.7399
74.8375
57.6546
37.9559
7.93067
21.8164
76.3134
-69.5185
-26.7429
27.0721
-189.644
-86.9759
-14.3864
-204.007
-106.206
-13.7166
-207.245
-112.261
8.12753
-206.665
-136.68
6.32328
-231.399
-100.292
5.54373
-244.303
-111.888
60.5847
-248.89
-150.282
46.8287
-259.026
-146.515
-49.0479
-268.741
-174.554
-32.4185
-281.89
-188.33
102.899
-25.495
-78.249
74.1413
75.9261
-4.25548
-29.8256
99.5555
-12.2686
-63.0657
98.0562
6.78953
-75.6447
62.6769
-1.49101
-57.1518
55.5199
13.7756
-33.1019
64.2236
12.3198
-34.4471
69.0341
21.0964
-23.1385
56.2247
12.5417
-22.6548
56.9447
25.2922
-23.0881
49.6888
25.3699
16.1258
49.9902
4.70864
30.9205
58.0966
9.59152
31.3466
53.4554
17.2347
26.5534
45.8985
10.426
16.5851
54.1799
6.97929
26.1038
57.8115
20.593
26.2414
45.3375
16.7666
19.2895
43.0211
16.9812
25.2193
56.014
17.1065
26.8233
65.2543
24.0953
12.6526
62.782
11.5177
20.3668
54.7232
7.66008
16.0646
71.2353
15.0228
15.5894
59.537
9.59106
23.3962
73.4074
16.1825
48.8634
83.0706
43.5311
39.9064
20.9237
-6.70957
14.0059
-108.185
-52.5112
-32.0372
-193.355
-125.834
-21.3163
-212.919
-119.199
3.00528
-207.591
-136.754
-6.07023
-198.178
-138.604
-26.4189
-203.346
-123.006
-29.9049
-206.028
-161.481
-19.6717
-211.696
-176.973
-22.9883
-243.439
-145.181
10.2358
-267.722
-156.42
76.8133
-253.042
-181.739
63.4665
-284.464
-183.538
-45.2507
-140.048
-112.325
-40.5973
-0.131016
-24.7932
13.855
52.3158
9.61346
26.7919
92.709
40.2224
-10.6821
99.6986
16.2834
-29.1724
52.2048
1.67384
-6.21668
53.3477
7.70252
-9.92421
51.7204
3.46366
-16.2585
38.022
6.35954
-14.1357
42.5019
13.9101
-22.4889
30.6801
-1.73612
16.2036
21.8286
15.1208
21.6258
25.9286
10.2482
2.72724
51.2872
11.2588
18.2828
37.2087
5.60098
22.141
50.026
2.87134
3.21503
45.5401
0.741538
18.778
45.9836
0.646505
14.6225
47.0253
7.02348
26.6949
40.3452
16.1253
5.74529
48.301
15.9459
21.495
47.1174
34.6233
27.0577
104.37
71.8013
-8.86235
132.935
95.2881
10.2265
103.146
68.754
10.9116
75.8814
9.7675
27.7027
23.2449
-37.2765
-19.6129
-69.2742
-72.9141
-43.0609
-120.439
-108.64
-14.974
-152.34
-128.239
-17.3631
-161.504
-128.937
-30.6174
-169.519
-124.483
-22.4185
-171.611
-120.484
-16.1573
-160.085
-137.324
-11.4943
-164.627
-135.841
-16.508
-166.115
-140.443
-13.8667
-161.507
-148.164
-30.8976
-184.762
-157.561
-54.1309
-215.679
-120.027
-36.9382
-211.322
-135.57
52.7148
-199.774
-161.566
62.304
-130.046
-133.118
-8.54188
-90.9228
-99.3744
-37.0662
18.5127
-78.1268
-7.96078
120.353
23.0803
8.13776
53.496
7.91658
10.2182
51.7626
10.8695
13.6795
45.8108
2.69863
10.6533
42.173
16.3487
-2.60424
42.155
29.802
-0.767601
14.432
11.3611
14.6402
14.9009
0.250481
7.75296
23.8444
14.4953
-1.37331
34.3817
10.2981
11.3236
38.9845
11.465
-2.81801
31.6982
-15.01
11.4604
40.4633
-21.0276
-0.485453
35.8115
-30.1336
11.8425
50.4034
-23.7346
43.2973
71.2769
-5.4209
54.9149
45.9189
-43.4117
20.8946
18.1098
-89.6506
24.269
8.39808
-100.162
30.5802
-21.1399
-138.241
-2.86498
-34.3706
-137.765
-25.1799
-48.1007
-118.359
-44.6901
-66.265
-124.527
-30.5398
-84.9797
-141.492
-18.0794
-98.3043
-138.8
-33.5692
-118.938
-113.651
-26.9943
-119.617
-124.323
-19.5454
-120.701
-138.142
-14.9779
-124.25
-121.933
-10.9737
-120.791
-113.548
-6.34785
-121.643
-93.6038
-5.70152
-130.773
-88.1467
-19.4395
-131.65
-85.9016
-24.1589
-129.761
-90.4789
-13.4868
-110.164
-120.954
-7.72593
-114.119
-103.255
-48.8874
-133.164
-75.8181
-32.6184
-145.243
-66.4732
37.0667
-52.1351
-11.6247
56.5518
31.869
32.4552
26.9078
93.9578
47.7173
-5.78776
50.1329
25.7951
-3.67323
22.4517
-1.06589
8.21052
38.4048
28.0109
2.95327
45.9895
21.6124
1.98856
35.3076
13.9349
-3.6319
24.2618
15.8025
14.8289
24.4393
21.0421
13.1433
36.1366
8.93905
8.58351
30.8
7.74928
8.79847
23.2747
0.824079
-0.0264649
21.6912
-5.34254
-3.62267
27.4198
-12.425
-22.4462
7.3853
-26.2197
-38.1522
54.7449
-29.8036
-44.1575
76.4115
-78.2706
-42.6918
82.1437
-84.2304
5.13724
52.1508
-47.6103
3.81906
18.2702
-54.2846
-14.438
-14.0981
-64.2071
8.08305
-34.3624
-63.3699
7.82249
-36.1392
-85.7724
16.5736
-45.2784
-88.4552
2.21991
-56.0269
-80.0346
-12.3971
-66.0998
-82.8736
-6.189
-73.6548
-96.9626
-15.9905
-90.2317
-90.0559
-16.66
-102.939
-83.5526
-31.72
-103.278
-102.708
-38.8368
-106.389
-97.9421
-38.8251
-107.774
-90.9857
-31.7581
-103.064
-94.404
-2.27036
-103.028
-81.5544
16.409
-99.0162
-68.7211
21.624
-103.898
-50.1336
7.77148
-96.8819
-49.1102
24.3844
-72.0211
-48.7133
-2.08415
-38.6256
-23.6777
-43.522
-1.04268
-35.3679
-31.8299
23.5199
8.19125
12.4463
73.5449
32.7347
48.2698
57.2729
43.9178
40.0914
43.4909
20.9076
16.4095
25.4432
27.1597
10.2409
39.683
33.7658
-2.77569
41.3004
13.0745
4.50001
44.8552
30.9058
3.32113
57.5443
14.291
-1.69924
61.3725
13.4425
3.8076
62.1354
11.3884
-3.97741
58.9672
25.2865
-7.54523
57.3556
24.9728
-13.2868
70.007
28.0806
-21.9636
67.3502
47.701
-30.9207
67.9177
78.0251
-45.7375
58.2909
102.121
-48.7032
27.2537
111.719
83.5147
87.6621
99.546
19.9663
75.8528
70.017
-64.678
72.6309
45.2999
-73.7975
55.9633
-1.52135
-35.6354
-3.72092
-14.9524
-38.338
-28.8566
-26.3959
-26.2365
-22.434
-28.8946
-10.8065
-30.414
-42.0038
-13.608
-34.3146
-46.4794
-3.13435
-27.6843
-40.5479
2.01628
-46.8597
-47.8605
24.7546
-56.7614
-47.1077
31.3254
-92.5321
-62.4075
27.1085
-106.22
-69.7344
12.7763
-104.524
-61.7538
-15.9787
-93.1201
-58.1513
-39.6507
-65.3979
-44.6538
-42.678
-45.7408
-43.5102
-23.2034
-52.2736
-37.8116
-19.9325
-45.1897
-32.7515
2.05127
10.6619
-5.69601
50.8025
40.3908
21.7957
44.4839
61.9157
37.6005
18.9196
60.1508
36.238
-7.67734
46.0752
31.007
10.6427
54.8799
35.2052
27.9652
10.7817
20.2693
6.3019
-16.8234
2.20294
-29.9213
-17.4923
2.42323
-25.6115
19.2212
17.9531
-6.31106
28.5964
7.02749
-13.6759
28.1777
11.2277
-16.1962
30.9713
17.1896
-21.1155
25.4011
17.1983
-15.9756
23.3656
16.194
-13.4146
16.3278
9.81745
-16.8085
15.4187
10.9197
-13.245
12.2718
11.2351
1.25071
18.0794
0.327308
8.78517
1.20835
-3.75997
19.823
21.9817
1.70895
-53.2016
5.64447
2.16829
-82.0728
3.96997
34.6156
-95.9156
11.1265
47.1664
-0.206717
32.033
52.7039
4.98124
40.5575
74.5893
23.3867
19.3141
94.5254
11.106
9.45251
111.924
22.3902
-1.26518
117.129
19.9873
-0.396199
122.82
-38.4635
30.6789
129.308
-38.1533
16.7161
103.825
-53.9513
6.79665
78.4463
-33.2641
-5.35558
57.9318
-18.4203
-3.37981
45.9981
10.3068
6.92714
48.0819
45.0882
15.2609
55.4789
49.1963
21.7268
62.0666
33.0943
31.9016
68.2429
36.9334
34.4485
51.3861
4.60704
44.5603
44.2481
-13.8936
46.9009
53.3664
-7.39034
52.6119
42.0021
9.08274
46.9161
37.9723
25.9652
57.7385
28.5431
24.39
51.165
20.7104
23.9396
40.3666
-2.97001
-4.15476
22.2497
-10.3009
-26.1532
18.8656
-1.69909
-17.0539
3.35609
9.37775
-7.48711
-2.00822
-4.56828
-12.2791
-1.34592
1.49605
-18.8869
1.81773
8.14756
-15.8267
6.80618
18.3516
-1.21863
9.02851
10.0851
-3.57247
7.43677
10.4822
-8.41382
2.51221
-3.04758
7.19717
-5.13412
-9.94511
-3.04912
-1.5096
7.12672
0.889991
14.1111
16.474
-0.0783833
10.7576
14.4584
11.4096
-7.22664
8.91158
-1.10897
-16.3471
4.57972
2.45874
-17.6273
-0.171825
0.391475
-15.956
5.99496
35.096
-18.1553
4.22597
61.324
8.28931
-8.24592
47.2079
-5.84474
-20.6225
57.5324
0.0749535
-31.9323
43.0333
8.58092
-36.634
0.255342
13.1142
-22.5184
-24.7597
19.7696
-11.6043
-33.4964
-9.8109
-22.8134
-4.06009
-39.2731
-34.0372
-33.0443
-47.3817
-26.4651
-46.08
-32.3264
-18.6604
-29.8323
3.46856
6.39104
-41.7337
22.2274
19.6199
-36.471
17.6636
23.7915
-38.8344
8.60413
21.3678
-30.3961
-16.0504
-0.0731932
-21.0653
-22.1944
-6.37727
-2.47569
-26.8311
-13.6562
-20.2424
-20.098
-9.52457
-19.3527
-9.98285
1.63722
-12.2831
-14.1459
7.21936
-10.3014
-8.6722
-4.03057
-1.95155
-4.06928
10.1199
-3.15397
-6.88134
0.630414
9.28404
-6.13419
5.75224
-7.27545
-12.5138
-0.245591
-1.13086
-10.5514
6.34521
-13.282
-10.787
1.62577
-12.7759
-13.3116
-12.1037
-2.97763
-2.34711
-13.172
-7.73882
2.96766
-5.52719
-4.12858
-7.71552
0.00107441
-1.58256
-9.23019
7.93929
5.64932
-11.1755
1.66734
2.91835
-0.0911393
3.83921
-9.47458
-5.76653
-8.20587
-9.05712
-6.89273
-11.6203
10.4822
-0.139455
-14.8941
-1.05188
-12.4507
-4.2676
26.1643
-4.89516
-7.55797
16.8202
-18.6276
-5.58548
0.379373
-6.59451
-1.71565
-3.84287
-3.25355
-9.21131
3.86248
-9.06438
-5.23452
21.4741
-9.42673
-5.95007
15.1448
-17.7282
-10.9135
21.8077
-4.86505
-9.87476
-5.52099
-3.49243
-6.12921
-17.3938
5.94376
0.842191
-1.11352
15.5249
0.315731
19.0319
3.48654
-9.77092
23.3075
-2.28177
-15.5299
22.9872
-7.01329
-28.9071
8.64973
-23.043
-28.0529
8.20423
-8.77904
-17.8655
-25.0212
-23.518
-8.7001
-32.3609
-3.10728
-6.98576
-16.8968
-16.5425
-20.7753
1.63311
-6.58065
-18.2238
-1.9863
-1.07447
-13.6018
-5.65302
-4.1335
6.91452
-8.97568
-4.61128
-4.49681
-13.2944
-7.91848
-10.7873
-16.9283
-14.4334
2.50891
5.24347
10.039
-8.26409
0.814867
21.5085
3.22024
-6.86734
18.9982
10.0456
-8.585
4.15348
7.03151
-6.9448
-10.3924
1.10509
-5.63555
-18.8695
-4.8547
-6.46011
-15.9392
-1.43103
-4.98725
-6.31612
-2.00508
-8.93018
3.34934
-6.26706
-5.84266
3.6528
-14.4634
2.59119
3.35977
-21.2703
16.1681
0.842863
-15.7961
12.9517
8.37727
0.708094
-1.52481
-3.07434
6.18384
0.272796
-10.8919
13.4914
4.67995
-13.0367
17.131
2.9067
-22.102
17.1199
-6.88267
-16.2462
20.7776
23.2791
-11.8686
15.9743
-1.32371
-13.6441
16.3281
20.0485
-8.75597
19.9667
-4.055
-10.8817
18.0053
-10.7733
-9.66538
15.6066
7.62523
-8.67901
14.2489
-9.70544
-1.00852
14.5118
7.58834
2.05461
16.8678
1.31126
0.155332
10.1443
-21.5702
5.32001
-2.39304
-12.3333
-5.60385
-11.8608
-3.92622
-5.32878
-18.407
-10.5189
-12.0093
-24.1053
0.99333
-3.56144
-11.5079
11.7731
2.42841
-13.9931
20.2885
2.38643
3.40506
10.4812
-9.95308
3.84974
6.53237
-14.0696
3.79176
7.80748
1.19015
9.48203
2.70639
8.54697
9.31653
10.674
10.5748
1.06064
6.4041
7.0738
-7.31833
0.152284
