9.48347
12.616
1.52161
-0.159196
3.49662
2.80897
3.0672
7.75528
-5.92628
4.04273
1.98274
7.69834
-0.693824
20.9239
7.98025
7.2336
15.2744
4.31517
14.0126
0.699905
-2.02943
13.9445
11.8208
-2.38649
5.39587
10.6239
-2.43852
2.91541
21.9973
-6.75988
1.80988
27.1142
-15.4417
1.75911
14.8344
-1.7428
-6.15885
7.91692
4.99688
-13.5142
10.4481
5.40166
-7.90571
2.92342
11.7632
-15.2129
1.28391
10.8978
-8.27364
3.24059
3.05823
-1.33818
-3.02898
12.1518
-0.394833
-5.70564
-8.13334
2.0275
1.66105
-18.8603
-2.0846
2.7513
-13.7907
-11.4305
5.37714
0.783568
-17.3444
5.92013
9.73993
-13.7777
0.751771
17.7082
-6.1083
4.05413
15.8103
-2.20424
8.08448
14.2622
4.54742
12.1259
-14.4474
7.45602
2.012
-3.74196
12.0989
1.85859
-4.26624
8.84478
6.24494
3.59982
0.729517
0.704286
5.79893
-3.09161
4.03345
9.57285
-17.7725
-0.639698
3.86776
-1.7117
8.60613
-5.08768
14.8199
9.05371
-7.57731
-14.1759
5.99539
-8.88894
-6.00791
13.5634
-2.90722
11.7364
-7.41233
5.92654
0.901438
-6.25456
-9.50323
4.88792
-3.42641
2.16873
4.36765
1.44588
-0.528851
0.514367
5.23522
6.63609
-3.27476
18.7887
4.58759
-1.30305
-5.79137
-1.40237
4.62888
23.3799
5.83289
10.121
16.3598
3.54758
14.6248
1.0372
-1.27567
11.5266
11.2674
-0.963452
7.0409
14.469
7.73829
4.84652
23.3784
2.75158
5.355
18.0322
2.49657
10.9521
12.7097
-9.49479
10.3791
8.71073
-23.8696
16.7247
6.85862
-16.6586
23.5951
5.04809
1.92596
29.1083
5.82422
19.2465
25.2555
1.32852
19.9949
15.2225
-2.73599
23.5358
6.94366
-3.01099
23.6666
13.0742
-1.73328
13.0651
19.7975
-11.595
8.91756
25.2209
-7.33037
-13.381
30.2483
2.83923
-21.2795
30.6527
4.5844
-8.72665
35.3068
4.68148
-5.90703
25.3106
5.80567
2.74961
24.4901
7.75103
15.383
18.8551
-1.14219
-0.959321
15.9837
6.85341
15.7119
6.50956
8.83732
5.42575
7.01257
6.19791
-1.77997
4.94282
1.73494
-9.75033
5.47047
2.12123
-3.24816
-2.49228
11.7265
4.83987
-10.5032
6.44806
12.4569
-16.6783
11.9843
4.19394
-12.3417
15.2673
2.12746
-8.16776
-7.97105
-4.73732
-9.29972
-19.7273
-2.78244
0.468238
-1.15951
7.14117
15.6274
5.74491
4.5572
13.5813
2.01346
6.12839
7.07455
15.7497
4.52302
4.54194
-0.97463
3.25401
5.6568
29.4407
4.55991
5.76667
13.7603
2.66034
5.07227
3.07767
-1.17108
0.375535
13.9977
-9.12358
3.42664
30.5602
5.55585
0.246013
23.8507
8.14801
-5.96035
11.9806
-4.25884
-5.11757
6.39829
-9.07749
-4.44428
6.79219
-29.7859
-6.82577
12.1991
-18.5196
-8.5966
13.1374
0.432928
-3.24655
17.8815
11.9232
-2.79055
11.6573
19.7399
-4.40942
4.48018
20.8125
-1.72002
3.37856
23.4644
-8.34805
-7.57752
27.698
-2.97327
-7.34473
8.0179
-5.6236
-9.61461
-2.64801
-3.53861
-1.00208
-11.4685
-5.82339
-1.73456
-6.91572
-3.50664
-1.05339
-3.86841
-5.03585
3.35549
4.74475
-12.8215
9.34384
12.7336
-20.7948
5.62314
7.47375
-16.2351
8.27307
8.84761
-12.0325
13.3357
9.9249
-11.8232
14.5913
-4.61154
-16.9785
8.34248
-7.2754
-18.4633
4.03471
-2.07025
-21.4008
4.24784
2.233
-15.8523
3.01116
-2.31966
-10.0617
3.96579
0.0342212
0.760379
16.8642
-8.0361
0.707438
-10.7602
7.84248
-8.97723
1.67972
15.8597
-3.92751
9.02642
-6.26069
12.5787
-0.520409
6.73316
14.1512
-6.52633
11.0801
10.0818
12.0959
-1.07648
4.57916
-2.56976
1.33776
-3.37027
29.734
5.50119
-5.0301
7.33559
5.13279
-6.19297
-1.77004
-2.9491
-6.80093
21.3572
2.77877
-5.2939
26.9811
6.68306
2.17392
17.1639
3.98433
6.58044
4.99967
-3.88183
8.89522
9.27565
-6.96801
11.5724
9.72878
-25.8673
15.2317
14.6927
-24.0457
17.3488
10.1575
-5.84341
10.2104
16.604
5.70671
11.9224
21.9265
9.59299
4.57608
9.43112
12.2991
-2.52055
0.481988
26.295
1.2905
-6.29776
27.6666
6.69744
-9.30117
22.6153
8.2442
-13.5251
12.4756
6.13038
-13.1243
-2.01973
8.51517
-3.55196
-8.20526
8.08319
-4.78003
-5.84066
8.15795
-5.35787
5.07526
6.51888
2.33919
14.6134
3.00901
1.90815
14.9214
10.6861
7.11653
6.31768
2.33519
13.7138
7.488
5.45835
10.946
-5.19264
8.02128
14.7667
-5.19942
-4.5439
8.95687
-4.45598
-16.3058
9.50414
-10.9296
-18.6867
0.509522
3.40468
-4.03893
-1.32716
14.9012
-0.0441647
16.6882
-2.84693
4.76243
-3.79005
-26.3713
9.01231
23.8739
-7.61493
11.1446
7.01927
6.37654
18.7211
-1.74696
10.8092
18.1151
0.26575
0.557713
19.0908
7.10264
18.3837
10.627
-0.358304
30.3163
0.683724
30.7906
13.7128
-8.33994
6.91908
5.04376
-8.62477
10.5115
1.34031
-4.38425
19.3734
-1.01719
2.89868
25.9429
0.886054
12.4865
9.26005
0.327219
14.6409
4.94602
1.022
16.9998
9.10279
-9.02896
17.019
19.2216
-8.93704
15.6727
14.6167
-8.87138
7.13668
19.9817
-4.69566
8.36479
14.7084
-11.396
-0.769085
10.7085
-25.2499
5.26412
11.5836
-23.7039
3.08559
2.5632
-6.81677
1.02517
-6.91144
-5.7745
8.09432
-9.04393
1.14571
12.6687
-9.83012
22.4331
13.1686
-12.702
21.04
3.24813
-15.4989
4.35434
-6.27906
-4.62333
0.231887
-3.38947
-4.02786
5.44574
-2.92712
2.5428
10.1894
-7.21613
7.48632
13.8066
-9.74697
2.67226
8.25367
9.32886
6.83869
12.2454
7.97855
13.6646
5.68091
0.233129
17.25
9.46851
-4.33488
11.2397
3.25171
-6.04791
7.23805
6.63519
-9.36062
-2.37922
-1.67259
1.38331
4.07071
-6.3069
10.1288
22.6329
8.13432
15.1097
9.74959
0.364768
15.3917
24.1472
-2.21858
12.891
-1.99605
-4.22578
23.301
7.80083
18.4696
21.2133
15.3213
10.3224
24.0427
-9.53814
3.86643
17.2007
11.4815
-16.6245
0.98559
30.2688
-5.46513
-9.99226
-4.20007
10.2466
-14.7178
11.6503
12.2064
-2.49758
25.8431
10.2622
10.6658
17.9764
0.319808
19.586
20.8203
-2.48851
17.6772
16.3494
-2.89623
12.0375
19.3559
-3.84689
9.81917
17.7133
1.13198
1.25602
28.6791
-7.88275
-13.6878
19.365
-18.3142
-13.0411
16.7466
-33.4732
-8.8004
5.95445
-36.9741
0.195364
2.81543
-30.9718
11.5023
1.59964
-24.039
10.4967
-4.50184
-15.3902
-0.255424
-10.8206
-6.17666
-2.98338
-14.4763
-0.32398
5.37756
-14.4244
2.41937
9.92932
-13.9376
-15.3949
0.425931
-13.3148
4.79495
4.18606
-7.34429
-5.51559
3.58319
2.18002
-5.73459
1.75637
12.6542
0.0159188
-6.45736
0.094494
0.0209254
-3.54632
6.04562
8.23715
6.84799
10.3828
8.18449
1.71466
8.31107
7.90616
-4.09145
20.7316
-0.776766
-4.85055
9.37393
-0.714545
-3.30545
2.9268
8.38015
3.99712
11.718
-6.76581
10.1816
22.0389
-16.5586
17.0249
3.33824
-24.5242
19.1362
15.8194
-26.0656
13.9498
6.66891
-4.20044
21.3008
-0.0468074
3.31912
21.7434
16.7025
35.1809
22.6245
-11.3593
39.0791
10.9276
34.7214
41.853
3.40389
20.7797
12.8225
-5.39824
8.52886
-2.03863
-12.5832
26.571
-0.33579
1.02045
34.0915
12.7899
19.7243
25.0605
16.4459
24.3465
19.1674
10.8876
14.8724
16.1679
0.183822
-2.45942
23.0243
2.17321
-12.8466
28.8607
-3.25749
-16.8189
28.261
-1.95625
-21.4268
19.4255
-11.7805
-18.8504
10.4492
-13.2039
-0.259872
-0.998707
-21.6291
10.4458
4.53688
-15.6299
3.45463
-7.84794
-23.9526
-3.43579
-7.175
-26.6841
2.56694
-8.5847
-34.5887
14.5016
-14.4851
-10.1056
6.68346
-9.29843
7.07173
11.0383
-16.9903
0.33881
4.17183
-15.6522
-1.21596
-3.51066
-10.5881
16.8296
6.21169
2.79766
9.41599
-5.02188
14.181
9.71738
-2.0616
-4.08996
5.61821
-12.255
5.37398
-2.09468
-0.0388705
-3.25001
-1.3045
9.00421
26.958
-8.45835
1.63829
19.4355
-6.71942
-3.28255
20.1858
-14.8392
-1.27682
7.72322
-13.9062
3.53229
8.75204
-16.6407
11.3411
23.751
-16.7482
16.6713
11.7318
-21.2687
14.1398
-7.2736
-12.7171
16.7403
7.51331
-26.7939
22.4427
5.90794
40.137
17.8489
22.9666
3.11343
16.7756
-12.2476
-2.01711
-0.0737078
41.1873
-2.41821
-5.33069
-1.99025
21.3501
-2.49521
4.08954
25.2248
0.892387
26.0176
29.1924
13.6302
33.3381
11.4841
26.0254
23.0908
6.35147
11.6038
16.4734
15.305
-3.04296
18.1343
14.7865
-12.9417
33.2343
7.50029
-25.1344
27.4006
11.2081
-20.2414
17.6346
14.0569
-3.76846
7.70671
-1.37069
3.39596
13.3519
2.12171
4.828
8.53908
5.64994
7.6994
0.752415
3.51538
-1.7067
1.72855
-22.863
-6.34491
-3.04741
-31.2138
11.9706
-9.74666
-37.9058
2.90346
-19.2829
-17.9943
-10.9721
-32.5168
11.6832
-6.13354
-23.8466
33.3245
9.74843
-12.9613
37.3869
6.61883
-7.70686
30.9639
-2.86443
-1.12982
38.9062
-10.1904
6.41995
41.1773
-2.02082
13.0594
40.0733
-12.3886
2.79719
21.8701
-4.95107
10.0588
10.1895
6.5696
14.8754
8.07858
8.20715
21.2658
3.73743
-2.9397
22.3688
-3.64773
-4.9545
0.427715
-0.141075
4.07646
0.168403
-1.60131
9.30514
19.9722
-3.96789
11.7595
24.9443
0.385395
11.6067
1.74059
-0.48709
14.4514
8.956
-20.3252
23.9412
9.64073
3.06489
13.2876
34.3172
28.3593
15.9061
-9.21396
29.6521
7.59938
25.5023
20.5036
-2.79078
6.94673
16.0451
0.776981
19.6033
16.9183
17.6798
33.3957
3.91695
25.9988
20.3225
14.601
20.6045
1.18516
14.414
-3.18354
18.4233
10.8296
-7.67141
31.2508
15.1267
-17.3028
26.063
18.212
-14.8093
21.2448
19.4056
-15.2792
21.8808
15.1806
1.04294
18.6256
1.42862
6.67056
16.7669
7.92748
-7.18745
22.9792
-9.32961
-19.7305
13.2077
-5.72578
-12.9899
-0.305799
-7.1157
-4.35974
-3.80492
0.907341
-18.9491
-18.0918
-13.59
12.1661
-3.48193
-19.8746
11.5642
-33.6565
-26.2783
-17.8268
-32.531
1.16628
-15.3095
-28.1138
25.5429
-14.8701
-3.66513
18.8962
-2.36716
9.95179
2.13834
-5.00592
11.9416
-1.86891
-2.55825
17.6019
-16.9364
-10.6031
16.546
-8.8758
-8.53352
19.2125
-1.85496
0.791215
9.59082
-11.4282
6.84497
27.3806
-5.78643
9.32963
30.3472
-5.24337
0.593552
18.8511
-9.8878
6.18597
0.801994
-9.53126
6.54396
16.3637
-10.7927
12.0624
27.5532
-22.7276
5.71507
7.64319
-30.5352
10.1351
-9.63642
-3.1544
19.8918
22.0908
38.3303
9.18111
16.6397
28.0136
-0.420096
13.0573
32.4288
2.92967
24.995
26.6857
15.3745
22.6363
27.973
24.0175
36.9123
26.7146
35.3814
30.9324
32.3438
30.294
29.0849
15.1376
6.15925
31.1822
23.433
-7.09017
30.2915
23.0138
-13.8092
18.3908
4.79548
1.93581
30.0883
3.5839
0.0253864
30.4511
6.4255
8.07769
34.2029
11.2102
14.0964
30.2699
8.65578
-0.97827
28.1759
3.34347
-20.7064
34.7955
3.39163
-28.4348
24.4717
0.692015
-38.822
12.4984
-13.6633
-35.9127
-24.2614
-42.9231
-3.22573
-41.1465
-17.2527
-49.9192
-16.4288
-91.5305
56.9589
1.41835
-63.2344
-21.0169
-58.6883
102.007
-47.7733
-11.0526
34.541
-33.4136
0.772879
18.3566
-14.388
9.4271
-1.95107
-2.60346
15.3536
4.15225
11.7017
34.9021
2.60897
-0.423825
32.509
-1.95874
0.820075
28.8653
-15.5812
-3.77669
24.2559
-10.4921
13.1189
11.6167
-7.55858
17.2729
30.6726
-18.6907
8.82135
30.6042
-24.4063
15.0609
12.7439
-26.1344
10.4164
12.6104
-28.8299
7.49076
17.5554
-24.4292
12.5482
8.41105
-34.0152
11.9747
-6.05172
-15.9483
13.8649
5.3609
16.4858
22.5069
6.35784
31.342
27.8164
31.8967
26.1262
32.6069
9.13531
38.5391
30.033
32.8874
25.0965
36.0701
22.9565
15.0118
33.8563
20.6296
15.4207
18.7867
30.336
31.4613
12.5641
20.3443
22.0934
5.11297
24.9257
25.4121
9.13454
32.1352
30.761
3.23168
47.4524
29.778
16.9284
25.6632
23.3011
16.5723
26.9508
15.7116
18.9852
29.0903
18.617
-2.14593
34.1681
17.9107
-10.2027
29.3729
20.5554
-18.3896
23.8307
11.44
-8.34081
33.9134
0.658473
-8.43627
57.5794
14.454
2.13188
85.4233
96.9143
-96.6355
-5.37447
102.169
-147.099
-8.91531
-98.0894
-91.197
65.4111
-96.7151
50.0769
47.8866
-36.5213
65.4264
37.2842
-3.88995
39.7272
2.06402
-14.9928
27.2877
7.92173
2.35545
22.4158
24.4759
-3.92851
22.9667
19.46
-10.0806
20.5147
33.3072
-10.5057
13.8483
31.7962
-15.1184
23.1708
26.6654
-26.9222
28.7724
22.1746
-28.9644
22.8266
33.157
-17.6096
18.1971
28.7733
-14.9734
24.0604
2.32815
-27.1077
22.8993
19.3992
-31.6396
12.7338
11.6916
-35.3166
20.1395
13.4761
-42.2439
33.9279
7.54961
29.8925
11.9165
8.75959
28.9046
23.7688
21.5505
48.8484
30.3561
16.9673
32.0115
29.514
23.8067
37.8506
30.4021
9.80212
27.5339
35.8362
28.8842
38.7758
23.304
41.6536
31.9998
22.9443
24.06
33.7377
18.8528
41.441
36.6364
29.5911
28.5998
37.3816
27.3176
31.1413
41.0502
32.6647
26.755
39.7528
43.1954
36.5237
49.8179
51.5941
44.9107
51.6146
45.6695
36.7154
46.5216
31.0209
35.2929
35.2783
23.4784
36.6831
34.5489
10.3927
22.894
36.6063
129.425
72.6157
70.6112
-119.452
-50.8657
17.5852
-331.117
-140.106
-3.97315
-409.911
-117.699
89.7149
-278.936
-84.5515
80.6838
29.5419
101.235
-23.6224
-26.1031
27.5627
-71.5147
30.5315
-2.85547
18.7075
44.8925
42.4773
14.467
3.46508
21.2437
0.890588
29.4397
26.1912
-26.2473
30.1142
48.8592
-24.7664
25.2918
36.0651
-28.0376
31.1414
26.6513
-27.2495
37.7585
24.3403
-26.3695
38.4224
32.6274
-38.7346
34.7676
41.5384
-38.935
34.9306
15.7014
-33.5685
36.3306
21.6724
-37.7597
34.9697
18.8488
-31.793
29.6868
16.7414
-19.7272
28.7404
21.276
16.0077
22.6677
20.2775
32.2276
27.1956
19.0858
15.0015
45.5137
26.83
41.9346
46.099
18.6046
33.8097
40.7239
21.1872
28.212
41.1802
21.5688
36.8332
30.0719
16.3929
27.5981
16.6503
28.4479
26.9621
16.8004
8.27383
28.7075
35.6934
10.3905
32.1994
55.3909
32.395
29.4787
61.8436
36.9616
28.8351
54.5899
31.0998
24.4844
52.1677
24.9978
19.1557
54.325
30.1928
24.6054
53.0581
33.4277
22.317
57.7302
53.2703
27.2051
43.6773
35.69
18.6389
61.5772
62.1598
-8.82551
-198.669
-41.5262
21.3154
-300.878
-96.7169
46.6146
-332.325
-110.24
30.6097
-332.133
-108.264
94.0394
-135.527
4.82988
137.239
0.314008
99.0333
-2.38523
101.954
227.507
-44.0432
51.135
174.705
59.7322
90.6718
62.8383
-8.41541
59.8271
19.8987
17.6648
2.67895
19.4056
-7.38019
41.4391
41.2676
-18.7882
52.7236
41.832
-25.2661
44.5119
37.5977
-26.112
40.6467
31.6276
-38.9543
45.1063
15.4867
-37.0675
47.85
26.7112
-38.7226
38.0606
18.8591
-43.4087
40.3222
36.3732
-38.3561
41.0035
32.7505
-40.0476
46.6649
-3.4894
25.8044
33.3879
33.8972
46.0795
15.9321
12.1573
26.2468
19.3042
13.6985
47.4585
25.5538
15.0788
25.7245
42.881
13.4979
43.0862
42.1555
16.3818
30.3678
38.7822
13.7608
38.1853
32.8117
9.62428
34.7167
33.5365
17.2335
34.8632
37.0207
21.8049
34.9895
48.5817
26.6053
27.7149
56.6852
32.0656
24.5314
52.9193
21.2848
26.8904
69.1786
37.4807
23.3532
69.5588
42.4809
12.7834
55.3034
53.6729
1.44418
45.3944
53.3289
-29.03
24.7175
64.1488
26.3237
24.9003
63.0379
23.5494
-165.841
-23.7313
15.5987
-233.68
-45.337
32.1652
-261.945
-59.1497
62.6175
-278.799
-66.3385
33.8957
-241.033
-106.81
27.0671
-232.435
-66.5265
131.593
-257.411
-112.03
124.682
-103.508
-80.71
-61.5198
131.718
167.278
-154.994
93.9682
146.311
18.6468
59.0597
55.7227
1.63371
42.3221
76.4071
-78.9911
60.8701
55.2923
-70.8326
72.2436
39.3139
-38.5052
65.3011
33.5271
-29.0685
60.065
20.5713
-38.0528
52.3636
21.7593
-32.203
52.9834
18.2342
-39.3102
54.4588
14.6856
-37.5964
55.4396
42.3109
-35.6338
58.669
38.1418
42.212
64.6404
9.85864
32.9055
48.8053
9.40005
28.4798
49.5112
7.42835
26.7866
53.5369
17.6152
28.9285
47.8623
15.1531
35.4683
47.3978
21.88
28.6422
43.7754
18.0952
30.2497
43.23
21.1611
25.9176
52.4344
18.6079
19.9263
67.4285
14.6319
23.1525
70.6782
22.7064
25.7755
63.5071
27.3373
19.1267
58.0858
23.2476
15.6616
60.3652
20.8608
18.1569
67.5067
38.6512
16.6157
61.3514
57.1977
22.788
55.145
67.9093
15.8985
47.7717
53.6145
-17.0522
31.166
76.6318
14.7835
-134.13
-10.9324
43.1959
-187.504
-31.9288
42.7101
-214.667
-46.1301
27.2344
-238.685
-57.1377
56.3299
-245.209
-107.012
60.5298
-262.099
-123.56
-29.8018
-312.884
-164.63
-16.0971
-325.146
-158.965
122.643
-176.229
-117.067
113.38
-102.262
-118.112
-81.4176
54.8239
26.2182
-103.997
78.8187
-1.61147
-21.2837
65.2237
24.8343
-19.4929
64.7153
42.1657
-27.9804
64.0656
23.0715
-38.5624
56.47
20.1949
-30.0579
54.1838
8.27486
-28.8066
56.6276
22.542
-37.3749
57.5221
19.5696
-33.6398
49.9736
17.0775
-36.776
34.8643
17.1307
25.8476
50.2427
21.238
24.9805
33.2215
20.8409
36.4037
41.7888
19.4127
23.6803
50.398
15.0726
30.5379
54.7345
23.035
14.1303
53.111
12.5793
29.8911
61.0363
13.1259
25.9902
58.3802
12.6637
23.1047
61.6899
22.9725
21.3768
55.4197
17.7625
24.3716
53.2432
16.6187
20.5885
50.913
17.689
16.1785
64.4839
25.767
13.2869
62.2726
21.7377
22.986
54.1543
27.7972
15.599
52.4547
33.9359
23.5025
74.0891
57.078
37.5764
7.85137
21.5983
75.5502
-68.8234
-26.4754
26.8014
-187.748
-86.1061
-14.2425
-201.967
-105.144
-13.5794
-205.172
-111.138
8.04625
-204.598
-135.314
6.26004
-229.085
-99.2894
5.48829
-241.86
-110.769
59.9789
-246.401
-148.779
46.3604
-256.436
-145.05
-48.5574
-266.053
-172.809
-32.0943
-279.071
-186.446
101.87
-25.24
-77.4665
73.3999
75.1668
-4.21293
-29.5273
98.56
-12.1459
-62.4351
97.0757
6.72164
-74.8883
62.0501
-1.4761
-56.5803
54.9647
13.6378
-32.7709
63.5814
12.1966
-34.1026
68.3438
20.8854
-22.9071
55.6625
12.4162
-22.4282
56.3753
25.0393
-22.8572
49.1919
25.1162
15.9645
49.4903
4.66155
30.6113
57.5156
9.49561
31.0332
52.9209
17.0624
26.2879
45.4396
10.3217
16.4192
53.6381
6.9095
25.8427
57.2334
20.3871
25.9789
44.8841
16.5989
19.0966
42.5909
16.8114
24.9671
55.4538
16.9354
26.5551
64.6018
23.8544
12.5261
62.1542
11.4025
20.1632
54.1759
7.58348
15.9039
70.523
14.8725
15.4335
58.9417
9.49515
23.1622
72.6733
16.0207
48.3748
82.2399
43.0958
39.5074
20.7144
-6.64248
13.8659
-107.103
-51.9861
-31.7168
-191.421
-124.576
-21.1032
-210.789
-118.007
2.97523
-205.515
-135.386
-6.00952
-196.197
-137.218
-26.1548
-201.312
-121.776
-29.6059
-203.968
-159.867
-19.4749
-209.579
-175.203
-22.7584
-241.005
-143.729
10.1334
-265.045
-154.856
76.0451
-250.511
-179.922
62.8318
-281.619
-181.702
-44.7982
-138.647
-111.202
-40.1913
-0.129706
-24.5452
13.7165
51.7927
9.51733
26.5239
91.7819
39.8202
-10.5752
98.7016
16.1205
-28.8807
51.6828
1.6571
-6.15451
52.8143
7.6255
-9.82497
51.2032
3.42903
-16.096
37.6417
6.29595
-13.9944
42.0768
13.771
-22.264
30.3733
-1.71876
16.0416
21.6103
14.9696
21.4096
25.6693
10.1457
2.69997
50.7744
11.1462
18.1
36.8366
5.54497
21.9195
49.5257
2.84262
3.18288
45.0847
0.734123
18.5902
45.5237
0.64004
14.4763
46.555
6.95325
26.428
39.9418
15.9641
5.68784
47.818
15.7864
21.2801
46.6462
34.2771
26.7871
103.327
71.0832
-8.77373
131.605
94.3353
10.1242
102.114
68.0664
10.8025
75.1225
9.66983
27.4257
23.0124
-36.9037
-19.4168
-68.5815
-72.1849
-42.6303
-119.234
-107.553
-14.8243
-150.816
-126.956
-17.1895
-159.889
-127.647
-30.3113
-167.823
-123.238
-22.1943
-169.895
-119.279
-15.9957
-158.484
-135.951
-11.3793
-162.98
-134.483
-16.3429
-164.454
-139.039
-13.728
-159.892
-146.683
-30.5886
-182.914
-155.986
-53.5896
-213.522
-118.827
-36.5688
-209.209
-134.214
52.1877
-197.776
-159.951
61.681
-128.746
-131.787
-8.45646
-90.0135
-98.3806
-36.6956
18.3275
-77.3456
-7.88117
119.149
22.8495
8.05638
52.961
7.83741
10.116
51.245
10.7608
13.5427
45.3527
2.67165
10.5468
41.7513
16.1852
-2.5782
41.7335
29.504
-0.759925
14.2877
11.2475
14.4938
14.7519
0.247977
7.67543
23.606
14.3503
-1.35958
34.0379
10.1951
11.2104
38.5947
11.3504
-2.78983
31.3812
-14.8599
11.3458
40.0586
-20.8173
-0.480599
35.4534
-29.8323
11.7241
49.8994
-23.4973
42.8643
70.5642
-5.36669
54.3658
45.4597
-42.9776
20.6857
17.9287
-88.7541
24.0263
8.3141
-99.1599
30.2744
-20.9285
-136.859
-2.83633
-34.0268
-136.387
-24.9281
-47.6197
-117.176
-44.2432
-65.6024
-123.282
-30.2344
-84.1299
-140.077
-17.8986
-97.3213
-137.412
-33.2335
-117.749
-112.514
-26.7243
-118.42
-123.08
-19.35
-119.494
-136.76
-14.8281
-123.008
-120.714
-10.8639
-119.583
-112.413
-6.28437
-120.426
-92.6677
-5.6445
-129.465
-87.2653
-19.2451
-130.333
-85.0426
-23.9173
-128.463
-89.5741
-13.3519
-109.062
-119.744
-7.64867
-112.978
-102.223
-48.3985
-131.833
-75.0599
-32.2922
-143.79
-65.8084
36.6961
-51.6137
-11.5084
55.9863
31.5503
32.1306
26.6387
93.0182
47.2401
-5.72988
49.6316
25.5371
-3.63649
22.2272
-1.05523
8.12841
38.0207
27.7308
2.92374
45.5296
21.3962
1.96867
34.9545
13.7955
-3.59558
24.0192
15.6444
14.6806
24.1949
20.8316
13.0119
35.7752
8.84966
8.49767
30.492
7.67179
8.71049
23.042
0.815838
-0.0262003
21.4743
-5.28912
-3.58644
27.1456
-12.3007
-22.2218
7.31145
-25.9575
-37.7707
54.1975
-29.5055
-43.7159
75.6474
-77.4879
-42.2649
81.3223
-83.3881
5.08587
51.6293
-47.1342
3.78087
18.0875
-53.7418
-14.2936
-13.9571
-63.565
8.00222
-34.0188
-62.7362
7.74426
-35.7778
-84.9146
16.4079
-44.8256
-87.5707
2.19771
-55.4666
-79.2342
-12.2731
-65.4388
-82.0448
-6.12711
-72.9182
-95.993
-15.8306
-89.3294
-89.1553
-16.4934
-101.91
-82.7171
-31.4028
-102.245
-101.681
-38.4484
-105.325
-96.9627
-38.4369
-106.697
-90.0759
-31.4405
-102.033
-93.4599
-2.24766
-101.998
-80.7389
16.2449
-98.0261
-68.0339
21.4077
-102.859
-49.6322
7.69377
-95.913
-48.6191
24.1405
-71.3009
-48.2262
-2.06331
-38.2393
-23.4409
-43.0868
-1.03225
-35.0142
-31.5116
23.2847
8.10934
12.3218
72.8094
32.4073
47.7871
56.7001
43.4786
39.6905
43.056
20.6986
16.2454
25.1888
26.8881
10.1385
39.2862
33.4282
-2.74793
40.8874
12.9437
4.45501
44.4066
30.5968
3.28792
56.9688
14.148
-1.68224
60.7588
13.3081
3.76953
61.514
11.2745
-3.93764
58.3775
25.0336
-7.46977
56.7821
24.723
-13.1539
69.3069
27.7998
-21.744
66.6767
47.224
-30.6115
67.2386
77.2449
-45.2802
57.708
101.1
-48.2162
26.9812
110.602
82.6795
86.7855
98.5506
19.7667
75.0943
69.3168
-64.0312
71.9046
44.8469
-73.0595
55.4036
-1.50614
-35.2791
-3.68371
-14.8029
-37.9546
-28.568
-26.132
-25.9742
-22.2096
-28.6056
-10.6984
-30.1098
-41.5838
-13.4719
-33.9715
-46.0146
-3.10301
-27.4075
-40.1424
1.99612
-46.3911
-47.3819
24.5071
-56.1938
-46.6366
31.0122
-91.6068
-61.7834
26.8375
-105.158
-69.0371
12.6486
-103.479
-61.1362
-15.8189
-92.1889
-57.5698
-39.2542
-64.7439
-44.2072
-42.2512
-45.2834
-43.0751
-22.9714
-51.7509
-37.4335
-19.7332
-44.7378
-32.424
2.03075
10.5553
-5.63905
50.2945
39.9869
21.5777
44.0391
61.2965
37.2245
18.7304
59.5493
35.8756
-7.60057
45.6145
30.6969
10.5362
54.3311
34.8531
27.6856
10.6739
20.0667
6.23888
-16.6552
2.18091
-29.6221
-17.3174
2.399
-25.3554
19.029
17.7736
-6.24795
28.3104
6.95721
-13.5391
27.8959
11.1154
-16.0342
30.6616
17.0177
-20.9043
25.1471
17.0263
-15.8159
23.132
16.0321
-13.2805
16.1645
9.71928
-16.6404
15.2645
10.8105
-13.1125
12.1491
11.1227
1.23821
17.8986
0.324035
8.69732
1.19627
-3.72237
19.6248
21.7619
1.69186
-52.6696
5.58802
2.14661
-81.2521
3.93027
34.2695
-94.9564
11.0153
46.6947
-0.20465
31.7126
52.1769
4.93142
40.1519
73.8434
23.1528
19.121
93.5802
10.9949
9.35799
110.805
22.1663
-1.25253
115.957
19.7875
-0.392237
121.592
-38.0788
30.3721
128.015
-37.7718
16.5489
102.787
-53.4117
6.72869
77.6618
-32.9315
-5.30202
57.3525
-18.2361
-3.34601
45.5381
10.2037
6.85787
47.6011
44.6373
15.1083
54.9242
48.7043
21.5096
61.4459
32.7634
31.5826
67.5605
36.564
34.1041
50.8722
4.56097
44.1147
43.8056
-13.7546
46.4318
52.8328
-7.31644
52.0858
41.5821
8.99191
46.447
37.5925
25.7055
57.1611
28.2576
24.1461
50.6534
20.5033
23.7002
39.963
-2.94031
-4.11321
22.0272
-10.1979
-25.8917
18.6769
-1.6821
-16.8833
3.32253
9.28398
-7.41224
-1.98814
-4.52259
-12.1563
-1.33247
1.48109
-18.698
1.79955
8.06608
-15.6685
6.73811
18.1681
-1.20644
8.93823
9.9842
-3.53675
7.3624
10.3774
-8.32968
2.48709
-3.01711
7.1252
-5.08278
-9.84566
-3.01863
-1.49451
7.05545
0.881091
13.97
16.3092
-0.0775995
10.6501
14.3138
11.2955
-7.15437
8.82247
-1.09788
-16.1836
4.53392
2.43415
-17.451
-0.170107
0.38756
-15.7964
5.93501
34.7451
-17.9737
4.18371
60.7108
8.20642
-8.16346
46.7359
-5.78629
-20.4162
56.9571
0.074204
-31.6129
42.6029
8.49511
-36.2677
0.252789
12.9831
-22.2933
-24.5121
19.5719
-11.4883
-33.1614
-9.71279
-22.5853
-4.01949
-38.8804
-33.6968
-32.7138
-46.9079
-26.2004
-45.6192
-32.0031
-18.4738
-29.534
3.43388
6.32713
-41.3164
22.0051
19.4237
-36.1063
17.487
23.5536
-38.446
8.51808
21.1541
-30.0921
-15.8898
-0.0724613
-20.8546
-21.9725
-6.3135
-2.45093
-26.5628
-13.5196
-20.0399
-19.897
-9.42932
-19.1591
-9.88302
1.62085
-12.1602
-14.0045
7.14716
-10.1984
-8.58548
-3.99027
-1.93203
-4.02858
10.0187
-3.12243
-6.81253
0.62411
9.1912
-6.07285
5.69471
-7.2027
-12.3887
-0.243135
-1.11955
-10.4459
6.28176
-13.1492
-10.6791
1.60951
-12.6481
-13.1785
-11.9827
-2.94785
-2.32363
-13.0402
-7.66143
2.93798
-5.47191
-4.08729
-7.63836
0.00106366
-1.56674
-9.13789
7.8599
5.59283
-11.0638
1.65067
2.88916
-0.0902279
3.80081
-9.37984
-5.70887
-8.12381
-8.96655
-6.8238
-11.5041
10.3774
-0.138061
-14.7451
-1.04136
-12.3262
-4.22493
25.9026
-4.84621
-7.48239
16.652
-18.4413
-5.52963
0.375579
-6.52857
-1.69849
-3.80444
-3.22102
-9.11919
3.82386
-8.97374
-5.18217
21.2594
-9.33246
-5.89057
14.9933
-17.5509
-10.8044
21.5897
-4.8164
-9.77602
-5.46578
-3.45751
-6.06792
-17.2198
5.88432
0.833769
-1.10238
15.3696
0.312574
18.8416
3.45168
-9.67322
23.0744
-2.25895
-15.3746
22.7574
-6.94316
-28.6181
8.56323
-22.8126
-27.7724
8.12219
-8.69125
-17.6868
-24.771
-23.2828
-8.6131
-32.0373
-3.07621
-6.91591
-16.7279
-16.377
-20.5675
1.61678
-6.51485
-18.0415
-1.96643
-1.06372
-13.4658
-5.59649
-4.09217
6.84537
-8.88593
-4.56517
-4.45184
-13.1614
-7.8393
-10.6794
-16.759
-14.2891
2.48382
5.19104
9.93865
-8.18145
0.806718
21.2934
3.18804
-6.79867
18.8082
9.94514
-8.49915
4.11194
6.9612
-6.87535
-10.2885
1.09404
-5.57919
-18.6809
-4.80615
-6.39551
-15.7799
-1.41672
-4.93738
-6.25295
-1.98503
-8.84088
3.31585
-6.20439
-5.78423
3.61628
-14.3188
2.56528
3.32617
-21.0576
16.0064
0.834434
-15.6381
12.8222
8.2935
0.701013
-1.50956
-3.0436
6.122
0.270068
-10.783
13.3565
4.63315
-12.9063
16.9597
2.87764
-21.881
16.9487
-6.81384
-16.0838
20.5698
23.0463
-11.7499
15.8146
-1.31047
-13.5076
16.1648
19.848
-8.66841
19.7671
-4.01445
-10.7729
17.8252
-10.6655
-9.56873
15.4506
7.54898
-8.59222
14.1064
-9.60839
-0.99843
14.3667
7.51246
2.03406
16.6991
1.29815
0.153778
10.0428
-21.3545
5.26681
-2.36911
-12.21
-5.54781
-11.7422
-3.88696
-5.2755
-18.2229
-10.4137
-11.8892
-23.8643
0.983397
-3.52583
-11.3928
11.6554
2.40412
-13.8532
20.0856
2.36256
3.37101
10.3764
-9.85355
3.81125
6.46705
-13.9289
3.75385
7.72941
1.17825
9.38721
2.67932
8.4615
9.22336
10.5672
10.4691
1.05003
6.34006
7.00306
-7.24515
0.150761
