9.29188
12.3611
1.49087
-0.15598
3.42598
2.75222
3.00524
7.59861
-5.80656
3.96105
1.94269
7.54282
-0.679808
20.5012
7.81904
7.08746
14.9658
4.228
13.7295
0.685766
-1.98843
13.6628
11.582
-2.33827
5.28686
10.4093
-2.38926
2.85651
21.5529
-6.62331
1.77332
26.5665
-15.1297
1.72357
14.5347
-1.70759
-6.03443
7.75698
4.89593
-13.2412
10.237
5.29254
-7.746
2.86436
11.5255
-14.9056
1.25797
10.6777
-8.10649
3.17512
2.99645
-1.31114
-2.96779
11.9063
-0.386857
-5.59038
-7.96903
1.98654
1.62749
-18.4792
-2.04249
2.69571
-13.5121
-11.1996
5.26851
0.767738
-16.994
5.80053
9.54316
-13.4993
0.736584
17.3504
-5.9849
3.97222
15.4909
-2.15971
7.92116
13.9741
4.45555
11.8809
-14.1555
7.30539
1.97135
-3.66636
11.8545
1.82105
-4.18005
8.6661
6.11878
3.5271
0.714779
0.690058
5.68178
-3.02915
3.95197
9.37946
-17.4134
-0.626775
3.78962
-1.67712
8.43227
-4.9849
14.5205
8.87081
-7.42423
-13.8895
5.87427
-8.70937
-5.88654
13.2894
-2.84849
11.4993
-7.26259
5.80681
0.883227
-6.12821
-9.31125
4.78917
-3.35719
2.12491
4.27942
1.41667
-0.518167
0.503975
5.12945
6.50202
-3.2086
18.4092
4.49491
-1.27673
-5.67437
-1.37404
4.53536
22.9076
5.71505
9.91649
16.0293
3.47591
14.3293
1.01625
-1.2499
11.2937
11.0397
-0.943988
6.89866
14.1767
7.58196
4.74861
22.9061
2.69599
5.24682
17.6679
2.44614
10.7308
12.4529
-9.30297
10.1694
8.53476
-23.3874
16.3868
6.72006
-16.3221
23.1184
4.9461
1.88705
28.5202
5.70656
18.8577
24.7453
1.30168
19.591
14.915
-2.68072
23.0604
6.80339
-2.95016
23.1885
12.8101
-1.69826
12.8012
19.3976
-11.3607
8.7374
24.7113
-7.18228
-13.1107
29.6372
2.78187
-20.8496
30.0334
4.49179
-8.55036
34.5935
4.5869
-5.7877
24.7993
5.68839
2.69407
23.9954
7.59444
15.0722
18.4742
-1.11912
-0.939941
15.6608
6.71495
15.3945
6.37805
8.65879
5.31614
6.8709
6.0727
-1.74401
4.84296
1.69989
-9.55335
5.35995
2.07838
-3.18254
-2.44193
11.4896
4.7421
-10.291
6.3178
12.2052
-16.3414
11.7422
4.10921
-12.0923
14.9589
2.08448
-8.00276
-7.81002
-4.64161
-9.11185
-19.3288
-2.72623
0.458778
-1.13608
6.99691
15.3117
5.62885
4.46513
13.3069
1.97278
6.00458
6.93163
15.4316
4.43165
4.45018
-0.95494
3.18828
5.54252
28.846
4.46779
5.65017
13.4823
2.6066
4.9698
3.01549
-1.14742
0.367948
13.7149
-8.93927
3.35742
29.9428
5.44361
0.241043
23.3689
7.9834
-5.83994
11.7385
-4.1728
-5.01418
6.26903
-8.89411
-4.3545
6.65497
-29.1842
-6.68788
11.9527
-18.1455
-8.42293
12.872
0.424182
-3.18096
17.5202
11.6823
-2.73418
11.4218
19.3411
-4.32034
4.38967
20.392
-1.68527
3.31031
22.9903
-8.1794
-7.42444
27.1384
-2.91321
-7.19635
7.85593
-5.51
-9.42038
-2.59451
-3.46712
-0.981832
-11.2368
-5.70575
-1.69952
-6.77601
-3.4358
-1.03211
-3.79026
-4.93411
3.2877
4.64889
-12.5625
9.15508
12.4764
-20.3747
5.50954
7.32277
-15.9072
8.10594
8.66887
-11.7894
13.0663
9.7244
-11.5844
14.2966
-4.51837
-16.6355
8.17395
-7.12842
-18.0903
3.9532
-2.02843
-20.9685
4.16202
2.18789
-15.532
2.95033
-2.2728
-9.85847
3.88568
0.0335299
0.745018
16.5236
-7.87376
0.693146
-10.5428
7.68404
-8.79587
1.64579
15.5393
-3.84816
8.84407
-6.13421
12.3246
-0.509895
6.59713
13.8653
-6.39449
10.8562
9.87812
11.8515
-1.05473
4.48665
-2.51784
1.31074
-3.30218
29.1333
5.39006
-4.92848
7.1874
5.0291
-6.06786
-1.73428
-2.88952
-6.66354
20.9257
2.72263
-5.18695
26.436
6.54805
2.13
16.8172
3.90384
6.4475
4.89866
-3.80341
8.71552
9.08827
-6.82724
11.3386
9.53224
-25.3448
14.9239
14.3959
-23.56
16.9983
9.95231
-5.72536
10.0042
16.2685
5.59143
11.6815
21.4835
9.39919
4.48363
9.24059
12.0506
-2.46963
0.472251
25.7638
1.26443
-6.17053
27.1077
6.56214
-9.11326
22.1584
8.07765
-13.2518
12.2236
6.00653
-12.8592
-1.97893
8.34314
-3.48021
-8.03949
7.9199
-4.68346
-5.72267
7.99315
-5.24963
4.97273
6.38719
2.29193
14.3182
2.94823
1.8696
14.62
10.4702
6.97276
6.19005
2.28802
13.4368
7.33673
5.34808
10.7249
-5.08774
7.85923
14.4684
-5.09438
-4.45211
8.77593
-4.36596
-15.9764
9.31214
-10.7088
-18.3091
0.499229
3.3359
-3.95734
-1.30035
14.6002
-0.0432725
16.3511
-2.78942
4.66622
-3.71348
-25.8385
8.83024
23.3916
-7.46109
10.9194
6.87747
6.24772
18.3429
-1.71167
10.5908
17.7491
0.260381
0.546446
18.7051
6.95915
18.0123
10.4123
-0.351066
29.7039
0.669911
30.1686
13.4358
-8.17145
6.7793
4.94187
-8.45053
10.2992
1.31324
-4.29568
18.9821
-0.996644
2.84012
25.4188
0.868154
12.2342
9.07298
0.320609
14.3451
4.8461
1.00136
16.6564
8.9189
-8.84656
16.6751
18.8333
-8.75649
15.3561
14.3214
-8.69216
6.99251
19.578
-4.6008
8.19581
14.4113
-11.1658
-0.753548
10.4922
-24.7398
5.15777
11.3496
-23.225
3.02326
2.51142
-6.67906
1.00446
-6.77182
-5.65784
7.9308
-8.86122
1.12256
12.4127
-9.63153
21.9799
12.9026
-12.4453
20.6149
3.18251
-15.1858
4.26637
-6.15221
-4.52993
0.227202
-3.32099
-3.94649
5.33572
-2.86799
2.49143
9.98355
-7.07035
7.33508
13.5277
-9.55006
2.61827
8.08693
9.1404
6.70053
11.9981
7.81737
13.3885
5.56614
0.228419
16.9015
9.27723
-4.24731
11.0127
3.18602
-5.92573
7.09182
6.50115
-9.17152
-2.33115
-1.6388
1.35537
3.98847
-6.17949
9.92416
22.1756
7.96999
14.8045
9.55263
0.357399
15.0807
23.6593
-2.17376
12.6306
-1.95572
-4.14041
22.8302
7.64324
18.0964
20.7847
15.0117
10.1138
23.557
-9.34545
3.78832
16.8532
11.2496
-16.2886
0.965679
29.6573
-5.35473
-9.7904
-4.11522
10.0396
-14.4205
11.4149
11.9598
-2.44712
25.3211
10.0548
10.4504
17.6133
0.313347
19.1903
20.3997
-2.43824
17.3201
16.0192
-2.83772
11.7943
18.9649
-3.76917
9.6208
17.3554
1.10911
1.23065
28.0998
-7.7235
-13.4113
18.9737
-17.9442
-12.7776
16.4083
-32.7969
-8.62262
5.83416
-36.2271
0.191417
2.75856
-30.3461
11.27
1.56732
-23.5533
10.2846
-4.4109
-15.0793
-0.250264
-10.602
-6.05188
-2.92311
-14.1839
-0.317435
5.26892
-14.133
2.3705
9.72873
-13.656
-15.0839
0.417327
-13.0458
4.69809
4.10149
-7.19592
-5.40416
3.5108
2.13598
-5.61874
1.72089
12.3985
0.0155972
-6.32691
0.0925851
0.0205027
-3.47468
5.92349
8.07074
6.70965
10.1731
8.01914
1.68002
8.14317
7.74643
-4.00879
20.3128
-0.761073
-4.75256
9.18456
-0.70011
-3.23868
2.86767
8.21085
3.91637
11.4813
-6.62913
9.97591
21.5937
-16.224
16.681
3.2708
-24.0288
18.7496
15.4998
-25.5391
13.668
6.53418
-4.11558
20.8705
-0.0458618
3.25207
21.3042
16.3651
34.4702
22.1674
-11.1298
38.2896
10.7068
34.0199
41.0075
3.33512
20.3599
12.5634
-5.28919
8.35655
-1.99745
-12.329
26.0342
-0.329006
0.999833
33.4028
12.5315
19.3258
24.5542
16.1137
23.8547
18.7801
10.6676
14.572
15.8413
0.180108
-2.40973
22.5591
2.12931
-12.5871
28.2776
-3.19169
-16.4791
27.69
-1.91673
-20.9939
19.0331
-11.5426
-18.4696
10.2381
-12.9372
-0.254622
-0.978531
-21.1922
10.2348
4.44522
-15.3141
3.38484
-7.68939
-23.4687
-3.36638
-7.03005
-26.145
2.51509
-8.41127
-33.8899
14.2086
-14.1925
-9.90144
6.54844
-9.11058
6.92887
10.8153
-16.647
0.331965
4.08755
-15.3359
-1.1914
-3.43974
-10.3742
16.4896
6.0862
2.74114
9.22577
-4.92043
13.8945
9.52107
-2.01995
-4.00734
5.50471
-12.0074
5.26541
-2.05236
-0.0380852
-3.18436
-1.27815
8.82231
26.4134
-8.28747
1.6052
19.0429
-6.58367
-3.21623
19.778
-14.5394
-1.25102
7.5672
-13.6253
3.46093
8.57523
-16.3045
11.112
23.2712
-16.4099
16.3345
11.4948
-20.8391
13.8541
-7.12665
-12.4602
16.4021
7.36153
-26.2526
21.9893
5.78859
39.3261
17.4883
22.5026
3.05054
16.4367
-12.0002
-1.97636
-0.0722187
40.3552
-2.36936
-5.223
-1.95004
20.9187
-2.44481
4.00692
24.7152
0.874359
25.492
28.6027
13.3548
32.6646
11.2521
25.4996
22.6244
6.22315
11.3694
16.1406
14.9958
-2.98149
17.768
14.4878
-12.6803
32.5629
7.34877
-24.6266
26.847
10.9817
-19.8325
17.2783
13.7729
-3.69233
7.55102
-1.343
3.32735
13.0822
2.07885
4.73047
8.36657
5.5358
7.54386
0.737215
3.44437
-1.67222
1.69363
-22.4011
-6.21673
-2.98585
-30.5833
11.7288
-9.54976
-37.1401
2.8448
-18.8933
-17.6307
-10.7504
-31.8599
11.4472
-6.00963
-23.3648
32.6513
9.55149
-12.6994
36.6316
6.48512
-7.55116
30.3384
-2.80656
-1.10699
38.1202
-9.9845
6.29025
40.3455
-1.98
12.7955
39.2637
-12.1383
2.74069
21.4283
-4.85105
9.85556
9.98364
6.43688
14.5749
7.91538
8.04135
20.8362
3.66192
-2.88031
21.9169
-3.57404
-4.85441
0.419075
-0.138225
3.99411
0.165001
-1.56896
9.11715
19.5687
-3.88774
11.5219
24.4403
0.377609
11.3722
1.70543
-0.47725
14.1594
8.77507
-19.9146
23.4575
9.44596
3.00297
13.0191
33.6239
27.7864
15.5847
-9.02782
29.0531
7.44586
24.9871
20.0894
-2.7344
6.80639
15.7209
0.761284
19.2073
16.5765
17.3226
32.7211
3.83782
25.4736
19.912
14.306
20.1883
1.16122
14.1228
-3.11923
18.0511
10.6108
-7.51644
30.6195
14.8212
-16.9532
25.5364
17.8441
-14.5101
20.8156
19.0135
-14.9705
21.4388
14.874
1.02187
18.2493
1.39976
6.5358
16.4282
7.76733
-7.04225
22.5149
-9.14113
-19.3319
12.9409
-5.61011
-12.7275
-0.299621
-6.97195
-4.27167
-3.72806
0.889011
-18.5663
-17.7263
-13.3155
11.9203
-3.41159
-19.4731
11.3306
-32.9766
-25.7475
-17.4667
-31.8738
1.14271
-15.0002
-27.5459
25.0269
-14.5697
-3.59108
18.5145
-2.31934
9.75074
2.09514
-4.90479
11.7003
-1.83115
-2.50657
17.2463
-16.5942
-10.3889
16.2117
-8.69649
-8.36113
18.8244
-1.81748
0.775231
9.39707
-11.1974
6.70669
26.8274
-5.66953
9.14115
29.7341
-5.13744
0.581561
18.4703
-9.68805
6.061
0.785792
-9.33871
6.41176
16.0332
-10.5747
11.8187
26.9965
-22.2685
5.59962
7.48878
-29.9183
9.93037
-9.44174
-3.09067
19.49
21.6445
37.5559
8.99563
16.3036
27.4477
-0.411609
12.7935
31.7737
2.87049
24.4901
26.1466
15.0639
22.179
27.4079
23.5323
36.1666
26.1749
34.6666
30.3075
31.6904
29.682
28.4974
14.8318
6.03482
30.5522
22.9596
-6.94693
29.6796
22.5488
-13.5302
18.0193
4.6986
1.8967
29.4805
3.5115
0.0248735
29.836
6.29569
7.9145
33.5119
10.9837
13.8116
29.6583
8.48091
-0.958507
27.6067
3.27592
-20.2881
34.0925
3.32311
-27.8604
23.9774
0.678035
-38.0377
12.2459
-13.3873
-35.1871
-23.7713
-42.056
-3.16056
-40.3153
-16.9042
-48.9108
-16.0969
-89.6814
55.8082
1.3897
-61.957
-20.5923
-57.5027
99.9461
-46.8081
-10.8294
33.8432
-32.7386
0.757265
17.9858
-14.0974
9.23666
-1.91165
-2.55087
15.0435
4.06836
11.4653
34.197
2.55626
-0.415263
31.8522
-1.91917
0.803507
28.2822
-15.2664
-3.70039
23.7659
-10.2802
12.8539
11.382
-7.40588
16.924
30.053
-18.3131
8.64314
29.9859
-23.9132
14.7566
12.4864
-25.6065
10.206
12.3556
-28.2475
7.33943
17.2007
-23.9357
12.2947
8.24113
-33.328
11.7328
-5.92946
-15.6261
13.5848
5.2526
16.1527
22.0522
6.2294
30.7088
27.2545
31.2523
25.5984
31.9482
8.95076
37.7605
29.4263
32.223
24.5895
35.3415
22.4927
14.7086
33.1723
20.2129
15.1092
18.4072
29.7232
30.8257
12.3103
19.9333
21.6471
5.00968
24.4222
24.8987
8.95001
31.486
30.1396
3.1664
46.4938
29.1764
16.5864
25.1447
22.8304
16.2375
26.4063
15.3942
18.6016
28.5027
18.2409
-2.10258
33.4778
17.5488
-9.99661
28.7795
20.1401
-18.0181
23.3493
11.2089
-8.17231
33.2283
0.64517
-8.26584
56.4162
14.162
2.08881
83.6976
94.9564
-94.6832
-5.26589
100.105
-144.127
-8.7352
-96.1078
-89.3547
64.0897
-94.7613
49.0652
46.9192
-35.7835
64.1046
36.531
-3.81136
38.9247
2.02232
-14.6899
26.7364
7.76169
2.30787
21.963
23.9814
-3.84915
22.5027
19.0668
-9.87697
20.1003
32.6343
-10.2934
13.5685
31.1539
-14.813
22.7027
26.1267
-26.3783
28.1911
21.7266
-28.3792
22.3655
32.4872
-17.2539
17.8295
28.1921
-14.6709
23.5743
2.28112
-26.56
22.4367
19.0073
-31.0005
12.4766
11.4554
-34.6031
19.7327
13.2038
-41.3905
33.2425
7.39709
29.2887
11.6758
8.58263
28.3207
23.2886
21.1151
47.8616
29.7428
16.6245
31.3648
28.9178
23.3257
37.0859
29.7879
9.60409
26.9776
35.1122
28.3007
37.9924
22.8332
40.8121
31.3533
22.4808
23.5739
33.0561
18.4719
40.6038
35.8963
28.9933
28.022
36.6264
26.7657
30.5122
40.2209
32.0048
26.2145
38.9497
42.3228
35.7858
48.8115
50.5518
44.0034
50.5719
44.7469
35.9737
45.5817
30.3942
34.5799
34.5656
23.0041
35.942
33.851
10.1827
22.4315
35.8668
126.81
71.1487
69.1847
-117.039
-49.8381
17.2299
-324.427
-137.275
-3.89288
-401.63
-115.321
87.9025
-273.301
-82.8434
79.0538
28.9451
99.1899
-23.1452
-25.5758
27.0059
-70.0699
29.9147
-2.79778
18.3296
43.9856
41.6191
14.1747
3.39507
20.8146
0.872596
28.8449
25.6621
-25.717
29.5059
47.8722
-24.266
24.7808
35.3366
-27.4712
30.5122
26.1129
-26.699
36.9957
23.8486
-25.8368
37.6461
31.9682
-37.9521
34.0652
40.6992
-38.1484
34.2249
15.3842
-32.8903
35.5967
21.2346
-36.9969
34.2633
18.468
-31.1507
29.0871
16.4032
-19.3286
28.1598
20.8462
15.6843
22.2097
19.8678
31.5766
26.6461
18.7002
14.6984
44.5942
26.288
41.0874
45.1677
18.2287
33.1267
39.9012
20.7592
27.6421
40.3483
21.133
36.0891
29.4643
16.0617
27.0405
16.3139
27.8732
26.4174
16.461
8.10668
28.1275
34.9723
10.1806
31.5489
54.2719
31.7406
28.8832
60.5942
36.2149
28.2526
53.4871
30.4716
23.9898
51.1138
24.4928
18.7687
53.2275
29.5828
24.1084
51.9863
32.7524
21.8661
56.5639
52.1941
26.6555
42.7949
34.969
18.2623
60.3333
60.904
-8.64722
-194.655
-40.6872
20.8847
-294.799
-94.763
45.6729
-325.611
-108.013
29.9913
-325.423
-106.077
92.1396
-132.789
4.7323
134.466
0.307664
97.0327
-2.33705
99.8941
222.911
-43.1534
50.1019
171.175
58.5255
88.84
61.5688
-8.2454
58.6185
19.4967
17.308
2.62483
19.0135
-7.23109
40.602
40.4339
-18.4086
51.6585
40.9869
-24.7557
43.6127
36.8382
-25.5845
39.8256
30.9886
-38.1674
44.1951
15.1738
-36.3187
46.8833
26.1716
-37.9404
37.2917
18.4781
-42.5317
39.5076
35.6384
-37.5812
40.1751
32.0889
-39.2386
45.7222
-3.41891
25.2831
32.7134
33.2124
45.1486
15.6102
11.9117
25.7166
18.9142
13.4218
46.4998
25.0376
14.7742
25.2049
42.0147
13.2252
42.2158
41.3038
16.0508
29.7543
37.9987
13.4828
37.4139
32.1488
9.42985
34.0153
32.8589
16.8853
34.1589
36.2728
21.3644
34.2827
47.6003
26.0678
27.155
55.5401
31.4178
24.0358
51.8502
20.8548
26.3472
67.7811
36.7235
22.8814
68.1536
41.6227
12.5252
54.1862
52.5886
1.415
44.4774
52.2515
-28.4435
24.2182
62.8528
25.7919
24.3973
61.7644
23.0737
-162.49
-23.2519
15.2835
-228.96
-44.4211
31.5154
-256.653
-57.9548
61.3525
-273.166
-64.9983
33.2109
-236.163
-104.652
26.5203
-227.74
-65.1826
128.935
-252.21
-109.767
122.163
-101.417
-79.0794
-60.2769
129.057
163.898
-151.863
92.0698
143.356
18.2701
57.8666
54.597
1.60071
41.4671
74.8635
-77.3953
59.6404
54.1752
-69.4017
70.7842
38.5197
-37.7273
63.9819
32.8498
-28.4813
58.8516
20.1558
-37.2841
51.3057
21.3197
-31.5524
51.913
17.8659
-38.5161
53.3586
14.3889
-36.8368
54.3196
41.4561
-34.9139
57.4837
37.3713
41.3593
63.3345
9.65948
32.2408
47.8193
9.21015
27.9044
48.511
7.27828
26.2455
52.4554
17.2594
28.3441
46.8954
14.8469
34.7518
46.4403
21.438
28.0636
42.8911
17.7297
29.6386
42.3567
20.7336
25.394
51.3751
18.232
19.5238
66.0663
14.3363
22.6848
69.2503
22.2477
25.2548
62.2241
26.785
18.7403
56.9123
22.778
15.3452
59.1457
20.4394
17.7901
66.1429
37.8703
16.28
60.112
56.0422
22.3276
54.0309
66.5374
15.5773
46.8066
52.5314
-16.7077
30.5363
75.0836
14.4848
-131.42
-10.7116
42.3232
-183.716
-31.2838
41.8473
-210.331
-45.1982
26.6842
-233.863
-55.9834
55.192
-240.255
-104.85
59.307
-256.804
-121.064
-29.1997
-306.563
-161.304
-15.7719
-318.578
-155.754
120.166
-172.669
-114.702
111.09
-100.196
-115.726
-79.7728
53.7164
25.6886
-101.896
77.2264
-1.57892
-20.8537
63.906
24.3326
-19.0991
63.4079
41.3139
-27.4151
62.7713
22.6054
-37.7833
55.3292
19.7869
-29.4506
53.0892
8.1077
-28.2246
55.4836
22.0866
-36.6198
56.36
19.1743
-32.9602
48.964
16.7325
-36.033
34.1599
16.7846
25.3255
49.2277
20.8089
24.4758
32.5504
20.4199
35.6682
40.9446
19.0205
23.2019
49.3798
14.7681
29.921
53.6287
22.5697
13.8448
52.038
12.3252
29.2873
59.8032
12.8607
25.4652
57.2008
12.4079
22.638
60.4436
22.5084
20.9449
54.3002
17.4037
23.8793
52.1676
16.283
20.1726
49.8844
17.3316
15.8517
63.1812
25.2465
13.0185
61.0146
21.2986
22.5217
53.0602
27.2357
15.2838
51.395
33.2503
23.0277
72.5923
55.9249
36.8173
7.69275
21.162
74.024
-67.433
-25.9406
26.2599
-183.955
-84.3666
-13.9548
-197.887
-103.02
-13.3051
-201.027
-108.893
7.8837
-200.465
-132.58
6.13358
-224.457
-97.2836
5.37742
-236.974
-108.531
58.7672
-241.424
-145.774
45.4238
-251.255
-142.119
-47.5764
-260.679
-169.318
-31.4459
-273.433
-182.68
99.8116
-24.7301
-75.9016
71.9171
73.6483
-4.12782
-28.9308
96.5688
-11.9006
-61.1738
95.1145
6.58584
-73.3754
60.7966
-1.44628
-55.4373
53.8543
13.3623
-32.1089
62.2969
11.9502
-33.4137
66.9631
20.4635
-22.4443
54.538
12.1654
-21.9752
55.2364
24.5334
-22.3954
48.1981
24.6088
15.642
48.4905
4.56738
29.9929
56.3537
9.30378
30.4062
51.8518
16.7177
25.7568
44.5216
10.1132
16.0875
52.5545
6.76992
25.3206
56.0772
19.9752
25.4541
43.9774
16.2636
18.7108
41.7305
16.4718
24.4627
54.3335
16.5933
26.0186
63.2967
23.3725
12.273
60.8986
11.1722
19.7558
53.0815
7.43028
15.5826
69.0983
14.5721
15.1217
57.7509
9.30333
22.6943
71.2052
15.697
47.3975
80.5785
42.2251
38.7092
20.296
-6.50829
13.5858
-104.94
-50.9359
-31.0761
-187.554
-122.059
-20.6769
-206.531
-115.623
2.91512
-201.363
-132.651
-5.88812
-192.233
-134.446
-25.6264
-197.245
-119.316
-29.0078
-199.848
-156.637
-19.0815
-205.345
-171.664
-22.2987
-236.136
-140.825
9.92868
-259.691
-151.727
74.5089
-245.45
-176.287
61.5625
-275.93
-178.032
-43.8932
-135.846
-108.955
-39.3793
-0.127086
-24.0494
13.4394
50.7463
9.32506
25.9881
89.9277
39.0157
-10.3616
96.7076
15.7949
-28.2972
50.6387
1.62362
-6.03018
51.7473
7.47145
-9.62648
50.1688
3.35975
-15.7708
36.8813
6.16876
-13.7117
41.2268
13.4928
-21.8142
29.7597
-1.68404
15.7175
21.1737
14.6672
20.9771
25.1507
9.94077
2.64543
49.7486
10.921
17.7343
36.0925
5.43295
21.4767
48.5252
2.7852
3.11858
44.1739
0.719292
18.2146
44.6041
0.62711
14.1838
45.6145
6.81278
25.8941
39.1349
15.6416
5.57293
46.8519
15.4675
20.8502
45.7039
33.5846
26.2459
101.239
69.6472
-8.59648
128.947
92.4295
9.91969
100.051
66.6914
10.5842
73.6049
9.47448
26.8716
22.5475
-36.1582
-19.0245
-67.196
-70.7267
-41.7691
-116.825
-105.38
-14.5248
-147.77
-124.391
-16.8422
-156.659
-125.069
-29.6989
-164.433
-120.749
-21.746
-166.463
-116.869
-15.6725
-155.283
-133.204
-11.1494
-159.688
-131.766
-16.0128
-161.132
-136.23
-13.4507
-156.662
-143.72
-29.9706
-179.219
-152.834
-52.507
-209.209
-116.426
-35.8301
-204.982
-131.503
51.1334
-193.78
-156.719
60.4349
-126.145
-129.125
-8.28562
-88.1951
-96.3932
-35.9542
17.9573
-75.783
-7.72195
116.742
22.3879
7.89363
51.8911
7.67908
9.91162
50.2097
10.5434
13.2691
44.4365
2.61767
10.3337
40.9078
15.8583
-2.52611
40.8904
28.908
-0.744573
13.9991
11.0203
14.201
14.4538
0.242967
7.52037
23.1291
14.0604
-1.33211
33.3503
9.98915
10.9839
37.815
11.1211
-2.73347
30.7473
-14.5597
11.1166
39.2494
-20.3967
-0.470889
34.7372
-29.2296
11.4872
48.8913
-23.0226
41.9984
69.1386
-5.25827
53.2675
44.5413
-42.1094
20.2678
17.5665
-86.9611
23.541
8.14614
-97.1567
29.6628
-20.5057
-134.094
-2.77903
-33.3394
-133.632
-24.4245
-46.6577
-114.808
-43.3494
-64.2771
-120.791
-29.6236
-82.4303
-137.247
-17.537
-95.3552
-134.636
-32.5621
-115.37
-110.241
-26.1844
-116.028
-120.594
-18.9591
-117.08
-133.997
-14.5286
-120.523
-118.275
-10.6445
-117.167
-110.142
-6.15742
-117.994
-90.7957
-5.53047
-126.85
-85.5023
-18.8563
-127.7
-83.3246
-23.4342
-125.868
-87.7645
-13.0822
-106.859
-117.325
-7.49415
-110.695
-100.158
-47.4207
-129.169
-73.5436
-31.6398
-140.886
-64.479
35.9547
-50.571
-11.2759
54.8552
30.913
31.4815
26.1005
91.1391
46.2857
-5.61413
48.6289
25.0212
-3.56303
21.7781
-1.03391
7.9642
37.2526
27.1706
2.86467
44.6098
20.964
1.9289
34.2484
13.5168
-3.52294
23.5339
15.3284
14.384
23.7061
20.4108
12.749
35.0525
8.67088
8.326
29.876
7.5168
8.53452
22.5765
0.799357
-0.025671
21.0405
-5.18227
-3.51399
26.5972
-12.0522
-21.7729
7.16374
-25.4331
-37.0076
53.1026
-28.9095
-42.8328
74.1192
-75.9225
-41.411
79.6794
-81.7035
4.98312
50.5863
-46.182
3.70448
17.7221
-52.6561
-14.0049
-13.6751
-62.2809
7.84056
-33.3315
-61.4688
7.58781
-35.0551
-83.1992
16.0764
-43.92
-85.8016
2.15331
-54.3461
-77.6336
-12.0252
-64.1168
-80.3873
-6.00333
-71.4451
-94.0537
-15.5108
-87.5248
-87.3542
-16.1602
-99.8509
-81.046
-30.7684
-100.179
-99.6271
-37.6717
-103.197
-95.0038
-37.6604
-104.541
-88.2562
-30.8054
-99.9721
-91.5719
-2.20225
-99.937
-79.1078
15.9167
-96.0457
-66.6595
20.9753
-100.781
-48.6295
7.53834
-93.9754
-47.6369
23.6529
-69.8605
-47.2519
-2.02163
-37.4668
-22.9674
-42.2164
-1.0114
-34.3068
-30.875
22.8143
7.94552
12.0729
71.3385
31.7526
46.8218
55.5547
42.6002
38.8887
42.1862
20.2804
15.9173
24.6799
26.3449
9.93366
38.4926
32.7528
-2.69241
40.0614
12.6822
4.36501
43.5095
29.9787
3.22149
55.8179
13.8622
-1.64826
59.5314
13.0392
3.69337
60.2713
11.0467
-3.85809
57.1982
24.5279
-7.31887
55.635
24.2236
-12.8882
67.9068
27.2382
-21.3047
65.3297
46.27
-29.9931
65.8802
75.6844
-44.3654
56.5422
99.0574
-47.2421
26.4361
108.367
81.0092
85.0323
96.5596
19.3673
73.5772
67.9165
-62.7377
70.452
43.9409
-71.5835
54.2844
-1.47571
-34.5664
-3.60929
-14.5039
-37.1878
-27.9909
-25.6041
-25.4494
-21.761
-28.0277
-10.4823
-29.5015
-40.7437
-13.1997
-33.2852
-45.085
-3.04032
-26.8538
-39.3315
1.9558
-45.454
-46.4247
24.012
-55.0585
-45.6945
30.3857
-89.7561
-60.5353
26.2953
-103.033
-67.6424
12.3931
-101.389
-59.9012
-15.4993
-90.3265
-56.4068
-38.4612
-63.436
-43.3141
-41.3976
-44.3686
-42.2049
-22.5073
-50.7054
-36.6772
-19.3346
-43.834
-31.7689
1.98973
10.3421
-5.52513
49.2784
39.1791
21.1418
43.1494
60.0582
36.4725
18.352
58.3463
35.1508
-7.44702
44.693
30.0768
10.3234
53.2335
34.149
27.1263
10.4583
19.6613
6.11285
-16.3187
2.13685
-29.0237
-16.9675
2.35053
-24.8432
18.6445
17.4145
-6.12173
27.7385
6.81666
-13.2656
27.3324
10.8909
-15.7103
30.0422
16.6739
-20.482
24.6391
16.6823
-15.4964
22.6647
15.7082
-13.0122
15.8379
9.52293
-16.3042
14.9562
10.5921
-12.8476
11.9037
10.898
1.21319
17.537
0.317489
8.52161
1.1721
-3.64717
19.2283
21.3223
1.65769
-51.6055
5.47513
2.10324
-79.6107
3.85088
33.5771
-93.0381
10.7927
45.7514
-0.200516
31.072
51.1228
4.8318
39.3408
72.3517
22.6851
18.7347
91.6896
10.7728
9.16894
108.567
21.7185
-1.22723
113.615
19.3877
-0.384313
119.135
-37.3096
29.7585
125.429
-37.0087
16.2146
100.71
-52.3327
6.59276
76.0929
-32.2662
-5.19491
56.1939
-17.8677
-3.27842
44.6181
9.99758
6.71932
46.6395
43.7356
14.803
53.8146
47.7204
21.075
60.2046
32.1015
30.9445
66.1957
35.8254
33.4151
49.8445
4.46883
43.2235
42.9206
-13.4767
45.4938
51.7654
-7.16863
51.0335
40.742
8.81026
45.5087
36.8331
25.1862
56.0063
27.6868
23.6583
49.6301
20.0891
23.2214
39.1556
-2.88091
-4.03012
21.5822
-9.99185
-25.3686
18.2996
-1.64812
-16.5423
3.25541
9.09642
-7.2625
-1.94797
-4.43123
-11.9107
-1.30555
1.45117
-18.3203
1.7632
7.90313
-15.3519
6.60199
17.8011
-1.18207
8.75766
9.7825
-3.4653
7.21367
10.1678
-8.1614
2.43684
-2.95615
6.98125
-4.98009
-9.64676
-2.95765
-1.46432
6.91292
0.863291
13.6877
15.9797
-0.0760318
10.4349
14.0247
11.0673
-7.00984
8.64423
-1.0757
-15.8567
4.44233
2.38498
-17.0985
-0.16667
0.37973
-15.4773
5.81512
34.0431
-17.6106
4.09919
59.4843
8.04063
-7.99854
45.7917
-5.6694
-20.0038
55.8064
0.0727049
-30.9743
41.7423
8.32349
-35.535
0.247682
12.7208
-21.8429
-24.0169
19.1765
-11.2562
-32.4915
-9.51657
-22.129
-3.93828
-38.0949
-33.0161
-32.0529
-45.9603
-25.6711
-44.6976
-31.3566
-18.1005
-28.9373
3.36451
6.1993
-40.4817
21.5606
19.0313
-35.3769
17.1337
23.0778
-37.6693
8.346
20.7268
-29.4842
-15.5688
-0.0709974
-20.4333
-21.5286
-6.18595
-2.40142
-26.0261
-13.2465
-19.6351
-19.4951
-9.23883
-18.7721
-9.68337
1.58811
-11.9146
-13.7215
7.00278
-9.99237
-8.41204
-3.90966
-1.893
-3.9472
9.81632
-3.05935
-6.6749
0.611502
9.00552
-5.95017
5.57967
-7.05719
-12.1384
-0.238223
-1.09694
-10.2348
6.15486
-12.8835
-10.4634
1.577
-12.3926
-12.9122
-11.7406
-2.8883
-2.27669
-12.7768
-7.50665
2.87863
-5.36137
-4.00472
-7.48405
0.00104217
-1.53509
-8.95329
7.70111
5.47984
-10.8403
1.61732
2.8308
-0.0884051
3.72403
-9.19035
-5.59353
-7.95969
-8.78541
-6.68595
-11.2717
10.1678
-0.135271
-14.4473
-1.02033
-12.0771
-4.13958
25.3793
-4.7483
-7.33123
16.3156
-18.0688
-5.41792
0.367992
-6.39668
-1.66418
-3.72759
-3.15595
-8.93497
3.74661
-8.79245
-5.07748
20.8299
-9.14393
-5.77157
14.6904
-17.1964
-10.5861
21.1535
-4.7191
-9.57852
-5.35536
-3.38766
-5.94533
-16.8719
5.76545
0.816925
-1.08011
15.0591
0.306259
18.461
3.38195
-9.4778
22.6083
-2.21332
-15.064
22.2976
-6.80289
-28.0399
8.39024
-22.3517
-27.2114
7.9581
-8.51567
-17.3295
-24.2706
-22.8125
-8.4391
-31.3901
-3.01406
-6.77619
-16.3899
-16.0462
-20.152
1.58412
-6.38323
-17.677
-1.92671
-1.04223
-13.1937
-5.48343
-4.0095
6.70708
-8.70641
-4.47294
-4.3619
-12.8956
-7.68093
-10.4637
-16.4204
-14.0004
2.43364
5.08617
9.73787
-8.01617
0.790421
20.8632
3.12363
-6.66132
18.4282
9.74423
-8.32745
4.02887
6.82057
-6.73646
-10.0806
1.07194
-5.46648
-18.3035
-4.70906
-6.2663
-15.4611
-1.3881
-4.83763
-6.12663
-1.94493
-8.66228
3.24886
-6.07905
-5.66738
3.54322
-14.0295
2.51345
3.25898
-20.6322
15.6831
0.817577
-15.3222
12.5632
8.12596
0.686851
-1.47906
-2.98211
5.99832
0.264612
-10.5652
13.0867
4.53955
-12.6456
16.6171
2.8195
-21.4389
16.6063
-6.67619
-15.7588
20.1543
22.5808
-11.5126
15.4951
-1.28399
-13.2348
15.8382
19.447
-8.49329
19.3677
-3.93335
-10.5553
17.4651
-10.4501
-9.37542
15.1384
7.39648
-8.41864
13.8214
-9.41428
-0.97826
14.0765
7.36069
1.99297
16.3618
1.27193
0.150672
9.83996
-20.9231
5.16041
-2.32125
-11.9633
-5.43573
-11.505
-3.80843
-5.16892
-17.8548
-10.2033
-11.649
-23.3821
0.96353
-3.4546
-11.1627
11.4199
2.35556
-13.5733
19.6798
2.31483
3.30291
10.1668
-9.65449
3.73425
6.3364
-13.6475
3.67801
7.57326
1.15445
9.19757
2.6252
8.29056
9.03703
10.3537
10.2576
1.02882
6.21198
6.86159
-7.09878
0.147715
