8.90871
11.8514
1.42939
-0.149548
3.2847
2.63873
2.88131
7.28526
-5.56711
3.79771
1.86257
7.23177
-0.651774
19.6558
7.4966
6.7952
14.3487
4.05365
13.1634
0.657487
-1.90644
13.0993
11.1044
-2.24185
5.06884
9.98
-2.29073
2.73872
20.6641
-6.35019
1.70019
25.4709
-14.5058
1.6525
13.9353
-1.63717
-5.78559
7.43711
4.69404
-12.6952
9.81488
5.07429
-7.42658
2.74625
11.0503
-14.2909
1.2061
10.2373
-7.77221
3.04419
2.87288
-1.25707
-2.84541
11.4154
-0.370904
-5.35985
-7.64041
1.90462
1.56038
-17.7172
-1.95826
2.58455
-12.9549
-10.7377
5.05126
0.736079
-16.2932
5.56134
9.14963
-12.9427
0.70621
16.635
-5.7381
3.80842
14.8521
-2.07065
7.59451
13.3979
4.27182
11.391
-13.5718
7.00414
1.89006
-3.51517
11.3657
1.74595
-4.00768
8.30873
5.86646
3.38165
0.685303
0.661602
5.44748
-2.90424
3.789
8.99268
-16.6954
-0.600928
3.63335
-1.60796
8.08455
-4.77934
13.9217
8.505
-7.11808
-13.3167
5.63203
-8.35022
-5.64379
12.7414
-2.73102
11.0251
-6.9631
5.56735
0.846806
-5.8755
-8.92728
4.59168
-3.21875
2.03729
4.10295
1.35826
-0.496799
0.483193
4.91793
6.2339
-3.07629
17.65
4.30956
-1.22408
-5.44038
-1.31738
4.34834
21.9629
5.47938
9.50757
15.3683
3.33257
13.7384
0.974339
-1.19836
10.828
10.5845
-0.905061
6.61418
13.5921
7.26931
4.55279
21.9616
2.58482
5.03045
16.9394
2.34526
10.2883
11.9394
-8.91935
9.75004
8.18281
-22.4229
15.7111
6.44295
-15.649
22.1651
4.74214
1.80923
27.3441
5.47123
18.08
23.7249
1.248
18.7831
14.2999
-2.57018
22.1094
6.52284
-2.8285
22.2323
12.2818
-1.62823
12.2733
18.5977
-10.8922
8.3771
23.6923
-6.8861
-12.5701
28.415
2.66715
-19.9898
28.7949
4.30656
-8.19776
33.167
4.39775
-5.54903
23.7767
5.45381
2.58297
23.0059
7.28127
14.4507
17.7123
-1.07297
-0.90118
15.015
6.43805
14.7597
6.11504
8.30173
5.09692
6.58756
5.82228
-1.67209
4.64325
1.62979
-9.1594
5.13892
1.99267
-3.0513
-2.34123
11.0158
4.54655
-9.86662
6.05727
11.7019
-15.6675
11.258
3.93976
-11.5937
14.342
1.99852
-7.67274
-7.48795
-4.45021
-8.7361
-18.5317
-2.6138
0.43986
-1.08924
6.70837
14.6803
5.39673
4.28101
12.7582
1.89143
5.75697
6.64579
14.7952
4.2489
4.26667
-0.915561
3.0568
5.31396
27.6564
4.28355
5.41717
12.9263
2.49911
4.76486
2.89114
-1.10011
0.352775
13.1494
-8.57064
3.21897
28.7081
5.21913
0.231103
22.4052
7.65419
-5.59912
11.2545
-4.00072
-4.80741
6.01051
-8.52734
-4.17493
6.38054
-27.9807
-6.41209
11.4598
-17.3972
-8.0756
12.3412
0.40669
-3.04979
16.7977
11.2006
-2.62143
10.9508
18.5435
-4.14218
4.20865
19.5511
-1.61577
3.1738
22.0423
-7.84211
-7.11828
26.0193
-2.79308
-6.89959
7.53197
-5.28278
-9.03191
-2.48752
-3.32415
-0.941344
-10.7734
-5.47046
-1.62944
-6.49658
-3.29412
-0.989544
-3.63396
-4.73065
3.15213
4.45718
-12.0445
8.77755
11.9619
-19.5345
5.28235
7.0208
-15.2512
7.77167
8.31139
-11.3032
12.5275
9.32339
-11.1066
13.707
-4.33205
-15.9495
7.83688
-6.83447
-17.3443
3.79018
-1.94478
-20.1038
3.99039
2.09767
-14.8915
2.82867
-2.17907
-9.45193
3.72544
0.0321472
0.714295
15.8422
-7.54906
0.664563
-10.108
7.36718
-8.43315
1.57792
14.8985
-3.68948
8.47937
-5.88126
11.8163
-0.488869
6.32509
13.2936
-6.1308
10.4085
9.47078
11.3628
-1.01123
4.30163
-2.41401
1.25669
-3.16601
27.9319
5.16779
-4.72524
6.89101
4.82171
-5.81764
-1.66277
-2.77036
-6.38875
20.0628
2.61036
-4.97306
25.3459
6.27803
2.04217
16.1237
3.74286
6.18162
4.69666
-3.64657
8.35611
8.71349
-6.54571
10.8711
9.13916
-24.2996
14.3085
13.8022
-22.5884
16.2974
9.5419
-5.48927
9.59162
15.5977
5.36085
11.1998
20.5976
9.01159
4.29874
8.85953
11.5537
-2.36779
0.452776
24.7013
1.21229
-5.91608
25.9899
6.29154
-8.73746
21.2446
7.74455
-12.7054
11.7195
5.75884
-12.3289
-1.89733
7.9991
-3.33669
-7.70797
7.5933
-4.49033
-5.48668
7.66353
-5.03315
4.76767
6.1238
2.19742
13.7277
2.82665
1.7925
14.0171
10.0385
6.68523
5.93479
2.19367
12.8827
7.03418
5.12754
10.2826
-4.87793
7.53514
13.8718
-4.88431
-4.26852
8.41403
-4.18592
-15.3175
8.92813
-10.2672
-17.5541
0.478642
3.19834
-3.79415
-1.24673
13.9981
-0.041488
15.6768
-2.67439
4.4738
-3.56035
-24.773
8.46611
22.427
-7.15342
10.4692
6.59386
5.99009
17.5865
-1.64108
10.1541
17.0172
0.249644
0.523912
17.9338
6.67217
17.2695
9.98292
-0.336589
28.479
0.642286
28.9245
12.8818
-7.83449
6.49974
4.73808
-8.10205
9.87448
1.25908
-4.11854
18.1993
-0.955546
2.723
24.3706
0.832353
11.7297
8.69884
0.307388
13.7536
4.64626
0.960064
15.9695
8.55111
-8.48175
15.9875
18.0566
-8.3954
14.7228
13.7308
-8.33372
6.70416
18.7707
-4.41108
7.85784
13.817
-10.7053
-0.722474
10.0595
-23.7196
4.94508
10.8816
-22.2673
2.89859
2.40785
-6.40363
0.963036
-6.49257
-5.42453
7.60376
-8.49581
1.07627
11.9009
-9.23436
21.0735
12.3705
-11.9321
19.7648
3.05128
-14.5596
4.09044
-5.89851
-4.34313
0.217833
-3.18405
-3.78375
5.11569
-2.74972
2.38869
9.57186
-6.77879
7.0326
12.9698
-9.15624
2.5103
7.75345
8.76348
6.42422
11.5033
7.495
12.8364
5.33661
0.219
16.2046
8.89466
-4.07216
10.5585
3.05464
-5.68137
6.79938
6.23306
-8.79331
-2.23502
-1.57122
1.29948
3.824
-5.92466
9.51492
21.2612
7.64133
14.194
9.1587
0.342661
14.4588
22.6837
-2.08412
12.1097
-1.87507
-3.96967
21.8888
7.32805
17.3502
19.9276
14.3927
9.69676
22.5856
-8.96007
3.6321
16.1582
10.7857
-15.6169
0.925857
28.4344
-5.13391
-9.38667
-3.94552
9.62559
-13.8258
10.9442
11.4666
-2.34621
24.2769
9.64021
10.0194
16.887
0.300426
18.3989
19.5585
-2.33769
16.6058
15.3586
-2.7207
11.3079
18.1828
-3.61374
9.22407
16.6397
1.06337
1.1799
26.941
-7.40501
-12.8583
18.1913
-17.2043
-12.2507
15.7317
-31.4445
-8.26704
5.59357
-34.7332
0.183523
2.6448
-29.0947
10.8052
1.50269
-22.582
9.86052
-4.22901
-14.4574
-0.239944
-10.1648
-5.80232
-2.80257
-13.599
-0.304345
5.05165
-13.5502
2.27274
9.32755
-13.0929
-14.4619
0.400117
-12.5078
4.50435
3.93236
-6.89918
-5.18131
3.36603
2.0479
-5.38704
1.64992
11.8872
0.014954
-6.06601
0.0887671
0.0196572
-3.33139
5.67922
7.73793
6.43296
9.75358
7.68846
1.61074
7.80737
7.42699
-3.84348
19.4751
-0.729689
-4.55658
8.80582
-0.671239
-3.10512
2.74942
7.87226
3.75487
11.0079
-6.35576
9.56453
20.7032
-15.555
15.9931
3.13592
-23.0379
17.9764
14.8607
-24.4859
13.1043
6.26473
-3.94587
20.0099
-0.0439706
3.11796
20.4257
15.6902
33.0488
21.2533
-10.6708
36.7107
10.2653
32.617
39.3164
3.19759
19.5203
12.0453
-5.07107
8.01195
-1.91508
-11.8206
24.9606
-0.315439
0.958603
32.0254
12.0147
18.5288
23.5417
15.4492
22.871
18.0057
10.2277
13.9711
15.188
0.172681
-2.31036
21.6289
2.0415
-12.0681
27.1116
-3.06007
-15.7996
26.5482
-1.83769
-20.1282
18.2482
-11.0666
-17.708
9.81596
-12.4037
-0.244122
-0.938179
-20.3183
9.81275
4.26191
-14.6826
3.24526
-7.3723
-22.5009
-3.22756
-6.74015
-25.0669
2.41137
-8.06442
-32.4924
13.6227
-13.6072
-9.49314
6.2784
-8.73489
6.64314
10.3694
-15.9606
0.318276
3.91899
-14.7035
-1.14227
-3.2979
-9.94644
15.8096
5.83522
2.6281
8.84533
-4.71753
13.3215
9.12845
-1.93665
-3.84209
5.27771
-11.5122
5.04828
-1.96773
-0.0365147
-3.05304
-1.22544
8.4585
25.3242
-7.94572
1.539
18.2576
-6.31218
-3.0836
18.9624
-13.9399
-1.19943
7.25515
-13.0634
3.31821
8.22161
-15.6322
10.6538
22.3115
-15.7332
15.661
11.0208
-19.9797
13.2828
-6.83277
-11.9464
15.7257
7.05796
-25.17
21.0825
5.54988
37.7044
16.7671
21.5747
2.92474
15.7589
-11.5053
-1.89486
-0.0692406
38.6911
-2.27165
-5.00762
-1.86962
20.0561
-2.34399
3.84169
23.696
0.838303
24.4408
27.4232
12.8041
31.3176
10.7881
24.4481
21.6914
5.96653
10.9005
15.475
14.3774
-2.85854
17.0353
13.8903
-12.1574
31.2201
7.04573
-23.6111
25.7399
10.5288
-19.0147
16.5658
13.205
-3.54007
7.23964
-1.28762
3.19014
12.5427
1.99312
4.5354
8.02156
5.30752
7.23277
0.706814
3.30233
-1.60327
1.62379
-21.4773
-5.96037
-2.86272
-29.3221
11.2451
-9.15595
-35.6085
2.72749
-18.1142
-16.9037
-10.3071
-30.5461
10.9751
-5.76181
-22.4013
31.3048
9.15761
-12.1758
35.121
6.21769
-7.23978
29.0873
-2.69083
-1.06134
36.5482
-9.57277
6.03086
38.6817
-1.89835
12.2679
37.6446
-11.6378
2.62767
20.5447
-4.651
9.44914
9.57194
6.17144
13.9739
7.58897
7.70975
19.9769
3.51091
-2.76154
21.0131
-3.42666
-4.65423
0.401793
-0.132525
3.8294
0.158197
-1.50426
8.74119
18.7617
-3.72742
11.0468
23.4325
0.362037
10.9032
1.6351
-0.457569
13.5756
8.41321
-19.0934
22.4902
9.05644
2.87914
12.4823
32.2373
26.6406
14.9421
-8.65554
27.855
7.13881
23.9567
19.2609
-2.62165
6.52571
15.0726
0.729891
18.4152
15.8929
16.6083
31.3718
3.67956
24.4232
19.0909
13.7161
19.3558
1.11334
13.5404
-2.9906
17.3067
10.1732
-7.20648
29.3568
14.21
-16.2541
24.4834
17.1082
-13.9117
19.9572
18.2295
-14.3531
20.5547
14.2606
0.979734
17.4968
1.34204
6.26628
15.7507
7.44703
-6.75185
21.5865
-8.76418
-18.5347
12.4073
-5.37876
-12.2027
-0.287266
-6.68445
-4.09551
-3.57432
0.85235
-17.8006
-16.9953
-12.7664
11.4287
-3.27091
-18.6701
10.8633
-31.6167
-24.6857
-16.7464
-30.5594
1.09559
-14.3816
-26.41
23.9949
-13.9689
-3.443
17.751
-2.2237
9.34865
2.00875
-4.70253
11.2179
-1.75564
-2.40321
16.5351
-15.9099
-9.9605
15.5432
-8.33787
-8.01634
18.0481
-1.74253
0.743263
9.00956
-10.7356
6.43013
25.7212
-5.43573
8.76419
28.508
-4.92559
0.557579
17.7086
-9.28854
5.81106
0.753388
-8.95361
6.14736
15.372
-10.1386
11.3313
25.8833
-21.3502
5.3687
7.17997
-28.6846
9.52087
-9.05239
-2.96322
18.6863
20.752
36.0072
8.62468
15.6313
26.3158
-0.394636
12.266
30.4635
2.75212
23.4802
25.0684
14.4427
21.2644
26.2777
22.5619
34.6752
25.0956
33.2371
29.0577
30.3835
28.458
27.3222
14.2201
5.78596
29.2923
22.0128
-6.66046
28.4557
21.619
-12.9723
17.2762
4.50485
1.81849
28.2648
3.3667
0.0238478
28.6056
6.03608
7.58813
32.13
10.5308
13.2421
28.4353
8.13118
-0.918981
26.4683
3.14084
-19.4515
32.6867
3.18608
-26.7115
22.9886
0.650074
-36.4691
11.7409
-12.8352
-33.7361
-22.791
-40.3217
-3.03023
-38.6528
-16.2071
-46.8938
-15.4331
-85.9832
53.5068
1.33239
-59.402
-19.7431
-55.1315
95.8246
-44.8779
-10.3828
32.4476
-31.3885
0.726038
17.2441
-13.516
8.85576
-1.83282
-2.44567
14.4231
3.9006
10.9925
32.7868
2.45085
-0.398139
30.5387
-1.84003
0.770373
27.1159
-14.6369
-3.5478
22.7858
-9.85623
12.3239
10.9127
-7.10048
16.2261
28.8137
-17.5579
8.28673
28.7494
-22.9271
14.1481
11.9715
-24.5505
9.78513
11.8461
-27.0826
7.03677
16.4914
-22.9487
11.7877
7.90129
-31.9537
11.2489
-5.68495
-14.9817
13.0246
5.036
15.4866
21.1429
5.97252
29.4425
26.1306
29.9636
24.5428
30.6307
8.58166
36.2034
28.2128
30.8942
23.5755
33.8841
21.5652
14.102
31.8044
19.3793
14.4862
17.6481
28.4975
29.5545
11.8027
19.1113
20.7544
4.8031
23.4151
23.872
8.58094
30.1876
28.8967
3.03583
44.5765
27.9733
15.9024
24.1078
21.8889
15.5679
25.3174
14.7594
17.8345
27.3273
17.4887
-2.01588
32.0973
16.8252
-9.58438
27.5927
19.3096
-17.2751
22.3864
10.7467
-7.83531
31.858
0.618565
-7.92498
54.0898
13.578
2.00267
80.2462
91.0407
-90.7788
-5.04874
95.9774
-138.184
-8.37499
-92.1446
-85.6699
61.4468
-90.8536
47.0419
44.9844
-34.3079
61.4611
35.0246
-3.65419
37.3195
1.93893
-14.0841
25.6339
7.44162
2.2127
21.0573
22.9925
-3.69042
21.5748
18.2806
-9.46967
19.2714
31.2886
-9.86896
13.009
29.8692
-14.2021
21.7665
25.0493
-25.2906
27.0286
20.8307
-27.2089
21.4432
31.1475
-16.5424
17.0943
27.0295
-14.066
22.6022
2.18705
-25.4648
21.5115
18.2235
-29.7221
11.9621
10.983
-33.1762
18.9189
12.6593
-39.6837
31.8717
7.09206
28.0809
11.1943
8.2287
27.1528
22.3282
20.2444
45.8879
28.5163
15.939
30.0714
27.7253
22.3638
35.5566
28.5595
9.20805
25.8651
33.6643
27.1336
36.4257
21.8917
39.1291
30.0604
21.5537
22.6018
31.693
17.7102
38.9294
34.416
27.7977
26.8664
35.1161
25.662
29.254
38.5623
30.685
25.1335
37.3435
40.5775
34.3101
46.7987
48.4672
42.1888
48.4865
42.9016
34.4902
43.7021
29.1408
33.1539
33.1402
22.0555
34.4599
32.4551
9.76282
21.5064
34.3877
121.581
68.2148
66.3317
-112.212
-47.783
16.5194
-311.049
-131.615
-3.73235
-385.068
-110.566
84.2776
-262.031
-79.4272
75.7939
27.7515
95.0996
-22.1907
-24.5211
25.8922
-67.1805
28.6811
-2.68241
17.5737
42.1718
39.9029
13.5902
3.25507
19.9562
0.836613
27.6554
24.6039
-24.6565
28.2891
45.898
-23.2654
23.7589
33.8794
-26.3384
29.254
25.0361
-25.598
35.4701
22.8651
-24.7714
36.0937
30.65
-36.387
32.6605
39.0209
-36.5753
32.8136
14.7498
-31.534
34.1288
20.3589
-35.4712
32.8503
17.7064
-29.8662
27.8876
15.7268
-18.5316
26.9986
19.9866
15.0375
21.2939
19.0485
30.2744
25.5473
17.9291
14.0923
42.7552
25.2039
39.3931
43.3051
17.477
31.7606
38.2558
19.9031
26.5022
38.6845
20.2616
34.6009
28.2493
15.3994
25.9255
15.6412
26.7238
25.328
15.7822
7.77239
26.9676
33.5302
9.76074
30.2479
52.0339
30.4317
27.6922
58.0955
34.7215
27.0875
51.2814
29.215
23.0005
49.006
23.4828
17.9948
51.0326
28.3629
23.1142
49.8425
31.4018
20.9644
54.2314
50.0418
25.5563
41.0302
33.527
17.5092
57.8453
58.3925
-8.29063
-186.628
-39.0094
20.0235
-282.643
-90.8552
43.7895
-312.184
-103.559
28.7545
-312.003
-101.703
88.34
-127.313
4.53716
128.921
0.294977
93.0313
-2.24067
95.7748
213.719
-41.3739
48.0359
164.116
56.112
85.1765
59.0299
-7.90539
56.2012
18.6927
16.5942
2.51659
18.2295
-6.9329
38.9276
38.7666
-17.6495
49.5283
39.2967
-23.7348
41.8142
35.3191
-24.5294
38.1833
29.7108
-36.5935
42.3726
14.5481
-34.821
44.95
25.0924
-36.3758
35.7539
17.7161
-40.7778
37.8784
34.1687
-36.0315
38.5184
30.7656
-37.6205
43.8368
-3.27792
24.2405
31.3644
31.8429
43.2868
14.9665
11.4205
24.6561
18.1343
12.8683
44.5823
24.0051
14.165
24.1655
40.2822
12.6799
40.4749
39.6006
15.389
28.5273
36.4318
12.9268
35.871
30.8231
9.04099
32.6126
31.5039
16.189
32.7503
34.777
20.4834
32.869
45.6374
24.9928
26.0352
53.2498
30.1222
23.0446
49.7121
19.9948
25.2607
64.986
35.2091
21.9379
65.3432
39.9063
12.0087
51.9517
50.42
1.35665
42.6433
50.0968
-27.2706
23.2195
60.261
24.7283
23.3912
59.2174
22.1222
-155.79
-22.293
14.6533
-219.518
-42.5893
30.2158
-246.069
-55.5649
58.8225
-261.902
-62.318
31.8414
-226.425
-100.337
25.4267
-218.348
-62.4946
123.618
-241.81
-105.24
117.126
-97.2348
-75.8184
-57.7913
123.735
157.14
-145.6
88.2731
137.444
17.5167
55.4803
52.3455
1.5347
39.7571
71.7763
-74.2037
57.181
51.9412
-66.5397
67.8652
36.9312
-36.1716
61.3434
31.4951
-27.3068
56.4247
19.3246
-35.7466
49.19
20.4405
-30.2513
49.7723
17.1291
-36.9278
51.1583
13.7956
-35.3178
52.0796
39.7466
-33.4742
55.1133
35.8302
39.6537
60.7228
9.26115
30.9112
45.8474
8.83035
26.7537
46.5106
6.97815
25.1632
50.2923
16.5476
27.1753
44.9615
14.2347
33.3187
44.5252
20.554
26.9063
41.1224
16.9985
28.4164
40.61
19.8786
24.3468
49.2566
17.4802
18.7187
63.342
13.7451
21.7493
66.3946
21.3303
24.2134
59.6582
25.6805
17.9675
54.5654
21.8387
14.7124
56.7067
19.5965
17.0565
63.4154
36.3087
15.6087
57.6332
53.7311
21.4069
51.8029
63.7936
14.9349
44.8765
50.3651
-16.0187
29.2771
71.9874
13.8875
-126.001
-10.2699
40.578
-176.14
-29.9938
40.1216
-201.657
-43.3343
25.5838
-224.22
-53.6748
52.916
-230.348
-100.527
56.8614
-246.214
-116.072
-27.9956
-293.921
-154.652
-15.1215
-305.44
-149.331
115.21
-165.549
-109.972
106.509
-96.0643
-110.954
-76.4832
51.5013
24.6293
-97.6943
74.0418
-1.51381
-19.9938
61.2707
23.3292
-18.3115
60.7932
39.6102
-26.2846
60.1828
21.6732
-36.2253
53.0475
18.971
-28.2362
50.8999
7.77336
-27.0607
53.1956
21.1758
-35.1097
54.0359
18.3836
-31.601
46.9449
16.0425
-34.5471
32.7513
16.0925
24.2811
47.1977
19.9508
23.4665
31.2081
19.5778
34.1974
39.2561
18.2362
22.2451
47.3436
14.1591
28.6871
51.4172
21.639
13.2739
49.8921
11.8169
28.0795
57.3371
12.3304
24.4151
54.842
11.8962
21.7044
57.9511
21.5802
20.0812
52.061
16.686
22.8946
50.0163
15.6115
19.3407
47.8273
16.6169
15.198
60.5758
24.2054
12.4817
58.4985
20.4203
21.593
50.8722
26.1125
14.6536
49.2756
31.8792
22.0781
69.5988
53.6188
35.299
7.37553
20.2893
70.9714
-64.6522
-24.8709
25.177
-176.369
-80.8875
-13.3794
-189.726
-98.7715
-12.7564
-192.738
-104.402
7.5586
-192.198
-127.113
5.88065
-215.201
-93.2719
5.15567
-227.202
-104.056
56.3438
-231.468
-139.762
43.5507
-240.894
-136.259
-45.6145
-249.929
-162.336
-30.1492
-262.158
-175.147
95.6957
-23.7103
-72.7716
68.9514
70.6113
-3.9576
-27.7378
92.5866
-11.4098
-58.6511
91.1923
6.31426
-70.3496
58.2895
-1.38663
-53.1512
51.6335
12.8113
-30.7848
59.728
11.4574
-32.0358
64.2017
19.6197
-21.5188
52.289
11.6637
-21.069
52.9586
23.5217
-21.4719
46.2106
23.594
14.9969
46.4909
4.37904
28.7561
54.0298
8.92012
29.1524
49.7135
16.0283
24.6947
42.6856
9.69619
15.4241
50.3873
6.49074
24.2765
53.7647
19.1515
24.4045
42.1639
15.5929
17.9393
40.0096
15.7925
23.4539
52.093
15.909
24.9457
60.6865
22.4086
11.7669
58.3873
10.7115
18.9411
50.8925
7.12387
14.9401
66.2489
13.9712
14.4981
55.3694
8.91969
21.7584
68.2689
15.0497
45.443
77.2557
40.4839
37.113
19.459
-6.2399
13.0255
-100.612
-48.8355
-29.7946
-179.82
-117.026
-19.8242
-198.014
-110.855
2.79491
-193.059
-127.181
-5.64531
-184.306
-128.902
-24.5696
-189.111
-114.396
-27.8116
-191.606
-150.178
-18.2946
-196.877
-164.585
-21.3791
-226.399
-135.018
9.51925
-248.982
-145.47
71.4363
-235.329
-169.018
59.0238
-264.551
-170.69
-42.0831
-130.244
-104.462
-37.7555
-0.121845
-23.0576
12.8852
48.6537
8.94052
24.9164
86.2194
37.4068
-9.93432
92.7197
15.1435
-27.1303
48.5505
1.55667
-5.78151
49.6134
7.16335
-9.22951
48.1
3.22121
-15.1204
35.3604
5.91437
-13.1462
39.5267
12.9364
-20.9146
28.5325
-1.61459
15.0694
20.3006
14.0623
20.112
24.1136
9.53085
2.53634
47.6971
10.4707
17.003
34.6041
5.20892
20.5911
46.5242
2.67034
2.98997
42.3523
0.689631
17.4635
42.7647
0.60125
13.5989
43.7335
6.53184
24.8263
37.5211
14.9966
5.34312
44.9199
14.8297
19.9904
43.8192
32.1997
25.1636
97.0646
66.7752
-8.24198
123.629
88.618
9.51063
95.9255
63.9412
10.1478
70.5697
9.08378
25.7635
21.6177
-34.6671
-18.24
-64.425
-67.8101
-40.0467
-112.008
-101.035
-13.9258
-141.676
-119.262
-16.1477
-150.199
-119.911
-28.4742
-157.652
-115.769
-20.8492
-159.599
-112.05
-15.0263
-148.879
-127.711
-10.6897
-153.103
-126.332
-15.3525
-154.487
-130.612
-12.896
-150.201
-137.793
-28.7347
-171.828
-146.532
-50.3417
-200.582
-111.625
-34.3525
-196.53
-126.08
49.0248
-185.789
-150.257
57.9427
-120.943
-123.8
-7.94395
-84.5582
-92.4182
-34.4716
17.2168
-72.658
-7.40352
111.928
21.4647
7.56812
49.7512
7.36242
9.50289
48.1392
10.1086
12.7219
42.6041
2.50973
9.90759
39.2209
15.2043
-2.42194
39.2042
27.7159
-0.713869
13.4218
10.5658
13.6154
13.8578
0.232948
7.21025
22.1753
13.4806
-1.27718
31.975
9.57722
10.5309
36.2556
10.6625
-2.62075
29.4794
-13.9593
10.6582
37.6309
-19.5556
-0.451471
33.3047
-28.0243
11.0135
46.8752
-22.0732
40.2665
66.2875
-5.04143
51.0709
42.7046
-40.3729
19.432
16.8421
-83.3751
22.5702
7.81022
-93.1502
28.4396
-19.6601
-128.564
-2.66443
-31.9646
-128.121
-23.4173
-44.7336
-110.074
-41.5618
-61.6265
-115.81
-28.402
-79.0311
-131.588
-16.8138
-91.423
-129.084
-31.2194
-110.612
-105.695
-25.1047
-111.243
-115.621
-18.1772
-112.252
-128.472
-13.9295
-115.553
-113.398
-10.2055
-112.336
-105.6
-5.9035
-113.128
-87.0515
-5.30241
-121.619
-81.9765
-18.0787
-122.434
-79.8885
-22.4678
-120.677
-84.1453
-12.5427
-102.452
-112.487
-7.18512
-106.131
-96.0274
-45.4652
-123.843
-70.5108
-30.3351
-135.076
-61.82
34.4721
-48.4856
-10.8109
52.5932
29.6382
30.1833
25.0242
87.3808
44.377
-5.38262
46.6236
23.9894
-3.4161
20.8801
-0.991276
7.63578
35.7164
26.0502
2.74654
42.7702
20.0995
1.84936
32.8361
12.9595
-3.37767
22.5635
14.6963
13.7909
22.7285
19.5691
12.2233
33.6071
8.31332
7.98266
28.644
7.20683
8.18258
21.6455
0.766394
-0.0246124
20.1728
-4.96857
-3.36908
25.5004
-11.5552
-20.875
6.86833
-24.3843
-35.4815
50.9128
-27.7173
-41.0665
71.0627
-72.7917
-39.7034
76.3937
-78.3342
4.77763
48.5003
-44.2776
3.55172
16.9912
-50.4847
-13.4273
-13.1112
-59.7126
7.51724
-31.957
-58.934
7.27491
-33.6095
-79.7683
15.4134
-42.1089
-82.2634
2.06451
-52.105
-74.4322
-11.5293
-61.4728
-77.0724
-5.75577
-68.4989
-90.1752
-14.8712
-83.9155
-83.752
-15.4938
-95.7333
-77.7039
-29.4996
-96.0484
-95.5187
-36.1182
-98.9419
-91.0861
-36.1074
-100.23
-84.6167
-29.535
-95.8495
-87.7957
-2.11144
-95.8159
-75.8456
15.2604
-92.0851
-63.9107
20.1103
-96.6256
-46.6242
7.22748
-90.1001
-45.6725
22.6775
-66.9797
-45.3034
-1.93826
-35.9218
-22.0203
-40.4755
-0.969691
-32.8921
-29.6018
21.8735
7.61787
11.5751
68.3968
30.4433
44.891
53.2638
40.8435
37.285
40.4465
19.4441
15.2609
23.6622
25.2585
9.52403
36.9052
31.4022
-2.58139
38.4094
12.1593
4.18501
41.7153
28.7424
3.08865
53.5162
13.2906
-1.58029
57.0765
12.5015
3.54107
57.7859
10.5912
-3.69899
54.8395
23.5165
-7.01706
53.3407
23.2247
-12.3567
65.1065
26.1149
-20.4262
62.6356
44.3619
-28.7563
63.1635
72.5634
-42.5359
54.2105
94.9725
-45.294
25.346
103.899
77.6687
81.5258
92.5778
18.5687
70.5431
65.1158
-60.1506
67.5467
42.1289
-68.6316
52.0459
-1.41486
-33.141
-3.46046
-13.9058
-35.6543
-26.8366
-24.5482
-24.4
-20.8636
-26.8719
-10.05
-28.285
-39.0636
-12.6554
-31.9126
-43.2258
-2.91495
-25.7464
-37.7096
1.87514
-43.5796
-44.5103
23.0218
-52.7881
-43.8102
29.1326
-86.0548
-58.039
25.2109
-98.7844
-64.853
11.882
-97.2077
-57.431
-14.8602
-86.6017
-54.0807
-36.8751
-60.8201
-41.528
-39.6905
-42.539
-40.4645
-21.5792
-48.6145
-35.1648
-18.5373
-42.0264
-30.4589
1.90768
9.91558
-5.29729
47.2463
37.5635
20.27
41.37
57.5816
34.9685
17.5953
55.9403
33.7013
-7.13993
42.85
28.8365
9.89767
51.0383
32.7408
26.0077
10.027
18.8505
5.86077
-15.6458
2.04874
-27.8268
-16.2678
2.2536
-23.8187
17.8757
16.6964
-5.86929
26.5946
6.53556
-12.7186
26.2053
10.4417
-15.0624
28.8034
15.9863
-19.6374
23.623
15.9944
-14.8573
21.73
15.0604
-12.4756
15.1848
9.13023
-15.6319
14.3394
10.1553
-12.3178
11.4128
10.4486
1.16316
16.8138
0.304397
8.17021
1.12377
-3.49677
18.4354
20.443
1.58933
-49.4775
5.24935
2.01651
-76.3277
3.69208
32.1925
-89.2015
10.3477
43.8647
-0.192247
29.7906
49.0147
4.63255
37.7185
69.3681
21.7496
17.9621
87.9086
10.3285
8.79084
104.09
20.8229
-1.17662
108.93
18.5882
-0.368466
114.222
-35.771
28.5313
120.256
-35.4826
15.5459
96.5573
-50.1747
6.32089
72.955
-30.9356
-4.98069
53.8766
-17.1309
-3.14322
42.7782
9.58531
6.44224
44.7162
41.932
14.1926
51.5954
45.7526
20.206
57.7219
30.7777
29.6685
63.4659
34.348
32.0372
47.7891
4.28455
41.4411
41.1507
-12.921
43.6178
49.6308
-6.87302
48.9291
39.0619
8.44695
43.632
35.3142
24.1476
53.6968
26.545
22.6827
47.5835
19.2607
22.2639
37.541
-2.76211
-3.86393
20.6922
-9.57981
-24.3225
17.545
-1.58015
-15.8601
3.12117
8.72131
-6.96302
-1.86764
-4.2485
-11.4195
-1.25171
1.39132
-17.5648
1.69049
7.57723
-14.7189
6.32974
17.067
-1.13332
8.39652
9.3791
-3.3224
6.9162
9.74847
-7.82485
2.33636
-2.83425
6.69337
-4.77473
-9.24895
-2.83568
-1.40393
6.62785
0.827691
13.1233
15.3208
-0.0728965
10.0046
13.4463
10.6109
-6.72077
8.28777
-1.03134
-15.2028
4.25914
2.28663
-16.3934
-0.159797
0.364071
-14.8391
5.57532
32.6393
-16.8844
3.93015
57.0314
7.70906
-7.66871
43.9034
-5.43561
-19.1789
53.5051
0.0697068
-29.697
40.0209
7.98025
-34.0696
0.237468
12.1963
-20.9422
-23.0265
18.3857
-10.792
-31.1516
-9.12414
-21.2165
-3.77588
-36.524
-31.6546
-30.7312
-44.065
-24.6125
-42.8544
-30.0635
-17.3541
-27.744
3.22576
5.94366
-38.8124
20.6715
18.2465
-33.918
16.4272
22.1261
-36.116
8.00184
19.8721
-28.2684
-14.9268
-0.0680697
-19.5907
-20.6408
-5.93086
-2.30239
-24.9529
-12.7003
-18.8254
-18.6912
-8.85785
-17.998
-9.28405
1.52262
-11.4233
-13.1557
6.714
-9.58031
-8.06515
-3.74843
-1.81494
-3.78443
9.41152
-2.93319
-6.39965
0.586285
8.63416
-5.7048
5.34958
-6.76617
-11.6378
-0.2284
-1.0517
-9.81277
5.90105
-12.3522
-10.0319
1.51197
-11.8816
-12.3798
-11.2564
-2.76919
-2.18281
-12.2499
-7.1971
2.75992
-5.14028
-3.83958
-7.17543
0.000999198
-1.47179
-8.58408
7.38354
5.25387
-10.3933
1.55063
2.71406
-0.0847596
3.57046
-8.81136
-5.36287
-7.63146
-8.42312
-6.41024
-10.8069
9.74848
-0.129693
-13.8515
-0.978251
-11.5791
-3.96887
24.3328
-4.5525
-7.02891
15.6428
-17.3237
-5.1945
0.352817
-6.1329
-1.59555
-3.57387
-3.0258
-8.56652
3.59211
-8.42988
-4.8681
19.9709
-8.76686
-5.53357
14.0846
-16.4872
-10.1496
20.2812
-4.5245
-9.18353
-5.13452
-3.24796
-5.70017
-16.1762
5.52769
0.783238
-1.03557
14.4381
0.29363
17.6997
3.24249
-9.08696
21.676
-2.12205
-14.4428
21.3781
-6.52236
-26.8836
8.04425
-21.43
-26.0892
7.62993
-8.1645
-16.6149
-23.2698
-21.8718
-8.09109
-30.0957
-2.88977
-6.49676
-15.7141
-15.3845
-19.321
1.5188
-6.12001
-16.9481
-1.84726
-0.999254
-12.6497
-5.25731
-3.84416
6.4305
-8.34739
-4.28849
-4.18203
-12.3638
-7.36419
-10.0322
-15.7433
-13.4231
2.33329
4.87643
9.3363
-7.68561
0.757826
20.0029
2.99482
-6.38663
17.6683
9.34241
-7.98405
3.86273
6.53931
-6.45866
-9.66492
1.02774
-5.24106
-17.5487
-4.51487
-6.0079
-14.8235
-1.33086
-4.63814
-5.87399
-1.86472
-8.30507
3.11489
-5.82837
-5.43367
3.39711
-13.451
2.4098
3.12459
-19.7814
15.0363
0.783863
-14.6903
12.0451
7.79087
0.658527
-1.41807
-2.85914
5.75097
0.253701
-10.1295
12.547
4.35235
-12.1241
15.9318
2.70323
-20.5549
15.9215
-6.40088
-15.109
19.3232
21.6496
-11.0378
14.8561
-1.23105
-12.689
15.1851
18.6451
-8.14305
18.5691
-3.77115
-10.12
16.7449
-10.0191
-8.98881
14.5142
7.09147
-8.07148
13.2514
-9.02606
-0.937919
13.496
7.05716
1.91079
15.6871
1.21948
0.144458
9.43419
-20.0603
4.94761
-2.22552
-11.47
-5.21158
-11.0305
-3.65139
-4.95577
-17.1185
-9.78259
-11.1687
-22.4179
0.923797
-3.31214
-10.7023
10.949
2.25842
-13.0136
18.8683
2.21938
3.16671
9.74752
-9.25636
3.58026
6.07511
-13.0847
3.52634
7.26096
1.10684
8.81829
2.51694
7.94868
8.66437
9.92678
9.83457
0.986395
5.95581
6.57864
-6.80605
0.141624
