-0
-176.37
0
-7.59887
-0
0
-0
-0
0
-0
-131.029
0
-381.124
-1.6273
43.4082
-537.721
-0
0
-181.926
-0
149.155
0
-0
-0
-70.9289
-0
0
-390.489
-0
0
-392.865
-0
47.6392
-437.24
-0
74.4137
-0
0
64.669
0
0
-229.783
-0
0
-0
-150.497
0
-0
-371.892
0
0
-370.065
0
0
-392.21
-0
78.3571
-341.033
-0
95.3874
-285.003
-0
0
-199.553
-0
0
-0
-0
0
-0
2.41571
-0
-82.2602
0
-0
-316.234
0
0
-299.189
0
0
-322.108
-0
0
-339.757
-0
0
-369.266
-0
0.433547
-373.836
-172.172
20.4059
-287.245
-382.372
35.4698
-239.644
-0
0
-0
-0
0
-0
-0
0
0
0
0
-0
-0
-0
-261.142
-0
-0
-310.186
-0
-0
-325.364
-0
0
-346.933
-0
0
-370.457
-0
0
-373.129
-27.9336
0
-306.427
-225.629
111.684
-371.788
-81.2182
0
-299.442
-313.131
32.9495
-383.274
-182.522
89.4273
-30.0883
-0
0
-0
-0
0
0
-0
0
0
-0
-0
-0
-0
-0
-224.324
-23.098
-0
-245.219
-213.21
-0
-338.516
-0
-0
-302.24
-56.1111
0
-322.355
-20.6605
0
-354.98
-0
0
-280.596
-183.791
0
-310.405
-145.097
0
-342.957
-148.393
20.6931
-262.454
-284.569
0
-335.852
-243.707
0
-209.243
-17.9429
0
-0
-0
0
-0
-0
0
-0
-0
0
0
-0
-0
-0
-0
-0
-49.439
-169.478
-0
-227.616
-106.107
-0
-207.918
-150.157
-0
-271.91
-31.5943
-0
-255.142
-56.1093
-0
-277.472
-0
0
-266.068
-21.1953
0
-234.389
-93.4693
0
-200.832
-157.231
0
-264.22
-87.517
0
-183.014
-288.756
0
-287.666
-94.3472
0
-243.679
-194.956
0
-149.147
-219.775
0
-46.0102
-0
0
-0
-0
0
0
-0
0
524.895
0
0
19.6086
-0
0
0
-0
-0
0
-0
-0
0
-49.1811
-0
-0
-173.414
-0
-0
-129.062
-0
-0
-240.933
-0
-80.316
-150.304
-0
-110.403
-165.855
-0
-121.995
-178.38
-0
-154.977
-94.4762
-0
-183.682
-62.5054
-0
-188.472
-35.8007
-0
-209.126
-0
0
-195.396
-0
0
-162.096
-97.7625
0
-155.338
-88.7443
0
-169.939
-67.7276
0
-73.1242
-236.66
0
-181.529
-0
0
-114.685
-182.721
0
-124.578
-0
0
-0
-0
0
-0
-0
0
0
-0
0
0
0
0
58.3148
-0
-0
0
-0
-0
-0
-0
-0
-0
-96.3742
-0
-0
-170.886
-0
-32.1698
-158.733
-0
-110.842
-49.6616
-0
-89.1642
-130.15
-0
-80.9126
-168.828
-0
-165.126
-5.52299
-0
-174.333
-0
-0
-191.219
-0
0
-202.515
-0
0
-187.928
-0
0
-176.07
-0
0
-162.386
-0
0
-145.746
-46.1528
0
-60.4365
-195.118
0
-143.823
-0
0
-78.8682
-0
0
-0
-0
0
-0
-0
0
-0
-0
0
0
0
0
282.353
0
-47.7992
0
0
-0
0
0
-0
-0
-0
-0
-0
-0
-0
-0
-0
-0
-0
-0
-0
-35.423
-0
-0
-93.5444
-0
-0
-121.95
0
-0
-157.716
-0
0
-181.059
-0
0
-147.577
-0
0
-124.248
-0
0
-87.2778
-0
0
-7.23359
-0
0
-0
-0
0
-0
-0
0
-0
-0
0
0
0
7.30953
0
0
5.82135
0
0
0
76.3936
0
0
2.47325
0
0
0
0
0
-0
1001.34
-0
-0
0
-0
-0
56.6477
0
-0
110.827
0
-0
80.5975
0
0
88.8264
0
0
1.62775
0
0
0
0
0
0
0
71.7015
0
14.7855
