-118.129
-123.117
24.348
-215.145
-34.2617
-48.4606
-68.4018
-47.5522
229.682
-153.233
-31.7936
63.8373
-381.587
-70.5162
84.7427
-450.31
-51.9712
71.0575
-316.228
14.9784
126.411
17.8235
49.5089
-24.6024
-229.656
-18.2722
14.8259
-353.452
-54.9861
21.3919
-395.722
-42.0105
52.5135
-392.091
7.16522
81.6068
-229.364
79.0248
175.597
94.7264
104.608
-125.092
-53.6045
70.1706
23.2153
-221.041
19.2236
-5.28965
-311.507
6.09651
9.57427
-349.334
1.59484
28.0155
-363.278
2.34444
62.133
-348.727
0.75183
103.671
-304.611
-36.8632
159.004
-285.963
-91.1011
104.389
-165.583
-42.383
31.3144
-44.2028
157.243
14.3302
-210.591
64.726
20.3673
-277.392
25.6066
21.7419
-309.283
3.37388
32.442
-330.269
-19.6774
44.5877
-342.145
-46.6723
65.8506
-351.549
-84.3512
68.9218
-379.103
-134.63
92.4019
-356.108
-159.74
117.467
-228.151
-133.17
89.3961
-137.789
-108.605
12.1728
-4.74673
-36.6022
-23.4233
50.1398
-15.5702
-15.8108
-165.33
53.6338
-6.20251
-261.558
-16.3335
1.44042
-289.045
-45.9493
12.4573
-295.394
-59.0944
23.1609
-305.102
-72.6656
36.1894
-315.158
-81.9974
48.8982
-325.305
-97.0151
64.7806
-334.219
-115.399
66.0227
-335.362
-130.312
62.7101
-336.195
-155.174
68.2007
-305.696
-164.117
78.6051
-107.594
-88.0902
58.3499
22.0299
-44.1501
18.4891
102.523
-19.6737
45.6102
61.6029
47.2681
-10.0722
-142.62
-45.0205
-26.9364
-246.748
-87.7349
-30.7638
-278.371
-95.8422
-9.53574
-282.286
-97.8369
5.49722
-273.539
-98.0367
16.3715
-271.913
-103.53
25.5539
-279.21
-116.366
36.0587
-288.925
-127.542
45.2725
-304.069
-138.917
60.7269
-320.021
-152.089
71.6442
-321.899
-158.196
72.2084
-316.694
-157.909
65.7039
-199.163
-102.751
60.6853
-71.8444
-38.8791
45.5286
1.47541
-1.10276
28.3089
80.2006
17.3673
32.6526
35.7604
4.20529
-41.9902
-115.616
-60.2725
-44.2364
-181.696
-90.0489
-42.5532
-219.695
-102.931
-28.8074
-232.202
-108.784
-19.4416
-238.211
-110.769
-9.52368
-237.727
-109.866
0.622871
-233.581
-109.097
11.7829
-232.767
-109.342
22.0691
-233.392
-110.594
31.4473
-233.913
-112.81
37.1934
-249.997
-123.181
42.9211
-260.409
-131.569
53.1868
-258.065
-137.125
66.1304
-239.47
-137.105
72.501
-176.343
-114.485
62.4355
-119.184
-86.2192
49.7984
-33.4994
-34.3229
34.454
88.6147
22.516
88.7698
226.02
-35.4086
-21.5865
119.995
-109.946
2.45919
57.5049
-145.684
21.0032
29.7321
-148.642
8.46043
-5.71319
-155.691
-24.6824
-27.2431
-148.765
-42.0743
-52.6291
-138.562
-40.6081
-82.5942
-139.92
-28.6578
-110.014
-143.455
-21.9768
-131.301
-139.716
-12.9853
-146.401
-132.591
-6.18916
-158.09
-127.475
0.628378
-168.017
-122.268
8.05225
-172.192
-112.768
13.4617
-171.983
-104.079
16.7686
-170.509
-96.6118
20.3152
-174.693
-92.9874
21.8087
-174.523
-87.7874
24.1134
-172.044
-82.2434
26.246
-166.358
-73.7495
27.4403
-165.302
-64.7779
25.7247
-169.244
-58.7692
28.0795
-160.739
-48.7188
40.5901
-84.7671
-10.7842
45.974
-1.8474
26.8653
38.8134
55.9763
52.4481
57.8347
94.7276
70.5599
168.674
82.0936
-43.0838
-81.4745
11.3113
-94.5389
-16.723
-34.4806
-109.217
28.9828
-66.1962
-102.595
42.8287
-81.7419
-97.2863
37.7408
-92.1234
-95.4051
30.4742
-97.8708
-91.9841
27.3664
-105.705
-93.7629
25.6307
-115.354
-97.4028
20.5957
-126.094
-97.288
18.2782
-135.201
-95.5063
13.9558
-142.662
-94.6836
15.4857
-146.634
-89.0089
19.1392
-147.612
-80.235
22.0933
-147.838
-72.4319
26.3792
-144.763
-64.0027
30.5016
-142.067
-54.1258
35.0073
-138.749
-46.9489
38.7293
-131.01
-37.2696
41.0767
-112.042
-20.5875
40.931
-83.2798
2.96477
41.7579
-55.1414
25.9618
44.754
-21.8283
57.4578
46.3007
33.9903
97.1246
75.5724
100.026
93.9208
-93.5445
24.7245
24.0264
-57.6882
-22.3023
-17.3432
-42.3127
-46.7364
-38.0707
-29.4266
-49.7992
-44.2417
-14.7858
-56.5086
-50.7906
0.0384525
-61.8958
-48.9138
13.0586
-62.6987
-45.0315
21.0531
-75.873
-43.959
39.8299
-94.8388
-41.5854
43.4251
-121.14
-47.1274
37.4896
-135.287
-49.2543
28.5455
-133.398
-45.3157
17.9683
-119.964
-37.4386
7.81599
-96.5309
-25.961
1.29736
-78.6869
-17.7196
-0.9845
-71.4132
-14.7477
2.36908
-50.8117
-10.0085
4.74488
-5.14938
8.2833
13.7916
33.5159
26.6624
26.3224
57.1605
42.7467
48.1111
55.1427
53.9206
65.5805
46.4114
55.2211
83.2357
50.7737
55.3545
93.8713
40.8246
51.3694
104.807
-22.833
133.219
3.69016
-43.5452
113.798
2.20322
-45.4431
105.56
2.57712
-38.6365
103.242
3.36205
-29.024
99.6903
2.44254
-18.6721
95.8706
3.45193
-7.69058
92.7028
3.42972
1.13376
88.3784
0.313195
16.5961
87.9704
7.56238
60.8543
101.417
25.8663
