-22.6199
-55.8648
0
-216.417
-0
-0
-0
-0
247.958
-146.592
-49.582
26.4099
-465.48
-43.1603
135.519
-527.569
-0
0
-377.433
0
126.881
0
-0
-0
-204.876
-0
0
-373.866
-0
0
-415.768
-0
76.8149
-416.826
0
32.0693
-219.376
0
244.138
0
61.6315
-213.352
-0
39.549
0
-258.994
22.2066
0
-342.692
18.1963
0
-375.277
0
53.3008
-378.586
0
152.105
-350.2
-0
54.785
-305.271
-0
131.73
-304.243
-97.7806
0
-67.1861
-0
-0
-0
167.892
0
-225.33
17.8863
0
-289.799
0
0
-299.506
0
22.8413
-331.08
-0
7.31981
-354.284
-0
84.6064
-374.701
-0
0
-413.088
-91.0398
23.8307
-277.725
-440.773
115.334
-278.839
-0
60.994
-65.4138
-192.937
0
0
-0
0
0
-0
0
-150.581
0
0
-284.97
-0
0
-307.917
-0
0
-305.085
-59.5962
0
-325.78
-57.4912
0
-361.189
-9.43727
0
-386.808
-0
66.1264
-339.503
-133.658
121.605
-333.547
-160.452
0
-346.489
-193.386
0
-319.75
-312.398
127.879
-106.055
-14.0435
40.7888
-0
-0
0
0
-0
0
0
0
-0
-138.439
-0
-0
-289.606
-92.8489
-0
-313.158
-79.5734
-0
-342.617
-29.0893
0
-305.055
-86.454
0
-340.932
-11.1081
0
-339.348
-62.6191
0
-322.897
-123.722
21.7746
-336.194
-125.78
43.2892
-366.897
-106.306
100.539
-295.946
-257.945
84.2373
-331.13
-243.988
0
-245.193
-44.8007
0
-50.2191
-0
0
-0
-0
0
0
-0
0
0
-0
-0
-97.9874
-45.5424
-0
-183.553
-153.501
-0
-269.37
-39.4395
-0
-267.47
-70.0086
-0
-281.816
-57.9252
0
-281.735
-41.5043
0
-299.328
-1.1692
0
-275.578
-51.7126
0
-257.876
-93.1799
0
-241.888
-114.878
0
-245.106
-167.236
0
-282.797
-105.795
0
-274.651
-126.804
0
-269.606
-146.445
0
-186.18
-127.419
0
-104.357
-178.049
0
-0
-0
0
0
-0
0
451.03
-0
0
23.5286
-0
0
42.8295
-80.7783
-0
81.0619
-273.949
-0
0
-220.514
-0
0
-208.4
-0
-0
-185.884
-0
-30.1067
-190.619
-0
-83.0339
-157.491
-0
-96.9022
-160.047
-0
-127.891
-109.223
-0
-141.597
-93.1682
-0
-155.069
-82.8167
0
-144.297
-91.3039
0
-186.838
-0
28.9416
-172.161
-12.8653
15.518
-148.621
-92.847
2.9931
-128.01
-130.559
0
-153.077
-85.0945
0
-127.018
-124.017
0
-178.256
-12.8091
0
-166.763
-60.3995
0
-159.867
-126.512
0
-40.6664
-0
0
-0
-0
0
0
-0
0
0
-0
27.1198
24.4744
-0
-0
0
-4.30929
-0
-0
-236.971
0
-0
-228.019
0
-120.32
-24.4025
0
-60.0032
-187.686
-0
-124.733
-54.399
-0
-134.373
-50.7479
-0
-122.682
-98.552
-0
-159.602
-41.5848
-0
-187.43
-0
0
-166.025
-58.0258
0
-184.585
-25.7221
3.90687
-190.709
-0
55.0705
-180.789
-0
63.5919
-145.891
-50.1158
50.026
-140.87
-53.6327
46.824
-122.686
-75.037
44.1477
-151.119
-0
49.3544
-120.138
-0
51.3276
-82.3438
-0
36.9545
-0
-0
46.0001
-0
-0
29.6382
0
0
91.3077
218.677
0
-58.1812
0
-0
-27.6739
-0
-0
-61.7739
-7.74448
-28.958
-43.1673
-52.5129
-14.5894
-48.1418
-72.5153
-0
-0
-82.5339
-0
-0
-89.6822
-0
0
-111.57
-0
0
-140.036
0
64.6523
-176.87
0
0
-192.547
-0
0
-175.682
-0
0
-155.716
-0
0
-115.206
-0
0
-90.0781
-0
0
-108.242
-0
0
-20.1166
-0
1.07108
-0
0
66.109
0
0
49.5079
23.3776
16.6589
62.5173
65.1359
4.48712
10.6956
40.4541
0
127.449
0
0
8.16033
0
0
0
-142.57
828.939
-0
-0
0
-0
-45.1568
126.37
-0
-31.2341
115.97
0
-0
60.9454
0
-0
66.8596
0
-0
65.8555
53.2121
0
91.1512
20.065
0
64.5576
0
8.99504
40.0498
0
