-90.4442
-59.678
215.228
-296.714
321.742
-0
-236.362
66.8708
52.5275
-156.437
-107.511
147.495
-438.838
-62.8046
0
-531.022
-0
125.239
-481.631
243.553
258.157
15.2438
-0
76.5608
-245.601
-45.2603
0
-402.954
-0
26.8508
-433.704
-0
-0
-450.951
61.9732
71.1482
-296.4
256.55
271.224
2.0576
6.97891
0
-21.9247
53.6916
26.7547
-247.661
26.3994
0
-350.925
69.8089
-0
-393.327
85.326
12.8136
-395.817
21.4434
64.8981
-404.994
70.2533
75.5259
-336.075
0
309.179
-339.331
-95.9948
128.142
-205.034
-41.1737
-56.1738
-47.3213
159.197
17.2123
-222.893
39.0391
0
-325.052
125.944
21.0135
-315.948
9.882
46.9756
-333.808
0
81.4193
-357.967
-0
148.637
-354.254
-38.1658
-0
-427.046
-16.1259
42.2298
-331.85
-249.885
160.291
-210.665
-114.568
73.4807
-78.3871
-284.279
-5.00913
0
-0
-0
22.076
0
0
-163.05
13.2996
0
-294.122
0
0
-322.399
-0
0
-325.255
-0
1.781
-277.88
-127.8
0
-343.888
-0
0
-363.035
-0
135.033
-377.748
-36.7981
120.242
-380.152
-56.3829
0
-301.517
-291.176
75.6893
-325.866
-290.701
184.43
-144.868
-0
58.1546
-0
-0
0
0
-0
-3.30267
-31.1991
-0
-0
-186.321
-50.7542
-0
-287.881
-120.192
-5.29154
-358.794
-0
-0
-367.769
-0
0
-356.531
-1.10973
2.29615
-337.905
-48.456
0
-328.946
-135.671
41.5085
-354.701
-109.572
54.8211
-420.577
-0
130.046
-418.163
-48.8247
237.847
-301.681
-279.857
151.982
-392.064
-131.768
0
-275.936
-0
0
-90.0943
-0
0
-5.7123
-0
0
6.89561
23.2912
0
-26.9144
-40.1704
0
-152.535
-76.5821
0
-194.679
-137.981
0
-274.989
-46.0532
0
-300.95
-16.5175
0
-317.155
-0
9.72678
-309.819
-8.41186
24.4739
-242.643
-137.321
74.2494
-268.004
-83.8501
60.2567
-267.036
-85.6158
32.2146
-263.546
-68.5662
6.32915
-260.843
-116.178
0
-313.309
-0
0
-260.026
-117.114
24.4533
-302.054
-26.6405
30.2042
-173.386
-121.051
0
-89.9946
-197.594
-0
-30.3319
-28.288
-0
47.823
0
27.5008
339.216
-82.015
23.1485
47.768
-96.7125
0
80.9857
-221.087
17.1891
42.7764
-182.295
45.8459
4.60323
-211.403
15.9347
0
-224.279
0
-14.4052
-200.46
-0
-52.6407
-169.461
-0
-62.6474
-209.264
-0
-91.7467
-169.318
-0
-136.06
-88.7724
-0
-157.626
-64.6017
-0
-172.08
-46.0904
0
-116.725
-144.778
32.3511
-104.737
-144.048
30.3186
-145.058
-37.6876
19.422
-160.348
-24.3131
0
-136.513
-76.5431
0
-177.503
-0
0
-145.479
-66.9337
0
-177.662
-0
0
-164.416
-62.1673
20.8369
-185.6
-50.7452
111.212
-86.5581
-0
51.9172
0
0
41.6551
44.4288
0
0
0
-0
236.113
57.769
-190.132
-0
-0
-141.43
-0
-0.756153
-201.338
57.0335
-121.296
-0
43.8108
-66.0278
-121.579
0
-60.5449
-154.401
0
-91.9528
-85.8972
0
-79.4772
-135.891
-0
-153.998
-7.08832
0
-173.531
-0
0
-185.029
-0
0
-151.677
-82.9552
0
-125.068
-157.387
0
-195.133
-0
27.5528
-193.082
-0
63.9358
-183.619
-0
69.0451
-174.889
-1.09141
88.714
-160.932
-17.7246
108.694
-159.19
-0
129.976
-129.886
-0
110.768
-82.6712
-0
54.5945
-40.9045
-0
122.879
-0
0
132.417
0
158.324
139.768
52.1287
98.2479
-152.18
-0
-0
-85.8268
-58.4299
-0
-44.1914
-65.9815
-72.1604
-49.7913
-40.8635
-110.06
-39.3862
-78.9885
-53.2877
-4.37023
-115.507
-0
0
-100.224
-0
31.8915
-120.952
-0
99.8626
-134.428
0
127.353
-174.804
0
59.6892
-188.149
0
0
-175.858
-0
-0
-158.758
-0
0
-116.714
-0
0
-89.0273
-0
0
-91.023
-0
0
-65.4468
-0
24.8465
0
-0
96.7311
52.0791
0
37.0665
90.7334
0
63.6358
53.4292
78.4531
69.6731
28.1155
65.7353
195.175
89.9179
0
153.549
30.2669
0
214.205
-387.8
921.023
-36.3338
-0
0
-91.2868
-1.46493
9.47969
-0
-65.8038
134.358
0
-28.7925
71.4378
33.3404
-68.4491
164.85
29.6583
-30.4152
107.342
38.1336
-0
34.0038
15.9281
-0
31.3294
0
-0
151.674
70.8014
