-28.6599
-35.6042
12.1075
-38.2874
-41.1056
21.7656
-22.1086
-31.3554
40.0665
-26.5235
-15.8427
16.0462
-85.7022
-37.3397
23.1407
-104.069
-41.1798
32.92
-71.9434
-27.9219
43.2417
20.7378
19.2767
2.8332
-61.5742
-7.29246
7.87488
-119.186
-25.1949
16.553
-144.302
-32.0507
26.1599
-134.3
-27.8202
34.2902
-86.7188
-10.1146
34.7696
68.3336
45.4474
-11.1118
-6.37027
27.4822
-10.0178
-75.6708
6.29768
-4.97216
-129.62
-12.8979
4.079
-162.2
-25.6731
14.1178
-173.535
-32.2179
22.6739
-166.016
-34.0697
27.4601
-142.766
-30.532
25.5604
-109.141
-22.6073
13.5115
-60.3869
-4.67011
-5.87787
3.83956
29.0484
-5.62626
-67.9641
0.853265
-3.46718
-125.191
-21.7442
1.98802
-164.374
-38.6763
8.7662
-188.477
-51.9353
15.6835
-199.75
-61.9604
21.736
-199.413
-69.8817
24.9412
-187.798
-73.6779
24.3248
-160.541
-67.051
17.6202
-117.176
-47.4364
6.25407
-69.0639
-26.71
-4.22057
-22.1573
-6.0069
-16.8254
9.56253
7.31755
-26.5535
-34.1991
-7.86594
2.56007
-93.6716
-35.0636
1.13848
-138.528
-55.6636
1.64309
-170.398
-70.6155
4.25923
-192.544
-82.0319
8.75094
-206.497
-90.2253
14.239
-212.48
-96.2709
19.4015
-209.978
-99.4843
23.8812
-197.277
-98.8472
27.0175
-172.762
-94.0508
28.255
-134.169
-82.67
25.3586
-78.0733
-60.9951
18.6397
-25.0256
-37.0322
6.43088
24.9279
-8.53003
-8.3916
54.0311
2.93885
10.4804
-12.5036
-29.5719
1.32354
-69.9484
-56.4087
-4.48016
-113.042
-76.3576
-6.45195
-144.381
-90.4704
-5.60218
-166.111
-100.591
-3.29849
-181.92
-107.93
0.356717
-192.759
-113.692
5.07998
-199.108
-117.708
10.1701
-200.56
-119.713
15.4008
-194.964
-118.876
20.0849
-179.659
-113.514
23.1746
-152.876
-102.574
24.1609
-110.527
-83.8568
22.7084
-62.8512
-61.6869
18.5614
-19.3124
-39.8223
11.9687
9.70482
-22.2086
5.50149
37.5964
-19.7782
10.1216
-11.5158
-45.4347
1.46352
-53.9555
-67.0766
-5.18495
-88.9132
-83.7764
-8.93911
-115.64
-96.1227
-10.548
-135.271
-104.54
-10.0414
-149.008
-110.018
-8.44877
-158.222
-113.367
-6.11209
-164.181
-115.136
-2.86316
-167.399
-115.77
0.745816
-167.926
-115.249
4.62615
-165.389
-113.638
8.55297
-157.847
-110.082
12.5679
-143.416
-103.039
15.3554
-121.182
-92.022
17.2022
-91.1438
-76.5562
17.1456
-58.6632
-58.2414
16.4054
-25.4149
-38.3362
16.1492
3.56391
-19.1848
16.6925
98.117
2.16211
4.32895
88.265
-8.93508
2.31214
66.8213
-23.2699
-2.28568
46.7694
-34.2373
-5.94218
25.6393
-43.6767
-8.6305
5.45955
-52.3552
-9.51258
-14.9617
-62.2381
-8.63083
-36.0668
-73.3762
-10.2372
-56.3966
-82.8639
-12.0316
-75.3072
-90.4541
-13.3568
-91.9372
-96.1429
-13.816
-105.076
-99.9314
-13.3206
-115.781
-101.854
-12.6995
-123.524
-102.38
-11.4107
-128.536
-101.55
-9.6878
-131.017
-99.5404
-7.86327
-131.835
-96.7555
-5.88528
-130.453
-92.721
-3.49427
-126.584
-87.4346
-1.14482
-119.815
-80.6444
1.53392
-110.047
-72.1977
4.79725
-96.8444
-62.2345
8.1073
-78.5011
-49.7789
12.0718
-53.3346
-35.0424
16.0102
-27.2682
-20.2243
19.5295
-5.9093
-7.98906
23.3706
1.95013
-2.51389
24.4023
65.8345
-9.62271
-43.7058
44.2654
-24.2269
-40.3361
20.5693
-38.1992
-33.3678
-0.0248125
-48.7164
-27.5676
-18.2587
-56.8805
-23.0319
-34.4213
-63.7288
-18.7884
-48.2939
-69.0383
-15.7438
-60.6636
-73.5645
-13.7707
-71.3523
-76.9463
-12.4306
-80.5412
-78.811
-11.7347
-88.014
-79.6481
-10.7455
-93.7761
-79.2295
-9.93829
-97.6232
-77.559
-9.17117
-99.2713
-74.769
-7.98775
-99.3172
-70.9806
-6.67048
-96.8223
-66.1256
-4.9831
-92.7203
-59.9458
-2.77164
-86.2362
-53.0827
-0.418051
-77.2126
-45.2249
2.09954
-64.8621
-35.8289
5.07887
-50.4629
-25.7357
8.47232
-35.1405
-15.3184
11.9322
-19.6997
-5.79255
15.7401
-5.6985
1.83349
19.7993
52.5852
24.1129
-53.0542
34.0568
15.5824
-45.0487
15.4995
6.88639
-37.8019
-0.225503
-0.580663
-32.6997
-12.9792
-6.4914
-28.3224
-23.8032
-12.5894
-24.8813
-32.4439
-17.3521
-21.4911
-40.1801
-21.0347
-17.5518
-47.624
-24.5984
-15.4887
-54.2644
-28.0435
-12.4551
-60.2322
-30.4559
-9.31654
-63.5629
-30.7062
-6.54721
-63.555
-29.5942
-4.43352
-60.27
-26.8827
-2.33597
-54.371
-23.1065
-0.332805
-47.0075
-18.4571
2.16083
-38.5276
-13.2291
5.52446
-28.0215
-7.49967
8.71839
-16.3803
-1.42017
11.4141
-4.93606
4.39553
14.1645
3.93288
8.80444
16.7782
9.20492
10.9748
18.3288
12.8336
11.4775
18.7689
14.4802
10.9282
17.44
14.1469
9.82217
15.1973
-3.71075
29.1633
-5.03873
-6.13808
26.1669
-0.955925
-7.03418
24.6103
2.30471
-6.09681
24.0844
4.83563
-3.77538
23.3577
6.34282
-0.21035
22.9362
8.40091
4.19709
22.5828
11.258
8.71957
22.1576
12.9741
12.6402
21.353
13.6784
16.5743
20.5557
14.4495
