0.366692
-186.631
453.11
-350.301
494.932
32.0408
-209.231
156.167
-219.136
-169.336
-87.3646
166.505
-294.446
-372.221
-156.398
-672.5
359.447
247.371
-475.906
284.544
310.086
23.4973
15.5539
136.4
-271.303
-33.7082
-3.99036
-348.677
-151.389
124.929
-582.21
163.312
-115.24
-534.59
151.735
158.671
-327.333
354.731
238.588
-20.6794
28.1844
80.8385
23.876
-49.3778
3.54012
-247.137
51.9808
125.503
-198.591
-197.47
24.7692
-530.009
428.479
193.501
-458.146
200.985
-168.84
-322.824
-44.0274
-50.5505
-221.953
-185.446
427.978
-402.885
124.088
170.601
-135.92
-146.986
-164.209
-19.2311
89.9356
38.3378
-170.474
-46.2998
-79.4232
-179.003
-75.6936
0.64472
-398.119
324.291
-143.364
-421.971
358.466
206.775
-164.105
-334.382
183.015
-229.528
-211.166
-135.254
-428.545
29.9389
114.65
-236.863
-446.63
531.726
-370.075
227.572
172.01
-151.828
-140.923
-242.388
149.082
-373.511
-48.4186
-56.7756
144.487
77.2502
-108.649
-41.013
-42.4277
-366.958
201.564
-78.4365
-221.87
-205.778
-292.314
-445.136
214.988
-51.9202
-247.72
-271.177
45.7657
-441.998
220.445
144
-246.631
-293.733
236.983
-231.984
-441.016
374.217
-451.236
126.422
-15.2181
-525.55
236.248
21.5116
-293.701
-310.386
443.044
-46.654
-162.213
103.487
8.3531
-1.49439
-129.032
44.0581
17.8966
-60.6262
-130.423
172.323
-68.0581
-151.779
-116.475
-129.806
-268.066
-157.747
-69.8078
-447.049
154.928
11.4506
-404.015
37.7204
125.762
-317.173
-226.27
41.7861
-499.034
171.777
24.4074
-265.709
-404.473
44.5806
-224.217
-465.685
325.916
-575.686
348.903
-51.8548
-425.195
-29.0269
33.8552
-368.791
-152.087
271.383
-419.891
-18.3861
-34.5536
-209.571
-71.6745
66.1271
-143.934
149.408
117.94
56.0802
-167.418
-48.319
27.279
129.184
38.0315
-189.326
266.007
-104.16
-127.907
-135.112
-56.3057
-209.583
-138.114
94.3683
-250.925
-153.168
32.3246
-361.094
34.2038
3.39053
-156.543
-372.88
114.62
-450.275
319.133
134.386
-164.687
-268.244
111.135
-174.077
-227.808
197.54
-258.815
-16.2358
-352.702
-299.498
57.655
-71.852
-186.686
-253.427
63.7553
-416.538
219.512
-177.171
-182.444
-287.833
110.982
-192.034
-279.405
203.362
-338.543
210.214
125.043
-303.557
250.76
-22.3974
246.719
-712.747
-63.824
-104.916
403.914
137.528
304.056
-314.515
-12.9022
-67.1572
141.75
-53.5428
282.657
-655.076
114.531
-55.1366
17.2477
240.292
-116.387
58.5788
-10.0712
24.6763
-250.834
-84.1966
-161.747
117.566
-205.788
77.8092
-454.296
18.1755
-67.7194
-207.006
152.651
-3.70972
-366.514
57.3595
-217.762
78.5464
76.9606
-185.022
-18.8213
11.4673
-112.606
-159.059
-186.759
-42.2806
-290.538
-126.643
-73.4415
-158.032
68.2688
-265.711
281.879
-199.615
-106.596
-110.633
150.736
-56.5859
-279.516
44.2573
-264.378
146.393
-83.8386
-127.39
-162.687
176.216
-80.5659
-245.156
89.0368
-115.85
-193.722
16.2779
-328.17
230.166
95.298
-179.646
187.091
329.435
-128.477
301.917
125.367
182.728
-281.914
-209.754
-135.153
248.262
254.292
368.741
-850.576
-4.01144
-215.975
345.261
-147.663
-151.01
126.647
24.4244
-238.577
272.485
-41.0528
115.332
-502.649
158.141
-5.89574
-263.566
97.5892
27.9488
-332.868
-5.5591
-142.81
20.8247
38.7759
-62.4847
-181.322
17.4816
-418.642
542.119
42.6174
-244.296
141.786
22.9858
-113.995
-201.743
-91.1737
-144.043
-181.784
-241.725
-46.5568
-415.55
228.118
-122.004
-245.239
162.627
-412.252
409.521
171.502
-136.017
-138.498
220.517
-180.09
-20.0651
72.7111
-85.7885
-170.746
108.318
-165.02
74.4472
92.7943
-191.714
224.792
16.7694
80.2396
-271.132
8.74063
-111.592
238.879
337.541
-179.803
576.294
372.547
-306.713
731.466
-172.558
264.362
-600.074
68.8056
-123.812
98.3552
-7.57332
12.991
-246.661
-58.9047
-133.6
81.1279
-43.3001
47.2956
-324.441
-56.2999
-187.221
149.962
-14.9051
-190.119
185.421
22.9084
-115.398
-16.6643
213.089
-233.086
235.537
266.33
111.602
-559.046
388.422
-141.702
-51.4086
-39.8202
-137.273
-22.8049
-121.785
-83.6753
-93.1337
-64.2026
-148.293
139.234
-46.7586
-115.629
138.24
-16.0648
-59.4711
21.4262
-122.157
143.541
-372.867
-100.254
45.2095
-25.3128
172.063
144.413
-106.604
195.446
123.523
-6.94865
-86.0078
34.6816
227.801
5.56695
-229.707
749.185
282.915
503.919
-783.027
200.725
98.2074
382.067
479.979
-285.729
741.329
-276.903
-79.4269
231.543
-81.9737
-28.4354
107.98
-26.5285
79.208
-138.451
-36.8189
-92.973
200.51
4.75776
-112.141
254.354
-10.6059
-98.0659
227.527
88.1549
121.067
-226.858
12.7557
254.815
-498.082
-88.5565
-290.088
688.248
-124.624
