-111.041
-66.2815
90.0334
-268.939
151.278
-111.259
-138.635
35.4918
228.084
-181.681
-25.7923
92.136
-430.327
-65.3015
65.4007
-509.592
-38.6196
145.187
-435.308
131.909
138.872
2.29318
64.9223
21.9723
-244.391
-49.2253
15.7216
-373.266
-45.5734
36.4105
-414.249
-10.4012
18.1146
-436.927
73.5774
97.9418
-258.473
147.39
203.491
38.1167
68.5249
-49.4677
-49.1053
77.3518
54.0145
-242.749
29.835
-20.1894
-329.642
35.5739
-21.2525
-368.087
35.0736
15.8325
-388.241
31.4593
53.5899
-371.03
39.7882
115.91
-311.459
-24.9369
236.319
-310.154
-125.69
138.723
-209.923
-50.1893
4.00016
-63.5218
192.905
25.0306
-241.016
93.0538
9.175
-294
50.2567
28.7629
-325.49
26.6365
32.8039
-351.064
9.30878
54.6491
-356.021
-36.2476
86.8057
-355.782
-73.0461
50.4369
-393.878
-120.751
96.8923
-376.887
-158.087
169.192
-221.266
-138.576
129.813
-149.641
-136.68
-21.3334
7.81297
-33.3875
-55.3647
31.1143
-22.4335
-1.98164
-186.658
72.5102
-0.719754
-285.795
2.026
6.34831
-299.073
-31.6438
16.3224
-302.408
-41.6085
33.3188
-307.907
-62.6343
45.184
-324.083
-57.9799
51.894
-332.08
-79.6998
92.2599
-337.434
-112.218
71.0307
-342.003
-117.552
37.6988
-344.956
-149.209
57.7651
-343.757
-174.224
121.423
-94.1847
-81.6082
88.7186
27.4847
-38.0848
-0.338778
60.0084
-23.9169
9.63949
1.87089
37.927
-2.44024
-174.85
-47.689
-37.599
-280.011
-81.9855
-46.5541
-305.917
-69.2363
-5.26763
-305.599
-74.0556
16.3515
-292.187
-73.7535
23.5445
-290.631
-78.1301
34.4129
-296.375
-101.761
52.4389
-305.082
-113.444
53.6054
-325.202
-113.369
87.5164
-343.539
-134.816
116.311
-335.897
-152.012
101.827
-355.243
-158.823
53.7415
-217.057
-89.8898
52.8373
-70.9373
-23.953
62.7219
-17.237
22.7123
38.0557
38.2773
52.8785
16.6949
-18.9865
-1.69006
-58.788
-152.37
-49.0401
-50.3513
-209.67
-75.623
-46.3371
-244.778
-86.7821
-23.628
-254.476
-92.5534
-18.382
-264.155
-87.9685
-8.31588
-263.274
-86.4618
11.393
-254.995
-89.8985
26.3188
-253.552
-91.2578
35.8348
-252.52
-92.8817
50.5881
-245.433
-96.064
45.025
-265.787
-104.219
40.3145
-280.504
-100.873
54.009
-275.078
-112.461
88.731
-260.321
-129.635
93.7629
-186.897
-107.5
48.7565
-139.464
-86.2329
41.6885
-47.6355
-26.6432
31.5217
56.5092
60.8967
99.471
300.206
-84.1948
-0.39939
106.341
-168.259
-0.957167
62.9433
-172.162
45.1445
38.0878
-157.726
35.9056
7.01175
-187.516
-8.72557
-9.32497
-179.468
-31.5644
-41.7644
-142.049
-46.2656
-72.5041
-136.427
-21.5294
-96.6339
-153.265
-22.3423
-116.858
-147.7
-12.3969
-134.788
-131.082
-6.95052
-145.638
-130.35
-1.14762
-153.595
-132.517
16.0309
-159.578
-115.209
19.6126
-160.226
-100.439
24.0593
-158.983
-86.0921
28.1356
-168.767
-79.1286
22.3728
-169.864
-74.1143
28.6859
-167.968
-73.8596
37.5159
-158.924
-73.3763
45.4016
-161.368
-57.7155
34.1194
-177.421
-40.2355
42.376
-185.673
-32.7179
76.4534
-97.9629
16.3115
68.0886
-8.15808
48.2315
50.5577
49.0663
51.1595
-2.49544
93.8387
84.007
260.89
63.2547
-129.499
-77.0646
0.521278
-134.615
-5.45179
-47.9613
-105.48
45.9143
-87.9429
-71.956
51.454
-92.7954
-77.5245
47.327
-98.2466
-85.0906
33.1086
-104.503
-77.262
35.3022
-112.504
-81.8605
34.2747
-119.924
-94.843
27.4323
-134.114
-90.1652
36.043
-149.817
-78.526
17.6419
-157.39
-82.6922
22.8134
-162.642
-78.7228
26.0941
-162.759
-72.2563
35.9424
-163
-68.5267
56.3457
-159.924
-57.0644
69.7641
-158.735
-38.865
73.9622
-157.78
-27.059
73.1017
-149.042
-17.1884
77.0565
-125.553
-3.76161
65.9138
-93.7334
27.2367
54.9792
-65.6492
51.082
75.427
-46.2472
95.2153
77.6609
22.5645
162.063
117.878
66.6738
110.507
-119.144
8.69013
-0.360318
-68.9634
-37.5845
-34.9055
-52.4256
-64.0268
-48.2997
-27.0799
-55.2228
-53.5464
-11.4642
-61.1214
-61.5424
12.8101
-70.5469
-50.2941
33.3825
-59.3373
-50.2484
25.8425
-70.3014
-61.8693
73.2319
-84.9128
-53.2335
78.7677
-119.311
-55.412
83.0458
-138.607
-47.5077
58.7132
-135.772
-32.768
23.6697
-120.073
-23.0384
-6.82392
-86.5967
-11.8121
-21.102
-62.0535
-8.90337
-22.1242
-60.4782
-10.3614
-14.8586
-42.8214
-13.633
-5.41501
17.5391
4.35725
16.5219
63.5715
14.9548
20.5424
90.9905
30.0526
59.3307
81.4075
51.6209
84.3478
64.3709
45.139
149.539
89.7884
35.6372
146.383
100.847
60.4565
235.251
-89.5488
254.598
-43.3069
-91.3834
196.296
-49.5808
-70.8032
157.731
-40.2586
-54.0245
131.74
-10.5682
-41.5767
116.591
1.70378
-31.6265
105.936
6.75257
-20.1863
98.1649
12.5945
-16.9496
84.5322
3.57404
-9.86193
79.6512
10.1992
45.7784
110.871
45.6251
