-0
-60.4517
0
-0
-0
0
-0
-0
0
-0
-0
0
-211.592
-53.6412
0
-501.733
-0
1.36921
-0
-0
66.4735
0
-0
-0
-0
-0
0
-390.313
-0
0
-428.4
-0
0
-393.899
-0
102.971
-0
0
0
0
0
-7.84448
-0
0
-0
-22.4513
0
-0
-381.495
0
0
-348.956
0
0
-369.008
-0
0
-304.904
-0
0
-253.416
-0
0
-46.3855
-0
0
-0
-0
0
-0
0
-0
-0
0
-0
-304.596
0
0
-302.958
0
0
-332.072
-0
0
-333.018
-0
0
-370.595
-0
0
-310.088
-296.6
0
-353.391
-140.995
0
-112.627
-0
0
-0
-0
0
-0
-0
0
0
0
0
-0
-0
-0
-172.779
-0
-0
-331.451
-0
0
-324.465
-0
0
-343.498
-0
0
-354.233
-0
0
-367.905
-0
0
-272.223
-261.073
0
-359.499
-119.548
0
-288.56
-342.469
62.6751
-354.734
-72.9017
0
-0
-0
0
-0
-0
0
0
-0
0
0
-0
-0
-0
-0
-0
-39.3486
-0
-0
-274.175
-122.097
-0
-305.465
-25.773
-0
-299.196
-30.1095
0
-306.828
-23.2967
0
-341.436
-0
0
-296.329
-135.954
0
-315.942
-111.092
0
-239.303
-367.403
0
-316.992
-156.802
0
-330.31
-253.605
0
-141.838
-0
0
-0
-0
0
-0
-0
0
-0
-0
0
0
-0
-0
-0
-0
-0
-0
-0
-0
-66.487
-346.695
-0
-280.961
-0
-0
-233.021
-92.3571
-0
-260.666
-29.9418
0
-257.96
-26.6094
0
-260.04
-16.8206
0
-250.905
-43.7303
0
-175.486
-199.507
0
-213.353
-154.176
0
-170.156
-313.545
0
-325.798
-0
0
-170.579
-365.511
0
-139.904
-53.3788
0
-0
-0
0
-0
-0
0
-0
-0
0
646.742
0
0
31.7143
-0
0
0
-0
-0
0
-0
-0
0
-0
-0
-0
-0
-0
-0
-2.02146
-0
-0
-254.867
-0
-0
-235.037
-0
-55.3537
-211.328
-0
-124.733
-160.254
-0
-146.73
-113.414
-0
-192.905
-22.9485
-0
-172.728
-59.0487
-0
-203.8
-0
0
-187.229
-0
0
-170.157
-67.3555
0
-157.301
-72.872
0
-62.1286
-278.314
0
-152.231
-62.3598
0
-98.7191
-161.605
0
-163.389
-51.0786
0
-11.8835
-0
0
-0
-0
0
-0
-0
0
0
-0
0
0
-0
0
56.2859
-0
-0
0
-0
-0
0
-0
-0
-0
-0
-0
-0
-0
-0
-0
-150.918
-0
-0
-171.944
-0
-57.1069
-132.439
-0
-78.7782
-136.405
-0
-158.42
-0
-0
-162.577
-0
-0
-187.966
-0
-0
-198.641
-0
0
-186.408
-0
0
-178.946
-0
0
-157.234
-0
0
-39.3063
-239.475
0
-124.863
-17.6621
0
-88.8334
-0
0
-0
-0
0
-0
-0
0
-0
-0
0
0
-0
0
0
0
0
170.351
0
-89.9714
0
0
-0
0
0
-0
0
0
-0
-0
-0
-0
-0
-0
-0
-0
-0
-0
-0
-0
-0
-3.18551
-0
-0
-111.226
-0
-0
-135.749
-0
-0
-153.244
-0
0
-131.914
-0
0
-35.1653
-0
0
-0
-0
0
-0
-0
0
-0
-0
0
-0
-0
0
0
-0
0
0
0
0
0
0
0
0
0
0
23.4086
0
0
55.8306
0
0
0
0
0
-0
894.43
-0
-0
0
-0
-0
0
0
-0
98.4635
0
0
0
0
0
0
0
0
0
0
0
0
0
0
0
0
0
0
0
