-0
-171.705
0
-81.2856
-0
0
-0
-0
14.9731
-0
-143.18
0
-416.318
-0
70.7407
-528.955
-0
0
-245.336
-0
167.769
0
-0
-0
-117.005
-0
0
-388.681
-0
0
-400.138
-0
70.6933
-439.369
-0
49.6949
-45.3845
0
120.713
0
0
-242.839
-0
0
-0
-181.945
0
-0
-358.262
0
0
-371.525
0
0
-385.552
-0
106.86
-342.611
-0
103.192
-285.471
-0
0
-236.557
-0
0
-0
-0
0
-0
48.6067
-0
-125.524
0
-0
-311.001
0
0
-302.336
0
0
-323.406
-0
0
-347.715
-0
0
-373.284
-0
26.1385
-394.787
-138.765
14.0049
-275.678
-441.277
89.5188
-261.499
-0
0
-25.0144
-0
0
-0
-0
0
0
0
0
-35.8764
-0
-0
-276.387
-0
-0
-308.786
-0
-0
-325.61
-0
0
-350.241
-0
0
-365.604
-23.0264
0
-378.614
-27.7661
11.2485
-323.217
-189.017
120.466
-351.944
-120.817
0
-329.095
-241.199
1.0475
-359.829
-240.798
119.474
-57.9007
-0
0
-0
-0
0
0
-0
0
0
-0
-0
-0
-0
-0
-262.724
-49.6811
-0
-248.976
-197.994
-0
-340.567
-0
-0
-301.492
-62.6453
0
-317.182
-38.0088
0
-351.844
-0
0
-281.724
-185.072
4.39521
-313.185
-144.046
0
-354.392
-117.768
36.7743
-259.16
-304.563
22.2268
-340.794
-222.952
0
-223.649
-34.5502
0
-0
-0
0
-0
-0
0
0
-0
0
0
-0
-0
-0
-0
-0
-106.77
-175.666
-0
-229.988
-105.274
-0
-229.711
-113.6
-0
-268.976
-51.9753
-0
-266.626
-43.9354
0
-279.149
-7.19322
0
-268.943
-28.596
0
-242.076
-87.4518
0
-221.664
-124.739
0
-244.183
-142.26
0
-217.768
-222.111
0
-273.042
-130.076
0
-277.466
-123.395
0
-135
-257.316
0
-76.1734
-24.9393
0
-0
-0
0
0
-0
0
484.3
-0
0
23.119
-0
0
0
-0
-0
0
-0
-0
0
-167.186
-0
-0
-177.615
-0
-0
-140.543
-0
-0
-254.915
-0
-129.65
-67.618
-0
-72.8972
-251.613
-0
-155.015
-98.693
-0
-140.257
-127.179
-0
-188.809
-50.9387
-0
-182.204
-49.0873
0
-207.998
-0
0
-189.595
-9.39117
0
-170.239
-81.9398
0
-163.991
-73.5604
0
-153.199
-103.908
0
-90.1213
-206.668
0
-183.352
-0
0
-139.088
-132.409
0
-137.741
-50.8896
0
-0
-0
0
-0
-0
0
0
-0
0
0
0
0
56.0016
-0
-0
0
-0
-0
-0
-0
-0
-0
-187.67
-0
-0
-189.998
-0
-86.2284
-85.2457
-0
-98.9028
-92.1837
-0
-104.008
-104.121
-0
-96.1449
-140.909
-0
-157.946
-34.1274
-0
-175.002
-0
-0
-190.331
-0
0
-200.29
-0
0
-186.434
-0
0
-175.408
-0
0
-163.984
-0
25.6743
-135.405
-65.1227
10.8929
-83.1429
-160.424
0
-140.558
-0
0
-115.909
-0
0
-0
-0
9.68219
-0
-0
8.84068
-0
-0
0
0
0
0
309.165
0
-46.2678
0
0
-0
0
-0
-0
-0
-0
-31.1122
-0
-0
-11.7307
-0
-0
-0
-13.885
-0
-0
-68.6053
-0
-0
-94.6949
0
-0
-130.355
0
0
-163.573
0
0
-187.967
-0
0
-152.015
-0
0
-134.331
-0
0
-89.6769
-0
0
-71.5788
-0
0
-0
-0
0
-0
-0
0
-0
-0
4.09186
0
0
15.6715
0
0
43.6429
14.1642
0
0
62.7542
0
0
0
0
0
0
0
0
-0
983.057
-0
-0
0
-0
-0
68.0599
-0
-0
106.05
0
-0
93.2297
0
0
82.881
0
0
64.142
0
0
0
3.02495
0
0
11.5577
83.7961
0
0.847633
