-0
-168.346
0
-0
-0
0
-0
-0
0
-0
-109.799
0
-326.868
-19.2693
6.9884
-538.251
-0
12.4027
-94.2121
-0
114.298
0
-0
-0
-32.8601
-0
0
-399.084
-0
0
-401.511
-0
14.6493
-428.958
-0
110.58
-0
0
14.491
0
0
-158.573
-0
0
-0
-118.401
0
-0
-381.3
0
0
-362.401
0
0
-389.67
-0
44.3353
-336.993
-0
70.5813
-276.734
-0
0
-156.42
-0
0
-0
-0
0
-0
0
-0
-37.0462
0
-0
-319.205
0
0
-295.383
0
0
-321.972
-0
0
-333.88
-0
0
-369.002
-0
0
-355.916
-205.262
0
-301.044
-322.585
0
-205.117
-0
0
-0
-0
0
-0
-0
0
0
0
0
-0
-0
-0
-232.571
-0
-0
-317.936
-0
0
-324.432
-0
0
-344.871
-0
0
-361.927
-0
0
-379.665
-0
0
-292.594
-249.475
84.1
-366.061
-92.5619
7.16834
-284.537
-347.323
61.8959
-400.165
-133.518
48.9431
-0
-0
0
-0
-0
0
0
-0
0
0
-0
-0
-0
-0
-0
-181.593
-0
-0
-246.535
-206.932
-0
-333.994
-0
-0
-304.583
-45.1282
0
-320.147
-20.0876
0
-354.398
-0
0
-288.186
-168.586
0
-325.735
-107.961
0
-289.19
-267.163
0
-291.127
-212.491
0
-333.012
-260.863
0
-194.695
-7.58266
0
-0
-0
0
-0
-0
0
-0
-0
0
0
-0
-0
-0
-0
-0
-0
-156.948
-0
-224.321
-104.859
-0
-194.934
-172.785
-0
-274.997
-14.8708
-0
-247.077
-64.0237
-0
-274.13
-0
0
-257.087
-29.6686
0
-243.389
-65.6277
0
-193.995
-164.755
0
-245.135
-111.211
0
-156.778
-341.7
0
-324.307
-9.89558
0
-196.418
-295.128
0
-173.504
-153.052
0
-5.44706
-0
0
-0
-0
0
0
-0
0
569.989
0
0
26.3657
-0
0
0
-0
-0
0
-0
-0
0
-0
-0
-0
-114.544
-0
-0
-129.439
-0
-0
-217.327
-0
-5.7612
-274.753
-0
-165.169
-41.0182
-0
-83.7065
-261.788
-0
-169.743
-59.1276
-0
-175.738
-75.013
-0
-190.081
-29.5605
-0
-206.717
-0
0
-193.533
-0
0
-164.189
-89.7935
0
-167.104
-60.3889
0
-128.567
-150.013
0
-85.1113
-208.847
0
-172.063
-16.7306
0
-119.277
-161.508
0
-95.4152
-0
0
-0
-0
0
-0
-0
0
0
-0
0
0
0
0
54.5686
-0
-0
0
-0
-0
-0
-0
-0
-0
-7.92498
-0
-0
-166.07
-0
-0
-190.212
-0
-77.496
-86.2334
-0
-108.628
-82.8819
-0
-66.3093
-188.461
-0
-162.833
-0
-0
-172.72
-0
-0
-189.965
-0
0
-202.069
-0
0
-186.966
-0
0
-177.618
-0
0
-162.869
-0
0
-116.492
-93.8753
0
-64.0467
-169.453
0
-145.347
-0
0
-35.7329
-0
0
-0
-0
0
-0
-0
0
-0
-0
0
0
0
0
244.335
0
-56.6682
0
0
-0
0
0
-0
-0
-0
-0
-0
-0
-0
-0
-0
-0
-0
-0
-0
-0
-0
-0
-90.9489
-0
-0
-114.658
-0
-0
-152.234
-0
0
-173.738
-0
0
-138.33
-0
0
-121.257
-0
0
-34.7353
-0
0
-0
-0
0
-0
-0
0
-0
-0
0
0
-0
0
0
0
0
0
0
0
0
0
0
67.4479
0
0
25.4332
0
0
0
0
0
-0
982.81
-0
-0
0
-0
-0
38.3144
0
-0
105.025
0
0
78.1561
0
0
35.6648
0
0
0
0
0
0
0
0
0
0
49.5543
0
0
