-54.3256
-0
0
-229.99
0
-0
-7.3714
0
279.755
-202.878
-0
43.8573
-473.325
-50.499
131.907
-537.614
-0
11.6386
-415.14
0
127.446
0
0
0
-234.946
-0
58.6407
-391.312
-0
0
-416.187
0
59.9606
-409.024
0
21.9615
-241.819
45.6108
201.906
0
88.1062
-97.1439
-0
7.59917
0
-264.542
42.2957
0
-383.003
130.222
0
-372.778
3.53464
14.7095
-388.232
0
137.664
-368.6
0
66.795
-333.327
-0
171.628
-307.766
-143.744
0
-158.278
-0
-0
-7.61078
166.129
6.14427
-235.576
52.1077
0
-314.117
69.8501
35.2283
-304.462
0
89.5986
-329.839
-0
24.0777
-349.281
-0
78.5445
-372.741
-0
0
-399.399
-110.743
18.1639
-297.585
-379.74
85.3395
-252.31
-55.9286
72.904
-84.3445
-233.348
0
0
-0
0
0
0
0
-160.257
0
0
-291.164
-0
0
-311.16
-0
0
-307.971
-34.5836
0
-336.267
-4.91763
0
-318.297
-70.0048
0
-372.999
-0
109.202
-353.112
-85.2121
108.362
-332.573
-156.458
0
-314.214
-261.698
0
-320.906
-301.649
129.312
-118.195
-23.2627
42.5209
-0
-0
0
0
-0
0
-0
0
-0
-182.946
-0
-0
-275.046
-135.571
-0
-350.97
-10.7239
-0
-345.901
-37.1882
0
-348.191
-8.20443
0
-357.642
-0
0
-321.456
-116.408
22.0198
-333.994
-116.373
18.716
-366.308
-73.9498
89.108
-377
-97.1964
149.208
-292.715
-270.415
101.282
-333.896
-244.632
0
-250.086
-40.1507
0
-71.6914
-0
0
-0
-0
0
0
0
0
-0
-0
-0
-128.146
-82.0459
-0
-190.501
-137.944
-0
-268.858
-45.1058
-0
-283.219
-42.6177
0
-301.882
-16.9252
0
-304.046
-7.1094
0
-300.778
-3.35986
16.3912
-266.234
-75.3253
0
-252.301
-115.436
6.51869
-248.588
-111.647
0
-264.613
-129.641
0
-291.456
-80.3291
0
-261.246
-147.276
0
-273.402
-126.334
0
-182.826
-125.251
0
-106.091
-192.543
0
-7.81801
-0.665785
0
0
-0
0
437.461
-0
0
19.1422
-0
0
101.327
-243.35
-0
68.6773
-221.578
-0
24.5603
-255.906
-0
0
-200.106
-0
-0
-194.272
-0
-27.2875
-188.351
-0
-57.2538
-197.366
-0
-86.8574
-160.372
-0
-113.409
-117.234
-0
-147.781
-63.9535
-0
-148.863
-76.8168
0
-155.853
-51.1447
15.5497
-165.68
-19.716
26.1468
-118.552
-106.648
56.3036
-151.512
-64.9339
30.4865
-131.919
-107.422
9.41667
-170.306
-34.4742
0
-130.279
-113.572
0
-173.2
-23.3502
0
-162.446
-75.0026
0
-161.501
-125.116
27.4612
-71.3715
-0
15.3423
-0
-0
0
0
-0
0
0
-0
146.51
7.76388
-0
-0
0
-108.5
-0
-0
-223.927
0
-48.488
-157.763
0
-117.031
-46.5593
0
-63.6375
-190.066
0
-125.289
-53.8024
-0
-117.964
-92.0699
-0
-150.405
-45.3122
-0
-186.759
-0
-0
-199.037
-0
0
-199.673
-2.18774
0
-137.967
-145.296
49.7421
-198.194
-0
58.5917
-190.17
-0
65.8977
-178.768
-0
68.7661
-161.228
-21.0842
78.8937
-136.753
-55.4708
88.4253
-155.469
-0
93.1523
-126.091
-0
78.6516
-86.2868
-0
43.4366
-20.6837
-0
61.4076
-0
-0
64.3237
0
0
102.868
150.442
0
-48.9033
0
0
-44.3416
-0
-0
-47.8657
-75.251
-16.5102
-46.7764
-14.0843
-120.149
-47.6427
-90.0089
-0
-0
-99.122
-0
-0
-94.712
-0
0
-114.745
0
61.9203
-136.995
0
114.333
-173.858
0
6.96573
-188.115
-0
0
-174.324
-0
0
-157.73
-0
0
-115.856
-0
0
-87.9158
-0
0
-97.5702
-0
0
-37.2338
-0
26.9528
-0
0
90.6998
2.45067
0
60.8501
86.4118
0
69.1824
54.1833
43.7817
42.9204
54.1818
0
122.331
41.9819
0
109.937
0
0
0
-229.209
790.715
-0
-0
0
-0
-44.1811
109.814
-0
-94.3011
217.35
0
-0
36.5846
0
-0
47.5212
27.0326
-0
61.1064
57.1575
-0
70.6328
28.3633
0
52.2071
0
0
151.269
35.614
