-115.696
-101.669
39.7018
-241.648
37.1119
-82.8757
-89.0437
-13.2089
249.822
-171.278
-21.631
74.9663
-408.789
-65.2143
86.7461
-481.558
-45.9696
89.8942
-368.121
51.0182
129.665
11.0326
58.4992
-10.5754
-238.634
-26.4553
15.3548
-363.073
-51.7326
21.0369
-404.049
-30.7023
48.8483
-410.46
28.3177
84.6451
-246.55
105.671
189.851
74.8373
96.375
-109.848
-53.4342
72.802
41.8837
-232.615
23.3884
-13.212
-320.943
17.1005
3.92893
-358.002
13.8484
22.2731
-373.716
14.1219
61.902
-358.571
16.9422
109.039
-309.13
-31.9548
188.169
-300.166
-107.863
116.696
-187.546
-51.6804
26.6848
-52.552
174.172
23.4055
-225.829
75.4589
18.9517
-285.57
36.1582
22.747
-316.564
14.2643
33.998
-338.242
-9.32322
46.5156
-348.25
-40.6542
72.5111
-353.563
-79.4221
65.5519
-386.533
-131.832
96.2401
-367.423
-161.883
135.761
-225.994
-139.435
106.187
-144.325
-122.144
2.6314
-1.15775
-34.944
-33.1022
40.9574
-18.9775
-11.0045
-177.951
63.7828
-4.0341
-273.737
-9.45104
2.15856
-295.207
-39.1876
15.8378
-299.018
-51.7336
27.1116
-307.975
-67.0325
41.5196
-319.076
-74.2425
52.8524
-328.597
-90.9659
74.5165
-336.678
-112.712
68.7931
-337.974
-125.786
57.1578
-341.789
-153.723
65.0716
-324.466
-169.868
89.6828
-101.912
-84.2444
65.4729
25.4895
-41.6106
10.8301
88.9857
-25.6186
40.3182
44.0549
44.5434
-6.63596
-159.396
-47.6786
-30.5632
-262.298
-86.0766
-36.884
-289.642
-87.0375
-6.93224
-290.986
-89.1484
9.76176
-279.585
-89.0823
21.4406
-277.149
-94.8883
30.5395
-284.429
-110.559
42.6708
-293.673
-121.962
50.1752
-309.857
-131.646
70.9035
-327.366
-147.154
85.7609
-327.491
-155.48
82.0957
-333.485
-159.879
65.6473
-206.079
-98.9165
61.5824
-70.9109
-31.4164
50.6651
-6.14897
8.02446
28.9236
66.1651
27.4903
25.8256
19.2214
2.58009
-51.796
-132.7
-58.7531
-48.8146
-193.513
-85.6689
-46.3328
-230.18
-96.8657
-27.4595
-240.918
-102.264
-19.2572
-247.834
-102.934
-8.80476
-247.201
-101.612
3.44117
-241.771
-101.515
16.7912
-240.759
-102.112
27.7784
-240.688
-103.594
38.689
-238.54
-105.575
42.0108
-256.561
-116.287
45.5811
-268.024
-122.775
57.0736
-265.331
-129.789
75.2835
-249.321
-134.567
81.9625
-181.479
-111.98
63.2603
-127.744
-86.6619
51.5755
-41.808
-29.0604
32.6677
80.8894
34.1832
93.5536
254.31
-50.9076
-18.4654
113.983
-135.308
4.48193
56.5892
-160
30.7537
31.8256
-155.35
16.1147
-3.09491
-168.015
-23.2671
-22.096
-160.209
-43.0068
-49.0335
-142.166
-43.9725
-79.686
-141.074
-25.9672
-107.017
-147.351
-20.6549
-128.041
-142.488
-11.1019
-143.405
-132.864
-5.10456
-155.434
-128.189
2.13968
-165.557
-124.038
12.3992
-170.102
-112.01
18.2552
-169.794
-101.678
20.9542
-167.821
-92.6948
24.6292
-173.834
-88.6157
24.7381
-173.976
-83.2395
27.7661
-171.605
-78.5091
31.0038
-164.832
-70.9032
33.3185
-164.669
-60.1877
28.889
-172.848
-52.8146
32.1352
-171.578
-44.6555
49.9894
-89.5914
-2.51066
54.2565
-2.12795
33.6722
42.5244
54.8389
54.3811
41.8539
99.5418
79.3013
207.57
71.8237
-67.3328
-81.6757
3.39657
-111.308
-9.11263
-40.8344
-111.967
39.2101
-74.5417
-95.612
51.782
-87.1041
-90.5782
44.4037
-95.8346
-90.7324
33.2653
-100.895
-86.4012
30.5779
-108.504
-89.2506
29.3836
-118.068
-94.8778
23.5755
-129.882
-93.9926
23.3824
-140.405
-90.4953
15.137
-147.982
-91.1972
17.3789
-152.222
-85.5695
22.687
-153.316
-76.1199
27.3934
-153.735
-68.6412
35.3135
-150.472
-59.6042
41.7865
-147.869
-48.1295
47.0513
-145.217
-40.7273
50.9138
-137.562
-31.0672
54.0651
-117.626
-14.3957
51.3633
-87.2959
11.6316
49.99
-59.8225
34.9584
56.1442
-30.5423
70.3233
55.1528
32.5934
121.366
87.9997
90.9096
100.537
-101.49
15.9405
15.9267
-63.0848
-29.4042
-26.0901
-47.7077
-53.584
-45.0553
-30.144
-51.9598
-49.3198
-13.4299
-58.509
-55.4863
4.60116
-64.6322
-51.2193
20.2502
-61.293
-47.369
24.486
-74.4632
-47.968
52.9324
-93.3068
-42.3007
57.0162
-122.937
-47.5602
50.7386
-138.298
-49.0753
37.5587
-135.484
-43.117
20.9841
-120.972
-34.4938
5.7702
-93.9439
-21.7246
-3.50858
-74.2149
-13.8047
-6.74736
-69.9811
-12.8548
-2.54041
-50.6998
-11.3412
0.345909
1.51833
7.39299
11.6697
43.5992
24.3399
24.0538
69.3112
39.7269
52.9256
64.5424
52.8756
75.6805
51.7807
53.2012
103.899
62.714
54.4444
116.809
55.776
56.9314
147.681
-42.5103
170.284
-5.67785
-61.9059
141.868
-9.85677
-57.2738
127.217
-9.09877
-46.2181
118.872
-1.99876
-34.7043
110.801
0.853323
-23.8883
103.568
3.9808
-12.8109
98.0557
5.64587
-7.00591
90.549
0.813583
5.83959
89.0051
9.46037
60.2695
110.248
33.7091
