-88.0586
-53.6896
201.212
-299.671
324.044
-10.7186
-214.124
27.6814
75.1177
-160.799
-96.2908
137.443
-442.614
-57.8354
0
-531.853
-0
124.774
-468.598
212.487
253.528
12.5534
-0
68.5257
-251.528
-29.6571
4.19314
-404.559
-0
23.0712
-434.517
0
0
-439.445
35.2097
70.9534
-298.688
255.534
266.059
0.139483
14.8336
-0
-21.6104
52.7318
24.2684
-252.627
35.0349
0
-354.848
77.0095
-0
-389.771
75.2572
17.2551
-389.465
7.25868
64.2538
-406.784
71.5974
67.0147
-337.223
0
298.228
-334.409
-105.85
116.167
-204.502
-38.3544
-40.4151
-50.5294
169.138
15.9075
-223.86
39.6197
0
-327.251
129.946
25.5218
-311.463
0
48.9231
-332.623
0
78.3797
-358.539
-0
142.897
-358.65
-31.6907
0
-422.525
-32.6885
37.4414
-330.135
-259.426
145.195
-213.413
-111.821
76.0914
-81.3135
-276.797
-0
0
-0
-0
20.761
0
0
-167.561
22.1303
0
-294.054
0
0
-321.861
-0
0
-324.416
-0
2.33434
-276.052
-131.305
0
-343.137
-0
0
-362.35
-0
136.17
-376.129
-37.781
116.609
-373.519
-69.958
0
-299.121
-297.99
64.4127
-327.312
-287.456
177.064
-144.398
-0
57.69
-0
-0
0
0
-0
-0
-23.8884
-0
0
-189.104
-44.1392
-0
-289.801
-115.424
-6.79814
-358.315
-0
-0
-367.443
-0
0
-353.527
-6.38039
1.20979
-339.166
-43.7268
0
-327.074
-136.213
33.1211
-349.957
-115.901
52.2641
-418.08
-0
131.216
-411.727
-58.2079
232.886
-300.814
-277.957
147.834
-384.46
-147.328
0
-275.394
-0
0
-90.2781
-0
0
-3.52663
-0
0
5.17042
19.3661
0
-17.3987
-41.3096
0
-150.112
-79.6806
-0
-194.967
-133.297
0
-276.488
-39.3263
0
-296.889
-20.9189
0
-315.404
-0
9.71675
-310.275
-3.90363
21.9455
-244.617
-131.525
66.4207
-267.589
-83.9093
58.4676
-260.145
-100.728
30.393
-266.442
-64.3009
4.24667
-258.084
-124.288
0
-314.06
-0
0
-253.978
-132.786
24.4173
-303.36
-25.9585
28.3301
-174.369
-120.442
0
-89.4354
-200.319
0
-29.4818
-25.4759
0
43.6183
0
24.6191
348.046
-79.2377
12.2687
49.4296
-101.405
0
74.7067
-205.608
9.44151
46.7102
-188.901
33.8859
8.62353
-218.708
5.13364
0
-221.521
0
-8.69175
-209.409
-0
-52.813
-167.272
-0
-59.5203
-214.551
-0
-95.6049
-160.172
-0
-137.408
-84.4935
-0
-156.776
-65.0409
-0
-168.37
-52.7657
0
-121.206
-134.103
37.7813
-109.378
-134.876
36.5912
-141.226
-46.9579
23.0317
-158.101
-30.0188
2.66073
-136.379
-79.038
2.08577
-177.966
-0
0
-140.387
-79.4684
0
-177.937
-0
0
-165.715
-60.3486
14.5041
-181.623
-60.8068
107.85
-85.9953
-0
49.6064
0
0
39.7299
42.4657
0
0
0
-0
235.244
40.5761
-151.294
-0
0
-145.806
0
-0
-212.385
56.9667
-123
-0
37.4614
-61.9829
-140.195
0
-68.1958
-147.516
0
-95.9837
-85.8341
0
-90.3743
-121.691
-0
-161.173
-0.164942
-0
-177.544
-0
0
-188.543
-0
0
-148.581
-96.5072
0
-137.259
-136.628
5.40388
-197.009
-0
31.2694
-193.898
-0
63.5285
-184.685
-0
67.3475
-176.007
-0
88.6859
-158.88
-23.6498
105.815
-159.678
-0
125.016
-130.846
-0
111.659
-83.426
-0
51.2597
-41.1924
-0
116.517
-0
0
126.147
0
142.887
135.887
62.3451
88.5516
-139.997
-0
-0
-79.0953
-53.1071
-0
-44.624
-63.0534
-75.7344
-53.3531
-35.0541
-117.696
-41.3409
-84.7829
-37.8884
-4.53774
-113.746
-0
0
-98.756
-0
31.3948
-119.199
-0
100.351
-134.28
0
123.456
-174.521
0
49.5906
-187.338
0
0
-175.883
-0
-0
-158.757
-0
0
-117.084
-0
0
-89.3378
-0
0
-91.6219
-0
0
-65.7945
-0
20.0835
0
-0
96.7216
48.0508
0
38.1238
89.5918
0
64.0243
51.6132
77.6464
66.515
29.0591
58.0108
188.313
87.72
0
150.589
19.7282
0
193.066
-374.251
902.292
-21.6291
-0
0
-82.9919
-15.0546
36.7361
-0
-56.7722
117.349
0
-27.2301
69.3319
35.7041
-76.4615
183.026
29.7429
-17.8738
83.5447
37.892
-0
36.5521
23.5388
-0
33.0382
0
-0
155.593
71.5144
