-109.471
-54.2525
120.172
-274.852
187.959
-109.899
-161.045
53.6781
199.298
-180.655
-34.5201
100.559
-431.586
-71.0821
48.2392
-517.038
-31.163
171.439
-454.959
169.494
144.962
0.562539
62.9713
36.9194
-245.59
-57.0493
13.241
-375.939
-44.9191
47.6304
-418.666
-3.15679
-3.28222
-447.911
94.1574
106.4
-259.347
162.715
209.987
27.2267
53.8429
-20.3822
-46.8133
79.3547
51.9358
-243.587
30.4066
-17.174
-331.289
42.2771
-37.1715
-371.155
43.9978
18.1094
-393.485
37.7669
45.9371
-374.681
45.9111
117.756
-311.486
-23.8473
255.817
-312.718
-127.134
149.919
-215.046
-43.9532
-8.03794
-66.2472
196.289
23.0841
-244.168
98.7929
2.15082
-296.331
55.0522
34.1931
-327.082
28.4366
29.1466
-355.824
18.0793
62.6129
-356.687
-37.9396
94.3896
-355.815
-71.2745
41.0176
-395.579
-114.738
94.0505
-377.211
-157.103
185.009
-220.105
-133.294
137.619
-149.715
-138.924
-31.6665
12.8541
-37.267
-64.4955
30.1019
-25.6508
2.8
-186.995
73.3765
-1.9374
-288.643
5.99761
9.09244
-298.885
-31.3906
11.8624
-302.933
-38.9061
37.1231
-306.01
-63.9463
42.7398
-325.919
-49.4102
48.8817
-332.668
-74.8352
99.6164
-336.253
-114.194
73.2239
-343.895
-113.325
26.6511
-345.345
-147.787
55.4944
-347.507
-175.651
139.885
-91.4859
-82.5045
102.652
28.6599
-37.0101
-3.07962
51.2026
-18.6812
-5.64505
-16.6236
37.6
-2.20463
-178.632
-46.9198
-41.1758
-285.247
-81.9428
-48.2138
-312.727
-61.8739
-5.91291
-312.412
-67.528
20.8305
-298.531
-67.9535
20.148
-298.524
-70.2779
34.9145
-302.815
-99.2916
55.451
-311.319
-111.484
53.9952
-334.451
-103.509
92.9749
-352.179
-128.147
130.839
-340.138
-151.824
110.51
-363.033
-156.6
44.3911
-221.398
-86.1161
45.0222
-70.9026
-23.1367
67.9395
-21.1962
28.6664
43.1686
29.443
65.1218
17.3372
-34.8903
-1.99817
-56.2866
-158.337
-43.4993
-48.6851
-215.297
-71.9811
-42.4331
-249.64
-83.5007
-22.675
-259.153
-89.9027
-17.2036
-270.027
-82.1344
-9.18874
-269.272
-80.1692
17.8734
-259.255
-86.3398
30.3189
-257.443
-88.3316
38.8005
-256.524
-88.7966
54.1039
-247.415
-93.2289
43.948
-268.415
-99.7188
33.7993
-285.614
-89.5827
48.48
-278.635
-104.687
93.4602
-263.428
-128.447
97.434
-188.704
-107.166
37.9013
-144.222
-85.4513
33.2622
-46.9061
-32.3255
29.7303
44.7828
76.8285
102.708
313.694
-97.7178
10.0102
103.442
-174.706
-5.90061
67.3016
-177.342
50.128
40.7276
-159.052
47.1178
11.2317
-194.835
-0.038759
-4.66736
-185.999
-23.094
-39.7854
-139.736
-46.0992
-69.9084
-132.991
-21.7124
-91.7929
-155.508
-24.213
-111.351
-150.129
-14.5941
-131.265
-128.735
-7.46279
-140.691
-131.203
-4.08883
-146.823
-137.827
17.043
-153.408
-118.406
16.3094
-154.842
-100.837
24.7546
-155.09
-82.1384
28.1306
-166.239
-73.923
19.357
-167.622
-70.1748
27.4872
-165.961
-72.819
40.5866
-155.634
-77.3412
52.1566
-159.623
-58.9897
36.8075
-179.714
-34.2432
47.4886
-190.835
-25.9001
90.6947
-102.068
25.3848
73.5149
-13.0708
56.5149
50.8256
46.7106
49.0061
-24.7835
84.9372
81.564
271.397
66.6441
-162.703
-72.2743
1.61105
-140.806
-7.4054
-49.8692
-100.599
46.5592
-93.2746
-58.9972
45.8254
-93.68
-72.5943
45.6684
-97.6019
-84.028
32.5756
-105.048
-73.8991
36.8059
-113.6
-78.7109
35.2805
-119.23
-96.8562
27.2944
-134.641
-89.8143
41.5586
-153.334
-72.8843
18.0048
-161.126
-78.3233
26.5909
-166.777
-75.8597
25.044
-165.342
-73.622
39.0396
-165.455
-72.0178
67.1678
-162.955
-58.0211
84.6853
-162.96
-35.4382
86.8237
-162.914
-20.3053
81.4336
-153.323
-10.569
85.5784
-127.823
0.283529
70.3597
-96.2285
34.176
52.7986
-67.465
57.8846
82.1692
-52.3848
107.448
90.0382
16.6964
177.157
134.147
54.8126
116.935
-128.831
8.15629
-7.92557
-68.9875
-40.8921
-35.9801
-52.3277
-68.4889
-46.7881
-25.5693
-57.0273
-54.3524
-10.9904
-62.0319
-64.3371
16.5453
-73.553
-48.3509
39.4584
-59.6718
-49.9817
25.8326
-68.7546
-68.6943
80.477
-79.8546
-62.0815
86.1176
-115.929
-62.2489
100.586
-138.641
-45.4649
69.2942
-136.322
-25.7461
22.8788
-119.734
-16.3611
-16.432
-83.3667
-7.51426
-31.6847
-56.4803
-8.41177
-29.0433
-55.4693
-10.0468
-20.1619
-37.9779
-14.9044
-6.72097
24.7391
2.29786
23.2437
72.4097
8.80588
21.2342
99.3324
26.0882
61.7906
86.3292
55.934
83.726
69.5727
44.6958
171.224
102.595
21.5205
154.263
124.663
58.481
271.758
-110.455
295.39
-66.5101
-100.494
217.184
-71.975
-73.2765
165.087
-53.9101
-55.2475
131.761
-11.6328
-43.5005
115.875
4.18573
-34.5037
105.328
7.79523
-23.1214
97.2617
14.9995
-19.5164
80.5152
3.64741
-13.6839
74.5645
6.99942
35.6866
108.943
46.4926
