-0
-142.024
0
-0
-0
0
-0
-0
0
-0
-65.4849
0
-256.038
-46.862
0
-534.059
-0
4.88141
-2.31641
-0
80.7116
0
-0
-0
-0
-0
0
-404.845
-0
0
-416.605
-0
0
-414.886
-0
127.375
-0
0
0
0
0
-82.0104
-0
0
-0
-77.0273
0
-0
-385.29
0
0
-354.072
0
0
-379.602
-0
1.96506
-322.024
-0
19.1924
-263.588
-0
0
-100.016
-0
0
-0
-0
0
-0
0
-0
-0
0
-0
-318.754
0
0
-296.866
0
0
-329.242
-0
0
-331.676
-0
0
-370.412
-0
0
-328.576
-269.478
0
-334.104
-218.317
0
-162.026
-0
0
-0
-0
0
-0
-0
0
0
0
0
-0
-0
-0
-204.185
-0
-0
-327.254
-0
0
-326.145
-0
0
-345.075
-0
0
-357.684
-0
0
-373.199
-0
0
-279.665
-258.982
30.8998
-353.631
-123.734
0
-295.375
-326.908
83.669
-377.877
-107.756
6.26057
-0
-0
0
-0
-0
0
0
-0
0
0
-0
-0
-0
-0
-0
-112.067
-0
-0
-257.233
-173.244
-0
-324.101
-0
-0
-299.133
-43.7624
0
-315.125
-17.0332
0
-347.539
-0
0
-293.402
-151.302
0
-326.813
-96.3652
0
-237.804
-375.252
0
-328.942
-132.224
0
-326.325
-273.828
0
-171.634
-0
0
-0
-0
0
-0
-0
0
-0
-0
0
0
-0
-0
-0
-0
-0
-0
-51.9205
-0
-134.591
-274.994
-0
-254.707
-41.9542
-0
-241.457
-84.3876
-0
-262.512
-27.2575
0
-262.086
-22.1168
0
-259.709
-20.8036
0
-250.115
-48.0647
0
-182.418
-187.358
0
-214.094
-161.107
0
-174.625
-305.524
0
-327.188
-0
0
-178.604
-339.736
0
-161.9
-102.491
0
-0
-0
0
-0
-0
0
-0
-0
0
608.571
0
0
28.1293
-0
0
0
-0
-0
0
-0
-0
0
-0
-0
-0
-0
-0
-0
-129.355
-0
-0
-222.714
-0
-0
-267.5
-0
-125.349
-99.2015
-0
-96.7224
-227.279
-0
-161.028
-82.4043
-0
-184.612
-48.968
-0
-183.678
-40.2891
-0
-205.959
-0
0
-190.932
-0
0
-170.057
-73.2663
0
-163.634
-64.2758
0
-81.1241
-243.814
0
-128.705
-116.649
0
-139.957
-81.3354
0
-137.191
-114.491
0
-57.3777
-0
0
-0
-0
0
-0
-0
0
0
-0
0
0
-0
0
58.4543
-0
-0
0
-0
-0
-0
-0
-0
-0
-0
-0
-0
-72.6316
-0
-0
-172.112
-0
-0
-198.094
-0
-133.501
-13.1976
-0
-47.1693
-206.257
-0
-162.507
-0
-0
-166.25
-0
-0
-188.972
-0
0
-199.07
-0
0
-185.717
-0
0
-177.502
-0
0
-160.079
-0
0
-67.4425
-186.354
0
-94.9544
-88.8247
0
-131.315
-0
0
-0
-0
0
-0
-0
0
-0
-0
0
0
-0
0
0
0
0
202.553
0
-77.7654
0
0
-0
0
0
-0
-0
0
-0
-0
-0
-0
-0
-0
-0
-0
-0
-0
-0
-0
-0
-50.0935
-0
-0
-113.263
-0
-0
-144.274
-0
-0
-163.885
-0
0
-132.119
-0
0
-90.0383
-0
0
-0
-0
0
-0
-0
0
-0
-0
0
-0
-0
0
0
-0
0
0
0
0
0
0
0
0
0
0
50.3948
0
0
45.7357
0
0
0
0
0
-0
947.67
-0
-0
0
-0
-0
6.984
0
-0
105.163
0
0
47.4866
0
0
0
0
0
0
0
0
0
0
0
0
0
14.7868
0
0
