-0
-0
0
-0
-0
0
-0
-0
0
-0
-0
0
-0
-0
0
-87.0063
-0
0
-0
-0
0
0
-0
-0
-0
-0
0
-77.1293
-0
0
-475.113
-0
0
-124.415
-0
0
-0
-0
0
0
0
-0
-0
0
-0
-0
-0
-0
-106.944
-0
0
-392.18
-0
0
-299.039
-0
0
-283.967
-0
0
-14.3242
-0
0
-0
-0
0
-0
-0
-0
-0
0
-0
-0
-0
-0
-51.4862
-0
-0
-351.166
-0
0
-312.551
-0
0
-341.637
-0
0
-328.963
-0
0
-325.717
-123.026
0
-236.511
-0
0
-0
-0
0
-0
-0
0
-0
-0
0
0
-0
-0
-0
-0
-0
-0
-0
-0
-189.073
-0
0
-310.83
-0
0
-314.104
-0
0
-329.203
-0
0
-308.919
-83.7034
0
-312.255
-206.915
0
-311.703
-211.052
0
-345.896
-149.252
0
-87.5255
-0
0
-0
-0
0
-0
-0
0
0
-0
0
0
-0
-0
-0
-0
-0
-0
-0
-0
-0
-0
-0
-233.813
-147.818
-0
-262.616
-62.8896
0
-296.506
-16.4915
0
-285.342
-68.8464
0
-260.998
-157.259
0
-286.066
-147.121
0
-276.501
-222.124
0
-268.892
-290.934
0
-270.601
-115.312
0
-0
-0
0
-0
-0
0
-0
-0
0
-0
-0
0
0
-0
-0
-0
-0
-0
-0
-0
-0
-0
-0
-0
-0
-371.749
-0
-229.57
-59.5672
-0
-234.487
-46.0584
0
-225.245
-69.5698
0
-249.935
-0
0
-156.276
-216.282
0
-245.146
-13.3065
0
-153.064
-263.471
0
-236.403
-144.516
0
-214.167
-273.659
0
-113.694
-89.5252
0
-0
-0
0
-0
-0
0
-0
-0
0
-0
-0
0
626.706
0
0
0
-0
0
0
-0
-0
0
-0
-0
0
-0
-0
0
-0
-0
-0
-0
-0
-0
-0
-0
-0
-0
-0
-0
-177.013
-0
-0
-270.602
-0
-0.636512
-318.632
-0
-204.578
-0
-0
-158.995
-84.2909
-0
-191.551
-25.2149
0
-155.018
-63.0332
0
-124.807
-153.396
0
-188.62
-0
0
-60.5143
-285.021
0
-116.277
-85.9626
0
-108.547
-0
0
-0
-0
0
-0
-0
0
-0
-0
0
-0
-0
0
0
-0
0
0
-0
0
0
-0
-0
0
-0
-0
0
-0
-0
0
-0
-0
-0
-0
-0
-0
-0
-0
-0
-0
-0
-0
-0
-0
-0
-119.681
-0
-0
-160.219
-0
-66.6098
-48.2083
-0
-163.945
-0
-0
-161.516
-0
-0
-129.872
-31.1249
-0
-139.98
-0
0
-112.375
-0
0
-88.5546
-0
0
-0
-0
0
-0
-0
0
-0
-0
0
-0
-0
0
-0
-0
0
-0
-0
0
0
0
0
0
0
-0
0
0
-0
0
0
-0
0
0
-0
-0
0
-0
-0
0
-0
-0
-0
-0
-0
-0
-0
-0
-0
-0
-0
-0
-0
-0
-0
-0
-0
-0
-0
-0
-0
-0
-0
-0
0
-0
-0
0
-0
-0
0
-0
-0
0
-0
0
0
0
0
0
0
0
0
0
0
0
0
0
0
0
0
0
0
0
0
0
0
0
0
80.4796
-0
0
0
-0
0
0
0
0
0
0
0
0
0
0
0
0
0
0
0
0
0
0
0
0
0
0
0
0
