-78.9387
-117.321
13.013
-105.428
-113.491
28.9198
-39.692
-85.0236
115.439
-76.0999
-50.9425
24.795
-223.237
-81.3275
46.4077
-261.975
-77.3551
58.4534
-160.26
-46.5925
98.2157
30.1523
23.9731
-26.9774
-150.109
-18.8818
8.38568
-260.491
-48.7776
27.0384
-301.171
-51.8699
45.5977
-275.151
-33.1365
69.2905
-153.327
5.90917
96.3374
108.92
86.9741
-80.0061
-31.9019
54.8142
-28.8897
-158.153
15.5479
-6.16624
-245
-11.6534
11.5446
-289.643
-25.0634
29.5141
-302.061
-29.5481
49.7165
-286.428
-34.251
69.0345
-245.593
-40.5869
77.6622
-192.992
-43.2026
53.2423
-92.5656
-11.9027
11.2772
-13.9167
86.0767
-18.6378
-138.942
30.6897
1.31047
-219.84
-5.8061
11.9703
-265.984
-29.3087
22.4426
-292.779
-48.5862
34.0883
-307.944
-67.4636
47.1201
-314.437
-90.7716
56.4406
-311.35
-113.89
63.1449
-274.526
-116.944
58.9165
-191.695
-89.0198
37.0538
-103.348
-57.7911
9.96143
-9.36824
-18.5795
-14.8376
50.9935
5.56487
-27.2151
-92.5684
16.6097
-7.9879
-184.551
-30.1362
-0.906718
-235.245
-59.0042
4.15945
-262.191
-76.1154
10.4624
-280.106
-89.1478
19.1304
-293.304
-99.7403
29.4296
-303.234
-111.374
39.485
-307.468
-122.927
47.9198
-300.152
-131.692
54.0428
-276.784
-136.681
57.6814
-221.349
-127.161
55.0215
-106.812
-86.3029
44.2341
-3.49146
-46.5807
25.7797
86.6456
-4.03916
14.8829
73.5491
30.9321
-6.54461
-62.1093
-30.8552
-16.0544
-156.804
-73.7005
-18.2
-208.269
-97.8036
-13.99
-233.551
-110.003
-7.34565
-244.017
-116.564
-0.678019
-251.797
-122.394
6.75375
-260.188
-129.901
15.1626
-269.337
-137.664
23.7791
-278.367
-145.4
32.9661
-282.17
-151.036
40.9612
-271.969
-149.847
46.1769
-240.244
-138.068
47.9039
-162.638
-104.433
45.4311
-72.0258
-64.1197
38.2489
6.59613
-30.6268
30.9894
66.4356
-7.2868
28.3044
48.065
-6.87143
-7.67062
-49.8575
-52.6661
-19.5305
-117.869
-84.9153
-23.909
-163.216
-105.154
-22.4833
-188.546
-116.892
-18.4519
-202.108
-122.803
-12.6681
-207.913
-125.143
-7.04506
-210.094
-126.015
-1.22091
-212.089
-126.762
5.17432
-214.805
-128.187
11.47
-218.221
-130.335
17.6388
-223.905
-134.538
23.9179
-224.102
-137.397
30.8169
-212.8
-135.032
36.2141
-185.143
-124.863
39.4484
-135.766
-103.314
37.8965
-79.0814
-75.3564
34.8011
-10.7077
-40.5594
36.1432
60.1094
-4.32672
51.5773
155.212
-5.31787
-12.7381
122.195
-37.1987
-6.82036
75.7558
-68.1827
-5.01075
42.0462
-84.2864
-7.84294
8.75311
-94.4673
-15.412
-18.512
-99.9071
-19.9663
-44.571
-106.363
-19.0975
-71.8954
-115.491
-20.5622
-97.3115
-121.774
-20.4393
-119.139
-124.673
-18.3532
-136.184
-125.173
-15.1052
-147.779
-123.948
-11.2051
-156.517
-121.247
-7.99251
-161.456
-117.435
-4.57882
-163.446
-112.931
-1.25398
-163.824
-108.389
1.7016
-164.816
-104.572
4.03732
-164.078
-99.8375
6.4121
-161.588
-94.3683
8.49615
-156.49
-87.1517
10.6439
-149.35
-78.4443
13.5948
-137.724
-68.0583
17.289
-113.438
-51.9913
23.3056
-64.4504
-26.2919
29.2032
-10.0759
1.19913
36.1919
34.3529
22.33
53.7179
53.7606
29.7661
71.0232
89.8281
-11.9381
-71.5188
43.2401
-46.3778
-45.8458
0.99415
-72.2633
-19.4669
-29.7141
-85.4175
-4.911
-51.9491
-92.0153
1.32198
-68.7668
-95.9569
5.39209
-80.9862
-97.7403
7.35949
-91.9449
-99.8376
7.88863
-101.876
-101.464
7.17943
-110.957
-101.194
5.8199
-118.661
-100.12
5.37651
-124.858
-97.9559
5.15444
-128.802
-93.8939
5.14664
-130.081
-88.5659
5.55534
-130.055
-82.6951
6.12784
-127.274
-75.8978
7.22828
-123.342
-67.5896
9.1617
-116.835
-59.049
11.0878
-106.147
-48.7498
12.7797
-88.2798
-34.5112
15.3099
-64.8493
-17.5162
18.7733
-38.8584
0.948519
22.8717
-10.1878
19.8369
30.0334
19.6176
35.9037
43.5852
88.737
60.2618
-76.2245
46.3044
32.9497
-52.6072
9.74579
9.4083
-36.7926
-15.4975
-7.22458
-27.8315
-30.8107
-17.4048
-20.1367
-42.534
-26.7166
-13.907
-51.1481
-31.7864
-7.83614
-59.0442
-34.5948
-0.951663
-69.8793
-37.8245
3.17442
-82.2631
-41.5791
6.40355
-95.7873
-45.3326
7.4656
-103.718
-45.4297
7.30435
-103.82
-42.8752
5.93641
-96.6101
-37.4866
4.26282
-83.9864
-30.445
3.23998
-70.443
-22.9307
4.08609
-56.8424
-15.2799
7.53507
-37.7685
-6.01535
11.4916
-13.0375
6.4274
16.3755
10.2313
19.1332
22.6647
26.3333
29.3071
30.1781
32.1168
34.522
35.5926
33.9448
35.1106
39.35
34.264
33.2677
39.393
30.8554
29.2749
36.391
-3.5979
60.7413
3.11264
-11.2274
53.2438
7.26801
-14.4404
49.8398
9.79821
-13.1933
49.7116
9.59613
-8.61929
49.3722
8.16595
-1.49167
49.5252
8.75251
7.46115
49.9455
10.7782
17.149
50.0683
12.1332
26.897
49.758
14.3834
39.8467
50.3771
18.7927
