0.368179
-186.634
453.113
-350.303
494.936
32.0426
-209.23
156.168
-219.141
-169.335
-87.3657
166.506
-294.444
-372.224
-156.398
-672.504
359.456
247.368
-475.905
284.541
310.087
23.4981
15.5526
136.401
-271.302
-33.7101
-3.98871
-348.677
-151.388
124.93
-582.215
163.319
-115.238
-534.592
151.736
158.668
-327.333
354.729
238.585
-20.6795
28.1843
80.8383
23.8777
-49.381
3.54025
-247.135
51.978
125.503
-198.587
-197.478
24.7757
-530.016
428.497
193.505
-458.148
200.991
-168.843
-322.822
-44.0311
-50.5576
-221.948
-185.456
427.977
-402.886
124.091
170.602
-135.919
-146.988
-164.21
-19.2301
89.9335
38.3372
-170.47
-46.3098
-79.4217
-179
-75.6975
0.641679
-398.125
324.307
-143.365
-421.976
358.482
206.775
-164.099
-334.39
183.015
-229.522
-211.176
-135.256
-428.543
29.9341
114.649
-236.862
-446.632
531.733
-370.079
227.58
172.011
-151.828
-140.922
-242.392
149.086
-373.521
-48.4157
-56.779
144.495
77.2524
-108.646
-41.0189
-42.4245
-366.959
201.568
-78.4405
-221.867
-205.783
-292.32
-445.145
215.006
-51.9266
-247.722
-271.178
45.7672
-442
220.448
144.005
-246.626
-293.746
236.987
-231.982
-441.023
374.222
-451.238
126.425
-15.2211
-525.556
236.259
21.5107
-293.699
-310.392
443.051
-46.6539
-162.213
103.487
8.35026
-1.4902
-129.036
44.0577
17.8967
-60.6258
-130.423
172.325
-68.0594
-151.775
-116.482
-129.804
-268.067
-157.746
-69.8089
-447.052
154.933
11.4509
-404.016
37.7237
125.759
-317.175
-226.27
41.7885
-499.04
171.786
24.4074
-265.704
-404.486
44.5811
-224.212
-465.696
325.924
-575.69
348.911
-51.8569
-425.198
-29.0212
33.8527
-368.788
-152.094
271.384
-419.89
-18.3863
-34.5548
-209.571
-71.6731
66.129
-143.939
149.419
117.941
56.0834
-167.426
-48.3223
27.2785
129.184
38.0305
-189.328
266.014
-104.162
-127.902
-135.121
-56.3044
-209.582
-138.117
94.3696
-250.926
-153.168
32.3271
-361.1
34.2151
3.3883
-156.537
-372.892
114.623
-450.282
319.15
134.384
-164.683
-268.251
111.137
-174.074
-227.812
197.544
-258.81
-16.244
-352.711
-299.499
57.6589
-71.8529
-186.684
-253.431
63.7595
-416.542
219.524
-177.174
-182.437
-287.845
110.979
-192.031
-279.412
203.364
-338.547
210.225
125.049
-303.561
250.769
-22.395
246.723
-712.756
-63.8271
-104.915
403.914
137.528
304.055
-314.515
-12.902
-67.1571
141.75
-53.5431
282.658
-655.079
114.533
-55.1378
17.25
240.294
-116.391
58.5874
-10.0739
24.6789
-250.84
-84.2009
-161.75
117.573
-205.791
77.8148
-454.309
18.1783
-67.7186
-207.008
152.654
-3.70472
-366.525
57.3625
-217.766
78.5552
76.9628
-185.029
-18.8075
11.4697
-112.608
-159.054
-186.769
-42.2773
-290.545
-126.647
-73.4389
-158.036
68.2705
-265.711
281.882
-199.618
-106.593
-110.638
150.741
-56.5814
-279.526
44.2571
-264.385
146.406
-83.8444
-127.39
-162.689
176.216
-80.5627
-245.163
89.0404
-115.844
-193.734
16.2769
-328.175
230.177
95.2958
-179.647
187.094
329.438
-128.479
301.924
125.373
182.733
-281.924
-209.753
-135.154
248.267
254.292
368.746
-850.585
-4.01143
-215.982
345.275
-147.664
-151.015
126.657
24.4233
-238.578
272.487
-41.055
115.341
-502.668
158.144
-5.89615
-263.566
97.5902
27.9542
-332.88
-5.55933
-142.809
20.8234
38.7754
-62.4857
-181.32
17.4816
-418.658
542.153
42.6141
-244.299
141.792
22.9893
-113.992
-201.749
-91.1767
-144.038
-181.795
-241.731
-46.5514
-415.564
228.123
-122.001
-245.246
162.631
-412.265
409.546
171.502
-136.017
-138.5
220.517
-180.09
-20.0662
72.7102
-85.7825
-170.76
108.315
-165.023
74.452
92.7931
-191.718
224.799
16.7679
80.2435
-271.143
8.73969
-111.59
238.873
337.545
-179.812
576.311
372.551
-306.724
731.487
-172.556
264.372
-600.094
68.8111
-123.814
98.3594
-7.57288
12.9959
-246.671
-58.9058
-133.603
81.1342
-43.3022
47.3017
-324.454
-56.3039
-187.227
149.974
-14.9096
-190.126
185.435
22.9103
-115.395
-16.6723
213.094
-233.097
235.56
266.337
111.613
-559.068
388.426
-141.697
-51.4186
-39.8242
-137.273
-22.8051
-121.791
-83.6743
-93.136
-64.2003
-148.298
139.245
-46.753
-115.635
138.254
-16.0646
-59.4718
21.4275
-122.163
143.553
-372.892
-100.26
45.2093
-25.3137
172.067
144.415
-106.609
195.451
123.517
-6.93789
-86.0135
34.6857
227.792
5.56328
-229.722
749.217
282.915
503.935
-783.06
200.725
98.1979
382.087
479.98
-285.73
741.332
-276.901
-79.4276
231.546
-81.9724
-28.4331
107.976
-26.5276
79.2174
-138.469
-36.822
-92.9784
200.521
4.75517
-112.149
254.372
-10.6045
-98.0667
227.529
88.1607
121.074
-226.872
12.758
254.83
-498.111
-88.56
-290.101
688.276
-124.629
