-0
-102.298
0
-177.386
-0
0
-0
-0
148.416
-53.5965
-124.309
0
-461.946
-9.59853
123.658
-521.33
-0
0
-330.112
-0
152.644
-0
-0
-0
-173.43
-0
0
-379.437
-0
0
-413.487
-0
88.3742
-427.292
-0
37.1564
-155.244
0
210.812
0
41.296
-242.338
-0
15.8343
-0
-227.99
0
-0
-342.121
0
0
-371.508
0
21.795
-376.738
0
146.217
-342.766
-0
72.4814
-286.526
-0
77.7405
-292.776
-36.8256
0
-0
-0
0
-0
121.17
-0
-186.502
0
0
-300.034
0
0
-300.816
0
0
-328.28
-0
0
-357.689
-0
49.2131
-378.264
-0
8.40169
-418.175
-92.7757
13.0859
-267.605
-475.556
128.613
-278.639
-0
43.0796
-60.2631
-86.2869
0
-0
-0
0
0
-0
0
-113.586
-0
-0
-277.746
-0
-0
-309.545
-0
0
-315.835
-34.0822
0
-329.681
-54.3426
0
-374.186
-0
0
-392.3
-0
35.3867
-332.293
-160.621
122.636
-323.465
-184.715
0
-358.618
-169.033
0
-335.037
-293.027
126.522
-93.8484
-0
30.1869
-0
-0
0
0
-0
0
0
-0
-0
-68.1562
-0
-0
-291.285
-77.5262
-0
-276.233
-145.71
-0
-344.471
-8.2384
0
-296.362
-90.5777
0
-323.767
-34.5342
0
-350.271
-21.4259
0
-319.054
-120.878
20.8296
-310.278
-168.267
14.9804
-350.056
-131.667
74.7165
-289.299
-262.647
62.8823
-338.176
-225.973
0
-246.484
-34.7367
0
-20.9326
-0
0
-0
-0
0
0
-0
0
0
-0
-0
-41.5301
-0
-0
-162.231
-197.204
-0
-260.806
-45.624
-0
-246.371
-102.409
-0
-277.093
-56.1972
0
-270.656
-54.9252
0
-283.053
-19.8853
0
-284.31
-16.8223
0
-264.767
-61.7658
0
-220.598
-141.31
0
-221.208
-203.542
0
-267.701
-130.607
0
-278.756
-115.737
0
-275.046
-134.272
0
-175.381
-158.893
0
-88.4667
-142.461
0
-0
-0
0
0
-0
0
437.448
-0
0
22.3507
-0
0
26.1451
-0
-0
6.21525
-144.343
-0
0
-236.838
-0
-0
-202.827
-0
-0
-171.753
-0
-36.0665
-192.354
-0
-107.817
-122.413
-0
-92.6386
-197.382
-0
-149.519
-90.9666
-0
-143.466
-110.594
-0
-165.802
-85.5227
0
-167.685
-66.7253
0
-197.892
-1.29212
0
-190.05
-0
0
-188.974
-31.9526
0
-114.941
-173.619
0
-147.81
-111.131
0
-122.054
-141.472
0
-187.029
-0
0
-163.975
-66.155
0
-170.082
-99.747
0
-2.90015
-0
0
-0
-0
0
0
-0
0
0
-0
0
48.8932
-0
-0
0
-0
-0
-0
-120.22
-0
-0
-224.601
0
-39.1218
-157.64
-0
-117.462
-59.2154
-0
-87.4081
-127.057
-0
-133.684
-49.9113
-0
-117.482
-100.919
-0
-150.433
-59.0637
-0
-161.168
-37.6411
-0
-188.614
-0
0
-197.734
-0
0
-185.691
-0
13.142
-177.855
-0
59.8633
-144.568
-41.8748
38.2708
-120.822
-93.6479
21.6865
-119.61
-79.2502
11.8823
-148.831
-0
13.6185
-118.025
-0
21.4899
-55.5475
-0
28.4732
-0
-0
35.4224
-0
-0
12.7371
0
0
56.4355
287.448
0
-55.2558
0
0
-0
-0
-0
-42.5903
-0
-0
-50.3
-0
-0
-32.154
-57.1882
-0
-0
-62.6859
-0
-0
-78.9137
-0
-0
-105.539
0
0
-140.553
0
0
-174.447
0
0
-190.725
-0
0
-165.184
-0
0
-148.381
-0
0
-108.062
-0
0
-85.5035
-0
0
-87.1244
-0
0
-0
-0
0
-0
0
34.8942
0
0
31.0975
0
0
50.6826
53.8993
0
26.1087
37.2269
0
44.002
0
0
0
0
0
0
-57.6031
922.892
-0
-0
0
-0
-0
65.2747
-0
-0
85.1518
0
-0
85.3752
0
-0
84.3313
0
0
75.9829
26.547
0
98.773
13.5576
0
0
0
63.3135
0
0
