-116.776
-109.092
33.5584
-233.667
12.6335
-72.2678
-81.2813
-24.5362
245.402
-166.205
-24.2697
71.4709
-401.026
-66.6748
87.2079
-472.748
-47.5035
82.2471
-351.593
38.0348
128.514
13.2399
55.7637
-15.8189
-236.328
-22.9981
15.0772
-360.332
-53.0176
20.4912
-401.694
-34.7293
51.0231
-404.871
20.7987
83.32
-241.693
96.8572
185.934
82.1013
99.912
-116.967
-53.7748
71.9372
36.4499
-229.164
21.8383
-10.4947
-318.211
13.3417
6.35218
-355.364
9.72509
24.3435
-370.414
10.2858
62.2211
-355.51
11.5703
107.444
-308.02
-33.6709
178.446
-296.401
-102.594
112.732
-180.935
-49.2353
29.0902
-49.8824
168.988
21.0635
-221.304
71.8477
19.8417
-283.213
32.7942
22.3652
-314.267
10.8101
33.588
-335.605
-12.8016
45.8602
-346.24
-42.4657
70.19
-352.972
-81.0155
67.1258
-384.418
-133.173
95.1838
-364.187
-161.744
129.651
-226.963
-137.835
100.772
-142.395
-117.951
6.38911
-2.5126
-35.8046
-29.4555
43.9425
-18.1529
-12.6199
-174.437
60.7477
-4.86535
-270.194
-11.8122
1.80491
-293.529
-41.3957
14.7716
-297.956
-54.142
25.8817
-307.22
-68.7726
39.8627
-317.838
-76.9471
51.8534
-327.571
-93.032
71.1897
-335.992
-113.45
68.0719
-337.17
-127.315
59.512
-340.368
-154.45
66.3558
-318.78
-168.311
85.4853
-103.77
-85.4561
62.6668
24.6773
-42.451
13.439
94.2476
-24.0271
43.3476
50.7296
45.7838
-7.8389
-154.56
-47.0628
-29.2948
-257.683
-86.8738
-34.7444
-286.166
-90.2266
-7.72688
-288.178
-92.0896
8.45672
-277.512
-92.0949
19.9422
-275.253
-97.8545
29.0894
-282.591
-112.491
40.5218
-291.987
-123.854
48.7772
-307.764
-134.352
67.4939
-324.822
-149
80.7394
-325.843
-156.45
78.6446
-328.283
-159.454
66.1762
-203.846
-100.355
61.6933
-71.1151
-33.6898
48.6927
-3.64047
5.03719
28.2828
71.4717
23.7451
28.293
25.4759
3.34811
-48.7863
-127.5
-59.6502
-47.5443
-189.868
-87.3711
-45.2829
-226.868
-98.9748
-28.0855
-238.064
-104.457
-19.3266
-244.573
-105.684
-9.04669
-243.984
-104.473
2.43333
-238.992
-104.06
15.0602
-238.039
-104.528
25.9187
-238.197
-105.903
36.2415
-236.978
-107.911
40.5887
-254.406
-118.65
45.0561
-265.519
-126.048
56.1301
-263.095
-132.549
72.3041
-246.351
-135.573
78.9846
-180.013
-112.986
63.7438
-125.114
-86.6
51.5017
-39.3994
-30.8093
33.0665
84.274
30.0747
92.2796
244.66
-45.2958
-20.0812
115.945
-127.076
4.15549
56.4121
-156.066
27.6042
30.9013
-153.879
13.3155
-4.33258
-164.116
-24.3466
-24.1412
-156.402
-43.3543
-50.3991
-141.253
-43.0617
-80.8592
-141.025
-27.0349
-108.341
-146.108
-20.9839
-129.459
-141.564
-11.5391
-144.648
-132.835
-5.20585
-156.62
-127.887
1.93163
-166.78
-123.215
11.1352
-171.158
-112.091
16.8816
-170.83
-102.36
19.7648
-168.99
-93.9581
23.3729
-174.35
-90.1265
24.0836
-174.366
-84.8128
26.7855
-171.928
-79.6939
29.5325
-165.521
-71.572
31.3262
-165.034
-61.5363
27.8835
-171.836
-54.9254
30.6425
-168.244
-46.2409
46.4255
-88.0341
-5.53364
51.4475
-1.80658
31.3611
40.9631
55.5356
54.1796
48.173
98.4696
76.7826
194.631
75.2128
-58.2529
-81.7786
5.49951
-105.851
-11.25
-38.979
-111.664
36.3725
-71.8255
-98.5974
49.4541
-85.474
-93.0215
42.5586
-94.7661
-92.2513
32.6313
-99.9487
-88.2673
29.5841
-107.602
-90.7341
28.1652
-117.258
-95.586
22.5631
-128.689
-95.0807
21.4399
-138.622
-92.354
14.7167
-146.187
-92.479
16.7166
-150.304
-86.7759
21.5526
-151.368
-77.4498
25.616
-151.735
-69.7289
32.0894
-148.522
-60.91
37.6607
-145.862
-50.1092
42.7353
-142.979
-42.9182
46.6922
-135.364
-33.2731
49.5826
-115.833
-16.4858
47.93
-86.0102
8.69215
47.4863
-58.3828
31.9104
52.2141
-27.5017
65.9438
51.8639
33.4619
113.147
83.5445
94.516
98.5365
-98.6701
18.5392
18.7934
-61.2605
-27.3557
-23.3997
-46.0027
-51.4413
-43.1158
-30.1455
-51.3347
-47.9075
-13.9134
-57.8975
-54.1052
3.08154
-63.6767
-50.6781
17.8369
-61.8195
-46.585
23.6271
-75.0628
-46.2717
48.5913
-94.1226
-41.7177
52.4675
-122.696
-47.1882
45.9523
-137.646
-49.1559
34.3153
-135.096
-44.0886
20.0473
-120.87
-35.7272
6.76996
-95.0335
-23.2855
-1.5185
-76.0139
-15.1239
-4.50254
-70.8742
-13.5328
-0.659805
-51.1449
-10.9327
1.81856
-0.997818
7.74127
12.199
40.0688
25.3763
24.9491
65.1362
41.1065
51.4184
61.2333
53.5299
72.5056
49.7942
54.3827
96.5312
58.3054
55.5123
109.316
49.7663
55.2664
132.242
-35.0746
156.905
-1.64534
-55.6151
131.993
-4.96416
-53.53
120.031
-4.52741
-43.892
114.166
-0.0636387
-32.9394
107.763
1.31592
-22.2253
101.682
3.68848
-11.2162
96.9173
4.63332
-4.43267
90.5134
0.367201
9.52488
89.4495
8.65756
61.0859
108.101
30.8691
