-1.94679
-181.965
448.958
-348.042
489.11
29.2432
-211.139
155.52
-211.465
-169.862
-85.7577
164.914
-296.512
-367.192
-156.37
-666.595
346.565
251.044
-477.168
288.576
308.409
22.3583
17.4027
135.128
-272.673
-31.0103
-6.30551
-348.105
-152.274
123.055
-574.506
153.069
-119.226
-531.792
150.316
162.803
-327.422
357.265
243.132
-20.5585
28.2638
81.1148
21.4839
-44.6182
3.38011
-249.683
55.8082
124.497
-204.746
-185.544
15.0809
-519.062
403.086
187.768
-455.258
192.371
-163.827
-326.71
-38.6203
-40.0783
-229.731
-170.347
430.514
-401.754
118.267
168.822
-138.172
-144.21
-163.305
-20.5
92.8318
39.3349
-176.977
-31.7914
-81.6708
-183.501
-69.7101
5.21405
-389.236
301.164
-140.512
-414.812
335.341
206.519
-172.233
-321.558
182.806
-238.221
-196.162
-131.502
-431.558
36.4248
115.101
-238.453
-443.333
521.844
-364.416
215.204
171.225
-151.588
-141.311
-235.897
143.408
-358.4
-52.7317
-51.542
133.336
73.8635
-112.82
-32.4088
-47.0794
-364.802
196.094
-72.4098
-225.451
-197.747
-282.313
-431.699
188.831
-42.4399
-246.289
-270.144
43.3838
-439.466
215.377
136.362
-254.3
-274.771
231.165
-234.613
-431.052
366.234
-447.737
121.622
-10.9624
-517.12
219.861
22.9427
-297.325
-300.975
432.456
-46.8131
-161.107
104.409
12.4836
-7.45166
-122.838
44.7225
17.7099
-61.2289
-129.701
169.324
-65.9886
-156.822
-106.005
-132.092
-267.583
-159.844
-68.1323
-442.686
146.333
10.7812
-401.429
32.8864
129.645
-314.06
-226.8
38.0834
-490.735
158.395
24.3879
-272.956
-384.267
43.9098
-231.088
-449.713
314.948
-570.251
336.244
-48.336
-421.664
-37.0352
37.9597
-372.039
-143.254
268.641
-420.999
-18.438
-32.7905
-209.789
-73.8007
63.1788
-136.213
132.648
116.526
51.0371
-155.317
-43.1088
28.0243
128.355
39.4908
-186.334
256.569
-100.408
-134.429
-121.477
-58.2559
-211.327
-134.797
92.2827
-250.162
-153.55
28.5996
-352.247
17.686
6.58111
-164.92
-354.275
109.521
-439.129
293.607
136.423
-170.58
-257.669
108.328
-178.723
-221.158
191.604
-266.055
-4.596
-338.452
-297.965
51.7952
-70.4469
-190.689
-247.127
57.6517
-409.783
201.774
-172.132
-192.575
-269.636
115.116
-197.677
-269.748
200.76
-331.364
192.911
116.696
-298.546
237.167
-25.8214
239.437
-698.112
-58.9704
-105.532
404.518
137.987
305.675
-314.927
-13.0627
-67.0326
141.743
-53.1044
280.435
-650.109
112.143
-53.0345
13.4083
237.782
-110.207
45.7387
-5.90962
20.8133
-242.831
-77.6341
-156.805
106.81
-200.14
69.2765
-435.401
13.9844
-68.8593
-204.801
147.631
-11.0937
-350.913
52.8222
-211.443
65.5539
73.5513
-175.044
-38.8728
7.81091
-109.833
-166.066
-171.463
-47.3677
-280.066
-121.299
-77.3012
-152.254
65.6747
-264.423
276.584
-194.746
-110.089
-104.413
143.715
-63.1738
-264.3
44.4348
-254.911
126.874
-75.0814
-128.074
-160.172
175.554
-85.3887
-235.035
83.8402
-123.911
-176.677
17.7992
-320.418
214.089
98.6707
-178.183
182.715
323.284
-124.448
291.056
116.106
175.771
-267.285
-210.628
-132.703
241.346
253.285
361.407
-835.843
-3.98381
-206.291
324.349
-146.077
-143.295
111.257
26.0966
-236.737
269.343
-37.7216
102.593
-474.071
153.118
-5.577
-262.688
95.9908
19.8997
-314.952
-5.27505
-143.488
21.9842
39.4515
-61.2254
-184.14
17.5581
-394.623
491.93
47.4527
-239.912
132.765
17.7624
-117.759
-191.722
-86.3892
-150.402
-165.644
-232.622
-54.4174
-395.252
220.081
-125.578
-235.265
157.598
-393.641
372.701
172.191
-136.231
-134.561
220.001
-179.193
-18.2864
74.1937
-94.43
-149.916
112.401
-160.901
67.2404
94.4992
-185.466
214.306
18.9198
74.1001
-255.016
10.2513
-114.477
246.743
331.793
-167.425
551.377
365.673
-290.551
700.074
-175.692
249.77
-569.218
60.3259
-120.941
92.1307
-8.33747
5.42281
-231.012
-57.2686
-129.331
71.6528
-39.9979
38.4031
-305.932
-50.3227
-178.092
131.579
-8.21701
-179.604
165.356
20.2917
-120.331
-5.29411
205.807
-216.674
201.533
256.243
95.7585
-525.836
381.786
-148.633
-37.167
-33.7212
-137.223
-22.5379
-113.052
-85.0965
-89.7384
-67.5474
-140.633
123.692
-54.8874
-106.107
118.288
-16.4076
-58.3336
19.2913
-113.951
126.542
-337.01
-91.8187
45.482
-23.8055
165.446
141.529
-99.9827
188.471
131.516
-21.7942
-77.4019
29.16
240.397
11.0842
-207.261
702.509
282.472
480.875
-734.153
201.253
112.311
351.552
479.36
-284.725
735.705
-279.428
-78.4631
227.229
-84.1533
-31.8889
113.636
-28.0273
65.4759
-110.993
-32.3783
-85.1856
184.217
8.46092
-100.391
228.662
-12.5433
-96.5478
223.381
79.6823
110.267
-206.02
9.45876
233.387
-454.527
-83.3931
-271.472
647.383
-118.107
