-0
-0
0
-0
-0
0
-0
-0
0
-0
-0
0
-113.41
-0
0
-389.172
-0
0
-0
-0
0
0
-0
-0
-0
-0
0
-303.742
-0
0
-454.292
-0
0
-313.133
-0
0
-0
0
0
0
0
-0
-0
0
-0
-0
0
-0
-299.204
0
0
-369.872
-0
0
-348.041
-0
0
-282.268
-0
0
-202.476
-0
0
-0
-0
0
-0
-0
0
-0
0
-0
-0
0
-0
-244.993
0
0
-324.637
-0
0
-331.169
-0
0
-336.116
-0
0
-369.238
-0
0
-277.598
-330.393
0
-387.544
-0
0
-21.4723
-0
0
-0
-0
0
-0
-0
0
0
0
-0
-0
-0
-0
-58.6584
-0
-0
-335.071
-0
0
-310.717
-0
0
-336.245
-0
0
-343.427
-0
0
-356.508
-0
0
-233.094
-341.523
0
-422.128
-0
0
-255.768
-409.785
0
-306.781
-0
0
-0
-0
0
-0
-0
0
0
-0
0
0
-0
-0
-0
-0
-0
-0
-0
-0
-207.859
-53.5729
-0
-288.686
-84.8082
-0
-298.094
-3.23265
0
-292.012
-46.4752
0
-332.298
-0
0
-282.11
-147.517
0
-256.919
-213.118
0
-331.952
-160.626
0
-244.951
-297.891
0
-344.418
-201.836
0
-66.8439
-0
0
-0
-0
0
-0
-0
0
-0
-0
0
0
-0
-0
-0
-0
-0
-0
-0
-0
-0
-242.798
-0
-202.577
-152.877
-0
-269.244
-0
-0
-225.026
-97.8378
0
-260.856
-6.77827
0
-255.083
-15.3704
0
-221.805
-96.7952
0
-151.023
-231.196
0
-266.5
-44.9402
0
-153.28
-332.235
0
-290.805
-78.6118
0
-183.802
-322.522
0
-55.0063
-0
0
-0
-0
0
-0
-0
0
-0
-0
0
688.495
0
0
21.8954
-0
0
0
-0
-0
0
-0
-0
0
-0
-0
0
-0
-0
-0
-0
-0
-0
-25.0649
-0
-0
-272.353
-0
-0
-255.875
-0
-74.8862
-217.218
-0
-146.748
-112.597
-0
-198.544
-0
-0
-153.494
-96.0055
-0
-200.212
-0
0
-183.403
-0
0
-150.46
-101.316
0
-111.784
-158.495
0
-137.046
-121.086
0
-107.441
-148.011
0
-96.3304
-156.89
0
-116.083
-0
0
-0
-0
0
-0
-0
0
-0
-0
0
0
-0
0
0
-0
0
42.0744
-0
-0
0
-0
-0
0
-0
-0
-0
-0
-0
-0
-0
-0
-0
-0
-0
-0
-101.439
-0
-0
-209.528
-0
-20.2361
-161.365
-0
-160.521
-0
-0
-160.393
-0
-0
-176.552
-0
-0
-196.955
-0
0
-184.522
-0
0
-173.921
-0
0
-92.5722
-126.563
0
-106.896
-65.4718
0
-120.537
-0
0
-0
-0
0
-0
-0
0
-0
-0
0
-0
-0
0
0
-0
0
0
0
0
89.4112
0
-74.5637
0
0
-0
0
0
-0
0
0
-0
-0
0
-0
-0
-0
-0
-0
-0
-0
-0
-0
-0
-0
-0
-0
-0
-0
-0
-118.946
-0
-0
-135.954
-0
-0
-57.7842
-0
0
-0
-0
0
-0
-0
0
-0
-0
0
-0
-0
0
-0
-0
0
0
0
0
0
0
0
0
0
0
0
0
0
0
0
0
28.6127
0
0
0
0
0
-0
697.381
-0
-0
0
-0
-0
0
0
0
4.1828
0
0
0
0
0
0
0
0
0
0
0
0
0
0
0
0
0
0
0
