0.35094
-186.599
453.081
-350.285
494.892
32.0216
-209.244
156.163
-219.083
-169.34
-87.3529
166.493
-294.459
-372.187
-156.399
-672.458
359.356
247.397
-475.915
284.573
310.076
23.489
15.5673
136.391
-271.314
-33.6872
-4.00775
-348.672
-151.397
124.914
-582.154
163.238
-115.269
-534.569
151.723
158.701
-327.335
354.752
238.622
-20.6786
28.1849
80.8405
23.8587
-49.3432
3.53871
-247.157
52.0108
125.495
-198.634
-197.387
24.6995
-529.93
428.296
193.46
-458.125
200.922
-168.805
-322.852
-43.9888
-50.4754
-222.009
-185.336
427.999
-402.878
124.048
170.588
-135.936
-146.968
-164.204
-19.2406
89.9572
38.3449
-170.522
-46.1937
-79.4395
-179.034
-75.6525
0.676933
-398.054
324.124
-143.344
-421.919
358.299
206.773
-164.162
-334.292
183.014
-229.59
-211.057
-135.228
-428.568
29.9898
114.654
-236.874
-446.609
531.658
-370.037
227.487
172.004
-151.827
-140.925
-242.344
149.043
-373.405
-48.4499
-56.7387
144.409
77.2261
-108.679
-40.9507
-42.4612
-366.944
201.528
-78.3934
-221.895
-205.722
-292.242
-445.039
214.799
-51.8518
-247.708
-271.174
45.7497
-441.981
220.41
143.945
-246.687
-293.597
236.941
-232.002
-440.947
374.161
-451.212
126.391
-15.1865
-525.492
236.135
21.5218
-293.728
-310.318
442.969
-46.6546
-162.206
103.492
8.38318
-1.53879
-128.989
44.0629
17.8954
-60.6306
-130.418
172.303
-68.0438
-151.815
-116.4
-129.823
-268.063
-157.763
-69.7964
-447.019
154.868
11.4469
-403.995
37.6846
125.792
-317.148
-226.28
41.7614
-498.975
171.682
24.4075
-265.761
-404.328
44.5753
-224.265
-465.573
325.839
-575.649
348.816
-51.8321
-425.168
-29.0873
33.8824
-368.816
-152.02
271.365
-419.899
-18.384
-34.5407
-209.572
-71.6898
66.1076
-143.878
149.288
117.93
56.0455
-167.335
-48.284
27.2847
129.178
38.0415
-189.306
265.943
-104.134
-127.953
-135.015
-56.3201
-209.596
-138.089
94.3538
-250.919
-153.173
32.2979
-361.03
34.0842
3.41413
-156.601
-372.75
114.586
-450.195
318.951
134.401
-164.728
-268.17
111.115
-174.11
-227.759
197.499
-258.869
-16.1482
-352.604
-299.487
57.6137
-71.8428
-186.714
-253.384
63.7116
-416.489
219.386
-177.137
-182.517
-287.702
111.013
-192.074
-279.337
203.345
-338.493
210.094
124.985
-303.522
250.664
-22.4224
246.67
-712.65
-63.7904
-104.921
403.92
137.532
304.068
-314.521
-12.9043
-67.1582
141.754
-53.54
282.643
-655.046
114.515
-55.1235
17.2243
240.275
-116.343
58.4881
-10.0422
24.6485
-250.777
-84.1508
-161.712
117.491
-205.749
77.7497
-454.164
18.1462
-67.728
-206.99
152.617
-3.76275
-366.403
57.3275
-217.717
78.4527
76.937
-184.949
-18.9676
11.4418
-112.586
-159.11
-186.651
-42.3162
-290.465
-126.605
-73.4693
-157.99
68.2502
-265.704
281.846
-199.584
-106.62
-110.589
150.687
-56.6332
-279.407
44.2585
-264.309
146.251
-83.7768
-127.395
-162.669
176.212
-80.6
-245.085
88.9986
-115.908
-193.599
16.2884
-328.115
230.052
95.3214
-179.635
187.06
329.393
-128.447
301.838
125.303
182.679
-281.811
-209.761
-135.135
248.213
254.285
368.691
-850.475
-4.01154
-215.908
345.116
-147.653
-150.956
126.539
24.4366
-238.565
272.466
-41.0297
115.243
-502.449
158.106
-5.89142
-263.564
97.5782
27.8916
-332.741
-5.55668
-142.817
20.8385
38.7813
-62.4735
-181.346
17.4817
-418.47
541.76
42.6521
-244.265
141.724
22.9484
-114.02
-201.673
-91.1417
-144.09
-181.665
-241.663
-46.6144
-415.402
228.062
-122.029
-245.168
162.59
-412.12
409.258
171.507
-136.016
-138.474
220.514
-180.083
-20.0525
72.7215
-85.8521
-170.594
108.349
-164.991
74.3954
92.8063
-191.67
224.719
16.7852
80.1985
-271.023
8.75063
-111.614
238.937
337.501
-179.716
576.118
372.499
-306.6
731.246
-172.581
264.259
-599.856
68.7465
-123.791
98.3106
-7.57798
12.9384
-246.552
-58.8932
-133.57
81.0604
-43.2775
47.231
-324.307
-56.2576
-187.156
149.83
-14.857
-190.042
185.275
22.8889
-115.435
-16.5794
213.036
-232.97
235.295
266.258
111.49
-558.809
388.375
-141.754
-51.3027
-39.7781
-137.273
-22.8023
-121.722
-83.6857
-93.1097
-64.2266
-148.236
139.118
-46.818
-115.559
138.093
-16.0666
-59.4639
21.4124
-122.098
143.417
-372.605
-100.192
45.2116
-25.3026
172.015
144.392
-106.556
195.396
123.584
-7.0626
-85.9474
34.6387
227.898
5.60575
-229.546
748.851
282.912
503.755
-782.679
200.729
98.3078
381.849
479.975
-285.723
741.292
-276.922
-79.4193
231.51
-81.9878
-28.4599
108.02
-26.5387
79.1084
-138.251
-36.7862
-92.9156
200.39
4.78515
-112.054
254.164
-10.6207
-98.0566
227.5
88.0931
120.989
-226.709
12.7314
254.661
-497.767
-88.5193
-289.954
687.954
-124.578
