-45.3312
-102.254
378.092
-315.187
388.099
-17.4251
-233.2
154.024
-97.7286
-172.164
-76.0877
153.718
-344.021
-267.607
-121.06
-602.083
190.499
278.702
-493.342
316.853
252.122
12.7537
31.098
117.808
-268.652
-37.0292
-15.9219
-359.173
-118.625
113.247
-496.428
66.1805
-142.337
-508.718
156.483
182.789
-305.319
320.999
259.701
-14.0885
22.6619
81.5273
-3.40225
7.1604
6.99158
-253.373
53.1916
98.0816
-285.442
-26.1339
-74.8593
-420.548
173.02
123.664
-433.356
119.545
-86.381
-367.188
21.9547
63.4416
-293.991
-52.6403
400.334
-368.569
8.62238
167.427
-177.692
-85.3179
-125.221
-35.249
127.235
41.4367
-221.687
69.407
-90.3169
-249.108
22.4843
56.1675
-319.22
94.5454
-84.7037
-365.058
139.623
183.343
-268.589
-161.985
162.797
-313.466
-77.214
-74.4175
-421.985
8.29203
91.5547
-283.454
-334.832
375.17
-270.859
23.4532
167.008
-144.903
-137.943
-129.654
75.8952
-172.531
-85.5861
8.25504
4.40349
41.5627
-155.954
43.7448
-71.7776
-322.915
92.2954
-11.8499
-271.622
-98.2547
-161.722
-324.076
-12.3335
42.1637
-265.56
-178.387
6.6553
-391.653
117.293
61.5942
-318.009
-106.334
172.346
-281.176
-272.252
238.577
-391.531
6.08076
2.69424
-402.986
-17.3747
41.2815
-331.113
-219.635
309.772
-61.6956
-123.255
150.086
38.719
-30.5333
-37.1597
48.4065
13.9872
-62.3181
-111.206
113.756
-31.0127
-198.579
-24.1387
-119.617
-278.615
-147.203
-43.118
-382.42
27.2253
-7.08964
-381.032
1.75026
127.08
-318.643
-143.63
-21.5748
-403.634
25.9235
26.5608
-335.977
-184.221
46.7114
-311.516
-247.762
166.797
-472.898
113.651
32.7957
-413.477
-65.7241
124.674
-372.717
-137.826
200.599
-419.813
-64.5532
-20.1394
-222.763
-87.2585
8.4021
-71.845
-14.7614
105.581
-17.5379
7.08814
38.294
25.5952
121.087
55.1197
-134.658
109.715
-44.5722
-191.377
-1.6052
-59.9969
-220.85
-109.677
56.3229
-257.796
-114.887
-1.50412
-283.552
-93.3211
18.8574
-259.394
-138.39
18.0621
-331.186
42.5122
135.937
-241.504
-128.519
71.3207
-229.273
-149.251
110.217
-295.401
8.45171
-116.964
-275.999
-24.4791
-30.0659
-246.79
-150.549
-0.0355374
-342.143
31.2939
-73.9311
-279.659
-114.092
121.606
-260.001
-164.573
153.977
-239.272
-32.0292
9.16463
-229.926
54.9064
-43.6859
91.6343
-384.95
0.772556
-80.7089
340.715
125.789
311.205
-241.044
11.218
-11.073
28.3323
-40.0365
191.945
-454.377
76.8116
8.65379
-107.694
181.181
-41.0578
-97.966
39.7835
-5.78872
-187.374
-0.405844
-87.8162
-39.0354
-103.57
-29.8464
-212.112
-28.8363
-75.3428
-184.529
58.9619
-74.3097
-208.093
-3.389
-155.027
-46.6328
22.6699
-115.28
-151.936
-29.6392
-100.083
-196.603
-12.2789
-100.852
-176.067
-69.6614
-114.178
-109.024
44.5006
-202.861
107.773
-74.722
-147.805
-44.7842
61.4062
-124.136
-126.515
41.52
-181.644
-26.336
25.0606
-134.796
-131.188
136.527
-137.157
-120.02
55.6866
-189.069
-32.5845
44.3512
-243.378
58.1033
142.123
-153.505
117.984
198.494
-89.4346
190.008
12.008
86.1428
-76.8159
-184.173
-82.717
135.068
233.297
235.952
-579.51
-4.0473
-72.7925
36.1211
-98.0533
-60.9515
-55.0866
38.2467
-176.235
147.673
1.54487
-35.8749
-162.634
83.2711
-41.4208
-171.202
66.6007
-65.0895
-125.762
0.354981
-119.396
-32.766
36.2344
-86.3219
-139.898
17.0588
-178.798
31.1274
77.9166
-183.863
9.69875
-16.7984
-163.919
-76.2915
3.66995
-179.283
-76.7298
-97.76
-118.592
-216.106
118.329
-156.962
-136.862
132.113
-217.869
30.6835
178.101
-161.115
-49.8882
188.884
-172.166
0.281677
99.1041
-150.281
-4.38761
127.052
-127.428
16.7524
106.95
-119.502
107.254
31.0572
-22.6727
-16.0605
52.603
-110.577
253.761
248.712
-43.6323
303.821
274.409
-97.9438
336.995
-195.676
94.2101
-231.492
-38.5488
-86.3817
21.7353
-31.3658
-80.2096
-53.7244
-40.809
-88.2933
-17.0592
-2.14651
-38.0001
-144.334
10.3622
-100.115
-23.6251
54.0412
-100.194
16.8288
15.7977
-116.561
-0.0693149
142.655
-69.4484
-97.4191
149.866
-51.6175
-210.375
290.199
-173.154
23.7653
55.5497
-137.222
-11.0206
-38.0138
-100.215
-41.2828
-90.995
-88.0611
29.0549
-101.043
-42.2438
-5.35286
-36.568
-40.8565
-5.87196
-49.9585
5.77805
-73.6732
-30.2108
50.6616
-9.5193
101.921
127.868
-62.1529
112.047
150.994
-36.8936
25.7268
37.8904
233.973
69.885
5.31925
260.26
277.498
259.173
-259.633
201.799
244.446
72.9303
464.908
-238.203
601.116
-267.225
-88.8012
225.298
-137.452
-65.3184
166.012
-56.7258
-39.2977
95.6642
-2.81162
-42.6989
94.1347
24.1976
-39.4617
90.6052
-12.558
-57.4307
134.994
18.1687
14.2461
-20.6001
-4.08842
44.5694
-73.7273
-38.1063
-95.2397
263.08
-48.8355
