-0
-98.3938
0
-181.151
-0
0
-0
-0
156.981
-61.4594
-119.065
0
-462.282
-12.6277
125.837
-521.863
-0
0
-334.128
-0
151.365
-0
-0
-0
-175.901
-0
0
-378.597
-0
0
-414.007
-0
87.4327
-426.485
-0
36.4824
-161.321
0
215.337
0
42.4328
-241.833
-0
19.1283
-0
-230.184
0
0
-341.385
0
0
-371.455
0
25.5735
-376.439
0
147.136
-342.937
-0
69.6506
-287.034
-0
82.2682
-294.991
-42.4561
0
-0
-0
-0
-0
125.33
-0
-189.587
0
0
-299.107
0
0
-300.731
0
0
-328.825
-0
0
-357.81
-0
53.5628
-378.182
-0
7.51242
-419.814
-89.2054
12.8291
-266.949
-476.512
126.27
-279.186
-0
45.8813
-61.2213
-93.627
0
-0
-0
0
0
-0
0
-116.929
-0
-0
-277.929
-0
-0
-309.469
-0
0
-315
-36.8158
0
-328.89
-55.7231
0
-373.67
-0
0
-392.083
-0
37.4849
-335.638
-152.282
122.549
-320.67
-191.05
0
-358.441
-169.044
0
-334.13
-294.49
126.498
-95.192
-0
31.3266
-0
-0
0
0
-0
0
0
-0
-0
-73.8313
-0
-0
-291.044
-78.9988
-0
-278.998
-140.58
-0
-343.602
-11.3317
0
-297.103
-89.8721
0
-324.329
-34.1391
0
-350.102
-23.1435
0
-320.049
-119.588
19.6567
-312.802
-164.335
17.8063
-350.256
-131.634
76.9361
-289.239
-263.62
62.9101
-337.88
-226.827
0
-246.616
-35.1506
0
-23.3384
-0
0
-0
-0
0
0
-0
0
0
-0
-0
-48.0204
-0
-0
-161.941
-198.68
-0
-263.633
-40.6814
-0
-246.713
-103.19
-0
-277.829
-55.7073
0
-270.943
-55.4797
0
-284.139
-18.7479
0
-284.984
-16.6077
0
-264.464
-63.462
0
-221.891
-139.784
0
-222.627
-201.225
0
-268.315
-129.711
0
-277.898
-117.611
0
-274.945
-134.673
0
-176.689
-155.433
0
-89.4986
-146.188
0
-0
-0
0
0
-0
0
438.619
-0
0
22.9606
-0
0
24.9892
-0
-0
14.6367
-161.751
-0
0
-234.249
-0
-0
-203.151
-0
-0
-173.057
-0
-36.4527
-190.499
-0
-105.305
-126.482
-0
-93.317
-193.169
-0
-147.297
-93.5805
-0
-143.916
-107.659
-0
-162.565
-90.3407
0
-167.225
-65.5295
0
-197.593
-0
0
-189.342
-0
0
-185.725
-37.182
0
-116.121
-170.374
0
-148.171
-109.599
0
-121.58
-142.269
0
-186.792
-0
0
-163.923
-66.617
0
-169.878
-100.545
0
-5.83259
-0
0
-0
-0
0
0
-0
0
0
-0
0
46.6706
-0
-0
0
-0
-0
-0
-129.877
-0
-0
-225.261
0
-45.4124
-148.138
-0
-114.425
-66.7366
-0
-89.8429
-122.688
-0
-134.232
-49.4092
-0
-118.178
-100.182
-0
-151.051
-58.3051
-0
-160.361
-40.0767
-0
-188.906
-0
0
-197.828
-0
0
-185.752
-0
18.5508
-177.926
-0
59.5732
-143.438
-44.7341
39.465
-122.654
-89.8136
23.6418
-118.941
-80.4605
14.0731
-149.098
-0
15.6405
-117.994
-0
22.9552
-57.6152
-0
28.4168
-0
-0
36.5058
-0
-0
13.2999
0
0
60.6564
283.496
0
-56.5768
0
0
-0
-0
-0
-46.0552
-0
-0
-49.5264
-1.90404
-0
-33.1867
-61.0024
-0
-0
-63.5453
-0
-0
-79.8501
-0
-0
-106.003
0
0
-140.988
0
0
-174.763
0
0
-191.074
-0
0
-166.079
-0
0
-148.692
-0
0
-108.85
-0
0
-85.806
-0
0
-90.6765
-0
0
-0
-0
0
-0
0
37.6687
0
0
32.0532
0
0
52.0023
56.3526
0
23.6625
36.322
0
51.9105
0
0
0
0
0
0
-66.6107
921.423
-0
-0
0
-0
-0
64.0482
-0
-0
83.5388
0
-0
84.0844
0
-0
83.8848
0
0
74.4756
29.9762
0
104.926
12.5751
0
0
0
60.1496
0
0
