0.362449
-186.622
453.102
-350.297
494.921
32.0356
-209.234
156.166
-219.122
-169.337
-87.3614
166.502
-294.449
-372.212
-156.398
-672.489
359.423
247.378
-475.908
284.552
310.083
23.4951
15.5575
136.398
-271.306
-33.7025
-3.99504
-348.675
-151.391
124.925
-582.195
163.292
-115.248
-534.584
151.731
158.679
-327.334
354.737
238.597
-20.6792
28.1845
80.839
23.8714
-49.3685
3.53974
-247.142
51.9889
125.501
-198.603
-197.448
24.7504
-529.988
428.43
193.49
-458.141
200.968
-168.831
-322.832
-44.017
-50.5302
-221.968
-185.416
427.984
-402.884
124.077
170.597
-135.925
-146.981
-164.208
-19.2336
89.9414
38.3398
-170.487
-46.2712
-79.4276
-179.011
-75.6826
0.653398
-398.101
324.246
-143.358
-421.957
358.421
206.775
-164.12
-334.358
183.014
-229.545
-211.137
-135.247
-428.551
29.9526
114.651
-236.866
-446.624
531.708
-370.065
227.549
172.009
-151.828
-140.923
-242.376
149.072
-373.482
-48.427
-56.7656
144.466
77.2437
-108.657
-40.9962
-42.4367
-366.954
201.555
-78.4249
-221.876
-205.763
-292.294
-445.11
214.937
-51.9018
-247.717
-271.177
45.7614
-441.993
220.436
143.985
-246.646
-293.696
236.971
-231.989
-440.998
374.202
-451.23
126.414
-15.2096
-525.535
236.218
21.5144
-293.708
-310.368
443.024
-46.6541
-162.211
103.488
8.3612
-1.50636
-129.021
44.0594
17.8963
-60.6274
-130.421
172.318
-68.0542
-151.789
-116.455
-129.81
-268.065
-157.751
-69.8047
-447.041
154.912
11.4496
-404.009
37.7107
125.77
-317.166
-226.273
41.7795
-499.018
171.752
24.4074
-265.723
-404.434
44.5792
-224.23
-465.655
325.896
-575.676
348.879
-51.8487
-425.188
-29.0432
33.8625
-368.798
-152.069
271.378
-419.893
-18.3855
-34.5501
-209.571
-71.6786
66.1219
-143.919
149.376
117.937
56.0708
-167.396
-48.3095
27.2806
129.182
38.0342
-189.321
265.99
-104.153
-127.919
-135.086
-56.3096
-209.587
-138.108
94.3644
-250.923
-153.169
32.3174
-361.076
34.1716
3.39689
-156.559
-372.845
114.611
-450.253
319.084
134.39
-164.698
-268.224
111.129
-174.086
-227.795
197.529
-258.83
-16.2122
-352.676
-299.495
57.6438
-71.8495
-186.694
-253.415
63.7435
-416.525
219.478
-177.161
-182.464
-287.798
110.991
-192.045
-279.387
203.358
-338.529
210.181
125.028
-303.548
250.734
-22.4041
246.706
-712.721
-63.8149
-104.917
403.916
137.529
304.059
-314.517
-12.9028
-67.1575
141.751
-53.5421
282.653
-655.068
114.527
-55.1331
17.2414
240.288
-116.375
58.5544
-10.0634
24.6688
-250.819
-84.1842
-161.737
117.546
-205.777
77.7932
-454.261
18.1676
-67.7218
-207.002
152.642
-3.72401
-366.484
57.3509
-217.75
78.5211
76.9542
-185.003
-18.8608
11.4605
-112.601
-159.073
-186.73
-42.2902
-290.519
-126.633
-73.449
-158.02
68.2638
-265.709
281.87
-199.606
-106.602
-110.621
150.723
-56.5986
-279.487
44.2576
-264.359
146.354
-83.8219
-127.392
-162.682
176.215
-80.5751
-245.137
89.0265
-115.866
-193.689
16.2807
-328.155
230.135
95.3043
-179.643
187.083
329.423
-128.469
301.895
125.35
182.715
-281.886
-209.756
-135.148
248.249
254.29
368.728
-850.549
-4.01146
-215.957
345.222
-147.66
-150.995
126.618
24.4277
-238.574
272.48
-41.0466
115.308
-502.595
158.132
-5.89457
-263.566
97.5862
27.9334
-332.834
-5.55844
-142.812
20.8284
38.7773
-62.4817
-181.328
17.4816
-418.596
542.022
42.6267
-244.288
141.769
22.9757
-114.002
-201.724
-91.1651
-144.056
-181.752
-241.708
-46.5723
-415.51
228.103
-122.011
-245.22
162.617
-412.217
409.45
171.504
-136.017
-138.491
220.516
-180.088
-20.0617
72.7139
-85.8057
-170.705
108.326
-165.012
74.4332
92.7975
-191.702
224.773
16.7737
80.2285
-271.103
8.74332
-111.598
238.895
337.531
-179.78
576.247
372.534
-306.683
731.407
-172.564
264.334
-600.015
68.7897
-123.806
98.3432
-7.57457
12.9768
-246.632
-58.9016
-133.592
81.1097
-43.294
47.2782
-324.405
-56.2885
-187.204
149.926
-14.8921
-190.098
185.382
22.9031
-115.408
-16.6414
213.075
-233.055
235.472
266.311
111.572
-558.982
388.409
-141.716
-51.3801
-39.8089
-137.273
-22.8042
-121.768
-83.6781
-93.1272
-64.2091
-148.278
139.203
-46.7746
-115.61
138.2
-16.0652
-59.4692
21.4225
-122.141
143.508
-372.796
-100.237
45.2101
-25.31
172.05
144.408
-106.591
195.433
123.539
-6.97936
-85.9915
34.6701
227.827
5.5774
-229.664
749.095
282.914
503.875
-782.933
200.727
98.2344
382.008
479.978
-285.728
741.319
-276.908
-79.4248
231.534
-81.9775
-28.442
107.991
-26.5312
79.1811
-138.397
-36.8101
-92.9575
200.478
4.76514
-112.117
254.303
-10.6099
-98.0634
227.52
88.1382
121.046
-226.818
12.7492
254.774
-497.997
-88.5465
-290.052
688.169
-124.612
