-95.3959
-57.0103
235.575
-288.863
305.397
-0
-267.02
121.379
34.0058
-154.121
-115.44
151.862
-431.766
-75.6991
-0
-530.53
0
146.898
-502.976
285.464
251.707
17.7121
0
84.515
-242.552
-57.0509
0
-392.616
-20.2559
37.5932
-432.943
-0
-0
-478.248
124.308
77.2233
-286.274
244.766
262.357
3.85313
0
6.68531
-23.9596
57.4209
28.2752
-239.111
10.7526
0
-337.447
48.1345
-0
-394.358
94.7939
7.26444
-416.927
73.807
58.6138
-393.097
50.5396
95.3293
-333.853
0
320.994
-344.737
-86.2932
141.265
-207.774
-45.3415
-75.2838
-46.0271
151.954
19.2277
-222.305
41.1355
0
-314.632
102.883
10.5768
-327.216
35.9869
31.7657
-337.1
0
93.8691
-356.529
-0
166.804
-351.178
-42.7444
-0
-429.882
-3.19064
57.8288
-335.796
-239.749
189.476
-221.817
-90.9854
67.1122
-70.1729
-306.29
-32.6632
0
-0
-0
21.3465
0
0
-159.252
7.30081
0
-293.56
0
-0
-322.439
-0
-0
-325.264
-2.31787
0
-276.608
-133.353
0
-344.706
-0
0
-362.972
-0
142.789
-366.907
-58.8549
134.816
-397.195
-12.9183
-0
-318.784
-244.651
77.6771
-306.924
-328.465
203.911
-142.607
-0.94266
55.7726
0
-2.76068
-0
4.49275
-1.67665
-22.6667
-43.3229
-0
-0
-185.702
-53.5478
-0
-288.676
-121.83
-9.62148
-357.811
-3.54662
-0
-367.677
-0
0
-358.338
-0
7.64823
-335.484
-56.0319
0.643
-327.854
-144.795
54.3436
-359.338
-105.529
57.1028
-422.174
-0
118.909
-436.293
-14.1269
233.04
-310.103
-266.522
175.091
-392.007
-129.696
0
-275.281
-0
0
-87.8456
-0
0
-9.46175
0
0
12.1656
29.0702
0
-39.4325
-44.894
0
-159.184
-65.4777
0
-197.242
-140.386
0.238837
-279.678
-41.4527
0.195233
-304.857
-16.3475
-0
-320.287
-0
0
-295.091
-45.7348
34.9024
-246.222
-133.302
95.0687
-272.74
-75.1729
59.3007
-278.206
-62.5316
26.1298
-264.092
-67.9528
2.98269
-265.603
-107.698
0
-315.547
-0
0
-275.533
-81.9186
30.6632
-297.774
-36.7263
31.1612
-175.987
-116.391
-0
-91.8428
-193.744
-0
-32.3414
-33.4429
-0
53.2538
0
32.1381
336.819
-110.243
28.2801
33.0107
-62.2352
0
109.561
-282.843
28.6852
23.1336
-140.238
73.8956
6.37016
-214.11
22.9425
0
-224.896
4.97931
-19.2418
-189.728
-0
-47.0321
-179.23
-0
-67.3022
-196.697
-0
-87.1296
-176.318
-0
-134.283
-90.1717
-0.77254
-164.111
-48.4582
-0
-160.39
-70.9994
6.91341
-99.6715
-178.974
25.9549
-103.69
-144.062
12.7427
-152.254
-18.8664
17.724
-169.249
-2.17757
0
-131.566
-83.4873
0
-176.993
-0
0
-153.487
-47.034
0
-177.331
-0
-0
-165.073
-59.3131
30.5821
-191.253
-36.3243
113.897
-87.6376
-0
54.6959
0
0
41.3372
46.5681
0
-0
-0
0
227.316
90.0887
-265.516
-3.18483
-0
-135.988
-6.83713
-20.1212
-154.21
64.3728
-116.415
-0
37.5464
-58.3107
-126.54
0
-59.0594
-144.062
0
-76.6854
-107.946
0
-84.2865
-113.238
0
-131.715
-43.1236
0
-168.451
-0
12.2553
-178.582
-0
0
-139.395
-96.9713
-0.0867852
-119.037
-160.76
0
-190.79
-0
16.7201
-190.999
-0
65.832
-180.009
-0
72.7298
-168.809
-7.63818
90.9613
-164.315
-2.20359
113.722
-156.936
-0
139.066
-126.689
-0
108.502
-80.1494
0
62.991
-38.4656
0
133.628
-0
0
144.236
0
184.292
145.583
28.9384
124.895
-178.842
-0
-0
-81.1524
-65.0655
-3.43983
-47.9011
-60.3625
-90.8032
-45.6845
-65.077
-67.3334
-41.31
-65.2618
-91.7479
-2.24989
-118.777
-0
1.21008
-102.73
-0
26.5792
-123.925
-0
100.699
-134.348
0
125.261
-176.786
0
63.3898
-190.523
0
0
-177.183
0
-0
-158.763
-0
-0
-116.835
-0
-0
-89.9374
-0
0
-90.3874
-0
0
-65.1114
-0
38.8349
0
-0
98.7058
57.8033
-0
39.8349
92.7512
0
65.097
51.498
91.8929
77.7661
30.8397
69.8455
208.316
93.4228
0
160.788
50.3268
0
255.723
-404.059
934.676
-46.8796
-0
0
-106.621
-0
0.631055
-0.43569
-58.6527
116.738
0
-43.1449
96.4804
29.0812
-61.2301
144.472
27.5518
-41.8068
125.074
37.4192
-0
28.8591
1.7759
-4.25377
35.7388
0
-4.32755
150.614
65.3827
