-97.9588
-53.5602
249.297
-283.756
290.82
0
-290.93
156.485
27.4187
-154.949
-115.604
152.95
-421.993
-96.2694
-0
-529.018
0
174.229
-517.183
321.055
238.771
17.8848
0
88.6964
-242.704
-62.7575
0
-381.823
-42.4037
45.6449
-430.102
-0
-19.3652
-493.028
163.547
93.8242
-279.533
238.955
266.591
3.70999
0
30.3545
-26.0186
60.377
25.7389
-237.396
8.35859
0
-333.349
41.874
-17.8496
-390.904
85.9051
5.83745
-424.362
85.8247
53.3891
-394.476
58.6332
112.117
-332.045
0
331.854
-348.177
-76.0549
150.048
-207.339
-50.0422
-84.837
-48.7984
156.56
21.2264
-223.709
48.0349
0
-311.108
95.197
18.1859
-325.742
32.8893
20.4761
-338.516
0
91.7055
-353.672
-8.40137
167.784
-355.14
-32.1121
-0
-429.792
-0
66.0818
-335.658
-237.621
213.277
-230.169
-72.4218
72.103
-68.2761
-313.56
-51.5432
2.52147
-2.23936
-1.12034
20.9326
-0
0.177132
-160.448
10.1521
0
-292.742
0
-0
-321.56
-0
-0
-325.789
-0
2.03295
-271.877
-142.912
0
-345.808
-0
0
-365.542
-0
143.027
-360.797
-75.2832
143.881
-402.287
-0
-0
-334.04
-205.509
77.1369
-300.499
-336.924
216.054
-134.644
-14.7566
58.9581
0
-0
-0
12.7112
-4.76169
-33.3607
-50.703
0
-0
-185.761
-54.5379
-0.670993
-291.476
-120.338
-9.52437
-360.903
-0
-0
-369.927
-0
3.92778
-362.323
-0
14.3869
-335.924
-65.3924
8.42615
-332.891
-142.307
61.8893
-366.803
-96.6219
60.414
-424.1
-0
106.897
-445.521
-0
220.808
-320.711
-250.187
180.006
-392.858
-131.214
0
-276.18
-0
-0
-87.5478
-0
0
-12.1881
0
0
16.395
37.5934
0.624693
-55.687
-33.6105
0
-156.377
-74.2951
0
-198.062
-144.014
7.20619
-290.524
-21.4763
2.6622
-296.488
-38.9833
-0
-314.021
-13.5522
19.2736
-300.727
-36.168
53.3839
-249.506
-126.676
96.2281
-275.35
-68.2562
49.3837
-285.918
-44.0499
14.6229
-262.741
-68.6262
0
-266.242
-105.908
0
-316.723
-0
0
-282.929
-65.8582
31.8296
-293.421
-47.2839
30.0741
-181.955
-105.947
-0
-107.239
-162.883
-16.4811
-7.46391
-98.7431
-2.09953
40.0662
34.9095
42.995
335.897
-148.834
18.5138
8.12614
-8.59797
-0
155.557
-383.258
37.0686
0
-89.3188
118.221
0
-198.404
25.8476
0
-222.331
9.47244
-22.6337
-181.081
-4.28342
-44.7286
-180.685
-6.00696
-62.1293
-202.018
-0.354703
-75.6808
-197.099
-6.37663
-144.669
-63.2324
-0.198628
-149.63
-74.6322
-0
-128.783
-130.988
2.42423
-107.958
-153.172
30.5283
-120.211
-98.4209
10.9774
-150.706
-10.9845
11.3196
-166.431
-0
0
-121.21
-98.3275
0
-174.234
-0
0
-154.673
-39.5191
0
-175.465
-0
-0
-163.734
-58.5152
33.4643
-191.376
-33.8167
111.572
-87.9751
-0
80.6293
0
4.29217
40.76
48.7955
0
-23.5534
-0
-0
217.788
131.132
-354.571
-4.52309
-0
-131.296
-40.005
-44.8563
-95.3694
76.2379
-111.312
-0
31.5179
-62.9172
-106.17
0
-51.7159
-149.083
0
-55.0279
-143.63
0
-94.8312
-80.9885
-0
-102.087
-100.76
0
-162.943
-0
25.2436
-172.439
-0
-0
-136.107
-99.8382
-28.4256
-130.117
-132.296
-0
-186.726
-2.48855
22.7182
-188.464
-0
73.6178
-172.705
-8.3106
80.0565
-165.495
-9.93682
95.987
-162.641
-0
120.308
-154.243
-0
146.931
-123.994
0
114.734
-77.251
0
71.4583
-36.4727
0
121.52
-0
3.1345
152.088
-0
201.686
168.348
7.91608
148.324
-205.846
-0
-5.67926
-79.8642
-74.2156
-0
-46.9411
-64.7523
-89.0646
-38.7639
-72.9348
-59.0808
-42.9529
-57.3987
-117.836
-4.34892
-121.615
-0
7.05671
-105.277
-0
9.03047
-129.437
-0
94.8141
-136.833
0
132.281
-183.677
9.88567
69.3327
-194.214
0
0
-178.986
0
-0
-160.478
0
-0
-117.253
0
-0
-90.2239
0
0
-90.0665
-0
0.979786
-64.12
-0
42.0897
0
-0
100.937
60.8862
-0
60.6992
94.7197
0
66.4761
57.0838
86.6387
72.3731
26.1462
88.8956
220.495
97.194
0
166.023
68.257
0
287.823
-422.699
957.583
-68.4855
-0
0
-109.579
-0
0
-10.6704
-50.047
93.0737
0.117638
-55.2799
117.522
26.963
-64.9638
146.397
22.9431
-40.3115
116.358
32.6644
-0
22.9599
0
-0
22.9206
0
-26.2669
178.702
49.2812
