-0
-0
0
-0
-0
0
-0
-0
0
-0
-0
0
-0
-0
0
-250.502
-0
0
-0
-0
0
0
-0
-0
-0
-0
0
-192.842
-0
0
-470.016
-0
0
-212.945
-0
0
-0
-0
0
0
0
-0
-0
0
-0
-0
-0
-0
-196.205
-0
0
-381.329
-0
0
-322.635
-0
0
-283.959
-0
0
-103.116
-0
0
-0
-0
0
-0
-0
0
-0
0
-0
-0
-0
-0
-144.764
-0
-0
-338.292
-0
0
-320.985
-0
0
-338.867
-0
0
-348.836
-0
0
-296.995
-227.349
0
-316.02
-0
0
-0
-0
0
-0
-0
0
-0
-0
0
0
-0
-0
-0
-0
-0
-0
-0
-0
-274.798
-0
0
-307.961
-0
0
-325.675
-0
0
-332.886
-0
0
-341.698
-16.2066
0
-254.998
-325.88
0
-384.515
-66.7845
0
-294.55
-286.515
0
-198.07
-0
0
-0
-0
0
-0
-0
0
0
-0
0
0
-0
-0
-0
-0
-0
-0
-0
-0
-81.4023
-0
-0
-260.203
-173.729
-0
-292.701
-0
0
-286.982
-45.2882
0
-310.189
-27.3188
0
-264.759
-167.649
0
-261.373
-192.977
0
-319.667
-159.055
0
-234.744
-329.103
0
-332.448
-138.655
0
-0
-0
0
-0
-0
0
-0
-0
0
-0
-0
0
0
-0
-0
-0
-0
-0
-0
-0
-0
-0
-12.23
-0
-45.6677
-416.941
-0
-279.172
-0
-0
-241.366
-29.6396
0
-232.981
-63.5426
0
-256.642
-0
0
-175.285
-183.414
0
-201.439
-111.306
0
-221.345
-136.286
0
-183.353
-256.474
0
-256.567
-172.619
0
-165.445
-202.792
0
-0
-0
0
-0
-0
0
-0
-0
0
-0
-0
0
692.172
0
0
0
-0
0
0
-0
-0
0
-0
-0
0
-0
-0
0
-0
-0
-0
-0
-0
-0
-0
-0
-0
-88.495
-0
-0
-248.051
-0
-0
-298.918
-0
-92.1142
-194.883
-0
-196.794
-0
-0
-157.614
-87.1021
-0
-195.201
-4.32305
0
-155.845
-53.95
0
-132.256
-131.06
0
-120.703
-135.814
0
-163.205
-62.6457
0
-34.9502
-277.879
0
-162.666
-0
0
-15.928
-0
0
-0
-0
0
-0
-0
0
-0
-0
0
0
-0
0
0
-0
0
33.6041
-0
-0
0
-0
-0
0
-0
-0
0
-0
-0
-0
-0
-0
-0
-0
-0
-0
-0
-0
-0
-78.2184
-0
-0
-229.085
-0
-37.4756
-74.1355
-0
-169.651
-0
-0
-170.055
-0
-0
-185.723
-0
-0
-175.165
-0
0
-117.339
-108.438
0
-133.197
-0
0
-127.022
-0
0
-44.521
-0
0
-0
-0
0
-0
-0
0
-0
-0
0
-0
-0
0
-0
-0
0
0
0
0
0
0
-9.31773
0
0
-0
0
0
-0
0
0
-0
-0
0
-0
-0
-0
-0
-0
-0
-0
-0
-0
-0
-0
-0
-0
-0
-0
-0
-0
-0
-0
-57.7706
-0
-0
-0
-0
0
-0
-0
0
-0
-0
0
-0
-0
0
-0
-0
0
-0
0
0
0
0
0
0
0
0
0
0
0
0
0
0
0
0
0
0
0
0
0
0
0
-0
351.871
-0
-0
0
-0
-0
0
0
0
0
0
0
0
0
0
0
0
0
0
0
0
0
0
0
0
0
0
0
0
