-92.1923
-59.4234
221.643
-295.04
318.743
-0
-245.058
81.4817
46.8538
-154.887
-111.688
150.386
-438.277
-63.4583
0
-530.909
0
128.812
-486.761
253.966
257.512
16.186
-0
80.2215
-243.879
-50.8885
0
-402.643
-0
29.1999
-433.69
-0
-0
-457.049
75.6523
71.832
-294.533
254.892
269.093
3.71261
2.07961
0
-21.6146
53.8066
28.7811
-245.275
22.8491
0
-348.565
67.15
-0
-393.738
88.3768
12.5788
-400.603
33.6805
63.1049
-401.988
64.9948
80.1069
-335.678
0
312.599
-341.151
-93.037
131.969
-206.009
-42.1764
-62.2383
-45.1356
152.727
16.4883
-224.097
42.6149
0
-322.488
119.955
19.1387
-319.66
18.5698
44.924
-334.668
0
85.4848
-357.587
-0
153.302
-352.873
-40.4342
-0
-428.323
-11.2182
45.8572
-332.703
-247.408
168.316
-213.697
-108.076
71.1315
-75.8196
-291.063
-13.1015
0
-0
-0
21.8632
0
0
-160.773
9.12735
0
-294.341
0
0
-322.667
-0
0
-325.776
-0
1.96462
-278.573
-126.773
0
-343.788
-0
0
-362.765
-0
136.567
-374.639
-42.8804
124.123
-384.722
-44.4364
0
-306.304
-278.353
76.5302
-320.286
-302.105
190.149
-144.538
-0
57.3857
0
-0.827202
0
0
-0
-9.14634
-34.6833
-0
-0
-185.39
-53.1763
-0
-286.765
-122.873
-4.96954
-359.158
-0
-0
-367.737
-0
0
-357.291
-0
2.50594
-338.7
-47.1408
0
-328.207
-138.776
44.1839
-355.614
-109.121
55.9868
-421.058
-0
127.3
-422.711
-40.3417
237.358
-304.284
-275.658
159.112
-391.963
-131.347
0
-275.763
-0
0
-89.4044
-0
0
-6.77649
0
0
8.25613
25.0685
0
-29.9777
-41.9651
0
-154.439
-73.1182
0
-194.446
-140.199
0
-273.65
-50.2319
0
-303.384
-12.7436
0
-318.059
-0
8.44717
-308.533
-12.4519
24.5175
-242.085
-139.359
78.7315
-268.779
-82.5704
61.7507
-269.788
-79.7719
31.1427
-263.515
-68.6594
6.261
-261.826
-114.216
0
-313.737
-0
0
-264.532
-106.447
26.6121
-300.559
-29.6997
30.2051
-173.774
-119.986
-0
-90.409
-196.46
-0
-30.6795
-29.9313
-0
49.5084
0
29.202
337.378
-85.5666
26.974
45.6671
-91.2931
0
86.73
-233.619
20.5063
38.3315
-173.016
52.809
4.12011
-210.64
17.9631
0
-224.926
0
-15.6726
-198.305
-0
-51.5127
-171.825
-0
-64.3052
-205.629
-0
-89.9336
-172.889
-0
-134.187
-92.5745
-0
-158.846
-61.8264
-0
-173.089
-43.9878
0.274856
-113.933
-150.719
31.3011
-102.143
-149.127
25.9402
-146.533
-33.7234
18.2866
-162.305
-19.4961
0
-135.672
-77.2749
0
-177.276
-0
0
-147.506
-61.5833
0
-177.529
-0
0
-165.202
-59.8396
24.0295
-186.355
-48.3803
112.105
-86.8039
-0
53.2825
0
0
42.1819
45.2512
0
0
0
-0
235.187
66.7118
-210.72
-0
-0
-139.827
-0
-7.09934
-185.943
59.0316
-119.927
-0
42.7792
-62.7411
-125.171
0
-60.1798
-151.519
0
-88.3714
-90.6869
0
-78.0296
-135.507
-0
-149.591
-13.0695
0
-172.319
-0
0
-183.566
-0
0
-152.102
-79.1197
-0
-120.442
-165.008
0
-194.237
-0
25.1313
-192.695
-0
63.7809
-183.044
-0
69.6421
-173.934
-2.1439
88.9965
-161.95
-14.0937
109.82
-158.903
-0
132.326
-129.266
-0
110.475
-82.1683
-0
57.4023
-40.4858
0
125.689
-0
0
135.539
0
165.674
141.762
44.9256
107.514
-159.63
-0
-0
-83.8062
-60.4689
-0
-44.8529
-62.8526
-80.5087
-48.6397
-47.6831
-97.7815
-38.8341
-75.4653
-62.41
-4.68979
-116.468
-0
0
-100.991
-0
31.8251
-121.8
-0
99.626
-134.525
0
128.189
-175.067
0
61.9452
-188.8
0
0
-176.191
-0
-0
-158.82
-0
0
-116.785
-0
-0
-89.2606
-0
0
-90.9582
-0
0
-65.5725
-0
27.5601
0
-0
96.3536
53.5392
0
37.4262
91.1615
0
63.7844
53.4105
80.6007
71.4968
27.7527
68.9491
198.599
90.8203
0
155.26
35.0776
0
224.989
-391.623
924.528
-40.3843
-0
0
-94.7281
-0
6.0306
-0
-64.7237
131.596
0
-32.5357
78.4602
32.2009
-63.916
154.54
29.4386
-36.0772
118.008
38.1529
-0
32.9259
12.3107
-0
30.541
0
-0
149.931
69.6914
