-43.2702
-19.2074
0
-227.317
0
-0
-0
-0
276.521
-191.299
-0
50.8586
-471.18
-52.2872
130.621
-534.867
-0
0
-403.711
0
124.614
0
0
0
-225.019
-0
25.2243
-381.429
-0
0
-412.133
0
67.4911
-409.485
0
18.8039
-228.741
4.37179
232.907
0
75.7324
-150.329
-0
22.8474
0
-273.565
51.4939
0
-367.758
87.9548
0
-377.627
0
30.7727
-388.864
0
156.606
-364.427
-0
57.6035
-329.135
-0
159.639
-314.067
-119.306
0
-135.13
-0
-0
-0
153.966
0
-248.259
78.5995
0
-291.837
7.76739
27.276
-300.851
0
75.7797
-329.598
-0
23.2152
-350.111
-0
86.6941
-371.546
-0
0
-408.618
-94.5856
20.2722
-294.257
-393.107
85.4236
-258.734
-40.5469
57.5016
-74.4199
-230.798
0
0
-0
0
0
0
0
-158.213
0
0
-291.475
-0
0
-305.868
-0
0
-293.026
-73.9574
0
-338.086
-6.68964
0
-327.84
-56.419
0
-373.783
-0
95.341
-351.367
-86.8288
115.321
-339.54
-136.492
0
-315.4
-257.429
0
-314.228
-317.588
126.132
-114.219
-21.1552
41.1713
-0
-0
0
0
-0
0
-0
0
-0
-172.299
-0
-0
-279.181
-121.625
-0
-345.916
-20.864
-0
-337.452
-50.51
0
-326.647
-50.1296
0
-355.158
-0
0
-338.207
-76.1821
6.40728
-321.787
-137.485
7.12048
-362.217
-78.1362
72.9433
-375.889
-95.5493
144.733
-292.77
-266.302
107.965
-329.238
-249.54
0
-244.739
-48.8813
0
-63.5202
-0
0
-0
-0
0
0
-0
0
-0
-0
-0
-118.499
-72.7326
-0
-190.93
-137.029
-0
-264.943
-51.9939
-0
-287.915
-30.072
0
-281.592
-59.6473
0
-295.279
-18.0475
0
-301.941
-0
0
-286.438
-31.9233
0
-244.984
-131.727
0
-243.91
-124.544
0
-262.905
-137.925
0
-294.453
-80.1881
0
-268.634
-136.756
0
-270.881
-137.56
0
-180.815
-132.713
0
-112.64
-181.751
0
-0
-0.503253
0
0
-0
0
445.877
-0
0
21.3834
-0
0
74.5643
-176.625
-0
95.6282
-282.804
-0
0
-212.876
-0
0
-207.024
-0
-0
-190.899
-0
-24.1472
-195.214
-0
-66.8353
-181.525
-0
-91.0141
-157.642
-0
-115.7
-118.996
-0
-150.743
-63.2404
0
-145.733
-87.7172
0
-148.383
-72.2974
3.52914
-177.465
-2.16956
28.4038
-132.263
-86.2347
50.9491
-154.973
-63.4025
35.9238
-124.979
-126.258
0
-164.398
-50.4257
0
-130.815
-113.654
0
-177.534
-14.0435
0
-162.71
-72.5868
0
-159.272
-129.477
13.1854
-63.3171
-0
4.94856
-0
-0
0
0
-0
0
0
-0
97.6696
16.3026
-0
-0
0
-80.3659
-0
-0
-225.383
0
-25.1793
-193.928
0
-133.546
-7.22646
0
-48.0217
-218.641
-0
-129.478
-43.68
-0
-124.653
-74.1623
-0
-135.813
-73.9875
-0
-183.487
-0
-0
-194.569
-0
0
-184.531
-29.0284
0
-146.993
-117.947
35.2213
-195.551
-0
54.1539
-186.031
-0
59.6842
-174.451
-0
64.9015
-144.481
-49.8561
65.8567
-134.466
-55.2166
72.5355
-152.487
-0
79.4348
-123.103
-0
72.1185
-85.8836
-0
43.3503
-11.4892
-0
55.8277
-0
-0
52.82
0
0
95.069
170.413
0
-54.0721
0
0
-42.9664
-0
-0
-51.2036
-57.6491
-15.7033
-44.2579
-25.419
-89.9001
-50.8402
-85.4868
-0
-0
-94.5173
-0
-0
-94.3337
-0
0
-113.8
-0
41.9942
-137.872
0
103.23
-175.194
0
0
-190.157
-0
0
-175.716
-0
0
-158.459
-0
0
-116.866
-0
0
-89.9601
-0
0
-102.363
-0
0
-33.787
-0
15.7845
-0
0
82.9953
0
0
61.2412
68.2002
0
68.9102
51.2957
43.139
37.1321
53.0728
0
122.104
22.6859
0
77.3835
0
0
0
-204.556
802.278
-0
-0
0
-0
-40.4305
106.992
-0
-78.9626
193.477
0
-0
43.9274
0
-0
53.0791
16.2953
-0
62.1742
56.1789
0
75.982
29.1453
0
57.954
0
0
115.142
13.4363
