-82.5734
-29.2359
172.867
-288.603
277.732
-29.1658
-166.095
0
112.487
-174.244
-60.8667
113.425
-447.841
-60.4273
0
-532.567
-0
117.461
-450.845
157.291
241.624
4.53773
0
42.7407
-262.203
-0
21.0424
-408.876
-0
25.9287
-437.05
0
0
-426.528
0
56.4083
-297.539
238.526
252.677
0
33.1999
-0
-21.0864
51.7768
21.1353
-253.783
34.0404
0
-363.442
99.0575
0
-385.352
64.7741
22.5154
-384.469
0.0482686
60.9079
-399.733
49.176
47.2583
-341.184
0
272.976
-326.043
-124.98
87.7456
-205.583
-33.2227
-0.862471
-55.6889
187.666
13.4043
-224.157
38.3597
0
-331.539
134.49
28.4589
-311.74
0
54.2401
-333.332
0
82.6478
-359.945
-0
139.705
-366.916
-24.5793
0
-415.957
-65.8111
32.5348
-329.914
-275.075
104.508
-222.064
-102.026
77.2824
-85.8948
-265.074
-0
0
-0
-0
15.6714
0
0
-175.304
36.7783
0
-293.97
0
0
-321.694
-0
0
-323.424
-0
8.31355
-277.1
-128.662
0
-336.168
-8.479
0
-357.81
-0
141.572
-372.182
-31.7412
100.092
-357.377
-96.2234
0
-292.569
-309.003
35.1313
-322.312
-296.8
165.873
-140.542
-1.60718
55.4058
-0
-0
0
0
-0
-0
-3.91893
-0
0
-194.342
-30.7722
-0
-290.278
-111.289
-6.347
-357.108
-0
-0
-365.536
-0
0
-344.337
-22.9559
0
-351.313
-11.7299
0
-320.708
-142.201
9.85726
-343.103
-121.068
31.2184
-410.101
-7.0332
135.314
-401.561
-72.0582
223.107
-298.274
-276.908
146.261
-364.457
-188.54
0
-274.34
-0
0
-89.0813
-0
0
-0
-0
0
0
9.30604
7.59345
-0.561883
-32.8914
0
-142.575
-94.603
-0
-197.041
-122.795
-0
-277.237
-31.8939
0
-291.587
-25.2135
0
-312.268
-0
9.76478
-309.476
-0
15.1226
-260.683
-95.4106
49.6413
-275.217
-67.4726
53.3163
-244.375
-139.074
30.8269
-269.051
-68.1018
0
-259.08
-132.032
0
-314.277
-8.93574
0.192651
-250.258
-149.282
20.9008
-299.764
-42.5499
19.5615
-182.502
-108.191
0
-81.4823
-224.111
0
-31.8551
-6.55048
0
30.1583
0
19.9102
367.787
-40.9992
0
68.4447
-141.832
0
54.2591
-154.752
0
66.7816
-225.349
0
18.252
-232.343
0
0
-212.528
-0
-0
-219.986
-0
-51.0665
-162.694
-0
-46.6107
-235.847
-0
-104.609
-135.95
-0
-132.062
-89.8503
-0
-156.708
-59.0766
0
-158.174
-69.4768
0
-132.387
-105.473
45.9127
-123.567
-105.26
45.1493
-132.697
-65.6977
38.5307
-150.656
-45.6971
12.7838
-133.78
-86.1717
10.5542
-178.044
-0.0344714
0
-132.031
-98.5213
0.0322693
-178.628
-0
0
-170.64
-51.4166
0
-166.196
-99.9671
95.1994
-85.0958
-0
43.2161
0
-0
29.4022
34.8874
-0
0
0
-0
241.88
4.79974
-61.8127
-0
0
-156.756
0
-0
-225.109
35.9067
-87.0609
-86.5988
40.3042
-105.95
-63.7463
0
-58.0187
-186.886
0
-106.91
-77.5192
0
-112.855
-89.4707
-0
-168.476
-0
-0
-185.087
-0
0
-195.026
-0
0
-150.443
-103.854
0
-155.189
-107.467
19.8114
-199.797
-0
40.6937
-194.157
-0
65.5545
-185.097
-0
64.9479
-176.115
-0
90.9444
-155.607
-28.3858
103.428
-158.965
-0
118.673
-130.972
-0
118.3
-83.2458
-0
48.2355
-39.8104
-0
99.1572
-0
0
109.897
13.5435
87.2577
127.181
93.2475
49.2176
-92.4876
0
-0
-84.7509
-42.7898
-0
-48.4038
-70.4535
-52.3573
-50.8239
-11.795
-156.825
-50.2723
-98.9354
-2.06317
-1.74685
-109.415
-0
0
-95.8601
-0
26.3804
-115.677
-0
98.9711
-133.745
0
117.402
-174.227
0
31.2412
-185.976
0
0
-175.373
-0
0
-158.246
-0
0
-117.123
-0
0
-89.5854
-0
0
-92.1376
-0
0
-63.516
-0
12.7912
0
0
97.9612
41.115
0
47.5261
88.9863
0
70.4855
53.0138
70.3737
60.4251
36.0862
35.5672
169.433
84.9949
0
143.084
2.25253
0
140.56
-342.424
861.014
-0
-0
0
-60.0111
-40.0771
87.0698
-0
-45.2987
97.8864
0
-28.9623
75.4225
36.2939
-76.3606
186.733
30.1423
-0
50.2863
40.0932
-0
42.0239
38.1722
-0
35.7273
0
0
162.12
66.8923
