-0
-0
0
-0
-0
0
-0
-0
0
-0
-0
0
-0
-0
0
-221.348
-0
0
-0
-0
0
0
-0
-0
-0
-0
0
-172.385
-0
0
-470.892
-0
0
-197.218
-0
0
-0
-0
0
0
0
-0
-0
0
-0
-0
-0
-0
-180.218
-0
0
-383.279
-0
0
-318.376
-0
0
-284.002
-0
0
-87.1539
-0
0
-0
-0
0
-0
-0
0
-0
0
-0
-0
-0
-0
-127.805
-0
-0
-340.88
-0
0
-319.274
-0
0
-339.313
-0
0
-345.132
-0
0
-302.118
-209.476
0
-301.633
-0
0
-0
-0
0
-0
-0
0
-0
-0
0
0
-0
-0
-0
-0
-0
-0
-0
-0
-260.176
-0
0
-309.214
-0
0
-323.632
-0
0
-332.419
-0
0
-335.056
-29.8471
0
-266.538
-302.212
0
-370.224
-95.1183
0
-304.829
-260.253
0
-177.73
-0
0
-0
-0
0
-0
-0
0
0
-0
0
0
-0
-0
-0
-0
-0
-0
-0
-0
-58.4699
-0
-0
-259.521
-174.772
-0
-290.713
-0
0
-284.553
-50.0486
0
-308.39
-27.8297
0
-260.04
-174.119
0
-269.419
-176.871
0
-307.993
-178.088
0
-243.516
-316.383
0
-319.595
-136.69
0
-0
-0
0
-0
-0
0
-0
-0
0
-0
-0
0
0
-0
-0
-0
-0
-0
-0
-0
-0
-0
-0
-0
-23.1026
-432.087
-0
-280.881
-0
-0
-240.802
-27.4642
0
-229.866
-68.6569
0
-255.715
-0
0
-169.162
-194.297
0
-212.577
-86.8961
0
-205.641
-165.916
0
-194.616
-232.487
0
-249.832
-189.943
0
-154.768
-184.549
0
-0
-0
0
-0
-0
0
-0
-0
0
-0
-0
0
685.9
0
0
0
-0
0
0
-0
-0
0
-0
-0
0
-0
-0
0
-0
-0
-0
-0
-0
-0
-0
-0
-0
-53.9129
-0
-0
-253.603
-0
-0
-292.581
-0
-72.3993
-223.345
-0
-199.721
-0
-0
-161.729
-76.3783
-0
-192.375
-11.2732
0
-154.227
-58.0745
0
-127.157
-141.772
0
-136.615
-101.596
0
-140.741
-111.53
0
-49.5128
-238.53
0
-161.384
-0
0
-1.7611
-0
0
-0
-0
0
-0
-0
0
-0
-0
0
0
-0
0
0
-0
0
30.1394
-0
-0
0
-0
-0
0
-0
-0
0
-0
-0
-0
-0
-0
-0
-0
-0
-0
-0
-0
-0
-42.7388
-0
-0
-229.635
-0
-10.7021
-100.96
-0
-171.235
-0
-0
-167.962
-0
-0
-183.511
-0
-0
-168.815
-0
0
-119.915
-97.3444
0
-131.046
-0
0
-126.003
-0
0
-33.8259
-0
0
-0
-0
0
-0
-0
0
-0
-0
0
-0
-0
0
-0
-0
0
0
0
0
0
0
-0
0
0
-0
0
0
-0
0
0
-0
-0
0
-0
-0
-0
-0
-0
-0
-0
-0
-0
-0
-0
-0
-0
-0
-0
-0
-0
-0
-0
-22.6661
-0
-0
-0
-0
0
-0
-0
0
-0
-0
0
-0
-0
0
-0
-0
0
-0
0
0
0
0
0
0
0
0
0
0
0
0
0
0
0
0
0
0
0
0
0
0
0
0
293.945
-0
-0
0
-0
-0
0
0
0
0
0
0
0
0
0
0
0
0
0
0
0
0
0
0
0
0
0
0
0
