-0
-176.522
0
-5.91017
-0
0
-0
-0
0
-0
-130.501
0
-380.252
-1.96474
42.7122
-537.901
-0
0
-180.272
-0
148.494
0
-0
-0
-70.0867
-0
0
-390.584
-0
0
-392.94
-0
47.1421
-436.982
-0
75.0019
-0
0
63.4579
0
0
-228.814
-0
0
-0
-149.841
0
-0
-372.118
0
0
-369.97
0
0
-392.214
-0
77.7305
-340.919
-0
95.0742
-284.9
-0
0
-198.605
-0
0
-0
-0
0
-0
1.68378
-0
-81.2459
0
-0
-316.3
0
0
-299.088
0
0
-322.058
-0
0
-339.622
-0
0
-369.25
-0
0
-373.346
-172.878
20.3512
-287.566
-381.123
34.3163
-238.814
-0
0
-0
-0
0
-0
-0
0
0
0
0
-0
-0
-0
-260.449
-0
-0
-310.371
-0
-0
-325.373
-0
0
-346.925
-0
0
-370.319
-0
0
-373.517
-26.7353
0
-305.692
-227.322
111.288
-372.351
-79.9957
0
-298.598
-314.986
33.6409
-383.844
-181.118
88.7662
-29.4
-0
0
-0
-0
0
0
-0
0
0
-0
-0
-0
-0
-0
-223.566
-22.2291
-0
-245.037
-213.633
-0
-338.47
-0
-0
-302.348
-55.7429
0
-322.333
-20.5894
0
-355.012
-0
0
-280.751
-183.496
0
-310.698
-144.34
0
-342.325
-149.942
19.6567
-262.369
-284.419
0
-335.962
-243.764
0
-208.999
-17.5895
0
-0
-0
0
-0
-0
0
-0
-0
0
0
-0
-0
-0
-0
-0
-47.9934
-169.734
-0
-227.996
-105.172
-0
-207.124
-151.672
-0
-272.14
-30.7884
-0
-254.866
-56.4265
-0
-277.377
-0
0
-265.88
-21.2778
0
-234.484
-93.0562
0
-200.797
-157.08
0
-264.392
-86.8579
0
-181.478
-291.902
0
-288.739
-91.9662
0
-242.667
-197.171
0
-149.732
-218.229
0
-45.2349
-0
0
-0
-0
0
0
-0
0
525.97
0
0
19.7359
-0
0
0
-0
-0
0
-0
-0
0
-46.8186
-0
-0
-173.438
-0
-0
-128.916
-0
-0
-240.48
-0
-78.7941
-152.844
-0
-111.581
-163.114
-0
-121.157
-180.318
-0
-155.283
-93.6947
-0
-183.473
-62.8806
-0
-188.556
-35.5881
-0
-209.077
-0
0
-195.365
-0
0
-162.198
-97.4805
0
-155.495
-88.3505
0
-169.841
-67.8347
0
-72.3599
-238.131
0
-181.5
-0
0
-114.807
-182.148
0
-123.958
-0
0
-0
-0
0
-0
-0
0
0
-0
0
0
0
0
58.2501
-0
-0
0
-0
-0
-0
-0
-0
-0
-94.3272
-0
-0
-170.521
-0
-30.4289
-161.431
-0
-111.623
-47.5612
-0
-88.6331
-131.089
-0
-80.9213
-168.685
-0
-164.978
-5.49272
-0
-174.316
-0
-0
-191.196
-0
0
-202.517
-0
0
-187.932
-0
0
-176.121
-0
0
-162.386
-0
0
-145.838
-45.8904
0
-59.7581
-196.01
0
-143.941
-0
0
-78.0279
-0
0
-0
-0
0
-0
-0
0
-0
-0
0
0
0
0
281.576
0
-47.7193
0
0
-0
0
0
-0
-0
-0
-0
-0
-0
-0
-0
-0
-0
-0
-0
-0
-34.5055
-0
-0
-93.5591
-0
-0
-121.757
0
-0
-157.594
-0
0
-180.885
-0
0
-147.436
-0
0
-124.006
-0
0
-87.2701
-0
0
-5.74944
-0
0
-0
-0
0
-0
-0
0
-0
-0
0
0
0
6.99448
0
0
5.15736
0
0
0
76.2975
0
0
2.96336
0
0
0
0
0
-0
1000.92
-0
-0
0
-0
-0
56.3971
0
-0
110.898
0
-0
80.2399
0
0
88.8025
0
0
0.494025
0
0
0
0
0
0
0
71.0359
0
14.6715
