-36.4693
-32.1146
0
-224.813
0
-0
-0
-0
267.475
-175.993
-12.8959
50.981
-468.997
-49.7134
130.974
-531.848
-0
0
-393.773
0
120.814
0
-0
-0
-217.638
-0
6.3491
-377.248
-0
0
-411.969
-0
73.3219
-411.29
0
25.8339
-224.236
0
239.262
0
70.0368
-178.905
-0
31.0641
0
-271.364
44.9703
0
-357.165
57.5795
0
-378.338
0
39.3025
-385.95
0
156.12
-359.628
-0
57.9604
-320.851
-0
151.317
-310.933
-110.263
0
-111.145
-0
-0
-0
158.651
0
-242.545
60.7336
0
-288.923
0
17.0574
-300.257
0
57.8492
-330.523
-0
16.4626
-351.494
-0
83.9436
-372.74
-0
0
-411.611
-90.7552
21.6704
-286.891
-415.344
99.4341
-270.717
-14.9683
56.7917
-69.167
-224.296
0
0
-0
0
0
0
0
-155.924
0
0
-289.608
-0
0
-305.949
-0
0
-294.992
-74.2342
0
-336.403
-18.9958
0
-337.867
-44.3061
0
-378.417
-0
85.2397
-345.451
-107.187
120.096
-338.578
-141.393
0
-330.258
-226.793
0
-314.032
-319.573
124.629
-109.821
-21.5952
40.2363
-0
-0
0
0
-0
0
0
0
-0
-160.527
-0
-0
-282.706
-111.22
-0
-335.208
-39.8227
-0
-338.2
-44.9593
0
-317.083
-66.8566
0
-351.861
-0
0
-338.291
-71.6905
2.84287
-319.504
-137.38
9.98725
-351.688
-96.513
60.5109
-372.09
-99.3087
128.7
-298.346
-253.385
101.139
-328.616
-248.862
0
-241.39
-54.2159
0
-58.4602
-0
0
-0
-0
0
0
-0
0
0
-0
-0
-111.953
-62.3133
-0
-189.106
-141.454
-0
-264.994
-50.6626
-0
-283.517
-38.6182
-0
-278.548
-66.209
0
-291.395
-23.4054
0
-301.798
-0
0
-285.345
-34.0035
0
-248.513
-122.467
0
-242.959
-124.701
0
-258.794
-147.169
0
-296.441
-80.5744
0
-274.388
-128.796
0
-267.759
-149.159
0
-182.884
-132.066
0
-112.652
-176.955
0
-0
-0
0
0
-0
0
450.64
-0
0
21.8027
-0
0
63.1102
-142.171
-0
91.8151
-282.239
-0
0
-216.725
-0
0
-208.338
-0
-0
-189.327
-0
-27.6747
-190.391
-0
-71.8325
-174.67
-0
-94.6789
-155.349
-0
-118.006
-119.768
-0
-148.619
-71.8617
0
-150.348
-83.0059
0
-143.131
-87.2792
0
-180.63
-1.37821
32.2974
-146.736
-59.0588
41.9737
-151.499
-74.9825
27.8136
-124.647
-128.807
0
-158.03
-65.6745
0
-134.666
-104.466
0
-175.099
-17.5905
0
-166.958
-60.3358
0
-154.414
-139.708
0
-54.9352
-0
0
-0
-0
0
0
-0
0
0
-0
63.2103
20.4533
-0
-0
0
-53.5453
-0
-0
-227.583
0
-7.37188
-220.031
0
-136.668
-0
0
-50.6027
-209.006
-0
-124.227
-53.8687
-0
-134.336
-51.0493
-0
-120.262
-105.444
-0
-180.497
-0
-0
-191.093
-0
0
-173.762
-47.4232
0
-157.154
-89.4755
21.5178
-193.042
-0
51.6507
-182.903
-0
58.8821
-164.314
-15.1351
58.3628
-139.55
-56.5008
57.0731
-132.037
-56.2666
62.765
-150.683
-0
70.601
-121.082
-0
68.2578
-85.6246
-0
47.713
-3.74096
-0
51.7331
-0
-0
43.1492
0
0
91.0748
186.566
0
-56.0549
0
-0
-39.933
-0
-0
-57.3585
-42.6196
-16.9824
-42.899
-34.884
-64.1566
-51.7546
-81.7084
-0
-0
-90.281
-0
-0
-93.9441
-0
0
-113.667
-0
22.8962
-138.728
0
91.7388
-176.292
0
0
-191.792
-0
0
-176.796
-0
0
-158.849
-0
0
-117.162
-0
0
-91.4364
-0
0
-105.734
-0
0
-30.0778
-0
8.92341
-0
0
75.3868
0
0
62.0745
47.6363
13.5297
68.5883
56.4896
28.1012
30.149
51.779
0
123.955
10.7264
0
54.525
0
0
0
-180.236
804.515
-0
-0
0
-0
-42.7781
115.623
-0
-63.1746
168.195
0
-0
50.5986
0
-0
57.8623
7.18402
-0
62.7766
55.4888
0
80.9499
28.4339
0
60.989
0
0
90.253
0
