-0
-0
0
-0
-0
0
-0
-0
0
-0
-0
0
-0
-0
0
-281.756
-0
0
-0
-0
0
0
-0
-0
-0
-0
0
-214.668
-0
0
-469.22
-0
0
-229.957
-0
0
-0
-0
0
0
0
-0
-0
0
-0
-0
-0
-0
-213.134
-0
0
-379.332
-0
0
-327.361
-0
0
-284.008
-0
0
-120.457
-0
0
-0
-0
0
-0
-0
0
-0
0
-0
-0
0
-0
-163.041
-0
0
-335.701
-0
0
-322.586
-0
0
-338.755
-0
0
-352.964
-0
0
-291.479
-246.322
0
-331.17
-0
0
-0
-0
0
-0
-0
0
-0
-0
0
0
-0
-0
-0
-0
-0
-0
-0
-0
-291.541
-0
0
-306.841
-0
0
-327.421
-0
0
-333.804
-0
0
-349.608
-0
0
-242.884
-349.99
0
-397.988
-41.0144
0
-284.502
-312.529
0
-220.336
-0
0
-0
-0
0
-0
-0
0
0
-0
0
0
-0
-0
-0
-0
-0
-0
-0
-0
-101.377
-13.4048
-0
-267.063
-155.634
-0
-293.329
-0
0
-286.158
-49.6984
0
-314.896
-19.4713
0
-271.098
-158.147
0
-251.657
-212.797
0
-330.04
-143.069
0
-226.553
-340.461
0
-346.758
-140.157
0
-0
-0
0
-0
-0
0
-0
-0
0
-0
-0
0
0
-0
-0
-0
-0
-0
-0
-0
-0
-0
-54.5602
-0
-72.2731
-370.675
-0
-278.184
-0
-0
-238.646
-40.3299
0
-237.038
-55.7307
0
-257.8
-0
0
-186.392
-163.376
0
-185.889
-143.837
0
-235.471
-109.262
0
-172.507
-280.025
0
-263.959
-153.636
0
-177.206
-222.097
0
-0
-0
0
-0
-0
0
-0
-0
0
-0
-0
0
695.962
0
0
1.48167
-0
0
0
-0
-0
0
-0
-0
0
-0
-0
0
-0
-0
-0
-0
-0
-0
-0
-0
-0
-124.272
-0
-0
-243.229
-0
-0
-306.919
-0
-113.158
-161.457
-0
-195.383
-0
-0
-152.916
-98.8706
-0
-197.08
-0
0
-159.792
-45.8094
0
-143.552
-108.592
0
-100.844
-177.969
0
-181.006
-24.2373
0
-25.0137
-307.506
0
-163.452
-0
0
-32.122
-0
0
-0
-0
0
-0
-0
0
-0
-0
0
0
-0
0
0
-0
0
33.2013
-0
-0
0
-0
-0
0
-0
-0
0
-0
-0
-0
-0
-0
-0
-0
-0
-0
-0
-0
-0
-118.179
-0
-0
-224.867
-0
-65.1677
-52.4701
-0
-168.322
-0
-0
-171.409
-0
-0
-186.6
-0
-0
-178.997
-0
0
-134.144
-73.7659
0
-114.929
-47.9588
0
-130.138
-0
0
-56.7914
-0
0
-0
-0
0
-0
-0
0
-0
-0
0
-0
-0
0
-0
-0
0
0
0
0
13.9972
0
-20.1016
0
0
-0
0
0
-0
0
0
-0
-0
0
-0
-0
-0
-0
-0
-0
-0
-0
-0
-0
-0
-0
-0
-0
-0
-0
-0
-0
-0
-95.5757
-0
-0
-0
-0
0
-0
-0
0
-0
-0
0
-0
-0
0
-0
-0
0
-0
-0
0
0
0
0
0
0
0
0
0
0
0
0
0
0
0
0
0
0
0
0
0
0
-0
409.78
-0
-0
0
-0
-0
0
0
0
0
0
0
0
0
0
0
0
0
0
0
0
0
0
0
0
0
0
0
0
