-68.0102
-0
52.3207
-245.276
62.6342
-39.9156
-65.4542
0
254.949
-205.43
-0
53.0067
-462.064
-69.6228
95.5208
-536.26
-0
74.6594
-425.95
44.7873
143.136
0
0
0
-248.797
-0
81.7524
-401.55
0
4.84639
-425.285
0
14.2924
-415.505
0
36.8021
-259.171
109.484
207.81
0
83.8121
-49.3689
-0
0.889502
18.2653
-254.605
33.2385
0
-390.016
157.121
0
-374.036
21.9003
25.3269
-388.952
0
99.5831
-379.742
0
62.0126
-342.778
-0
207.436
-322.581
-125.463
7.86529
-176.73
-21.7295
-0
-23.2053
164.678
8.5956
-229.794
46.3715
0
-327.314
109.6
40.5681
-306.872
0
88.3708
-328.945
-0
62.5808
-348.187
-0
96.0345
-374.02
-0
0
-414.779
-76.7132
14.5318
-298.422
-368.1
72.4231
-238.683
-81.1566
68.7031
-87.3671
-245.366
0
0
-0
0
0
0
0
-158.816
0
0
-291.752
-0
0
-316.7
-0
0
-314.512
-13.6272
0
-310.438
-54.1604
0
-324.035
-40.1438
0
-362.037
-0
120.883
-370.014
-34.4603
107.919
-329.094
-152.747
0
-291.415
-307.539
0
-315.387
-310.512
144.168
-128.525
-12.2896
47.8462
-0
-0
0
0
-0
0
-0
-0
-0
-193.401
-0
-0
-268.735
-155.08
-0
-356.957
-0
-0
-357.823
-14.4049
0
-351.045
-6.98736
0
-358.781
-0
0
-332.25
-107.888
7.01927
-337.419
-121.01
11.5487
-388.864
-40.6973
112.889
-389.383
-82.9681
187.199
-287.316
-289.55
119.703
-332.165
-255.173
0
-266.845
-8.33201
0
-79.6571
-0
0
-0
-0
0
0
0
0
-0
-0
-0
-131.572
-100.539
-0
-194.926
-126.524
-0
-261.899
-59.9782
-0
-288.303
-31.8102
-0
-309.959
-0
0
-305.271
-6.08442
5.80092
-290.116
-27.32
30.2029
-288.021
-34.0491
19.6588
-238.713
-148.707
17.1501
-257.581
-96.4748
0
-265.957
-127.318
0
-298.304
-58.2944
0
-248.083
-167.524
0
-286.235
-90.625
0
-180.678
-124.322
0
-98.6221
-202.376
0
-15.7798
-0
6.17376
0
0
0
411.126
-0
0
45.2212
-69.6335
0
79.5361
-200.859
-0
75.2751
-237.201
-0
24.8286
-249.161
-0
0
-200.493
-0
-0
-204.055
-0
-37.1747
-175.547
-0
-49.0769
-218.482
-0
-92.4923
-151.507
-0
-110.688
-123.628
-0
-154.138
-54.5683
-0
-154.291
-69.4671
0
-147.793
-69.0939
27.1333
-154.543
-40.9915
28.7731
-130.401
-78.1296
58.0053
-146.678
-65.54
32.658
-130.562
-103.793
16.6574
-183.05
-1.06275
0
-126.31
-119.524
0
-173.248
-21.8634
0
-164.536
-73.2931
0
-167.768
-111.915
48.6757
-76.551
-7.7071
20.3291
0
-0
7.82444
0
-0
0
0
-0
210.176
0
-0
-0
0
-143.71
-0
-0
-222.296
0
-51.0108
-160.307
25.897
-133.786
-11.8812
0
-53.2874
-209.657
0
-127.119
-45.6918
-0
-107.537
-112.23
-0
-157.981
-26.4925
-0
-187.551
-0
-0
-199.094
-0
0
-194.048
-13.8274
0
-139.008
-144.352
39.2358
-199.739
-0
58.608
-191.982
-0
71.113
-181.044
-0
69.742
-173.057
-0
90.8762
-139.635
-50.9211
104.549
-155.285
-0
108.059
-127.604
-0
91.8953
-84.4246
-0
46.4929
-28.5346
-0
76.8738
-0
0
77.4442
18.6043
0
109.687
135.557
0
-47.3908
0
0
-69.1741
-17.5474
-0
-47.6172
-84.8937
-7.94623
-46.0296
-3.31644
-155.205
-48.7874
-93.7893
-0
-0
-103.339
-0
-0
-95.1291
-0
0
-115.247
0
78.7663
-136.327
0
115.543
-173.917
0
22.612
-187.048
0
0
-174.637
-0
0
-157.946
-0
0
-116.703
-0
0
-88.1717
-0
0
-93.9534
-0
0
-47.4627
-0
31.7057
-0
0
97.7992
20.9118
0
59.7822
89.0356
0
77.2834
56.5022
53.9099
50.502
53.837
0
132.074
61.6109
0
128.136
0
0
31.8112
-248.488
755.656
-0
-0
0
-0
-73.9923
164.691
-0
-68.7951
159.12
0
-30.8206
90.3541
2.73269
-0
40.6052
33.7252
-0
57.6875
54.2912
-0
61.198
31.4718
0
45.5701
0
0
170.373
49.7537
