-0
-0
0
-0
-0
0
-0
-0
0
-0
-0
0
-172.035
-0
0
-454.422
-0
0
-0
-0
2.97918
0
-0
-0
-0
-0
0
-352.18
-0
0
-443.478
-0
0
-361.518
-0
77.1391
-0
0
0
0
0
-0
-0
0
-0
-0
0
-0
-355.466
0
0
-354.975
-0
0
-358.551
-0
0
-288.818
-0
0
-237.988
-0
0
-0
-0
0
-0
-0
0
-0
0
-0
-0
0
-0
-284.706
0
0
-314.496
-0
0
-335.326
-0
0
-337.513
-0
0
-374.85
-0
0
-297.721
-309.485
0
-371.928
-70.6918
0
-66.3841
-0
0
-0
-0
0
-0
-0
0
0
0
-0
-0
-0
-0
-126.237
-0
-0
-333.44
-0
0
-319.612
-0
0
-340.255
-0
0
-349.356
-0
0
-361.87
-0
0
-254.847
-290.943
0
-397.367
-47.8096
0
-265.13
-394.109
0
-330.969
-34.6011
0
-0
-0
0
-0
-0
0
0
-0
0
0
-0
-0
-0
-0
-0
-0
-0
-0
-261.662
-77.9546
-0
-290.079
-58.179
-0
-298.724
-15.7615
0
-297.396
-34.5149
0
-335.363
-0
0
-288.192
-140.477
0
-287.541
-157.88
0
-297.428
-237.294
0
-275.163
-240.076
0
-326.467
-247.154
0
-111.3
-0
0
-0
-0
0
-0
-0
0
-0
-0
0
0
-0
-0
-0
-0
-0
-0
-0
-0
-9.23438
-335.611
-0
-285.946
-0
-0
-224.362
-101.351
-0
-258.526
-31.6735
-0
-251.747
-33.7646
0
-261.754
-8.85023
0
-239.412
-64.8259
0
-165.582
-215.834
0
-254.634
-67.1661
0
-148.006
-354.278
0
-315.07
-20.6463
0
-161.067
-387.955
0
-112.273
-0
0
-0
-0
0
-0
-0
0
-0
-0
0
675.646
0
0
30.8746
-0
0
0
-0
-0
0
-0
-0
0
-0
-0
-0
-0
-0
-0
-0
-0
-0
-143.717
-0
-0
-243.342
-0
-0
-290.924
-0
-134.248
-124.792
-0
-137.765
-135.799
-0
-199.246
-0.432016
-0
-160.05
-83.9444
-0
-201.913
-0
0
-184.559
-0
0
-159.977
-84.4083
0
-149.349
-84.1329
0
-85.1279
-230.601
0
-148.025
-63.3082
0
-68.764
-225.614
0
-155.148
-0
0
-0
-0
0
-0
-0
0
-0
-0
0
0
-0
0
0
-0
0
48.2417
-0
-0
0
-0
-0
0
-0
-0
-0
-0
-0
-0
-0
-0
-0
-41.4792
-0
-0
-170.46
-0
-0
-210.824
-0
-85.3133
-103.105
-0
-156.448
-0
-0
-161.151
-0
-0
-182.686
-0
-0
-197.913
-0
0
-185.136
-0
0
-176.007
-0
0
-152.78
-0
0
-46.1802
-219.342
0
-131.555
-0
0
-41.894
-0
0
-0
-0
0
-0
-0
0
-0
-0
0
0
-0
0
0
0
0
134.48
0
-87.7885
0
0
-0
0
0
-0
0
0
-0
-0
0
-0
-0
-0
-0
-0
-0
-0
-0
-0
-0
-0
-0
-0
-59.4953
-0
-0
-134.312
-0
-0
-142.868
-0
-0
-117.557
-0
0
-0
-0
0
-0
-0
0
-0
-0
0
-0
-0
0
-0
-0
0
0
-0
0
0
0
0
0
0
0
0
0
0
0
0
0
57.9743
0
0
0
0
0
-0
831.382
-0
-0
0
-0
-0
0
0
-0
54.1336
0
0
0
0
0
0
0
0
0
0
0
0
0
0
0
0
0
0
0
