-0.0943743
-185.697
452.272
-349.843
493.766
31.4795
-209.621
156.029
-217.582
-169.447
-87.0275
166.17
-294.848
-371.221
-156.422
-671.279
356.802
248.132
-476.161
285.385
309.78
23.2586
15.9417
136.141
-271.606
-33.1109
-4.48969
-348.54
-151.611
124.516
-580.606
161.162
-116.075
-533.999
151.413
159.549
-327.372
355.316
239.566
-20.6551
28.1993
80.8971
23.3747
-48.3801
3.50089
-247.695
52.8345
125.291
-199.841
-195.055
22.7523
-527.724
423.18
192.309
-457.532
199.168
-167.824
-323.628
-42.907
-48.3757
-223.575
-182.287
428.569
-402.674
122.938
170.226
-136.372
-146.44
-164.046
-19.5056
90.5556
38.5437
-171.852
-43.2374
-79.894
-179.916
-74.4912
1.58112
-396.259
319.459
-142.797
-420.467
353.628
206.729
-165.776
-331.768
182.99
-231.346
-208.027
-134.485
-429.22
31.3893
114.779
-237.174
-446.006
529.731
-368.948
225.089
171.842
-151.787
-141.006
-241.096
147.924
-370.435
-49.3218
-55.7047
142.209
76.5511
-109.519
-39.2097
-43.397
-366.545
200.506
-77.1889
-222.592
-204.155
-290.248
-442.329
209.514
-49.9422
-247.383
-271.068
45.2955
-441.496
219.435
142.414
-248.234
-289.79
235.766
-232.518
-438.996
372.601
-450.538
125.504
-14.3077
-523.847
232.951
21.8071
-294.459
-308.42
440.87
-46.6738
-162.015
103.629
9.22203
-2.77105
-127.79
44.1963
17.8609
-60.7526
-130.279
171.725
-67.6403
-152.824
-114.299
-130.304
-267.96
-158.192
-69.4732
-446.167
153.193
11.3373
-403.465
36.6902
126.606
-316.474
-226.503
41.0585
-497.318
169.013
24.4091
-267.215
-400.284
44.4287
-225.625
-462.416
323.676
-574.603
346.381
-51.1834
-424.425
-30.758
34.656
-369.504
-150.155
270.863
-420.136
-18.3396
-34.1809
-209.607
-72.1163
65.5512
-142.333
145.937
117.636
55.0685
-164.989
-47.2909
27.4412
129.008
38.3258
-188.727
264.111
-103.406
-129.247
-132.31
-56.7205
-209.96
-137.399
93.947
-250.751
-153.29
31.5508
-359.249
30.7457
4.07002
-158.249
-369.091
113.622
-447.964
313.855
134.818
-165.88
-266.102
110.556
-175.043
-226.41
196.337
-260.354
-13.7211
-349.832
-299.182
56.4549
-71.5811
-187.485
-252.176
62.4882
-415.14
215.84
-176.179
-184.555
-284.032
111.878
-193.193
-277.414
202.846
-337.088
206.718
123.35
-302.529
247.983
-23.1196
245.295
-709.897
-62.8453
-105.061
404.079
137.636
304.402
-314.665
-12.9571
-67.1741
141.838
-53.4593
282.257
-654.178
114.052
-54.7463
16.5462
239.798
-115.117
55.9418
-9.22693
23.8722
-249.167
-82.8636
-160.742
115.378
-204.664
76.0744
-450.454
17.3224
-67.965
-206.535
151.653
-5.24552
-363.279
56.4303
-216.445
75.8351
76.2731
-182.922
-23.0461
10.7241
-112.018
-160.537
-183.619
-43.3154
-288.399
-125.532
-74.2449
-156.812
67.731
-265.496
280.906
-198.691
-107.311
-109.35
149.297
-57.9558
-276.344
44.2925
-262.386
142.295
-82.0447
-127.531
-162.167
176.112
-81.5559
-243.079
87.9354
-117.533
-190.164
16.585
-326.577
226.866
95.9813
-179.342
186.193
328.227
-127.619
299.631
123.491
181.304
-278.916
-209.962
-134.65
246.843
254.089
367.273
-847.627
-4.01263
-214.017
341.029
-147.36
-149.439
123.513
24.7759
-238.236
271.916
-40.3777
112.732
-496.82
157.121
-5.78219
-263.491
97.2696
26.2896
-329.18
-5.49126
-143.012
21.191
38.9282
-62.174
-182.006
17.4881
-413.66
531.715
43.622
-243.407
139.962
21.9017
-114.752
-199.714
-90.2336
-145.397
-178.367
-239.892
-48.2163
-411.29
226.481
-122.749
-243.175
161.549
-408.405
401.899
171.635
-136.015
-137.783
220.432
-179.905
-19.699
73.0138
-87.6206
-166.354
109.196
-164.171
72.9485
93.1442
-190.447
222.663
17.225
79.0311
-267.938
9.03502
-112.212
240.552
336.375
-177.263
571.177
371.158
-303.42
725.06
-173.21
261.363
-593.739
67.0838
-123.217
97.0636
-7.71308
11.4583
-243.49
-58.5707
-132.719
79.1709
-42.6405
45.4303
-320.561
-55.0696
-185.328
146.15
-13.5139
-187.908
181.198
22.3464
-116.462
-14.2252
211.569
-229.701
228.516
264.25
108.33
-552.194
387.063
-143.19
-48.3636
-38.591
-137.275
-22.734
-119.956
-83.975
-92.437
-64.8981
-146.658
135.9
-48.4729
-113.617
134.01
-16.1206
-59.2578
21.0169
-120.438
139.951
-365.307
-98.4811
45.2678
-25.014
170.696
143.797
-105.198
194.005
125.262
-10.2067
-84.2524
33.4579
230.57
6.69537
-225.056
739.511
282.822
499.147
-772.912
200.838
101.12
375.746
479.855
-285.558
740.243
-277.449
-79.2111
230.615
-82.3903
-29.146
109.144
-26.8264
76.3282
-132.69
-35.8764
-91.3196
197.055
5.54651
-109.634
248.884
-11.0314
-97.7884
226.744
86.3718
118.821
-222.525
12.0545
250.344
-488.988
-87.4808
-286.214
679.75
-123.271
