-0
-0
0
-0
-0
0
-0
-0
0
-0
-0
0
-153.531
-0
0
-431.6
-0
0
-0
-0
0
0
-0
-0
-0
-0
0
-335.829
-0
0
-447.396
-0
0
-344.966
-0
44.7049
-0
0
0
0
0
-0
-0
0
-0
-0
0
-0
-336.068
0
0
-360.723
-0
0
-355.088
-0
0
-285.899
-0
0
-226.451
-0
0
-0
-0
0
-0
-0
0
-0
0
-0
-0
0
-0
-271.65
0
0
-318.312
-0
0
-334.041
-0
0
-336.99
-0
0
-373.441
-0
0
-288.276
-325.091
0
-380.345
-36.8106
0
-50.9938
-0
0
-0
-0
0
-0
-0
0
0
0
-0
-0
-0
-0
-104.504
-0
-0
-333.509
-0
0
-316.921
-0
0
-338.849
-0
0
-347.456
-0
0
-359.799
-0
0
-244.726
-312.912
0
-410.196
-22.2341
0
-258.347
-410.089
0
-325.021
-17.2696
0
-0
-0
0
-0
-0
0
0
-0
0
0
-0
-0
-0
-0
-0
-0
-0
-0
-246.35
-65.5355
-0
-287.911
-69.858
-0
-299.207
-10.8268
0
-296.016
-37.5221
0
-334.509
-0
0
-285.767
-144.03
0
-276.267
-177.944
0
-311.376
-208.07
0
-263.927
-261.073
0
-332.999
-231.534
0
-96.9341
-0
0
-0
-0
0
-0
-0
0
-0
-0
0
0
-0
-0
-0
-0
-0
-0
-0
-0
-0
-317.604
-0
-270.831
-20.7849
-0
-226.721
-96.4399
-0
-254.828
-36.9863
0
-250.742
-33.2475
0
-261.382
-6.62913
0
-232.306
-77.811
0
-159.252
-223.949
0
-261.102
-54.3395
0
-147.677
-350.661
0
-307.889
-38.0856
0
-168.331
-366.916
0
-93.1804
-0
0
-0
-0
0
-0
-0
0
-0
-0
0
679.617
0
0
28.3401
-0
0
0
-0
-0
0
-0
-0
0
-0
-0
0
-0
-0
-0
-0
-0
-0
-102.872
-0
-0
-254.101
-0
-0
-279.756
-0
-112.617
-158.778
-0
-145.878
-118.873
-0
-195.087
-7.19409
-0
-159.144
-85.9859
-0
-201.307
-0
0
-184.252
-0
0
-156.383
-90.9754
0
-136.587
-109.426
0
-103.424
-192.031
0
-133.911
-93.0911
0
-78.2953
-202.005
0
-142.346
-0
0
-0
-0
0
-0
-0
0
-0
-0
0
0
-0
0
0
-0
0
44.8069
-0
-0
0
-0
-0
0
-0
-0
-0
-0
-0
-0
-0
-0
-0
-4.13195
-0
-0
-174.666
-0
-0
-204.37
-0
-64.3605
-121.087
-0
-158.857
-0
-0
-160.358
-0
-0
-180.722
-0
-0
-197.787
-0
0
-184.921
-0
0
-174.985
-0
0
-133.547
-40.3522
0
-65.5296
-169.802
0
-129.261
-0
0
-26.7923
-0
0
-0
-0
0
-0
-0
0
-0
-0
0
0
-0
0
0
0
0
119.616
0
-85.6277
0
0
-0
0
0
-0
0
0
-0
-0
0
-0
-0
-0
-0
-0
-0
-0
-0
-0
-0
-0
-0
-0
-35.3914
-0
-0
-132.887
-0
-0
-139.779
-0
-0
-97.5948
-0
0
-0
-0
0
-0
-0
0
-0
-0
0
-0
-0
0
-0
-0
0
0
0
0
0
0
0
0
0
0
0
0
0
0
0
0
48.7009
0
0
0
0
0
-0
786.873
-0
-0
0
-0
-0
0
0
-0
37.6687
0
0
0
0
0
0
0
0
0
0
0
0
0
0
0
0
0
0
0
