-1.47812
-182.906
449.788
-348.492
490.284
29.8063
-210.762
155.642
-212.995
-169.761
-86.0666
165.219
-296.084
-368.213
-156.405
-667.748
349.098
250.329
-476.916
287.796
308.777
22.5777
17.0471
135.381
-272.425
-31.4989
-5.87323
-348.198
-152.14
123.396
-576
155.038
-118.458
-532.326
150.566
162.02
-327.425
356.83
242.282
-20.5828
28.2471
81.0623
21.9448
-45.535
3.40549
-249.216
55.1208
124.69
-203.522
-187.922
16.9598
-521.179
407.998
188.882
-455.805
194.019
-164.826
-325.952
-39.6743
-42.1144
-228.226
-173.259
430.082
-401.997
119.456
169.162
-137.719
-144.779
-163.505
-20.2635
92.2857
39.1402
-175.739
-34.564
-81.2379
-182.606
-70.9124
4.31378
-390.948
305.632
-141.091
-416.188
339.802
206.576
-170.636
-324.099
182.865
-236.543
-199.056
-132.242
-431.02
35.2643
115.048
-238.124
-444.033
523.821
-365.562
217.691
171.373
-151.643
-141.239
-237.213
144.53
-361.397
-51.9006
-52.5748
135.54
74.5258
-112.013
-34.0659
-46.1789
-365.255
197.232
-73.5852
-224.734
-199.351
-284.269
-434.295
193.875
-44.2741
-246.528
-270.447
43.8704
-439.982
216.404
137.847
-252.819
-278.452
232.289
-234.089
-433.038
367.826
-448.444
122.632
-11.7639
-518.804
223.149
22.6625
-296.625
-302.793
434.539
-46.7692
-161.353
104.182
11.6916
-6.33208
-124.085
44.5936
17.7491
-61.1131
-129.848
169.931
-66.4027
-155.84
-108.038
-131.671
-267.67
-159.447
-68.471
-443.557
148.053
10.9359
-401.919
33.8006
128.927
-314.615
-226.815
38.8433
-492.356
161.011
24.3971
-271.549
-388.202
44.0281
-229.734
-452.865
317.117
-571.352
338.809
-49.0775
-422.315
-35.544
37.1113
-371.445
-144.876
269.222
-420.798
-18.3729
-33.127
-209.737
-73.3879
63.7873
-137.715
135.915
116.791
52.0518
-157.75
-44.1736
27.8867
128.513
39.1988
-186.938
258.466
-101.162
-133.148
-124.155
-57.8868
-211.002
-135.417
92.6998
-250.295
-153.517
29.3231
-353.959
20.8686
5.9774
-163.26
-357.963
110.571
-441.3
298.591
136.036
-169.406
-259.776
108.877
-177.821
-222.435
192.787
-264.682
-6.76357
-341.309
-298.265
52.951
-70.7406
-189.88
-248.406
58.8387
-411.101
205.233
-173.166
-190.612
-273.153
114.349
-196.567
-271.64
201.289
-332.794
196.369
118.358
-299.533
239.855
-25.1666
240.939
-701.141
-59.9421
-105.429
404.44
137.911
305.37
-314.911
-13.0528
-67.0991
141.833
-53.197
280.927
-651.205
112.623
-53.4884
14.2485
238.297
-111.421
48.2627
-6.73771
21.5621
-244.381
-78.9384
-157.786
108.946
-201.286
70.9707
-439.153
14.8153
-68.6461
-205.217
148.65
-9.66075
-353.951
53.717
-212.666
68.0662
74.2343
-176.956
-35.0352
8.53704
-110.36
-164.727
-174.472
-46.3585
-282.135
-122.337
-76.5527
-153.358
66.1796
-264.725
277.737
-195.777
-109.401
-105.63
145.098
-61.8951
-267.247
44.3988
-256.726
130.626
-76.8077
-127.939
-160.663
175.716
-84.4398
-237.027
84.8287
-122.353
-179.973
17.4947
-321.941
217.25
97.9985
-178.469
183.577
324.548
-125.211
293.138
117.951
177.144
-270.169
-210.484
-133.186
242.708
253.487
362.886
-838.816
-3.99583
-208.225
328.522
-146.411
-144.824
114.307
25.7758
-237.136
270.036
-38.3852
105.112
-479.726
154.117
-5.59307
-262.962
96.3138
21.4765
-318.467
-5.322
-143.414
21.8786
39.3319
-61.4223
-183.689
17.5345
-399.297
501.704
46.5137
-240.785
134.567
18.7778
-117.004
-193.72
-87.3715
-149.199
-168.717
-234.447
-52.915
-399.156
221.675
-124.886
-237.211
158.543
-397.276
379.882
172.047
-136.145
-135.423
220.123
-179.369
-18.635
73.9
-92.7861
-153.901
111.637
-161.707
68.638
94.164
-186.71
216.389
18.5107
75.3572
-258.295
9.93834
-113.937
245.255
332.937
-169.859
556.275
367.046
-293.753
706.284
-175.084
252.636
-575.286
62.0119
-121.5
93.3421
-8.17044
6.93113
-234.129
-57.5919
-130.166
73.5045
-40.6645
40.1142
-309.495
-51.4951
-179.869
135.158
-9.51513
-181.622
169.202
20.7819
-119.411
-7.42685
207.215
-219.885
208.18
258.218
98.8552
-532.334
383.095
-147.333
-39.851
-34.9431
-137.244
-22.5764
-114.735
-84.8246
-90.4068
-66.8982
-142.08
126.612
-53.3328
-107.925
122.083
-16.3257
-58.5761
19.7377
-115.532
129.79
-343.873
-93.4381
45.4306
-24.1121
166.74
142.072
-101.239
189.835
130.038
-19.0771
-79.1056
30.1588
238.096
9.99508
-211.635
711.601
282.557
485.367
-743.688
201.153
109.554
357.499
479.485
-284.957
736.878
-278.959
-78.635
228.036
-83.6944
-31.2111
112.526
-27.7229
68.1182
-116.274
-33.2221
-86.6646
187.316
7.76034
-102.611
233.527
-12.189
-96.879
224.262
81.3067
112.364
-210.065
10.0834
237.532
-462.948
-84.3936
-275.083
655.317
-119.375
