0.371031
-186.64
453.118
-350.305
494.943
32.0461
-209.227
156.169
-219.151
-169.335
-87.3678
166.508
-294.442
-372.23
-156.398
-672.512
359.472
247.363
-475.904
284.536
310.089
23.4996
15.5502
136.403
-271.3
-33.7139
-3.98556
-348.678
-151.386
124.933
-582.225
163.333
-115.232
-534.596
151.738
158.663
-327.333
354.725
238.578
-20.6796
28.1842
80.8379
23.8808
-49.3873
3.5405
-247.132
51.9726
125.505
-198.579
-197.493
24.7884
-530.031
428.53
193.513
-458.152
201.002
-168.85
-322.817
-44.0381
-50.5712
-221.938
-185.476
427.973
-402.887
124.098
170.605
-135.916
-146.992
-164.21
-19.2284
89.9296
38.3359
-170.461
-46.3291
-79.4187
-178.994
-75.705
0.635844
-398.136
324.337
-143.369
-421.985
358.512
206.775
-164.089
-334.407
183.015
-229.51
-211.196
-135.261
-428.538
29.9248
114.648
-236.86
-446.636
531.745
-370.086
227.596
172.012
-151.829
-140.922
-242.4
149.093
-373.54
-48.41
-56.7857
144.509
77.2568
-108.641
-41.0302
-42.4185
-366.962
201.574
-78.4483
-221.863
-205.793
-292.333
-445.163
215.041
-51.939
-247.724
-271.178
45.7701
-442.003
220.454
144.015
-246.616
-293.771
236.994
-231.979
-441.035
374.232
-451.243
126.431
-15.2268
-525.566
236.279
21.5088
-293.694
-310.405
443.065
-46.6538
-162.214
103.486
8.3448
-1.48215
-129.044
44.0568
17.8969
-60.625
-130.424
172.329
-68.062
-151.769
-116.496
-129.801
-268.067
-157.743
-69.811
-447.057
154.944
11.4516
-404.02
37.7302
125.754
-317.179
-226.268
41.793
-499.051
171.803
24.4074
-265.695
-404.512
44.5821
-224.203
-465.716
325.938
-575.696
348.926
-51.861
-425.203
-29.0103
33.8477
-368.784
-152.106
271.388
-419.888
-18.3867
-34.5571
-209.57
-71.6703
66.1325
-143.949
149.441
117.943
56.0897
-167.441
-48.3286
27.2775
129.185
38.0287
-189.332
266.025
-104.167
-127.894
-135.138
-56.3018
-209.58
-138.121
94.3722
-250.927
-153.167
32.3319
-361.111
34.2368
3.38403
-156.527
-372.916
114.63
-450.296
319.183
134.381
-164.675
-268.264
111.14
-174.068
-227.821
197.552
-258.801
-16.2599
-352.729
-299.501
57.6663
-71.8545
-186.679
-253.438
63.7674
-416.551
219.547
-177.18
-182.424
-287.869
110.974
-192.023
-279.424
203.367
-338.556
210.247
125.059
-303.567
250.786
-22.3905
246.732
-712.774
-63.8332
-104.914
403.912
137.527
304.052
-314.514
-12.9017
-67.157
141.749
-53.5436
282.66
-655.084
114.536
-55.1402
17.2542
240.297
-116.399
58.6038
-10.0791
24.684
-250.85
-84.2092
-161.756
117.587
-205.798
77.8256
-454.333
18.1836
-67.7171
-207.011
152.66
-3.69511
-366.545
57.3683
-217.775
78.5722
76.967
-185.042
-18.781
11.4744
-112.612
-159.045
-186.789
-42.2708
-290.559
-126.654
-73.4339
-158.044
68.2739
-265.713
281.888
-199.623
-106.589
-110.646
150.75
-56.5728
-279.546
44.2569
-264.397
146.432
-83.8556
-127.389
-162.692
176.217
-80.5565
-245.176
89.0474
-115.834
-193.756
16.275
-328.185
230.197
95.2915
-179.649
187.1
329.446
-128.485
301.939
125.385
182.742
-281.943
-209.752
-135.157
248.276
254.294
368.755
-850.604
-4.01141
-215.994
345.301
-147.666
-151.025
126.676
24.4211
-238.58
272.491
-41.0592
115.357
-502.704
158.151
-5.89693
-263.566
97.5922
27.9645
-332.903
-5.55977
-142.808
20.8209
38.7744
-62.4877
-181.315
17.4815
-418.69
542.218
42.6078
-244.304
141.803
22.9961
-113.987
-201.762
-91.1825
-144.03
-181.816
-241.743
-46.541
-415.59
228.133
-121.997
-245.259
162.638
-412.289
409.593
171.501
-136.017
-138.504
220.518
-180.092
-20.0685
72.7083
-85.771
-170.788
108.31
-165.028
74.4614
92.791
-191.726
224.812
16.7651
80.251
-271.162
8.73787
-111.586
238.863
337.552
-179.827
576.343
372.56
-306.745
731.527
-172.552
264.391
-600.134
68.8218
-123.817
98.3675
-7.57203
13.0055
-246.691
-58.9078
-133.608
81.1465
-43.3063
47.3134
-324.478
-56.3116
-187.239
149.998
-14.9183
-190.14
185.461
22.9138
-115.388
-16.6876
213.103
-233.119
235.604
266.35
111.633
-559.111
388.435
-141.687
-51.4378
-39.8318
-137.273
-22.8056
-121.802
-83.6724
-93.1403
-64.196
-148.309
139.266
-46.7423
-115.648
138.28
-16.0643
-59.4731
21.43
-122.173
143.575
-372.939
-100.271
45.209
-25.3156
172.076
144.419
-106.618
195.46
123.506
-6.91723
-86.0244
34.6935
227.775
5.55626
-229.751
749.277
282.916
503.965
-783.123
200.724
98.1797
382.127
479.98
-285.731
741.339
-276.897
-79.429
231.552
-81.9698
-28.4287
107.969
-26.5257
79.2354
-138.506
-36.8279
-92.9888
200.543
4.75021
-112.165
254.407
-10.6018
-98.0684
227.534
88.1719
121.088
-226.9
12.7625
254.858
-498.168
-88.5667
-290.125
688.329
-124.637
