-0
-156.155
0
-119.027
-0
0
-0
-0
56.4959
-0
-149.433
0
-437.494
-0
90.0997
-523.032
-0
0
-272.272
-0
162.534
0
-0
-0
-140.551
-0
0
-387.256
-0
0
-405.68
-0
80.4342
-437.897
-0
45.6861
-80.236
0
150.187
0
7.4725
-239.032
-0
0
-0
-199.326
0
-0
-351.82
0
0
-371.96
0
0
-380.632
-0
118.705
-342.518
-0
104.891
-284.376
-0
10.0416
-255.219
-0
0
-0
-0
0
-0
76.2974
-0
-147.008
0
-0
-307.685
0
0
-303.17
0
0
-323.816
-0
0
-353.076
-0
0
-376.945
-0
25.4254
-395.471
-134.61
10.8348
-273.275
-461.748
134.186
-269.744
-0
0
-42.9623
-0
0
-0
-0
0
0
-0
0
-67.8472
-0
-0
-277.411
-0
-0
-309.911
-0
-0
-327.241
-0
0
-345.758
-19.5412
0
-373.025
-10.3558
0
-393.948
-0
9.78584
-301.497
-241.048
121.502
-350.984
-123.462
0
-354.179
-183.308
0
-346.843
-272.577
125.49
-73.0929
-0
8.55013
-0
-0
0
0
-0
0
0
-0
-0
-0
-0
-0
-284.954
-59.1512
-0
-250.49
-188.559
-0
-342.144
-0
0
-299.617
-69.3519
0
-316.42
-39.7872
0
-351.843
-1.82173
0
-296.643
-156.352
23.3632
-294.897
-185.085
0
-353.15
-120.397
29.0667
-273.21
-283.207
44.1334
-344.139
-212.864
0
-234.637
-38.4354
0
-0
-0
0
-0
-0
0
0
-0
0
0
-0
-0
-0
-0
-0
-135.756
-184.093
-0
-238.031
-90.3626
-0
-238.329
-102.447
-0
-268.447
-61.2918
-0
-273.498
-36.596
0
-278.173
-16.3115
0
-273.464
-25.7684
0
-251.019
-75.7711
0
-223.219
-122.169
0
-225.192
-186.389
0
-234.09
-194.045
0
-284.141
-105.904
0
-277.469
-126.449
0
-147.823
-225.486
0
-80.4422
-71.7067
0
-0
-0
0
0
-0
0
467.636
-0
0
29.5909
-0
0
0
-0
-0
0
-0
-0
0
-235.057
-0
-0
-180.455
-0
-0
-148.029
-0
-0
-259.213
-0
-146.072
-40.81
-0
-59.747
-279.566
-0
-169.807
-60.6336
-0
-132.328
-142.359
-0
-186.653
-51.9599
-0
-178.565
-54.2741
0
-205.528
-0
0
-186.379
-14.9226
0
-189.803
-38.9851
0
-140.54
-124.274
0
-144.418
-122.007
0
-104.934
-177.184
0
-185.632
-0
0
-159.933
-82.5613
0
-142.92
-88.3799
0
-0
-0
0
-0
-0
0
0
-0
0
0
0
0
51.8302
-0
-0
0
-0
-0
-0
-12.2008
-0
-0
-221.492
-0
-0
-203.61
-0
-109.086
-57.2299
-0
-96.5338
-105.444
-0
-108.162
-96.691
-0
-114.257
-106.436
-0
-146.019
-64.2808
-0
-176.064
-0
-0
-189.67
-0
0
-199.107
-0
0
-185.85
-0
0
-176.417
-0
23.7378
-163.047
-1.92135
34.7715
-115.717
-106.252
12.5259
-105.548
-111.409
0
-143.726
-0
0
-118.782
-0
4.26006
-18.6714
-0
25.0538
-0
-0
16.6979
-0
-0
8.76877
0
0
0
310.046
0
-42.5389
0
0
-0
0
-0
-0
-0
-0
-53.4538
-0
-0
-18.1152
-0
-0
-0
-47.656
-0
-0
-68.3403
-0
-0
-99.7723
0
-0
-134.303
0
0
-167.327
0
0
-188.829
-0
0
-156.588
-0
0
-140.047
-0
0
-95.9248
-0
0
-79.1924
-0
0
-30.9018
-0
0
-0
-0
0
-0
0
8.56116
0
0
17.7826
0
0
50.5618
25.9461
0
17.7176
54.1155
0
0
0
0
0
0
0
0
-0
953.896
-0
-0
0
-0
-0
72.4055
-0
-0
100.528
0
-0
95.8692
0
-0
82.0365
0
0
94.0924
0
0
10.8634
13.8857
0
0
4.66507
83.8431
0
0
