-94.5249
-132.269
13.1627
-130.835
-119.375
21.0934
-44.2774
-90.4248
141.454
-93.514
-52.9026
32.1755
-267.071
-83.5556
55.5442
-313.232
-75.6728
60.8662
-191.303
-40.0748
109.404
29.7678
27.8211
-32.09
-174.843
-18.6053
10.9479
-293.654
-52.2317
28.1298
-336.375
-52.788
47.8691
-310.961
-27.4334
74.8087
-171.003
19.259
116.114
112.2
95.8886
-98.7197
-39.8359
60.3289
-23.8384
-177.305
16.4258
-3.06294
-267.588
-10.0638
13.0073
-311.484
-21.4468
31.4329
-323.867
-24.0939
54.7177
-308.297
-29.2574
79.471
-266.881
-41.2091
94.7748
-217.583
-51.5522
66.2218
-105.808
-16.3116
17.8412
-21.1729
103.587
-14.7938
-157.682
39.1158
7.04179
-238.433
0.480527
15.4838
-281.375
-23.0701
25.4005
-306.268
-43.0511
37.3351
-321.583
-63.8874
51.9379
-331.156
-91.8843
62.2586
-335.406
-122.475
72.5184
-300.615
-130.541
72.2164
-207.683
-101.549
47.9882
-113.032
-69.4033
13.4175
-7.89576
-24.4583
-14.7421
57.1848
1.19495
-25.3383
-111.872
24.6387
-8.41605
-207.624
-27.9467
-0.00303119
-253.884
-57.6703
5.70144
-275.246
-73.8308
12.8393
-290.011
-86.4292
22.469
-301.916
-96.8622
33.7094
-312.565
-109.441
44.6955
-319.271
-123.053
53.1106
-315.515
-134.729
58.9544
-297.666
-144.506
62.9857
-243.783
-137.768
60.9532
-111.377
-89.9823
48.4168
2.93859
-47.4486
27.6464
98.2058
-5.31887
24.4152
74.9727
37.7271
-9.79136
-81.3624
-33.2798
-19.3149
-182.264
-78.8094
-20.7482
-230.465
-101.142
-14.0813
-249.895
-110.628
-5.51805
-254.653
-114.959
2.27463
-259.147
-120.07
10.4225
-266.694
-128.253
19.4439
-276.449
-137.053
28.5849
-287.874
-146.387
38.5877
-295.666
-154.185
46.9834
-289.53
-154.951
52.0593
-261.158
-144.463
53.2759
-174.221
-105.864
49.8534
-73.3636
-59.7474
40.4922
9.82815
-24.457
32.5763
77.5886
-1.58744
33.1436
48.8938
-2.51025
-15.0571
-64.3142
-54.5971
-26.1562
-135.961
-88.3034
-28.8578
-180.644
-107.679
-25.0884
-202.742
-117.891
-19.1514
-213.201
-122.455
-11.9197
-216.284
-123.626
-5.28055
-216.304
-123.703
1.53606
-217.189
-124.106
8.77655
-219.561
-125.574
15.7351
-223.382
-128.208
22.2572
-232.167
-134.326
28.8873
-235.839
-139.479
36.5444
-227.465
-139.419
43.003
-201.223
-130.992
46.7251
-148.536
-108.738
43.9648
-88.718
-79.3155
38.4518
-12.3824
-40.5239
38.3998
72.9245
0.886894
62.2586
170.055
-10.3655
-16.3494
125.659
-51.0886
-6.18998
72.2409
-86.6601
-1.20311
37.3829
-102.165
-5.10775
2.74336
-110.986
-17.1452
-24.1045
-113.501
-24.7406
-49.961
-116.947
-24.1873
-77.8968
-124.246
-24.2504
-103.808
-128.972
-22.4132
-125.572
-129.964
-18.4645
-142.019
-128.557
-13.8068
-153.123
-125.886
-8.91728
-161.603
-122.056
-4.94301
-166.001
-117.013
-0.987864
-167.28
-111.51
2.65181
-167.204
-106.33
5.87277
-168.619
-102.462
8.19442
-168.109
-97.6317
10.4638
-165.968
-92.2006
12.3822
-161.513
-84.9213
14.13
-156.363
-76.6661
16.4765
-147.887
-67.4184
19.9005
-125.09
-51.9193
26.4698
-69.4189
-23.2465
31.9596
-7.06111
7.9165
37.8481
43.0106
31.4612
60.293
66.507
39.9832
89.3337
92.4323
-14.9478
-75.5927
37.8861
-55.7198
-40.9615
-7.95625
-82.9942
-8.88618
-39.5955
-93.9938
6.47263
-60.9058
-97.9153
10.8908
-76.2481
-99.7038
13.0743
-86.7093
-99.7863
13.7463
-96.5776
-101.151
13.4211
-106.106
-102.623
11.7044
-115.244
-102.141
9.66738
-123.109
-100.876
8.77403
-129.591
-98.6353
8.65863
-133.56
-94.0923
8.96993
-134.73
-88.079
9.5778
-134.744
-81.7586
10.4136
-132.047
-74.6462
11.7831
-128.604
-66.0986
14.0269
-122.932
-57.7478
16.0974
-112.909
-47.4899
17.6064
-94.6093
-32.5059
19.7352
-69.6056
-13.9591
22.748
-41.8742
6.29758
26.295
-10.287
28.2079
33.4519
24.9385
47.9702
50.8672
96.3735
69.6687
-80.1295
44.9796
34.011
-52.4445
3.54595
5.33853
-35.7356
-22.8837
-13.4293
-26.5942
-36.6564
-23.6223
-18.0308
-47.1097
-32.681
-10.5746
-54.6352
-36.5271
-3.29174
-61.537
-37.8822
4.64371
-73.0953
-40.0579
10.4592
-87.4034
-43.0666
13.7528
-103.871
-47.2018
13.505
-113.512
-47.5354
11.8165
-113.531
-44.6914
8.93874
-104.918
-38.6439
5.75444
-90.0514
-30.7676
3.65092
-75.2684
-22.9868
3.84819
-61.744
-15.7152
7.19018
-41.1791
-6.43046
11.109
-12.0821
7.75762
16.8501
14.8632
22.5298
24.5601
32.7843
34.6389
34.3309
37.42
41.0961
41.6271
37.3806
41.7499
47.2387
37.0976
39.6288
48.5161
31.9606
34.5772
45.7724
-4.52511
73.1692
5.09119
-15.0154
63.9721
8.5613
-19.2596
60.0287
10.5482
-17.8754
60.1601
9.35717
-12.5782
59.9288
7.04924
-4.52722
60.0342
7.11514
5.48791
60.383
8.43392
16.3736
60.3034
9.26969
28.3063
60.1408
12.4489
46.2399
61.9802
19.1326
