0.315783
-186.528
453.017
-350.25
494.803
31.9787
-209.274
156.152
-218.964
-169.348
-87.3269
166.467
-294.49
-372.111
-156.402
-672.364
359.153
247.455
-475.934
284.637
310.053
23.4706
15.5972
136.371
-271.338
-33.6407
-4.04649
-348.661
-151.414
124.882
-582.031
163.072
-115.334
-534.524
151.698
158.769
-327.338
354.798
238.698
-20.6767
28.186
80.845
23.82
-49.2663
3.53559
-247.2
52.0775
125.479
-198.73
-197.202
24.5442
-529.754
427.888
193.369
-458.077
200.782
-168.727
-322.914
-43.9026
-50.3081
-222.134
-185.093
428.046
-402.863
123.961
170.559
-135.97
-146.926
-164.191
-19.262
90.0052
38.3608
-170.628
-45.9572
-79.4758
-179.104
-75.5606
0.74877
-397.911
323.752
-143.301
-421.803
357.926
206.77
-164.291
-334.092
183.012
-229.731
-210.815
-135.169
-428.621
30.1032
114.665
-236.897
-446.562
531.505
-369.951
227.297
171.991
-151.824
-140.932
-242.246
148.954
-373.169
-48.5195
-56.6566
144.234
77.1724
-108.746
-40.8116
-42.5358
-366.913
201.448
-78.2975
-221.95
-205.598
-292.084
-444.823
214.377
-51.6995
-247.682
-271.168
45.7139
-441.943
220.333
143.823
-246.81
-293.293
236.847
-232.043
-440.792
374.038
-451.159
126.322
-15.116
-525.362
235.883
21.5445
-293.786
-310.166
442.802
-46.6559
-162.191
103.502
8.45022
-1.63767
-128.895
44.0735
17.8927
-60.6403
-130.407
172.257
-68.0118
-151.895
-116.232
-129.862
-268.054
-157.797
-69.7709
-446.951
154.736
11.4386
-403.953
37.6049
125.857
-317.093
-226.3
41.7061
-498.843
171.469
24.4077
-265.877
-404.006
44.5634
-224.373
-465.322
325.667
-575.567
348.624
-51.7815
-425.109
-29.2216
33.9432
-368.871
-151.87
271.326
-419.919
-18.3794
-34.5119
-209.574
-71.7238
66.0638
-143.755
149.021
117.906
55.9683
-167.15
-48.2058
27.2973
129.164
38.064
-189.26
265.798
-104.076
-128.056
-134.8
-56.3522
-209.626
-138.034
94.3216
-250.905
-153.183
32.2383
-360.888
33.8177
3.46669
-156.732
-372.459
114.51
-450.017
318.545
134.434
-164.819
-268.006
111.07
-174.185
-227.652
197.407
-258.988
-15.9531
-352.384
-299.463
57.5216
-71.8223
-186.775
-253.289
63.6141
-416.382
219.103
-177.061
-182.68
-287.409
111.083
-192.163
-279.184
203.305
-338.382
209.826
124.856
-303.443
250.451
-22.4782
246.562
-712.434
-63.7156
-104.932
403.933
137.541
304.095
-314.534
-12.9089
-67.1601
141.762
-53.5337
282.614
-654.979
114.478
-55.0942
17.1719
240.238
-116.246
58.2857
-9.97758
24.5867
-250.648
-84.0488
-161.635
117.323
-205.664
77.6168
-453.87
18.0809
-67.7471
-206.953
152.541
-3.88096
-366.154
57.2563
-217.615
78.2439
76.8844
-184.787
-19.2937
11.3849
-112.54
-159.224
-186.41
-42.3954
-290.301
-126.519
-73.5311
-157.895
68.2089
-265.688
281.774
-199.514
-106.675
-110.49
150.576
-56.7386
-279.162
44.2611
-264.155
145.935
-83.6392
-127.406
-162.629
176.205
-80.676
-244.925
88.9135
-116.038
-193.325
16.3119
-327.993
229.799
95.3737
-179.612
186.991
329.302
-128.381
301.661
125.159
182.57
-281.581
-209.778
-135.097
248.104
254.269
368.579
-850.25
-4.01175
-215.758
344.792
-147.63
-150.836
126.299
24.4637
-238.54
272.424
-40.978
115.044
-502.002
158.028
-5.88189
-263.56
97.5539
27.7641
-332.458
-5.5513
-142.834
20.8688
38.7932
-62.4488
-181.401
17.4821
-418.087
540.96
42.7294
-244.197
141.584
22.865
-114.078
-201.518
-91.0703
-144.195
-181.401
-241.522
-46.7425
-415.074
227.936
-122.087
-245.009
162.506
-411.824
408.672
171.517
-136.016
-138.421
220.508
-180.069
-20.0243
72.7448
-85.9937
-170.255
108.417
-164.925
74.2801
92.8332
-191.573
224.556
16.8204
80.1066
-270.78
8.77298
-111.662
239.066
337.412
-179.521
575.725
372.393
-306.348
730.755
-172.631
264.029
-599.37
68.6147
-123.745
98.2113
-7.58843
12.8211
-246.31
-58.8676
-133.502
80.91
-43.2272
47.0872
-324.008
-56.1631
-187.01
149.537
-14.7499
-189.872
184.949
22.8453
-115.518
-16.3905
212.919
-232.71
234.755
266.099
111.238
-558.283
388.271
-141.869
-51.067
-39.6842
-137.273
-22.7965
-121.581
-83.7088
-93.0563
-64.2802
-148.11
138.86
-46.9504
-115.403
137.766
-16.0706
-59.4479
21.3815
-121.965
143.139
-372.021
-100.056
45.2161
-25.2798
171.91
144.344
-106.447
195.286
123.719
-7.31623
-85.8129
34.5433
228.114
5.69227
-229.189
748.107
282.904
503.388
-781.901
200.738
98.5316
381.363
479.965
-285.711
741.21
-276.964
-79.4024
231.439
-82.0192
-28.5144
108.109
-26.5614
78.8863
-137.807
-36.7134
-92.7878
200.123
4.84616
-111.86
253.741
-10.6539
-98.0359
227.441
87.9555
120.816
-226.375
12.6772
254.316
-497.067
-88.4365
-289.656
687.3
-124.474
