-88.69
-59.1215
208.363
-298.535
324.605
-1.82417
-226.336
49.4613
60.6008
-158.261
-102.785
143.5
-439.828
-61.5461
0
-531.199
-0
122.395
-475.503
230.609
258.133
14.1042
-0
73.0466
-248.201
-38.0518
0.981676
-403.501
-0
23.6611
-433.886
-0
0
-444.399
46.597
70.8502
-298.71
258.563
271.993
0.930359
11.1637
0
-21.9092
53.2733
24.7655
-250.599
31.6608
0
-353.042
72.7759
-0
-391.508
79.7377
13.9991
-391.296
10.8293
66.0361
-407.232
74.0736
70.2192
-336.447
0
305.276
-337.122
-99.791
123.236
-204.303
-39.8639
-48.97
-49.5653
165.546
16.8746
-222.575
37.2447
0
-327.429
131.167
23.2676
-312.066
0.820254
48.2794
-333.036
0
77.8495
-358.45
-0
145.32
-356.16
-35.4178
0
-425.601
-22.3219
39.6524
-330.987
-254.113
153.369
-210.818
-115.288
75.1371
-80.2193
-279.517
-0
0
-0
-0
21.8016
0
0
-165.678
18.3287
0
-294.038
0
0
-322.248
-0
0
-324.718
-0
1.99447
-276.488
-130.767
0
-343.868
-0
0
-363.125
-0
134.784
-378.302
-35.429
118.177
-377.101
-63.6569
0
-299.358
-297.478
71.5441
-328.339
-285.41
179.622
-144.802
-0
58.3046
-0
-0
0
0
-0
-0
-27.6263
-0
-0
-187.485
-47.883
-0
-289.313
-116.9
-5.69875
-358.495
-0
-0
-367.71
-0
0
-354.91
-3.92946
2.32939
-337.584
-48.3374
0
-328.368
-135.175
38.0616
-352.792
-111.756
53.7899
-419.566
-0
130.89
-414.766
-54.0796
236.087
-301.01
-279.495
148.224
-389.391
-137.62
0
-275.821
-0
0
-90.4098
-0
0
-4.61943
-0
0
5.73119
21.387
0
-22.5749
-40.3042
0
-151.308
-78.3251
0
-194.528
-136.355
0
-276.479
-41.2546
0
-298.706
-19.4114
0
-316.216
-0
10.1747
-309.545
-7.28081
23.8429
-243.463
-134.539
70.4239
-267.198
-84.9648
58.8073
-263.856
-92.2684
31.6129
-264.502
-66.8546
5.55527
-259.663
-119.208
0
-313.308
-0
0
-256.481
-125.692
24.1976
-302.808
-25.5576
29.5409
-173.484
-121.15
0
-89.4389
-199.21
-0
-29.8769
-26.7765
0
45.9172
0
26.0685
342.509
-79.7099
18.322
48.9692
-100.005
0
77.3823
-212.656
13.6246
44.9586
-186.343
40.1616
5.94624
-213.912
10.9292
0
-223.216
0
-11.8527
-204.742
-0
-53.1584
-167.801
-0
-61.2184
-211.992
-0
-93.5413
-165.359
-0
-137.538
-85.3395
-0
-157.089
-65.4011
-0
-170.34
-49.4609
0
-118.549
-140.522
34.3378
-107.168
-139.274
33.6194
-143.56
-41.522
20.8185
-158.911
-27.9386
0.665464
-136.821
-77.0306
0.293755
-177.808
-0
0
-143.048
-73.081
0
-177.781
-0
0
-164.897
-61.6931
17.8798
-183.788
-55.3805
109.97
-86.2793
-0
50.9114
0
0
41.0455
43.5006
0
0
0
-0
236.867
49.7283
-171.683
-0
-0
-143.345
-0
-0
-207.335
56.9978
-122.035
-0
41.3252
-64.6609
-129.112
0
-63.4478
-152.573
0
-94.7248
-83.7946
0
-83.5113
-131.423
-0
-158.12
-2.34659
0
-175.309
-0
0
-186.636
-0
0
-150.245
-89.3887
0
-130.786
-147.77
1.46859
-196.132
-0
29.4162
-193.61
-0
63.79
-184.25
-0
68.3091
-175.806
-0.000256404
88.5042
-159.812
-21.4534
107.252
-159.566
-0
127.453
-130.522
-0
111.163
-83.1575
-0
52.6646
-41.246
-0
119.774
-0
0
129.312
0
150.683
137.938
57.2322
93.1518
-146.345
-0
-0
-83.1202
-55.9326
-0
-44.1523
-65.4618
-71.9724
-51.6093
-37.1001
-115.865
-40.1285
-82.2409
-44.8545
-4.31437
-114.668
-0
0
-99.5147
-0
31.8915
-120.114
-0
100.26
-134.365
0
125.687
-174.665
0
55.8263
-187.74
0
0
-175.806
-0
-0
-158.83
-0
0
-116.895
-0
0
-89.1043
-0
0
-91.3238
-0
0
-65.664
-0
22.1735
0
-0
96.6569
50.0825
0
37.2164
90.1093
0
63.5797
52.6123
77.7017
67.764
28.3503
62.2828
191.61
88.7848
0
151.914
24.6684
0
203.12
-381.099
911.877
-30.0277
-0
0
-86.9573
-7.88954
22.6716
-0
-61.9609
127.348
0
-27.2842
69.0131
34.5041
-72.5136
174.229
29.7561
-24.2324
95.7349
38.0132
-0
35.2958
19.8204
-0
32.2574
0
-0
153.558
71.3678
