-97.9345
-53.6059
255.842
-282.809
287.24
0
-301.142
166.078
28.5853
-155.878
-114.011
153.974
-417.089
-107.803
-0.881671
-528.071
0
187.439
-521.023
335.539
232.58
17.5821
0
89.6417
-241.738
-66.7063
0
-378.113
-48.7307
50.3669
-428.686
-0
-36.0479
-494.165
169.327
104.33
-278.732
242.643
272.824
3.73194
0
37.6639
-26.1404
60.3592
25.5793
-237.682
9.76682
0
-332.957
41.3446
-30.436
-389.703
81.6038
11.9846
-422.993
80.1573
46.9925
-397.1
66.1009
115.927
-331.274
0
339.328
-348.417
-73.3893
157.388
-209.357
-46.6789
-85.4665
-49.5729
157.409
20.8174
-225.769
53.223
0
-310.558
93.0468
25.4219
-324.511
29.2112
12.6391
-339.056
0
91.3996
-351.861
-16.1736
166.07
-356.819
-29.0175
-0
-429.347
-0
67.5545
-335.416
-235.721
224.654
-231.942
-66.6568
81.4469
-75.6941
-294.522
-62.1092
12.1775
-22.3451
-9.36572
20.384
-0
4.20846
-160.425
10.8252
0
-292.197
0
0
-320.551
-0
-2.34998
-324.949
-0
7.5493
-268.177
-149.551
0
-345.57
-0
0
-366.074
-0
139.81
-356.111
-86.4165
143.689
-401.352
-0
-0
-341.673
-185.21
70.0702
-303.745
-325.965
224.865
-123.655
-34.862
69.4228
1.91412
-0
-0
14.6215
-0
-39.3935
-52.8118
0
-0
-188.368
-50.2113
-1.59572
-291.77
-122.576
-11.885
-362.125
-0
-0
-371.814
-0
10.0853
-364.614
-0
12.4929
-336.746
-68.1252
10.7605
-334.225
-143.048
63.5323
-371.484
-90.3114
64.1117
-425.234
-0
101.121
-447.734
-0
211.913
-330.801
-233.696
180.639
-391.174
-140.647
0
-276.443
-0
-0
-87.8503
-0
0
-12.4188
0
0
16.347
43.2103
10.1241
-61.4904
-29.831
0
-154.4
-79.4483
-0
-198.268
-146.086
13.9814
-296.071
-10.6656
9.63192
-293.573
-47.6124
0
-312.366
-19.8683
25.3146
-307.293
-25.8505
62.1645
-251.372
-125.8
93.5693
-275.829
-68.8846
45.3046
-290.337
-36.1501
9.18527
-265.27
-64.3997
0.237031
-267.095
-106.15
0
-318.598
-0
0
-290.312
-52.7432
31.6574
-288.067
-62.556
25.7716
-188.686
-95.866
-0
-111.325
-157.886
-24.2788
-0
-122.353
-7.96834
32.334
55.1876
48.9179
334.816
-156.371
17.5641
5.43158
-2.57845
-0
159.207
-391.941
38.4381
0
-88.7981
126.103
0
-197.715
27.5634
0
-221.26
15.0795
-25.0586
-175.618
-6.69074
-45.3662
-177.178
-7.21416
-53.8527
-217.614
-0
-71.4912
-202.891
-7.44981
-148.938
-51.4413
-0
-137.117
-97.4392
3.96705
-120.153
-143.132
12.7151
-117.834
-127.119
29.2248
-124.097
-82.8954
7.23081
-143.575
-19.2542
6.04848
-163.385
-0.443936
0
-115.722
-105.433
0
-171.544
-0
0
-154.599
-34.9295
0
-173.312
-0
-0
-159.436
-62.8787
36.4405
-190.285
-32.7328
108.148
-86.5908
-0
87.4601
0.678414
4.54864
39.5294
51.3986
0
-39.3095
-0
-0
210.729
138.074
-371.713
-3.98979
-0
-129.991
-44.8129
-47.1585
-88.8922
76.3963
-110.563
-0
26.1538
-67.9332
-93.0142
0
-47.0004
-157.099
0
-48.5118
-154.114
0
-94.9033
-78.7273
-0
-91.2511
-123.891
0
-159.954
-0
28.5371
-166.369
-7.71533
-8.07247
-152.622
-63.2
-33.4776
-132.882
-122.895
-0
-177.631
-18.7896
26.5498
-187.361
-0
74.6992
-169.634
-12.1593
81.4973
-164.307
-10.2901
96.125
-161.565
-0
121.942
-152.892
-0
150.426
-122.674
0
114.77
-75.8771
0.0903888
74.8994
-35.873
0
118.08
-0.823204
9.23361
153.396
-0
202.59
179.926
1.16627
159.477
-211.112
-0
-11.069
-79.3633
-75.4127
-0
-46.5732
-67.6084
-85.8064
-37.0254
-69.8129
-67.8713
-44.1419
-57.0717
-121.64
-6.10212
-122.059
-0
3.69851
-106.519
-0
0.327966
-131.817
-0
90.6948
-138.72
0
131.528
-191.044
22.591
78.9293
-195.504
0
0
-179.915
0
-0.295604
-161.481
0
-0
-117.933
0
-0
-90.9942
-0
0
-90.7847
-0
0
-65.3771
-0
44.058
0.490585
-0
100.848
60.1132
-0
67.5427
94.8911
-0
69.0684
58.6791
83.3213
69.4456
23.0432
97.32
225.652
97.7675
0
168.764
72.0822
0
299.369
-429.029
964.373
-80.4235
-0
0
-108.377
-0
0
-12.4821
-48.1056
86.7844
2.27567
-60.5339
127.176
26.1017
-64.6291
143.894
22.3499
-40.1723
114.655
32.4789
-0
20.4564
0
-0
22.3917
0
-31.0195
182.301
44.1504
