-0
-0
0
-0
-0
0
-0
-0
0
-0
-0
0
-73.6079
-0
0
-359.123
-0
0
-0
-0
0
0
-0
-0
-0
-0
0
-276.969
-0
0
-459.621
-0
0
-288.846
-0
0
-0
0
0
0
0
-0
-0
0
-0
-0
0
-0
-272.148
-0
0
-372.973
-0
0
-342.173
-0
0
-282.626
-0
0
-179.155
-0
0
-0
-0
0
-0
-0
0
-0
0
-0
-0
0
-0
-221.593
-0
0
-327.948
-0
0
-328.512
-0
0
-336.539
-0
0
-364.47
-0
0
-278.296
-307.088
0
-381.19
-0
0
-0
-0
0
-0
-0
0
-0
-0
0
0
0
-0
-0
-0
-0
-20.4127
-0
-0
-333.902
-0
0
-306.411
-0
0
-333.502
-0
0
-340.498
-0
0
-354.385
-0
0
-232.851
-350.082
0
-419.719
-4.65601
0
-262.097
-384.324
0
-285.063
-0
0
-0
-0
0
-0
-0
0
0
-0
0
0
-0
-0
-0
-0
-0
-0
-0
-0
-173.686
-47.6423
-0
-286.13
-101.089
-0
-297.246
-0
0
-288.686
-52.2791
0
-329.512
-0
0
-278.556
-151.207
0
-249.081
-226.431
0
-339.066
-138.317
0
-232.209
-324.51
0
-352.976
-177.107
0
-39.9052
-0
0
-0
-0
0
-0
-0
0
-0
-0
0
0
-0
-0
-0
-0
-0
-0
-0
-0
-0
-188.238
-0
-160.435
-220.865
-0
-272.767
-0
-0
-230.877
-75.2126
0
-250.487
-28.3658
0
-260.798
-0
0
-206.857
-126.302
0
-158.871
-207.853
0
-258.562
-62.6698
0
-162.071
-310.264
0
-276.559
-111.917
0
-196.743
-285.671
0
-22.528
-0
0
-0
-0
0
-0
-0
0
-0
-0
0
693.639
0
0
17.5855
-0
0
0
-0
-0
0
-0
-0
0
-0
-0
0
-0
-0
-0
-0
-0
-0
-0
-0
-0
-246.3
-0
-0
-245.1
-0
-42.2087
-263.191
-0
-145.389
-111.815
-0
-196.364
-0
-0
-151.367
-102.729
-0
-198.089
-0
0
-182.514
-0
0
-142.656
-115.815
0
-102.999
-173.965
0
-153.955
-84.6536
0
-84.2221
-192.333
0
-113.785
-114.833
0
-91.7414
-0
0
-0
-0
0
-0
-0
0
-0
-0
0
0
-0
0
0
-0
0
35.549
-0
-0
0
-0
-0
0
-0
-0
-0
-0
-0
-0
-0
-0
-0
-0
-0
-0
-38.2022
-0
-0
-214.134
-0
-0
-191.771
-0
-147.519
-0
-0
-160.948
-0
-0
-175.703
-0
-0
-193.977
-0
-0
-184.879
-0
0
-172.883
-0
0
-71.7318
-169.002
0
-135.273
-0
0
-98.4228
-0
0
-0
-0
0
-0
-0
0
-0
-0
0
-0
-0
0
-0
-0
0
0
0
0
60.0644
0
-60.1023
0
0
-0
0
0
-0
0
0
-0
-0
0
-0
-0
-0
-0
-0
-0
-0
-0
-0
-0
-0
-0
-0
-0
-0
-0
-78.9387
-0
-0
-138.541
-0
-0
-28.2127
-0
0
-0
-0
0
-0
-0
0
-0
-0
0
-0
-0
0
-0
-0
0
0
0
0
0
0
0
0
0
0
0
0
0
0
0
0
5.35371
0
0
0
0
0
-0
610.031
-0
-0
0
-0
-0
0
0
0
0
0
0
0
0
0
0
0
0
0
0
0
0
0
0
0
0
0
0
0
