-106.977
-139.099
14.1193
-156.744
-112.053
7.08402
-49.1384
-87.7574
168.26
-111.268
-50.4294
41.1346
-307.17
-81.7063
65.2139
-361.011
-69.8432
61.8345
-224.909
-28.6945
117.261
27.7404
33.0683
-34.0633
-195.996
-17.4096
13.1695
-318.995
-54.5582
27.4243
-362.562
-52.1157
49.424
-341.315
-19.63
78.1409
-188.57
35.0542
135.561
111.596
102.176
-113.486
-46.2069
64.3118
-13.5277
-193.011
16.7177
-0.790421
-284.697
-7.34123
13.1734
-326.82
-16.3387
31.9877
-339.316
-17.3484
58.2512
-324.31
-22.538
88.3979
-283.185
-41.1395
112.364
-241.1
-61.5975
78.5958
-121.629
-22.411
23.957
-28.2593
120.462
-7.80093
-174.925
46.8763
12.8031
-253.256
7.21616
18.2697
-292.282
-15.9633
27.8634
-315.23
-36.6498
39.9339
-330.031
-59.1773
56.0293
-341.561
-91.1626
66.2321
-353.588
-128.945
80.2215
-321.953
-142.314
85.5417
-219.042
-112.917
59.557
-121.671
-81.2076
15.632
-7.22672
-29.9391
-15.5662
59.2732
-4.01676
-23.0133
-130.101
32.9221
-8.12607
-227.422
-25.3691
0.779169
-268.133
-55.4043
7.37586
-284.008
-70.4706
15.589
-296.273
-82.8612
26.2183
-307.079
-93.0729
38.2307
-317.948
-106.328
50.0766
-326.259
-121.483
57.6227
-325.256
-135.317
62.2616
-313.649
-150.086
66.5738
-264.045
-147.061
65.9999
-113.11
-91.5444
51.4144
9.30669
-47.3279
27.1591
105.211
-8.13994
33.4277
74.4659
42.873
-11.6157
-100.801
-36.6026
-21.7919
-205.176
-83.2074
-23.1656
-248.654
-102.413
-13.4342
-262.304
-108.984
-2.83111
-261.959
-111.391
6.00495
-263.863
-116.213
14.6726
-271.001
-125.422
24.1364
-281.062
-135.156
33.6202
-294.203
-145.714
44.5499
-305.311
-155.371
53.2541
-302.934
-157.998
57.7465
-279.685
-149.628
58.0055
-183.531
-105.978
53.664
-73.735
-54.0728
41.7215
10.2121
-17.6886
32.1701
84.3068
3.97555
35.8634
48.1875
0.970683
-22.8899
-79.4731
-56.7508
-32.2687
-152.165
-90.6401
-33.317
-195.048
-108.384
-27.0383
-213.75
-116.951
-19.4454
-221.749
-120.43
-11.0638
-222.915
-120.728
-3.49812
-221.307
-120.26
4.38399
-221.398
-120.442
12.4982
-223.3
-121.845
20.1139
-226.849
-124.62
26.8156
-238.28
-132.359
33.5829
-244.854
-139.341
41.9875
-239.157
-141.405
49.8122
-214.953
-135.109
54.2676
-159.428
-112.519
50.1601
-98.6706
-82.4342
41.8007
-16.8519
-39.8861
38.6127
82.356
6.44252
71.9586
184.947
-16.4066
-19.0344
126.44
-66.8615
-4.23348
67.4571
-105.703
4.25637
33.2659
-119.179
-1.62649
-1.91352
-126.414
-19.4309
-27.5919
-125.642
-30.3704
-53.0193
-125.529
-29.7221
-81.5024
-130.934
-27.2358
-107.864
-134.465
-23.4005
-129.505
-133.762
-17.5657
-145.401
-130.581
-11.7259
-156.376
-126.777
-6.06901
-165.037
-122.14
-1.35658
-169.187
-115.917
3.05657
-169.912
-109.486
6.84641
-169.438
-103.695
10.2512
-171.428
-99.8659
12.4853
-171.024
-94.9163
14.6611
-168.899
-89.407
16.4676
-164.562
-81.815
17.8311
-161.147
-73.8119
19.3313
-156.368
-65.8815
22.4101
-136.5
-51.6237
29.9547
-74.4244
-20.191
35.0013
-4.85559
14.1149
38.1954
49.4008
39.5696
64.1724
77.1302
49.776
109.643
92.5759
-19.7795
-78.2683
30.8174
-66.1278
-34.3564
-16.9301
-92.8098
2.73001
-48.6673
-100.105
18.0754
-68.4938
-100.859
19.9147
-82.1976
-100.646
19.6526
-90.939
-99.2833
18.9379
-99.9186
-100.315
17.8585
-109.295
-102.041
15.0922
-118.716
-101.636
12.5279
-126.834
-100.34
11.1123
-133.646
-98.2433
11.3453
-137.607
-93.2852
12.3002
-138.647
-86.5143
13.3314
-138.672
-79.7048
14.7081
-135.952
-72.2434
16.5817
-132.904
-63.4441
19.352
-128.078
-55.4128
21.7697
-118.873
-45.3304
23.2698
-100.406
-29.7631
24.9489
-74.1908
-9.81362
27.4426
-45.5382
11.7559
30.3291
-11.9102
36.6141
36.6614
29.0824
60.8801
57.9668
101.32
77.9758
-83.5837
41.0081
33.0026
-52.6282
-4.09628
-0.470549
-35.8793
-30.6439
-20.711
-26.5104
-41.8768
-30.2503
-16.6792
-50.837
-38.6493
-7.5005
-57.26
-40.9043
1.27935
-62.8357
-40.5168
10.0919
-75.0197
-41.4229
18.3807
-91.1485
-43.3133
21.7353
-110.637
-47.8949
19.8684
-121.882
-48.6867
16.3805
-121.584
-45.6354
11.7796
-111.452
-38.9969
6.94897
-94.2025
-30.2237
3.74166
-78.4667
-22.3175
3.2658
-65.9644
-15.9356
6.47736
-44.6183
-7.25863
10.1127
-10.9156
8.48265
16.7661
19.7014
25.0572
26.0077
39.3546
38.9607
38.4891
42.3552
46.7919
48.1004
40.0454
47.6224
56.1422
39.6643
45.5506
59.326
32.5884
39.6786
57.6914
-6.73052
87.4922
6.41625
-20.5777
76.2579
8.84608
-25.5246
71.7029
10.2748
-23.5352
71.98
8.48715
-17.2971
71.6114
5.6823
-8.43198
71.3026
5.43458
2.28126
71.1913
5.96022
13.7169
70.5036
5.9228
27.6763
70.4445
10.1756
51.9828
74.2869
19.6955
