-69.0402
-0
87.3489
-253.408
117.474
-37.2767
-91.6207
0
216.723
-203.922
-0
64.2416
-455.642
-81.992
60.5731
-536.662
-0
94.6434
-436.377
79.014
176.263
0
0
0
-254.192
-0
79.0071
-405.482
0
24.6061
-431.088
0
0
-420.644
0
30.8572
-269.465
147.347
220.774
0
83.5863
-31.8737
-0
1.53883
24.4187
-249.374
24.1486
0
-383.629
148.206
0
-381.535
49.8708
26.6444
-386.368
0
86.7828
-382.721
0
53.0745
-344.778
0
224.901
-327.662
-118.965
28.2135
-184.443
-28.8982
-0
-31.8736
169.53
10.2536
-223.424
34.3346
0
-333.445
129.22
35.0018
-309.532
0
80.0075
-329.426
-0
80.5455
-349.687
-0
116.084
-373.565
-3.45518
0
-420.471
-65.483
12.2017
-304.726
-350.085
72.6428
-233.069
-90.7325
68.7421
-87.7811
-249.994
0
0
-0
0
3.38637
0
0
-160.233
3.93669
0
-292.128
-0
0
-319.497
-0
0
-320.503
-0.161282
0
-292.112
-94.5969
0
-329.804
-20.5826
0
-357.886
-0
130.875
-376.07
-15.5552
112.193
-333.46
-140.551
0
-285.368
-319.939
0
-314.086
-312.974
150.137
-132.708
-8.45311
49.5747
-0
-0
0
0
-0
0
-0
-0
-0
-196.333
-1.73304
-0
-269.135
-156.662
-0
-356.948
-0
-0
-365.139
-0
0
-348.234
-15.0287
0
-357.867
-0
0
-330.459
-118.821
0
-339.098
-121.914
11.5629
-398.864
-24.1177
120.752
-397.909
-68.2428
205.733
-287.709
-291.324
131.23
-333.896
-252.596
0
-271.43
-0
0
-82.2002
-0
0
-0
-0
0
0
0
0
-0
-0
0
-132.305
-108.705
-0
-197.17
-120.777
-0
-259.807
-64.9986
-0
-292.084
-23.2908
-0
-310.264
-0
0
-305.939
-4.70781
13.4546
-283.523
-42.879
36.8071
-292.238
-28.4134
30.5344
-236.585
-156.377
17.8005
-261.893
-90.2481
0
-267.848
-124.409
0.224322
-306.295
-39.2861
3.42116
-248.043
-165.027
2.34752
-290.214
-78.1745
0
-179.653
-123.737
0
-94.7058
-207.903
0
-18.521
-0
11.1901
0
0
2.49453
397.446
-0
0
58.3141
-105.323
0
64.2875
-169.687
-0
82.8592
-255.725
-0
19.7321
-236.244
-0
0
-202.686
-0
-0
-209.247
-0
-42.1621
-169.756
-0
-47.6082
-224.692
-0
-94.8475
-149.688
-0
-112.791
-121.075
-0
-157.97
-49.7285
-0
-154.763
-71.5082
0
-137.945
-90.4528
33.2123
-149.35
-51.6427
37.8016
-138.368
-57.9059
54.8369
-142.467
-69.3682
32.2559
-130.911
-98.2003
16.4531
-181.743
-0
0
-130.338
-107.308
0
-177.835
-9.11541
0
-163.417
-73.9863
0
-167.051
-110.759
58.7587
-76.8177
-13.2447
24.2173
0
-0
9.55262
7.94334
-0
0
0
-0
238.48
0
-0
-0
0
-159.646
-0
-0
-221.005
0
-51.3263
-161.308
39.2834
-139.221
-0
0
-49.8666
-214.195
0
-126.404
-44.1509
-0
-102.973
-119.718
-0
-161.065
-17.7476
-0
-187.391
-0
0
-198.184
-0
0
-176.09
-49.4893
0
-148.307
-123.266
27.2197
-199.513
-0
56.2625
-191.739
-0
69.8576
-181.056
-0
68.754
-172.958
-0
92.5003
-145.434
-38.6086
106.504
-155.013
-0
116.468
-127.428
-0
102.377
-82.8744
-0
50.3303
-31.0502
-0
82.9474
-0
0
86.077
29.5138
0
113.397
130.195
0
-48.6813
0
0
-80.6788
-25.4775
-0
-48.4509
-88.3214
-3.1417
-45.9468
-0
-168.51
-49.4164
-95.009
-0
-0
-105.19
-0
-0
-95.1803
-0
0
-114.91
0
86.869
-135.734
0
111.754
-174.974
0
25.5525
-187.421
0
0
-175.4
-0
0
-159.133
-0
0
-118.086
-0
0
-89.5863
-0
0
-93.8865
-0
0
-52.8589
-0
30.2847
-0
0
100.474
26.7382
0
62.1318
89.4097
0
81.1907
54.1822
64.0402
54.1035
53.5157
0
139.05
68.0048
0
131.449
0
0
55.1867
-256.981
741.49
-0
-0
0
-0
-88.8483
191.055
-0
-40.2735
98.7055
0
-59.535
145.127
12.2343
-0
38.1961
28.8935
-0
55.9263
53.9072
-0
56.2571
33.1371
0
42.8955
0
0
171.872
50.3854
