-116.923
-134.092
18.4724
-193.522
-74.3069
-24.0119
-58.853
-68.2595
207.405
-137.434
-40.3824
55.2221
-356.458
-75.1738
78.568
-420.443
-58.4434
64.8902
-279.251
-4.77058
123.927
22.3066
42.7457
-30.7322
-219.438
-16.4613
14.6701
-343.539
-55.8018
23.8668
-386.677
-47.6152
51.7008
-375.715
-4.76242
80.5187
-214.179
61.1262
161.726
104.082
106.03
-125.453
-52.0146
68.2371
8.08223
-211.327
17.5785
-1.61128
-302.835
-0.330369
11.5584
-342.03
-6.19931
30.5503
-355.167
-5.74351
61.2702
-340.708
-9.50222
98.7167
-298.814
-39.3275
139.879
-271.121
-79.0082
95.027
-148.2
-34.1618
30.2737
-38.1245
143.691
5.66977
-197.733
57.6897
18.8902
-269.641
18.1228
20.8558
-303.571
-4.41796
30.8882
-324.768
-26.5037
43.0262
-337.924
-51.483
61.813
-349.254
-87.5891
69.0413
-371.581
-134.112
88.5909
-345.287
-154.996
105.012
-227.256
-126.568
77.5248
-132.204
-98.2094
15.3846
-6.21157
-35.4755
-19.1236
55.5761
-11.6384
-18.8834
-153.325
45.5785
-7.14152
-250.351
-20.4022
1.29581
-282.687
-50.2578
10.2387
-292.005
-63.9763
20.1569
-302.264
-76.8045
32.242
-312.251
-86.656
44.9833
-322.794
-100.851
58.6755
-331.886
-117.809
63.1818
-332.808
-133.001
63.9384
-329.656
-154.506
68.7425
-290.517
-158.398
73.1408
-110.969
-90.3849
55.234
17.8454
-45.7287
22.8917
106.943
-14.6869
43.275
69.064
46.9963
-11.601
-127.672
-42.0114
-24.8356
-232.852
-87.1755
-27.3296
-268.717
-99.9987
-11.358
-275.573
-103.122
2.15123
-269.476
-103.789
12.2969
-268.867
-108.909
21.3854
-276.021
-120.163
31.3787
-286.006
-130.941
40.9719
-300.566
-142.423
54.0841
-315.058
-154.276
63.6566
-316.332
-159.168
66.2517
-303.356
-155.369
63.5357
-193.861
-104.525
58.4378
-72.8125
-44.7588
43.4585
6.13535
-7.5309
29.6598
85.2913
11.8949
35.528
42.8944
3.8922
-34.5846
-101.958
-59.5156
-40.0463
-171.73
-91.44
-39.1963
-211.361
-106.128
-28.6944
-225.821
-112.733
-19.5133
-231.953
-115.229
-10.0326
-231.751
-114.711
-1.02489
-228.479
-113.885
8.72441
-227.893
-114.001
18.192
-229.012
-115.26
26.8169
-231.042
-117.769
33.2788
-245.533
-127.335
39.7138
-254.926
-135.765
49.2183
-251.89
-140.225
59.7411
-231.114
-137.542
65.4639
-171.203
-114.869
58.619
-112.016
-85.3117
46.8323
-26.6589
-37.2549
36.3737
89.1653
15.6553
83.4892
208.658
-27.0307
-21.3849
123.594
-92.4782
-0.114901
60.5116
-131.804
14.1441
29.8745
-139.673
4.21388
-5.51643
-145.666
-23.1617
-28.7882
-140.552
-38.4613
-53.8809
-134.598
-37.0717
-83.258
-137.474
-29.1759
-110.317
-140.413
-22.9849
-131.756
-137.7
-14.901
-147.04
-132.105
-8.09809
-158.357
-127.245
-1.66546
-167.784
-121.999
4.42197
-171.878
-113.915
9.44393
-171.961
-106.149
13.0858
-170.895
-99.4176
16.6076
-174.073
-95.7561
18.5263
-173.781
-90.6498
20.6776
-171.402
-85.0072
22.532
-166.407
-76.7287
23.579
-164.69
-68.436
23.3286
-165.419
-62.0907
25.8326
-151.966
-50.3696
35.9009
-81.0748
-15.0558
40.9834
-2.6282
22.1754
38.0318
54.8175
48.7465
63.3761
89.1101
63.0216
143.741
87.9206
-31.5133
-80.6217
18.7594
-83.0047
-23.4231
-28.5815
-104.323
19.5266
-59.9826
-103.81
34.051
-77.2566
-100.242
31.5382
-88.804
-98.296
27.0963
-95.4902
-95.4844
24.6245
-103.637
-96.7508
22.8927
-113.147
-99.4553
18.6485
-123.286
-99.3432
15.8592
-131.892
-97.9536
13.1276
-139.149
-96.4511
14.1369
-143.08
-90.9845
16.5771
-144.018
-82.9787
18.6197
-144.12
-75.4573
21.4063
-141.207
-67.4148
24.4403
-138.462
-58.0974
28.2449
-134.652
-50.633
31.4521
-126.502
-40.8354
33.3284
-107.843
-24.5253
34.1245
-80.1088
-2.48644
35.7503
-51.4484
20.1763
38.1705
-16.984
49.1311
41.891
33.0189
81.9236
68.3706
102.859
88.3341
-89.117
31.6314
28.4592
-54.8074
-15.7876
-10.6506
-38.9019
-41.1172
-31.7144
-28.1092
-47.511
-39.386
-15.5006
-54.7446
-46.578
-3.00229
-60.1796
-46.2893
8.30168
-63.1877
-43.4392
17.3359
-76.0844
-42.7058
31.0914
-94.3123
-42.2755
34.5438
-118.081
-47.5434
30.0347
-131.269
-49.2489
23.4376
-130.093
-45.8506
15.6565
-117.79
-38.4415
7.93534
-96.8212
-28.0909
2.89728
-79.8912
-19.9921
1.36427
-70.3028
-15.5732
4.51492
-49.0436
-8.921
7.3449
-8.14506
8.61562
15.3915
27.6049
26.8623
26.8633
49.7149
42.6042
44.4566
49.7384
52.5144
58.4479
43.6565
53.7399
71.4898
45.1031
52.6841
78.9264
35.5784
46.9344
82.4291
-14.1197
112.966
6.19532
-32.8577
97.5487
6.46205
-37.0849
91.43
7.15686
-32.7555
90.9761
5.98717
-24.5976
89.3517
3.67621
-14.7493
87.3896
3.76777
-3.72683
85.7171
3.52583
6.7805
83.1842
1.67131
22.5014
83.0795
7.70719
58.5071
91.8988
22.2916
