-0
-0
0
-0
-0
0
-0
-0
0
-0
-0
0
-0
-0
0
-0
-0
0
-0
-0
0
0
-0
-0
-0
-0
0
-0
-0
0
-161.649
-0
0
-0
-0
0
-0
-0
0
0
0
-0
-0
0
-0
-0
-0
-0
-0
-0
-0
-267.562
-0
0
-312.814
-0
0
-104.778
-0
0
-0
-0
0
-0
-0
-0
-0
-0
-0
-0
0
-0
-0
-0
-0
-0
-0
-0
-198.389
-0
0
-320.558
-0
0
-310.602
-0
0
-285.083
-0
0
-294.01
-0
0
-0
-0
0
-0
-0
0
-0
-0
0
-0
-0
0
0
-0
-0
-0
-0
-0
-0
-0
-0
-0
-0
-0
-266.506
-0
0
-300.27
-0
0
-311.205
-0
0
-334.951
-0
0
-277.462
-308.159
0
-349.733
-70.7323
0
-241.186
-0
0
-0
-0
0
-0
-0
0
-0
-0
0
0
-0
0
0
-0
0
-0
-0
0
-0
-0
-0
-0
-0
-0
-14.5303
-0
-0
-217.409
-203.235
0
-282.635
-0
0
-278.148
-62.7036
0
-222.406
-210.673
0
-284.069
-116.429
0
-257.713
-262.447
0
-295.906
-254.166
0
-79.0439
-0
0
-0
-0
0
-0
-0
0
-0
-0
0
-0
-0
0
0
-0
0
-0
-0
0
-0
-0
-0
-0
-0
-0
-0
-0
-0
-0
-422.072
-0
-248.011
-0
0
-215.381
-57.0055
0
-227.214
-30.7832
0
-158.601
-187.105
0
-172.27
-147.757
0
-247.057
-44.3917
0
-156.73
-360.008
0
-196.349
-59.3049
0
-0
-0
0
-0
-0
0
-0
-0
0
-0
-0
0
-0
-0
0
94.1197
0
0
0
-0
0
0
-0
-0
0
-0
-0
0
-0
-0
0
-0
-0
-0
-0
-0
-0
-0
-0
-0
-0
-0
-0
-0
-0
-0
-6.92762
-0
-0
-327.44
-0
-7.00196
-255.216
-0
-219.006
-0
-0
-181.685
-66.2683
-0
-190
-15.868
0
-127.359
-173.356
0
-128.747
-115.525
0
-155.327
-0
0
-98.6147
-0
0
-0
-0
0
-0
-0
0
-0
-0
0
-0
-0
0
-0
-0
0
-0
-0
0
0
-0
0
0
-0
-0
0
-0
-0
0
-0
-0
0
-0
-0
-0
-0
-0
-0
-0
-0
-0
-0
-0
-0
-0
-0
-0
-0
-0
-0
-0
-0
-0
-0
-0
-0
-0
-0
-42.46
-0
-0
-89.1004
-0
-0
-86.5574
-0
-0
-0
-0
-0
-0
-0
0
-0
-0
0
-0
-0
0
-0
-0
0
-0
-0
0
-0
-0
0
-0
-0
0
0
0
0
0
0
-0
0
0
-0
0
0
-0
0
0
-0
0
0
-0
-0
0
-0
-0
-0
-0
-0
-0
-0
-0
-0
-0
-0
-0
-0
-0
-0
-0
-0
-0
-0
-0
-0
-0
-0
-0
0
-0
-0
0
-0
0
0
-0
0
0
-0
0
0
0
0
0
0
0
0
0
0
0
0
0
0
0
0
0
0
0
0
0
0
0
0
0
-0
0
0
-0
0
0
0
0
0
0
0
0
0
0
0
0
0
0
0
0
0
0
0
0
0
0
0
0
