-0
-0
0
-0
-0
0
-0
-0
0
-0
-0
0
-0
-0
0
-155.213
-0
0
-0
-0
0
0
-0
-0
-0
-0
0
-125.65
-0
0
-472.958
-0
0
-161.296
-0
0
-0
-0
0
0
0
-0
-0
0
-0
-0
-0
-0
-144.163
-0
0
-387.742
-0
0
-308.864
-0
0
-284.027
-0
0
-51.0848
-0
0
-0
-0
0
-0
-0
-0
-0
0
-0
-0
-0
-0
-90.6145
-0
-0
-345.896
-0
0
-315.655
-0
0
-340.356
-0
0
-337.128
-0
0
-313.946
-166.97
0
-269.521
-0
0
-0
-0
0
-0
-0
0
-0
-0
0
0
-0
-0
-0
-0
-0
-0
-0
-0
-229.178
-0
0
-310.028
-0
0
-318.877
-0
0
-330.936
-0
0
-322.401
-56.7436
0
-289.379
-254.634
0
-342.283
-150.495
0
-324.711
-207.065
0
-132.539
-0
0
-0
-0
0
-0
-0
0
0
-0
0
0
-0
-0
-0
-0
-0
-0
-0
-0
-5.2606
-0
-0
-264.59
-158.92
-0
-274.488
-26.3764
0
-286.359
-44.218
0
-297.384
-45.2918
0
-259.466
-167.014
0
-277.554
-161.318
0
-292.691
-198.466
0
-255.347
-304.425
0
-293.407
-128.312
0
-0
-0
0
-0
-0
0
-0
-0
0
-0
-0
0
0
-0
-0
-0
-0
-0
-0
-0
-0
-0
-0
-0
-0
-421.389
-0
-273.419
-0
-0
-231.401
-49.7585
0
-227.715
-69.2033
0
-250.492
-3.2777
0
-165.18
-201.285
0
-226.591
-55.3508
0
-184.682
-202.991
0
-210.496
-199.003
0
-233.858
-227.559
0
-133.007
-139.234
0
-0
-0
0
-0
-0
0
-0
-0
0
-0
-0
0
659.037
0
0
0
-0
0
0
-0
-0
0
-0
-0
0
-0
-0
0
-0
-0
-0
-0
-0
-0
-0
-0
-0
-0
-0
-0
-244.789
-0
-0
-276.85
-0
-34.163
-274.41
-0
-203.726
-0
-0
-168.326
-60.9418
-0
-182.75
-37.5589
0
-155.245
-58.7647
0
-124.865
-150.724
0
-165.305
-42.8069
0
-103.041
-196.37
0
-79.2493
-168.221
0
-138.073
-0
0
-0
-0
0
-0
-0
0
-0
-0
0
-0
-0
0
0
-0
0
0
-0
0
10.5028
-0
-0
0
-0
-0
0
-0
-0
0
-0
-0
-0
-0
-0
-0
-0
-0
-0
-0
-0
-0
-0
-0
-0
-198.313
-0
-0
-143.282
-0
-129.363
-0
-0
-166.578
-0
-0
-174.665
-0
-0
-136.862
-45.8527
-0
-141.948
-25.6121
0
-119.001
-0
0
-121.771
-0
0
-2.79366
-0
0
-0
-0
0
-0
-0
0
-0
-0
0
-0
-0
0
-0
-0
0
0
0
0
0
0
-0
0
0
-0
0
0
-0
0
0
-0
-0
0
-0
-0
-0
-0
-0
-0
-0
-0
-0
-0
-0
-0
-0
-0
-0
-0
-0
-0
-0
-0
-0
-0
-0
-0
-0
-0
-0
0
-0
-0
0
-0
-0
0
-0
-0
0
-0
0
0
0
0
0
0
0
0
0
0
0
0
0
0
0
0
0
0
0
0
0
0
0
0
185.437
-0
0
0
-0
0
0
0
0
0
0
0
0
0
0
0
0
0
0
0
0
0
0
0
0
0
0
0
0
