-112.598
-79.7917
65.6464
-260.414
108.637
-105.485
-117.071
17.4179
245.909
-180.273
-20.5479
84.9473
-424.986
-63.3884
77.8005
-500.75
-42.4312
120.331
-411.624
96.5368
134.305
5.18426
64.1207
7.89932
-242.853
-39.8147
16.246
-369.746
-47.6175
27.7418
-410.188
-18.2723
34.5979
-426.228
54.0039
91.2136
-255.87
131.299
198.358
51.8756
81.4869
-77.4129
-51.1976
75.4354
52.269
-240.183
27.9056
-19.4132
-327.041
28.3587
-8.34289
-364.594
26.4261
16.9146
-382.76
24.891
58.5819
-366.61
31.7496
113.341
-311.004
-27.1799
217.089
-307.315
-120.632
129.049
-202.89
-53.6034
14.8023
-59.7037
186.953
26.0709
-236.3
86.2891
14.2045
-291.133
45.104
25.2145
-322.574
22.8892
34.2263
-346.031
1.47727
49.8561
-353.641
-36.8355
80.4054
-355.116
-75.2407
57.9485
-391.494
-125.917
97.7822
-374.452
-160.007
154.973
-222.916
-140.899
121.084
-148.426
-132.313
-11.1001
3.71612
-32.6665
-45.9841
33.8055
-20.6608
-5.92681
-184.754
70.3073
-1.46005
-281.948
-2.3681
4.15948
-298.352
-33.6896
17.5884
-301.436
-45.1654
30.574
-308.759
-63.2958
45.023
-322.284
-65.169
53.5138
-331.055
-84.3984
84.9854
-337.732
-111.67
70.0964
-340.334
-121.074
47.0134
-344.253
-150.947
60.5922
-337.855
-172.893
106.317
-96.9946
-81.8434
77.3824
26.765
-39.3255
3.50546
71.1768
-26.7063
24.2621
20.0086
40.1162
-3.548
-170.06
-48.1404
-34.6132
-273.791
-83.2702
-43.2426
-299.398
-76.5772
-5.38861
-299.473
-80.2073
13.3829
-286.601
-79.8957
24.125
-284.276
-85.2864
33.4743
-290.931
-104.999
48.7829
-299.813
-116.482
52.8739
-317.871
-121.69
81.0953
-336.23
-140.411
102.969
-332.256
-152.96
93.4798
-347.173
-159.897
60.4739
-212.664
-93.7546
58.1371
-70.835
-26.0823
57.642
-13.0701
16.8257
33.4418
48.946
41.4908
19.0429
-2.87083
-0.247685
-58.0329
-145.562
-53.8182
-50.7692
-203.517
-79.7336
-47.6602
-239.327
-90.588
-25.0726
-249.265
-96.0402
-18.9243
-257.754
-94.0686
-8.22834
-256.95
-92.624
7.30369
-250
-94.1873
22.3591
-248.781
-95.1898
32.8551
-248.046
-96.989
46.0446
-242.974
-99.3865
44.7473
-262.507
-109.018
44.2213
-275.501
-110.76
57.0022
-271.38
-119.958
83.655
-256.6
-131.382
89.6378
-184.991
-108.872
56.9176
-134.905
-86.5446
47.7351
-46.5617
-25.5933
32.1868
67.3183
48.5483
96.8109
283.059
-70.2115
-9.50146
109.007
-157.304
2.66186
59.5127
-168.085
39.6394
35.3878
-157.103
26.6703
2.45003
-179.617
-16.1597
-14.624
-171.9
-37.9882
-44.5287
-143.077
-45.787
-75.4481
-139.183
-22.7511
-101.355
-150.938
-20.9483
-122.005
-145.465
-11.167
-138.532
-132.325
-6.00443
-150.202
-129.425
0.960387
-159.445
-128.23
15.0068
-164.771
-113.132
20.4253
-164.864
-100.495
23.2781
-162.94
-88.9705
27.2912
-171.161
-83.4339
24.4315
-171.838
-78.0091
29.1009
-169.75
-75.4103
34.9215
-161.747
-71.1066
39.9357
-162.926
-57.7367
31.8652
-175.503
-45.6857
37.7243
-180.38
-38.3474
64.0868
-94.378
8.08404
62.6347
-4.7642
41.5752
47.9367
51.5824
53.0252
17.5331
98.6755
83.8923
243.08
64.2778
-101.134
-79.9276
0.359108
-126.32
-5.46824
-45.4541
-109.452
44.4713
-82.5963
-83.0336
54.0849
-91.0537
-82.7379
47.4548
-97.9157
-86.8811
33.643
-103.339
-80.8645
33.4349
-111.042
-84.8655
32.6697
-119.711
-94.0314
26.3646
-132.852
-91.2321
30.5621
-146.029
-83.7907
16.6535
-153.564
-86.5328
20.0542
-158.361
-81.5988
25.4256
-159.22
-72.9501
32.6489
-159.624
-67.2363
46.8669
-156.341
-57.1771
56.9663
-154.303
-42.4315
62.1337
-152.544
-33.13
64.2123
-144.406
-23.3305
67.9555
-122.648
-8.01232
60.7392
-91.1402
20.7684
54.7715
-63.5454
44.4526
67.9935
-39.9835
84.4786
67.3395
27.5932
146.116
104.155
77.4162
106.069
-111.177
10.4896
6.5153
-67.545
-34.4576
-32.406
-51.4181
-59.7781
-48.292
-28.7144
-53.7801
-52.2794
-12.0804
-60.1457
-59.0902
9.32344
-67.9129
-51.3987
27.8241
-59.8045
-49.4927
25.7028
-72.088
-55.3838
65.4875
-89.0908
-47.0223
70.4429
-121.67
-50.8318
68.2209
-138.81
-48.514
49.203
-135.692
-38.1598
23.1565
-120.527
-28.7308
0.0164568
-89.7799
-16.1182
-12.4288
-67.4003
-10.3422
-15.3238
-65.0889
-11.0528
-9.51816
-46.955
-12.5856
-3.5514
10.5933
5.89322
12.673
55.1612
19.6186
21.4057
82.3036
34.1833
56.9136
74.9692
50.9207
82.6749
58.9437
48.0588
129.506
78.0646
45.9672
136.435
80.0007
60.2446
198.932
-69.2487
217.407
-24.565
-80.4059
174.06
-30.5836
-66.5867
147.172
-26.5559
-51.7307
128.915
-7.7759
-39.2174
115.944
0.508264
-28.6102
105.994
5.46285
-17.2516
98.7929
9.69804
-13.5576
87.7863
2.73047
-4.46233
84.3079
11.1274
53.6384
112.227
41.9487
