-0.800978
-184.27
450.997
-349.149
491.984
30.6231
-210.209
155.825
-215.226
-169.611
-86.5275
165.674
-295.475
-369.686
-156.43
-669.451
352.825
249.27
-476.549
286.636
309.283
22.9044
16.5168
135.75
-272.041
-32.2551
-5.21695
-348.353
-151.907
123.923
-578.216
157.975
-117.314
-533.126
150.96
160.841
-327.41
356.133
240.993
-20.6181
28.2233
80.9835
22.6311
-46.9004
3.44818
-248.499
54.0517
124.979
-201.733
-191.392
19.7471
-524.325
415.296
190.532
-456.629
196.484
-166.284
-324.831
-41.2328
-45.1303
-225.99
-177.594
429.388
-402.336
121.165
169.671
-137.062
-145.595
-163.779
-19.9043
91.4623
38.8523
-173.881
-38.7145
-80.5928
-181.299
-72.6581
2.99078
-393.498
312.276
-141.927
-418.24
346.442
206.654
-168.286
-327.819
182.935
-234.048
-203.364
-133.328
-430.18
33.4546
114.938
-237.655
-445.017
526.699
-367.219
221.301
171.596
-151.717
-141.128
-239.114
146.176
-365.784
-50.6627
-54.0911
138.773
75.5036
-110.814
-36.5346
-44.8409
-365.895
198.852
-75.3231
-223.691
-201.689
-287.155
-438.156
201.384
-46.9992
-246.918
-270.804
44.5702
-440.725
217.887
140.047
-250.616
-283.911
233.959
-233.325
-435.935
370.149
-449.468
124.059
-12.9745
-521.259
227.928
22.2495
-295.584
-305.497
437.602
-46.716
-161.69
103.888
10.5083
-4.63861
-125.893
44.4024
17.8046
-60.9402
-130.06
170.808
-67.0054
-154.387
-111.053
-131.026
-267.806
-158.848
-68.961
-444.827
150.557
11.1433
-402.657
35.178
127.829
-315.482
-226.731
39.9329
-494.75
164.873
24.406
-269.462
-394.026
44.2142
-227.745
-457.492
320.297
-572.943
342.515
-50.1243
-423.312
-33.276
35.9003
-370.531
-147.365
270.039
-420.488
-18.3256
-33.6311
-209.669
-72.7757
64.6569
-139.94
140.748
117.192
53.5242
-161.282
-45.7045
27.6762
128.75
38.7735
-187.812
261.22
-102.257
-131.262
-128.099
-57.3306
-210.508
-136.358
93.307
-250.506
-153.431
30.3958
-356.502
25.6102
5.06801
-160.828
-363.363
112.073
-444.512
305.956
135.454
-167.691
-262.853
109.688
-176.484
-224.34
194.513
-262.617
-10.0611
-345.464
-298.708
54.6479
-71.157
-188.709
-250.253
60.5967
-413.049
210.348
-174.648
-187.698
-278.381
113.18
-194.934
-274.429
202.052
-334.882
201.407
120.785
-300.983
243.795
-24.1868
243.086
-705.462
-61.3564
-105.262
404.288
137.786
304.909
-314.828
-13.0186
-67.1589
141.885
-53.3275
281.601
-652.71
113.32
-54.1198
15.4079
239.035
-113.209
51.9773
-7.94751
22.6736
-246.683
-80.8453
-159.222
112.07
-202.94
73.4491
-444.64
16.0321
-68.3229
-205.845
150.121
-7.53549
-358.446
55.0311
-214.483
71.8007
75.2276
-179.814
-29.2944
9.59917
-111.151
-162.721
-178.897
-44.8812
-285.171
-123.875
-75.4421
-155.011
66.9272
-265.125
279.333
-197.228
-108.389
-107.426
147.131
-59.9987
-271.622
44.3467
-259.438
136.223
-79.3437
-127.742
-161.388
175.925
-83.0444
-239.956
86.3128
-120.037
-184.872
17.0516
-324.183
221.902
97.0176
-178.89
184.844
326.359
-126.36
296.249
120.645
179.159
-274.404
-210.247
-133.895
244.709
253.78
365.029
-843.121
-4.0077
-211.043
334.606
-146.883
-147.063
118.775
25.2965
-237.689
270.988
-39.3539
108.806
-488.016
155.576
-5.65822
-263.275
96.781
23.8015
-323.645
-5.39877
-143.254
21.6156
39.144
-61.7573
-182.933
17.5071
-406.219
516.169
45.1213
-242.06
137.193
20.2825
-115.907
-196.636
-88.7795
-147.386
-173.329
-237.101
-50.6665
-404.977
224.008
-123.858
-240.087
159.972
-402.645
390.499
171.843
-136.058
-136.615
220.284
-179.627
-19.1492
73.4702
-90.3186
-159.863
110.478
-162.897
70.7126
93.6706
-188.527
219.437
17.8964
77.163
-263.023
9.49252
-113.118
243.013
334.607
-173.441
563.484
369.048
-298.443
715.389
-174.181
256.857
-584.213
64.4761
-122.327
95.1352
-7.93975
9.13277
-238.681
-58.0664
-131.398
76.2394
-41.6304
42.6647
-314.805
-53.2227
-182.5
140.455
-11.4399
-184.635
174.949
21.5251
-118.012
-10.658
209.307
-224.625
217.996
261.131
103.429
-541.924
385.017
-145.365
-43.9033
-36.7206
-137.266
-22.6443
-117.241
-84.4179
-91.3893
-65.9354
-144.261
131.028
-51.0065
-110.647
127.78
-16.2184
-58.9167
20.372
-117.887
134.652
-354.135
-95.8556
45.353
-24.5543
168.65
142.893
-103.129
191.848
127.78
-14.9003
-81.6019
31.7056
234.555
8.39635
-218.105
725.054
282.684
492.011
-757.783
201.003
105.483
366.296
479.666
-285.267
738.544
-278.243
-78.9038
229.26
-83.0464
-30.2128
110.891
-27.2837
72.0572
-124.148
-34.4895
-88.8869
191.968
6.70491
-105.958
240.85
-11.6441
-97.3376
225.499
83.7335
115.473
-216.063
11.0237
243.692
-475.464
-85.8787
-280.44
667.079
-121.252
