-21.5612
-144.119
416.95
-331.611
442.039
6.97012
-223.709
153.407
-155.369
-172.103
-78.129
157.253
-316.731
-323.433
-146.257
-630.804
263.28
271.355
-486.06
309.488
285.892
16.4198
26.7241
126.256
-274.905
-26.286
-14.9153
-350.217
-144.59
117.124
-530.164
99.3782
-138.859
-517.925
149.536
180.715
-321.195
353.262
259.676
-19.0114
28.0861
82.3177
8.15476
-17.8199
3.9852
-256.658
62.7003
116.473
-247.995
-100.284
-39.5484
-458.885
263.003
153.571
-441.761
148.409
-126.544
-350.232
-5.29768
20.9553
-271.731
-91.4792
426.713
-388.107
67.2895
161.956
-156.318
-118.607
-149.798
-26.6918
108.093
44.1395
-207.253
37.6518
-92.1957
-216.257
-23.2306
34.5463
-342.601
174.473
-115.763
-379.078
211.735
200.719
-224.393
-234.472
175.831
-284.921
-116.953
-104.84
-435.06
43.4099
107.665
-255.325
-402.603
447.814
-317.689
118.368
168.06
-148.159
-141.665
-182.6
105.661
-255.445
-74.8693
-17.485
59.9369
53.8807
-136.839
13.7385
-70.0629
-344.06
145.317
-36.8483
-250.93
-141.83
-219.501
-360.288
52.6327
9.8306
-249.478
-235.135
23.4284
-417.639
172.193
91.8705
-295.226
-168.886
198.225
-255.408
-355.204
305.741
-419.422
70.1627
5.23656
-455.84
95.9306
32.4727
-317.22
-250.41
364.515
-52.0667
-145.044
123.719
32.1905
-29.6513
-76.1098
48.107
15.8515
-63.7869
-122.642
143.9
-49.6836
-184.979
-49.1246
-135.744
-268.93
-164.055
-54.9548
-411.188
83.3835
1.29447
-389.612
12.1562
140.037
-309.46
-197.82
5.92691
-440.945
78.798
23.6941
-313.776
-265.486
43.3064
-276.098
-342.289
238.879
-524.5
229.671
-11.2875
-411.472
-64.5045
77.6087
-379.661
-121.224
238.793
-423.625
-34.1635
-24.3333
-214.39
-84.7215
35.7698
-93.176
37.0729
110.545
13.1183
-64.9862
0.443065
29.5886
124.197
49.6141
-161.844
183.016
-71.3502
-173.111
-40.6468
-64.8237
-217.976
-120.875
76.1085
-251.02
-141.67
8.68149
-305.936
-63.8036
19.3415
-220.333
-230.076
63.6765
-374.159
142.395
143.795
-211.036
-184.835
89.5679
-206.517
-183.493
149.022
-295.498
30.7073
-228.672
-287.619
12.2076
-54.8321
-221.031
-197.331
22.4089
-369.848
98.1513
-126.561
-248.582
-170.674
127.488
-233.994
-209.228
178.646
-280.614
68.4416
57.3743
-264.309
143.113
-41.6218
171.017
-556.378
-24.2932
-101.446
390.674
135.816
311.562
-294.054
-6.20711
-50.4687
108.644
-47.9637
246.723
-575.764
93.7519
-26.3253
-38.7877
213.995
-71.6721
-34.5928
22.1246
0.843525
-201.624
-33.1903
-121.169
30.0753
-152.878
12.0895
-308.156
-12.6962
-73.4873
-193.837
105.59
-51.7897
-261.76
22.6872
-177.057
-3.85718
47.3526
-128.378
-130.477
-16.2164
-98.5362
-196.661
-75.8648
-79.939
-215.153
-91.0535
-99.0804
-123.995
51.5693
-240.457
206.678
-141.2
-132.489
-66.92
98.0422
-100.058
-180.511
44.9843
-207.136
26.6489
-18.1786
-131.958
-145.181
161.134
-116.07
-169.471
61.1938
-167.281
-83.8508
29.949
-273.384
116.809
122.548
-167.424
150.932
265.842
-104.976
233.376
53.0068
128.386
-167.996
-205.802
-113.507
191.941
244.371
301.924
-715.48
-2.48139
-135.858
172.749
-127.558
-93.3195
11.0962
34.0957
-212.421
222.813
-14.7342
20.8686
-289.722
117.24
-17.2878
-227.678
82.5173
-29.7205
-203.493
-4.63489
-133.515
-0.0713853
39.5695
-68.1956
-172.152
18.9612
-258.061
204.064
72.3989
-208.858
66.8432
-9.47694
-144.597
-123.081
-42.9405
-175.812
-95.2416
-163.802
-93.7631
-287.567
165.248
-145.445
-175.881
137.846
-284.447
159.178
177.594
-147.529
-90.0117
209.457
-173.873
-7.72891
85.7863
-134.259
-48.4482
127.272
-137.93
30.7208
104.304
-144.43
147.067
28.287
23.0946
-126.426
26.7176
-121.973
273.111
290.225
-91.4528
399.128
316.209
-182.557
493.35
-191.805
159.363
-375.562
2.82113
-103.12
54.4167
-18.4256
-45.9815
-125.003
-47.3905
-104.34
16.6362
-16.3625
-8.85526
-206.939
-13.8023
-127.036
28.8232
29.8692
-127.151
66.4733
11.962
-133.552
29.3691
166.57
-121.042
5.33949
194.557
3.56599
-330.37
336.478
-174.254
19.3833
12.1077
-135.766
-20.3809
-66.7428
-92.7353
-66.3785
-85.2651
-105.753
57.5559
-92.4349
-60.8561
27.4707
-23.8801
-47.7958
2.39024
-71.4723
44.1134
-159.623
-49.8375
47.2723
-12.9656
126.668
130.744
-72.3003
145.963
156.38
-59.8671
-19.6904
19.2388
268.98
46.3934
-77.0496
432.489
280.262
346.523
-447.331
203.22
195.834
175.782
474.115
-266.981
677.377
-285.009
-78.6597
214.14
-107.937
-52.9308
147.728
-41.0366
-4.83664
28.707
-11.8873
-50.9257
111.622
23.3121
-51.2547
118.957
-17.2917
-78.547
180.672
37.4421
50.0091
-90.0561
-3.77981
115.651
-216.557
-54.8594
-165.744
414.448
-79.6098
