-60.1937
-0
5.50004
-232.169
0
-13.8101
-19.9187
0
284.316
-204.583
-0
46.1798
-472.374
-50.8322
130.098
-536.584
-0
24.0505
-416.215
0
123.74
0
0
0
-237.889
-0
65.1034
-393.713
-0
0
-417.378
0
52.863
-409.076
0
26.613
-244.553
56.1632
195.021
0
90.9441
-81.6766
-0
4.59816
1.54721
-261.89
39.4396
0
-386.116
138.572
0
-372.904
6.76224
15.2286
-388.745
0
129.21
-370.942
0
69.2937
-335.75
-0
176.717
-308.393
-147.47
0
-165.765
-0
-0
-13.684
170.118
10.2075
-232.031
45.7795
0
-318.969
83.3845
37.637
-305.207
0
91.3296
-329.886
-0
30.9103
-349.026
-0
78.1354
-372.951
-0
0
-399.455
-108.987
16.3134
-298.019
-376.549
81.4606
-249.244
-61.8442
73.8093
-85.7038
-236.326
0
0
-0
0
0
0
0
-160.114
0
0
-290.829
-0
0
-312.108
-0
0
-309.16
-29.4621
0
-333.044
-9.07842
0
-318.195
-66.3572
0
-371.162
-0
110.578
-354.674
-79.862
106.436
-331.299
-158.087
0
-309.788
-270.974
0
-320.775
-301.148
131.612
-120.067
-22.2066
43.606
-0
-0
0
0
-0
0
-0
0
-0
-185.842
-0
-0
-273.589
-140.547
-0
-353.187
-6.21539
-0
-347.849
-34.4326
0
-351.279
-2.82434
0
-358.163
-0
0
-322.395
-117
22.6988
-336.878
-112.491
19.8322
-368.916
-70.9761
93.6093
-378.573
-96.1978
153.83
-290.953
-275.627
102.426
-333.652
-246.907
0
-253.211
-34.4316
0
-74.0019
-0
0
-0
-0
0
0
0
0
-0
-0
-0
-130.387
-85.5119
-0
-190.719
-137.446
-0
-269.375
-44.3043
-0
-282.747
-44.4312
0
-306.444
-7.3128
0
-304.248
-8.06744
0
-299.893
-5.80445
20.3806
-268.103
-72.1003
0.669426
-251.731
-116.947
8.33021
-250.067
-108.205
0
-264.148
-129.777
0
-290.287
-80.569
0
-257.768
-152.79
0
-275.286
-120.46
0
-183.346
-123.015
0
-103.727
-196.309
0
-10.6135
-0
0
0
-0
0
434.689
-0
0
18.471
-0
0
108.711
-261.882
-0
60.8483
-204.023
-0
31.419
-268.277
-0
0
-198.129
-0
-0
-195.13
-0
-28.4033
-186.304
-0
-54.1023
-203.01
-0
-86.4833
-159.635
-0
-112.188
-118.046
-0
-147.848
-62.62
-0
-149.149
-75.214
0
-155.156
-50.927
18.6653
-163.442
-22.4006
24.9753
-119.154
-103.622
56.9559
-150.621
-64.5203
29.9757
-131.679
-106.776
11.4834
-172.767
-28.201
0
-127.868
-118.58
0
-172.072
-25.8905
0
-162.903
-74.7551
0
-162.546
-123.149
32.3998
-73.61
-0
17.5509
0
-0
1.14318
0
-0
0
0
-0
161.402
5.30225
-0
-0
0
-116.329
-0
-0
-223.326
0
-53.7775
-150.138
0.288857
-114.878
-52.4127
0
-65.2977
-187.599
0
-125.401
-53.8736
-0
-115.756
-97.77
-0
-154.434
-37.2936
-0
-187.709
-0
-0
-199.972
-0
0
-201.742
-0
0
-138.738
-145.675
50.5192
-199.118
-0
60.3617
-191.521
-0
69.4092
-180.054
-0
70.8387
-165.341
-14.5218
83.1224
-136.846
-56.9059
93.0365
-156.343
-0
96.1379
-127.291
-0
80.0455
-86.602
-0
42.42
-23.3191
-0
63.6599
-0
-0
67.4223
0
0
104.876
145.342
0
-46.9519
0
0
-45.2839
-2.38253
-0
-46.8152
-77.8727
-17.9662
-47.3981
-11.6942
-127.783
-47.1604
-91.1806
-0
-0
-100.467
-0
-0
-94.883
-0
0
-114.956
0
67.4943
-136.821
0
115.26
-173.626
0
11.9357
-187.606
0
0
-174.108
-0
0
-157.595
-0
0
-115.454
-0
0
-87.2696
-0
0
-96.0128
-0
0
-39.6497
-0
29.8897
-0
0
92.6854
8.14023
0
60.3747
87.539
0
69.4786
55.7373
43.6883
43.9269
54.2553
0
122.73
46.9381
0
118.133
0
0
0
-233.845
782.358
-0
-0
0
-0
-48.5696
117.896
-0
-97.0865
220.947
0
-0
34.7087
0
-0
46.0274
29.693
-0
60.7636
56.9803
-0
68.7498
28.6149
0
50.4823
0
0
160.407
41.217
