-68.1236
-0
69.7333
-248.864
87.2444
-40.2304
-77.5992
0
238.64
-205.254
-0
57.1803
-458.693
-76.6237
78.5436
-536.509
-0
87.2515
-430.703
61.9205
156.414
0
0
0
-251.237
-0
82.4004
-403.698
0
15.1908
-428.027
0
2.34171
-418.109
0
36.3479
-264.082
127.455
213.682
0
83.1407
-41.3413
-0
1.18632
21.3714
-250.611
25.9674
0
-389.138
158.483
0
-376.541
32.5327
27.8314
-387.607
0
91.8523
-381.611
0
58.0104
-343.86
-0
214.804
-324.759
-122.821
17.8119
-180.595
-24.5509
-0
-26.8172
165.851
9.32714
-226.524
40.1439
0
-331.235
120.59
38.3835
-308.141
0
84.1958
-329.03
-0
72.1065
-348.872
-0
105.328
-374.457
-0
0
-416.547
-73.5647
12.0003
-301.437
-359.248
72.49
-235.934
-85.8868
69.093
-87.6195
-247.131
0
0
-0
0
0.44443
0
0
-158.448
0
0
-291.798
-0
0
-318.215
-0
0
-318.092
-4.83596
0
-299.887
-77.1636
0
-328.234
-26.7273
0
-359.848
-0
124.16
-371.614
-27.3198
110.183
-330.35
-148.485
0
-288.332
-313.602
0
-314.277
-312.58
148.475
-131.057
-9.003
49.388
-0
-0
0
0
-0
0
-0
-0
-0
-195.216
-0
-0
-267.767
-158.513
-0
-356.934
-0
-0
-362.363
-5.13139
0
-349.93
-10.8637
0
-358.624
-0
0
-333.326
-109.693
1.09625
-338.023
-122.86
13.4169
-393.45
-34.1964
117.126
-393.671
-76.5691
196.159
-287.528
-291.107
125.713
-332.557
-255.791
0
-270.987
-0.213816
0
-80.9442
-0
0
-0
-0
0
0
0
0
-0
-0
0
-131.826
-104.42
-0
-196.141
-123.513
-0
-259.656
-64.6792
-0
-290.262
-27.4116
-0
-310.089
-0
0
-305.961
-4.55318
10.3246
-287.84
-32.7446
33.2424
-290.073
-31.5947
26.9013
-236.99
-153.767
17.9195
-259.506
-93.7089
0
-266.617
-126.173
0
-301.56
-50.1989
0.538705
-247.575
-167.021
0
-288.84
-83.2733
0
-180.268
-123.792
0
-96.8428
-204.674
0
-16.939
-0
8.88674
0
0
0
403.587
-0
0
51.2044
-86.2459
0
71.9258
-185.633
-0
78.9596
-246.514
-0
21.7567
-242.046
-0
0
-201.807
-0
-0
-206.686
-0
-40.1815
-171.908
-0
-48.1601
-222.162
-0
-94.1865
-149.813
-0
-110.805
-124.43
-0
-156.288
-52.001
-0
-154.609
-70.5948
0
-143.52
-78.6853
29.6471
-152.158
-46.0238
34.0864
-134.59
-67.564
56.1802
-144.641
-67.1296
32.7835
-130.341
-101.584
16.4798
-182.614
-0
0
-128.159
-113.672
0
-174.367
-17.9507
0
-164.743
-72.2836
0
-167.737
-110.841
53.1583
-76.7979
-10.0282
21.954
0
-0
8.90032
3.01083
-0
0
0
-0
224.472
0
-0
-0
0
-150.919
-0
-0
-221.609
0
-50.6733
-161.955
32.2976
-137.093
-4.37135
0
-51.3945
-212.59
0
-126.458
-45.5532
-0
-105.799
-114.896
-0
-158.4
-24.5247
-0
-187.425
-0
-0
-198.615
-0
0
-185.854
-30.0529
0
-143.61
-133.823
32.4804
-199.644
-0
57.7849
-191.876
-0
70.5263
-181.025
-0
69.4126
-173.017
-0
91.7786
-142.314
-45.1191
105.852
-155.063
-0
111.828
-127.58
-0
96.3533
-83.7034
-0
48.7368
-29.6767
-0
80.1519
-0
0
81.7199
23.906
0
111.575
133.01
0
-47.5884
0
0
-74.8006
-21.2408
-0
-47.8485
-87.1705
-4.54673
-45.8066
-0.815574
-163.064
-49.0849
-94.5088
-0
-0
-104.04
-0
-0
-95.1535
-0
0
-115.134
0
81.6815
-136.15
0
113.459
-174.447
0
24.5854
-187.213
0
0
-175.079
-0
0
-158.514
-0
0
-117.378
-0
0
-88.8846
-0
0
-93.9728
-0
0
-49.9141
-0
31.609
-0
0
98.8729
23.6379
0
60.7429
89.2436
0
79.1473
55.3386
58.9675
52.2416
53.6897
0
135.489
64.8097
0
129.764
0
0
43.1621
-251.832
747.32
-0
-0
0
-0
-81.8082
178.84
-0
-54.9152
129.707
0
-44.4918
116.483
7.09967
-0
39.4784
31.4976
-0
56.7907
54.0046
-0
58.9265
31.8544
0
44.3228
0
0
170.845
50.1101
