-105.46
-41.1811
173.71
-280.463
231.478
-97.962
-192.726
83.807
141.748
-177.199
-49.8704
115.502
-426.246
-89.4929
15.8106
-528.205
-9.57529
208.817
-477.287
224.158
157.318
0.422995
55.7581
59.6229
-247.586
-63.5333
5.77194
-377.889
-47.6885
66.4769
-426.588
6.8733
-40.9424
-463.988
123.31
121.702
-260.123
185.713
223.014
16.3483
31.4205
18.6775
-42.7785
80.7848
43.4224
-243.055
29.6441
-4.94067
-332.012
50.1428
-62.7568
-375.521
57.8534
28.752
-401.269
47.81
29.4766
-378.641
51.197
117.665
-310.843
-24.5514
285.667
-317.708
-121.258
167.691
-219.418
-33.4063
-27.2772
-67.5195
195.551
20.9051
-246.018
103.978
-12.9303
-298.338
61.7271
45.143
-326.344
28.0134
17.9363
-361.866
33.7023
80.9051
-353.218
-45.8253
107.834
-354.058
-69.0269
23.6144
-397.2
-103.595
86.7788
-372.815
-161.113
212.065
-219.504
-120.138
147.731
-148.319
-138.81
-46.4554
22.2008
-49.432
-76.3374
30.6236
-32.6293
11.6249
-185.603
73.2912
-8.9013
-291.789
11.6605
13.2541
-297.349
-34.7465
-2.73451
-303.327
-36.5677
45.2516
-301.746
-70.2656
33.8759
-329.915
-32.7816
43.2649
-333.098
-67.9263
110.778
-332.759
-121.308
81.8607
-347.594
-104.742
8.89562
-346.194
-145.381
53.2406
-349.916
-178.68
172.277
-87.2298
-85.6414
126.243
31.4521
-35.3163
-5.52874
43.594
-8.34649
-25.8741
-42.8276
42.1477
-2.91752
-183.649
-44.9674
-48.7998
-291.129
-85.0998
-46.7947
-323.492
-51.1685
-7.8834
-324.281
-56.4295
32.4112
-308.856
-61.5108
9.11635
-313.273
-57.2994
35.5635
-313.936
-98.1826
58.0387
-321.672
-112.205
55.9004
-351.916
-85.2002
97.5138
-367.46
-115.607
152.484
-347.232
-152.984
123.46
-374.991
-150.048
26.7291
-227.292
-81.7083
29.5711
-70.3797
-24.3164
76.0763
-26.7613
37.2986
50.4469
20.3788
83.1432
24.1865
-56.7378
0.795783
-47.462
-166.667
-34.0868
-45.1537
-222.103
-68.8783
-30.5332
-255.704
-79.9818
-21.8927
-264.799
-87.9477
-13.3701
-277.232
-74.8961
-12.2555
-277.579
-70.0082
34.1171
-263.845
-82.6327
36.0731
-260.94
-86.829
44.2511
-262.017
-81.5175
54.7046
-249.923
-88.8915
39.5992
-271.123
-94.5175
20.1602
-293.786
-70.6405
35.9359
-283.853
-93.7681
99.9351
-267.58
-127.674
103.084
-191.823
-108.307
18.3294
-152.659
-81.7544
17.3487
-41.5564
-53.1124
24.8103
25.1569
109.9
107.318
324.162
-115.353
24.6506
96.3889
-173.018
-13.8058
76.0797
-191.911
55.8538
43.7716
-162.728
67.6666
14.4793
-201.5
13.6057
-0.261114
-192.39
-8.09233
-39.2969
-133.994
-45.1597
-67.0898
-128.299
-24.6966
-85.5049
-158.777
-25.453
-103.522
-154.192
-19.4949
-127.712
-122.447
-6.53501
-133.5
-132.4
-9.8117
-136.118
-147.097
19.5909
-143.196
-125.104
5.78466
-146.281
-101.718
26.8303
-150.922
-72.0482
25.8769
-162.79
-64.4903
15.3104
-163.716
-65.5541
25.3591
-163.084
-71.8996
46.5116
-150.343
-85.6149
64.8432
-156.97
-62.7656
41.6372
-183.963
-24.6193
54.8502
-198.737
-13.7436
113.406
-109.429
40.3819
82.4323
-23.5691
72.8636
44.7319
43.9111
45.1558
-60.3275
63.4671
74.1152
271.487
80.7336
-221.302
-60.7583
3.01632
-144.005
-14.2896
-50.9857
-93.8989
47.1652
-101.529
-36.0301
33.9526
-93.0674
-66.5143
41.8288
-94.4574
-84.4221
32.9494
-104.169
-70.0417
36.8882
-114.218
-73.6975
36.0067
-116.373
-101.687
24.4093
-134.175
-89.7554
49.3295
-157.619
-64.1762
15.7998
-166.065
-71.219
33.8426
-171.944
-72.3323
18.6529
-166.056
-81.4859
43.9324
-166.871
-81.0706
84.8371
-166.458
-59.9218
109.827
-168.167
-30.5354
106.761
-169.389
-9.87457
92.1334
-157.983
-1.10416
96.965
-129.492
5.48759
76.8473
-99.5197
45.842
46.6084
-69.2743
67.6889
90.2909
-61.5401
129.325
113.152
7.47647
197.931
162.192
35.1442
132.612
-146.398
9.91424
-22.24
-67.3656
-46.3976
-35.0382
-50.7004
-75.5646
-42.2085
-24.6163
-60.6495
-54.1841
-9.74311
-63.1753
-69.4354
21.7275
-78.4502
-44.7416
49.2235
-62.0812
-46.998
25.7263
-67.9421
-76.9061
91.057
-71.3277
-79.4155
94.8099
-109.441
-76.5224
131.462
-140.338
-39.2142
85.025
-138.208
-13.655
18.3064
-119.209
-7.05016
-35.2694
-78.9296
-2.14362
-49.3381
-48.6156
-9.27813
-38.0385
-48.6451
-9.51355
-27.0829
-30.6354
-17.0878
-8.4366
35.1182
-1.73631
37.6518
86.1706
-3.59748
26.8022
110.724
20.6517
65.4362
89.0036
72.2342
81.0632
74.9126
52.5054
204.048
123.896
-6.65763
164.695
163.878
50.8798
325.209
-140.537
359.309
-107.021
-109.593
241.799
-107.89
-74.1155
170.119
-70.4455
-55.7502
128.932
-9.47811
-45.8339
113.988
9.2667
-38.1922
103.832
7.60244
-27.1501
95.4521
16.7783
-21.3231
72.378
2.77704
-16.3417
66.1498
-1.22389
17.904
108.653
40.765
