-4.76379
-176.346
444.067
-345.409
482.116
25.8944
-213.309
154.885
-202.512
-170.406
-84.0616
163.248
-299.16
-361.029
-155.889
-660.076
332.064
255.067
-478.642
292.911
305.95
21.1473
19.3611
133.662
-273.889
-28.6102
-8.56842
-347.746
-152.65
121.338
-566.148
142.21
-123.466
-528.882
149.154
167.019
-327.213
359.151
247.59
-20.4093
28.3629
81.3986
18.93
-39.5366
3.28939
-252.044
59.1422
123.403
-211.878
-171.63
4.57401
-507.281
375.734
181.512
-452.309
183.347
-157.977
-331.001
-32.6617
-28.6355
-238.11
-154.225
432.345
-400.168
111.043
166.98
-140.866
-140.73
-161.946
-21.7482
95.7683
40.4282
-183.683
-16.6827
-84.0542
-188.726
-62.5825
10.3771
-379.763
276.323
-137.012
-407.249
310.607
206.11
-181.355
-306.847
182.303
-247.519
-180.123
-127.228
-434.127
41.9776
115.071
-240.502
-438.796
510.213
-357.526
200.433
170.442
-151.2
-141.677
-227.993
136.928
-341.015
-57.3216
-45.6025
120.631
70.1135
-117.327
-23.2416
-52.077
-361.958
189.022
-65.7781
-229.653
-188.365
-271.211
-417.285
160.921
-32.2229
-245.314
-267.49
40.4309
-436.346
209.205
128.018
-262.52
-254.169
224.917
-237.688
-419.399
356.881
-443.498
115.204
-6.71264
-507.235
200.425
24.5431
-301.215
-290.881
420.533
-47.1883
-159.417
106.143
16.8171
-13.3607
-115.448
45.4411
17.4617
-61.8628
-128.805
165.683
-63.5431
-162.334
-94.6289
-134.209
-267.182
-161.921
-66.1108
-437.581
136.224
9.69194
-398.791
27.9965
133.322
-311.411
-225.627
33.4394
-481.57
143.587
24.2916
-280.845
-362.095
43.3572
-238.862
-431.552
302.403
-563.632
320.811
-43.6258
-418.344
-44.7871
43.2161
-375.018
-135.068
264.931
-421.999
-19.3154
-30.9574
-210.171
-76.1008
59.4214
-127.776
114.251
115.133
45.0223
-140.91
-36.6486
28.7227
127.491
41.2049
-182.725
245.316
-95.9364
-141.725
-106.23
-60.215
-213.026
-131.532
89.8253
-249.573
-153.317
24.5573
-342.743
0.147258
9.80604
-174.526
-332.922
103.074
-426.901
265.431
138.499
-177.426
-245.382
105.186
-183.791
-214.098
184.695
-273.416
6.63313
-321.558
-296.249
45.1377
-68.5895
-195.502
-239.456
50.9827
-402.346
182.264
-165.813
-203.54
-250.077
119.067
-204.042
-258.979
197.564
-323.002
172.622
106.988
-292.868
221.622
-29.3887
230.17
-679.318
-53.2579
-105.919
404.53
138.287
307.291
-314.373
-12.9014
-66.2264
140.331
-52.5102
277.069
-642.638
109.295
-50.0379
7.76502
234.628
-103.281
31.328
-1.091
16.6458
-234.214
-70.0562
-151.079
94.3635
-193.242
59.4494
-413.639
9.18883
-69.9817
-202.558
141.496
-19.1058
-333.836
47.6764
-204.634
51.6019
69.5157
-164.6
-59.7806
3.59919
-107.001
-173.347
-154.264
-53.1987
-268.187
-115.489
-81.4843
-146.235
62.8454
-262.22
268.897
-188.144
-114.044
-97.5013
135.773
-70.3278
-247.878
44.6431
-244.952
106.205
-65.1658
-128.833
-157.407
174.326
-90.8252
-223.603
78.5071
-132.578
-158.331
19.5993
-311.738
196.062
102.598
-176.551
177.724
315.513
-120.335
279.603
105.346
167.855
-250.685
-211.165
-129.899
233.493
252.075
352.582
-818.091
-3.85606
-194.953
299.901
-143.938
-134.466
93.6267
27.8519
-234.095
264.627
-33.8499
88.0891
-441.474
147.295
-5.92448
-260.166
94.0543
10.9328
-294.914
-5.07905
-143.372
21.4964
40.0057
-60.5852
-185.741
17.7596
-368.354
436.944
52.694
-234.81
122.186
12.0891
-122.197
-180.061
-80.3688
-156.82
-149.055
-221.846
-62.6219
-373.702
210.842
-129.44
-224.266
152.607
-373.102
332.211
173.077
-137.099
-128.859
219.105
-178.195
-16.3117
75.9093
-103.325
-128.137
116.413
-156.352
59.4778
96.4073
-178.236
202.24
21.1266
66.4661
-235.281
12.2104
-117.279
254.638
325.113
-153.522
523.427
357.611
-272.032
664.233
-179.086
233.421
-534.542
50.524
-117.782
85.3046
-9.45534
-3.37081
-212.853
-55.417
-124.607
61.1908
-36.0445
28.9507
-286.225
-43.6501
-168.117
111.486
-0.945376
-168.532
144.301
17.731
-125.09
5.86038
197.986
-198.491
163.957
245.029
78.2546
-489.037
374.247
-155.475
-22.9063
-26.5159
-137.018
-22.3965
-103.744
-86.5855
-85.8988
-71.1714
-132.871
108.19
-63.3566
-96.2148
97.7703
-17.0224
-56.7927
16.5368
-105.213
108.836
-299.47
-82.9266
45.7607
-21.9661
158.132
138.663
-93.252
180.745
139.102
-35.4585
-67.5512
24.2636
251.9
17.3451
-182.625
651.326
282.01
455.55
-680.348
201.783
127.918
318.057
478.612
-283.063
728.332
-281.838
-77.6559
223.023
-87.076
-35.7511
119.956
-29.8656
50.9075
-81.9077
-27.8189
-77.213
167.47
12.2019
-88.5289
202.59
-14.3243
-94.3614
217.769
70.7738
98.5305
-183.393
6.11634
210.298
-407.674
-77.8076
-251.26
602.919
-110.978
