-68.6704
-66.4158
330.517
-300.683
336.153
-40.7716
-236.461
150.539
-38.1429
-171.79
-74.8648
149.459
-372.716
-208.353
-86.7047
-577.054
123.796
272.86
-497.62
312.171
218.323
9.25866
34.4339
108.054
-260.45
-50.4816
-13.8514
-368.56
-89.0138
105.61
-469.305
43.3865
-130.186
-499.201
160.434
172.123
-286.286
277.931
254.5
-5.52179
13.0728
76.165
-16.3973
36.3014
13.2444
-248.103
42.292
68.3755
-310.901
22.8526
-92.9255
-397.554
118.068
94.0847
-424.907
95.1303
-47.543
-376.734
40.2857
89.9901
-303.314
-37.6372
368.969
-349.253
-44.0513
179.409
-198.325
-53.3218
-95.2431
-47.7
152.438
32.6623
-231.875
86.899
-74.8553
-275.538
53.2013
66.0535
-313.493
49.5209
-51.4748
-364.223
97.9677
156.218
-304.095
-111.16
148.604
-331.552
-65.1326
-43.1234
-409.038
-35.2869
79.3272
-317.026
-261.178
316.275
-239.99
-43.1366
165.158
-143.98
-134.568
-93.0777
55.9905
-118.991
-89.5179
23.3661
-26.8718
34.3915
-170.547
62.2833
-56.5301
-307.762
52.5524
4.61807
-284.643
-69.9499
-105.563
-310.391
-32.4949
57.6735
-281.071
-130.039
2.70295
-366.61
60.9833
45.0831
-328.933
-75.3596
150.796
-304.349
-202.589
174.959
-371.634
-44.7384
-7.01275
-370.121
-91.0551
47.3921
-341.265
-200.128
267.852
-70.8861
-106.496
163.773
38.9279
-29.0114
-16.5175
45.9683
11.8981
-57.07
-96.8955
86.616
-15.5468
-199.214
-24.7069
-95.3619
-288.944
-122.372
-37.2791
-360.338
-10.2144
-10.2664
-367.544
-12.6588
100.663
-325.204
-96.5699
-28.9476
-373.394
-7.38456
32.3052
-340.303
-136.26
51.4333
-330.971
-177.844
110.641
-427.96
23.3667
67.0559
-410.033
-70.6575
159.148
-364.957
-152.956
168.472
-410.56
-96.8183
-14.8878
-229.829
-84.3427
-3.11047
-66.8461
-30.738
98.4389
-31.5607
40.3102
55.9847
19.8275
116.405
52.8529
-110.384
55.0695
-30.4107
-190.731
0.0420334
-50.8927
-224.351
-92.9283
32.4468
-262.273
-92.618
-9.39993
-274.523
-96.3945
11.072
-277.86
-90.5269
-8.56583
-306.264
-13.8768
112.902
-258.202
-96.6126
56.7194
-246.498
-118.847
81.1049
-284.248
-28.0663
-29.8087
-264.58
-54.3251
-2.62538
-262.902
-116.602
-8.36363
-323.865
-7.75693
-29.4824
-290.966
-89.1718
113.672
-271.904
-139.815
132.767
-214.663
-85.8632
-13.3368
-199.274
-13.1898
-33.6303
28.4624
-240.999
11.3297
-49.9674
269.978
115.869
312.461
-186.066
28.0131
32.4595
-59.046
-31.9225
141.097
-339.797
66.256
32.3368
-151.375
146.086
-15.6021
-148.929
42.3744
-4.28404
-188.582
14.5668
-63.5921
-86.3198
-68.3488
-52.4831
-157.333
-34.256
-76.8207
-175.023
18.3458
-85.4378
-180.328
-20.6161
-139.832
-77.5716
7.55548
-117.513
-145.151
-29.7293
-108.422
-181.901
16.7323
-113.712
-155.661
-49.3572
-124.568
-102.82
39.9719
-172.353
24.5273
-22.8373
-155.133
-40.1276
35.9405
-140.96
-90.9793
34.2347
-168.187
-53.2556
48.5743
-138.189
-116.256
112.592
-147.75
-90.4115
54.3352
-194.629
-12.9607
56.123
-226.195
28.9559
150.641
-139.337
91.4949
144.786
-70.9821
150.738
3.8111
57.9215
-10.4642
-154.325
-40.8096
87.5925
230.158
177.063
-454.742
-14.1089
-29.6386
-60.2102
-66.4743
-48.8345
-82.3786
42.5882
-143.931
75.5064
9.12795
-67.5462
-96.4735
57.2329
-63.9527
-125.683
51.8943
-85.5465
-86.1435
12.2944
-113.68
-52.0222
35.2997
-99.2333
-120.927
14.2869
-144.856
-49.4988
71.2702
-169.91
-26.2731
-9.94797
-171.388
-59.5425
33.4036
-177.826
-73.3308
-46.9564
-138.714
-161.276
83.4323
-161.937
-115.952
125.436
-186.85
-29.0372
169.737
-168.82
-30.7949
164.847
-173.565
4.9155
106.535
-156.327
8.72521
121.664
-125.704
13.114
101.7
-109.221
86.9473
32.638
-51.2041
47.3086
77.3074
-93.9746
216.496
208.482
-20.2869
256.904
243.09
-42.5586
240.545
-190.075
51.7672
-133.909
-57.6844
-71.0915
-5.32934
-40.4047
-91.0737
-28.7323
-34.6713
-77.8727
-35.9127
-0.0419796
-54.4734
-106.156
22.0272
-90.1525
-39.0365
64.4882
-83.9534
-12.3111
21.1538
-92.6187
-44.2284
125.934
-54.5458
-123.463
122.279
-79.5603
-147.49
242.653
-162.381
6.22913
85.4902
-140.179
-1.24976
-17.1989
-108.349
-18.9809
-85.5507
-78.4218
13.3146
-93.0211
-37.4224
-13.0565
-45.0856
-39.6885
-6.62758
-40.5285
-10.7821
-37.6471
-20.6916
52.5423
-10.9993
84.7
121.612
-49.9969
82.0178
139.335
-9.06845
53.1252
60.1169
182.293
79.4161
48.8183
161.378
269.238
206.225
-149.387
195.765
253.156
33.5523
444.933
-210.445
529.946
-230.622
-101.318
243.452
-155.82
-69.8282
170.145
-70.7014
-52.2461
119.47
0.641244
-45.1579
100.85
20.4965
-39.8643
91.7757
-5.77245
-42.1285
105.524
13.201
-5.27202
20.116
-0.840427
7.06904
2.74346
-27.983
-49.9189
176.265
-19.8347
