-0
-0
0
-0
-0
0
-0
-0
0
-0
-0
0
-0
-0
0
-0
-0
0
-0
-0
0
0
-0
-0
-0
-0
0
-0
-0
0
-361.968
-0
0
-0
-0
0
-0
-0
0
0
0
-0
-0
0
-0
-0
-0
-0
-0
-0
0
-366.585
-0
0
-294.389
-0
0
-197.357
-0
0
-0
-0
0
-0
-0
0
-0
-0
-0
-0
0
-0
-0
-0
-0
-0
-0
-0
-300.772
-0
0
-311.835
-0
0
-328.407
-0
0
-297.111
-0
0
-341.034
-0
0
-82.3921
-0
0
-0
-0
0
-0
-0
0
-0
-0
0
0
-0
-0
-0
-0
-0
-0
-0
-0
-41.1063
-0
-0
-309.932
-0
0
-295.776
-0
0
-321.777
-0
0
-297.128
-96.2816
0
-339.832
-162.987
0
-277.221
-272.214
0
-337.301
-0
0
-0
-0
0
-0
-0
0
-0
-0
0
0
-0
0
0
-0
0
-0
-0
-0
-0
-0
-0
-0
-0
-0
-120.884
-58.7336
-0
-234.244
-167.847
0
-298.039
-0
0
-283.894
-59.3835
0
-242.678
-182.699
0
-297.9
-113.045
0
-256.205
-255.945
0
-291.244
-274.703
0
-179.994
-44.0237
0
-0
-0
0
-0
-0
0
-0
-0
0
-0
-0
0
0
-0
0
-0
-0
-0
-0
-0
-0
-0
-0
-0
-0
-107.671
-0
-62.0514
-353.747
-0
-258.003
-0
0
-212.732
-63.6362
0
-242.307
-1.24844
0
-144.268
-224.726
0
-222.949
-41.4377
0
-165.677
-222.038
0
-219.064
-187.813
0
-223.234
-230.013
0
-0.746842
-0
0
-0
-0
0
-0
-0
0
-0
-0
0
-0
-0
0
357.49
0
0
0
-0
0
0
-0
-0
0
-0
-0
0
-0
-0
0
-0
-0
-0
-0
-0
-0
-0
-0
-0
-0
-0
-0
-0
-0
-0
-215.195
-0
-0
-317.273
-0
-110.665
-122.78
-0
-166.547
-90.5148
-0
-216.044
-0
-0
-152.144
-84.9053
0
-175.279
-58.482
0
-115.629
-180.263
0
-116.268
-109.206
0
-146.584
-0
0
-24.4131
-0
0
-0
-0
0
-0
-0
0
-0
-0
0
-0
-0
0
-0
-0
0
0
-0
0
0
-0
-0
0
-0
-0
0
-0
-0
0
-0
-0
-0
-0
-0
-0
-0
-0
-0
-0
-0
-0
-0
-0
-0
-0
-0
-0
-58.9686
-0
-0
-99.9575
-0
-27.0493
-0
-0
-142.288
-0
-0
-102.568
-0
-0
-111.732
-0
-0
-71.1317
-0
0
-0
-0
0
-0
-0
0
-0
-0
0
-0
-0
0
-0
-0
0
-0
-0
0
-0
-0
0
0
0
0
0
0
-0
0
0
-0
0
0
-0
0
0
-0
0
0
-0
-0
0
-0
-0
-0
-0
-0
-0
-0
-0
-0
-0
-0
-0
-0
-0
-0
-0
-0
-0
-0
-0
-0
-0
-0
-0
0
-0
-0
0
-0
-0
0
-0
0
0
-0
0
0
0
0
0
0
0
0
0
0
0
0
0
0
0
0
0
0
0
0
0
0
0
0
0
-0
0
0
-0
0
0
0
0
0
0
0
0
0
0
0
0
0
0
0
0
0
0
0
0
0
0
0
0
