-0
-153.669
0
-0
-0
0
-0
-0
0
-0
-87.1381
0
-285.278
-33.3442
0
-536.307
-0
11.3133
-36.2992
-0
88.5444
0
-0
-0
-3.63337
-0
0
-406.195
-0
0
-409.275
-0
0
-419.901
-0
128.474
-0
0
0
0
0
-113.351
-0
0
-0
-94.2083
0
-0
-386.288
0
0
-356.88
0
0
-383.916
-0
17.1049
-328.864
-0
41.1731
-268.312
-0
0
-122.397
-0
0
-0
-0
0
-0
0
-0
-7.17882
0
-0
-322.679
0
0
-295.148
0
0
-326.1
-0
0
-332.166
-0
0
-369.973
-0
0
-338.991
-244.693
0
-320.784
-259.821
0
-178.674
-0
0
-0
-0
0
-0
-0
0
0
0
0
-0
-0
-0
-215.947
-0
-0
-324.254
-0
0
-325.645
-0
0
-345.25
-0
0
-359.159
-0
0
-375.761
-0
0
-285.369
-254.369
52.3775
-358.416
-111.491
0
-289.947
-337.485
75.7076
-387.046
-117.025
24.0903
-0
-0
0
-0
-0
0
0
-0
0
0
-0
-0
-0
-0
-0
-139.302
-0
-0
-252.854
-186.833
-0
-327.808
-0
-0
-301.338
-44.013
0
-317.281
-17.8226
0
-350.211
-0
0
-290.012
-160.986
0
-329.585
-94.1673
0
-256.241
-336.984
0
-313.634
-164.545
0
-328.298
-271.09
0
-182.247
-0
0
-0
-0
0
-0
-0
0
-0
-0
0
0
-0
-0
-0
-0
-0
-0
-93.4483
-0
-169.752
-207.834
-0
-231.064
-93.8468
-0
-254.884
-56.2954
-0
-255.311
-44.3608
-0
-269.005
-8.19675
0
-256.189
-29.8918
0
-248.517
-52.3491
0
-187.559
-177.377
0
-226.499
-140.638
0
-164.464
-326.045
0
-327.832
-0
0
-184.012
-324.918
0
-168.702
-120.834
0
-0
-0
0
-0
-0
0
-0
-0
0
594.432
0
0
27.4417
-0
0
0
-0
-0
0
-0
-0
0
-0
-0
-0
-37.3265
-0
-0
-136.755
-0
-0
-218.193
-0
-0
-275.413
-0
-144.803
-68.514
-0
-88.747
-246.948
-0
-166.412
-69.0834
-0
-179.47
-62.8251
-0
-187.32
-33.6011
-0
-206.281
-0
0
-192.091
-0
0
-165.729
-83.9253
0
-169.985
-51.9515
0
-95.577
-216.247
0
-112.041
-151.323
0
-152.899
-56.3596
0
-129.946
-132.629
0
-73.4033
-0
0
-0
-0
0
-0
-0
0
0
-0
0
0
0
0
58.2418
-0
-0
0
-0
-0
-0
-0
-0
-0
-0
-0
-0
-112.837
-0
-0
-176.992
-0
-25.5647
-162.876
-0
-129.422
-29.5406
-0
-51.6682
-204.738
-0
-162.707
-0
-0
-168.483
-0
-0
-189.252
-0
0
-200.138
-0
0
-185.834
-0
0
-177.416
-0
0
-162.337
-0
0
-85.7494
-150.803
0
-80.3577
-123.185
0
-143.474
-0
0
-6.70053
-0
0
-0
-0
0
-0
-0
0
-0
-0
0
0
0
0
219.295
0
-69.0541
0
0
-0
0
0
-0
-0
-0
-0
-0
-0
-0
-0
-0
-0
-0
-0
-0
-0
-0
-0
-65.7163
-0
-0
-113.855
-0
-0
-147.089
-0
-0
-168.192
-0
0
-132.063
-0
0
-114.209
-0
0
-0
-0
0
-0
-0
0
-0
-0
0
-0
-0
0
0
-0
0
0
0
0
0
0
0
0
0
0
56.9048
0
0
38.4771
0
0
0
0
0
-0
960.172
-0
-0
0
-0
-0
20.6693
0
-0
101.391
0
0
71.3625
0
0
0
0
0
0
0
0
0
0
0
0
0
27.8469
0
0
