-26.9712
-48.5781
0
-219.415
-0
-0
-0
-0
254.211
-154.571
-40.6191
36.0072
-467.402
-42.8336
134.621
-528.77
-0
0
-382.536
0
123.717
0
-0
-0
-207.771
-0
0
-374.943
-0
0
-414.359
-0
77.1799
-414.848
0
31.3055
-220.162
0
241.471
0
62.7617
-206.394
-0
38.5947
0
-261.275
24.904
0
-347.792
32.0969
0
-376.173
0
48.7571
-380.498
0
152.59
-352.757
-0
57.873
-309.77
-0
138.415
-306.038
-101.549
0
-80.0844
-0
-0
-0
164.691
0
-230.662
30.2038
0
-289.696
0
0
-299.781
0
37.6054
-331.707
-0
10.1512
-353.638
-0
82.7838
-374.217
-0
0
-413.162
-89.6244
23.596
-279.344
-436.114
112.089
-278.226
-0
59.9109
-65.9251
-204.335
0
0
-0
0
0
-0
0
-152.129
0
0
-286.713
-0
0
-307.457
-0
0
-299.098
-70.5284
0
-332.759
-38.0385
0
-353.327
-22.1757
0
-384.65
-0
71.3433
-340.894
-127.398
121.479
-335.079
-154.83
0
-343.173
-200.365
0
-317.872
-314.634
127.031
-106.736
-17.1571
40.3539
-0
-0
0
0
-0
0
0
0
-0
-145.038
-0
-0
-287.606
-98.2845
-0
-319.5
-67.9789
-0
-341.327
-33.6605
0
-306.192
-85.617
0
-346.662
-2.36848
0
-338.176
-67.3475
1.64876
-322.015
-127.285
18.7596
-340.535
-117.695
47.7687
-368.415
-104.119
107.381
-297.448
-255.161
88.7435
-330.519
-245.154
0
-243.559
-48.6916
0
-52.7925
-0
0
-0
-0
0
0
-0
0
0
-0
-0
-102.557
-49.9119
-0
-184.952
-150.554
-0
-268.403
-42.1397
-0
-271.444
-62.3727
-0
-281.134
-59.849
0
-283.177
-38.729
0
-300.604
-0
0
-278.645
-45.467
0
-254.445
-102.877
0
-243.098
-115.458
0
-248.537
-162.426
0
-287.182
-97.5449
0
-274.538
-127.53
0
-268.514
-148.331
0
-185.4
-128.352
0
-106.646
-178.379
0
-0
-0
0
0
-0
0
451.816
-0
0
22.9483
-0
0
49.0558
-99.5116
-0
84.675
-277.136
-0
0
-219.612
-0
0
-208.279
-0
-0
-186.801
-0
-29.9413
-189.374
-0
-79.0842
-163.959
-0
-96.9272
-157.092
-0
-124.403
-113.638
-0
-142.781
-88.5765
0
-154.148
-81.9487
0
-144.103
-89.8376
0
-185.274
-0
27.6211
-163.463
-29.0706
23.8803
-150.277
-85.9466
10.2654
-127.47
-129.148
0
-154.482
-79.5205
0
-129.364
-117.937
0
-177.621
-13.6142
0
-166.066
-61.7917
0
-158.308
-130.59
0
-44.6951
-0
0
-0
-0
0
0
-0
0
0
-0
35.97
23.3794
-0
-0
0
-19.1976
-0
-0
-233.847
0
-0
-230.733
0
-129.49
-7.34066
0
-53.8159
-201.495
-0
-126.292
-50.3074
-0
-133.645
-52.1092
-0
-121.705
-101.213
-0
-163.247
-33.5515
-0
-188.369
-0
0
-173.049
-44.6357
0
-172.126
-52.8468
8.9453
-191.274
-0
53.925
-181.341
-0
61.4402
-151.467
-39.3775
52.4319
-140.539
-54.0294
49.9886
-125.015
-70.3342
49.507
-150.881
-0
56.2071
-120.155
-0
56.5489
-83.9781
-0
39.6599
-0
-0
47.5182
-0
-0
33.2274
0
0
90.4471
209.093
0
-58.2274
0
-0
-32.5196
-0
-0
-60.3853
-19.4534
-22.9925
-43.092
-46.6634
-30.8422
-49.3725
-75.5251
-0
-0
-84.8487
-0
-0
-91.2485
-0
0
-112.254
-0
0
-139.899
0
77.4437
-176.727
0
0
-192.383
-0
0
-176.302
-0
0
-156.84
-0
0
-115.857
-0
0
-90.7411
-0
0
-107.691
-0
0
-23.5666
-0
2.97225
-0
0
69.5124
0
0
53.3959
28.4448
19.9836
63.9032
63.3158
8.78923
16.0936
45.6396
0
126.442
0
0
20.793
0
0
0
-152.047
816.71
-0
-0
0
-0
-46.4303
126.965
-0
-40.5001
130.901
0
-0
57.7896
0
-0
63.802
0
-0
64.4608
55.5032
0
87.6079
21.8154
0
63.2245
0
4.02294
57.7653
0
