-93.8394
-39.3377
249.335
-286.882
276.7
-73.0543
-223.301
123.552
56.246
-173.266
-66.1989
135.018
-407.493
-133.582
-31.9531
-546.927
40.3636
247.073
-494.063
280.088
180.15
3.68615
43.8223
86.2629
-251.774
-62.4777
-5.84749
-376.394
-59.7379
88.5138
-441.504
20.9257
-89.8661
-482.356
150.362
145.205
-266.266
221.729
241.09
6.88188
11.4702
54.7852
-33.8729
71.1867
28.1959
-243.129
31.2204
23.6528
-328.244
50.9808
-88.8077
-382.139
78.09
54.3143
-411.926
65.4751
-0.692255
-380.695
51.2921
110.399
-308.659
-28.8399
324.711
-328.512
-97.2434
183.68
-216.905
-29.3686
-55.3711
-62.6795
182.898
22.5661
-242.822
101.959
-40.3903
-295.206
66.5967
60.0334
-320.221
27.8936
-8.22258
-365.961
59.273
113.479
-338.468
-67.0206
127.198
-347.381
-65.9687
-4.171
-399.79
-81.2471
77.5227
-355.68
-186.965
254.032
-222.482
-94.4276
158.067
-145.678
-135.57
-64.6124
36.4949
-74.5776
-86.6226
30.9511
-39.0048
23.815
-181.517
71.8311
-27.402
-296.347
22.4886
14.8861
-293.654
-45.8725
-38.9577
-304.603
-35.9168
56.7147
-294.502
-88.163
16.7125
-340.916
-0.232164
38.7291
-333.166
-63.1748
126.838
-324.278
-143.651
109.878
-355.297
-86.3727
-8.25283
-350.612
-135.498
51.3389
-348.787
-185.104
216.987
-80.768
-92.4856
153.559
35.7271
-32.1681
-7.79612
42.0223
4.19441
-44.3364
-71.6249
57.6658
-5.29469
-190.814
-38.5134
-65.3258
-294.439
-96.2363
-40.4058
-338.536
-36.9699
-10.3336
-343.149
-38.118
58.7641
-320.912
-63.5996
-12.0836
-337.593
-37.9558
36.0943
-328.96
-105.244
57.1513
-332.95
-125.871
67.684
-381.131
-50.7556
92.9156
-389.659
-94.2307
170.888
-356.06
-156.005
140.39
-391.747
-132.66
2.94468
-231.988
-80.2804
8.16434
-68.7512
-28.7137
86.9157
-32.4677
45.7631
57.454
15.9698
102.647
39.0073
-81.579
13.8468
-33.6027
-178.038
-18.9105
-43.3066
-226.537
-73.0068
-4.52642
-261.156
-79.772
-19.0415
-269.609
-89.9223
-3.71138
-282.54
-71.4969
-16.7371
-288.161
-52.5809
67.6233
-265.754
-81.9598
43.6934
-259.619
-93.1048
55.8014
-270.166
-65.2933
37.4208
-254.26
-79.3558
26.9201
-271.627
-94.8123
1.2462
-306.015
-43.8194
12.6588
-289.995
-84.2373
106.746
-272.471
-128.596
112.976
-198.359
-108.189
-6.16977
-168.658
-65.6481
-7.02515
-22.752
-110.887
17.6564
-5.98437
172.783
110.504
321.607
-137.833
35.2793
76.9569
-143.58
-22.4385
95.6162
-234.843
60.096
44.0038
-166.699
100.625
8.61819
-193.439
30.0607
0.0668878
-193.787
9.83251
-44.8529
-120.715
-47.1852
-63.9654
-129.01
-30.9388
-80.116
-164.259
-16.8166
-95.0491
-161.771
-25.6487
-128.532
-107.602
-2.18967
-125.477
-135.302
-19.3267
-122.779
-161.127
23.8066
-129.523
-136.91
-17.3064
-135.84
-102.112
32.398
-152.402
-44.6706
15.0486
-159.404
-50.8291
17.0705
-156.362
-67.0351
25.7216
-161.591
-68.8813
53.9678
-144.046
-98.3739
84.8876
-153.763
-70.6313
48.5329
-190.32
-13.5127
60.6863
-210.059
4.35293
139.111
-121.639
62.2306
100.533
-43.0993
103.018
25.1556
43.4745
33.9226
-106.104
21.2462
65.8478
250.669
114.869
-314.403
-39.1939
-1.43369
-128.893
-31.7635
-49.1275
-89.5105
46.9813
-115.295
3.54776
18.9668
-87.3952
-65.9176
40.6392
-85.1688
-92.5842
37.7424
-99.217
-69.5687
29.9407
-113.443
-66.0228
36.1991
-109.949
-109.445
17.7726
-133.578
-85.1096
59.0242
-161.833
-51.5313
6.28621
-170.604
-62.3865
42.1077
-175.853
-70.8466
-1.38341
-159.021
-106.439
54.6841
-165.349
-96.6631
106.91
-171.295
-57.0672
142.55
-171.533
-25.9443
132.695
-173.917
1.17125
102.631
-159.564
7.55972
109.856
-128.421
10.2181
87.6375
-103.222
63.8569
38.0843
-67.6117
74.0277
93.5554
-74.5517
165.225
152.887
-4.02552
222.727
200.95
5.39728
167.305
-170.447
19.82
-54.6158
-64.7557
-55.3384
-27.9692
-47.1016
-85.1238
-33.1037
-27.0594
-67.2867
-49.7696
-5.69171
-62.9362
-79.6291
25.3989
-84.2982
-41.4735
60.852
-69.1034
-36.9964
24.8055
-72.5297
-76.5488
106.034
-60.2899
-105.328
103.836
-98.913
-101.663
178.835
-147.386
-22.9296
97.4959
-140.93
-1.03756
5.63309
-116.642
-3.32048
-62.5571
-75.2784
2.89103
-71.5798
-40.8202
-11.8715
-45.2912
-42.7198
-7.68532
-33.7305
-22.1326
-21.3611
-12.3549
46.3911
-7.81505
60.0599
104.258
-24.83
45.4675
123.885
12.3191
66.9438
82.1008
113.579
80.1035
73.0164
84.2954
241.43
156.622
-57.7541
179.677
215.346
35.5767
389.787
-174.862
439.878
-164.679
-111.884
255.34
-145.883
-72.3919
170.369
-79.3063
-55.7042
125.737
-2.81871
-47.6196
110.883
15.172
-40.8091
99.8651
2.99983
-31.8832
93.5892
15.5361
-18.5569
55.058
1.52287
-13.4564
49.685
-14.2941
-8.6815
121.533
19.1452
