-2.52905
-180.798
447.933
-347.487
487.656
28.5461
-211.6
155.376
-209.582
-169.983
-85.385
164.547
-297.048
-365.921
-156.308
-665.192
343.468
251.914
-477.478
289.521
307.935
22.0934
17.832
134.818
-272.962
-30.4409
-6.81885
-348.002
-152.41
122.655
-572.694
150.691
-120.155
-531.15
150.029
163.742
-327.405
357.755
244.142
-20.5281
28.2847
81.1778
20.9267
-43.5097
3.35301
-250.232
56.6057
124.262
-206.251
-182.615
12.8017
-516.498
397.135
186.415
-454.602
190.386
-162.597
-327.634
-37.3375
-37.6044
-231.555
-166.825
430.996
-401.443
116.784
168.413
-138.733
-143.499
-163.046
-20.7812
93.4849
39.5718
-178.464
-28.4558
-82.1936
-184.602
-68.2231
6.31545
-387.167
295.754
-139.79
-413.153
329.943
206.443
-174.183
-318.44
182.723
-240.249
-192.661
-130.595
-432.18
37.7666
115.142
-238.866
-442.44
519.406
-362.991
212.126
171.049
-151.515
-141.396
-234.263
142.032
-354.719
-53.736
-50.2774
130.635
73.0566
-113.799
-30.4058
-48.1699
-364.23
194.662
-70.9797
-226.334
-195.771
-279.929
-428.557
182.733
-40.2176
-246.024
-269.709
42.7769
-438.824
214.102
134.558
-256.093
-270.304
229.806
-235.257
-428.605
364.27
-446.858
120.342
-10.0064
-515.044
215.798
23.2847
-298.172
-298.774
429.909
-46.8753
-160.786
104.717
13.4379
-8.78529
-121.296
44.8789
17.6602
-61.3686
-129.518
168.571
-65.4773
-158.014
-103.536
-132.587
-267.483
-160.316
-67.7125
-441.613
144.212
10.5773
-400.842
31.793
130.493
-313.42
-226.704
37.1336
-488.762
155.209
24.3734
-274.665
-379.481
43.7741
-232.744
-445.852
312.288
-568.883
333.056
-47.3965
-420.897
-38.8026
39.0247
-372.736
-141.348
267.904
-421.234
-18.5537
-32.3857
-209.857
-74.3011
62.4156
-134.387
128.675
116.211
49.7818
-152.308
-41.7809
28.1864
128.164
39.851
-185.585
254.222
-99.4757
-135.994
-118.208
-58.6968
-211.712
-134.059
91.7681
-250.011
-153.561
27.7217
-350.175
13.8418
7.30303
-166.958
-349.748
108.207
-436.488
287.539
136.887
-172.025
-255.076
107.656
-179.819
-219.615
190.149
-267.699
-2.02847
-334.921
-297.598
50.3796
-70.0757
-191.691
-245.538
56.2095
-408.18
197.565
-170.841
-194.956
-265.378
116.023
-199.035
-267.44
200.101
-329.602
188.649
114.65
-297.338
233.871
-26.6091
237.554
-694.306
-57.7715
-105.643
404.583
138.072
306.039
-314.903
-13.0598
-66.9222
141.572
-52.9868
279.796
-648.686
111.549
-52.4518
12.3232
237.139
-108.724
42.6551
-4.89138
19.9059
-240.954
-76.0312
-155.597
104.184
-198.715
67.1955
-430.794
12.9653
-69.1128
-204.302
146.364
-12.8323
-347.222
51.7267
-209.961
62.5123
72.7078
-172.741
-43.4912
6.91898
-109.202
-167.677
-167.787
-48.606
-277.533
-120.04
-78.209
-150.925
65.0615
-264.02
275.098
-193.436
-110.932
-102.928
142.022
-64.7256
-260.729
44.4791
-252.723
122.345
-72.9685
-128.237
-159.575
175.336
-86.5491
-232.597
82.6546
-125.799
-172.685
18.1753
-318.558
210.228
99.4982
-177.835
181.658
321.702
-123.534
288.544
113.835
174.089
-263.754
-210.784
-132.11
239.678
253.034
359.574
-832.158
-3.96485
-203.909
319.208
-145.653
-141.42
107.514
26.4832
-236.225
268.444
-36.905
99.506
-467.139
151.89
-5.58839
-262.286
95.59
17.9763
-310.66
-5.22314
-143.539
22.0343
39.5887
-61.0189
-184.623
17.5921
-388.942
480.048
48.5919
-238.837
130.544
16.5302
-118.69
-189.263
-85.1605
-151.84
-161.958
-230.367
-56.2256
-390.536
218.124
-126.417
-232.896
156.473
-389.216
363.965
172.371
-136.363
-133.45
219.839
-178.979
-17.8614
74.5547
-96.403
-145.117
113.31
-159.92
65.5474
94.9084
-183.937
211.747
19.4106
72.5315
-250.937
10.6451
-115.118
248.52
330.385
-164.45
545.393
363.979
-286.623
692.459
-176.43
246.269
-561.803
58.2536
-120.26
90.6578
-8.55298
3.56683
-227.178
-56.873
-128.313
69.3982
-39.1724
36.3358
-301.625
-48.8919
-175.934
127.232
-6.64142
-177.171
160.722
19.7094
-121.421
-2.759
204.103
-212.761
193.437
253.835
91.9874
-517.918
380.183
-150.18
-33.9637
-32.2126
-137.19
-22.4978
-111.018
-85.424
-88.9206
-68.3347
-138.902
120.21
-56.7579
-103.921
113.735
-16.5177
-58.0256
18.73
-112.04
122.635
-328.745
-89.8655
45.5437
-23.4244
163.871
140.882
-98.4788
186.81
133.261
-24.9817
-75.312
27.997
243.092
12.4178
-201.942
691.454
282.37
475.41
-722.552
201.372
115.669
344.32
479.205
-284.418
734.225
-279.983
-78.2651
226.271
-84.735
-32.7163
114.991
-28.4062
62.2849
-104.618
-31.366
-83.4124
180.498
9.29858
-97.7362
222.841
-12.9589
-96.1219
222.264
77.7241
107.722
-201.112
8.71133
228.365
-444.329
-82.18
-267.09
637.751
-116.567
