-114.579
-94.2409
47.0273
-248.756
61.5531
-92.1221
-97.6496
-2.38512
251.512
-175.307
-20.0517
78.3208
-415.335
-64.1306
85.0498
-489.021
-44.7451
98.8701
-383.68
65.0807
130.977
8.93157
60.8614
-4.83868
-240.417
-30.5225
15.7036
-365.511
-50.3456
22.3975
-406.184
-26.558
45.464
-415.784
36.3474
86.376
-250.503
114.374
193.096
67.2057
92.0932
-100.754
-52.8635
73.6661
46.3699
-235.622
24.9856
-15.7337
-323.306
20.8793
0.750646
-360.41
18.0021
20.2276
-376.864
17.8409
61.2482
-361.438
22.1544
110.526
-309.96
-30.2542
197.852
-303.137
-112.687
120.659
-193.39
-53.2746
23.45
-55.0908
178.901
24.9983
-229.818
79.09
17.7059
-287.64
39.3317
23.2889
-318.731
17.4676
34.2747
-340.86
-5.79968
47.3105
-350.192
-39.0796
74.9649
-354.12
-77.9174
63.5043
-388.391
-130.146
97.0562
-370.2
-161.566
141.97
-224.942
-140.512
111.387
-145.985
-125.964
-1.60106
0.330136
-33.9985
-37.1183
38.2161
-19.5891
-9.36832
-180.813
66.4025
-3.13656
-276.846
-7.06656
2.65929
-296.555
-37.1194
16.7356
-299.951
-49.415
28.2735
-308.498
-65.5007
42.9867
-320.231
-71.3953
53.4796
-329.53
-88.8411
77.928
-337.209
-112.155
69.3364
-338.758
-124.247
54.2929
-342.868
-152.849
63.6343
-329.547
-171.111
94.5012
-100.156
-83.2044
68.8153
26.0503
-40.8001
8.25767
83.2285
-26.6521
36.0442
36.6393
43.1014
-5.47538
-163.539
-48.0403
-31.8757
-266.473
-85.148
-39.0622
-292.958
-83.6701
-6.25929
-293.774
-86.1877
10.9793
-281.77
-86.0435
22.6838
-279.255
-91.8169
31.7529
-286.409
-108.653
44.7671
-295.516
-120.077
51.3218
-312.199
-128.644
74.3194
-330.086
-145.11
91.1274
-329.057
-154.539
85.7188
-338.335
-160.09
64.5463
-208.281
-97.3249
60.9858
-70.8122
-29.3796
52.8479
-8.56241
10.9744
30.0189
60.5025
31.6883
23.3522
12.33
1.66958
-54.4174
-137.417
-57.4647
-49.7928
-196.971
-83.7939
-47.1169
-233.353
-94.738
-26.7112
-243.741
-100.106
-19.1753
-251.135
-100.064
-8.57101
-250.452
-98.669
4.55247
-244.557
-98.998
18.5859
-243.487
-99.7265
29.5632
-243.186
-101.331
41.1542
-240.083
-103.36
43.2005
-258.65
-113.883
45.6593
-270.519
-119.143
57.5761
-267.438
-126.751
78.1744
-252.006
-133.493
84.7367
-182.773
-110.905
61.9644
-130.224
-86.6654
51.0026
-43.8096
-27.4943
32.4383
76.8514
38.5766
94.6543
264.031
-56.968
-16.1769
112.155
-143.177
4.36894
57.201
-163.216
33.8023
32.9066
-156.262
19.2407
-1.52268
-171.852
-21.5295
-19.7839
-164.068
-41.9876
-47.5643
-142.784
-44.7195
-78.3629
-140.78
-24.8352
-105.389
-148.563
-20.514
-126.31
-143.438
-10.8885
-141.948
-132.809
-5.2384
-153.956
-128.555
2.04046
-163.92
-125.137
13.4599
-168.681
-112.141
19.3409
-168.449
-101.135
21.9286
-166.401
-91.4612
25.7002
-173.112
-87.0172
25.0252
-173.408
-81.5868
28.4836
-171.122
-77.3927
32.3738
-163.97
-70.5763
35.3862
-164.184
-59.0793
29.8688
-173.759
-50.574
33.8047
-174.683
-42.821
54.0903
-91.1455
0.773673
57.0693
-2.71143
36.1053
44.3005
53.904
54.211
34.6018
99.9906
81.3606
220.158
68.7382
-77.4778
-81.3609
1.85836
-116.573
-7.42389
-42.5048
-111.675
41.4784
-77.2337
-92.0027
53.3633
-88.5819
-88.0141
45.8463
-96.7233
-89.3124
33.6224
-101.78
-84.5443
31.5364
-109.38
-87.7864
30.5577
-118.761
-94.3578
24.5788
-130.987
-92.962
25.5693
-142.24
-88.4441
15.6029
-149.81
-89.7843
18.1273
-154.206
-84.3034
23.741
-155.294
-74.8871
29.1683
-155.742
-67.816
38.8311
-152.446
-58.5207
46.3484
-149.952
-46.1851
51.7115
-147.558
-38.3824
55.2674
-139.8
-28.6878
58.6537
-119.362
-12.2836
54.6743
-88.5691
14.6195
52.1038
-61.1535
38.0626
60.1242
-33.6612
74.8439
58.8121
31.3157
129.646
92.8704
86.8198
102.401
-104.492
13.7302
12.9152
-64.8011
-31.2205
-28.5089
-49.2124
-55.6596
-46.5722
-29.8847
-52.553
-50.4923
-12.9447
-59.0831
-56.7417
6.13351
-65.6486
-51.5238
22.703
-60.7531
-48.1396
25.0907
-73.7535
-50.0597
57.2144
-92.1918
-43.3323
61.5527
-122.837
-48.2476
55.9982
-138.668
-48.9588
41.0994
-135.662
-41.8387
21.8335
-120.914
-32.9414
4.36224
-92.6809
-20.006
-5.95956
-72.1556
-12.5346
-9.31624
-68.695
-12.1868
-4.66155
-49.8394
-11.737
-1.06809
4.30861
6.97966
11.4892
47.2966
23.0413
23.109
73.5853
38.0623
54.3357
67.9829
52.1013
78.5118
53.9769
51.6488
111.826
67.5007
52.526
123.915
62.8341
58.3515
164.072
-50.7513
184.801
-10.7814
-68.2106
152.231
-15.7251
-60.7309
134.228
-14.3364
-48.3137
122.949
-3.99321
-36.3404
113.158
0.522711
-25.4975
104.851
4.37964
-14.3263
98.6682
6.86737
-9.38942
90.0297
1.42453
2.21148
87.9101
10.2466
58.77
111.607
36.6059
