0.281433
-186.458
452.955
-350.216
494.716
31.9368
-209.303
156.141
-218.848
-169.357
-87.3016
166.442
-294.52
-372.036
-156.404
-672.273
358.955
247.513
-475.953
284.701
310.03
23.4527
15.6264
136.352
-271.361
-33.5953
-4.08422
-348.65
-151.432
124.851
-581.91
162.91
-115.396
-534.479
151.674
158.836
-327.341
354.843
238.772
-20.6749
28.1871
80.8495
23.7824
-49.1913
3.53256
-247.242
52.1424
125.463
-198.823
-197.022
24.3928
-529.582
427.49
193.279
-458.031
200.645
-168.651
-322.974
-43.8185
-50.1448
-222.256
-184.855
428.091
-402.847
123.875
170.531
-136.004
-146.886
-164.179
-19.2827
90.052
38.3762
-170.732
-45.7267
-79.5112
-179.172
-75.4709
0.818883
-397.771
323.389
-143.259
-421.69
357.562
206.767
-164.416
-333.896
183.011
-229.867
-210.58
-135.111
-428.673
30.2134
114.675
-236.92
-446.516
531.356
-369.867
227.112
171.979
-151.821
-140.938
-242.149
148.867
-372.939
-48.5874
-56.5765
144.064
77.1199
-108.812
-40.676
-42.6086
-366.882
201.37
-78.2039
-222.004
-205.477
-291.929
-444.612
213.966
-51.5509
-247.656
-271.161
45.6789
-441.905
220.258
143.704
-246.931
-292.997
236.755
-232.083
-440.641
373.917
-451.107
126.254
-15.0473
-525.234
235.637
21.5667
-293.843
-310.019
442.64
-46.6572
-162.177
103.512
8.51559
-1.73402
-128.802
44.0839
17.8901
-60.6498
-130.396
172.213
-67.9806
-151.974
-116.069
-129.9
-268.046
-157.831
-69.7459
-446.885
154.606
11.4305
-403.912
37.5272
125.921
-317.04
-226.319
41.652
-498.714
171.262
24.408
-265.99
-403.691
44.5518
-224.479
-465.077
325.5
-575.486
348.436
-51.7319
-425.05
-29.3524
34.0026
-368.925
-151.723
271.288
-419.937
-18.3752
-34.4838
-209.577
-71.7569
66.0211
-143.635
148.761
117.883
55.8929
-166.969
-48.1293
27.3096
129.151
38.086
-189.215
265.656
-104.02
-128.156
-134.59
-56.3834
-209.654
-137.98
94.2901
-250.892
-153.192
32.1802
-360.749
33.5578
3.51791
-156.86
-372.176
114.436
-449.844
318.149
134.466
-164.908
-267.846
111.027
-174.257
-227.546
197.317
-259.104
-15.763
-352.17
-299.439
57.4318
-71.8023
-186.834
-253.196
63.519
-416.277
218.828
-176.988
-182.838
-287.123
111.151
-192.25
-279.034
203.267
-338.273
209.565
124.729
-303.366
250.243
-22.5325
246.456
-712.223
-63.6426
-104.944
403.946
137.549
304.121
-314.546
-12.9133
-67.162
141.77
-53.5275
282.584
-654.914
114.443
-55.0655
17.1205
240.201
-116.151
58.0882
-9.91449
24.5263
-250.523
-83.9491
-161.56
117.16
-205.58
77.4871
-453.583
18.0171
-67.7656
-206.918
152.467
-3.99626
-365.911
57.1867
-217.516
78.0402
76.8331
-184.629
-19.6116
11.3293
-112.496
-159.336
-186.175
-42.4728
-290.141
-126.436
-73.5914
-157.804
68.1685
-265.673
281.702
-199.446
-106.729
-110.394
150.468
-56.8414
-278.924
44.2637
-264.005
145.627
-83.5049
-127.416
-162.59
176.198
-80.7501
-244.77
88.8305
-116.164
-193.058
16.3348
-327.873
229.552
95.4248
-179.589
186.924
329.212
-128.316
301.489
125.019
182.463
-281.356
-209.793
-135.059
247.998
254.254
368.47
-850.03
-4.01193
-215.612
344.476
-147.607
-150.718
126.065
24.4901
-238.515
272.382
-40.9275
114.849
-501.566
157.952
-5.87273
-263.556
97.53
27.6398
-332.181
-5.54608
-142.85
20.898
38.8048
-62.4248
-181.453
17.4824
-417.713
540.179
42.8048
-244.131
141.448
22.7836
-114.135
-201.366
-91.0004
-144.297
-181.144
-241.386
-46.8674
-414.754
227.814
-122.143
-244.854
162.425
-411.535
408.1
171.527
-136.015
-138.368
220.502
-180.055
-19.9969
72.7674
-86.1317
-169.924
108.483
-164.862
74.1677
92.8594
-191.479
224.397
16.8547
80.0168
-270.543
8.79483
-111.708
239.193
337.325
-179.331
575.342
372.289
-306.102
730.276
-172.68
263.804
-598.895
68.486
-123.701
98.1143
-7.59866
12.7066
-246.073
-58.8426
-133.436
80.7633
-43.1781
46.9469
-323.716
-56.0709
-186.868
149.251
-14.6455
-189.705
184.631
22.8029
-115.598
-16.2065
212.805
-232.456
234.229
265.943
110.993
-557.77
388.169
-141.981
-50.8373
-39.5924
-137.274
-22.7909
-121.443
-83.7314
-93.0041
-64.3324
-147.986
138.608
-47.0794
-115.252
137.447
-16.0746
-59.4322
21.3512
-121.836
142.869
-371.452
-99.9223
45.2205
-25.2576
171.808
144.298
-106.341
195.178
123.85
-7.56314
-85.6816
34.4504
228.324
5.77673
-228.84
747.381
282.897
503.03
-781.142
200.747
98.7501
380.888
479.956
-285.698
741.129
-277.005
-79.386
231.368
-82.05
-28.5677
108.196
-26.5836
78.6698
-137.374
-36.6423
-92.6632
199.863
4.90562
-111.671
253.329
-10.6861
-98.0156
227.384
87.8214
120.648
-226.05
12.6243
253.981
-496.384
-88.3557
-289.365
686.662
-124.372
