-39.8562
-111.48
387.537
-318.779
400.362
-11.9892
-231.489
153.905
-110.711
-172.263
-76.2604
154.38
-337.572
-280.778
-127.758
-608.11
206.136
278.31
-491.928
316.302
260.043
13.4966
30.3742
119.702
-270.43
-33.9979
-16.0443
-356.91
-125.343
114.429
-503.37
72.4828
-142.991
-510.704
154.882
183.548
-309.43
329.796
260.42
-15.5816
24.4731
81.9923
-0.722704
1.19177
6.07617
-254.467
55.6959
103.414
-277.975
-40.8431
-68.451
-427.647
189.755
130.297
-435.157
125.426
-95.4458
-364.03
16.4954
55.4281
-290.444
-58.5977
407.134
-373.13
21.661
165.216
-172.773
-93.0763
-131.469
-32.8714
122.189
42.7868
-219.082
64.1596
-91.9922
-242.051
13.1342
52.2266
-322.689
109.136
-92.0094
-366.665
152.412
188.321
-259.396
-176.385
165.932
-308.206
-83.164
-81.5282
-425.332
17.9101
95.1782
-276.316
-351.511
390.521
-280.326
42.835
167.218
-145.448
-138.937
-140.412
81.6505
-188.53
-83.9128
3.41257
14.7569
43.7057
-151.978
38.0307
-73.2346
-327.229
103.344
-16.648
-267.646
-106.563
-174.616
-329.665
-2.81147
36.4393
-261.622
-191.115
9.49354
-397.598
130.257
67.1312
-314.132
-117.122
177.762
-275.276
-290.483
253.8
-397.22
19.957
4.39906
-413.251
5.12072
39.4736
-328.325
-225.357
320.804
-59.4422
-127.924
144.785
38.0499
-31.0676
-44.3792
48.628
14.3707
-63.0221
-114.096
120.509
-35.1633
-196.822
-27.0632
-124.439
-276.057
-152.314
-45.3683
-388.365
38.4189
-5.7163
-383.249
4.15799
131.518
-316.405
-155.994
-16.9254
-411.195
35.6848
25.4737
-332.702
-199.273
45.7658
-304.811
-267.194
182.031
-484.242
138.374
23.3716
-413.036
-65.9003
114.597
-374.652
-133.227
209.066
-421.17
-57.2077
-20.959
-220.802
-87.3616
13.5264
-74.8482
-6.87183
106.904
-12.0414
-5.77787
31.4279
26.8143
121.828
54.5427
-140.648
124.986
-49.738
-189.26
-6.38818
-61.7501
-220.186
-112.693
61.128
-256.251
-121.083
0.315482
-287.039
-89.9209
19.7994
-252.54
-155.025
26.985
-339.045
60.5819
139.141
-235.914
-139.041
75.2227
-224.588
-156.866
118.189
-297.055
16.0787
-140.662
-278.728
-16.6536
-36.1578
-241.81
-160.15
3.80917
-347.396
43.342
-85.441
-274.708
-123.571
123.568
-255.406
-172.852
159.39
-247.101
-13.44
18.0008
-237.53
73.4672
-44.3715
108.743
-422.57
-3.45718
-86.6185
354.618
128.372
311.416
-254.251
6.92237
-21.0128
48.5388
-41.9301
204.724
-482.837
80.1461
1.3117
-93.4207
189.007
-47.4238
-84.9054
37.1757
-5.27839
-188.66
-6.26497
-94.6556
-25.1664
-113.815
-22.2163
-229.945
-26.2626
-75.0134
-186.666
69.2364
-70.5629
-217.36
1.89539
-159.278
-38.3823
27.5188
-116.219
-151.111
-27.9152
-98.8809
-198.616
-23.2501
-97.1579
-182.65
-74.0957
-111.25
-111.564
45.6731
-211.277
129.845
-89.0618
-145.148
-48.1282
68.6557
-119.521
-136.783
42.7298
-186.058
-17.3578
16.9912
-134.141
-134.477
142.291
-133.455
-129.296
56.1319
-185.893
-40.8371
41.1228
-248.694
67.9848
138.485
-156.777
124.98
213.025
-93.1245
199.287
18.2776
94.6749
-95.7037
-190.057
-90.8498
147.974
235.544
250.545
-609.864
-3.03715
-85.4393
63.74
-105.228
-66.2824
-43.9723
37.3718
-184.503
165.309
-1.21956
-25.5954
-185.303
90.4146
-35.7939
-183.67
70.1905
-58.549
-139.69
-1.46117
-121.884
-26.4898
36.8757
-82.4543
-146.438
17.8004
-191.893
60.4732
78.1984
-188.511
20.7922
-16.7526
-160.66
-83.9763
-5.8249
-179.37
-78.5388
-111.487
-113.573
-230.328
127.883
-155.067
-143.747
133.121
-229.124
52.3687
178.709
-158.526
-57.028
194.053
-172.159
-1.33614
96.3319
-147.941
-10.7057
127.783
-128.82
18.5502
107.107
-123.477
113.763
30.6983
-13.8079
-36.9316
46.4226
-114.074
260.723
257.877
-51.7887
320.076
282.674
-114.247
366.525
-195.79
106.645
-259.42
-31.3123
-90.1028
28.7436
-28.6665
-74.694
-65.3922
-42.1558
-91.2587
-11.1033
-4.14202
-32.6808
-155.996
6.12659
-104.258
-15.9364
49.8309
-104.92
25.4529
14.4848
-121.848
9.67614
147.138
-77.1698
-82.455
158.341
-42.1678
-231.199
300.766
-174.741
25.6046
46.6622
-136.621
-13.5448
-43.5098
-98.4135
-46.9433
-90.7671
-91.2017
33.927
-101.044
-44.8406
-1.1111
-33.7815
-41.834
-4.96129
-53.4173
11.8162
-87.3394
-33.3362
49.8307
-9.50943
106.486
128.559
-64.1874
119.17
153.286
-43.7594
17.0745
32.7687
244.47
65.9167
-9.23329
291.2
278.41
275.086
-293.698
202.472
237.078
89.6998
467.636
-244.882
618.353
-273.169
-86.0219
221.516
-131.252
-63.3837
163.455
-53.1863
-33.942
85.4439
-4.2601
-43.0698
94.812
24.6944
-40.3469
92.923
-14.0001
-61.8645
144.253
20.946
20.5096
-32.9703
-4.65014
57.1007
-98.9423
-41.0425
-108.481
290.671
-55.4127
