-97.5951
-54.4976
246.849
-284.533
293.631
-0
-286.723
151.239
27.4804
-154.541
-116.203
152.781
-424.035
-91.6808
-0
-529.474
0
168.61
-515.337
314.726
241.983
18.007
0
88.1506
-242.732
-61.6846
0
-383.572
-39.0815
44.3787
-430.867
-0
-13.0828
-491.832
159.579
89.0751
-280.156
238.397
264.434
3.60984
0
26.9128
-26.0382
60.5183
25.5431
-236.945
7.03886
0
-333.289
41.4111
-12.4837
-392.472
90.1421
4.26984
-424.136
86.3846
55.0338
-393.373
55.3445
110.093
-332.544
0
329.391
-348.09
-77.2942
147.737
-207.262
-50.1947
-84.2731
-48.7375
156.71
21.6762
-222.299
44.3579
0
-311.396
96.0729
15.0943
-327.007
35.867
23.2186
-338.213
0
92.646
-353.756
-6.90794
168.398
-354.336
-33.5562
-0
-429.782
-0
65.0713
-335.593
-238.108
208.805
-228.739
-75.5783
69.2823
-67.1911
-315.739
-48.3578
1.17173
-0
-0
20.9145
-0
0
-160.062
9.20362
0
-292.699
0
-0
-321.572
-0
-0
-325.94
-0
0
-272.584
-141.131
0
-345.467
-0
0
-364.935
-0
143.224
-361.754
-72.0492
143.221
-402.304
-0
-0
-330.683
-213.536
78.1349
-300.037
-338.964
214.25
-137.026
-10.7988
57.191
0
-0
-0
11.0669
-4.97726
-30.9401
-49.3896
0
-0
-185.66
-54.5317
-0.074004
-291.044
-120.257
-10.3688
-360.509
-0.0383566
-0
-369.502
-0
1.08965
-361.737
-0
14.8141
-336.023
-64.1263
7.09717
-332.675
-142.185
60.7299
-365.88
-98.1324
59.654
-424.075
-0
108.773
-445.293
-0
223.815
-317.587
-256.12
180.475
-393.481
-129.028
0
-276.377
-0
-0
-87.9159
-0
0
-12.0127
0
0
14.6132
36.1252
0
-52.4102
-36.5501
0
-157.736
-70.9634
0
-198.002
-143.262
4.3936
-288.552
-25.0182
1.9116
-298.03
-35.0697
-0
-314.533
-12.1623
17.1728
-298.379
-40.5666
50.6526
-249.867
-125.448
97.4452
-275.15
-68.6549
50.8847
-284.57
-46.8905
16.396
-262.604
-69.0581
0
-265.506
-107.233
0
-316.153
-0
0
-280.481
-70.6355
32.1012
-294.724
-43.4655
31.4017
-181.058
-106.669
-0
-101.211
-174.489
-12.8057
-16.3877
-76.4509
-1.1226
45.6255
21.7711
38.971
335.469
-144.663
19.3098
9.90101
-12.7916
-0
152.636
-376.868
36.6195
0
-89.8722
113.756
0
-199.117
24.8994
0
-223.482
7.03777
-21.5656
-183.698
-2.67869
-45.2067
-181.09
-4.90465
-65.1886
-197.169
-1.02986
-78.4504
-192.654
-4.52641
-142.598
-69.2767
-1.66663
-152.952
-69.1792
-0
-133.378
-123.081
1.2442
-105.359
-160.301
29.7414
-118.05
-105.145
10.9672
-152.735
-8.68126
13.2486
-167.221
-0
0
-122.941
-96.0818
0
-174.941
-0
0
-153.588
-43.1976
0
-175.989
-0
-0
-164.593
-57.8027
32.1428
-192.147
-32.8382
113.16
-88.1843
-0
74.2948
0
3.42546
40.6182
47.9752
0
-14.2457
-0
0
218.772
127.341
-345.27
-5.1947
-0
-131.721
-37.018
-42.9866
-100.08
76.4242
-111.678
-0
34.084
-59.6955
-113.997
0
-54.4718
-144.005
0
-58.2223
-137.869
0
-93.5809
-84.5471
-0
-106.989
-90.4741
0
-163.604
-0
22.4466
-173.453
-0
-0
-133.428
-105.966
-25.281
-128.276
-137.212
-0
-188.59
-0
21.5229
-188.935
-0
73.2407
-174.579
-5.28268
79.533
-165.222
-11.338
95.9104
-163.087
-0
119.463
-154.787
-0
144.962
-124.496
0
113.965
-78.0254
0
69.5128
-36.5849
0
125.634
-0
0.547432
151.715
-0
201.333
161.307
11.4235
142.737
-203.551
-0
-2.93002
-80.2632
-73.709
-0
-47.5711
-63.3973
-90.6406
-40.2519
-73.3575
-57.2608
-42.1989
-58.967
-112.943
-3.59704
-121.347
-0
7.11755
-104.944
-0
13.3158
-128.575
-0
97.016
-136.381
0
131.928
-180.996
4.86629
66.8061
-193.72
0
0
-178.829
0
-0
-160.263
0
-0
-117.119
0
-0
-90.0996
0
0
-89.9888
-0
1.7678
-64.1156
-0
41.5523
0
-0
101.319
60.8086
-0
55.6698
94.3704
0
65.1073
54.2099
92.3267
75.0028
28.7018
82.1867
217.362
96.6186
0
165.056
65.4311
0
281.908
-419.492
954.246
-63.6918
-0
0
-109.797
-0
0
-9.77735
-50.8842
96.0942
0
-52.806
113.018
26.9549
-64.9142
147.258
23.5465
-40.171
116.948
32.2001
-0
24.003
0
-0
23.7151
0
-24.3525
177.685
52.5718
