-85.5499
-38.0932
183.455
-295.496
302.74
-25.7602
-183.74
0
101.796
-168.598
-76.0511
122.337
-447.107
-55.6658
0
-532.542
-0
122.989
-455.387
174.528
244.73
7.80196
-0
54.8536
-259.319
-8.96621
13.1815
-407.311
-0
23.2062
-436.233
0
0
-429.873
10.1434
65.5563
-299.045
247.287
255.298
0
24.0267
-0
-21.467
53.0357
22.4573
-255.397
38.7847
0
-359.408
88.901
0
-386.086
66.3493
23.159
-385.743
1.32426
60.7734
-403.869
61.1927
56.4132
-339.548
0
281.377
-328.555
-118.783
97.5748
-204.624
-36.1663
-16.431
-53.519
179.898
13.4687
-225.989
43.0441
0
-327.948
128.557
29.0571
-311.19
0
51.2104
-332.445
0
80.9219
-359.251
-0
139.476
-365.207
-22.9865
0
-416.445
-57.2744
33.5117
-329.239
-270.572
121.224
-219.027
-105.553
77.6654
-84.4289
-268.929
-0
0
-0
-0
17.7935
0
0
-172.699
32.1384
0
-294.078
0
0
-321.288
-0
0
-323.785
-0
4.78082
-275.644
-132.012
0
-340.432
-1.60253
0
-359.979
-0
140.725
-373.221
-36.3247
108.81
-363.091
-88.0488
0
-296.881
-301.744
45.6404
-324.074
-293.998
169.745
-142.924
-0
56.3827
-0
-0
0
0
-0
-0
-12.9825
-0
0
-192.996
-34.8589
-0
-290.749
-111.863
-7.94604
-357.841
-0
-0
-366.443
-0
0
-348.138
-16.3509
0.00131018
-345.953
-25.5375
0
-322.833
-140.664
19.0299
-344.283
-122.33
42.982
-414.526
-0
133.861
-404.08
-68.8495
225.957
-299.879
-275.119
146.518
-371.074
-174.214
0
-274.369
-0
0
-90.0704
-0
0
-0
-0
0
2.29367
13.9075
2.32949
-5.47174
-39.8464
0
-146.39
-85.6302
-0
-196.111
-126.419
0
-276.796
-34.3241
0
-293.023
-23.7254
0
-313.414
-0
9.39454
-310.251
-0
16.498
-252.228
-113.944
55.9619
-270.627
-77.2596
56.096
-250.315
-124.154
29.0642
-270.069
-62.1377
1.43944
-257.678
-130.821
0
-315.351
-2.75833
0
-249.22
-148.224
23.0264
-302.44
-33.0749
23.9935
-179.212
-113.434
0
-85.9197
-211.485
0
-30.2737
-16.3915
0
36.0074
0
22.2028
362.509
-66.7593
0
56.9393
-118.044
0
62.7299
-175.691
0
59.2358
-211.514
12.4385
14.2967
-226.557
0
0
-215.453
0
-0
-222.335
-0
-54.1789
-159.39
-0
-50.1158
-230.73
-0
-103.349
-140.45
-0
-133.141
-89.6927
-0
-157.355
-59.9536
0
-161.166
-64.8324
0
-128.443
-115.512
46.1586
-116.934
-119.301
42.8218
-134.935
-61.0192
31.7691
-154.393
-38.1004
8.87757
-135.705
-82.1947
7.66492
-178.233
-0
0
-135.219
-91.6317
1.21714
-178.355
-0
0
-168.685
-55.2064
3.80248
-173.034
-82.6562
100.706
-85.6451
-0
46.1279
0
-0
33.833
38.5976
-0
0
0
-0
238.126
15.7539
-92.5775
-0
0
-153.757
0
-0
-221.952
44.2467
-103.238
-49.793
38.4841
-85.6505
-102.054
0
-65.2826
-166.356
0
-103.16
-81.5091
0
-107.135
-97.2104
-0
-166.468
-0
-0
-183.059
-0
0
-193.178
-0
0
-144.746
-112.604
0
-153.109
-108.839
16.9399
-198.777
-0
36.3053
-193.983
-0
63.4008
-185.004
-0
65.0491
-175.83
-0
90.1013
-156.844
-26.5325
103.291
-159.086
-0
120.55
-130.843
-0
116.524
-83.2005
-0
48.8732
-40.3298
-0
105.947
-0
0
116.479
7.68005
110.708
130.822
82.4504
62.6435
-109.5
0
-0
-81.4583
-46.3498
-0
-47.4392
-65.7004
-65.4157
-52.9336
-22.3647
-137.731
-47.2085
-93.198
-16.3605
-2.70887
-110.856
-0
0
-96.7193
-0
29.1169
-116.639
-0
100.07
-133.973
0
117.725
-174.375
0
32.3629
-186.319
0
0
-175.906
-0
0
-158.49
-0
0
-117.463
-0
0
-89.9693
-0
0
-92.2218
-0
0
-65.1766
-0
14.4763
0
0
97.9556
43.2785
0
44.1562
88.8159
0
68.1908
52.0439
73.1464
63.4604
31.924
46.3093
177.811
85.6394
0
146.441
8.4331
0
164.039
-356.351
878.619
-0
-0
0
-71.9051
-32.0837
69.876
-0
-46.0606
97.1248
0
-25.3506
66.5986
38.557
-88.2443
209.159
29.6329
-0
48.6904
37.6535
-0
39.6516
34.2455
-0
34.4927
0
-0
160.288
68.8916
