-111.782
-72.8929
77.1003
-265.04
130.632
-109.325
-127.658
26.5667
238.485
-181.36
-22.6305
88.4211
-428.179
-63.9429
72.232
-505.434
-40.8489
132.451
-423.987
113.812
136.414
3.61162
64.8586
14.7958
-243.695
-44.6182
16.1834
-371.598
-46.4634
31.6955
-412.19
-14.264
27.0375
-431.53
63.589
94.3466
-257.458
139.456
200.83
44.6938
75.2689
-63.8081
-50.1862
76.3703
53.6506
-241.708
29.031
-20.232
-328.47
32.0111
-14.3447
-366.411
30.7171
16.0121
-385.542
28.227
56.4061
-368.915
35.9906
114.675
-311.292
-25.9297
226.687
-308.83
-123.569
133.691
-206.675
-52.3288
9.6092
-61.7285
190.217
25.7441
-238.863
89.7589
11.9065
-292.633
47.7415
26.7583
-324.173
24.9957
33.739
-348.57
5.30091
51.9026
-355.005
-36.296
83.4678
-355.508
-74.084
54.4355
-392.774
-123.44
97.5685
-375.911
-159.019
161.902
-222.033
-140.099
125.569
-149.186
-134.759
-16.1694
5.65928
-32.6843
-50.6585
32.2371
-21.3976
-4.04037
-185.933
71.6048
-0.907207
-284.013
-0.120416
5.17066
-298.838
-32.464
17.2886
-301.985
-43.2885
31.8499
-308.473
-62.743
45.3902
-323.202
-61.718
52.9032
-331.63
-82.0787
88.6047
-337.691
-111.795
70.4826
-341.151
-119.377
42.6016
-344.666
-150.038
59.1244
-341.095
-173.577
113.441
-95.56
-81.5802
82.6995
27.0889
-38.6769
1.44905
65.3725
-25.6572
17.1726
11.0559
38.8515
-2.87971
-172.624
-47.9641
-36.0596
-277.026
-82.5093
-45.0587
-302.63
-72.9228
-5.22954
-302.465
-77.1635
14.7415
-289.295
-76.8099
24.1399
-287.27
-81.7932
34.0227
-293.528
-103.309
50.6706
-302.319
-114.865
53.3207
-321.308
-117.71
84.3809
-339.725
-137.734
109.459
-334.004
-152.396
97.5926
-351.273
-159.481
57.446
-214.86
-91.8378
55.8056
-70.892
-24.861
60.1614
-15.1867
19.7589
35.6418
43.427
47.0247
17.5463
-10.8894
-1.0727
-58.8082
-149.102
-51.5456
-50.7339
-206.645
-77.6552
-47.2751
-242.122
-88.6296
-24.3008
-251.924
-94.2072
-18.7078
-261.001
-91.0104
-8.19534
-260.145
-89.5544
9.12037
-252.573
-91.9625
24.323
-251.255
-93.1242
34.3711
-250.342
-94.9129
48.3916
-244.265
-97.6478
45.0525
-264.226
-106.598
42.595
-277.996
-106.002
55.8233
-273.252
-116.274
86.241
-258.555
-130.445
91.7824
-185.971
-108.071
53.2063
-137.181
-86.4215
45.0406
-47.3114
-25.6455
31.959
62.0378
54.3543
98.0553
291.977
-77.1828
-5.19967
107.647
-163.26
1.06727
61.1075
-170.112
42.439
36.726
-157.371
31.0488
4.70799
-183.575
-12.6536
-11.9436
-175.762
-35.0604
-43.0807
-142.729
-46.1053
-73.9546
-137.927
-21.9902
-99.0477
-152.109
-21.5411
-119.51
-146.557
-11.6624
-136.67
-131.82
-6.49479
-147.997
-129.89
0.0218547
-156.668
-130.231
15.5567
-162.319
-114.03
20.2931
-162.661
-100.399
23.7143
-160.992
-87.6158
27.8101
-170
-81.3856
23.5654
-170.89
-76.091
29.0122
-168.9
-74.5737
36.1857
-160.404
-72.0194
42.527
-162.178
-57.5562
32.9458
-176.424
-43.0312
39.9692
-183.058
-35.6817
69.9929
-96.1144
12.0878
65.3741
-6.28187
44.7271
49.4615
50.322
52.147
7.85013
96.7367
84.2688
252.777
63.263
-114.715
-78.7053
0.274432
-130.684
-5.21651
-46.767
-107.64
45.3399
-85.2724
-77.7417
53.1803
-92.0234
-80.1085
47.6036
-98.1953
-85.9013
33.4118
-103.982
-79.0476
34.3838
-111.807
-83.3791
33.547
-119.922
-94.2858
27.0216
-133.569
-90.6047
33.2711
-147.939
-81.2217
17.1832
-155.476
-84.6852
21.3135
-160.5
-80.1742
25.9275
-161.07
-72.4005
34.3238
-161.402
-67.6194
51.4246
-158.189
-56.9665
63.0872
-156.525
-40.6267
67.8877
-155.149
-30.195
68.6957
-146.739
-20.3467
72.5581
-124.162
-5.87488
63.4375
-92.4398
23.9542
55.1936
-64.6305
47.739
71.783
-43.1307
89.6848
72.261
25.2165
154.18
110.694
72.1952
108.117
-114.968
9.42305
3.14151
-68.4365
-36.0108
-33.8361
-52.0715
-61.8782
-48.5009
-27.9187
-54.4646
-52.9673
-11.7407
-60.6427
-60.284
11.025
-69.181
-50.965
30.54
-59.4885
-49.9733
25.808
-71.1904
-58.5227
69.4305
-87.1271
-49.7954
74.7024
-120.631
-52.8491
75.2928
-138.715
-48.1073
53.7911
-135.694
-35.6842
23.5432
-120.291
-26.0539
-3.06484
-88.2083
-13.9956
-16.4954
-64.7798
-9.51123
-18.662
-62.8748
-10.6477
-12.1591
-45.0142
-13.0792
-4.56432
14.0077
5.18774
14.2357
59.3052
17.4559
20.8245
86.6713
32.1176
58.1277
78.3159
50.9263
83.8348
61.6346
46.406
139.256
83.7891
41.2778
141.721
90.0029
60.5939
217
-79.247
235.469
-33.3276
-86.0913
185.227
-39.5893
-68.9115
152.814
-33.3059
-53.0202
130.717
-9.34833
-40.4587
116.492
0.938199
-30.1303
106.067
6.10369
-18.7129
98.5309
11.1736
-15.3499
86.2561
3.24155
-7.34794
82.06
10.9375
50.0269
111.718
44.0722
