-108.451
-49.0769
137.129
-277.046
203.907
-107.002
-172.077
63.3158
181.604
-179.621
-39.5852
105.295
-430.741
-75.8123
38.1483
-520.635
-25.4922
184.411
-463.343
188.311
148.637
0.1934
61.0346
44.5418
-246.192
-59.9734
11.1787
-376.884
-45.2934
53.8217
-421.092
0.255387
-15.3545
-453.39
104.339
111.19
-259.515
170.257
213.949
22.951
46.1994
-6.45382
-45.5897
80.21
49.6848
-243.546
30.2581
-14.1155
-331.778
45.2912
-45.7405
-372.614
48.5589
20.6941
-396.074
40.959
41.0978
-376.21
48.1957
118.185
-311.362
-23.778
265.708
-314.157
-126.302
155.899
-216.969
-40.3096
-14.3197
-67.089
196.862
22.1465
-245.175
101.062
-2.25017
-297.249
57.3674
37.5518
-327.272
28.6307
26.2324
-358.028
22.9316
67.9016
-356.187
-39.814
98.6306
-355.499
-70.4976
35.6266
-396.207
-111.366
91.9331
-376.453
-157.465
193.58
-219.732
-129.563
141.199
-149.403
-139.292
-36.727
15.7536
-40.5143
-68.7547
30.0939
-27.8012
5.54975
-186.73
73.4719
-3.53163
-289.79
7.86631
10.555
-298.513
-32.0074
8.13699
-303.082
-37.9011
39.5355
-304.74
-65.444
40.4381
-327.005
-44.4456
47.0429
-332.849
-72.419
103.308
-335.323
-115.906
75.2125
-344.985
-110.82
20.7191
-345.539
-147.114
54.6016
-348.689
-176.52
150.205
-90.1106
-83.3352
110.34
29.4688
-36.482
-4.07457
47.9185
-15.4222
-12.9124
-25.6709
38.393
-2.34082
-180.335
-46.4139
-43.3475
-287.484
-82.5337
-48.2594
-316.252
-58.2461
-6.47683
-316.136
-64.0388
23.9457
-301.921
-65.3812
17.2385
-303.064
-66.099
35.118
-306.371
-98.4978
56.6066
-314.713
-111.123
54.3137
-339.811
-97.925
95.0843
-356.995
-124.332
138.271
-342.447
-152.026
114.873
-366.953
-154.914
38.8702
-223.487
-84.4145
40.268
-70.7958
-23.2309
70.6077
-23.1124
31.6257
45.7071
25.8508
71.2836
18.8968
-42.4959
-1.5612
-53.8979
-161.148
-40.5117
-47.5403
-217.826
-70.5374
-39.3087
-251.831
-82.1101
-22.3776
-261.232
-88.9576
-16.2447
-272.673
-79.455
-9.99143
-272.129
-76.9201
22.3413
-261.043
-84.8743
32.28
-258.959
-87.3837
40.4219
-258.387
-86.6149
55.1252
-248.274
-91.8694
42.8847
-269.485
-97.7009
29.6595
-288.253
-83.4874
44.8198
-280.387
-100.868
95.709
-264.848
-128.068
99.2419
-189.652
-107.387
31.6799
-146.803
-84.6836
28.3265
-45.7608
-37.4259
28.3374
38.5506
86.5194
104.377
318.576
-103.982
15.22
101.587
-175.817
-8.58039
69.8687
-181.013
52.309
41.9144
-160.09
53.4836
12.8619
-197.851
4.51279
-2.79977
-188.641
-18.2811
-39.2426
-138.127
-45.8139
-68.8233
-131.244
-22.3807
-89.5121
-156.594
-25.0104
-108.631
-151.414
-16.0476
-129.779
-127.045
-7.4061
-138.217
-131.595
-5.83008
-143.263
-140.777
17.7193
-150.08
-120.402
13.5661
-151.999
-101.13
25.2518
-153.383
-79.4678
27.7343
-165.016
-70.9728
17.7865
-166.408
-68.3585
26.7375
-164.944
-72.4685
42.396
-153.882
-79.8571
56.0653
-158.725
-60.0382
38.3251
-181.027
-31.0802
50.0633
-193.43
-22.0742
98.2369
-104.351
30.2134
76.3062
-16.1431
61.3974
49.7357
45.6573
47.8526
-36.4882
78.8657
79.469
273.501
70.142
-181.097
-69.0242
2.23448
-142.836
-9.15077
-50.505
-98.1529
46.7779
-95.9602
-51.8358
42.1613
-93.7562
-70.3213
44.4442
-96.8674
-83.8337
32.4833
-105.006
-72.4042
37.219
-113.953
-77.0801
35.598
-118.515
-98.2676
26.6816
-134.628
-89.818
44.2273
-154.911
-69.999
17.7168
-162.889
-75.995
28.8482
-168.679
-74.5315
23.6375
-166.074
-75.36
40.5761
-166.239
-74.5823
72.9547
-164.24
-58.7177
92.8061
-164.889
-33.7626
93.4565
-165.295
-16.7934
85.2629
-155.17
-7.26344
89.5591
-128.634
2.15717
72.4648
-97.3948
37.8781
51.0025
-68.2261
61.2808
85.2014
-55.4253
114.24
97.0971
13.6181
184.333
143.118
48.4987
121.258
-134.349
8.36339
-12.1601
-68.5906
-42.648
-36.0063
-51.9441
-70.8012
-45.5428
-25.0277
-58.1029
-54.5225
-10.6991
-62.4576
-65.8982
18.3968
-75.162
-47.1732
42.6641
-60.2077
-49.3606
25.8165
-68.2166
-71.8726
83.9954
-77.0907
-67.4031
89.3304
-113.924
-66.5058
110.319
-138.926
-43.8762
74.7251
-136.826
-21.7957
21.8425
-119.595
-12.9821
-22.2164
-81.8037
-5.53267
-37.4578
-53.7404
-8.51453
-32.3064
-53.0289
-9.92733
-22.6461
-35.4787
-15.6
-7.26652
28.302
1.06976
27.5691
76.9489
5.10228
22.3933
103.295
24.2227
63.0498
87.9319
59.9301
82.8836
71.8014
45.9752
182.305
109.408
13.0597
157.779
137.404
56.561
289.823
-120.773
316.599
-79.4314
-104.186
226.508
-83.9421
-73.8945
167.501
-60.1517
-55.5407
131.029
-11.3956
-44.341
115.275
5.78893
-35.8445
104.912
8.03049
-24.5359
96.727
15.8698
-20.4276
78.1478
3.43749
-14.9803
71.9052
4.6226
30.0281
108.287
45.5928
