-5.81974
-74.2553
0
-202.53
-0
0
-0
-0
209.802
-110.434
-85.6682
0
-463.923
-31.4941
137.673
-524.935
-0
0
-358.365
-0
142.065
-0
-0
-0
-191.587
-0
0
-373.65
-0
0
-417.491
-0
80.3297
-421.867
-0
32.0163
-199.523
0
240.137
0
49.9819
-236.214
-0
42.1969
-0
-244.526
0
0
-337.271
0
0
-371.895
0
49.9079
-375.649
0
152.845
-344.627
-0
54.0928
-293.303
-0
109.499
-303.692
-75.2148
0
-19.8809
-0
-0
-0
153.434
0
-208.911
0
0
-292.857
0
0
-299.833
0
0
-331.154
-0
0
-357.209
-0
80.1576
-376.258
-0
1.74306
-421.248
-81.4732
19.1974
-269.33
-464.914
115.501
-279.929
-0
56.4959
-62.6139
-148.494
0
-0
-0
0
0
-0
0
-138.279
-0
-0
-279.559
-0
0
-309.139
-0
0
-310.424
-51.7624
0
-324.437
-64.3624
0
-371.312
-0
0
-391.177
-0
49.7783
-346.038
-123.976
117.783
-319.206
-194.091
0
-353.223
-178.269
0
-323.699
-311.273
129.859
-103.933
-0
40.0653
-0
-0
0
0
-0
0
0
0
-0
-109.52
-0
-0
-291.185
-83.9937
-0
-295.171
-111.511
-0
-340.398
-26.2066
0
-300.837
-87.9011
0
-326.854
-33.2281
0
-349.49
-32.8796
7.0448
-329.525
-105.619
10.3467
-324.528
-147.238
27.4054
-355.664
-125.864
86.924
-290.065
-268.223
70.202
-330.845
-244.048
0
-250.934
-30.469
0
-38.7499
-0
0
-0
-0
0
0
-0
0
0
-0
-0
-83.1187
-13.0386
-0
-168.497
-187.166
-0
-274.488
-24.8394
-0
-252.952
-98.3994
-0
-280.513
-56.4364
0
-274.998
-53.8743
0
-284.428
-25.4652
0
-290.932
-10.6584
0
-270.096
-58.0412
0
-226.517
-137.062
0
-229.689
-191.108
0
-270.513
-127.464
0
-271.513
-131.128
0
-274.715
-136.401
0
-186.131
-130.885
0
-95.8171
-170.313
0
-0
-0
0
0
-0
0
450.195
-0
0
25.496
-0
0
25.0406
-18.0606
-0
63.1437
-256.031
-0
0
-220.707
-0
-0
-205.284
-0
-0
-180.238
-0
-33.4128
-189.308
-0
-95.5891
-137.818
-0
-93.2641
-177.107
-0
-137.081
-101.014
-0
-142.804
-97.6272
-0
-147.327
-108.874
0
-160.749
-65.0887
0
-192.015
-0
2.25283
-184.624
-0
0
-175.137
-48.519
0
-119.101
-158.829
0
-147.596
-105.587
0
-119.131
-146.022
0
-180.656
-10.6638
0
-167.053
-61.5433
0
-168.444
-106.005
0
-24.4201
-0
0
-0
-0
0
0
-0
0
0
-0
0
34.3729
-0
-0
0
-0
-0
-0
-194.184
0
-0
-226.753
0
-84.1387
-87.4783
0
-88.1395
-125.517
-0
-111.878
-81.1409
-0
-133.375
-51.6355
-0
-120.169
-99.8329
-0
-158.7
-43.5367
-0
-153.099
-62.1273
0
-188.668
-3.11986
0
-196.406
-0
2.05901
-186.763
-0
48.029
-179.587
-0
62.5105
-141.482
-51.4205
51.08
-128.469
-77.3544
36.847
-115.668
-86.2259
28.9883
-150.088
-0
27.4528
-118.438
-0
31.1314
-71.1925
-0
28.219
-0
-0
41.7129
-0
-0
18.2056
0
0
85.9082
252.788
0
-63.6887
0
-0
-6.52344
-0
-0
-63.2825
-0
-0
-45.7765
-39.8413
-0
-43.7802
-64.7051
-0
-0
-74.098
-0
-0
-85.3334
-0
0
-109.23
-0
0
-142.553
0
9.78831
-176.54
0
0
-193.346
-0
0
-172.95
-0
0
-151.765
-0
0
-112.784
-0
0
-86.7792
-0
0
-110.293
-0
0
-2.15559
-0
0
-0
0
56.1678
0
0
38.4709
7.26315
0
58.2935
65.9296
0
9.46093
32.2418
0
98.1936
0
0
0
0
0
0
-105.006
875.951
-0
-0
0
-0
-34.6376
111.488
-0
-0
67.3514
0
-0
72.442
0
-0
76.8974
0
-0
67.7515
45.802
0
109.022
10.1201
0
37.3753
0
31.3365
0
0
