-79.9897
-24.2903
166.16
-283.809
260.336
-31.2541
-155.284
0
121.66
-178.124
-49.3152
108.389
-447.742
-65.7039
0
-532.967
-0
116.453
-449.485
147.611
238.173
2.05972
0
29.8126
-261.1
-0
27.8521
-409.475
-0
33.2584
-437.473
0
0
-426.662
0
49.7655
-295.107
228.696
250.308
0
43.0128
-0
-21.989
51.8116
21.3538
-248.012
19.5264
0
-366.868
106.693
0
-387.305
69.5594
22.1978
-384.149
0
63.3153
-396.682
40.3329
44.9313
-341.903
0
267.805
-326.59
-124.544
81.5167
-204.333
-32.1465
-0
-55.972
192.213
16.3032
-219.513
29.3932
0
-333.246
138.088
25.0015
-311.838
0
55.9746
-333.025
0
84.9484
-358.976
-0
139.522
-366.804
-25.1297
0
-417.924
-63.3859
29.8712
-327.625
-282.709
98.5934
-222.909
-101.849
75.9631
-86.4244
-263.355
-0
0
-0
-0
14.0435
0
0
-175.39
36.2461
0
-293.589
0
0
-321.926
-0
0
-323.323
-0
8.26735
-277.32
-128.716
0
-335.911
-8.25982
0
-357.145
-0
140.151
-373.422
-26.6401
99.3707
-353.65
-102.371
0
-290.144
-312.845
30.553
-321.185
-298.44
163.608
-138.805
-3.28767
54.4385
-0
-0
0
0
-0
-0
-0
-0
0
-194.576
-28.2439
-0
-288.658
-114.191
-4.94782
-356.564
-0
-0
-365.205
-0
0
-343.112
-24.6577
0
-352.238
-8.64258
0
-321.902
-138.922
5.26918
-342.281
-121.239
26.6758
-408.88
-9.08817
134.576
-400.845
-72.3536
222.076
-297.101
-278.606
144.472
-360.38
-197.48
0
-274.122
-0
0
-88.1072
-0
0
-0
-0
0
0
5.65249
10.5542
-0
-24.5309
0
-139.596
-102.033
-0
-197.754
-120.86
-0
-276.34
-33.4789
-0
-291.744
-24.9388
0
-311.862
-0
8.8301
-309.207
-0
14.9462
-263.658
-89.0808
47.0865
-279.358
-59.0421
52.3098
-242.001
-145.35
30.704
-269.063
-70.0779
0
-260.639
-131.266
0.230628
-313.855
-12.5728
1.13257
-251.958
-147.765
18.3516
-297.561
-50.0699
15.2172
-183.696
-107.211
0
-79.9269
-229.939
0
-32.3234
-1.28417
0
26.2165
0
17.99
367.322
-17.7192
0
79.4574
-165.009
0
45.9663
-135.21
0
76.1372
-244.577
0
15.8717
-226.33
0
0
-210.992
-0
-0
-218.835
-0
-50.3601
-162.736
-0
-44.9944
-238.113
-0
-103.958
-136.446
-0
-130.84
-91.2767
-0
-156.931
-57.7505
0
-157.267
-70.5767
0
-133.061
-103.586
45.2185
-126.318
-99.4654
45.6746
-133.314
-64.5348
41.0852
-148.977
-49.2284
15.599
-133.299
-87.0882
11.7749
-177.428
-1.33231
0
-132.098
-98.0627
0
-178.77
-0
0
-171.58
-49.5509
0
-161.656
-111.51
90.0295
-84.7771
-0
41.0328
0
-0
25.8271
31.8973
-0
0
0
-0
242.128
3.46009
-53.8376
-0
0
-156.686
0
-0
-225.207
28.283
-79.2799
-103.108
44.1202
-115.453
-44.5721
0
-55.0383
-194.653
0
-108.406
-74.9932
-0
-112.275
-91.8186
-0
-168.703
-0
-0
-185.475
-0
0
-195.404
-0
0
-152.067
-100.527
0
-155.253
-107.479
20.3673
-199.766
-0
42.5991
-193.756
-0
66.0474
-184.549
-0
65.286
-175.607
-0
91.1568
-154.861
-28.3464
103.874
-158.402
-0
118.714
-130.485
-0
118.614
-82.8277
-0
49.3911
-38.713
-0
95.3395
-0
0
106.163
17.9354
72.0306
125.077
99.3485
40.3521
-84.2157
0
-0
-87.5396
-41.0445
-0
-48.7421
-74.6566
-41.883
-49.0088
-8.04347
-162.681
-50.8746
-99.413
-0
-1.4428
-108.948
-0
0
-95.7314
-0
23.7493
-115.436
-0
98.3555
-133.803
0
116.805
-174.362
0
30.3928
-186.098
0
0
-175.343
-0
0
-158.373
-0
0
-117.335
-0
0
-89.6206
-0
0
-92.2765
-0
0
-62.3605
-0
13.9413
0
0
98.1033
39.6144
0
50.9433
89.1954
0
73.0141
52.6073
71.4599
59.3927
39.7473
27.2318
164.637
84.3224
0
141.633
0
0
127.75
-332.99
847.905
-0
-0
0
-52.7116
-45.5737
98.9021
-0
-44.2554
97.1907
0
-33.606
85.6086
34.0013
-66.9387
168.502
29.8504
-0
51.0124
41.7781
-0
43.5246
38.8747
-0
36.4948
0
0
163.003
63.8594
