-117.962
-129.154
21.0482
-204.689
-55.4513
-36.1038
-63.2447
-58.4232
219.16
-145.603
-36.1048
59.6485
-369.77
-72.7833
82.0449
-436.358
-54.9812
67.4118
-297.817
4.72443
125.274
20.1064
46.1509
-28.0273
-225.044
-17.032
14.7766
-348.978
-55.5558
22.5236
-391.708
-45.0613
52.2821
-384.458
0.996627
81.0373
-222.063
70.0656
169.088
99.8393
105.729
-126.192
-53.0097
69.2389
15.7689
-216.392
18.2707
-3.18231
-307.447
2.74449
10.6695
-345.874
-2.36557
29.4438
-359.376
-1.7009
61.7979
-344.913
-4.49119
101.368
-302.081
-38.2106
149.378
-279.107
-85.0768
99.8588
-157.062
-38.3453
31.1733
-41.2114
150.686
10.1616
-204.419
61.2057
19.8977
-273.792
21.8744
21.3591
-306.544
-0.502135
31.7151
-327.552
-23.0935
43.8557
-340.067
-49.0162
63.8003
-350.569
-86.0099
69.1831
-375.686
-134.642
90.6438
-351.095
-157.734
111.289
-228.052
-130.115
83.5021
-135.124
-103.522
14.1058
-5.57992
-36.3078
-21.0619
53.0407
-13.7628
-17.3697
-159.693
49.6875
-6.71146
-256.316
-18.4361
1.3615
-286.136
-48.1632
11.3203
-293.83
-61.5642
21.6835
-303.773
-74.7244
34.2386
-313.733
-84.3697
47.0351
-324.084
-98.948
61.691
-333.135
-116.562
64.696
-334.229
-131.721
63.5664
-333.27
-155.041
68.6544
-298.356
-161.448
75.742
-109.393
-89.3293
56.6809
20.1264
-44.9673
20.8022
105.26
-17.1913
44.9619
65.7536
47.3726
-10.9572
-135.504
-43.6184
-25.8578
-240.219
-87.6575
-28.9739
-273.836
-98.1374
-10.4667
-279.072
-100.566
3.85662
-271.547
-100.948
14.3775
-270.377
-106.257
23.5296
-277.606
-118.281
33.7436
-287.468
-129.287
43.2073
-302.331
-140.799
57.3848
-317.609
-153.306
67.5247
-319.377
-158.817
69.1828
-310.254
-156.767
64.8051
-196.62
-103.714
59.6868
-72.3221
-41.7494
44.3645
3.91811
-4.27734
28.8653
83.2695
14.5637
34.3194
39.719
4.20785
-38.3424
-108.98
-60.0446
-42.2442
-176.983
-90.9258
-40.9402
-215.715
-104.657
-28.8576
-229.111
-110.831
-19.4848
-235.087
-113.083
-9.76789
-234.707
-112.363
-0.213219
-230.987
-111.534
10.2295
-230.272
-111.699
20.1255
-231.14
-112.939
29.1117
-232.451
-115.301
35.2872
-247.774
-125.316
41.4272
-257.739
-133.834
51.3069
-255.155
-138.877
62.9593
-235.497
-137.493
69.0408
-173.997
-114.845
60.7899
-115.776
-85.8469
48.4114
-30.1444
-35.8928
35.3839
89.3914
19.0068
86.3726
217.166
-31.0585
-21.6566
121.901
-101.219
1.24275
58.7858
-139.168
17.5874
29.6097
-144.652
6.28612
-5.82162
-150.929
-24.0991
-28.2267
-144.778
-40.5233
-53.4013
-136.756
-38.9882
-83.0794
-138.869
-29.081
-110.343
-141.998
-22.5122
-131.708
-138.743
-13.9123
-146.871
-132.383
-7.0479
-158.374
-127.347
-0.415553
-168.072
-122.069
6.28744
-172.195
-113.3
11.5054
-172.114
-105.081
14.9991
-170.843
-97.9998
18.5335
-174.504
-94.3766
20.2712
-174.266
-89.2246
22.4754
-171.82
-83.6006
24.4362
-166.489
-75.163
25.5098
-165.131
-66.5789
24.5564
-167.52
-60.4991
26.937
-156.517
-49.6395
38.1418
-82.9883
-13.0306
43.3959
-2.15756
24.5686
38.2696
55.6184
50.8498
61.1233
92.1453
66.9383
156.02
85.2158
-36.88
-81.1115
14.8846
-88.7761
-19.9537
-31.7251
-107.071
24.4863
-63.1905
-103.561
38.6738
-79.6079
-98.9656
34.8046
-90.5529
-96.9206
28.9397
-96.7254
-93.7833
26.0776
-104.698
-95.2785
24.2987
-114.285
-98.4235
19.6329
-124.713
-98.3479
17.0016
-133.54
-96.8145
13.5663
-140.911
-95.6204
14.8427
-144.852
-90.0317
17.8782
-145.8
-81.626
20.3529
-145.958
-73.9308
23.819
-142.963
-65.6935
27.3596
-140.252
-56.1289
31.5232
-136.702
-48.8305
35.0051
-128.792
-39.1018
37.1009
-110.006
-22.5843
37.4794
-81.7648
0.196167
38.7448
-53.3433
23.0506
41.3331
-19.2822
53.2871
43.9699
33.6818
89.4092
71.9089
101.806
91.2547
-91.2434
28.1464
26.3554
-56.1249
-19.2243
-14.0532
-40.5215
-44.0629
-35.0343
-28.8041
-48.7776
-41.9601
-15.158
-55.6883
-48.8013
-1.48512
-61.0397
-47.705
10.6771
-63.0016
-44.2505
19.3298
-76.0595
-43.2364
35.4488
-94.7322
-41.8711
38.9591
-119.802
-47.3087
33.6671
-133.499
-49.2706
25.9296
-131.969
-45.6553
16.8402
-119.059
-38.011
7.97118
-96.8503
-27.0922
2.22649
-79.4892
-18.9131
0.321894
-71.0571
-15.2187
3.54181
-50.0852
-9.48141
6.10528
-6.78426
8.47979
14.6325
30.4851
26.9015
26.7081
53.3738
42.9108
46.323
52.3658
53.4662
62.0099
44.971
54.7723
77.1926
47.7042
54.2883
86.2646
37.785
49.2052
92.9798
-18.0497
122.713
5.23987
-37.9839
105.448
4.65226
-41.255
98.4259
5.15863
-35.7574
97.2236
4.77927
-26.8725
94.7587
3.05042
-16.7574
91.9365
3.53296
-5.7518
89.546
3.30822
3.99274
86.1634
0.811084
19.7472
85.9443
7.46054
59.9168
96.9678
23.8797
