0.372974
-186.644
453.122
-350.307
494.948
32.0484
-209.225
156.169
-219.158
-169.334
-87.3692
166.509
-294.44
-372.235
-156.398
-672.517
359.484
247.36
-475.903
284.532
310.09
23.5006
15.5485
136.404
-271.299
-33.7165
-3.98341
-348.679
-151.385
124.935
-582.232
163.342
-115.229
-534.598
151.739
158.659
-327.333
354.723
238.574
-20.6798
28.1842
80.8377
23.883
-49.3915
3.54068
-247.129
51.9689
125.506
-198.574
-197.503
24.797
-530.04
428.552
193.518
-458.155
201.01
-168.854
-322.813
-44.0428
-50.5804
-221.931
-185.489
427.97
-402.888
124.103
170.606
-135.914
-146.994
-164.211
-19.2272
89.927
38.335
-170.455
-46.3422
-79.4167
-178.99
-75.7101
0.63187
-398.144
324.358
-143.371
-421.992
358.533
206.776
-164.082
-334.418
183.015
-229.502
-211.209
-135.265
-428.535
29.9185
114.648
-236.859
-446.638
531.754
-370.09
227.606
172.012
-151.829
-140.921
-242.406
149.098
-373.553
-48.4062
-56.7903
144.519
77.2598
-108.637
-41.0379
-42.4143
-366.963
201.579
-78.4536
-221.86
-205.8
-292.342
-445.175
215.064
-51.9475
-247.725
-271.178
45.7721
-442.005
220.459
144.022
-246.609
-293.787
237
-231.977
-441.044
374.239
-451.246
126.435
-15.2307
-525.574
236.293
21.5076
-293.691
-310.413
443.074
-46.6537
-162.215
103.485
8.34109
-1.47667
-129.049
44.0562
17.8971
-60.6245
-130.425
172.332
-68.0638
-151.764
-116.505
-129.799
-268.068
-157.741
-69.8124
-447.061
154.951
11.452
-404.022
37.7346
125.75
-317.182
-226.267
41.796
-499.058
171.815
24.4074
-265.688
-404.53
44.5828
-224.197
-465.73
325.947
-575.701
348.937
-51.8638
-425.206
-29.0028
33.8444
-368.781
-152.114
271.39
-419.887
-18.3869
-34.5587
-209.57
-71.6684
66.1349
-143.956
149.456
117.945
56.094
-167.452
-48.3329
27.2768
129.186
38.0274
-189.334
266.033
-104.17
-127.888
-135.15
-56.3
-209.578
-138.124
94.374
-250.927
-153.166
32.3352
-361.119
34.2515
3.38112
-156.519
-372.932
114.634
-450.306
319.205
134.38
-164.67
-268.273
111.143
-174.064
-227.827
197.557
-258.794
-16.2707
-352.741
-299.502
57.6714
-71.8557
-186.675
-253.444
63.7728
-416.557
219.563
-177.184
-182.415
-287.885
110.97
-192.018
-279.433
203.369
-338.563
210.261
125.067
-303.571
250.798
-22.3874
246.738
-712.786
-63.8373
-104.914
403.912
137.527
304.051
-314.513
-12.9014
-67.1568
141.749
-53.544
282.662
-655.088
114.538
-55.1418
17.2571
240.299
-116.404
58.615
-10.0827
24.6874
-250.857
-84.2148
-161.76
117.596
-205.803
77.833
-454.349
18.1872
-67.716
-207.013
152.665
-3.68857
-366.559
57.3722
-217.78
78.5837
76.97
-185.051
-18.7629
11.4775
-112.614
-159.039
-186.802
-42.2665
-290.568
-126.659
-73.4305
-158.049
68.2762
-265.713
281.892
-199.627
-106.586
-110.651
150.756
-56.567
-279.56
44.2568
-264.406
146.449
-83.8632
-127.388
-162.694
176.217
-80.5523
-245.185
89.0521
-115.827
-193.772
16.2737
-328.192
230.211
95.2886
-179.65
187.103
329.451
-128.489
301.948
125.393
182.748
-281.955
-209.751
-135.159
248.282
254.295
368.761
-850.616
-4.0114
-216.002
345.319
-147.667
-151.031
126.689
24.4196
-238.581
272.493
-41.0621
115.368
-502.729
158.155
-5.89747
-263.567
97.5935
27.9716
-332.919
-5.56006
-142.807
20.8192
38.7738
-62.4891
-181.312
17.4815
-418.711
542.262
42.6036
-244.308
141.811
23.0007
-113.984
-201.77
-91.1865
-144.024
-181.831
-241.75
-46.5339
-415.609
228.14
-121.993
-245.268
162.642
-412.305
409.626
171.501
-136.017
-138.507
220.518
-180.092
-20.0701
72.707
-85.7632
-170.807
108.306
-165.032
74.4678
92.7895
-191.731
224.821
16.7631
80.256
-271.176
8.73664
-111.583
238.856
337.557
-179.838
576.365
372.566
-306.759
731.554
-172.549
264.403
-600.161
68.8291
-123.82
98.373
-7.57146
13.0119
-246.704
-58.9093
-133.612
81.1548
-43.309
47.3213
-324.495
-56.3168
-187.247
150.014
-14.9242
-190.149
185.479
22.9162
-115.384
-16.6981
213.11
-233.133
235.633
266.359
111.647
-559.14
388.44
-141.681
-51.4508
-39.837
-137.273
-22.8059
-121.81
-83.6712
-93.1433
-64.193
-148.316
139.28
-46.7349
-115.656
138.298
-16.064
-59.474
21.4317
-122.181
143.591
-372.971
-100.278
45.2087
-25.3168
172.081
144.422
-106.624
195.466
123.499
-6.90316
-86.0318
34.6988
227.763
5.55147
-229.771
749.318
282.916
503.985
-783.167
200.724
98.1673
382.154
479.981
-285.731
741.343
-276.895
-79.4299
231.556
-81.9681
-28.4256
107.964
-26.5245
79.2477
-138.53
-36.832
-92.9959
200.558
4.74683
-112.175
254.43
-10.5999
-98.0696
227.537
88.1795
121.098
-226.918
12.7655
254.877
-498.207
-88.5713
-290.141
688.365
-124.643
