-65.9779
-0
27.1233
-237.656
17.7453
-41.0292
-40.7825
0
283.886
-205.33
-0
48.5721
-469.229
-55.5408
117.525
-535.846
-0
53.7846
-418.386
12.3653
122.337
0
0
0
-243.365
-0
74.824
-397.739
0
0
-420.303
0
32.9584
-411.106
0
36.0801
-249.559
77.0413
194.428
0
87.8902
-65.2632
-0
2.31369
10.6209
-258.683
37.2519
0
-390.435
152.631
0
-372.423
10.2856
20.7002
-389.696
0
113.204
-375.726
0
69.0229
-339.934
-0
189.604
-313.378
-143.061
0
-173.859
-4.20979
-0
-17.8585
166.217
9.71003
-231.797
48.3707
0
-322.555
95.5864
40.7485
-305.594
0
92.5932
-329.142
-0
47.1528
-348.078
-0
82.2575
-373.064
-0
0
-405.558
-94.1165
12.6373
-295.526
-378.45
75.1479
-245.256
-68.6199
73.7219
-86.6988
-241.48
0
0
-0
0
0
0
0
-159.465
0
0
-291.368
-0
0
-314.308
-0
0
-310.208
-24.7084
0
-325.216
-23.2816
0
-321.224
-53.4369
0
-367.112
-0
113.034
-361.731
-60.162
107.248
-327.68
-162.055
0
-301.448
-288.2
0
-319.886
-301.958
137.402
-123.634
-18.7714
45.3459
-0
-0
0
0
-0
0
-0
-0
-0
-189.683
-0
-0
-270.448
-149.267
-0
-356.47
-0
-0
-350.673
-29.2515
0
-352.416
-1.48827
0
-358.719
-0
0
-328.727
-108.892
17.8843
-337.446
-116.22
18.6881
-378.233
-57.0403
102.04
-381.684
-93.8332
166.772
-288.266
-284.376
107.254
-333.629
-249.746
0
-259.467
-22.7452
0
-77.2298
-0
0
-0
-0
0
0
0
0
-0
-0
-0
-131.251
-92.6702
-0
-192.352
-132.927
-0
-266.199
-50.9511
-0
-284.809
-39.8897
0
-309.753
-0
0
-303.274
-10.6121
0
-294.709
-16.6208
26.5682
-277.381
-53.8492
10.6591
-247.949
-125.522
11.5105
-253.359
-102.008
0
-263.236
-131.348
0
-291.761
-74.2786
0
-252.118
-161.89
0
-280.551
-106.054
0
-182.114
-123.677
0
-101.601
-198.775
0
-13.5487
-0
1.16581
0
-0
0
423.884
-0
0
32.9119
-36.505
0
94.0315
-230.559
-0
68.1711
-220.042
-0
29.4152
-260.587
-0
0
-198.689
-0
-0
-199.282
-0
-32.0548
-181.848
-0
-51.4025
-210.577
-0
-88.7018
-156.448
-0
-111.438
-120.319
-0
-150.143
-59.8477
-0
-153.052
-68.8615
0
-152.122
-58.4633
23.0342
-156.449
-36.6653
23.7457
-125.794
-88.8932
56.285
-149.952
-62.8716
32.4057
-132.587
-102.674
15.9278
-177.149
-16.7616
0
-124.935
-123.804
0
-172.18
-25.2616
0
-162.99
-75.6306
0
-166.333
-115.086
40.5032
-75.0002
-4.36992
18.3011
0
-0
5.63708
0
-0
0
0
-0
184.945
1.15528
-0
-0
0
-129.99
-0
-0
-223.444
0
-53.0707
-154.021
13.2463
-124.163
-33.0475
0
-60.0192
-197.37
0
-126.35
-50.1383
-0
-111.322
-106.085
-0
-157.218
-29.9492
-0
-187.829
-0
-0
-200.023
-0
0
-201.425
-0
0
-136.664
-150.457
46.7045
-199.844
-0
59.8316
-192.34
-0
70.4568
-181
-0
71.2053
-172.149
-0.931228
88.3677
-135.386
-60.759
99.05
-156.314
-0
101.328
-127.811
-0
84.4089
-85.8845
-0
43.2366
-26.4405
-0
70.5364
-0
-0
70.788
8.7243
0
107.311
140.547
0
-46.9777
0
0
-57.341
-10.2123
-0
-47.2279
-81.0313
-13.6602
-46.6204
-7.48463
-141.404
-47.73
-92.4008
-0
-0
-101.971
-0
-0
-94.9585
-0
0
-115.148
0
73.7382
-136.472
0
116.775
-173.352
0
17.9815
-187.097
0
0
-174.088
-0
0
-157.521
-0
0
-115.896
-0
0
-87.1892
-0
0
-94.4498
-0
0
-43.4102
-0
31.369
-0
0
95.0998
14.9521
0
58.5229
88.4058
0
73.22
57.0567
46.5829
46.5083
54.0121
0
125.774
54.1484
0
125.307
0
0
11.3783
-241.662
769.936
-0
-0
0
-0
-59.8192
138.875
-0
-88.8081
201.872
0
-10.4455
52.2686
0
-0
43.5157
33.1289
-0
59.5747
55.8095
-0
65.1707
30.2618
0
48.0113
0
0
167.876
47.7756
