-6.54874
-172.819
441.045
-343.8
477.733
23.8019
-214.608
154.557
-197.032
-170.702
-83.1173
162.323
-300.9
-357.102
-155.366
-656.266
323.453
257.387
-479.54
295.37
304.198
20.464
20.4607
132.774
-274.447
-27.5053
-9.74645
-347.677
-152.55
120.497
-561.332
136.087
-125.847
-527.268
148.682
169.305
-326.926
359.773
249.91
-20.3093
28.4182
81.5539
17.4755
-36.6397
3.27758
-253.199
60.6506
122.748
-216.211
-163.137
-1.46735
-500.552
360.099
177.883
-450.7
178.303
-154.389
-333.511
-29.1729
-22.0065
-242.89
-145.101
432.921
-399.068
106.414
165.982
-142.551
-138.479
-160.957
-22.418
97.3865
41.0521
-187.362
-8.32405
-85.3858
-191.917
-58.1494
13.4467
-374.401
262.151
-134.781
-403.01
296.564
205.787
-186.762
-297.984
181.865
-252.801
-171.029
-124.647
-435.242
44.3952
114.786
-241.865
-435.651
503.046
-353.17
191.224
170.027
-150.917
-141.85
-222.999
133.04
-330.522
-59.9086
-42.0581
113.025
67.925
-119.921
-18.0454
-54.8991
-360.079
184.399
-61.9204
-232.222
-182.656
-264.683
-409.093
145.134
-26.3812
-245.051
-265.18
38.5479
-434.357
205.295
123.184
-267.191
-242.325
221.339
-239.591
-412.221
351.122
-440.83
110.874
-4.46431
-501.173
188.395
25.4966
-303.432
-285.141
413.455
-47.5149
-158.186
107.522
19.2235
-16.4617
-110.864
45.8498
17.2961
-62.2122
-128.222
163.376
-62.0244
-165.512
-88.1088
-135.212
-267.039
-162.961
-64.8454
-434.458
130.016
8.89313
-397.357
25.3676
135.147
-310.247
-224.079
30.4502
-476.218
134.938
24.2059
-285.392
-349.212
43.1264
-243.5
-420.662
294.834
-559.438
311.025
-40.4567
-416.698
-48.7651
46.6677
-376.446
-131.099
262.419
-422.476
-20.2327
-29.9426
-210.474
-77.408
56.9688
-122.913
103.597
114.397
41.2933
-131.993
-32.531
29.0616
127.012
42.2519
-180.456
238.311
-93.1533
-146.007
-97.2838
-61.2417
-213.91
-129.809
88.305
-249.368
-152.825
22.2479
-337.351
-9.68019
11.5303
-180.296
-320.08
98.8988
-419.804
249.002
139.607
-181.576
-237.932
103.315
-186.734
-210.077
180.479
-277.373
12.3278
-311.081
-295.227
41.1447
-67.3357
-198.494
-234.645
47.1237
-398.016
170.926
-161.73
-209.827
-238.919
121.055
-207.83
-252.622
195.531
-317.905
160.195
101.067
-289.463
212.245
-31.3579
224.123
-666.969
-49.7556
-105.973
404.152
138.346
308.14
-313.49
-12.6195
-65.3812
138.722
-52.1029
274.604
-637.19
107.524
-47.9282
3.72246
232.577
-99.1956
22.8188
1.82266
14.2785
-229.327
-65.48
-147.586
86.7846
-188.868
53.5287
-400.52
6.32659
-70.5741
-201.327
137.609
-23.7022
-323.958
44.6006
-200.751
43.6774
67.0124
-158.821
-71.2977
1.06414
-105.474
-177.337
-144.087
-56.6837
-261.145
-112.145
-83.8867
-142.9
61.222
-260.522
263.441
-183.657
-116.399
-93.4472
131.041
-74.4377
-238.488
44.7628
-239.379
94.5779
-59.2548
-129.273
-155.803
173.344
-94.0554
-216.792
75.608
-137.518
-147.854
20.7194
-306.633
185.456
104.991
-175.565
174.69
310.455
-118.082
273.152
98.8225
163.097
-240.726
-211.24
-128.185
228.755
251.307
347.043
-806.933
-3.73618
-188.005
284.935
-142.476
-129.183
83.0674
28.8252
-232.222
261.194
-31.498
79.4424
-422.01
143.751
-6.48367
-257.907
92.8289
5.6571
-283.091
-5.01145
-142.899
20.3791
40.2265
-60.5993
-185.897
17.921
-353.175
405.113
55.6802
-231.698
115.691
8.85251
-124.917
-172.984
-76.4695
-160.243
-140.037
-215.182
-67.1879
-361.525
205.27
-131.656
-217.848
149.973
-361.139
308.697
173.645
-137.896
-124.911
218.403
-177.608
-15.1617
76.9672
-108.199
-116.033
118.503
-153.722
55.0928
97.5241
-173.881
195.012
22.3246
61.6055
-222.845
13.5235
-118.686
258.773
321.037
-145.321
506.957
352.674
-260.903
642.764
-181.016
223.779
-514.034
44.5993
-115.933
81.3286
-10.2515
-8.69809
-201.862
-54.3261
-121.857
55.1083
-33.6066
23.6032
-275.061
-39.7261
-162.366
99.8996
3.24664
-162.347
132.573
16.4181
-127.478
11.5768
193.536
-187.891
142.101
238.446
68.0703
-467.569
369.723
-159.056
-15.3268
-22.0681
-136.848
-22.339
-98.4754
-87.4201
-83.5995
-73.2413
-128.657
99.9067
-68.0289
-90.75
86.549
-17.513
-55.7737
14.7789
-100.282
99.0176
-278.554
-77.9548
45.9176
-20.8178
153.87
137.161
-89.6398
176.22
142.913
-42.0725
-61.6292
22.0145
257.39
21.0748
-168.333
621.655
281.753
440.842
-649.049
202.064
137.033
298.636
478.142
-281.799
723.411
-283.029
-77.3273
220.876
-89.0557
-38.0261
123.674
-31.0372
42.7093
-65.5636
-25.3241
-72.8761
158.328
14.2008
-82.1645
188.529
-15.1853
-92.8419
214.001
65.7955
91.784
-170.396
4.32621
197.099
-380.927
-74.6056
-239.619
577.274
-106.842
