-96.2828
-56.5005
240.347
-286.908
301.109
-0
-274.802
134.28
30.2429
-153.752
-117.116
152.256
-429.497
-80.0474
-0
-530.468
0
153.971
-508.817
296.436
249.641
18.1302
0
86.7947
-242.647
-58.7654
0
-388.993
-28.434
40.8047
-432.767
-0
-0
-486.18
142.984
78.5994
-282.822
239.889
259.898
3.79364
0
15.4045
-25.138
59.2143
25.7955
-236.582
5.92578
0
-333.892
41.9419
-0
-395.136
98.1209
3.33711
-422.181
85.9646
57.1999
-390.397
46.5963
101.454
-333.303
0
322.974
-345.585
-84.4538
143.485
-207.972
-46.6919
-78.9255
-48.131
155.732
21.55
-219.555
36.235
0
-313.538
100.891
8.70557
-329.746
41.5107
27.7358
-337.95
0
95.9302
-355.873
-1.05475
169.675
-351.601
-41.2074
-0
-429.946
-1.7835
61.1489
-335.983
-239.264
195.828
-224.656
-85.0073
67.3559
-68.7286
-310.397
-39.2296
0.164118
-0
-0
21.2624
0
0
-158.86
6.68131
0
-292.72
0
-0
-321.996
-0
-0
-326.01
-0.77113
0
-275.728
-135.242
0
-344.889
-0
0
-363.415
-0
144.215
-364.331
-64.5197
138.452
-400.324
-4.67815
-0
-322.526
-234.254
76.2172
-303.373
-334.261
207.837
-140.49
-4.72097
56.0265
0
-1.74648
-0
6.629
-3.28706
-25.7059
-45.8213
0
-0
-186.195
-52.8173
-0
-289.32
-121.609
-11.6917
-357.661
-4.46225
-0
-368.47
-0
0
-359.555
-0
10.884
-336.791
-56.5682
4.41029
-329.544
-144.712
57.1392
-362.101
-102.338
57.9335
-423.13
-0
114.81
-441.543
-4.86942
229.556
-312.427
-264.036
178.755
-392.17
-130.512
0
-275.971
-0
0
-88.2418
-0
0
-10.7262
0
0
12.0533
31.7837
0
-43.7304
-44.9578
0
-160.994
-63.0115
0
-198.163
-141.056
0.591456
-283.266
-35.6003
2.05795
-301.143
-27.2082
-0
-320.534
-0
5.44043
-293.678
-50.4036
40.7605
-249.228
-127.361
97.7415
-275.078
-69.8981
56.7845
-280.734
-56.4131
22.6798
-264.635
-66.0199
0.945871
-265.13
-108.56
0
-315.576
-0
0
-276.533
-79.21
32.0735
-296.116
-39.7459
31.9278
-179.276
-109.322
-0
-91.0136
-195.065
-4.63436
-31.9204
-36.7653
-0
54.4524
0
31.9087
335.91
-126.53
23.3168
21.7035
-38.6002
0
127.964
-323.338
31.3667
13.4483
-119.839
90.3276
2.92531
-206.431
23.8899
0
-225.131
6.55584
-18.6541
-190.986
-0
-46.9777
-179.151
-0
-68.8705
-192.6
-0
-85.2786
-180.248
-0
-135.811
-86.143
-2.70668
-161.684
-52.6897
-0
-149.816
-92.0353
3.26459
-99.5609
-176.43
27.3059
-110.072
-127.615
9.55177
-153.235
-13.0252
15.3657
-169.104
-0
0
-129.212
-86.1576
0
-176.232
-0
0
-152.3
-48.4315
0
-176.803
-0
-0
-164.272
-60.1709
30.6059
-193.458
-31.1852
114.681
-87.7004
-0
59.7194
0
0
39.9984
47.1285
0
-0
-0
0
221.567
105.343
-298.087
-3.6161
-0
-133.988
-19.8841
-27.751
-135.846
69.4199
-114.419
-0
38.0934
-55.5921
-127.862
0
-58.6149
-139.904
0
-69.9696
-117.434
0
-88.8213
-98.6683
-0
-121.944
-60.1868
0
-165.849
-0
14.6655
-176.274
-0
0
-134.742
-104.098
-11.9049
-122.146
-152.417
0
-189.82
-0
18.2237
-190.14
-0
68.6795
-178.96
-0
75.757
-166.075
-11.8829
94.0664
-164.13
-0.202444
116.378
-156.057
-0
141.604
-125.85
0
109.789
-79.4184
0
64.8432
-37.8129
0
133.401
-0
0
148.269
0
191.659
147.982
24.1844
127.476
-188.829
-0
-0
-82.2821
-68.5891
-2.43169
-49.5331
-61.2929
-91.374
-45.5027
-69.5551
-61.1762
-42.3937
-64.6237
-96.2088
-2.82396
-119.999
-0
4.12012
-103.828
-0
23.0384
-125.921
-0
100.476
-135.269
0
129.485
-177.632
0
64.2316
-191.986
0
0
-178.057
0
-0
-159.396
-0
-0
-116.938
0
-0
-90.1738
-0
0
-90.2116
-0
0.134454
-64.7516
-0
41.4324
0
-0
100.63
59.1021
-0
44.0653
93.3335
0
64.3274
49.7748
98.2986
79.3186
32.3633
69.6486
210.802
94.5069
0
162.752
55.9866
0
265.733
-411.253
945.259
-53.0264
-0
0
-108.368
-0
0
-4.68138
-54.3163
106.521
0
-47.1874
103.43
28.5391
-64.1441
148.419
25.6609
-39.3973
118.08
35.4587
-0
26.8358
0
-2.55304
31.1636
0
-13.4917
164.249
61.8054
