0.364816
-186.627
453.107
-350.299
494.927
32.0385
-209.232
156.167
-219.13
-169.336
-87.3632
166.503
-294.447
-372.217
-156.398
-672.495
359.436
247.374
-475.907
284.547
310.085
23.4963
15.5555
136.399
-271.305
-33.7057
-3.99243
-348.676
-151.39
124.927
-582.203
163.303
-115.244
-534.587
151.733
158.675
-327.334
354.734
238.592
-20.6793
28.1844
80.8387
23.874
-49.3736
3.53995
-247.14
51.9844
125.502
-198.596
-197.46
24.7609
-530
428.458
193.497
-458.144
200.977
-168.836
-322.827
-44.0228
-50.5415
-221.96
-185.433
427.981
-402.885
124.083
170.599
-135.922
-146.984
-164.208
-19.2322
89.9382
38.3387
-170.48
-46.2872
-79.4252
-179.006
-75.6887
0.648557
-398.111
324.271
-143.361
-421.965
358.446
206.775
-164.112
-334.371
183.014
-229.535
-211.153
-135.251
-428.548
29.9449
114.65
-236.865
-446.627
531.718
-370.07
227.562
172.009
-151.828
-140.923
-242.383
149.078
-373.498
-48.4223
-56.7712
144.478
77.2473
-108.653
-41.0056
-42.4317
-366.956
201.56
-78.4313
-221.873
-205.771
-292.305
-445.124
214.966
-51.912
-247.719
-271.177
45.7638
-441.996
220.441
143.994
-246.638
-293.717
236.978
-231.986
-441.008
374.21
-451.233
126.419
-15.2143
-525.543
236.235
21.5129
-293.704
-310.378
443.035
-46.654
-162.212
103.488
8.35668
-1.49968
-129.027
44.0587
17.8965
-60.6267
-130.422
172.321
-68.0564
-151.783
-116.466
-129.808
-268.066
-157.749
-69.8065
-447.045
154.92
11.4501
-404.012
37.7161
125.766
-317.17
-226.272
41.7832
-499.027
171.766
24.4074
-265.715
-404.455
44.58
-224.222
-465.672
325.907
-575.682
348.892
-51.8521
-425.192
-29.0341
33.8585
-368.794
-152.079
271.381
-419.892
-18.3858
-34.552
-209.571
-71.6763
66.1248
-143.927
149.394
117.939
56.076
-167.409
-48.3148
27.2797
129.183
38.0327
-189.324
266
-104.157
-127.912
-135.1
-56.3074
-209.585
-138.111
94.3665
-250.924
-153.169
32.3214
-361.086
34.1896
3.39334
-156.55
-372.864
114.616
-450.265
319.111
134.387
-164.692
-268.235
111.132
-174.081
-227.802
197.535
-258.822
-16.2253
-352.69
-299.496
57.65
-71.8509
-186.69
-253.422
63.7501
-416.532
219.497
-177.167
-182.453
-287.817
110.986
-192.039
-279.397
203.36
-338.537
210.199
125.037
-303.553
250.748
-22.4004
246.713
-712.736
-63.82
-104.916
403.915
137.529
304.057
-314.516
-12.9025
-67.1573
141.751
-53.5425
282.655
-655.073
114.529
-55.135
17.245
240.29
-116.382
58.568
-10.0677
24.673
-250.827
-84.1911
-161.742
117.557
-205.783
77.8021
-454.28
18.172
-67.7205
-207.004
152.647
-3.71604
-366.501
57.3557
-217.757
78.5352
76.9577
-185.014
-18.8388
11.4643
-112.604
-159.065
-186.746
-42.2849
-290.53
-126.639
-73.4448
-158.027
68.2666
-265.71
281.875
-199.611
-106.599
-110.628
150.73
-56.5915
-279.503
44.2574
-264.37
146.376
-83.8312
-127.391
-162.685
176.215
-80.57
-245.148
89.0323
-115.857
-193.708
16.2792
-328.163
230.153
95.3008
-179.645
187.087
329.43
-128.473
301.907
125.36
182.722
-281.902
-209.755
-135.15
248.256
254.291
368.735
-850.564
-4.01145
-215.967
345.244
-147.662
-151.004
126.634
24.4259
-238.575
272.483
-41.0501
115.322
-502.625
158.137
-5.89522
-263.566
97.5879
27.942
-332.853
-5.55881
-142.811
20.8264
38.7765
-62.4833
-181.325
17.4816
-418.622
542.076
42.6215
-244.292
141.779
22.9813
-113.998
-201.734
-91.1699
-144.049
-181.77
-241.718
-46.5637
-415.532
228.111
-122.007
-245.231
162.623
-412.237
409.49
171.503
-136.017
-138.495
220.517
-180.089
-20.0636
72.7124
-85.7961
-170.728
108.322
-165.016
74.441
92.7957
-191.708
224.784
16.7713
80.2347
-271.119
8.74182
-111.595
238.886
337.537
-179.793
576.273
372.541
-306.7
731.44
-172.561
264.35
-600.048
68.7985
-123.809
98.3499
-7.57387
12.9847
-246.648
-58.9033
-133.596
81.1198
-43.2974
47.2879
-324.425
-56.2949
-187.213
149.946
-14.8993
-190.109
185.404
22.9061
-115.403
-16.6542
213.083
-233.072
235.508
266.322
111.589
-559.017
388.416
-141.708
-51.396
-39.8152
-137.273
-22.8045
-121.777
-83.6765
-93.1308
-64.2055
-148.286
139.22
-46.7657
-115.62
138.222
-16.065
-59.4703
21.4245
-122.15
143.526
-372.836
-100.246
45.2098
-25.3115
172.057
144.411
-106.599
195.44
123.53
-6.96223
-86.0006
34.6765
227.813
5.57157
-229.688
749.145
282.914
503.9
-782.986
200.726
98.2194
382.041
479.979
-285.728
741.324
-276.905
-79.426
231.539
-81.9754
-28.4383
107.985
-26.5297
79.1961
-138.427
-36.815
-92.9662
200.496
4.76102
-112.13
254.332
-10.6076
-98.0648
227.524
88.1475
121.057
-226.841
12.7528
254.797
-498.044
-88.5521
-290.072
688.213
-124.619
