-74.3746
-58.7961
316.097
-297.345
323.386
-46.9664
-235.784
147.651
-21.0742
-171.835
-74.0082
147.577
-380.129
-192.766
-76.5757
-570.716
106.482
269.448
-498.018
308.672
210.012
8.20718
35.6956
104.734
-258.437
-53.5807
-12.8577
-370.612
-82.0103
102.966
-463.01
38.3524
-124.444
-496.321
160.162
167.621
-281.504
266.23
252.623
-2.97383
10.9963
73.518
-20.0678
44.2879
15.5913
-246.794
39.5877
59.4916
-315.72
31.6092
-94.824
-393.376
107.753
86.104
-422.465
88.8874
-37.7088
-378.211
43.5827
95.1294
-304.734
-35.4134
360.513
-344.586
-56.3272
182.049
-203.107
-46.3029
-87.089
-51.1162
159.227
30.179
-234.382
90.638
-68.8955
-280.959
58.2425
66.5358
-313.975
42.1975
-42.5777
-364.81
89.4358
148.086
-312.149
-100.615
144.679
-335.339
-64.4603
-35.101
-406.456
-45.9274
77.5178
-325.729
-243.352
302.787
-234.689
-56.0075
164.249
-144.09
-134.22
-86.072
51.7761
-108.454
-89.7321
25.8682
-31.6652
32.648
-173.474
65.3959
-50.9879
-304.77
44.6001
7.77327
-287.041
-64.1789
-91.2025
-308.594
-34.2257
59.2958
-284.361
-119.748
3.9722
-360.615
47.1876
42.5557
-330.499
-70.7297
145.648
-309.324
-187.77
159.804
-367.629
-55.1493
-9.01453
-364.417
-104.068
48.495
-343.318
-196.277
257.852
-73.0467
-103.073
164.365
38.547
-29.2463
-13.5752
45.0871
11.0006
-55.1407
-92.6156
80.2511
-12.5439
-197.996
-27.1736
-88.8719
-290.935
-116.19
-36.9504
-355.49
-17.1645
-10.5853
-363.056
-17.4418
92.459
-325.606
-87.0503
-27.5909
-365.926
-14.3571
33.5844
-339.238
-127.623
52.728
-333.38
-163.846
99.1866
-417.575
4.85878
73.9757
-407.296
-74.0604
164.845
-363.197
-154.919
161.691
-407.303
-104.854
-12.5776
-230.999
-83.3249
-3.05908
-66.8941
-31.5124
96.3246
-32.9527
43.9316
57.7884
18.5163
114.53
51.0064
-104.503
44.1712
-29.1339
-188.78
-2.85054
-48.6611
-225.234
-88.1889
25.4195
-262.668
-88.5721
-11.5925
-273.241
-95.3891
8.32653
-280.199
-83.5687
-12.3041
-301.705
-24.0032
104.78
-260.823
-91.6089
53.6129
-250.062
-112.171
74.9534
-281.128
-36.9331
-11.9857
-262.007
-60.685
4.22422
-265.697
-110.098
-8.24931
-319.955
-15.6389
-19.655
-291.835
-86.1344
112.096
-273.118
-136.014
128.043
-210.316
-93.7357
-14.9757
-192.206
-27.0428
-29.2977
15.4219
-209.691
12.7351
-41.1995
250.184
114.106
313.71
-173.883
31.1621
42.9009
-79.5632
-29.9422
129.931
-314.247
64.4965
36.185
-157.623
136.881
-9.67505
-160.354
41.0586
-3.3688
-189.756
15.7279
-58.7358
-95.363
-61.9175
-56.0553
-148.315
-34.378
-77.299
-172.607
9.34941
-87.5337
-175.439
-23.2507
-136.738
-84.529
4.99473
-118.908
-142.647
-28.2569
-111.075
-177.54
20.2833
-116.771
-151.523
-43.3979
-126.85
-102.282
38.6531
-166.521
7.10887
-12.5781
-156.245
-41.1046
30.8194
-144.631
-84.0661
32.1289
-165.948
-57.8561
51.7261
-139.222
-112.445
106.792
-149.425
-85.0732
53.6223
-194.49
-11.2013
58.1826
-222.673
23.5229
150.533
-135.714
85.3998
133.634
-65.5856
140.75
6.00129
53.1137
2.13338
-145.576
-28.631
79.19
231.961
163.2
-424.612
-18.2288
-21.5429
-78.9854
-58.6686
-47.958
-85.298
43.7525
-136.927
58.9022
10.5868
-73.0598
-86.269
52.1398
-69.0198
-116.649
48.476
-89.1768
-80.3942
16.0439
-113.219
-55.4771
35.4489
-101.716
-118.008
14.1916
-140.51
-61.1756
68.8738
-167.636
-32.8352
-6.95306
-171.913
-58.5965
37.7325
-177.47
-72.7169
-36.0268
-143.478
-148.625
76.1339
-162.708
-111.941
122.709
-182.18
-37.9292
165.869
-169.984
-28.3813
158.42
-173.964
5.17494
106.931
-157.28
9.62585
119.761
-126.029
12.6435
99.314
-107.668
82.4379
33.2882
-56.1789
57.128
82.3767
-89.7786
206.104
197.593
-16.3445
248.801
235.258
-31.3843
222.243
-187.331
43.3969
-114.023
-60.1258
-67.5013
-11.1496
-42.0823
-91.1358
-27.4974
-32.9916
-75.5688
-39.4756
-0.759503
-57.2
-99.0683
23.5829
-88.8058
-40.1174
65.1975
-80.4757
-18.3582
22.1861
-87.2523
-53.7427
121.909
-54.1956
-122.89
117.27
-84.4391
-136.178
229.904
-159.167
0.338233
90.5538
-140.751
0.272069
-12.2672
-110.357
-14.2937
-82.4168
-76.9412
10.4127
-89.4728
-37.4058
-13.3761
-46.0884
-39.9687
-6.60086
-38.99
-13.518
-32.5323
-18.7764
52.1922
-11.03
80.2391
118.932
-45.6907
74.2721
136.231
-3.35245
57.728
65.3497
168.212
80.2376
56.0604
142.363
265.471
195.234
-127.76
193.245
249.554
30.3768
436.822
-203.543
512.244
-218.719
-104.237
247.561
-157.392
-70.4054
170.211
-73.6253
-53.708
121.971
0.730214
-46.0462
103.41
19.4457
-40.2924
93.3694
-3.98915
-39.3012
100.947
13.237
-8.85574
28.3808
-0.150032
0.88343
15.833
-25.5267
-40.517
160.86
-11.9409
