-62.4282
-96.0679
13.0981
-81.9995
-97.57
31.1283
-34.8951
-73.1756
90.8603
-59.5442
-44.4283
19.7297
-178.808
-73.8533
38.2883
-210.817
-73.2617
53.5298
-131.703
-47.4036
83.9745
28.8943
21.5141
-19.3747
-123.376
-17.5449
6.49432
-221.118
-43.98
24.475
-258.505
-49.1151
41.7845
-235.329
-36.0109
61.3002
-135.159
-3.93487
77.0377
101.445
75.9636
-59.0858
-23.3763
47.7557
-28.2606
-135.783
13.6346
-8.46097
-216.422
-12.6654
9.09492
-260.067
-27.2604
26.1055
-272.545
-33.29
43.1509
-257.958
-37.2951
57.4047
-219.737
-39.2401
61.1501
-168.395
-36.4109
40.3895
-81.8726
-8.93645
5.07383
-7.07606
68.4123
-18.6608
-118.912
21.6691
-3.03376
-197.003
-11.6423
8.18744
-244.512
-34.3331
18.845
-272.388
-52.5901
29.8767
-286.814
-69.1891
41.1348
-290.102
-87.5764
48.789
-281.345
-103.674
52.4394
-244.393
-102.463
45.9523
-172.148
-76.1892
26.9116
-93.2288
-47.0055
5.80016
-12.0864
-13.2521
-15.5225
41.1503
8.38834
-28.4215
-73.4746
8.80938
-6.39209
-159.107
-32.1369
-1.4338
-212.019
-59.4771
2.83603
-243.493
-77.0238
8.40907
-264.396
-90.3468
16.1285
-278.685
-100.838
25.3135
-287.485
-111.163
34.216
-288.883
-120.252
41.971
-278.135
-125.81
47.6653
-251.073
-126.674
50.7409
-197.091
-115.381
47.8388
-99.9244
-80.6755
38.4172
-9.9195
-44.741
21.6297
71.1497
-4.22734
5.96917
70.3514
22.9335
-2.13874
-44.296
-29.6319
-11.8316
-130.31
-68.5489
-15.1209
-182.742
-92.9405
-13.0128
-212.786
-107.082
-8.14593
-228.68
-115.669
-2.64569
-239.946
-122.392
3.90308
-249.434
-129.478
11.5043
-257.774
-136.169
19.3875
-264.057
-142.113
27.6694
-263.812
-145.497
35.0305
-250.095
-142.507
40.0056
-217.048
-130.184
41.8885
-149.035
-101.227
40.1124
-69.9281
-66.4949
34.3912
0.766457
-35.5716
27.1897
51.7613
-12.7374
21.966
46.1816
-11.545
-1.16483
-36.6284
-51.0174
-12.8111
-98.8458
-80.8102
-18.5369
-143.267
-100.994
-19.1955
-170.982
-113.787
-17.113
-187.64
-121.005
-12.9474
-196.547
-124.628
-8.45661
-201.226
-126.433
-3.62035
-204.545
-127.584
1.92248
-207.466
-128.847
7.52744
-209.963
-130.223
13.2034
-212.424
-132.386
18.9711
-209.143
-132.841
25.1111
-195.318
-128.342
29.6925
-167.343
-117.008
32.6088
-122.219
-96.6259
31.985
-70.8477
-70.8474
30.4389
-12.1825
-40.2742
31.8287
44.7274
-9.25415
40.6153
139.905
-1.52268
-8.24979
115.846
-25.7925
-5.80346
76.9752
-51.683
-6.70446
46.0701
-67.1715
-9.32166
15.1911
-78.0541
-14.003
-11.4134
-85.6173
-16.3394
-37.0422
-94.2538
-15.0639
-63.4418
-104.831
-16.9553
-88.1332
-112.662
-17.9443
-109.822
-117.463
-17.388
-127.373
-119.884
-15.5297
-139.713
-120.306
-12.7371
-149.104
-118.992
-10.3391
-154.886
-116.497
-7.54646
-157.764
-113.066
-4.65068
-158.689
-109.206
-2.01116
-159.393
-105.53
0.282012
-158.304
-100.862
2.74499
-155.183
-95.2635
5.00092
-149.15
-87.9509
7.49174
-140.208
-78.8371
10.8328
-126.45
-67.776
14.6883
-102.215
-51.9221
20.2989
-60.0981
-29.3601
26.1891
-14.1143
-5.71034
32.8931
23.7344
12.8045
45.3954
39.3036
19.5375
54.8264
85.0888
-10.3094
-65.6678
46.4414
-38.3421
-48.1134
8.99753
-61.4307
-27.7734
-19.7816
-75.178
-14.9854
-42.0757
-83.5075
-8.00897
-59.8208
-89.2419
-2.83774
-73.4786
-92.6707
0.103363
-85.4814
-95.7254
1.41775
-95.9492
-97.8569
1.59908
-105.17
-98.1155
0.963888
-112.832
-97.4662
0.977822
-118.847
-95.6177
0.902016
-122.75
-92.1347
0.891875
-124.103
-87.4676
1.33811
-123.998
-82.0494
1.91688
-121.09
-75.5961
2.99794
-116.719
-67.6042
4.85553
-109.597
-59.1008
6.82578
-98.6323
-49.0275
8.80705
-81.6516
-35.8007
11.666
-60.2612
-20.5761
15.4155
-36.745
-4.26859
19.7422
-11.5873
11.6628
26.2515
13.1802
24.707
36.3038
79.1691
49.9867
-71.3142
44.9652
29.7456
-52.2912
13.81
11.2031
-38.282
-9.29868
-2.84234
-29.845
-25.006
-12.326
-22.8914
-37.3866
-21.3205
-17.527
-46.7164
-27.0387
-12.3731
-55.1698
-30.7915
-6.47009
-65.1708
-34.6717
-3.38451
-75.6886
-38.777
-0.198414
-86.5342
-42.1836
1.83628
-92.8202
-42.2336
2.90185
-92.8555
-40.0543
2.84343
-86.8886
-35.3898
2.54102
-76.3555
-29.206
2.56328
-64.358
-22.2099
4.01277
-51.5588
-14.7353
7.51592
-34.5727
-6.05426
11.3371
-13.9465
4.536
15.4568
5.73534
15.1154
20.4899
19.8985
23.4101
26.1504
26.2283
27.558
30.0663
29.3384
28.141
32.4436
30.3282
26.7125
31.7387
28.2671
23.7613
28.8412
-3.35537
50.0463
0.794101
-8.78326
44.0365
5.28393
-11.0192
41.1731
8.25703
-9.75588
40.8216
9.11408
-5.81095
40.3073
8.69126
0.318226
40.3154
9.83359
7.99437
40.5687
12.3596
16.1787
40.6312
13.9587
23.893
40.1576
15.4816
33.1385
40.0677
18.2174
