-0
-176.267
0
-59.3066
-0
0
-0
-0
0
-0
-139.983
0
-404.815
-0
61.4694
-532.066
-0
0
-228.84
-0
167.015
0
-0
-0
-102.472
-0
0
-389.073
-0
0
-396.697
-0
64.0176
-439.457
-0
55.2176
-26.7833
0
104.008
0
0
-243.836
-0
0
-0
-172.093
0
-0
-362.709
0
0
-371.542
0
0
-388.518
-0
98.7632
-342.436
-0
100.858
-285.416
-0
0
-226.05
-0
0
-0
-0
0
-0
32.1261
-0
-112.684
0
-0
-312.755
0
0
-301.198
0
0
-323.386
-0
0
-345.494
-0
0
-370.478
-0
13.6455
-386.064
-154.419
19.162
-279.08
-420.236
73.003
-255.818
-0
0
-13.8565
-0
0
-0
-0
0
0
0
0
-16.7912
-0
-0
-276.042
-0
-0
-307.715
-0
-0
-325.504
-0
0
-347.949
-0
0
-373.754
-0.353858
0
-368.822
-49.7824
6.94257
-325.553
-182.94
112.832
-351.5
-126.168
0
-323.006
-258.791
16.6837
-369.329
-218.562
112.388
-49.2431
-0
0
-0
-0
0
0
-0
0
0
-0
-0
-0
-0
-0
-250.38
-44.0279
-0
-249.034
-201.15
-0
-340.164
-0
-0
-300.204
-64.3848
0
-321.46
-26.786
0
-353.685
-0
0
-281.186
-183.043
0
-306.697
-157.268
5.67198
-353.292
-121.813
41.7569
-260.106
-299.826
0
-340.435
-225.998
0
-217.566
-30.5958
0
-0
-0
0
-0
-0
0
-0
-0
0
0
-0
-0
-0
-0
-0
-90.8249
-170.297
-0
-225.103
-114.401
-0
-226.17
-117.636
-0
-267.727
-50.0322
-0
-264.343
-44.357
0
-277.138
-8.19756
0
-273.645
-14.3778
0
-234.78
-99.0275
0
-205.697
-154.002
0
-257.284
-109.254
0
-214.601
-225.317
0
-265.025
-146.327
0
-276.176
-124.966
0
-130.011
-269.646
0
-72.4039
-0
0
-0
-0
0
0
-0
0
493.563
-0
0
19.3838
-0
0
0
-0
-0
0
-0
-0
0
-129.032
-0
-0
-175.581
-0
-0
-136.303
-0
-0
-252.334
-0
-119.775
-84.3581
-0
-81.5189
-232.837
-0
-145.209
-123.541
-0
-146.448
-114.975
-0
-188.365
-53.4316
-0
-185.129
-43.9199
0
-209.234
-0
0
-195.549
-0
0
-164.721
-94.2544
0
-154.734
-92.4243
0
-166.825
-76.9117
0
-87.5235
-211.521
0
-182.743
-0
0
-125.145
-163.653
0
-136.235
-25.2967
0
-0
-0
0
-0
-0
0
0
-0
0
0
0
0
57.6084
-0
-0
0
-0
-0
-0
-0
-0
-0
-159.973
-0
-0
-184.168
-0
-73.2078
-100.9
-0
-100.312
-84.6721
-0
-101.218
-109.023
-0
-86.2578
-159.977
-0
-164.784
-16.261
-0
-174.398
-0
-0
-190.876
-0
0
-201.28
-0
0
-187.352
-0
0
-174.687
-0
0
-162.409
-0
13.0835
-139.26
-59.8072
3.77698
-77.8989
-169.16
0
-140.702
-0
0
-104.793
-0
0
-0
-0
0
-0
-0
0.788427
-0
-0
0
0
0
0
305.596
0
-48.6485
0
0
-0
0
-0
-0
-0
-0
-18.2503
-0
-0
-6.94108
-0
-0
-0
-0
-0
-0
-65.3721
-0
-0
-92.795
0
-0
-128.047
0
-0
-161.439
0
0
-185.974
-0
0
-150.649
-0
0
-131.253
-0
0
-88.3168
-0
0
-52.3686
-0
0
-0
-0
0
-0
-0
0
-0
-0
0
0
0
20.5228
0
0
29.2786
9.40539
0
0
65.1909
0
0
0
0
0
0
0
0
-0
997.607
-0
-0
0
-0
-0
64.4837
-0
-0
107.596
0
-0
90.5039
0
0
86.1988
0
0
40.7717
0
0
0
0
0
0
12.2708
84.494
0
3.29374
