0.355694
-186.609
453.09
-350.29
494.904
32.0274
-209.24
156.164
-219.099
-169.338
-87.3564
166.497
-294.455
-372.197
-156.399
-672.471
359.384
247.389
-475.912
284.564
310.079
23.4915
15.5633
136.394
-271.311
-33.6936
-4.0025
-348.673
-151.394
124.919
-582.171
163.26
-115.261
-534.576
151.727
158.692
-327.335
354.746
238.612
-20.6788
28.1847
80.8399
23.8639
-49.3536
3.53913
-247.151
52.0018
125.498
-198.621
-197.412
24.7205
-529.954
428.351
193.473
-458.131
200.941
-168.816
-322.844
-44.0004
-50.4981
-221.992
-185.369
427.993
-402.881
124.06
170.592
-135.931
-146.973
-164.205
-19.2377
89.9506
38.3428
-170.507
-46.2257
-79.4346
-179.025
-75.6649
0.667212
-398.074
324.175
-143.35
-421.934
358.349
206.774
-164.145
-334.319
183.014
-229.572
-211.09
-135.235
-428.561
29.9745
114.653
-236.871
-446.615
531.679
-370.048
227.513
172.006
-151.827
-140.925
-242.357
149.055
-373.437
-48.4404
-56.7499
144.433
77.2333
-108.67
-40.9695
-42.4511
-366.948
201.539
-78.4064
-221.887
-205.739
-292.264
-445.068
214.856
-51.8725
-247.712
-271.175
45.7545
-441.986
220.421
143.962
-246.67
-293.638
236.953
-231.997
-440.968
374.178
-451.219
126.401
-15.196
-525.51
236.169
21.5188
-293.72
-310.338
442.992
-46.6544
-162.208
103.49
8.3741
-1.52539
-129.002
44.0614
17.8958
-60.6293
-130.419
172.309
-68.0481
-151.804
-116.422
-129.818
-268.064
-157.758
-69.7998
-447.028
154.886
11.448
-404.001
37.6954
125.783
-317.155
-226.277
41.7689
-498.993
171.711
24.4075
-265.745
-404.372
44.5769
-224.25
-465.607
325.863
-575.66
348.842
-51.839
-425.177
-29.0691
33.8742
-368.808
-152.04
271.371
-419.897
-18.3846
-34.5446
-209.571
-71.6852
66.1135
-143.895
149.324
117.933
56.056
-167.36
-48.2945
27.283
129.179
38.0385
-189.312
265.962
-104.142
-127.939
-135.044
-56.3158
-209.592
-138.097
94.3582
-250.921
-153.171
32.3059
-361.049
34.1203
3.40701
-156.584
-372.789
114.596
-450.219
319.006
134.396
-164.715
-268.192
111.121
-174.1
-227.774
197.511
-258.853
-16.1746
-352.634
-299.49
57.6261
-71.8456
-186.705
-253.397
63.7248
-416.504
219.424
-177.147
-182.495
-287.741
111.004
-192.062
-279.358
203.35
-338.508
210.13
125.003
-303.533
250.693
-22.4149
246.685
-712.68
-63.8006
-104.919
403.918
137.531
304.064
-314.519
-12.9037
-67.1579
141.753
-53.5409
282.647
-655.055
114.52
-55.1274
17.2314
240.28
-116.357
58.5155
-10.0509
24.6569
-250.794
-84.1646
-161.722
117.514
-205.761
77.7676
-454.204
18.1551
-67.7254
-206.995
152.627
-3.74675
-366.436
57.3372
-217.73
78.4809
76.9441
-184.971
-18.9235
11.4495
-112.592
-159.095
-186.684
-42.3054
-290.487
-126.617
-73.4609
-158.002
68.2558
-265.706
281.856
-199.593
-106.613
-110.602
150.701
-56.6189
-279.44
44.2581
-264.33
146.294
-83.7955
-127.394
-162.674
176.213
-80.5897
-245.106
89.0102
-115.89
-193.637
16.2853
-328.131
230.087
95.3143
-179.639
187.069
329.406
-128.456
301.861
125.322
182.694
-281.842
-209.759
-135.14
248.228
254.287
368.706
-850.505
-4.01151
-215.928
345.16
-147.656
-150.972
126.571
24.4329
-238.569
272.472
-41.0367
115.27
-502.509
158.117
-5.89272
-263.565
97.5815
27.9089
-332.779
-5.55741
-142.815
20.8343
38.7796
-62.4769
-181.339
17.4817
-418.522
541.868
42.6416
-244.275
141.742
22.9596
-114.013
-201.694
-91.1514
-144.076
-181.701
-241.681
-46.597
-415.447
228.079
-122.022
-245.189
162.601
-412.16
409.337
171.506
-136.017
-138.481
220.515
-180.085
-20.0563
72.7184
-85.8329
-170.64
108.339
-164.999
74.411
92.8027
-191.683
224.741
16.7804
80.2109
-271.056
8.74761
-111.607
238.92
337.513
-179.742
576.171
372.514
-306.634
731.312
-172.574
264.29
-599.922
68.7643
-123.797
98.3241
-7.57657
12.9543
-246.585
-58.8967
-133.579
81.0808
-43.2843
47.2505
-324.347
-56.2704
-187.176
149.87
-14.8715
-190.065
185.319
22.8948
-115.424
-16.605
213.052
-233.005
235.368
266.28
111.524
-558.881
388.389
-141.738
-51.3347
-39.7908
-137.273
-22.803
-121.741
-83.6825
-93.117
-64.2194
-148.253
139.153
-46.8001
-115.58
138.137
-16.066
-59.4661
21.4165
-122.116
143.454
-372.684
-100.211
45.2109
-25.3056
172.03
144.398
-106.57
195.411
123.565
-7.02823
-85.9656
34.6517
227.869
5.59404
-229.595
748.952
282.913
503.804
-782.784
200.728
98.2775
381.914
479.976
-285.725
741.303
-276.916
-79.4216
231.52
-81.9835
-28.4525
108.008
-26.5356
79.1384
-138.311
-36.7961
-92.9329
200.426
4.77688
-112.08
254.222
-10.6163
-98.0594
227.508
88.1118
121.013
-226.754
12.7387
254.708
-497.862
-88.5306
-289.995
688.043
-124.592
