-0
-175.509
0
-34.8479
-0
0
-0
-0
0
-0
-136.545
0
-393.977
-0
53.8256
-534.856
-0
0
-207.323
-0
159.186
0
-0
-0
-86.0968
-0
0
-389.238
-0
0
-393.303
-0
56.039
-439.865
-0
64.527
-7.26934
0
85.0651
0
0
-241.931
-0
0
-0
-161.361
0
-0
-367.578
0
0
-371.179
0
0
-391.133
-0
88.7482
-342.294
-0
99.2038
-285.863
-0
0
-214.22
-0
0
-0
-0
0
-0
15.3226
-0
-98.8244
0
-0
-314.852
0
0
-300.613
0
0
-322.904
-0
0
-342.21
-0
0
-369.647
-0
8.10607
-381.32
-161.848
20.7899
-282.714
-401.967
54.1035
-251.624
-0
0
-2.04068
-0
0
-0
-0
0
0
0
0
-0
-0
-0
-272.661
-0
-0
-307.173
-0
-0
-325.17
-0
0
-346.884
-0
0
-372.425
-0
0
-367.163
-46.6311
1.01346
-317.345
-200.051
117.637
-363.594
-98.952
0
-311.622
-285.773
21.9388
-374.858
-203.73
100.145
-40.5864
-0
0
-0
-0
0
0
-0
0
0
-0
-0
-0
-0
-0
-237.19
-36.3799
-0
-248.201
-206.303
-0
-339.385
-0
-0
-300.847
-61.5896
0
-322.495
-22.3485
0
-354.568
-0
0
-278.297
-188.37
0
-305.437
-157.656
0.232411
-353.982
-122.217
37.5355
-262.365
-289.738
0
-335.537
-239.855
0
-212.931
-24.6548
0
-0
-0
0
-0
-0
0
-0
-0
0
0
-0
-0
-0
-0
-0
-72.6048
-166.322
-0
-222.628
-118.619
-0
-219.992
-127.499
-0
-268.276
-44.4143
-0
-260.723
-48.2019
-0
-277.143
-4.72709
0
-270.543
-16.4625
0
-232.665
-100.635
0
-200.058
-162.566
0
-263.935
-92.8057
0
-204.698
-244.546
0
-272.32
-128.642
0
-260.371
-158.536
0
-139.128
-245.828
0
-58.4939
-0
0
-0
-0
0
0
-0
0
507.156
0
0
17.6658
-0
0
0
-0
-0
0
-0
-0
0
-88.1627
-0
-0
-173.504
-0
-0
-131.877
-0
-0
-248.1
-0
-104.366
-110.27
-0
-92.452
-207.704
-0
-135.117
-148.152
-0
-150.432
-106.085
-0
-186.846
-56.8835
-0
-187.211
-39.3665
-0
-209.659
-0
0
-195.959
-0
0
-161.017
-101.099
0
-150.964
-98.99
0
-174.275
-60.0786
0
-82.3686
-219.692
0
-181.843
-0
0
-117.135
-180.158
0
-131.152
-9.5273
0
-0
-0
0
-0
-0
0
0
-0
0
0
0
0
59.0762
-0
-0
0
-0
-0
-0
-0
-0
-0
-129.633
-0
-0
-177.112
-0
-58.1872
-119.328
-0
-100.782
-78.0207
-0
-96.6103
-117.136
-0
-81.9661
-168.323
-0
-166.557
-7.94679
-0
-174.562
-0
-0
-191.472
-0
0
-202.228
-0
0
-187.79
-0
0
-175.101
-0
0
-162.228
-0
0
-143.725
-52.0769
0
-71.3481
-179.806
0
-142.175
-0
0
-92.6014
-0
0
-0
-0
0
-0
-0
0
-0
-0
0
0
0
0
295.553
0
-48.9289
0
0
-0
0
-0
-0
-0
-0
-2.89941
-0
-0
-1.04149
-0
-0
-0
-0
-0
-0
-50.1997
-0
-0
-93.2064
0
-0
-125.054
0
-0
-159.629
0
0
-183.784
-0
0
-149.774
-0
0
-128.051
-0
0
-87.3245
-0
0
-31.2447
-0
0
-0
-0
0
-0
-0
0
-0
-0
0
0
0
12.9481
0
0
17.3522
2.63657
0
0
71.1669
0
0
0
0
0
0
0
0
-0
1006.14
-0
-0
0
-0
-0
60.5424
0
-0
109.289
0
-0
86.2608
0
0
88.1236
0
0
20.3388
0
0
0
0
0
0
5.80601
81.054
0
10.8758
