-94.7676
-57.3684
231.492
-290.903
309.817
-0
-260.029
108.894
37.6782
-154.128
-114.743
152.013
-434.377
-70.6398
-0
-530.537
0
139.755
-497.184
274.763
253.918
17.5292
0
83.4015
-242.535
-55.9364
0
-396.803
-11.0097
33.9382
-433.127
-0
-0
-470.425
105.831
75.668
-289.816
249.617
265.043
4.18516
0
0
-22.1061
54.1689
30.4286
-242.086
17.0975
0
-341.3
54.8867
-0
-393.566
91.2406
10.7429
-411.618
61.2786
60.0401
-395.866
54.8722
89.2582
-334.418
0
319.044
-343.884
-88.1044
138.846
-207.538
-44.0984
-71.7652
-43.8119
147.685
17.2371
-224.944
45.7825
0
-316.403
106.552
13.975
-325.004
31.1306
35.9469
-336.203
0
90.9478
-356.768
-0
163.584
-350.913
-43.6987
-0
-429.859
-4.37478
54.4215
-335.028
-241.406
183.177
-219.167
-96.3753
67.7941
-71.5482
-302.296
-26.8402
0
-0
-0
21.6056
0
0
-159.047
6.65169
0
-294.386
0
-0
-322.834
-0
-0
-326.401
-0
0.250381
-276.888
-132.697
0
-344.474
-0
0
-362.883
-0
140.934
-369.602
-53.2241
130.929
-393.665
-21.9977
0
-315.1
-254.76
77.9121
-310.689
-321.33
200.03
-143.565
-0
56.2232
0
-2.68335
-0
2.47468
-0.0403489
-18.9779
-40.5941
-0
-0
-184.774
-55.0685
-0
-286.979
-124.148
-6.01343
-359.366
-0
-0
-367.547
-0
0
-357.922
-0
5.01133
-336.234
-52.4967
0
-326.776
-144.895
50.1267
-357.879
-106.828
56.631
-421.832
-0
121.944
-432.072
-22.2466
234.988
-308.265
-269.446
170.663
-392.041
-129.892
0
-275.361
-0
0
-88.1434
-0
0
-8.65114
0
0
11.0812
27.9803
0
-36.171
-43.8112
0
-157.812
-67.4821
0
-194.506
-143.768
0
-275.713
-48.1854
0
-307.413
-7.89979
0
-319.405
-0
1.57546
-300.053
-33.254
29.2873
-242.686
-139.606
89.7098
-270.604
-79.3672
61.6994
-275.261
-68.4776
28.8462
-264.047
-67.9111
4.73427
-264.74
-108.974
0
-314.914
-0
0
-272.381
-88.7134
29.4785
-298.44
-34.7403
30.7536
-175.026
-117.71
-0
-91.5209
-194.191
-0
-31.6244
-32.556
-0
52.1459
0
31.7598
335.262
-95.0415
31.9227
41.6025
-80.9229
0
96.9314
-255.589
26.6042
29.517
-154.198
63.8815
6.66015
-215.726
21.5564
0
-225.555
3.13173
-19.3963
-190.41
-0
-48.6336
-177.071
-0
-66.7277
-199.548
-0
-87.4928
-176.775
-0
-133.643
-92.8256
-2.0583
-163.729
-50.9547
-0
-167.916
-55.5584
5.70039
-104.419
-170.368
28.6126
-100.871
-151.458
17.1905
-149.927
-25.2746
16.9884
-166.482
-9.42742
0
-134.408
-78.3663
0
-177.067
-0
0
-151.97
-50.5484
0
-177.367
-0
0
-165.665
-58.1235
28.5994
-188.945
-41.7298
113.268
-87.3627
-0
54.7098
0
0
42.2459
46.2181
0
-0
0
0
231.264
80.7602
-243.703
-2.04704
-0
-137.148
-0
-14.6026
-166.872
62.537
-117.591
-0
39.1317
-60.2025
-124.991
0
-59.0604
-147.285
0
-81.4144
-100.449
0
-80.2364
-124.879
0
-139.008
-30.2336
0
-169.932
-0
6.88272
-180.643
-0
0
-145.54
-86.9987
-0
-116.986
-167.77
0
-192.064
-0
19.4535
-191.69
-0
63.4235
-181.388
-0
70.5066
-171.611
-4.16228
89.5894
-163.635
-6.67729
111.911
-157.879
-0
136.665
-127.712
-0
109.772
-80.9708
0
61.7601
-39.2971
0
130.941
-0
0
141.109
0
178.464
144.644
33.7136
121.145
-172.651
-0
-0
-81.4403
-63.6748
-1.28044
-46.6031
-59.4854
-90.7423
-46.0329
-60.2723
-74.8668
-39.6876
-67.878
-82.7792
-2.57461
-117.95
-0
0
-101.986
-0
29.7453
-123.122
-0
100.604
-134.214
0
127.392
-175.775
0
63.1553
-189.815
0
0
-176.808
-0
-0
-158.752
-0
-0
-116.9
-0
-0
-89.7983
-0
0
-90.7975
-0
0
-65.6359
-0
33.3534
0
-0
96.7235
56.2888
-0
38.5656
92.0437
0
64.7709
52.9155
85.8623
75.6016
28.3228
72.2855
205.343
92.3447
0
158.796
44.6136
0
245.703
-398.711
929.893
-44.7166
-0
0
-101.795
-0
3.22389
-0
-60.534
122.057
0
-38.6814
89.208
30.5586
-60.1651
144.69
28.9429
-43.5557
130.856
37.8733
-0
30.3902
5.61996
-0.916991
30.9528
0
-0
146.604
67.3819
