-0
-0
0
-0
-0
0
-0
-0
0
-0
-0
0
-0
-0
0
-0
-0
0
-0
-0
0
0
-0
-0
-0
-0
0
-0
-0
0
-266.774
-0
0
-0
-0
0
-0
-0
0
0
0
-0
-0
0
-0
-0
-0
-0
-0
-0
0
-319.619
-0
0
-302.914
-0
0
-154.527
-0
0
-0
-0
0
-0
-0
0
-0
-0
-0
-0
0
-0
-0
-0
-0
-0
-0
-0
-254.16
-0
0
-314.836
-0
0
-321.016
-0
0
-287.761
-0
0
-331.967
-0
0
-21.4822
-0
0
-0
-0
0
-0
-0
0
-0
-0
0
0
-0
-0
-0
-0
-0
-0
-0
-0
-0
-0
-0
-301.22
-0
0
-293.52
-0
0
-318.017
-0
0
-314.47
-50.002
0
-310.709
-234.141
0
-311.269
-178.56
0
-293.259
-0
0
-0
-0
0
-0
-0
0
-0
-0
0
0
-0
0
0
-0
0
-0
-0
-0
-0
-0
-0
-0
-0
-0
-81.5729
-7.5969
-0
-219.882
-212.961
0
-294.231
-0
0
-286.773
-45.5862
0
-234.571
-197.103
0
-284.312
-128.121
0
-267.357
-236.239
0
-282.907
-296.793
0
-139.607
-0
0
-0
-0
0
-0
-0
0
-0
-0
0
-0
-0
0
0
-0
0
-0
-0
-0
-0
-0
-0
-0
-0
-0
-0
-9.90481
-0
-12.3773
-440.46
-0
-261.811
-0
0
-218.072
-40.8356
0
-230.319
-25.8018
0
-157.736
-192.237
0
-186.94
-113.278
0
-207.207
-132.938
0
-191.919
-262.435
0
-208.42
-156.442
0
-0
-0
0
-0
-0
0
-0
-0
0
-0
-0
0
-0
-0
0
230.654
0
0
0
-0
0
0
-0
-0
0
-0
-0
0
-0
-0
0
-0
-0
-0
-0
-0
-0
-0
-0
-0
-0
-0
-0
-0
-0
-0
-118.883
-0
-0
-319.92
-0
-65.6417
-192.957
-0
-185.798
-53.0525
-0
-211.731
-10.8894
-0
-151.453
-93.0921
0
-189.928
-32.3725
0
-76.5262
-257.223
0
-159.158
-0
0
-130.74
-0
0
-0
-0
0
-0
-0
0
-0
-0
0
-0
-0
0
-0
-0
0
-0
-0
0
0
-0
0
0
-0
-0
0
-0
-0
0
-0
-0
0
-0
-0
-0
-0
-0
-0
-0
-0
-0
-0
-0
-0
-0
-0
-0
-0
-0
-0
-0
-0
-0
-71.8313
-0
-0
-0
-0
-107.119
-0
-0
-92.7045
-0
-0
-107.106
-0
-0
-28.6143
-0
0
-0
-0
0
-0
-0
0
-0
-0
0
-0
-0
0
-0
-0
0
-0
-0
0
-0
-0
0
0
0
0
0
0
-0
0
0
-0
0
0
-0
0
0
-0
0
0
-0
-0
0
-0
-0
-0
-0
-0
-0
-0
-0
-0
-0
-0
-0
-0
-0
-0
-0
-0
-0
-0
-0
-0
-0
-0
-0
0
-0
-0
0
-0
-0
0
-0
0
0
-0
0
0
0
0
0
0
0
0
0
0
0
0
0
0
0
0
0
0
0
0
0
0
0
0
0
-0
0
0
-0
0
0
0
0
0
0
0
0
0
0
0
0
0
0
0
0
0
0
0
0
0
0
0
0
