-0
-166.68
0
-101.276
-0
0
-0
-0
37.1924
-0
-147.531
0
-427.07
-0
80.5809
-525.695
-0
0
-258.88
-0
164.774
0
-0
-0
-129.94
-0
0
-388.243
-0
0
-403.485
-0
75.9296
-439.409
-0
46.6542
-63.1782
0
136.552
0
0
-239.391
-0
0
-0
-190.679
0
-0
-354.514
0
0
-371.583
0
0
-382.791
-0
112.376
-342.538
-0
105.601
-285.101
-0
0
-246.08
-0
0
-0
-0
0
-0
63.4794
-0
-136.407
0
-0
-309.118
0
0
-302.943
0
0
-323.398
-0
0
-349.909
-0
0
-375.992
-0
31.1065
-396.464
-133.915
10.2582
-273.669
-454.721
111.404
-266.293
-0
0
-34.8752
-0
0
-0
-0
0
0
0
0
-52.8317
-0
-0
-277.006
-0
-0
-309.75
-0
-0
-326.242
-0
0
-351.312
-2.53176
0
-362.85
-32.8769
0
-391.532
-1.69285
11.4438
-313.318
-213.374
120.543
-349.449
-125.697
0
-341.376
-212.035
0
-353.659
-257.013
124.552
-65.582
-0
0
-0
-0
0
0
-0
0
0
-0
-0
-0
-0
-0
-273.7
-55.3925
-0
-249.487
-193.546
-0
-341.13
-0
0
-300.988
-65.0097
0
-317.163
-38.3317
0
-347.28
-9.02706
0
-292.326
-164.585
13.8049
-306.456
-159.417
0
-352.024
-122.13
31.7234
-263.273
-299.812
33.9413
-346.206
-209.37
0
-227.519
-41.3612
0
-0
-0
0
-0
-0
0
0
-0
0
0
-0
-0
-0
-0
-0
-121.452
-180.426
-0
-234.063
-97.5835
-0
-233.954
-108.278
-0
-268.506
-57.1141
-0
-271.286
-37.7964
0
-278.666
-12.2531
0
-267.129
-35.0736
0
-250.007
-74.9688
0
-226.191
-115.902
0
-231.859
-170.606
0
-224.566
-210.928
0
-280.664
-114.072
0
-277.872
-123.887
0
-140.228
-244.104
0
-78.7733
-48.9834
0
-0
-0
0
0
-0
0
475.637
-0
0
26.3698
-0
0
0
-0
-0
0
-0
-0
0
-201.673
-0
-0
-179.674
-0
-0
-144.438
-0
-0
-257.264
-0
-138.315
-53.3678
-0
-65.9768
-266.496
-0
-162.738
-78.8751
-0
-136.026
-135.453
-0
-187.516
-52.0988
-0
-181.523
-48.9921
0
-207.053
-0
0
-182.287
-23.6729
0
-184.961
-49.9289
0
-155.639
-92.0106
0
-145.21
-120.064
0
-96.9616
-193.136
0
-184.435
-0
0
-152.09
-101.878
0
-138.259
-75.5445
0
-0
-0
0
-0
-0
0
0
-0
0
0
0
0
53.5983
-0
-0
0
-0
-0
-0
-0
-0
-0
-212.61
-0
-0
-195.493
-0
-98.1222
-71.1683
-0
-98.0948
-98.1755
-0
-106.332
-100.112
-0
-105.128
-124.03
-0
-152.221
-48.8907
-0
-175.597
-0
-0
-190.329
-0
0
-199.49
-0
0
-185.842
-0
0
-176.553
-0
6.70469
-164.467
-0
34.498
-126.561
-82.7393
12.2598
-93.2517
-138.673
0
-142.328
-0
0
-119.175
-0
0
-7.61347
-0
19.8755
-0
-0
15.0745
-0
-0
0
0
0
0
311.078
0
-43.4828
0
0
-0
0
-0
-0
-0
-0
-42.828
-0
-0
-15.5142
-0
-0
-0
-30.7019
-0
-0
-68.4464
-0
-0
-97.2128
0
-0
-132.471
0
0
-165.469
0
0
-188.883
-0
0
-154.098
-0
0
-137.05
-0
0
-93.0621
-0
0
-77.0112
-0
0
-14.5338
-0
0
-0
-0
0
-0
0
6.24112
0
0
12.0848
0
0
57.3917
19.46
0
0
58.8985
0
0
0
0
0
0
0
0
-0
968.914
-0
-0
0
-0
-0
71.1662
-0
-0
103.575
0
-0
95.0126
0
0
81.5857
0
0
87.1277
0
0
0
7.10969
0
0
9.86106
83.3444
0
0
