-25.5114
-136.849
410.746
-328.7
432.914
2.74653
-225.663
153.427
-145.36
-172.237
-77.4556
156.45
-321.127
-314.381
-142.824
-625.399
249.943
273.673
-487.496
311.724
280.473
15.6796
27.762
124.756
-274.229
-27.4438
-15.4449
-351.464
-141.043
116.631
-523.713
92.4999
-140.664
-516.181
150.544
182.121
-318.985
349.206
260.462
-18.4677
27.6391
82.3765
6.16073
-13.6672
4.32924
-256.504
61.5699
114.254
-255.19
-85.9979
-46.9809
-450.872
244.26
148.241
-440.152
142.736
-119.662
-353.698
-0.0751178
29.6359
-276.911
-82.1798
423.125
-384.945
57.1805
162.007
-159.879
-113.182
-146.211
-27.8208
110.823
44.3051
-210.476
45.1129
-92.879
-222.128
-14.7613
38.9995
-336.985
157.63
-110.696
-375.238
196.059
198.621
-232.678
-220.417
173.82
-290.956
-107.411
-99.8348
-433.388
39.2552
105.065
-259.45
-392.36
434.588
-308.947
100.713
167.809
-147.469
-141.23
-172.721
99.7434
-239.002
-77.4198
-12.2661
48.6221
51.18
-140.424
19.8678
-71.9564
-340.108
135.599
-31.7875
-255.047
-133.047
-209.321
-351.684
36.7269
16.7634
-251.788
-225.726
19.9013
-413.282
163.325
85.5683
-300.315
-155.109
193.369
-259.655
-340.812
294.335
-414.22
59.0201
5.90316
-445.509
74.2595
34.1065
-319.946
-243.933
353.947
-53.5847
-141.248
128.497
34.1022
-30.7276
-68.2407
48.4028
15.4968
-63.847
-120.952
138.78
-46.4967
-188.439
-42.4632
-134.13
-270.159
-162.459
-52.632
-405.818
72.6383
-0.53598
-388.218
10.158
139.192
-310.665
-189.031
0.138231
-433.676
67.7104
23.8113
-319.054
-248.653
43.7131
-283.184
-324.551
225.758
-515.529
208.982
-3.49319
-411.535
-65.5826
85.8759
-378.988
-122.733
232.29
-423.378
-38.8359
-23.418
-215.695
-85.7689
30.4331
-87.8964
24.8238
109.806
6.79233
-50.0406
8.14565
29.2221
123.654
51.0691
-157.114
169.583
-66.165
-177.964
-30.4672
-64.6575
-218.533
-119.204
72.9518
-252.04
-137.491
6.37473
-300.586
-72.0484
20.0396
-228.655
-211.024
54.9547
-365.139
121.277
143.612
-217.322
-173.392
86.2965
-210.807
-177.515
141.75
-297.145
29.737
-208.529
-285.721
5.54288
-51.0641
-226.111
-188.574
17.546
-364.182
83.9193
-117.394
-255.741
-158.008
127.267
-239.483
-200.088
174.342
-272.338
48.0456
47.5888
-258.3
126.98
-42.9497
157.06
-526.772
-18.8546
-98.9901
384.469
134.483
311.744
-286.424
-3.67946
-44.8389
97.1538
-46.7221
238.018
-556.563
90.4994
-20.1574
-51.034
208.778
-65.8599
-46.7035
26.2448
-1.21367
-197.356
-26.3336
-114.948
16.9331
-143.882
3.36548
-288.488
-16.3863
-73.9153
-192.239
97.4726
-56.9073
-249.954
17.7587
-172.557
-12.6698
42.6333
-124.134
-138.23
-19.5783
-97.9954
-198.587
-62.1016
-84.4929
-206.372
-86.8913
-102.111
-120.669
49.9128
-234.243
190.105
-129.595
-135.787
-61.7646
90.8916
-104.999
-169.393
44.742
-201.46
14.6795
-9.40155
-132.469
-142.831
157.232
-120.584
-159.411
59.3628
-172.573
-72.0905
32.3763
-266.902
103.677
126.475
-165.188
145.025
254.033
-102.342
225.316
43.6114
120.41
-151.129
-203.039
-109.175
182.466
242.42
290.486
-692.118
-2.30301
-123.832
146.846
-123.027
-86.1195
-3.45431
34.9428
-206.509
210.906
-11.2017
8.9319
-262.754
111.022
-21.0959
-218.185
79.8194
-37.017
-187.137
-4.29799
-130.665
-6.32129
39.005
-71.2521
-166.504
18.945
-240.187
165.764
74.7534
-203.793
55.668
-12.1794
-148.785
-112.73
-34.3618
-177.418
-89.4604
-151.597
-98.6913
-273.328
156.326
-148.042
-167.518
136.378
-269.684
130.614
178.224
-150.171
-81.6933
206.442
-173.246
-6.1967
88.1375
-138.298
-37.4227
127.956
-135.236
26.9693
105.377
-138.693
137.93
29.075
14.126
-104.387
30.7345
-121.011
272.408
282.888
-80.9163
378.108
308.048
-165.685
461.654
-193.352
146.147
-346.74
-5.97943
-100.189
48.4778
-20.7323
-53.6391
-109.187
-46.0735
-100.958
9.31924
-12.9272
-15.0066
-193.913
-8.61474
-120.657
16.0929
35.0747
-121.124
55.2869
12.0715
-132.214
27.6938
161.545
-108.727
-19.5651
185.495
-8.65099
-304.081
328.562
-175.434
22.9437
20.2072
-135.754
-19.244
-60.8019
-93.9416
-62.12
-87.1597
-101.869
50.9954
-95.7328
-56.1127
18.6647
-25.97
-46.127
0.119411
-66.4571
34.9843
-139.395
-45.1628
47.743
-11.654
121.424
130.093
-70.0084
139.567
156.703
-58.1486
-10.5964
21.3213
265.798
51.5299
-59.3103
395.722
279.942
328.053
-407.629
203.243
207.139
152.5
472.947
-262.361
664.597
-283.598
-79.881
214.736
-113.152
-55.8017
152.222
-43.6836
-13.0226
44.7905
-9.73218
-48.031
105.402
24.1964
-47.3513
109.863
-16.9038
-74.7536
172.192
32.6819
42.184
-74.9989
-4.51496
100.255
-185.61
-51.1789
-151.187
382.572
-73.8798
