0.188409
-186.27
452.785
-350.124
494.481
31.8235
-209.382
156.113
-218.534
-169.379
-87.2332
166.374
-294.601
-371.834
-156.409
-672.025
358.419
247.667
-476.005
284.871
309.969
23.4043
15.7051
136.3
-271.422
-33.4735
-4.18584
-348.622
-151.478
124.767
-581.585
162.474
-115.565
-534.359
151.608
159.014
-327.35
354.962
238.971
-20.67
28.1901
80.8614
23.6806
-48.9889
3.52448
-247.356
52.3167
125.42
-199.076
-196.534
23.9839
-529.119
426.415
193.037
-457.906
200.276
-168.446
-323.137
-43.5915
-49.7041
-222.585
-184.215
428.212
-402.805
123.644
170.455
-136.095
-146.775
-164.147
-19.3386
90.1781
38.4179
-171.012
-45.1049
-79.6067
-179.357
-75.2281
1.00838
-397.394
322.409
-143.145
-421.385
356.581
206.757
-164.754
-333.368
183.006
-230.236
-209.943
-134.955
-428.81
30.5097
114.702
-236.983
-446.391
530.953
-369.639
226.611
171.944
-151.813
-140.955
-241.889
148.633
-372.317
-48.7706
-56.3598
143.603
76.9784
-108.988
-40.3102
-42.8051
-366.799
201.157
-77.9512
-222.15
-205.149
-291.51
-444.043
212.855
-51.1498
-247.587
-271.141
45.5842
-441.804
220.054
143.383
-247.256
-292.198
236.509
-232.191
-440.233
373.59
-450.966
126.07
-14.8622
-524.89
234.971
21.6265
-293.996
-309.62
442.2
-46.6609
-162.138
103.539
8.69193
-1.99363
-128.551
44.1119
17.8829
-60.6755
-130.367
172.092
-67.8962
-152.186
-115.628
-130.001
-268.025
-157.921
-69.6784
-446.707
154.256
11.4081
-403.8
37.3178
126.093
-316.897
-226.368
41.5055
-498.367
170.702
24.4084
-266.295
-402.843
44.5207
-224.764
-464.416
325.046
-575.267
347.928
-51.5971
-424.893
-29.7048
34.1638
-369.071
-151.329
271.183
-419.987
-18.3645
-34.4081
-209.584
-71.8464
65.9052
-143.311
148.058
117.821
55.6886
-166.478
-47.9221
27.3426
129.115
38.1455
-189.095
265.273
-103.868
-128.427
-134.023
-56.4677
-209.731
-137.834
94.205
-250.856
-153.218
32.0234
-360.375
32.8564
3.65599
-157.205
-371.41
114.235
-449.376
317.08
134.554
-165.149
-267.413
110.91
-174.453
-227.263
197.074
-259.416
-15.2512
-351.591
-299.375
57.1889
-71.7478
-186.995
-252.943
63.2622
-415.994
218.084
-176.788
-183.266
-286.352
111.333
-192.484
-278.631
203.163
-337.979
208.859
124.387
-303.158
249.682
-22.6791
246.17
-711.649
-63.4449
-104.973
403.981
137.571
304.191
-314.578
-12.9249
-67.1663
141.79
-53.5108
282.505
-654.734
114.346
-54.9874
16.9804
240.101
-115.894
57.5544
-9.74384
24.3633
-250.185
-83.6797
-161.357
116.717
-205.353
77.1363
-452.806
17.8446
-67.8156
-206.822
152.265
-4.30756
-365.256
56.9987
-217.249
77.4905
76.6942
-184.203
-20.4691
11.1791
-112.376
-159.636
-185.539
-42.682
-289.708
-126.211
-73.7543
-157.556
68.0595
-265.63
281.508
-199.26
-106.874
-110.134
150.177
-57.1191
-278.281
44.2708
-263.601
144.795
-83.1419
-127.445
-162.485
176.177
-80.9505
-244.349
88.6068
-116.506
-192.336
16.3969
-327.551
228.884
95.5629
-179.528
186.742
328.969
-128.142
301.025
124.64
182.175
-280.75
-209.836
-134.957
247.711
254.213
368.173
-849.435
-4.01233
-215.216
343.621
-147.547
-150.4
125.431
24.5614
-238.447
272.269
-40.7911
114.323
-500.387
157.745
-5.84868
-263.543
97.4655
27.3038
-331.435
-5.53213
-142.892
20.9751
38.8359
-62.3608
-181.594
17.4835
-416.704
538.071
43.0083
-243.951
141.079
22.5639
-114.288
-200.957
-90.811
-144.572
-180.45
-241.015
-47.2044
-413.889
227.483
-122.294
-244.436
162.205
-410.756
406.556
171.553
-136.013
-138.226
220.485
-180.018
-19.9228
72.8287
-86.5039
-169.033
108.662
-164.69
73.8639
92.9302
-191.223
223.967
16.9473
79.7734
-269.899
8.85408
-111.834
239.532
337.089
-178.816
574.307
372.009
-305.435
728.98
-172.812
263.197
-597.613
68.1379
-123.58
97.8525
-7.62658
12.3969
-245.432
-58.7751
-133.258
80.367
-43.045
46.5684
-322.929
-55.8218
-186.485
148.479
-14.3635
-189.257
183.774
22.6886
-115.814
-15.7105
212.497
-231.77
232.807
265.521
110.33
-556.382
387.894
-142.284
-50.2182
-39.3441
-137.274
-22.7762
-121.072
-83.7922
-92.8631
-64.4733
-147.654
137.93
-47.4274
-114.843
136.588
-16.0856
-59.3895
21.2691
-121.487
142.14
-369.918
-99.5626
45.2323
-25.1974
171.531
144.172
-106.055
194.886
124.204
-8.22731
-85.3265
34.2007
228.888
6.00504
-227.898
745.421
282.879
502.063
-779.093
200.769
99.3401
379.608
479.931
-285.665
740.911
-277.116
-79.342
231.18
-82.1337
-28.7115
108.432
-26.6436
78.0855
-136.205
-36.4509
-92.3273
199.161
5.06591
-111.161
252.217
-10.7729
-97.9602
227.227
87.4595
120.193
-225.171
12.4818
253.074
-494.54
-88.1376
-288.58
684.94
-124.098
