-66.9138
-0
35.2908
-240.497
33.6695
-40.5036
-49.8553
0
273.749
-205.46
-0
49.6563
-466.529
-60.7523
110.841
-536.021
-0
61.0624
-420.889
24.0791
129.249
0
0
0
-245.433
-0
78.1121
-399.083
0
0
-422.16
0
26.5883
-412.637
0
36.6533
-253.257
88.8094
199.303
0
85.8326
-59.6358
-0
1.70085
13.7017
-257.579
36.8912
0
-390.215
154.172
0
-372.713
13.811
22.9023
-389.745
0
108.278
-377.307
0
66.7779
-341.358
-0
197.519
-318.534
-133.048
0
-173.966
-13.9082
-0
-19.5544
164.929
8.84473
-231.906
49.5588
0
-323.407
98.4732
40.8439
-305.814
0
91.8766
-329.013
-0
53.6597
-347.909
-0
87.3281
-373.365
-0
0
-410.974
-83.4626
15.5763
-295.98
-375.88
72.1551
-241.966
-74.9201
69.3233
-86.5766
-243.646
0
0
-0
0
0
0
0
-159.247
0
0
-291.555
-0
0
-315.049
-0
0
-310.329
-23.9497
0
-320.87
-31.8871
0
-321.353
-50.5038
0
-364.72
-0
116.37
-366.693
-45.7206
106.132
-328.443
-156.673
0
-295.473
-299.712
0
-317.012
-307.536
139.763
-125.701
-15.8408
46.3645
-0
-0
0
0
-0
0
-0
-0
-0
-191.079
-0
-0
-269.91
-151.071
-0
-356.8
-0
-0
-352.676
-24.9853
0
-351.203
-4.72777
0
-358.75
-0
0
-331.262
-105.511
13.285
-337.089
-118.463
12.428
-383.321
-48.7905
106.741
-384.682
-89.7728
175.959
-287.068
-287.923
112.874
-331.878
-254.203
0
-262.464
-16.8507
0
-78.0729
-0
0
-0
-0
0
0
0
0
-0
-0
-0
-131.445
-95.4226
-0
-193.25
-130.692
-0
-264.752
-54.0255
-0
-286.048
-36.9594
0
-309.876
-0
0
-303.342
-10.2462
0.729301
-293.017
-20.5126
26.8818
-283.847
-41.0505
12.9125
-243.022
-137.659
15.3362
-255.482
-99.2516
0
-264.484
-129.809
0
-294.026
-68.7358
0
-249.611
-166.085
0
-283.009
-99.6755
0
-181.543
-124.052
0
-100.586
-199.979
0
-14.3597
-0
2.95825
0
-0
0
420.363
-0
0
37.733
-48.8684
0
89.0376
-219.898
-0
70.642
-225.559
-0
28.6322
-257.949
-0
0
-198.935
-0
-0
-200.688
-0
-33.326
-180.355
-0
-50.4562
-213.329
-0
-90.0017
-154.39
-0
-110.666
-122.278
-0
-151.567
-57.5195
-0
-153.585
-68.632
0
-151.091
-61.06
24.3635
-156.096
-37.4427
23.6732
-126.45
-87.6168
58.106
-148.736
-63.8496
32.3686
-131.966
-102.959
16.8508
-180.458
-8.50402
0
-124.529
-124.246
0
-171.637
-26.0675
0
-164.033
-73.8708
0
-166.839
-114.053
43.3754
-75.6165
-5.47586
18.9611
0
-0
6.40943
0
-0
0
0
-0
193.761
0
-0
-0
0
-134.729
-0
-0
-223.203
0
-51.8885
-157.336
17.8004
-128.897
-22.9319
0
-56.3949
-204.456
0
-127.56
-46.7098
-0
-109.784
-108.791
-0
-157.58
-28.7215
-0
-187.785
-0
-0
-199.722
-0
0
-201.157
-0
0
-135.619
-152.499
45.2649
-199.899
-0
59.2942
-192.28
-0
70.8685
-181.192
-0
70.2246
-173.035
-0
89.6111
-136.602
-57.8391
101.713
-155.863
-0
103.411
-127.813
-0
86.6602
-85.4165
-0
44.2123
-27.3148
-0
72.6216
-0
0
72.9948
12.0443
0
107.953
138.776
0
-47.0842
0
0
-61.9281
-12.9218
-0
-47.3154
-82.1782
-11.9947
-46.3987
-6.23119
-145.892
-48.3353
-92.8815
-0
-0
-102.464
-0
-0
-95.0791
-0
0
-115.266
0
75.2922
-136.474
0
117.129
-173.44
0
19.91
-186.976
0
0
-174.221
-0
0
-157.53
-0
0
-116.071
-0
0
-87.4962
-0
0
-94.192
-0
0
-44.7912
-0
31.5361
-0
0
96.0542
17.1765
0
58.8054
88.6431
0
74.551
57.1063
48.6482
47.8853
53.9504
0
127.919
56.7734
0
126.173
0
0
18.1688
-244.153
764.958
-0
-0
0
-0
-64.753
147.897
-0
-82.7826
188.964
0
-16.7321
63.8767
0
-0
42.3274
34.2686
-0
58.8791
55.0355
-0
63.8573
30.8337
0
47.1542
0
0
169.07
48.8021
