-87.4165
-47.3895
193.16
-300.828
323.001
-21.1472
-200.396
3.38614
91.7373
-163.736
-88.8116
130.716
-445.865
-53.5939
0
-532.682
-0
127.924
-461.068
192.171
247.841
10.6726
-0
63.3793
-255.227
-20.371
7.89931
-405.779
-0
22.9729
-435.25
0
0
-434.353
23.5822
71.1135
-298.351
251.381
258.594
0
18.2184
-0
-21.5167
52.8023
23.9717
-254.309
37.7172
0
-356.888
82.1401
0
-387.793
70.4394
20.897
-387.713
4.13466
62.0997
-405.952
68.2723
64.1055
-338.085
0
289.959
-331.335
-112.687
107.821
-204.531
-37.13
-30.8494
-51.4243
172.689
14.8839
-225.365
42.5489
0
-326.889
128.119
28.085
-311.183
0
49.7599
-332.276
0
79.3748
-358.587
-0
140.098
-361.747
-26.7164
0
-418.778
-45.026
35.1373
-329.195
-265.301
135.776
-216.08
-108.535
77.195
-82.6914
-273.439
-0
0
-0
-0
19.6636
0
0
-169.466
25.8599
0
-294.064
0
0
-321.469
-0
0
-324.09
-0
2.94157
-276.064
-130.92
0
-342.36
-0
0
-361.545
-0
137.963
-373.968
-39.7819
114.697
-369.167
-77.8774
0
-298.841
-298.54
56.3192
-326.15
-289.795
173.953
-143.952
-0
57.1263
-0
-0
0
0
-0
-0
-19.7977
-0
0
-190.75
-40.3082
-0
-290.104
-114.169
-7.6243
-358.186
-0
-0
-367.108
-0
0
-351.756
-9.64016
0.332734
-341.811
-36.7351
0
-325.352
-138.045
27.8146
-347.139
-119.787
50.4069
-416.457
-0
131.822
-408.327
-62.8491
229.301
-300.604
-276.27
146.971
-378.729
-158.688
0
-274.939
-0
0
-90.1745
-0
0
-2.26747
-0
0
4.29979
17.4807
0
-12.0381
-41.4906
0
-148.534
-81.7701
-0
-195.305
-130.298
0
-276.103
-37.9568
0
-295.055
-22.1973
0
-314.47
-0
9.47846
-310.71
-0.910545
19.6048
-246.682
-126.506
62.2588
-267.929
-82.8131
58.1667
-256.234
-109.608
29.1238
-268.37
-61.9311
2.92557
-256.761
-128.944
0
-314.943
-0
0
-250.823
-141.444
24.1603
-303.553
-27.3552
26.9569
-175.774
-118.629
0
-88.9023
-202.672
0
-29.3147
-23.1982
0
40.9073
0
23.5564
354.096
-77.9423
5.88428
50.3346
-103.821
0
71.2127
-196.643
4.85985
49.6246
-193.728
26.2299
11.3374
-223.332
0
0
-219.459
0
-4.91558
-215.319
-0
-53.5803
-164.273
-0
-56.4433
-219.964
-0
-98.7333
-152.636
-0
-135.993
-86.3284
-0
-157.154
-63.1033
-0
-165.823
-57.2954
0
-124.352
-126.571
41.8792
-112.271
-129.261
39.6891
-138.793
-52.7449
25.8033
-157.307
-32.207
5.05457
-136.169
-80.7555
4.39011
-178.209
-0
0
-137.994
-85.4996
0.539731
-178.18
-0
0
-166.674
-58.9945
10.0613
-178.922
-67.9164
105.112
-85.9143
-0
48.2329
0
-0
37.8116
41.1484
0
0
0
-0
235.642
30.1197
-127.616
-0
0
-148.736
0
-0
-216.85
54.8091
-118.775
-12.1726
35.9553
-66.3217
-136.443
0
-69.8334
-149.598
0
-98.4548
-85.5064
0
-97.6819
-111.13
-0
-163.515
-0
-0
-179.979
-0
0
-190.579
-0
0
-146.4
-104.669
0
-144.742
-123.354
10.0055
-197.797
-0
33.3129
-194.014
-0
63.2652
-184.961
-0
66.3494
-175.976
-0
89.1064
-157.832
-25.5526
104.352
-159.53
-0
122.711
-130.946
-0
113.03
-83.4726
-0
49.7856
-41.0162
-0
112.296
-0
0
122.117
2.41871
131.037
133.7
69.7031
80.0196
-130.054
0
-0
-77.6885
-50.1251
-0
-45.4695
-62.5273
-74.9758
-54.0932
-31.1446
-123.015
-43.3385
-87.4889
-30.4704
-4.12771
-112.516
-0
0
-97.8308
-0
30.4763
-118.067
-0
100.182
-134.138
0
120.705
-174.366
0
42.0695
-186.819
0
0
-175.911
-0
0
-158.607
-0
0
-117.261
-0
0
-89.5613
-0
0
-91.8645
-0
0
-65.7436
-0
17.5543
0
0
97.1003
45.9936
0
40.0437
89.1421
0
65.3865
51.647
75.6842
65.1687
29.8364
53.6621
184.17
86.725
0
148.858
14.7483
0
181.558
-367.295
892.633
-11.8594
-0
0
-79.0128
-22.3714
50.7542
-0
-51.6274
107.361
0
-27.094
69.386
37.1149
-81.3097
193.543
29.6457
-10.7422
69.6667
37.7601
-0
37.7933
27.9591
-0
33.6836
0
-0
157.375
70.9115
