-0
-130.413
0
-149.497
-0
0
-0
-0
90.8019
-0.0964906
-149.822
0
-456.07
-0
107.503
-518.335
-0
0
-297.974
-0
160.126
-0
-0
-0
-157.936
-0
0
-385.717
-0
0
-409.672
-0
89.6672
-433.662
-0
43.8828
-112.044
0
177.402
0
30.6961
-237.053
-0
0
-0
-213.968
0
-0
-347.833
0
0
-372.917
0
0
-378.729
-0
132.2
-342.134
-0
93.7855
-283.201
-0
40.2033
-274.115
-0
0
-0
-0
0
-0
96.3268
-0
-163.936
0
0
-304.484
0
0
-302.05
0
0
-324.39
-0
0
-355.317
-0
10.4989
-378.006
-0
13.5075
-402.177
-125.573
11.0513
-270.299
-471.745
147.757
-274.954
-0
26.35
-54.5048
-28.096
0
-0
-0
0
0
-0
0
-91.9731
-0
-0
-277.759
-0
-0
-309.979
-0
0
-325.855
-5.69825
0
-339.214
-38.2168
0
-378.893
-0
0
-395.076
-0
18.7734
-306.641
-228.342
124.396
-339.011
-152.357
0
-365.33
-158.114
0
-343.265
-279.866
125.803
-83.5206
-0
21.5824
-0
-0
0
0
-0
0
0
-0
-0
-25.9649
-0
-0
-293.209
-65.424
-0
-258.93
-174.988
-0
-344.857
-0
0
-299.217
-77.1077
0
-319.275
-38.0547
0
-353.291
-4.7418
0
-305.9
-141.813
28.0725
-291.347
-197.094
0
-347.183
-133.977
48.1198
-288.467
-257.862
55.1987
-342.098
-216.326
0
-244.4
-34.4296
0
-4.19166
-0
0
-0
-0
0
0
-0
0
0
-0
-0
-0
-0
-0
-161.542
-185.731
-0
-242.705
-78.1552
-0
-243.717
-97.6188
-0
-270.349
-62.4276
-0
-273.723
-41.5201
0
-279.985
-17.3339
0
-277.673
-22.4542
0
-259.87
-62.8662
0
-212.875
-147.748
0
-215.673
-209.485
0
-255.856
-152.836
0
-285.812
-100.586
0
-277.017
-129.734
0
-161.399
-192.295
0
-82.9942
-109.067
0
-0
-0
0
0
-0
0
450.98
-0
0
30.9184
-0
0
6.68688
-0
-0
0
-55.9108
-0
0
-245.07
-0
-0
-191.773
-0
-0
-159.974
-0
-22.2017
-220.739
-0
-124.826
-87.4276
-0
-80.1262
-235.419
-0
-161.344
-73.4675
-0
-137.415
-129.798
-0
-178.134
-66.6473
-0
-176.976
-54.68
0
-199.862
-6.32628
0
-192.596
-0.000462178
0
-195.449
-24.8185
0
-115.139
-176.376
0
-142.013
-126.276
0
-120.226
-145.335
0
-187.06
-0
0
-168.843
-57.9094
0
-152.69
-103.412
0
-0
-0
0
-0
-0
0
0
-0
0
0
0
0
50.9217
-0
-0
0
-0
-0
-0
-59.4313
-0
-0
-221.627
-0
-6.46192
-205.232
-0
-131.949
-22.4131
-0
-78.5542
-144.323
-0
-125.774
-63.2701
-0
-118.207
-97.2947
-0
-142.359
-75.0975
-0
-172.502
-9.09607
-0
-188.716
-0
0
-198.324
-0
0
-185.661
-0
0
-177.467
-0
52.1163
-149.474
-29.6944
35.3262
-113.229
-110.001
13.1477
-119.452
-80.7205
0
-146.862
-0
0.257953
-118.807
-0
16.1376
-37.3322
-0
29.1546
-0
-0
25.8292
-0
-0
12.8501
0
0
26.0522
305.077
0
-45.1172
0
0
-0
0
-0
-21.2999
-0
-0
-53.087
-0
-0
-26.4171
-22.1835
-0
-0
-60.0177
-0
-0
-72.9411
-0
-0
-103.65
0
-0
-138.525
0
0
-170.769
0
0
-189.381
-0
0
-160.648
-0
0
-145.015
-0
0
-102.661
-0
0
-82.9953
-0
0
-60.103
-0
0
-0
-0
0
-0
0
16.3463
0
0
24.8636
0
0
42.8366
37.4815
0
35.4324
45.9546
0
0
0
0
0
0
0
0
-0
924.877
-0
-0
0
-0
-0
73.263
-0
-0
95.8122
0
-0
93.8417
0
-0
86.2954
0
0
86.3196
1.14811
0
51.5475
20.3095
0
0
0
79.3396
0
0
