-0
-140.055
0
-0
-0
0
-0
-0
0
-0
-62.2971
0
-252.556
-48.4397
0
-533.011
-0
4.09927
-0
-0
79.8026
0
-0
-0
-0
-0
0
-404.447
-0
0
-417.428
-0
0
-413.982
-0
127.455
-0
0
0
0
0
-77.2918
-0
0
-0
-74.4766
0
-0
-385.024
0
0
-353.649
0
0
-378.995
-0
0
-321.103
-0
16.2821
-262.874
-0
0
-96.8366
-0
0
-0
-0
0
-0
0
-0
-0
0
-0
-317.681
0
0
-297.273
0
0
-329.648
-0
0
-331.699
-0
0
-370.483
-0
0
-327.204
-272.633
0
-335.897
-212.678
0
-159.667
-0
0
-0
-0
0
-0
-0
0
0
0
0
-0
-0
-0
-202.489
-0
-0
-327.571
-0
0
-326.185
-0
0
-345.007
-0
0
-357.476
-0
0
-372.853
-0
0
-278.924
-259.477
27.8909
-352.978
-125.413
0
-296.049
-325.594
84.7725
-376.609
-106.418
3.9086
-0
-0
0
-0
-0
0
0
-0
0
0
-0
-0
-0
-0
-0
-108.242
-0
-0
-257.941
-171.134
-0
-323.601
-0
-0
-298.788
-43.8392
0
-314.851
-16.9097
0
-347.173
-0
0
-293.979
-149.747
0
-326.364
-96.8689
0
-235.434
-380.154
0
-330.824
-128.255
0
-326.176
-273.974
0
-170.145
-0
0
-0
-0
0
-0
-0
0
-0
-0
0
0
-0
-0
-0
-0
-0
-0
-45.7695
-0
-129.568
-284.797
-0
-258.152
-34.413
-0
-239.624
-88.232
-0
-263.412
-25.0932
0
-261.158
-23.9608
0
-260.209
-19.52
0
-250.335
-47.4897
0
-181.739
-188.623
0
-212.44
-163.852
0
-175.913
-302.924
0
-327.083
-0
0
-177.961
-341.595
0
-160.877
-100.071
0
-0
-0
0
-0
-0
0
-0
-0
0
610.58
0
0
28.4607
-0
0
0
-0
-0
0
-0
-0
0
-0
-0
-0
-0
-0
-0
-123.093
-0
-0
-224.261
-0
-0
-265.94
-0
-122.204
-104.312
-0
-97.6289
-224.914
-0
-160.638
-83.4493
-0
-185.168
-47.27
-0
-183.051
-41.4246
-0
-205.88
-0
0
-190.728
-0
0
-170.705
-71.6235
0
-162.553
-66.3744
0
-79.3432
-247.102
0
-130.774
-112.293
0
-138.108
-84.7786
0
-138.256
-111.914
0
-55.068
-0
0
-0
-0
0
-0
-0
0
0
-0
0
0
-0
0
58.1663
-0
-0
0
-0
-0
-0
-0
-0
-0
-0
-0
-0
-67.4191
-0
-0
-172.489
-0
-0
-196.366
-0
-129.659
-19.4153
-0
-48.6554
-202.464
-0
-162.393
-0
-0
-166.017
-0
-0
-188.961
-0
-0
-199.007
-0
0
-185.799
-0
0
-177.588
-0
0
-159.833
-0
0
-65.0764
-190.915
0
-97.1162
-84.0975
0
-129.022
-0
0
-0
-0
0
-0
-0
0
-0
-0
0
0
-0
0
0
0
0
200.572
0
-79.1086
0
0
-0
0
0
-0
-0
0
-0
-0
-0
-0
-0
-0
-0
-0
-0
-0
-0
-0
-0
-47.901
-0
-0
-113.189
-0
-0
-143.883
-0
-0
-163.306
-0
0
-132.133
-0
0
-86.741
-0
0
-0
-0
0
-0
-0
0
-0
-0
0
-0
-0
0
0
-0
0
0
0
0
0
0
0
0
0
0
49.4051
0
0
46.5366
0
0
0
0
0
-0
946.022
-0
-0
0
-0
-0
5.20632
0
-0
105.7
0
0
44.2413
0
0
0
0
0
0
0
0
0
0
0
0
0
12.8491
0
0
