-0
-0
0
-0
-0
0
-0
-0
0
-0
-0
0
-145.527
-0
0
-421.547
-0
0
-0
-0
0
0
-0
-0
-0
-0
0
-328.778
-0
0
-448.968
-0
0
-337.626
-0
29.9073
-0
0
0
0
0
-0
-0
0
-0
-0
0
-0
-327.482
0
0
-363.297
-0
0
-353.529
-0
0
-284.639
-0
0
-221.388
-0
0
-0
-0
0
-0
-0
0
-0
0
-0
-0
0
-0
-265.964
0
0
-320
-0
0
-333.488
-0
0
-336.74
-0
0
-372.854
-0
0
-284.027
-332.216
0
-384.16
-21.6336
0
-44.2516
-0
0
-0
-0
0
-0
-0
0
0
0
-0
-0
-0
-0
-94.63
-0
-0
-333.911
-0
0
-315.606
-0
0
-338.313
-0
0
-346.558
-0
0
-358.951
-0
0
-240.054
-322.97
0
-416.084
-10.4632
0
-255.289
-417.328
0
-322.448
-9.54344
0
-0
-0
0
-0
-0
0
0
-0
0
0
-0
-0
-0
-0
-0
-0
-0
-0
-238.579
-61.5091
-0
-287.823
-73.7134
-0
-299.231
-8.60459
0
-295.224
-39.2693
0
-334.139
-0
0
-284.714
-145.411
0
-270.895
-187.585
0
-317.863
-194.45
0
-258.86
-270.47
0
-335.862
-224.659
0
-90.6095
-0
0
-0
-0
0
-0
-0
0
-0
-0
0
0
-0
-0
-0
-0
-0
-0
-0
-0
-0
-301.119
-0
-256.194
-49.276
-0
-235.986
-75.2975
-0
-248.229
-50.5789
0
-253.081
-27.0661
0
-259.813
-8.86018
0
-230.114
-81.6768
0
-155.69
-229.17
0
-264.635
-47.4946
0
-147.509
-349.179
0
-304.738
-45.8805
0
-171.64
-357.412
0
-84.9182
-0
0
-0
-0
0
-0
-0
0
-0
-0
0
681.587
0
0
27.0028
-0
0
0
-0
-0
0
-0
-0
0
-0
-0
0
-0
-0
-0
-0
-0
-0
-85.7412
-0
-0
-258.226
-0
-0
-274.583
-0
-104.528
-171.229
-0
-146.162
-117.41
-0
-195.892
-5.37846
-0
-157.871
-88.2222
-0
-201.101
-0
0
-184.072
-0
0
-154.991
-93.3816
0
-130.137
-122.272
0
-112.288
-173.366
0
-127.476
-106.638
0
-82.4852
-191.621
0
-136.72
-0
0
-0
-0
0
-0
-0
0
-0
-0
0
0
-0
0
0
-0
0
44.1208
-0
-0
0
-0
-0
0
-0
-0
-0
-0
-0
-0
-0
-0
-0
-0
-0
-0
-162.229
-0
-0
-204.728
-0
-55.0945
-129.51
-0
-159.293
-0
-0
-160.437
-0
-0
-179.682
-0
-0
-197.804
-0
0
-184.787
-0
0
-174.696
-0
0
-123.909
-60.7027
0
-75.0525
-145.776
0
-128.107
-0
0
-19.9462
-0
0
-0
-0
0
-0
-0
0
-0
-0
0
0
-0
0
0
0
0
113.509
0
-83.8719
0
0
-0
0
0
-0
0
0
-0
-0
0
-0
-0
-0
-0
-0
-0
-0
-0
-0
-0
-0
-0
-0
-24.9407
-0
-0
-132.22
-0
-0
-138.402
-0
-0
-88.6738
-0
0
-0
-0
0
-0
-0
0
-0
-0
0
-0
-0
0
-0
-0
0
0
0
0
0
0
0
0
0
0
0
0
0
0
0
0
44.8672
0
0
0
0
0
-0
767.313
-0
-0
0
-0
-0
0
0
0
30.4337
0
0
0
0
0
0
0
0
0
0
0
0
0
0
0
0
0
0
0
