-0
-81.1829
0
-197.315
-0
0
-0
-0
194.578
-95.4593
-96.3218
0
-463.941
-25.7609
135.542
-524.202
-0
0
-351.747
-0
145.975
-0
-0
-0
-186.477
-0
0
-375.027
-0
0
-416.318
-0
83.0646
-422.978
-0
33.2691
-188.092
0
234.735
0
46.9403
-239.345
-0
33.5926
-0
-239.703
0
0
-338.248
0
0
-371.379
0
42.6805
-375.431
0
151.407
-343.805
-0
57.6508
-289.907
-0
101.979
-303.901
-65.804
0
-3.88119
-0
-0
-0
143.021
0
-202.98
0
0
-294.868
0
0
-300.117
0
0
-331.11
-0
0
-358.045
-0
72.4308
-377.303
-0
2.94395
-425.1
-76.4576
13.6235
-265.127
-477.445
116.823
-280.873
-0
56.959
-64.3744
-127.234
0
-0
-0
0
0
-0
0
-131.356
-0
-0
-278.789
-0
0
-309.327
-0
0
-310.779
-50.081
0
-326.838
-59.0531
0
-371.941
-0
0
-391.736
-0
46.6932
-348.7
-120.618
120.508
-311.939
-211.201
0
-356.774
-171.412
0
-329.412
-301.809
127.334
-101.184
-0
37.1298
-0
-0
0
0
-0
0
0
0
-0
-98.5377
-0
-0
-290.2
-84.6863
-0
-290.561
-119.535
-0
-340.472
-23.492
0
-299.255
-89.1469
0
-326.254
-33.1332
0
-349.418
-30.36
6.34852
-326.971
-108.879
13.3137
-323.81
-146.728
26.7386
-350.649
-133.149
83.668
-289.003
-268.023
63.6311
-334.825
-234.651
0
-248.548
-34.1285
0
-33.9569
-0
0
-0
-0
0
0
-0
0
0
-0
-0
-73.8343
-6.01475
-0
-164.849
-194.811
-0
-271.907
-28.1144
-0
-250.64
-101.01
-0
-279.28
-57.2276
0
-273.064
-55.8234
0
-284.412
-23.1266
0
-288.952
-12.5968
0
-268.479
-59.0259
0
-227.324
-133.118
0
-226.91
-194.475
0
-269.041
-129.61
0
-273.177
-127.579
0
-274.944
-135.437
0
-182.643
-139.671
0
-93.9371
-162.564
0
-0
-0
0
0
-0
0
447.011
-0
0
25.8557
-0
0
20.2904
-0
-0
52.7757
-240.466
-0
0
-222.339
-0
-0
-204.554
-0
-0
-178.115
-0
-35.091
-188.164
-0
-98.1754
-135.127
-0
-93.029
-182.053
-0
-139.133
-100.933
-0
-143.688
-99.2451
-0
-149.923
-107.411
0
-163.124
-63.9024
0
-193.786
-0
0
-186.006
-0
0
-177.647
-46.4739
0
-122.167
-154.201
0
-146.488
-109.534
0
-119.019
-146.79
0
-183.505
-4.98032
0
-165.174
-65.4653
0
-168.938
-104.229
0
-18.5595
-0
0
-0
-0
0
0
-0
0
0
-0
0
37.0859
-0
-0
0
-0
-0
-0
-173.29
0
-0
-226.789
0
-70.8595
-109.707
0
-99.6227
-100.725
-0
-104.049
-96.666
-0
-133.316
-51.8793
-0
-120.373
-98.5266
-0
-155.285
-51.1775
-0
-153.86
-57.6062
0
-189.795
-0
0
-197.291
-0
0
-186.135
-0
40.5901
-178.874
-0
59.34
-143.487
-45.9531
47.9934
-126.254
-81.8204
33.9772
-115.723
-86.1404
24.7192
-149.805
-0
24.2307
-118.069
-0
28.9149
-66.3919
-0
27.9786
-0
-0
40.6773
-0
-0
16.3493
0
0
77.9062
263.965
0
-62.9332
0
-0
-0
-0
-0
-61.4038
-0
-0
-46.1058
-28.0054
-0
-39.4515
-63.3774
-0
-0
-70.6198
-0
-0
-83.5495
-0
0
-108.384
-0
0
-142.427
0
0
-175.791
0
0
-192.783
-0
0
-170.989
-0
0
-150.866
-0
0
-111.958
-0
0
-86.5047
-0
0
-105.536
-0
0
-0
-0
0
-0
0
51.3327
0
0
36.2109
1.67405
0
56.9193
65.7318
0
13.739
33.1652
0
85.1952
0
0
0
0
0
0
-94.5691
895.003
-0
-0
0
-0
-18.3596
86.297
-0
-0
73.0856
0
-0
76.2619
0
-0
79.9141
0
-0
68.7066
42.0845
0
115.543
8.81771
0
17.3341
0
41.1813
0
0
