0.327826
-186.552
453.039
-350.262
494.834
31.9934
-209.264
156.156
-219.005
-169.345
-87.3358
166.476
-294.479
-372.137
-156.401
-672.396
359.223
247.435
-475.928
284.615
310.061
23.4769
15.587
136.378
-271.33
-33.6566
-4.03323
-348.665
-151.408
124.893
-582.073
163.129
-115.312
-534.539
151.707
158.746
-327.337
354.782
238.672
-20.6774
28.1856
80.8435
23.8333
-49.2926
3.53665
-247.185
52.0547
125.485
-198.697
-197.266
24.5974
-529.814
428.028
193.4
-458.094
200.83
-168.754
-322.893
-43.9321
-50.3654
-222.091
-185.176
428.03
-402.868
123.991
170.569
-135.959
-146.94
-164.196
-19.2547
89.9888
38.3553
-170.592
-46.0382
-79.4634
-179.08
-75.5921
0.72417
-397.96
323.879
-143.316
-421.842
358.054
206.771
-164.247
-334.16
183.013
-229.683
-210.898
-135.189
-428.603
30.0644
114.661
-236.889
-446.578
531.558
-369.98
227.362
171.996
-151.825
-140.93
-242.279
148.984
-373.25
-48.4956
-56.6847
144.294
77.1908
-108.723
-40.8592
-42.5102
-366.923
201.476
-78.3304
-221.931
-205.641
-292.138
-444.897
214.522
-51.7516
-247.691
-271.17
45.7261
-441.956
220.36
143.865
-246.768
-293.397
236.879
-232.029
-440.845
374.08
-451.177
126.346
-15.1401
-525.406
235.97
21.5368
-293.766
-310.218
442.86
-46.6554
-162.196
103.498
8.42727
-1.60383
-128.927
44.0699
17.8936
-60.637
-130.411
172.273
-68.0228
-151.868
-116.29
-129.849
-268.057
-157.785
-69.7796
-446.974
154.781
11.4414
-403.968
37.6322
125.835
-317.112
-226.293
41.725
-498.888
171.542
24.4077
-265.837
-404.116
44.5674
-224.336
-465.408
325.726
-575.595
348.69
-51.7988
-425.129
-29.1756
33.9224
-368.852
-151.921
271.339
-419.912
-18.381
-34.5217
-209.574
-71.7121
66.0788
-143.797
149.113
117.914
55.9948
-167.213
-48.2325
27.293
129.169
38.0563
-189.276
265.847
-104.096
-128.021
-134.874
-56.3412
-209.616
-138.053
94.3326
-250.91
-153.179
32.2587
-360.936
33.909
3.4487
-156.687
-372.559
114.536
-450.078
318.684
134.423
-164.788
-268.062
111.085
-174.159
-227.688
197.438
-258.947
-16.0198
-352.46
-299.471
57.5531
-71.8294
-186.754
-253.321
63.6475
-416.419
219.2
-177.087
-182.624
-287.509
111.059
-192.133
-279.236
203.319
-338.42
209.918
124.9
-303.47
250.524
-22.4591
246.599
-712.508
-63.7413
-104.929
403.929
137.538
304.085
-314.529
-12.9073
-67.1595
141.759
-53.5359
282.624
-655.002
114.491
-55.1043
17.1899
240.251
-116.279
58.355
-9.99971
24.6078
-250.692
-84.0837
-161.661
117.381
-205.693
77.6623
-453.971
18.1033
-67.7405
-206.966
152.567
-3.84049
-366.239
57.2807
-217.65
78.3154
76.9024
-184.843
-19.1821
11.4044
-112.556
-159.185
-186.493
-42.3683
-290.357
-126.549
-73.5099
-157.928
68.223
-265.693
281.798
-199.538
-106.656
-110.524
150.614
-56.7025
-279.246
44.2602
-264.208
146.043
-83.6864
-127.402
-162.643
176.207
-80.65
-244.98
88.9426
-115.993
-193.419
16.3039
-328.034
229.886
95.3558
-179.62
187.015
329.333
-128.403
301.722
125.209
182.607
-281.66
-209.772
-135.11
248.142
254.275
368.617
-850.327
-4.01168
-215.81
344.903
-147.638
-150.877
126.381
24.4544
-238.548
272.439
-40.9957
115.112
-502.155
158.055
-5.88514
-263.562
97.5622
27.8078
-332.555
-5.55314
-142.828
20.8585
38.7891
-62.4573
-181.382
17.4819
-418.218
541.234
42.7029
-244.221
141.632
22.8935
-114.059
-201.571
-91.0947
-144.159
-181.492
-241.57
-46.6986
-415.186
227.979
-122.067
-245.064
162.535
-411.925
408.873
171.513
-136.016
-138.439
220.51
-180.074
-20.034
72.7368
-85.9452
-170.371
108.393
-164.948
74.3196
92.824
-191.606
224.612
16.8084
80.1381
-270.864
8.76532
-111.645
239.022
337.443
-179.588
575.86
372.429
-306.434
730.923
-172.614
264.108
-599.536
68.6598
-123.761
98.2453
-7.58484
12.8613
-246.393
-58.8764
-133.525
80.9615
-43.2445
47.1364
-324.11
-56.1954
-187.06
149.637
-14.7866
-189.93
185.06
22.8602
-115.49
-16.4552
212.959
-232.799
234.94
266.153
111.324
-558.463
388.306
-141.829
-51.1477
-39.7164
-137.273
-22.7985
-121.629
-83.7009
-93.0746
-64.2618
-148.153
138.948
-46.9051
-115.457
137.878
-16.0692
-59.4534
21.3921
-122.01
143.234
-372.221
-100.102
45.2145
-25.2876
171.946
144.36
-106.484
195.323
123.673
-7.22945
-85.859
34.5759
228.04
5.66264
-229.311
748.362
282.907
503.513
-782.167
200.735
98.455
381.529
479.969
-285.715
741.238
-276.95
-79.4082
231.463
-82.0084
-28.4957
108.079
-26.5536
78.9623
-137.959
-36.7383
-92.8315
200.214
4.82528
-111.926
253.886
-10.6425
-98.043
227.462
88.0026
120.876
-226.489
12.6957
254.434
-497.307
-88.4649
-289.758
687.524
-124.509
