0.371617
-186.641
453.119
-350.306
494.945
32.0468
-209.227
156.169
-219.153
-169.335
-87.3682
166.508
-294.441
-372.232
-156.398
-672.513
359.476
247.362
-475.903
284.535
310.089
23.4999
15.5497
136.403
-271.3
-33.7147
-3.98491
-348.678
-151.386
124.933
-582.227
163.335
-115.231
-534.596
151.738
158.661
-327.333
354.725
238.577
-20.6797
28.1842
80.8378
23.8815
-49.3886
3.54056
-247.131
51.9715
125.505
-198.578
-197.496
24.7909
-530.034
428.537
193.514
-458.153
201.005
-168.851
-322.815
-44.0395
-50.574
-221.936
-185.48
427.972
-402.888
124.1
170.605
-135.916
-146.992
-164.211
-19.2281
89.9288
38.3356
-170.459
-46.333
-79.4181
-178.993
-75.7065
0.634644
-398.139
324.344
-143.37
-421.987
358.519
206.775
-164.087
-334.41
183.015
-229.508
-211.2
-135.262
-428.537
29.9229
114.648
-236.86
-446.637
531.748
-370.087
227.599
172.012
-151.829
-140.922
-242.402
149.095
-373.544
-48.4088
-56.7871
144.512
77.2577
-108.64
-41.0326
-42.4172
-366.962
201.575
-78.4499
-221.862
-205.795
-292.336
-445.166
215.048
-51.9416
-247.724
-271.178
45.7707
-442.003
220.456
144.017
-246.614
-293.776
236.996
-231.978
-441.038
374.234
-451.243
126.432
-15.228
-525.569
236.284
21.5085
-293.693
-310.407
443.067
-46.6538
-162.215
103.486
8.34368
-1.4805
-129.045
44.0566
17.897
-60.6249
-130.424
172.33
-68.0626
-151.768
-116.498
-129.8
-268.068
-157.742
-69.8114
-447.058
154.946
11.4517
-404.021
37.7316
125.753
-317.18
-226.268
41.7939
-499.053
171.807
24.4074
-265.693
-404.518
44.5823
-224.201
-465.72
325.94
-575.698
348.93
-51.8619
-425.204
-29.008
33.8467
-368.783
-152.109
271.388
-419.888
-18.3868
-34.5576
-209.57
-71.6697
66.1332
-143.951
149.445
117.944
56.091
-167.444
-48.3299
27.2773
129.185
38.0283
-189.333
266.028
-104.168
-127.892
-135.142
-56.3012
-209.579
-138.122
94.3728
-250.927
-153.167
32.3329
-361.113
34.2412
3.38315
-156.525
-372.92
114.631
-450.299
319.19
134.381
-164.674
-268.267
111.141
-174.066
-227.823
197.553
-258.799
-16.2632
-352.733
-299.501
57.6679
-71.8549
-186.678
-253.44
63.769
-416.553
219.552
-177.181
-182.421
-287.874
110.972
-192.022
-279.427
203.368
-338.558
210.251
125.062
-303.568
250.79
-22.3896
246.734
-712.777
-63.8345
-104.914
403.912
137.527
304.052
-314.514
-12.9016
-67.1569
141.749
-53.5437
282.661
-655.086
114.536
-55.1407
17.2551
240.297
-116.401
58.6072
-10.0802
24.685
-250.852
-84.2109
-161.757
117.589
-205.8
77.8278
-454.337
18.1847
-67.7168
-207.011
152.662
-3.69314
-366.549
57.3695
-217.776
78.5757
76.9679
-185.045
-18.7756
11.4753
-112.613
-159.043
-186.793
-42.2695
-290.561
-126.655
-73.4328
-158.045
68.2746
-265.713
281.889
-199.624
-106.588
-110.647
150.751
-56.5711
-279.55
44.2569
-264.4
146.437
-83.8579
-127.389
-162.693
176.217
-80.5553
-245.178
89.0488
-115.832
-193.761
16.2746
-328.187
230.202
95.2906
-179.649
187.101
329.447
-128.486
301.942
125.388
182.744
-281.946
-209.751
-135.158
248.277
254.294
368.757
-850.607
-4.0114
-215.996
345.306
-147.666
-151.027
126.68
24.4206
-238.58
272.491
-41.0601
115.36
-502.712
158.152
-5.8971
-263.567
97.5926
27.9667
-332.908
-5.55986
-142.808
20.8204
38.7742
-62.4881
-181.314
17.4815
-418.696
542.231
42.6066
-244.305
141.806
22.9975
-113.986
-201.764
-91.1837
-144.028
-181.821
-241.745
-46.5388
-415.596
228.135
-121.996
-245.261
162.639
-412.294
409.603
171.501
-136.017
-138.505
220.518
-180.092
-20.069
72.7079
-85.7686
-170.794
108.309
-165.029
74.4633
92.7905
-191.727
224.815
16.7645
80.2525
-271.166
8.7375
-111.585
238.861
337.554
-179.831
576.349
372.562
-306.749
731.535
-172.551
264.395
-600.142
68.824
-123.818
98.3692
-7.57186
13.0074
-246.695
-58.9083
-133.61
81.149
-43.3071
47.3158
-324.483
-56.3132
-187.242
150.003
-14.9201
-190.143
185.467
22.9145
-115.387
-16.6908
213.105
-233.123
235.613
266.353
111.638
-559.119
388.436
-141.685
-51.4417
-39.8334
-137.273
-22.8057
-121.805
-83.672
-93.1412
-64.1951
-148.311
139.27
-46.7401
-115.65
138.286
-16.0642
-59.4733
21.4305
-122.176
143.58
-372.949
-100.273
45.2089
-25.3159
172.077
144.42
-106.62
195.461
123.504
-6.91298
-86.0266
34.6951
227.771
5.55481
-229.757
749.289
282.916
503.971
-783.136
200.724
98.176
382.135
479.98
-285.731
741.34
-276.897
-79.4292
231.553
-81.9693
-28.4277
107.967
-26.5253
79.2392
-138.513
-36.8292
-92.991
200.547
4.74919
-112.168
254.414
-10.6012
-98.0688
227.535
88.1742
121.091
-226.905
12.7634
254.864
-498.18
-88.5681
-290.13
688.34
-124.639
