-0
-45.316
0
-0
-0
0
-0
-0
0
-0
-0
0
-206.706
-45.8304
0
-496.112
-0
0.713964
-0
-0
63.1848
0
-0
-0
-0
-0
0
-387.507
-0
0
-430.458
-0
0
-390.436
-0
98.7028
-0
0
0
0
0
-0
-0
0
-0
-13.1404
0
-0
-381.345
0
0
-348.493
0
0
-367.451
-0
0
-302.268
-0
0
-252.079
-0
0
-38.3106
-0
0
-0
-0
0
-0
0
-0
-0
0
-0
-302.705
0
0
-304.215
0
0
-332.33
-0
0
-333.273
-0
0
-371.042
-0
0
-308.204
-297.919
0
-355.633
-131.755
0
-105.472
-0
0
-0
-0
0
-0
-0
0
0
0
0
-0
-0
-0
-167.885
-0
-0
-331.827
-0
0
-324.142
-0
0
-343.233
-0
0
-353.591
-0
0
-367.065
-0
0
-270.52
-263.346
0
-363.552
-112.387
0
-286.038
-347.953
54.8484
-350.986
-67.8497
0
-0
-0
0
-0
-0
0
0
-0
0
0
-0
-0
-0
-0
-0
-28.1967
-0
-0
-277.437
-112.588
-0
-301.126
-33.3071
-0
-300.157
-25.821
0
-305.056
-25.39
0
-340.616
-0
0
-295.134
-136.543
0
-312.764
-116.099
0
-245.524
-353.044
0
-312.144
-166.276
0
-329.764
-252.541
0
-137.076
-0
0
-0
-0
0
-0
-0
0
-0
-0
0
0
-0
-0
-0
-0
-0
-0
-0
-0
-59.1129
-345.385
-0
-282.472
-0
-0
-232.386
-91.9171
-0
-260.046
-31.4017
0
-257.869
-26.0939
0
-259.725
-17.1524
0
-250.187
-44.9041
0
-173.801
-202.8
0
-218.58
-142.727
0
-167.193
-319.748
0
-325.503
-0
0
-168.897
-370.649
0
-136.558
-45.1571
0
-0
-0
0
-0
-0
0
-0
-0
0
652.429
0
0
32.1556
-0
0
0
-0
-0
0
-0
-0
0
-0
-0
-0
-0
-0
-0
-0
-0
-0
-240.994
-0
-0
-234.166
-0
-42.7849
-231.171
-0
-131.224
-145.544
-0
-143.018
-121.077
-0
-194.337
-18.2842
-0
-170.64
-62.7278
-0
-203.346
-0
0
-186.577
-0
0
-168.548
-69.6632
0
-156.613
-73.1424
0
-62.1105
-277.853
0
-154.876
-55.5098
0
-91.2455
-176.22
0
-167.412
-41.3024
0
-4.47637
-0
0
-0
-0
0
-0
-0
0
0
-0
0
0
-0
0
55.8942
-0
-0
0
-0
-0
0
-0
-0
-0
-0
-0
-0
-0
-0
-0
-135.491
-0
-0
-170.872
-0
-45.3504
-150.045
-0
-84.1141
-125.813
-0
-157.588
-0
-0
-162.329
-0
-0
-187.479
-0
-0
-198.669
-0
0
-186.396
-0
0
-179.011
-0
0
-156.943
-0
0
-37.3037
-243.707
0
-128.817
-8.22777
0
-82.3404
-0
0
-0
-0
0
-0
-0
0
-0
-0
0
0
-0
0
0
0
0
166.04
0
-89.5058
0
0
-0
0
0
-0
0
0
-0
-0
-0
-0
-0
-0
-0
-0
-0
-0
-0
-0
-0
-0
-0
-0
-106.997
-0
-0
-135.092
-0
-0
-151.5
-0
0
-131.806
-0
0
-28
-0
0
-0
-0
0
-0
-0
0
-0
-0
0
-0
-0
0
0
-0
0
0
0
0
0
0
0
0
0
0
18.499
0
0
57.1885
0
0
0
0
0
-0
885.977
-0
-0
0
-0
-0
0
0
-0
92.2564
0
0
0
0
0
0
0
0
0
0
0
0
0
0
0
0
0
0
0
