-19.9314
-16.6555
10.9837
-27.1426
-21.798
16.3297
-17.3912
-16.5135
25.8438
-17.8526
-4.9398
15.8718
-60.0606
-21.9365
18.8614
-74.129
-25.9305
24.5184
-53.6426
-16.8121
29.322
16.7229
18.6973
9.33208
-43.1783
-2.20645
9.63865
-86.1273
-16.4653
14.1098
-105.907
-22.6225
19.7676
-100.151
-20.1604
24.0183
-67.9646
-6.97777
22.0512
53.3888
34.8898
1.54075
-2.60169
20.7625
-1.69833
-55.1077
4.27637
-1.07798
-96.9517
-11.1805
3.77627
-123.155
-21.8286
10.0717
-133.161
-27.4153
15.3154
-128.633
-28.5336
17.6061
-112.066
-24.6641
15.1516
-87.1494
-17.2337
6.12027
-51.5416
-3.17278
-8.10261
5.2178
17.9919
0.863838
-50.2572
-4.09519
-0.621664
-95.9719
-22.1843
1.67549
-128.311
-35.9655
5.77536
-148.715
-46.6222
10.308
-158.463
-54.1744
14.2344
-158.413
-59.3139
16.0338
-149.054
-60.6802
14.8473
-128.026
-54.0442
9.19235
-95.6845
-37.9064
0.61772
-59.6154
-21.2164
-6.80455
-24.7679
-5.26468
-16.1836
-0.915262
4.8017
-23.6977
-23.4219
-11.5347
6.38499
-70.5078
-33.672
3.2208
-107.833
-50.8539
2.10498
-135.507
-63.5758
3.1488
-155.178
-73.2399
5.97271
-167.643
-79.9259
9.72531
-172.904
-84.3513
13.2896
-170.745
-86.0181
16.3745
-160.2
-84.2899
18.4634
-140.365
-79.1387
19.1062
-110.329
-69.1352
16.5156
-68.4795
-51.9949
11.0397
-28.794
-32.973
1.23684
9.06815
-10.2086
-10.2585
44.823
-2.47527
14.1406
-5.71547
-28.4639
5.86726
-51.0609
-50.4797
-0.149816
-86.9137
-67.4816
-3.05594
-114.437
-79.9893
-3.48022
-134.562
-89.2212
-2.45585
-149.523
-95.854
-0.129313
-159.721
-100.743
3.20907
-165.443
-103.794
6.93244
-166.447
-104.801
10.7723
-161.298
-103.242
14.1999
-148.399
-98.0018
16.3588
-126.885
-88.4942
16.8424
-94.5991
-73.4183
15.3943
-58.6396
-55.7076
11.8191
-25.7421
-37.9203
6.21382
-4.11182
-23.3138
0.829237
32.492
-20.1588
12.5426
-5.37139
-41.1456
5.31718
-39.3259
-59.3072
-0.8833
-68.4509
-73.7503
-4.94573
-91.9019
-84.8064
-7.27314
-109.981
-92.6572
-7.74989
-123.337
-97.9931
-7.12042
-132.722
-101.343
-5.71175
-138.92
-103.078
-3.41692
-142.245
-103.522
-0.714622
-142.768
-102.661
2.26768
-140.164
-100.523
5.29356
-133.34
-96.6222
8.35883
-121.15
-89.9062
10.4091
-103.245
-80.1797
11.7127
-79.9699
-67.239
11.5396
-55.2155
-52.2159
10.7743
-30.5741
-36.2495
10.2257
-9.52336
-21.0977
9.95103
80.4856
1.96346
8.18225
73.9113
-5.90118
5.83974
57.9496
-16.6932
1.11633
42.3661
-25.5216
-2.66454
25.6106
-33.5638
-5.33339
9.12253
-41.3961
-6.45562
-7.89686
-50.4008
-6.17056
-25.6681
-60.5225
-7.77852
-43.0389
-69.454
-9.63935
-59.53
-76.9316
-11.2239
-74.411
-82.8273
-12.1446
-86.6326
-87.082
-12.2318
-96.86
-89.6469
-12.1032
-104.584
-90.8839
-11.3059
-109.892
-90.7953
-10.033
-112.816
-89.4714
-8.56654
-113.986
-87.2507
-6.86018
-113.054
-83.8158
-4.72834
-109.802
-79.1783
-2.61241
-104.006
-73.218
-0.220765
-95.6558
-65.8479
2.60139
-84.6424
-57.2536
5.34971
-70.0006
-46.8304
8.46877
-50.9111
-34.9736
11.4333
-31.4615
-23.1524
13.8597
-15.5623
-13.1775
16.0822
-9.888
-8.31803
16.3077
55.9469
-9.61842
-33.5623
39.6869
-20.3902
-33.0885
21.1467
-31.0734
-29.6596
4.42192
-39.5666
-26.4212
-10.9533
-46.5277
-23.5605
-25.0198
-52.638
-20.557
-37.464
-57.6319
-18.2485
-48.7125
-61.9674
-16.6313
-58.55
-65.3305
-15.3812
-67.0794
-67.4468
-14.5768
-74.0675
-68.6395
-13.4916
-79.5318
-68.7085
-12.4949
-83.2833
-67.7029
-11.5035
-85.1152
-65.6862
-10.1219
-85.4714
-62.7333
-8.59576
-83.6105
-58.8191
-6.76662
-80.3117
-53.7657
-4.53472
-74.9938
-48.085
-2.2076
-67.6733
-41.6135
0.236272
-57.8589
-34.0272
2.93965
-46.6062
-25.992
5.87212
-34.733
-17.7606
8.72921
-22.9336
-10.2976
11.6039
-12.3892
-4.26626
14.3677
42.6168
15.5242
-43.8662
28.567
9.6589
-39.089
14.1405
3.54936
-34.3873
1.46093
-1.84023
-30.9131
-9.27448
-6.24806
-27.7924
-18.5937
-10.9089
-25.2393
-26.1933
-14.7147
-22.5997
-33.0247
-17.7516
-19.4287
-39.3617
-20.6888
-17.6532
-44.8198
-23.5085
-14.8865
-49.5573
-25.4625
-11.8387
-52.2435
-25.766
-8.97868
-52.4104
-25.0176
-6.57401
-50.1079
-23.021
-4.11743
-45.8135
-20.1803
-1.79451
-40.293
-16.6068
0.789339
-33.8072
-12.5406
3.92489
-25.8409
-8.11759
6.79658
-17.1558
-3.55781
9.07372
-8.52566
0.761001
11.2311
-1.71221
4.01496
13.149
2.57572
5.61898
14.1948
5.69056
6.03204
14.3054
7.18624
5.67788
13.0433
7.09537
4.97102
11.1253
-3.85544
22.3808
-6.71003
-5.74334
20.2784
-3.14709
-6.48743
19.1565
-0.136974
-5.8566
18.6852
2.49626
-4.19295
18.0062
4.30652
-1.56815
17.5253
6.42004
1.70012
17.0441
9.10154
5.03223
16.4954
10.7655
7.9016
15.6561
11.4074
10.6664
14.8022
11.9445
