-46.7791
-8.66475
0
-227.911
0
-0
-0
-0
278.623
-195.907
-0
46.0939
-472.843
-50.9091
131.377
-536.45
-0
4.82551
-408.36
0
125.392
0
0
0
-228.776
-0
39.1042
-385.339
-0
0
-413.486
0
63.9433
-409.24
0
20.5125
-233.176
19.855
220.279
0
79.0792
-132.382
-0
17.2654
0
-270.158
47.9799
0
-374.244
106.512
0
-375.172
0
24.5416
-388.739
0
148.994
-366.034
0
61.7635
-330.885
-0
164.101
-312.002
-128.067
0
-144.076
-0
-0
-0
156.307
0
-245.029
71.2967
0
-299.476
29.4201
29.6659
-302.039
0
82.4292
-329.531
-0
24.8749
-349.885
-0
83.7438
-371.847
-0
0
-404.932
-100.96
20.4947
-296.402
-386.097
84.9529
-255.873
-47.0633
61.6149
-77.5575
-232.612
0
0
-0
0
0
0
0
-159.177
0
0
-291.686
-0
0
-308.086
-0
0
-297.537
-61.8874
0
-338.393
-3.98901
0
-324.355
-61.5871
0
-373.11
-0
100.396
-351.38
-87.0788
112.802
-338.773
-139.639
0
-314.141
-260.572
0
-315.594
-313.99
127.465
-116.115
-21.1632
41.6798
-0
-0
0
0
-0
0
-0
0
-0
-176.388
-0
-0
-277.576
-126.613
-0
-347.828
-17.138
-0
-340.467
-45.5874
0
-333.439
-37.0155
0
-356.045
-0
0
-334.225
-85.6274
10.7867
-323.818
-134.587
10.0414
-363.118
-77.8794
80.4685
-378.766
-91.2572
147.159
-292.071
-269.222
106.172
-330.147
-249.298
0
-246.988
-45.0423
0
-66.5405
-0
0
-0
-0
0
0
-0
0
-0
-0
-0
-122.136
-75.8573
-0
-190.767
-137.312
-0
-266.182
-49.948
-0
-286.563
-33.8546
0
-288.31
-45.3963
0
-299.197
-12.4329
0
-302.281
-0
1.95354
-279.828
-46.1624
0
-243.8
-134.418
5.43499
-246.54
-118.054
0
-265.897
-130.297
0
-293.224
-80.2363
0
-264.651
-143.022
0
-272.685
-131.324
0
-179.958
-133.172
0
-112.582
-181.096
0
-0.436877
-3.78412
0
0
-0
0
443.38
-0
0
20.7115
-0
0
84.0734
-200.341
-0
86.7514
-262.182
-0
8.46855
-227.463
-0
0
-204.503
-0
-0
-191.956
-0
-24.8225
-193.453
-0
-63.5495
-186.705
-0
-89.4116
-158.591
-0
-114.302
-119.423
-0
-150.436
-61.6839
0
-145.647
-86.1525
0
-153.262
-60.1986
7.56462
-175.39
-4.07672
28.1162
-121.904
-105.732
54.4005
-154.192
-63.0596
33.9388
-128.441
-117.772
1.45373
-168.683
-40.378
0
-130.338
-114.446
0
-175.423
-18.703
0
-162.963
-73.1208
0
-160.245
-127.506
17.8684
-66.4849
-0
9.28902
-0
-0
0
0
-0
0
0
-0
114.746
13.2448
-0
-0
0
-90.6966
-0
-0
-224.83
0
-33.5913
-180.96
0
-128.161
-20.2169
0
-52.8326
-210.101
0
-128.866
-45.5045
-0
-121.512
-82.2182
-0
-141.523
-62.715
-0
-184.698
-0
-0
-196.273
-0
0
-190.795
-17.6901
0
-142.23
-130.866
43.0254
-196.25
-0
55.8934
-187.271
-0
60.2995
-176.006
-0
66.0282
-151.509
-37.1007
70.5032
-134.656
-56.5327
78.7637
-153.432
-0
84.3264
-124.167
-0
74.1178
-85.8751
-0
43.6387
-14.8584
-0
57.3882
-0
-0
56.78
0
0
97.7967
163.206
0
-52.2929
0
0
-43.5477
-0
-0
-49.7707
-64.1139
-15.7474
-45.238
-21.2129
-101.123
-49.4934
-87.1048
-0
-0
-96.1661
-0
-0
-94.4873
-0
0
-114.047
-0
49.2417
-137.474
0
108.563
-174.703
0
0
-189.384
-0
0
-175.12
-0
0
-158.106
-0
0
-116.582
-0
0
-89.1914
-0
0
-100.617
-0
0
-34.7123
-0
20.2789
-0
0
85.7212
0
0
61.3882
75.5489
0
69.2015
52.3413
43.1919
39.437
53.4954
0
122.126
29.7913
0
89.4904
0
0
0
-215.082
801.678
-0
-0
0
-0
-39.2012
102.187
-0
-86.154
205.458
0
-0
40.939
0
-0
51.0262
20.3658
-0
61.6259
56.5894
0
74.1427
28.6311
0
55.6814
0
0
128.528
21.4892
