-84.5692
-35.083
179.758
-293.234
294.541
-26.6872
-177.53
0
104.893
-170.468
-71.13
119.117
-447.347
-57.0764
0
-532.407
-0
120.295
-453.442
168.343
244.333
6.74015
-0
51.4422
-260.88
-4.69783
15.5792
-407.951
-0
22.9473
-436.582
0
0
-428.044
4.62314
62.7279
-299.371
245.995
254.932
0
26.4243
-0
-21.2109
52.6268
21.9869
-255.786
39.223
0
-360.775
92.3907
0
-385.183
64.0119
23.4081
-385.177
0.571066
60.5751
-402.806
57.7482
52.4264
-340.102
0
278.883
-327.753
-120.765
94.3945
-204.987
-35.2444
-11.1201
-54.1822
182.332
12.954
-226.178
43.0971
0
-328.713
129.53
29.696
-311.226
0
52.4179
-332.68
0
80.7416
-359.498
-0
139.448
-365.469
-24.2872
0
-416.556
-59.7165
33.2868
-329.573
-271.825
115.469
-219.941
-104.673
77.5887
-84.9784
-267.468
-0
0
-0
-0
17.0237
0
0
-173.837
34.2064
0
-294.113
0
0
-321.374
-0
0
-323.676
-0
5.75073
-276.456
-130.113
0
-338.302
-5.44913
0
-359.215
-0
141.471
-373.217
-34.1269
105.49
-361.087
-90.9944
0
-295.518
-303.979
42.0137
-323.275
-295.588
168.431
-142.332
-0
56.1045
-0
-0
0
0
-0
-0
-9.97099
-0
0
-193.424
-33.5971
-0
-290.897
-110.965
-7.4015
-357.662
-0
-0
-366.154
-0
0
-347.052
-18.2258
0
-347.858
-20.8706
0
-321.757
-141.905
15.9724
-343.511
-122.809
38.5653
-413.746
-0.622523
134.557
-402.834
-70.7811
224.836
-299.252
-275.779
146.597
-368.803
-178.982
0
-274.4
-0
0
-89.8116
-0
0
-0
-0
0
1.31254
12.4251
4.10563
-3.5113
-37.8763
0
-145.126
-88.474
-0
-196.315
-125.279
-0
-277.054
-33.1723
0
-292.474
-24.1108
0
-312.976
-0
9.73748
-309.96
-0
16.006
-255.211
-107.223
53.9008
-271.746
-74.7271
54.9845
-248.254
-129.214
29.365
-269.882
-63.8938
0.514279
-258.043
-131.426
0
-314.754
-5.39122
0
-249.263
-149.184
22.5407
-301.704
-35.8657
23.0268
-180.61
-110.961
0
-84.1914
-216.105
0
-30.8353
-12.9825
0
34.0818
0
21.4913
364.635
-58.6496
0
60.5729
-125.557
0
59.9714
-168.839
0
61.3471
-215.162
6.97419
16.2817
-229.758
0
0
-214.439
0
-0
-221.509
-0
-52.9969
-160.657
-0
-48.8393
-232.627
-0
-103.906
-138.58
-0
-132.831
-89.6159
-0
-157.071
-59.7121
0
-160.042
-66.5749
0
-129.953
-111.651
46.315
-119.294
-114.237
43.634
-133.982
-62.9697
34.2406
-153.219
-40.447
10.0927
-134.938
-83.886
9.02826
-178.23
-0
0
-133.726
-94.8736
0.940345
-178.489
-0
0
-169.511
-53.6263
1.5449
-170.802
-88.3338
99.2635
-85.4814
-0
45.2365
0
-0
32.502
37.434
-0
0
0
-0
239.916
11.1932
-80.2861
-0
0
-155.071
0
-0
-223.337
41.7021
-97.3317
-63.3821
38.7343
-92.9806
-88.4362
0
-62.7804
-173.682
0
-104.538
-80.2372
0
-109.601
-93.7226
-0
-167.307
-0
-0
-183.903
-0
0
-193.924
-0
0
-146.913
-109.426
0
-154.082
-108.083
18.1741
-199.242
-0
37.9034
-194.125
-0
64.3511
-185.111
-0
64.9383
-175.988
-0
90.4977
-156.416
-27.2068
103.194
-159.159
-0
119.659
-130.962
-0
117.539
-83.2576
-0
48.356
-40.2682
-0
103.525
-0
0
114.159
9.62734
102.736
129.607
86.3328
58.0553
-103.278
0
-0
-82.4544
-45.0239
-0
-47.8676
-66.8828
-61.8253
-52.1926
-18.9944
-143.602
-48.4184
-95.0326
-11.6942
-2.38356
-110.314
-0
0
-96.3544
-0
28.3089
-116.237
-0
99.6795
-133.817
0
117.64
-174.262
0
31.9286
-186.126
0
0
-175.674
-0
0
-158.331
-0
0
-117.27
-0
0
-89.7755
-0
0
-92.1183
-0
0
-64.5788
-0
13.4649
0
0
97.9925
42.6077
0
45.1851
88.8921
0
68.8452
52.6781
71.5181
62.2998
33.1649
43.0355
174.924
85.4332
0
145.182
6.31871
0
155.876
-351.607
872.685
-0
-0
0
-67.8038
-34.8394
75.7967
-0
-46.2157
98.2691
0
-25.7101
67.7931
37.786
-84.7278
202.626
29.9789
-0
49.2877
38.4265
-0
40.4341
35.9331
-0
34.8599
0
0
160.973
68.4267
