-114.817
-137.585
16.5199
-181.734
-90.2816
-12.5733
-55.1217
-76.6368
194.794
-128.896
-44.3493
50.6039
-341.595
-77.5686
74.4846
-402.534
-62.2197
63.2895
-260.776
-13.529
122.234
24.3578
39.3753
-32.6654
-212.756
-16.4395
14.4118
-336.892
-55.7119
25.2381
-380.339
-49.6359
50.9566
-365.687
-10.1197
79.938
-205.872
52.2596
153.599
107.452
105.525
-123.003
-50.5732
67.1204
0.436261
-205.795
17.1258
-0.674248
-297.586
-3.06303
12.2819
-337.687
-9.84758
31.3348
-350.536
-9.73518
60.5256
-335.986
-14.2109
95.684
-294.665
-40.1881
130.538
-262.048
-73.0033
89.8718
-139.201
-30.0148
28.7019
-34.9404
136.293
1.04415
-190.567
54.1511
17.3417
-264.876
14.4036
20.1916
-300.278
-8.32847
29.9665
-321.858
-29.9084
42.0948
-335.633
-54.0347
59.873
-347.446
-89.0221
68.5046
-366.635
-133.001
86.1967
-338.567
-151.505
98.6226
-225.587
-122.518
71.5101
-129.005
-92.6963
16.0324
-6.66109
-34.1052
-17.5831
57.5671
-9.2528
-20.336
-146.243
41.3765
-7.51549
-243.587
-22.2166
1.19966
-278.607
-52.1855
9.22333
-289.834
-66.2901
18.6109
-300.553
-78.8731
30.2215
-310.69
-88.8667
42.7967
-321.397
-102.725
55.7343
-330.405
-119.089
61.4927
-330.958
-134.083
63.8365
-325.252
-153.526
68.4371
-282.19
-154.977
70.7094
-112.195
-91.1612
53.93
15.2338
-46.4014
24.6938
107.518
-12.2802
40.6895
71.5776
46.1211
-11.9506
-119.203
-40.2578
-23.8443
-224.573
-86.2665
-25.8256
-262.889
-101.362
-12.1703
-271.691
-105.431
0.430764
-267.253
-106.518
10.1744
-267.327
-111.473
19.1643
-274.423
-121.996
28.9758
-284.491
-132.483
38.6023
-298.691
-143.79
50.837
-312.247
-154.968
60.0108
-312.646
-159.184
63.3871
-295.978
-153.714
61.9481
-190.813
-105.182
56.9916
-73.2536
-47.859
42.7647
8.00159
-10.862
30.5686
86.172
9.27963
36.2152
45.324
3.24705
-30.7413
-94.6323
-58.745
-37.6495
-165.866
-91.566
-37.3395
-206.532
-107.277
-28.3267
-222.239
-114.431
-19.5217
-228.746
-117.189
-10.3319
-228.836
-116.897
-1.83111
-226.048
-116.135
7.25704
-225.633
-116.236
16.2763
-227.012
-117.535
24.5575
-229.668
-120.174
31.1882
-243.244
-129.209
37.8178
-251.898
-137.348
46.9545
-248.19
-141.124
56.4774
-226.265
-137.193
61.792
-167.88
-114.513
56.0432
-107.892
-84.5814
45.1632
-23.1789
-38.3783
37.3193
87.9145
12.4507
80.1117
200.481
-23.2708
-20.8343
124.976
-83.7905
-1.53471
62.607
-123.679
10.7284
30.5683
-133.714
2.21086
-4.77509
-139.836
-21.9936
-28.8933
-135.998
-35.9946
-54.0155
-132.04
-34.8609
-83.0872
-135.71
-28.9071
-109.918
-138.661
-23.3293
-131.427
-136.551
-15.8855
-146.878
-131.734
-9.27735
-158.031
-127.14
-3.06631
-167.174
-122.016
2.49737
-171.261
-114.579
7.32091
-171.535
-107.257
11.0636
-170.671
-100.852
14.5639
-173.409
-97.1323
16.6185
-173.075
-92.0733
18.7534
-170.783
-86.4554
20.5532
-166.085
-78.3962
21.6505
-163.921
-70.2975
22.0451
-162.884
-63.53
24.7279
-147.096
-50.9286
33.81
-79.0091
-16.896
38.7716
-3.24008
19.6496
38.0158
53.5362
46.147
64.6096
85.6123
58.838
131.901
90.0949
-26.9182
-80
22.801
-77.2734
-27.0471
-25.0444
-101.002
14.1805
-56.5175
-103.323
29.0289
-74.6482
-101.034
27.9563
-86.8532
-99.4426
24.9384
-94.1401
-97.0235
22.9729
-102.506
-98.1278
21.3781
-111.944
-100.444
17.5986
-121.815
-100.246
14.7828
-130.239
-98.926
12.6007
-137.361
-97.1731
13.3378
-141.297
-91.8566
15.2245
-142.249
-84.2651
16.882
-142.31
-76.9615
19.1054
-139.474
-69.1155
21.697
-136.666
-59.9996
25.1405
-132.559
-52.3475
28.0655
-124.106
-42.4643
29.7652
-105.532
-26.3873
30.9022
-78.294
-5.06195
32.8398
-49.4876
17.3365
35.2846
-14.9694
44.9725
40.0169
32.0214
74.6754
64.8987
103.145
85.1525
-87.1529
35.0366
30.3012
-53.7799
-12.05
-7.19765
-37.5451
-37.8825
-28.1692
-27.435
-45.9529
-36.545
-15.841
-53.643
-44.1287
-4.50825
-59.2873
-44.6759
5.93915
-63.2383
-42.5678
15.1036
-75.9331
-42.2831
26.7782
-93.5768
-42.709
30.1905
-115.975
-47.7643
26.5449
-128.587
-49.1657
21.034
-127.744
-45.9144
14.4182
-116.12
-38.749
7.73792
-96.3972
-28.9535
3.34963
-79.8658
-20.931
2.1779
-69.178
-15.8063
5.31295
-47.7438
-8.34644
8.43584
-9.26104
8.6746
16.0161
24.8598
26.5406
26.7879
46.1704
41.8276
42.5216
47.223
51.0625
54.9294
42.4289
52.1613
66.0943
42.9406
50.635
71.9554
34.0791
44.579
73.0994
-10.9803
103.889
6.65454
-28.2286
90.065
7.7151
-33.0205
84.6155
8.63316
-29.6774
84.6108
6.99621
-22.2173
83.5952
4.32256
-12.6653
82.3391
4.16687
-1.66635
81.2977
4.06937
9.39424
79.5044
2.85809
24.7755
79.4551
8.28377
56.6798
86.3336
21.0953
