-23.9604
-25.4583
11.595
-32.3059
-30.8593
19.0039
-19.6864
-23.5221
32.4594
-21.8562
-10.0887
15.9937
-72.0089
-29.3505
20.9037
-88.1427
-33.3593
28.584
-62.3524
-22.2832
35.9274
18.7253
19.0286
6.40585
-51.8159
-4.69426
8.79036
-101.819
-20.7735
15.2699
-124.232
-27.3534
22.8594
-116.518
-24.1076
28.9492
-77.1537
-8.75888
28.0233
60.7604
39.9431
-4.17034
-4.26912
23.9312
-5.66193
-64.9377
5.15059
-3.05108
-112.753
-12.187
3.82194
-142.172
-23.9499
11.9635
-152.9
-30.0633
18.8151
-146.947
-31.525
22.2663
-127.134
-27.7182
20.0166
-97.9462
-19.9159
9.53787
-56.0326
-3.92986
-7.146
4.71261
23.0804
-2.25442
-58.7744
-1.96613
-2.12048
-110.284
-22.2854
1.70091
-146.161
-37.6565
7.14198
-168.506
-49.6196
12.8718
-179.031
-58.3687
17.841
-178.772
-64.7867
20.3083
-168.168
-67.2036
19.3512
-143.996
-60.4445
13.139
-106.291
-42.5369
3.21186
-64.3674
-23.821
-5.65913
-23.7116
-5.54946
-16.6094
3.94336
6.10575
-25.2461
-28.4437
-10.0078
4.57347
-81.7046
-34.6368
2.17707
-122.959
-53.5477
1.83051
-152.943
-67.4327
3.65446
-174.014
-78.0128
7.31622
-187.299
-85.4661
11.936
-192.899
-90.6705
16.2898
-190.469
-93.0361
20.057
-178.711
-91.7503
22.651
-156.406
-86.6605
23.5683
-122.075
-75.8954
20.8003
-73.347
-56.5365
14.6867
-27.2047
-35.0745
3.6573
16.5322
-9.45446
-9.58126
49.5283
-0.0569785
12.5103
-8.71846
-29.2066
3.7491
-60.0474
-53.606
-2.23155
-99.6533
-72.1227
-4.73312
-129.31
-85.5086
-4.56018
-150.473
-95.2651
-2.912
-166.032
-102.305
0.0765066
-176.637
-107.648
4.11023
-182.666
-111.165
8.52056
-183.804
-112.622
13.0529
-178.286
-111.353
17.1032
-164.037
-105.981
19.7191
-139.797
-95.7107
20.4421
-102.576
-78.8446
18.9774
-60.9218
-58.9488
15.0969
-22.8474
-39.1248
8.95042
2.32892
-22.9892
2.96079
35.1523
-20.2121
11.4928
-8.15287
-43.4835
3.55481
-46.3191
-63.3862
-2.91259
-78.4391
-78.9967
-6.87981
-103.687
-90.7586
-8.9036
-122.72
-98.9577
-8.93035
-136.433
-104.424
-7.84171
-145.861
-107.816
-5.97986
-152.011
-109.586
-3.2101
-155.29
-110.116
-0.0508883
-155.762
-109.389
3.38674
-153.072
-107.443
6.8671
-145.748
-103.628
10.4062
-132.312
-96.6659
12.8194
-112.172
-86.232
14.3891
-85.5416
-72.008
14.2735
-57.0051
-55.3407
13.511
-28.2349
-37.4428
13.0639
-3.44739
-20.3506
13.0814
89.2972
2.13321
6.42741
81.2201
-7.22666
4.16898
62.6441
-19.7041
-0.577779
44.8715
-29.594
-4.34501
25.9476
-38.3646
-7.02483
7.58708
-46.6821
-8.01857
-11.1847
-56.1972
-7.43293
-30.6818
-66.8988
-9.03122
-49.601
-76.1889
-10.8651
-67.3854
-83.8099
-12.3413
-83.2378
-89.6857
-13.0569
-96.0191
-93.7817
-12.8747
-106.577
-96.087
-12.5141
-114.39
-97.0159
-11.4778
-119.608
-96.5889
-9.97948
-122.338
-94.9345
-8.32764
-123.323
-92.4239
-6.47118
-122.132
-88.6685
-4.18981
-118.51
-83.6727
-1.93554
-112.148
-77.2578
0.623169
-102.994
-69.3046
3.68694
-90.7977
-59.9821
6.72825
-74.271
-48.5207
10.2669
-52.2277
-35.2508
13.703
-29.5985
-21.9719
16.633
-11.0832
-10.886
19.5537
-4.38046
-5.70274
20.0776
60.9977
-9.65075
-38.6177
42.1987
-22.2257
-36.8839
21.1412
-34.4923
-31.8448
2.47869
-44.0009
-27.3987
-14.3767
-51.6018
-23.7106
-29.5679
-58.1356
-20.071
-42.8165
-63.3478
-17.3652
-54.7095
-67.8316
-15.5367
-65.0438
-71.2482
-14.2055
-73.9596
-73.2785
-13.4207
-81.231
-74.3239
-12.3536
-86.8706
-74.1698
-11.4244
-90.6837
-72.8483
-10.5207
-92.4259
-70.4535
-9.21332
-92.6151
-67.0807
-7.76681
-90.4117
-62.6867
-5.98418
-86.674
-57.0558
-3.73944
-80.7273
-50.7642
-1.37599
-72.5151
-43.5836
1.12956
-61.4137
-35.092
3.99006
-48.5932
-26.0432
7.1648
-35.0169
-16.7442
10.3248
-21.4419
-8.28597
13.6401
-9.23689
-1.48744
16.9851
47.5055
19.613
-48.533
31.3263
12.5316
-42.2565
14.9075
5.22308
-36.3397
0.723747
-1.14835
-32.0663
-11.0465
-6.28491
-28.3206
-21.1541
-11.6542
-25.3202
-29.3094
-15.95
-22.2999
-36.6218
-19.3288
-18.7401
-43.5128
-22.5949
-16.8125
-49.5384
-25.7373
-13.8898
-54.8485
-27.9215
-10.7582
-57.8251
-28.2044
-7.89974
-57.8936
-27.2836
-5.59433
-55.1086
-24.9417
-3.26837
-50.0343
-21.6457
-1.06378
-43.6091
-17.5419
1.50444
-36.1354
-12.8992
4.7704
-26.9267
-7.83484
7.81023
-16.8174
-2.54542
10.2899
-6.82597
2.48691
12.7247
0.994638
6.28854
14.9605
5.79038
8.161
16.2326
9.1902
8.62138
16.4821
10.7812
8.18022
15.1692
10.59
7.29483
13.084
-3.79491
25.6871
-5.96025
-5.92249
23.1625
-2.11827
-6.72476
21.8325
1.04181
-5.93464
21.3281
3.66446
-3.94683
20.6171
5.36114
-0.863822
20.1556
7.4722
2.95593
19.7259
10.2613
6.85935
19.2278
11.9602
10.2267
18.3958
12.6251
13.5309
17.5571
13.2571
