-86.9916
-125.729
13.0251
-117.973
-117.919
25.7669
-41.9904
-88.6533
128.303
-84.7372
-52.5034
28.2289
-245.445
-83.0492
50.8695
-287.824
-77.1621
59.9328
-175.464
-44.0081
104.227
30.1724
25.7149
-29.8955
-162.841
-18.9138
9.64763
-277.999
-50.6531
27.802
-319.857
-52.5314
46.882
-293.669
-30.5871
72.352
-162.195
12.2095
106.209
111.072
91.7332
-89.7589
-36.0135
57.7741
-27.0791
-168.169
16.0982
-4.61429
-257.041
-10.9627
12.4339
-301.488
-23.4377
30.6575
-313.876
-27.0078
52.4111
-298.168
-31.9796
74.4265
-256.846
-40.9791
86.1585
-205.34
-47.1628
59.7658
-98.8457
-13.9037
14.5603
-17.5372
94.8846
-17.17
-148.492
34.9896
4.08421
-229.644
-2.71613
13.7971
-274.348
-26.3192
23.9954
-300.247
-45.9674
35.8128
-315.57
-65.8633
49.6515
-323.686
-91.5763
59.5856
-324.135
-118.418
68.0258
-288.136
-123.912
65.5447
-200.218
-95.3787
42.4304
-108.288
-63.5351
11.8102
-8.49421
-21.5072
-14.6932
54.5915
3.53417
-26.3431
-102.278
20.594
-8.32241
-196.451
-29.0754
-0.46749
-245.137
-58.4484
4.91175
-269.345
-75.1246
11.6043
-285.644
-87.9316
20.7468
-298.194
-98.4627
31.5374
-308.546
-110.612
42.0804
-314.104
-123.258
50.6043
-308.62
-133.548
56.6907
-287.85
-140.874
60.5448
-232.828
-132.622
58.1264
-109.431
-88.4042
46.5111
-0.278573
-47.1419
27.016
92.9699
-4.48444
19.6393
74.4844
34.5134
-8.33346
-71.6337
-31.9277
-17.7994
-169.767
-76.299
-19.5167
-219.842
-99.7009
-14.1362
-242.258
-110.608
-6.55182
-249.84
-116.045
0.684753
-255.911
-121.472
8.49729
-263.83
-129.275
17.236
-273.316
-137.564
26.1389
-283.616
-146.136
35.7347
-289.468
-152.881
43.9531
-281.287
-152.667
49.1494
-251.001
-141.434
50.6676
-168.71
-105.343
47.7356
-72.8089
-62.144
39.5441
8.56389
-27.6564
32.0614
72.5208
-4.43984
30.9582
48.6359
-4.61086
-11.2782
-56.9614
-53.5911
-22.885
-127.096
-86.7161
-26.4449
-172.29
-106.634
-23.8703
-196.067
-117.648
-18.8671
-208.031
-122.869
-12.3284
-212.391
-124.594
-6.18241
-213.43
-125.041
0.133864
-214.833
-125.604
6.95014
-217.396
-127.066
13.5791
-221.095
-129.5
19.9434
-228.373
-134.69
26.4211
-230.35
-138.735
33.6992
-220.506
-137.525
39.5908
-193.45
-128.166
43.0386
-142.325
-106.212
40.905
-83.7874
-77.4247
36.6923
-11.1573
-40.5977
37.5411
66.897
-1.75672
56.999
162.663
-7.70068
-14.6608
124.281
-43.865
-6.69933
74.2281
-77.2526
-3.34894
39.7171
-93.2267
-6.60026
5.6269
-102.79
-16.2131
-21.5473
-106.845
-22.2125
-47.5592
-111.884
-21.5377
-75.2101
-120.125
-22.444
-100.888
-125.606
-21.5273
-122.697
-127.535
-18.5341
-139.444
-127.069
-14.5677
-150.75
-125.086
-10.149
-159.302
-121.782
-6.54791
-163.929
-117.344
-2.85191
-165.541
-112.33
0.648224
-165.682
-107.465
3.74515
-166.868
-103.611
6.08205
-166.263
-98.8338
8.40464
-163.992
-93.4
10.4022
-159.274
-86.1819
12.3531
-153.136
-77.7118
15.0298
-142.985
-67.8528
18.5989
-119.252
-51.9748
24.8545
-66.8937
-24.763
30.5808
-8.451
4.60636
37.2168
38.9547
26.9864
57.2866
60.3836
34.9044
79.923
91.4186
-13.2438
-73.7588
40.8119
-50.898
-43.6807
-3.41839
-77.6931
-14.3855
-34.7141
-89.9714
0.689528
-56.5788
-95.3267
6.1344
-72.7034
-98.2059
9.34663
-84.0595
-99.1233
10.6924
-94.4596
-100.811
10.7919
-104.161
-102.308
9.58879
-113.241
-101.891
7.87846
-121.011
-100.694
7.21197
-127.34
-98.4626
7.01038
-131.301
-94.15
7.1208
-132.53
-88.4864
7.59965
-132.53
-82.3948
8.26942
-129.803
-75.4418
9.4733
-126.12
-67.0111
11.5323
-120.017
-58.5439
13.5049
-109.627
-48.2403
15.0871
-91.4976
-33.6017
17.4227
-67.2267
-15.8059
20.6747
-40.2659
3.60962
24.528
-10.0454
24.0098
31.7836
22.4234
41.832
47.2411
92.8502
65.094
-78.2706
45.9891
33.753
-52.5322
6.88415
7.63463
-36.1538
-19.0854
-10.1382
-27.0801
-33.769
-20.413
-18.9858
-44.9136
-29.6628
-12.2003
-53.0096
-34.182
-5.56276
-60.4561
-36.3164
1.84998
-71.6652
-39.0604
6.73049
-85.0125
-42.4904
9.99074
-99.986
-46.4274
10.4405
-108.774
-46.6152
9.5522
-108.861
-43.9043
7.45401
-100.969
-38.1776
5.04069
-87.2433
-30.7209
3.47965
-73.0404
-23.0473
4.00535
-59.3593
-15.5168
7.40662
-39.4555
-6.1659
11.3716
-12.5734
7.16826
16.6745
12.5267
20.926
23.656
29.551
32.0706
32.2455
34.8306
37.886
38.5498
35.7883
38.4956
43.1688
35.7738
36.4854
43.7566
31.542
31.9526
40.8151
-3.94411
66.7273
4.1613
-12.926
58.4123
8.01902
-16.6671
54.7406
10.2846
-15.3887
54.7439
9.56061
-10.4728
54.476
7.66029
-2.87177
54.6397
7.97266
6.64932
55.0641
9.66633
16.995
55.1278
10.8033
27.8316
54.8948
13.4964
43.1017
56.044
18.9685
