-77.0471
-18.9175
158.329
-278.464
241.123
-33.3752
-142.855
0
131.619
-182.745
-36.0296
102.814
-447.625
-71.7346
0
-533.581
-0
115.258
-448.163
137.205
234.168
0
0
15.4927
-260.037
-0
35.7807
-410.013
-0
41.5296
-437.893
0
0
-426.877
0
42.6625
-292.59
218.28
247.071
0
54.1648
-0
-22.7469
51.0672
22.055
-242.022
4.21495
0
-370.579
114.93
0
-389.472
74.8846
22.5168
-383.893
0.00908513
66.2378
-393.692
31.3498
43.164
-342.779
0
261.826
-327.483
-123.302
73.7875
-202.312
-31.9409
-0
-55.575
196.267
19.4367
-214.548
20.189
0
-334.578
141.255
21.7089
-311.725
0
57.7615
-332.37
0
87.4739
-357.568
-0
139.277
-367.324
-23.5273
0
-419.745
-61.3874
26.8782
-324.877
-291.604
92.3992
-223.665
-102.282
73.9074
-87.1023
-261.394
-0
0
-0
-0
12.2192
0
0
-174.943
34.6961
0
-293.06
0
0
-322.03
-0
0
-323.184
-0
8.36569
-277.665
-128.514
0
-335.763
-7.77566
0
-356.712
-0
140.231
-375.752
-19.5557
100.189
-349.893
-109.057
0
-287.885
-316.789
25.6963
-320.247
-300.302
161.029
-137.788
-4.79306
52.2913
-0
-0
0
0
-0
-0
-0
-0
0
-194.317
-25.7817
-0
-287.798
-116.709
-2.8576
-356.523
-0
-0
-365.382
-0
0
-342.616
-25.5899
0
-353.764
-5.11996
0
-322.489
-137.687
1.80921
-341.804
-121.018
22.7681
-409.079
-8.04627
134.121
-400.479
-71.6323
221.306
-295.216
-281.444
142.333
-356.15
-206.263
0
-273.458
-0
0
-86.9652
-0
0
-0
0
0
0
1.93678
9.44958
-0
-15.4887
0
-136.429
-109.371
-0
-197.614
-120.094
-0
-274.894
-35.8657
-0
-292.047
-23.8107
0
-311.259
-0
7.78346
-308.644
-0.342071
14.3058
-265.92
-83.7547
45.0869
-283.126
-50.8549
50.2507
-239.498
-151.228
28.8198
-268.798
-72.1285
0
-263.038
-127.94
1.14556
-313.745
-14.8731
1.26049
-252.351
-148.294
13.8508
-294.699
-58.0631
10.8185
-182.919
-109.76
0
-80.4638
-229.605
0.380853
-30.5492
-0
3.23669
22.1571
0
16.3153
369.489
-0
0
87.0255
-179.885
0
40.4579
-121.388
0
84.4668
-261.21
0
14.5982
-222.32
0
0
-208.945
-0
-0
-217.174
-0
-48.828
-164.003
-0
-44.0833
-238.292
-0
-101.797
-139.633
-0
-129.459
-92.5744
-0
-156.896
-56.5666
-0
-156.492
-71.0338
0
-133.085
-102.709
45.2401
-129.146
-93.2311
45.7018
-134.727
-61.5191
43.3276
-146.724
-54.1363
18.5984
-132.803
-88.2562
12.3904
-178.003
-0.644133
0
-134.666
-92.9945
0
-179.275
-0
0
-169.576
-55.1732
0
-161.096
-115.491
83.7991
-82.5877
-5.587
37.9071
0
-0
21.792
28.1676
-0
0
-0
-0
249.112
1.90259
-45.1682
-0
0
-156.786
0
-0
-225.25
20.1277
-71.1337
-120.43
47.7901
-125.348
-24.7405
0
-51.9005
-202.88
0
-110.822
-70.6936
-0
-110.584
-96.5917
-0
-168.951
-0
-0
-185.896
-0
0
-195.767
-0
0
-153.191
-98.0819
0
-156.019
-105.802
21.2487
-199.625
-0
44.8655
-193.191
-0
66.7332
-183.865
-0
65.7778
-175.031
-0
91.5955
-155.127
-25.9427
105.453
-157.604
-0
120.894
-129.678
-0
118.415
-82.4569
-0
51.0277
-37.5204
-0
92.2921
-0
0
101.591
25.0088
49.8739
122.145
105.871
31.0066
-75.577
0
-0
-90.2619
-39.111
-0
-49.2465
-78.4637
-32.029
-47.1694
-5.30918
-166.353
-51.3469
-98.7784
-0
-1.35423
-108.482
-0
0
-95.5937
-0
20.4321
-115.166
-0
97.5179
-133.811
0
115.759
-174.52
0
28.8752
-186.259
0
0
-175.267
-0
0
-158.441
-0
0
-117.459
-0
0
-89.5585
-0
0
-92.3263
-0
0
-60.6032
-0
16.653
0
0
98.9921
38.54
0
55.0056
89.7855
0
77.0355
53.1809
71.4825
58.3434
45.1391
16.4356
158.957
82.7412
0
139.351
0
0
112.803
-323.293
834.682
-0
-0
0
-45.3495
-50.6481
109.486
-0
-43.9472
97.9692
0
-38.8461
96.9363
31.1541
-56.6516
148.306
29.4178
-0
51.4945
43.9605
-0
45.0253
38.3728
-0
37.1107
0
0
164.069
60.0545
