0.344941
-186.587
453.071
-350.279
494.877
32.0142
-209.249
156.161
-219.063
-169.341
-87.3485
166.489
-294.465
-372.174
-156.4
-672.442
359.322
247.407
-475.918
284.584
310.072
23.4859
15.5724
136.388
-271.318
-33.6793
-4.01437
-348.67
-151.4
124.909
-582.133
163.209
-115.28
-534.562
151.719
158.713
-327.336
354.76
238.635
-20.6783
28.185
80.8413
23.8521
-49.3301
3.53818
-247.164
52.0222
125.493
-198.65
-197.356
24.673
-529.9
428.227
193.445
-458.117
200.898
-168.792
-322.862
-43.974
-50.4468
-222.03
-185.295
428.007
-402.876
124.033
170.583
-135.942
-146.961
-164.202
-19.2443
89.9654
38.3476
-170.54
-46.1533
-79.4457
-179.046
-75.6368
0.689195
-398.03
324.061
-143.337
-421.899
358.235
206.773
-164.184
-334.258
183.014
-229.614
-211.016
-135.217
-428.577
30.0092
114.656
-236.878
-446.601
531.632
-370.022
227.455
172.002
-151.826
-140.927
-242.327
149.027
-373.365
-48.4617
-56.7247
144.379
77.2169
-108.691
-40.9269
-42.4739
-366.939
201.515
-78.3771
-221.904
-205.701
-292.215
-445.002
214.727
-51.8258
-247.704
-271.173
45.7436
-441.974
220.397
143.925
-246.708
-293.545
236.925
-232.009
-440.921
374.14
-451.203
126.379
-15.1744
-525.47
236.092
21.5257
-293.737
-310.292
442.941
-46.6548
-162.203
103.493
8.39463
-1.55568
-128.973
44.0647
17.895
-60.6323
-130.416
172.295
-68.0383
-151.829
-116.371
-129.83
-268.061
-157.769
-69.792
-447.007
154.845
11.4455
-403.988
37.671
125.803
-317.139
-226.283
41.752
-498.953
171.646
24.4076
-265.781
-404.273
44.5732
-224.283
-465.53
325.81
-575.635
348.784
-51.8235
-425.158
-29.1102
33.8928
-368.825
-151.994
271.359
-419.903
-18.3832
-34.5357
-209.572
-71.6956
66.1001
-143.857
149.243
117.926
56.0324
-167.304
-48.2706
27.2868
129.175
38.0454
-189.298
265.918
-104.124
-127.97
-134.979
-56.3256
-209.601
-138.08
94.3483
-250.916
-153.174
32.2877
-361.006
34.0387
3.4231
-156.624
-372.7
114.573
-450.164
318.881
134.406
-164.743
-268.142
111.107
-174.123
-227.741
197.483
-258.889
-16.1148
-352.566
-299.483
57.598
-71.8393
-186.724
-253.368
63.6949
-416.471
219.338
-177.124
-182.545
-287.652
111.025
-192.089
-279.311
203.338
-338.474
210.048
124.963
-303.509
250.628
-22.4319
246.652
-712.614
-63.7777
-104.923
403.922
137.534
304.072
-314.523
-12.9051
-67.1585
141.755
-53.5389
282.638
-655.035
114.509
-55.1185
17.2154
240.269
-116.327
58.4535
-10.0312
24.638
-250.755
-84.1334
-161.699
117.462
-205.735
77.727
-454.114
18.1351
-67.7313
-206.984
152.604
-3.78293
-366.36
57.3154
-217.699
78.417
76.928
-184.922
-19.0233
11.4321
-112.578
-159.13
-186.61
-42.3297
-290.437
-126.59
-73.4798
-157.974
68.2432
-265.701
281.834
-199.572
-106.63
-110.572
150.668
-56.6512
-279.365
44.2589
-264.283
146.197
-83.7534
-127.397
-162.662
176.211
-80.613
-245.057
88.9841
-115.93
-193.553
16.2924
-328.094
230.009
95.3303
-179.631
187.048
329.378
-128.436
301.807
125.279
182.661
-281.772
-209.764
-135.129
248.195
254.282
368.672
-850.437
-4.01158
-215.883
345.061
-147.649
-150.935
126.498
24.4412
-238.561
272.459
-41.0208
115.209
-502.373
158.093
-5.88978
-263.564
97.5741
27.8698
-332.693
-5.55576
-142.82
20.8437
38.7833
-62.4693
-181.356
17.4818
-418.405
541.623
42.6653
-244.254
141.7
22.9341
-114.03
-201.647
-91.1295
-144.108
-181.62
-241.639
-46.6362
-415.346
228.04
-122.039
-245.141
162.575
-412.069
409.158
171.509
-136.016
-138.465
220.513
-180.081
-20.0477
72.7255
-85.8763
-170.536
108.36
-164.979
74.3758
92.8109
-191.654
224.691
16.7912
80.1828
-270.982
8.75445
-111.622
238.959
337.486
-179.683
576.051
372.481
-306.557
731.162
-172.589
264.22
-599.773
68.724
-123.783
98.2937
-7.57976
12.9184
-246.511
-58.8888
-133.558
81.0348
-43.2689
47.2065
-324.256
-56.2414
-187.131
149.78
-14.8387
-190.013
185.219
22.8814
-115.449
-16.5472
213.016
-232.925
235.203
266.231
111.447
-558.72
388.357
-141.773
-51.2625
-39.7621
-137.273
-22.8013
-121.698
-83.6896
-93.1006
-64.2358
-148.215
139.074
-46.8406
-115.532
138.037
-16.0672
-59.4612
21.4071
-122.075
143.369
-372.505
-100.169
45.2123
-25.2987
171.998
144.384
-106.537
195.377
123.607
-7.10594
-85.9245
34.6224
227.935
5.62052
-229.485
748.724
282.91
503.692
-782.546
200.731
98.346
381.766
479.973
-285.721
741.278
-276.929
-79.4164
231.498
-81.9931
-28.4692
108.035
-26.5426
79.0704
-138.175
-36.7738
-92.8938
200.344
4.79557
-112.02
254.092
-10.6264
-98.0531
227.49
88.0696
120.96
-226.652
12.7221
254.602
-497.648
-88.5052
-289.903
687.843
-124.56
