-86.8655
-44.7013
277.63
-290.449
294.532
-62.4305
-230.398
135.672
23.6954
-172.411
-70.2902
141.056
-397.224
-156.161
-50.4696
-555.981
65.6659
257.812
-496.931
294.687
191.322
5.49186
39.9445
94.7119
-254.133
-59.6959
-9.31683
-374.577
-67.4251
95.1586
-449.319
27.3971
-105.878
-488.442
156.193
154.721
-271.377
238.734
246.61
3.10495
9.10481
64.0634
-28.7476
62.0371
22.5835
-244.189
33.8773
37.6504
-324.477
46.1305
-93.9145
-385.755
88.1182
66.7515
-416.229
74.3357
-14.8834
-380.313
49.2055
105.248
-307.34
-31.1832
339.447
-334.355
-82.6827
185.143
-212.632
-33.6243
-67.6999
-58.6715
174.434
24.9899
-239.897
98.3061
-52.2979
-290.997
65.3698
64.1148
-317.225
31.0463
-21.4255
-365.985
70.7501
127.489
-329.218
-78.8935
134.537
-343.188
-64.89
-16.2533
-401.789
-68.733
76.1039
-344.989
-206.035
272.624
-225.861
-81.1434
161.052
-144.848
-134.549
-72.2696
42.4239
-86.8507
-88.695
29.788
-38.187
27.8105
-178.947
70.2329
-36.7157
-299.081
29.5588
13.1775
-291.498
-52.3152
-58.4064
-305.744
-35.7884
59.3376
-290.955
-98.9758
10.4305
-347.805
16.9751
39.0944
-332.654
-64.2863
133.994
-319.222
-158.368
127.402
-359.58
-75.7529
-10.5946
-354.613
-126.45
50.4463
-347.136
-188.829
233.732
-77.854
-96.1743
160.341
37.0965
-30.7703
-9.26979
43.0058
7.6339
-49.3492
-80.8682
66.0812
-7.3398
-193.889
-34.2229
-74.0702
-293.932
-103.153
-38.2245
-344.939
-30.2614
-10.7325
-351.259
-29.8364
71.9599
-323.95
-70.068
-19.8192
-348.541
-29.2272
35.6097
-333.991
-112.032
55.6391
-334.888
-137.64
77.5275
-394.743
-31.7698
87.0731
-397.75
-85.3313
171.794
-359.039
-156.582
147.959
-398.32
-122.614
-4.52689
-232.328
-81.1496
1.81982
-67.8913
-30.4938
90.8759
-33.5862
46.9094
58.7427
16.3288
108.321
44.5715
-90.7363
23.5102
-30.1237
-182.635
-12.1584
-44.5865
-226.6
-77.9706
7.53363
-262.311
-81.9607
-16.524
-270.969
-92.0223
1.11288
-282.761
-73.7765
-16.6861
-292.898
-43.0509
82.8864
-264.759
-84.1009
47.2292
-256.781
-99.1287
62.4275
-274.18
-55.4916
21.9334
-256.857
-73.1963
18.9863
-270.212
-98.8434
-4.16345
-311.337
-32.9105
1.02549
-291.545
-83.2567
108.87
-273.583
-130.338
118.259
-202.274
-105.077
-12.3554
-177.116
-53.3869
-16.6211
-10.1223
-145.243
15.5426
-19.8449
202.764
111.454
318.198
-149.831
35.431
65.0523
-121.96
-25.4128
107.316
-261.988
61.5073
42.1352
-165.565
114.906
2.59266
-183.063
35.3688
-1.09637
-192.548
14.0922
-49.3521
-112.45
-51.0777
-61.7918
-133.839
-32.9451
-78.7718
-167.26
-8.4728
-92.0869
-166.263
-26.1628
-130.95
-99.3553
0.263927
-122.712
-137.594
-23.2509
-117.912
-167.388
24.0305
-124.299
-142.425
-27.9257
-132.165
-102.004
35.0232
-156.316
-27.3244
6.47641
-158.262
-46.0788
21.1636
-152.264
-71.7431
27.6731
-162.483
-65.7625
54.8307
-141.967
-103.77
93.428
-152.347
-75.2743
50.9422
-192.499
-11.0684
60.8242
-214.901
11.7786
145.765
-127.136
71.3359
111.608
-52.0576
117.468
16.2268
45.6595
24.5373
-122.746
1.52825
67.4631
241.386
132.683
-356.377
-30.2029
-7.19561
-113.708
-41.5082
-48.1121
-88.5767
46.0708
-122.75
23.5136
14.8567
-82.959
-70.6565
43.4548
-79.551
-99.9387
41.3679
-95.929
-71.9957
24.9006
-113.094
-62.2973
35.9703
-106.886
-112.585
15.628
-134.816
-79.0204
62.935
-163.689
-45.2193
1.03681
-171.633
-59.8301
42.5859
-176.624
-71.361
-13.4569
-153.648
-121.433
61.7511
-164.323
-102.842
114.144
-174.478
-52.0422
153.349
-171.512
-25.7327
142.948
-174.359
3.75056
105.337
-158.97
9.29348
114.244
-127.404
11.4007
92.5003
-104.779
71.3999
35.6778
-64.5342
71.1063
90.9795
-80.3197
181.226
170.7
-8.57044
232.473
215.354
-8.09821
186.288
-178.336
27.3773
-74.5908
-63.5261
-59.7554
-22.5419
-45.3374
-88.3666
-29.6102
-29.1571
-70.4248
-46.3855
-3.55221
-61.5321
-85.8943
25.4263
-86.1429
-41.0227
63.8221
-73.1406
-30.6434
24.0107
-77.0519
-70.5034
112.33
-56.823
-114.381
108.163
-93.8542
-113.886
199.06
-151.708
-14.073
97.3524
-141.307
1.0288
-1.08107
-114.555
-5.99591
-71.8296
-75.1529
5.22926
-79.34
-38.8585
-12.8105
-46.4658
-41.3105
-7.00225
-35.824
-18.9257
-24.4821
-14.6675
49.525
-9.70085
68.6042
110.769
-33.651
56.2382
128.824
7.32967
64.9152
76.357
134.642
80.4994
68.3322
104.292
252.818
171.234
-83.064
185.621
232.262
30.9244
411.298
-186.74
469.461
-187.19
-109.8
254.336
-154.071
-71.5738
170.174
-78.4639
-55.4022
124.868
-0.681036
-47.4637
108.6
16.9523
-40.9314
97.4507
0.289494
-34.2344
94.7314
14.4389
-15.5429
45.5689
1.01745
-9.4714
39.1321
-19.1128
-20.5061
133.376
7.18777
