-49.7797
-0
0
-228.497
0
-0
-0
0
280.549
-200.114
-0
41.9852
-474.16
-49.9211
131.771
-537.922
-0
9.7195
-412.496
0
125.815
0
0
0
-232.278
-0
51.9708
-388.896
-0
0
-414.759
0
60.1909
-409.067
0
22.0848
-237.143
33.9772
208.76
0
82.1099
-115.238
-0
12.1061
0
-266.996
44.7118
0
-380.333
123.737
0
-372.982
0
18.9284
-388.706
0
141.946
-367.675
0
65.4759
-332.6
-0
168
-310.272
-135.902
0
-152.217
-0
-0
-0.113506
158.564
0.0464001
-241.826
64.3884
0
-306.374
49.2309
32.0075
-303.051
0
88.8962
-329.431
-0
26.3666
-349.529
-0
80.8912
-372.037
-0
0
-401.668
-106.432
20.1064
-297.952
-380.584
84.3909
-253.413
-52.6211
65.2261
-80.3223
-234.432
0
0
-0
0
0
0
0
-160.151
0
0
-291.899
-0
0
-310.108
-0
0
-301.551
-51.2514
0
-339.116
-0.460828
0
-321.11
-66.3211
0
-372.598
-0
104.953
-351.374
-87.4291
110.729
-337.881
-142.597
0
-312.865
-263.637
0
-316.69
-310.972
128.673
-117.771
-21.1795
42.4517
-0
-0
0
0
-0
0
-0
0
-0
-179.932
-0
-0
-275.82
-131.72
-0
-349.97
-12.7214
-0
-342.285
-43.0858
0
-340.563
-22.812
0
-357.139
-0
0
-330.075
-96.3291
15.9343
-327.556
-128.719
12.8373
-364.77
-75.9953
84.7589
-379.686
-91.0172
148.72
-291.976
-270.762
105.034
-330.591
-249.998
0
-249.257
-41.0952
0
-69.2216
-0
0
-0
-0
0
0
0
0
-0
-0
-0
-125.517
-78.5179
-0
-190.447
-137.941
-0
-267.434
-47.8447
-0
-285.171
-37.6983
0
-294.852
-31.5376
0
-300.407
-12.262
0
-302.292
-0
8.93744
-275.615
-54.8444
0
-245.825
-129.694
6.76291
-247.554
-114.956
0
-266.286
-128.383
0
-292.266
-80.4702
0
-261.971
-147.112
0
-273.497
-127.992
0
-181.639
-128.752
0
-109.217
-187.057
0
-4.35815
-2.03231
0
0
-0
0
440.625
-0
0
19.9408
-0
0
93.184
-222.924
-0
77.2388
-240.749
-0
17.0802
-242.634
-0
0
-202.095
-0
-0
-193.028
-0
-26.0938
-190.786
-0
-60.255
-192.223
-0
-88.1716
-159.102
-0
-113.083
-119.861
-0
-149.992
-60.7497
-0
-146.41
-83.1269
0
-154.538
-55.707
10.8454
-171.842
-8.9246
25.1011
-118.93
-109.371
56.7454
-153.014
-63.3895
33.5926
-129.631
-113.73
5.91259
-171.431
-33.1897
0
-129.58
-115.492
0
-173.065
-23.5779
0
-163.477
-72.4595
0
-160.875
-126.371
22.5216
-68.9573
-0
12.4162
-0
-0
0
0
-0
0
0
-0
131.204
10.3293
-0
-0
0
-99.8341
-0
-0
-224.245
0
-40.9402
-169.861
0
-123.333
-31.8736
0
-57.5599
-201.626
0
-128.004
-47.7848
-0
-118.794
-89.2249
-0
-146.565
-52.7674
-0
-185.823
-0
-0
-197.754
-0
0
-196.468
-7.49216
0
-138.676
-141.442
47.93
-197.408
-0
57.3182
-188.748
-0
62.4403
-177.493
-0
67.0472
-157.835
-26.032
75.0034
-134.992
-57.4631
84.549
-154.397
-0
88.7081
-125.168
-0
75.9609
-86.0527
-0
43.9959
-17.883
-0
59.4594
-0
-0
60.5886
0
0
100.509
156.498
0
-50.4462
0
0
-44.1233
-0
-0
-48.5847
-70.0525
-15.8136
-46.0463
-17.3981
-111.279
-48.1992
-88.5979
-0
-0
-97.6752
-0
-0
-94.6176
-0
0
-114.333
-0
55.9207
-137.152
0
112.657
-174.212
0
1.94246
-188.651
-0
0
-174.628
-0
0
-157.817
-0
0
-116.253
-0
0
-88.4901
-0
0
-99.0409
-0
0
-35.5604
-0
24.2965
-0
0
88.2
0
0
60.9641
82.2753
0
69.1707
53.2149
43.4028
41.3559
53.894
0
122.162
36.3601
0
100.316
0
0
0
-223.512
798.471
-0
-0
0
-0
-40.165
102.55
-0
-91.2016
213.323
0
-0
38.5399
0
-0
49.1449
24.1516
-0
61.2972
56.9312
-0
72.4858
28.164
0
53.8292
0
0
140.818
29.3392
