-97.0182
-55.8301
242.969
-285.82
298.423
-0
-279.535
142.094
27.7645
-153.645
-117.583
152.718
-427.863
-83.2475
-0
-530.26
0
158.621
-512.032
303.488
247.687
18.179
0
87.6156
-242.683
-60.1949
0
-386.939
-32.5339
41.9865
-432.093
-0
-2.05403
-489.417
151.832
80.7556
-280.946
237.85
260.395
3.66227
0
20.9328
-25.4739
59.6386
25.2863
-236.709
6.49502
0
-332.86
40.0943
-4.44175
-394.468
96.4696
1.82921
-424.054
89.0433
57.1056
-390.331
47.5155
105.649
-333.071
0
325.481
-346.779
-81.566
145.129
-207.855
-48.0315
-81.6985
-48.7819
156.865
21.6841
-220.104
38.3185
0
-313.055
99.8919
10.5127
-329.117
39.9541
25.9712
-338.321
0
95.1475
-354.884
-3.68026
170.076
-352.583
-38.3406
-0
-430.324
-0
62.9527
-335.71
-239.287
200.855
-226.471
-80.8373
67.7231
-67.8485
-313.197
-43.6655
0.654547
-0
-0
21.1162
0
0
-159.417
7.92808
0
-292.703
0
-0
-321.862
-0
-0
-326.159
-0
0
-274.257
-138.009
0
-345.004
-0
0
-363.948
-0
143.566
-363.07
-67.7604
140.743
-401.832
-0.669521
-0
-325.443
-226.59
76.0916
-301.489
-337.185
210.829
-139.023
-7.42425
56.1573
0
-1.1093
-0
8.12635
-4.14756
-27.5008
-47.5827
0
-0
-185.787
-53.7581
-0
-290.189
-120.798
-10.9173
-359.121
-2.07704
-0
-368.968
-0
0
-360.625
-0
12.8053
-336.54
-59.865
5.72657
-331.339
-143.059
58.7689
-364.013
-100.218
58.5387
-423.752
-0
111.647
-444.09
-0.920418
227.171
-314.261
-261.92
180.611
-392.849
-129.857
0
-276.485
-0
0
-88.421
-0
0
-11.5485
0
0
11.8706
33.6469
0
-48.4136
-40.2283
0
-159.884
-66.4779
0
-198.059
-142.711
1.65984
-285.724
-31.1469
2.3158
-300.734
-29.0621
-0
-317.668
-5.52968
10.6435
-295.42
-47.0179
45.4182
-249.877
-125.513
97.8658
-275.27
-69.046
53.9269
-282.683
-51.5243
19.9863
-264.138
-66.5241
0.033676
-264.518
-109.673
0
-315.564
-0
0
-277.454
-77.0084
33.0001
-295.764
-40.388
32.216
-180.484
-106.748
-0
-91.2233
-194.489
-7.26349
-31.5753
-39.1055
-0.108014
54.8125
0.0382052
31.974
335.669
-136.328
20.5121
14.6823
-23.3851
-0
142.68
-355.188
34.0678
5.03878
-101.539
103.32
1.56887
-202.829
24.9459
0
-224.854
6.64959
-19.4353
-188.594
-0
-47.0823
-178.557
-0.259136
-68.4013
-192.411
-1.33491
-82.1719
-186.161
-1.60869
-138.847
-78.7403
-4.71791
-158.628
-58.5847
-0
-142.192
-106.737
0.859826
-101.499
-170.607
27.983
-113.787
-117.427
10.0632
-153.838
-9.28606
14.6411
-168.425
-0
0
-127.122
-89.3731
0
-175.798
-0
0
-151.504
-49.5659
0
-176.581
-0
-0
-165.22
-57.7843
30.8051
-193.608
-30.531
114.871
-88.1949
-0
62.927
0
1.17587
39.5183
46.9681
0
-0
-0
0
217.776
117.733
-324.273
-4.37689
-0
-133.131
-29.7454
-34.7745
-118.865
73.7214
-112.715
-0
37.4853
-55.1576
-125.388
0
-58.7393
-136.25
0
-64.783
-125.101
0
-90.8255
-91.2538
-0
-114.868
-73.4073
0
-164.369
-0
17.6257
-174.794
-0
-0
-132.004
-108.878
-18.4384
-124.51
-146.218
-0
-189.21
-0
19.9145
-189.417
-0
71.4863
-177.912
-0
78.1481
-164.445
-13.978
95.9586
-163.599
-0
118.068
-155.421
-0
142.188
-125.157
0
111.505
-78.9271
0
66.6835
-37.2412
0
132.938
-0
0
150.572
-0
196.965
149.669
19.5719
130.658
-197.304
-0
-0
-82.3674
-71.9723
-0.303132
-50.0233
-62.8264
-90.1836
-44.1144
-72.4294
-57.5892
-42.0704
-62.7638
-102.622
-2.57659
-120.898
-0
6.22227
-104.532
-0
19.9849
-127.238
-0
100.105
-135.848
0
131.371
-178.143
0
65.1894
-192.878
0
0
-178.534
0
-0
-159.85
-0
-0
-116.934
0
-0
-89.9994
0
0
-90.0023
-0
2.25314
-64.2791
-0
41.8538
0
-0
101.594
60.2459
-0
46.9747
93.8296
0
64.1399
49.143
101.948
80.2987
33.4334
69.8135
212.599
95.3756
0
164.064
60.4647
0
272.758
-415.229
950.038
-57.5298
-0
0
-109.356
-0
0
-7.43792
-52.5663
101.454
0
-49.3976
107.038
27.6689
-64.8581
148.614
24.6704
-39.0147
115.97
32.5913
-0
25.4602
0
-1.82474
29.0106
0
-18.9614
171.956
58.9637
