-0
-175.4
0
-67.2791
-0
0
-0
-0
0.110195
-0
-140.505
0
-408.651
-0
64.0702
-531.194
-0
0
-236.064
-0
169.641
0
-0
-0
-107.847
-0
0
-388.999
-0
0
-397.778
-0
66.9142
-439.329
-0
52.1278
-33.286
0
110.058
0
0
-244.825
-0
0
-0
-175.694
0
-0
-360.953
0
0
-371.499
0
0
-387.436
-0
102.407
-342.512
-0
101.762
-285.514
-0
0
-229.988
-0
0
-0
-0
0
-0
38.0871
-0
-117.553
0
-0
-312.281
0
0
-301.713
0
0
-323.466
-0
0
-346.253
-0
0
-371.436
-0
19.4582
-390.33
-147.047
17.2129
-277.603
-428.861
77.534
-257.833
-0
0
-18.0328
-0
0
-0
-0
0
0
0
0
-23.7764
-0
-0
-276.094
-0
-0
-308.062
-0
-0
-325.443
-0
0
-348.785
-0
0
-370.318
-9.58989
0
-371.112
-44.1756
8.72966
-326.751
-179.971
116.52
-351.436
-124.22
0
-324.064
-254.687
9.67202
-365.735
-226.85
115.064
-52.3828
-0
0
-0
-0
0
0
-0
0
0
-0
-0
-0
-0
-0
-254.832
-46.1874
-0
-248.995
-199.99
-0
-340.353
-0
-0
-300.574
-63.8742
0
-319.852
-30.959
0
-353.047
-0
0
-280.747
-184.987
0
-309.859
-150.897
2.50449
-354.448
-118.606
41.695
-259.073
-302.895
8.67707
-340.062
-225.912
0
-219.876
-31.7783
0
-0
-0
0
-0
-0
0
-0
-0
0
0
-0
-0
-0
-0
-0
-96.7287
-172.014
-0
-226.661
-111.565
-0
-227.523
-115.963
-0
-268.353
-50.4351
-0
-264.921
-44.674
0
-277.72
-8.11534
0
-272.587
-18.2071
0
-237.536
-94.6109
0
-211.027
-144.93
0
-253.157
-120.212
0
-215.885
-223.917
0
-267.524
-141.356
0
-276.929
-123.779
0
-131.558
-265.901
0
-73.9797
-8.41475
0
-0
-0
0
0
-0
0
489.948
-0
0
20.6738
-0
0
0
-0
-0
0
-0
-0
0
-142.86
-0
-0
-176.31
-0
-0
-137.78
-0
-0
-253.284
-0
-123.592
-77.7836
-0
-78.1741
-240.144
-0
-148.678
-114.656
-0
-143.965
-119.897
-0
-189.4
-50.5856
-0
-183.152
-47.9714
0
-208.702
-0
0
-194.879
-0
0
-165.048
-93.5806
0
-158.943
-83.5832
0
-161.891
-86.7046
0
-88.2051
-210.334
0
-182.945
-0
0
-129.917
-152.973
0
-137.011
-33.993
0
-0
-0
0
-0
-0
0
0
-0
0
0
0
0
56.869
-0
-0
0
-0
-0
-0
-0
-0
-0
-169.878
-0
-0
-186.483
-0
-78.4109
-94.3967
-0
-99.6623
-87.8844
-0
-102.647
-106.673
-0
-88.9356
-154.923
-0
-163.191
-21.2648
-0
-174.619
-0
-0
-190.625
-0
0
-201.005
-0
0
-187.241
-0
0
-174.894
-0
0
-162.965
-0
17.6824
-138.245
-61.0765
6.56818
-79.4909
-166.684
0
-140.676
-0
0
-108.827
-0
0
-0
-0
3.11423
-0
-0
3.79837
-0
-0
0
0
0
0
307.183
0
-47.8691
0
0
-0
0
-0
-0
-0
-0
-22.9268
-0
-0
-8.48397
-0
-0
-0
-2.23979
-0
-0
-68.8549
-0
-0
-93.0241
0
-0
-128.888
0
0
-162.11
0
0
-186.725
-0
0
-150.984
-0
0
-132.3
-0
0
-88.7803
-0
0
-59.0988
-0
0
-0
-0
0
-0
-0
0
-0
-0
1.26718
0
0
18.7653
0
0
34.201
11.4352
0
0
64.4946
0
0
0
0
0
0
0
0
-0
992.803
-0
-0
0
-0
-0
65.7588
-0
-0
107.068
0
-0
91.5244
0
0
85.1698
0
0
48.8488
0
0
0
0.237048
0
0
13.0405
84.6466
0
2.5915
