-0
-118.144
0
-161.053
-0
0
-0
-0
112.52
-21.1729
-142.891
0
-459.773
-0
114
-519.443
-0
0
-312.45
-0
158.026
-0
-0
-0
-163.764
-0
0
-382.963
-0
0
-411.183
-0
91.6628
-431.005
-0
39.9575
-128.906
0
190.376
0
37.6449
-241.017
-0
3.32651
-0
-219.395
0
-0
-345.417
0
0
-372.21
0
5.42148
-378.14
-0
141.099
-342.336
-0
85.1407
-284.477
-0
56.4156
-283.057
-12.5414
0
-0
-0
0
-0
106.035
-0
-173.263
0
0
-303.497
0
0
-301.385
0
0
-325.603
-0
0
-356.748
-0
28.2137
-378.289
-0
12.2127
-409.923
-110.535
13.6822
-270.742
-470.736
138.872
-276.325
-0
30.0641
-55.8055
-55.5403
0
-0
-0
0
0
-0
0
-100.652
-0
-0
-277.531
-0
-0
-309.826
-0
0
-321.353
-18.2756
0
-333.656
-48.1238
0
-376.862
-0
0
-393.548
-0
25.7343
-316.76
-200.043
123.057
-336.247
-155.779
0
-359.618
-168.085
0
-338.002
-288.657
126.324
-87.8412
-0
25.3251
-0
-0
0
0
-0
0
0
-0
-0
-43.6452
-0
-0
-292.742
-69.6995
-0
-265.133
-165.433
-0
-346.122
-0
0
-296.74
-85.783
0
-320.355
-38.1148
0
-351.56
-12.7473
0
-314.432
-127.26
25.0442
-299.649
-184.427
0
-348.719
-133.058
61.2393
-288.73
-260.307
62.0198
-339.364
-222.64
0
-245.561
-34.0739
0
-11.1663
-0
0
-0
-0
0
0
-0
0
0
-0
-0
-13.9871
-0
-0
-163.94
-189.279
-0
-248.87
-66.6727
-0
-244.943
-98.9991
-0
-272.91
-60.1417
-0
-272.176
-47.1446
0
-278.746
-23.4775
0
-280.239
-20.0471
0
-267.321
-51.2704
0
-215.983
-145.683
0
-214.013
-215.864
0
-262.536
-139.956
0
-282.33
-107.988
0
-276.379
-131.124
0
-167.319
-178.206
0
-85.119
-123.378
0
-0
-0
0
0
-0
0
445.448
-0
0
26.8455
-0
0
16.525
-0
-0
0
-90.6539
-0
0
-242.123
-0
-0
-196.598
-0
-0
-164.496
-0
-28.3141
-208.851
-0
-117.405
-102.784
-0
-85.9965
-218.991
-0
-156.997
-79.586
-0
-138.943
-124.315
-0
-174.371
-71.8018
-0
-172.434
-61.3518
0
-196.257
-10.1899
0
-191.369
-0
0
-200.134
-12.507
0
-111.754
-181.927
0
-143.203
-121.903
0
-120.195
-145.35
0
-187.131
-0
0
-166.915
-60.5553
0
-160.55
-102.4
0
-0
-0
0
-0
-0
0
0
-0
0
0
0
0
50.2254
-0
-0
0
-0
-0
-0
-83.8689
-0
-0
-223.142
0
-20.3208
-185.027
-0
-126.068
-37.4839
-0
-81.1166
-139.58
-0
-130.726
-54.3396
-0
-116.694
-101.297
-0
-146.993
-65.6806
-0
-166.648
-23.8501
-0
-188.579
-0
0
-197.739
-0
0
-185.918
-0
0
-178.238
-0
58.2105
-150.58
-27.7089
38.4378
-112.798
-110.867
16.9393
-120.613
-78.1925
4.89641
-147.776
-0
5.4502
-118.561
-0
18.1081
-45.1998
-0
29.0482
-0
-0
30.0921
-0
-0
12.2552
0
0
39.2038
299.151
0
-48.8056
0
0
-0
-0
-0
-29.881
-0
-0
-51.6106
-0
-0
-29.4522
-36.5776
-0
-0
-61.1222
-0
-0
-75.5264
-0
-0
-104.452
0
0
-139.515
0
0
-172.573
0
0
-189.934
-0
0
-162.395
-0
0
-147.01
-0
0
-105.037
-0
0
-84.1157
-0
0
-71.5438
-0
0
-0
-0
0
-0
0
23.3659
0
0
27.3306
0
0
44.145
43.9633
0
35.9107
42.5594
0
10.9258
0
0
0
0
0
0
-17.1412
920.236
-0
-0
0
-0
-0
71.6313
-0
-0
91.662
0
-0
90.8226
0
-0
86.0212
0
0
82.3093
11.2772
0
71.9509
16.721
0
0
0
73.949
0
0
