-72.071
-7.42616
130.18
-266.842
193.055
-33.0082
-120.565
0
161.578
-195.348
-7.40297
88.0354
-448.79
-85.9776
16.1184
-535.725
-0
108.47
-446.552
115.931
217.889
0
0
0
-259.234
-0
57.0039
-408.66
-0
45.6661
-436.312
0
0
-425.758
0
29.6563
-283.506
192.366
235.753
0
73.5278
-3.87851
-15.7721
33.0715
22.9562
-240.018
0
0
-376.148
129.631
0
-389.876
75.7622
22.655
-385.4
3.36941
74.2404
-387.016
10.9976
43.9877
-344.678
0
248.166
-329.406
-119.899
56.2841
-196.843
-31.8611
-0
-49.5879
193.17
19.4537
-212.166
15.192
0
-336.709
144.346
22.9006
-311.474
0
65.682
-331.484
-0
90.4717
-354.12
-0
134.923
-368.797
-18.3133
0
-423.01
-57.6916
19.6152
-317.337
-314.119
80.0717
-225.983
-101.183
69.8129
-87.6577
-257.605
-0
0
-0
0
9.02592
0
0
-170.815
25.756
0
-292.474
-0
0
-321.812
-0
0
-322.207
-0
7.44803
-281.894
-118.539
0
-333.055
-11.7874
0
-356.11
-0
139.521
-379.917
-7.60992
104.343
-342.797
-122.053
0
-284.365
-323.551
13.7938
-317.589
-306.355
155.848
-136.859
-6.58932
49.0984
-0
-0
0
0
-0
-0
-0
-0
-0
-194.508
-18.5645
-0
-282.667
-128.425
-0.291263
-356.315
-0.587968
-0
-365.436
-0
0
-344.128
-22.2365
0
-356.436
-0.244337
0
-323.942
-134.419
0
-340.621
-121.272
16.4257
-409.387
-5.24559
131.513
-399.553
-69.7004
218.513
-290.953
-287.532
138.926
-345.779
-227.197
0
-272.029
-0
0
-84.5351
-0
0
-0
-0
0
0
0
1.56089
-0
-0
0
-131.223
-120.209
-0
-197.813
-117.876
-0
-269.234
-46.5609
-0
-293.102
-20.6745
0
-310.276
-0
1.79759
-304.754
-7.29436
15.7619
-273.825
-65.0449
43.3846
-288.137
-38.4817
42.2489
-235.988
-157.976
23.0016
-266.901
-77.4823
0
-265.996
-123.363
2.93643
-312.134
-20.5581
1.56141
-249.891
-154.76
5.40977
-290.439
-69.1777
1.93202
-176.903
-123.11
0
-85.3273
-219.168
2.20154
-24.8778
-0
12.1716
13.7183
0
14.8327
384.14
-0
0
78.8133
-156.395
0
46.3974
-131.756
0
91.4378
-274.101
-0
14.4124
-220.658
0
0
-204.734
-0
-0
-214.01
-0
-45.8371
-166.518
-0
-43.6838
-235.711
-0
-97.4766
-146.237
-0
-124.074
-100.506
-0
-159.089
-49.7044
-0
-154.648
-73.2235
0
-130.174
-107.325
41.9083
-139.714
-71.1099
42.2757
-138.096
-55.1137
48.3472
-142.842
-64.1246
24.3245
-132.218
-91.2735
13.6478
-179.771
-0
0
-139.243
-85.5676
0
-180.979
-0
0
-165.058
-69.1632
0
-163.334
-116.364
71.0502
-77.109
-20.7183
29.7191
0
-0
15.2773
19.8663
-0
0
-0
-0
273.102
0
-26.6874
-0
0
-157.584
0
-0
-224.582
4.15324
-58.0367
-147.922
53.0906
-138.537
-0
0
-50.0555
-209.58
0
-116.14
-61.5823
-0
-105.641
-109.867
-0
-169.118
-0
-0
-186.928
-0
0
-196.704
-0
0
-157.645
-88.194
0
-156.761
-105.053
22.8665
-199.664
-0
50.1717
-192.542
-0
68.7378
-182.7
-0
67.3062
-174.147
-0
92.5661
-155.172
-22.6619
108.142
-156.367
-0
124.442
-128.487
-0
115.702
-82.2772
-0
54.005
-35.3595
-0
87.4223
-0
0
91.0638
40.8356
0
116.285
118.656
12.093
-58.9711
0
0
-92.7057
-34.5288
-0
-50.2808
-86.2836
-12.167
-44.7814
-0.15532
-172.91
-51.1785
-97.406
-0
-0.941583
-107.516
-0
0
-95.3993
-0
12.4424
-114.727
-0
95.841
-134.087
0
113.448
-174.838
0
26.7172
-186.591
0
0
-175.131
-0
0
-158.585
-0
0
-117.633
-0
0
-89.409
-0
0
-92.509
-0
0
-56.711
-0
23.2984
0
0
100.532
35.6322
0
61.5284
90.6832
0
85.0744
57.0269
64.998
54.9612
53.6069
0
146.016
78.3949
0
132.704
0
0
78.8212
-300.111
802.405
-0
-0
0
-28.5026
-64.5702
138.752
-0
-40.6567
94.3863
0
-51.5491
124.515
24.6815
-32.7718
101.437
28.5228
-0
52.7845
48.8749
-0
48.9021
36.6883
0
38.697
0
0
166.602
53.2698
