-88.019
-53.349
200.766
-299.738
323.996
-11.2814
-213.367
26.329
76.037
-160.96
-95.8747
137.067
-442.787
-57.6143
0
-531.897
-0
124.942
-468.18
211.364
253.225
12.4552
-0
68.231
-251.728
-29.1536
4.40758
-404.624
-0
23.0652
-434.558
0
0
-439.156
34.5483
70.9596
-298.675
255.319
265.659
0.0880829
15.0639
-0
-21.5925
52.6989
24.2509
-252.736
35.2029
0
-354.957
77.274
-0
-389.673
75.0094
17.4617
-389.363
7.07037
64.1304
-406.743
71.4225
66.8394
-337.271
0
297.771
-334.233
-106.239
115.714
-204.51
-38.2693
-39.8753
-50.576
169.338
15.8496
-223.938
39.7747
0
-327.226
129.839
25.6488
-311.447
0
48.958
-332.6
0
78.4291
-358.542
-0
142.74
-358.816
-31.4293
0
-422.314
-33.3764
37.3056
-330.079
-259.76
144.683
-213.574
-111.609
76.1587
-81.3856
-276.619
-0
0
-0
-0
20.6973
0
0
-167.667
22.3458
0
-294.056
0
0
-321.837
-0
0
-324.399
-0
2.35992
-276.044
-131.299
0
-343.092
-0
0
-362.306
-0
136.267
-375.994
-37.9285
116.514
-373.284
-70.3828
0
-299.115
-298.006
63.967
-327.252
-287.577
176.9
-144.373
-0
57.6531
-0
-0
0
0
-0
-0
-23.6626
-0
0
-189.207
-43.9005
-0
-289.817
-115.36
-6.8669
-358.306
-0
-0
-367.426
-0
0
-353.443
-6.52945
1.1337
-339.279
-43.4084
0
-326.982
-136.301
32.8311
-349.789
-116.141
52.1753
-417.985
-0
131.24
-411.528
-58.4821
232.682
-300.807
-277.847
147.797
-384.147
-147.943
0
-275.366
-0
0
-90.2695
-0
0
-3.45732
-0
0
5.13841
19.2398
0
-17.0834
-41.3643
0
-150.038
-79.7652
-0
-195.001
-133.096
0
-276.465
-39.257
0
-296.789
-20.9866
0
-315.356
-0
9.68508
-310.329
-3.68008
21.8203
-244.683
-131.356
66.1788
-267.615
-83.8425
58.4523
-259.931
-101.221
30.3156
-266.56
-64.1521
4.16663
-257.992
-124.591
0
-314.11
-0
0
-253.82
-133.236
24.431
-303.394
-25.9896
28.2547
-174.431
-120.386
0
-89.4349
-200.393
0
-29.4597
-25.3936
0
43.4744
0
24.5307
348.388
-79.2023
11.8981
49.4613
-101.498
0
74.5416
-205.171
9.18391
46.8186
-189.058
33.4977
8.79148
-219.007
4.77571
0
-221.415
0
-8.49445
-209.699
-0
-52.7917
-167.237
-0
-59.4127
-214.711
-0
-95.744
-159.824
-0
-137.362
-84.5193
-0
-156.776
-64.9735
-0
-168.241
-52.9831
0
-121.37
-133.704
38.0102
-109.514
-134.603
36.7739
-141.078
-47.3013
23.1648
-158.06
-30.1274
2.78693
-136.354
-79.1553
2.20311
-177.975
-0
0
-140.222
-79.8641
0
-177.945
-0
0
-165.755
-60.2873
14.2943
-181.496
-61.1271
107.717
-85.9769
-0
49.5243
0
0
39.6421
42.4022
0
0
0
-0
235.124
40.0092
-150.034
-0
0
-145.957
0
-0
-212.695
56.9652
-123.06
-0
37.2188
-61.817
-140.88
0
-68.4916
-147.199
0
-96.0573
-85.9711
0
-90.8143
-121.057
-0
-161.334
-0.0850558
-0
-177.686
-0
0
-188.66
-0
0
-148.475
-96.9516
0
-137.667
-135.919
5.64729
-197.06
-0
31.3834
-193.914
-0
63.5112
-184.71
-0
67.2906
-176.018
-0
88.7033
-158.821
-23.7849
105.733
-159.682
-0
124.872
-130.862
-0
111.688
-83.4407
-0
51.1709
-41.1868
-0
116.317
-0
0
125.955
0
142.412
135.757
62.6607
88.2673
-139.604
-0
-0
-78.8435
-52.9315
-0
-44.6527
-62.905
-75.9664
-53.4584
-34.9344
-117.794
-41.4195
-84.929
-37.4845
-4.54549
-113.686
-0
0
-98.7094
-0
31.3557
-119.142
-0
100.348
-134.276
0
123.312
-174.513
0
49.1992
-187.314
0
0
-175.889
-0
-0
-158.752
-0
0
-117.095
-0
0
-89.3524
-0
0
-91.6409
-0
0
-65.8015
-0
19.9589
0
-0
96.7296
47.9276
0
38.1834
89.5608
0
64.0527
51.5483
77.6543
66.4433
29.1105
57.7348
188.113
87.6552
0
150.508
19.4313
0
192.458
-373.831
901.705
-21.1092
-0
0
-82.7523
-15.4807
37.5652
-0
-56.4662
116.759
0
-27.2257
69.3473
35.7776
-76.7061
183.57
29.7409
-17.4878
82.8015
37.8838
-0
36.6282
23.76
-0
33.0875
0
-0
155.712
71.5176
