-0.368697
-185.143
451.775
-349.573
493.073
31.1465
-209.851
155.948
-216.664
-169.511
-86.831
165.975
-295.09
-370.626
-156.429
-670.563
355.247
248.578
-476.312
285.876
309.591
23.1195
16.1677
135.989
-271.779
-32.7703
-4.77736
-348.464
-151.733
124.28
-579.668
159.909
-116.561
-533.655
151.232
160.058
-327.39
355.644
240.13
-20.6407
28.2085
80.9312
23.0826
-47.7987
3.47939
-248.014
53.3199
125.168
-200.579
-193.628
21.5736
-526.39
420.086
191.612
-457.175
198.112
-167.223
-324.099
-42.251
-47.1035
-224.523
-180.444
428.899
-402.545
122.251
170.008
-136.64
-146.113
-163.944
-19.6634
90.9136
38.6645
-172.651
-41.4575
-80.1685
-180.455
-73.7782
2.13199
-395.174
316.639
-142.46
-419.592
350.806
206.7
-166.758
-330.227
182.971
-232.407
-206.196
-134.033
-429.603
32.2133
114.846
-237.36
-445.626
528.55
-368.277
223.616
171.745
-151.761
-141.054
-240.327
147.241
-368.62
-49.8485
-55.0743
140.867
76.141
-110.027
-38.1587
-43.9634
-366.295
199.868
-76.4581
-223.02
-203.195
-289.037
-440.691
206.321
-48.7873
-247.195
-270.979
45.0146
-441.197
218.834
141.486
-249.169
-287.485
235.056
-232.833
-437.803
371.645
-450.122
124.948
-13.7814
-522.839
230.996
21.9803
-294.9
-307.272
439.593
-46.6885
-161.892
103.724
9.7278
-3.50863
-127.052
44.2771
17.8393
-60.8263
-130.194
171.369
-67.393
-153.437
-113.027
-130.59
-267.898
-158.451
-69.2743
-445.645
152.167
11.2648
-403.146
36.0937
127.091
-316.078
-226.609
40.623
-496.312
167.392
24.4087
-268.096
-397.831
44.3429
-226.454
-460.492
322.356
-573.958
344.88
-50.7764
-423.984
-31.7545
35.1366
-369.912
-149.048
270.546
-420.276
-18.3261
-33.9645
-209.63
-72.3748
65.2056
-141.395
143.904
117.46
54.4681
-163.548
-46.6764
27.5343
128.907
38.5001
-188.372
262.986
-102.959
-130.035
-130.663
-56.961
-210.177
-136.988
93.6977
-250.653
-153.351
31.098
-358.171
28.7287
4.46358
-159.256
-366.856
113.023
-446.612
310.761
135.068
-166.586
-264.836
110.216
-175.608
-225.596
195.626
-261.246
-12.2728
-348.132
-298.996
55.7488
-71.4177
-187.961
-251.43
61.7468
-414.321
213.689
-175.587
-185.788
-281.814
112.394
-193.873
-276.245
202.538
-336.229
204.649
122.35
-301.925
246.348
-23.5395
244.441
-708.185
-62.2657
-105.142
404.167
137.697
304.602
-314.738
-12.9842
-67.174
141.869
-53.4087
282.008
-653.621
113.767
-54.5071
16.1132
239.503
-114.371
54.3918
-8.72816
23.4021
-248.193
-82.0766
-160.149
114.088
-203.995
75.0504
-448.186
16.819
-68.1066
-206.263
151.058
-6.14354
-361.385
55.8836
-215.675
74.2518
75.8661
-181.7
-25.5039
10.2853
-111.676
-161.396
-181.773
-43.9262
-287.139
-124.882
-74.7145
-156.103
67.416
-265.358
280.307
-198.129
-107.733
-108.597
148.451
-58.7569
-274.492
44.3135
-261.226
139.908
-80.9893
-127.613
-161.862
176.043
-82.1378
-241.858
87.2962
-118.516
-188.087
16.7667
-325.641
224.925
96.3852
-179.165
185.666
327.505
-127.122
298.301
122.382
180.466
-277.153
-210.077
-134.355
246.009
253.969
366.401
-845.876
-4.01166
-212.858
338.526
-147.176
-148.512
121.664
24.9806
-238.027
271.564
-39.9787
111.199
-493.383
156.519
-5.72703
-263.421
97.0798
25.3159
-327.015
-5.45377
-143.115
21.3749
39.0144
-62.0038
-182.383
17.4942
-410.744
525.623
44.2098
-242.882
138.883
21.2671
-115.202
-198.515
-89.671
-146.182
-176.383
-238.806
-49.1806
-408.809
225.516
-123.184
-241.965
160.926
-406.149
397.433
171.715
-136.025
-137.339
220.377
-179.796
-19.4839
73.192
-88.6835
-163.8
109.703
-163.672
72.0718
93.35
-189.699
221.405
17.4894
78.308
-266.032
9.21171
-112.57
241.522
335.686
-175.769
568.17
370.336
-301.477
721.284
-173.591
259.601
-590.015
66.067
-122.868
96.3078
-7.79932
10.5521
-241.616
-58.3738
-132.202
78.0232
-42.2482
44.3435
-318.299
-54.3471
-184.22
143.918
-12.7005
-186.621
178.74
22.0219
-117.075
-12.8161
210.681
-227.714
224.397
263.029
106.411
-548.174
386.263
-144.05
-46.603
-37.863
-137.273
-22.6966
-118.89
-84.1493
-92.0275
-65.3049
-145.712
133.975
-49.4697
-112.448
131.556
-16.1568
-59.1273
20.7688
-119.436
137.865
-360.912
-97.449
45.3014
-24.8358
169.895
143.44
-104.383
193.161
126.26
-12.0709
-83.2178
32.7603
232.153
7.35977
-222.333
733.847
282.767
496.351
-766.986
200.903
102.828
372.044
479.782
-285.449
739.588
-277.763
-79.0885
230.079
-82.6425
-29.5633
109.827
-27.0038
74.65
-129.333
-35.3299
-90.361
195.051
6.00334
-108.184
245.716
-11.2748
-97.6169
226.267
85.3342
117.508
-219.991
11.6481
247.733
-483.68
-86.8522
-283.949
674.781
-122.48
