0.00226475
-185.893
452.447
-349.939
494.01
31.597
-209.54
156.057
-217.907
-169.424
-87.0974
166.239
-294.764
-371.431
-156.418
-671.533
357.353
247.974
-476.108
285.21
309.845
23.3081
15.8613
136.195
-271.544
-33.2335
-4.3867
-348.568
-151.567
124.601
-580.939
161.608
-115.902
-534.121
151.479
159.368
-327.365
355.197
239.364
-20.6602
28.1962
80.885
23.4787
-48.587
3.50878
-247.58
52.6596
125.335
-199.58
-195.56
23.1713
-528.198
424.28
192.557
-457.659
199.545
-168.036
-323.461
-43.1399
-48.8277
-223.239
-182.942
428.449
-402.719
123.179
170.304
-136.278
-146.555
-164.081
-19.449
90.4276
38.5009
-171.567
-43.8718
-79.7963
-179.725
-74.7428
1.38595
-396.645
320.462
-142.916
-420.779
354.632
206.739
-165.428
-332.313
182.996
-230.969
-208.678
-134.645
-429.082
31.0922
114.754
-237.108
-446.138
530.148
-369.184
225.608
171.877
-151.796
-140.989
-241.367
148.166
-371.077
-49.1344
-55.928
142.684
76.6966
-109.339
-39.5838
-43.1956
-366.632
200.73
-77.4484
-222.441
-204.494
-290.678
-442.912
210.65
-50.353
-247.451
-271.095
45.3943
-441.602
219.647
142.744
-247.901
-290.61
236.019
-232.406
-439.418
372.938
-450.684
125.698
-14.4958
-524.203
233.641
21.7456
-294.301
-308.828
441.323
-46.6692
-162.057
103.598
9.04188
-2.50734
-128.05
44.1676
17.8684
-60.7264
-130.309
171.85
-67.7276
-152.607
-114.752
-130.201
-267.982
-158.1
-69.5434
-446.351
153.556
11.362
-403.579
36.9032
126.432
-316.617
-226.46
41.2115
-497.675
169.588
24.409
-266.902
-401.155
44.4597
-225.332
-463.097
324.143
-574.83
346.909
-51.3254
-424.584
-30.401
34.4874
-369.357
-150.553
270.973
-420.086
-18.3468
-34.2581
-209.599
-72.0245
65.6724
-142.665
146.659
117.699
55.2803
-165.498
-47.5068
27.4078
129.045
38.2642
-188.853
264.508
-103.564
-128.968
-132.894
-56.6347
-209.882
-137.547
94.035
-250.786
-153.266
31.7116
-359.632
31.4634
3.92949
-157.893
-369.881
113.832
-448.445
314.953
134.728
-165.631
-266.549
110.676
-174.843
-226.699
196.588
-260.036
-14.2397
-350.432
-299.247
56.705
-71.6383
-187.318
-252.438
62.7516
-415.43
216.604
-176.388
-184.116
-284.821
111.694
-192.951
-277.828
202.954
-337.392
207.449
123.704
-302.744
248.562
-22.97
245.595
-710.497
-63.05
-105.032
404.046
137.614
304.33
-314.637
-12.9466
-67.1723
141.824
-53.477
282.342
-654.37
114.152
-54.8293
16.6959
239.902
-115.382
56.4912
-9.40327
24.0393
-249.514
-83.142
-160.951
115.835
-204.9
76.4366
-451.256
17.5005
-67.9144
-206.632
151.862
-4.92639
-363.952
56.624
-216.718
76.3982
76.4168
-183.357
-22.1705
10.8793
-112.139
-160.231
-184.273
-43.0994
-288.846
-125.763
-74.078
-157.065
67.8428
-265.543
281.114
-198.886
-107.162
-109.617
149.597
-57.6711
-277.003
44.2851
-262.799
143.145
-82.4186
-127.501
-162.275
176.135
-81.3497
-243.512
88.1634
-117.184
-190.903
16.5208
-326.909
227.553
95.8385
-179.405
186.38
328.481
-127.796
300.104
123.883
181.601
-279.541
-209.92
-134.755
247.139
254.131
367.58
-848.245
-4.01268
-214.426
341.913
-147.424
-149.767
124.167
24.703
-238.309
272.038
-40.5187
113.274
-498.036
157.334
-5.8038
-263.511
97.3366
26.635
-329.948
-5.50497
-142.973
21.1203
38.897
-62.2365
-181.868
17.4863
-414.696
533.878
43.4132
-243.593
140.343
22.1271
-114.594
-200.138
-90.4313
-145.117
-179.074
-240.275
-47.8725
-412.174
226.823
-122.594
-243.604
161.771
-409.205
403.484
171.607
-136.014
-137.936
220.45
-179.943
-19.7752
72.9507
-87.2414
-167.264
109.015
-164.348
73.26
93.0713
-190.712
223.107
17.1307
79.2852
-268.609
8.97305
-112.084
240.206
336.618
-177.792
572.244
371.448
-304.107
726.396
-173.074
261.988
-595.059
67.4434
-123.34
97.3321
-7.68324
11.7785
-244.153
-58.6404
-132.902
79.5782
-42.7787
45.8172
-321.366
-55.3258
-185.722
146.942
-13.8029
-188.366
182.073
22.4624
-116.242
-14.729
211.884
-230.405
229.977
264.683
109.011
-553.62
387.346
-142.883
-48.9928
-38.8481
-137.275
-22.7479
-120.336
-83.9129
-92.5822
-64.7536
-146.996
136.588
-48.1177
-114.033
134.885
-16.1083
-59.3031
21.1035
-120.795
140.695
-366.874
-98.8487
45.2557
-25.0767
170.981
143.924
-105.489
194.305
124.904
-9.53689
-84.6186
33.709
230.001
6.46008
-226.023
741.523
282.841
500.139
-775.016
200.815
100.514
377.06
479.881
-285.595
740.472
-277.336
-79.2553
230.806
-82.3022
-28.998
108.901
-26.7639
76.9256
-133.885
-36.0715
-91.6617
197.77
5.38339
-110.152
250.015
-10.9439
-97.8477
226.91
86.7414
119.288
-223.425
12.1996
251.272
-490.876
-87.7042
-287.018
681.516
-123.553
