-96.1423
-56.6087
239.706
-287.174
301.692
-0
-273.753
132.486
30.847
-153.806
-116.857
152.238
-429.807
-79.488
-0
-530.482
0
153.027
-508.041
294.939
249.905
18.0646
0
86.4316
-242.564
-58.6462
0
-389.489
-27.273
40.5211
-432.805
-0
-0
-485.141
140.506
78.4104
-283.295
240.531
260.16
3.78278
0
14.1169
-24.9913
59.0004
26.1673
-236.85
6.39161
0
-334.344
42.7057
-0
-395.052
97.7508
4.01903
-421.542
84.5384
57.4271
-390.745
47.0801
100.569
-333.362
0
322.589
-345.413
-84.8339
143.182
-207.958
-46.4762
-78.3616
-47.8132
155.17
21.2846
-219.897
36.8169
0
-313.627
101.006
8.94105
-329.466
40.9051
28.1571
-337.845
0
95.6917
-356.094
-0.544522
169.365
-351.467
-41.6301
-0
-429.876
-2.13009
60.7532
-336.038
-239.189
194.913
-224.28
-85.8408
67.2598
-68.8995
-309.84
-38.281
0.0545398
-0
-0
21.2904
0
0
-158.812
6.5822
0
-292.776
0
-0
-322.01
-0
-0
-325.875
-1.03454
0
-275.87
-134.905
0
-344.873
-0
0
-363.327
-0
144.207
-364.608
-63.8574
137.942
-399.968
-5.62668
-0
-321.966
-235.766
76.459
-303.841
-333.488
207.253
-140.781
-4.18137
55.9753
0
-1.88917
-0
6.37315
-3.08389
-25.3207
-45.5424
-0
-0
-186.309
-52.6003
-0
-289.176
-121.83
-11.705
-357.584
-4.59567
-0
-368.362
-0
0
-359.392
-0
10.5394
-336.693
-56.3277
3.95501
-329.302
-144.777
56.7936
-361.7
-102.825
57.7787
-422.994
-0
115.442
-440.884
-5.9966
230.06
-312.09
-264.382
178.253
-392.124
-130.429
0
-275.843
-0
0
-88.1684
-0
0
-10.5392
0
0
12.1267
31.3642
0
-42.8725
-45.3152
0
-160.701
-63.3525
0
-198.248
-140.44
0.704376
-282.829
-36.2135
1.70142
-301.274
-26.4684
-0
-320.573
-0
4.55154
-293.787
-49.917
39.8859
-248.824
-128.209
97.4724
-274.886
-70.3321
57.2112
-280.363
-57.3086
23.1655
-264.524
-66.3488
1.1462
-265.278
-108.253
0
-315.576
-0
0
-276.436
-79.4776
31.7932
-296.295
-39.429
31.803
-178.755
-110.456
-0
-91.1505
-194.841
-3.8535
-32.0094
-36.2301
-0
54.3029
0
31.9438
336.079
-124.311
23.9861
23.3455
-42.0612
0
125.057
-316.955
30.9148
15.029
-123.18
87.7241
3.35421
-207.394
23.7133
0
-225.105
6.16477
-18.6712
-190.939
-0
-46.8829
-179.39
-0
-68.5247
-193.443
-0
-85.8329
-179.056
-0
-135.505
-86.9401
-1.94079
-161.923
-52.2595
-0
-151.343
-88.9766
3.92026
-99.4327
-177.094
27.1072
-109.218
-129.84
9.81676
-153.09
-13.8558
15.658
-169.263
-0
0
-129.467
-85.9248
0
-176.339
-0
0
-152.604
-47.938
0
-176.885
-0
-0
-164.176
-60.5028
30.7142
-193.246
-31.7001
114.615
-87.6844
-0
58.875
0
0
40.2049
47.0735
0
-0
-0
0
222.487
102.881
-292.904
-3.56691
-0
-134.277
-17.8616
-26.7093
-138.47
68.5672
-114.758
-0
38.0411
-55.866
-128.046
0
-58.6518
-140.669
0
-71.0238
-116.015
0
-88.0895
-101.061
0
-123.489
-57.5219
0
-166.236
-0
14.3492
-176.59
-0
0
-135.56
-102.77
-10.2932
-121.669
-153.657
0
-189.97
-0
17.9398
-190.281
-0
68.2621
-179.123
-0
75.3397
-166.497
-11.2199
93.6053
-164.19
-0.447676
116.024
-156.184
-0
141.393
-125.966
0
109.486
-79.5237
0
64.477
-37.9152
0
133.543
-0
0
147.682
0
190.565
147.639
24.9124
127.096
-187.114
-0
-0
-82.0263
-68.0478
-2.55642
-49.2539
-60.9798
-91.6109
-45.5988
-68.8059
-62.2438
-42.2534
-64.7735
-95.4001
-2.8713
-119.787
-0
3.60532
-103.659
-0
23.4383
-125.632
-0
100.391
-135.139
0
128.858
-177.504
0
64.1158
-191.77
0
0
-177.925
0
-0
-159.299
-0
-0
-116.92
0
-0
-90.145
-0
0
-90.2236
-0
0
-64.792
-0
41.2101
0
-0
100.44
58.92
-0
43.3707
93.2504
0
64.4387
50.036
97.3856
79.0825
32.1609
69.6445
210.444
94.3652
0
162.46
55.1867
0
264.291
-410.184
943.617
-52.1824
-0
0
-108.139
-0
0.0192439
-4.0576
-54.9132
107.932
0
-46.6715
102.546
28.6356
-63.85
148.105
25.8611
-39.6439
118.848
35.9098
-0
27.1168
0
-2.80008
31.801
0
-12.2794
162.401
62.384
