-54.6767
-0
0
-230.082
0
-0
-8.07237
0
279.664
-203.024
-0
44.027
-473.241
-50.5652
131.945
-537.564
-0
11.7896
-415.262
0
127.582
0
0
0
-235.103
-0
59.0042
-391.448
-0
0
-416.276
0
59.9263
-409.017
0
21.9532
-242.061
46.3222
201.498
0
88.3718
-96.0917
-0
7.36501
0
-264.407
42.1771
0
-383.083
130.444
0
-372.83
3.89372
14.5574
-388.231
0
137.344
-368.687
0
66.9075
-333.439
-0
171.927
-307.744
-144.045
0
-158.699
-0
-0
-8.03889
166.524
6.4734
-235.273
51.5227
0
-314.461
70.7989
35.3608
-304.528
0
89.6749
-329.859
-0
24.272
-349.28
-0
78.5323
-372.759
-0
0
-399.356
-110.757
18.1314
-297.639
-379.502
85.1905
-252.152
-56.248
73.0192
-84.4505
-233.489
0
0
-0
0
0
0
0
-160.258
0
0
-291.135
-0
0
-311.205
-0
0
-308.129
-34.0925
0
-336.082
-5.15943
0
-318.216
-69.9794
0
-372.926
-0
109.342
-353.178
-84.9898
108.217
-332.511
-156.564
0
-314.016
-262.115
0
-320.93
-301.552
129.434
-118.291
-23.2291
42.5829
-0
-0
0
0
-0
0
-0
0
-0
-183.123
-0
-0
-274.979
-135.835
-0
-351.082
-10.4971
-0
-346.047
-36.9765
0
-348.454
-7.72731
0
-357.673
-0
0
-321.333
-116.823
22.1753
-334.261
-115.926
18.8051
-366.416
-73.8578
89.3498
-377.079
-97.1564
149.422
-292.649
-270.643
101.325
-333.911
-244.707
0
-250.255
-39.8463
0
-71.8309
-0
0
-0
-0
0
0
0
0
-0
-0
-0
-128.292
-82.2467
-0
-190.504
-137.944
-0
-268.917
-44.9969
-0
-283.159
-42.7918
0
-302.203
-16.2599
0
-304.1
-7.08722
0
-300.671
-3.61184
16.7176
-266.221
-75.3617
0
-252.358
-115.32
6.59236
-248.648
-111.478
0
-264.57
-129.671
0
-291.394
-80.3319
0
-261.084
-147.512
0
-273.468
-126.083
0
-182.911
-125
0
-105.89
-192.902
0
-8.01603
-0.56486
0
0
-0
0
437.282
-0
0
19.0978
-0
0
101.777
-244.484
-0
68.1941
-220.499
-0
24.9818
-256.666
-0
0
-199.99
-0
-0
-194.339
-0
-27.3618
-188.205
-0
-57.0658
-197.701
-0
-86.8281
-160.346
-0
-113.355
-117.249
-0
-147.747
-63.9465
-0
-148.95
-76.5747
0
-155.824
-51.1158
15.7424
-165.505
-19.9569
26.013
-118.522
-106.589
56.3596
-151.482
-64.8761
30.4541
-131.917
-107.35
9.58125
-170.423
-34.1603
0
-130.179
-113.772
0
-173.145
-23.4708
0
-162.45
-75.0281
0
-161.562
-124.995
27.7629
-71.5099
-0
15.5234
-0
-0
0
0
-0
0
0
-0
147.436
7.61661
-0
-0
0
-108.977
-0
-0
-223.896
0
-48.8491
-157.228
0
-116.82
-47.0797
0
-63.8174
-189.765
0
-125.254
-53.8904
-0
-117.86
-92.3534
-0
-150.632
-44.8725
-0
-186.816
-0
-0
-199.098
-0
0
-199.938
-1.72814
0
-137.866
-145.662
49.8455
-198.252
-0
58.6722
-190.258
-0
66.0775
-178.852
-0
68.8687
-161.491
-20.6616
79.1288
-136.781
-55.5212
88.6867
-155.526
-0
93.35
-126.163
-0
78.7558
-86.309
-0
43.3713
-20.8514
-0
61.5231
-0
-0
64.5608
0
0
102.998
150.102
0
-48.795
0
0
-44.3869
-0
-0
-47.8032
-75.5395
-16.555
-46.8187
-13.9019
-120.65
-47.6224
-90.0874
-0
-0
-99.2023
-0
-0
-94.7233
-0
0
-114.767
0
62.2398
-136.987
0
114.446
-173.835
0
7.26713
-188.078
-0
0
-174.308
-0
0
-157.722
-0
0
-115.834
-0
0
-87.88
-0
0
-97.4784
-0
0
-37.3905
-0
27.1055
-0
0
90.8233
2.7979
0
60.8398
86.4802
0
69.1677
54.2669
43.7818
42.9803
54.1873
0
122.357
42.2696
0
110.438
0
0
0
-229.504
790.211
-0
-0
0
-0
-44.4248
110.262
-0
-94.4902
217.606
0
-0
36.473
0
-0
47.4311
27.1937
-0
61.095
57.1487
-0
70.5145
28.3922
0
52.1059
0
0
151.816
35.9503
