0.22681
-186.347
452.855
-350.162
494.578
31.8703
-209.35
156.125
-218.664
-169.37
-87.2614
166.402
-294.567
-371.918
-156.407
-672.127
358.64
247.603
-475.984
284.801
309.995
23.4242
15.6726
136.321
-271.397
-33.5236
-4.14399
-348.634
-151.459
124.801
-581.719
162.654
-115.496
-534.409
151.635
158.941
-327.346
354.913
238.889
-20.672
28.1888
80.8565
23.7226
-49.0723
3.52779
-247.309
52.245
125.438
-198.971
-196.735
24.1525
-529.31
426.858
193.137
-457.958
200.428
-168.531
-323.07
-43.6851
-49.8858
-222.449
-184.479
428.162
-402.822
123.739
170.486
-136.058
-146.821
-164.16
-19.3156
90.1262
38.4007
-170.897
-45.3612
-79.5673
-179.281
-75.3283
0.930224
-397.549
322.813
-143.192
-421.51
356.986
206.761
-164.615
-333.586
183.008
-230.084
-210.205
-135.02
-428.754
30.3878
114.691
-236.957
-446.442
531.12
-369.733
226.818
171.958
-151.816
-140.948
-241.996
148.729
-372.574
-48.6951
-56.4491
143.793
77.0367
-108.915
-40.461
-42.724
-366.834
201.245
-78.0554
-222.089
-205.284
-291.683
-444.277
213.313
-51.3152
-247.615
-271.15
45.6233
-441.846
220.139
143.515
-247.122
-292.528
236.61
-232.146
-440.401
373.725
-451.024
126.146
-14.9384
-525.032
235.246
21.6019
-293.933
-309.784
442.381
-46.6593
-162.154
103.528
8.61926
-1.88669
-128.655
44.1003
17.8859
-60.6649
-130.379
172.142
-67.931
-152.098
-115.81
-129.959
-268.034
-157.884
-69.7063
-446.781
154.4
11.4174
-403.846
37.4041
126.022
-316.956
-226.348
41.566
-498.51
170.933
24.4083
-266.17
-403.193
44.5335
-224.646
-464.689
325.233
-575.358
348.138
-51.6528
-424.958
-29.5597
34.0972
-369.011
-151.492
271.226
-419.967
-18.3687
-34.4393
-209.581
-71.8095
65.9531
-143.444
148.348
117.847
55.7729
-166.681
-48.0077
27.329
129.13
38.1209
-189.144
265.431
-103.931
-128.316
-134.257
-56.433
-209.699
-137.894
94.2401
-250.871
-153.207
32.0881
-360.529
33.1455
3.5991
-157.063
-371.726
114.318
-449.569
317.521
134.518
-165.05
-267.592
110.958
-174.372
-227.379
197.174
-259.288
-15.462
-351.83
-299.401
57.2891
-71.7703
-186.929
-253.048
63.3681
-416.111
218.391
-176.871
-183.09
-286.67
111.258
-192.388
-278.797
203.206
-338.1
209.151
124.528
-303.244
249.913
-22.6187
246.288
-711.886
-63.5265
-104.961
403.967
137.562
304.162
-314.565
-12.9201
-67.1646
141.782
-53.5177
282.538
-654.809
114.386
-55.0198
17.0384
240.143
-116
57.7745
-9.81425
24.4305
-250.325
-83.7908
-161.441
116.9
-205.447
77.2811
-453.126
17.9158
-67.795
-206.861
152.348
-4.17922
-365.526
57.0762
-217.359
77.7171
76.7515
-184.379
-20.1157
11.2411
-112.426
-159.512
-185.802
-42.5957
-289.887
-126.304
-73.6871
-157.658
68.1045
-265.648
281.588
-199.337
-106.814
-110.241
150.297
-57.0046
-278.546
44.2679
-263.768
145.138
-83.2916
-127.433
-162.528
176.186
-80.8679
-244.523
88.699
-116.365
-192.634
16.3713
-327.684
229.16
95.5059
-179.553
186.817
329.069
-128.213
301.216
124.796
182.294
-281
-209.819
-134.999
247.829
254.23
368.295
-849.681
-4.01218
-215.38
343.973
-147.572
-150.531
125.692
24.5321
-238.475
272.316
-40.8474
114.54
-500.873
157.83
-5.85847
-263.549
97.4922
27.4423
-331.743
-5.53786
-142.875
20.9436
38.8231
-62.3871
-181.536
17.483
-417.12
538.94
42.9244
-244.025
141.231
22.6545
-114.225
-201.126
-90.8893
-144.459
-180.736
-241.168
-47.0655
-414.246
227.62
-122.232
-244.609
162.296
-411.077
407.193
171.542
-136.014
-138.285
220.492
-180.033
-19.9534
72.8034
-86.3505
-169.4
108.588
-164.761
73.9892
92.901
-191.328
224.144
16.9091
79.8739
-270.164
8.82961
-111.783
239.392
337.186
-179.029
574.734
372.125
-305.71
729.514
-172.757
263.447
-598.142
68.2815
-123.63
97.9605
-7.61502
12.5247
-245.696
-58.803
-133.331
80.5304
-43.1
46.7244
-323.253
-55.9245
-186.643
148.797
-14.4797
-189.442
184.127
22.7357
-115.725
-15.9148
212.624
-232.053
233.393
265.695
110.603
-556.954
388.007
-142.159
-50.4732
-39.4466
-137.274
-22.7822
-121.225
-83.7672
-92.9212
-64.4152
-147.791
138.209
-47.284
-115.012
136.942
-16.081
-59.4072
21.3031
-121.631
142.441
-370.55
-99.7109
45.2274
-25.2222
171.645
144.224
-106.173
195.006
124.059
-7.95393
-85.473
34.3034
228.656
5.91087
-228.286
746.229
282.886
502.461
-779.938
200.76
99.0968
380.136
479.942
-285.679
741.001
-277.071
-79.3601
231.257
-82.0991
-28.6522
108.335
-26.6188
78.3263
-136.687
-36.5297
-92.4657
199.45
4.99987
-111.371
252.675
-10.7372
-97.9832
227.292
87.6086
120.38
-225.534
12.5405
253.448
-495.3
-88.2275
-288.903
685.65
-124.211
