-0
-0
0
-0
-0
0
-0
-0
0
-0
-0
0
-68.6891
-0
0
-355.395
-0
0
-0
-0
0
0
-0
-0
-0
-0
0
-273.674
-0
0
-460.276
-0
0
-285.801
-0
0
-0
0
0
0
0
-0
-0
0
-0
-0
0
-0
-268.879
-0
0
-373.342
-0
0
-341.428
-0
0
-282.703
-0
0
-176.154
-0
0
-0
-0
0
-0
-0
0
-0
0
-0
-0
0
-0
-218.868
-0
0
-328.395
-0
0
-328.289
-0
0
-336.732
-0
0
-363.916
-0
0
-278.986
-303.88
0
-378.629
-0
0
-0
-0
0
-0
-0
0
-0
-0
0
0
0
-0
-0
-0
-0
-15.703
-0
-0
-333.725
-0
0
-305.799
-0
0
-333.136
-0
0
-340.04
-0
0
-354.04
-0
0
-233.236
-350.257
0
-418.472
-6.74471
0
-263.139
-380.665
0
-281.839
-0
0
-0
-0
0
-0
-0
0
0
-0
0
0
-0
-0
-0
-0
-0
-0
-0
-0
-169.469
-46.9089
-0
-285.822
-102.997
-0
-297.007
-0
0
-288.383
-52.7715
0
-329.144
-0
0
-278.03
-151.931
0
-249.078
-226.057
0
-338.79
-138.145
0
-231.266
-326.519
0
-353.962
-174.379
0
-36.6245
-0
0
-0
-0
0
-0
-0
0
-0
-0
0
0
-0
-0
-0
-0
-0
-0
-0
-0
-0
-181.209
-0
-155.301
-229.339
-0
-273.219
-0
-0
-231.248
-73.1643
0
-249.859
-29.5032
0
-260.719
-0
0
-205.779
-128.187
0
-160.258
-204.425
0
-256.807
-66.1416
0
-163.058
-307.679
0
-274.9
-115.831
0
-198.286
-281.241
0
-18.5234
-0
0
-0
-0
0
-0
-0
0
-0
-0
0
694.339
0
0
17.2582
-0
0
0
-0
-0
0
-0
-0
0
-0
-0
0
-0
-0
-0
-0
-0
-0
-0
-0
-0
-239.92
-0
-0
-244.293
-0
-37.9449
-268.977
-0
-145.131
-111.668
-0
-195.888
-0.386821
-0
-150.991
-103.857
-0
-197.847
-0
0
-182.304
-0
0
-141.68
-117.77
0
-103.277
-173.106
0
-154.727
-82.6926
0
-81.1081
-198.38
0
-116.344
-108.586
0
-88.7684
-0
0
-0
-0
0
-0
-0
0
-0
-0
0
0
-0
0
0
-0
0
34.4879
-0
-0
0
-0
-0
0
-0
-0
-0
-0
-0
-0
-0
-0
-0
-0
-0
-0
-30.5684
-0
-0
-214.589
-0
-0
-195.478
-0
-143.829
-0
-0
-161.42
-0
-0
-175.446
-0
-0
-193.611
-0
-0
-184.726
-0
0
-172.362
-0
0
-72.6171
-166.217
0
-135.27
-0
0
-96.5162
-0
0
-0
-0
0
-0
-0
0
-0
-0
0
-0
-0
0
-0
-0
0
0
0
0
56.4218
0
-58.1641
0
0
-0
0
0
-0
0
0
-0
-0
0
-0
-0
-0
-0
-0
-0
-0
-0
-0
-0
-0
-0
-0
-0
-0
-0
-74.0097
-0
-0
-138.98
-0
-0
-24.9611
-0
0
-0
-0
0
-0
-0
0
-0
-0
0
-0
-0
0
-0
-0
0
0
0
0
0
0
0
0
0
0
0
0
0
0
0
0
2.0673
0
0
0
0
0
-0
599.287
-0
-0
0
-0
-0
0
0
0
0
0
0
0
0
0
0
0
0
0
0
0
0
0
0
0
0
0
0
0
