-86.2763
-40.9413
186.48
-297.455
309.849
-24.8186
-188.937
0
99.0349
-167.042
-80.1796
125.061
-446.858
-54.5908
0
-532.66
-0
125.072
-457.05
179.811
245.274
8.70792
-0
57.7081
-258.016
-12.5614
11.2332
-406.768
-0
23.3089
-435.918
0
0
-431.334
14.6329
67.7468
-298.729
248.4
255.798
0
22.0792
-0
-21.6324
53.2636
22.8424
-255.076
38.4652
0
-358.393
86.228
0
-386.743
68.0074
22.7623
-386.341
2.17727
61.0674
-404.621
63.7349
59.3897
-339.069
0
283.801
-329.321
-117.059
100.548
-204.453
-36.6743
-21.0352
-52.9995
177.855
13.9576
-225.79
42.8683
0
-327.457
128.083
28.6451
-311.18
0
50.3807
-332.323
0
80.6974
-359.001
-0
139.625
-364.52
-23.0913
0
-416.807
-54.1638
33.8593
-329.034
-269.334
125.918
-218.161
-106.385
77.6593
-83.911
-270.283
-0
0
-0
-0
18.4676
0
0
-171.685
30.3127
0
-294.028
0
0
-321.26
-0
0
-323.867
-0
4.03558
-275.366
-132.57
0
-341.564
-0
0
-360.569
-0
140.008
-373.449
-37.5485
111.186
-364.888
-85.2704
0
-297.742
-300.42
48.8831
-324.845
-292.502
170.99
-143.392
-0
56.5696
-0
-0
0
0
-0
-0
-15.5601
-0
0
-192.549
-36.071
-0
-290.623
-112.633
-8.22774
-358.007
-0
-0
-366.687
-0
0
-349.252
-14.3746
0.158187
-344.392
-29.4956
0
-323.655
-139.779
21.9318
-345.198
-121.45
45.9143
-415.059
-0
133.251
-405.344
-66.9461
227.181
-300.227
-275.118
146.555
-373.327
-169.533
0
-274.476
-0
0
-90.0317
-0
0
-0.769414
-0
0
3.30759
15.1781
0.716407
-7.25866
-41.3376
0
-147.422
-83.3621
-0
-195.876
-127.503
0
-276.505
-35.4931
0
-293.572
-23.2443
0
-313.753
-0
9.17465
-310.507
-0
16.9614
-249.673
-119.618
57.9257
-269.862
-78.852
56.8633
-252.157
-119.607
29.0723
-269.768
-61.5216
2.09363
-257.223
-130.577
0
-315.746
-0.615974
0
-249.352
-146.929
23.3177
-302.897
-30.9751
24.9278
-177.856
-115.64
0
-87.6165
-206.996
0
-29.5483
-19.6761
0
37.7226
0
22.5737
360.94
-73.7747
0
53.3731
-110.463
0
65.8946
-183.273
0.658016
56.7926
-207.009
16.8643
12.8079
-224.327
0
0
-216.322
0
-0
-222.968
-0
-55.1213
-158.555
-0
-51.5464
-228.354
-0
-102.342
-143.223
-0
-133.709
-89.1206
-0
-157.403
-60.5777
-0
-162.366
-62.8638
0
-127.124
-118.927
45.785
-115.046
-123.33
41.8716
-135.848
-59.1563
29.7316
-155.422
-36.0544
7.84492
-136.123
-81.1898
6.59876
-178.225
-0
0
-136.453
-88.9546
1.16688
-178.266
-0
0
-167.882
-56.7529
5.79917
-175.098
-77.5045
101.829
-85.7886
-0
46.905
0
-0
35.1836
39.5949
-0
0
0
-0
236.66
19.8187
-103.546
-0
0
-152.453
0
-0
-220.677
46.8153
-108.485
-37.6997
38.1261
-79.0925
-114.186
0
-67.4666
-159.917
0
-101.989
-82.4763
0
-104.679
-100.809
-0
-165.703
-0
-0
-182.277
-0
0
-192.472
-0
0
-143.634
-113.705
0
-151.69
-110.729
15.7264
-198.395
-0
35.0301
-193.879
-0
62.8317
-184.925
-0
65.2072
-175.75
-0
89.625
-157.172
-26.0082
103.514
-159.09
-0
121.364
-130.77
-0
115.429
-83.1889
-0
49.3582
-40.4231
-0
108.024
-0
0
118.36
5.93888
117.575
131.856
78.9338
66.9352
-115.312
0
-0
-80.4755
-47.4812
-0
-47.0604
-64.6945
-68.4951
-53.6131
-25.3038
-132.658
-46.0948
-91.4926
-20.6121
-3.08049
-111.348
-0
0
-97.0471
-0
29.6692
-117.025
-0
100.303
-134.105
0
118.029
-174.44
0
33.3234
-186.459
0
0
-176.045
-0
0
-158.64
-0
0
-117.552
-0
0
-90.03
-0
0
-92.2503
-0
0
-65.6168
-0
15.5233
0
0
97.777
43.9217
0
43.1559
88.8112
0
67.5728
51.5336
74.5522
64.3278
31.0468
48.8174
180.197
85.861
0
147.493
10.32
0
170.783
-360.394
883.658
-0.825837
-0
0
-75.1285
-29.0609
63.461
-0
-47.3063
99.1244
0
-26.2214
68.0023
38.4592
-86.9484
205.688
29.5291
-2.76638
53.9913
37.6134
-0
38.9307
32.3808
-0
34.1849
0
-0
159.37
69.3313
