-0
-107.124
0
-0
-0
0
-0
-0
0
-0
-28.0555
0
-231.302
-56.7744
0
-517.801
-0
0.987668
-0
-0
74.0841
0
-0
-0
-0
-0
0
-398.475
-0
0
-422.748
-0
0
-403.588
-0
118.541
-0
0
0
0
0
-42.4884
-0
0
-0
-50.3882
0
-0
-382.955
0
0
-350.777
0
0
-373.964
-0
0
-313.213
-0
0
-257.359
-0
0
-71.7822
-0
0
-0
-0
0
-0
0
-0
-0
0
-0
-311.085
0
0
-299.874
0
0
-332.057
-0
0
-332.977
-0
0
-369.897
-0
0
-316.821
-291.347
0
-346.763
-170.542
0
-136.409
-0
0
-0
-0
0
-0
-0
0
0
0
0
-0
-0
-0
-187.532
-0
-0
-329.912
-0
0
-325.437
-0
0
-344.375
-0
0
-356.19
-0
0
-370.804
-0
0
-277.084
-254.991
0.703841
-348.424
-138.776
0
-295.873
-326.423
85.0399
-367.11
-89.2352
0
-0
-0
0
-0
-0
0
0
-0
0
0
-0
-0
-0
-0
-0
-74.8853
-0
-0
-263.344
-153.274
-0
-318.549
-3.19042
-0
-296.358
-43.0985
0
-311.908
-17.6733
0
-343.818
-0
0
-299.954
-134.122
0
-324.719
-97.3984
0
-222.291
-407.064
0
-331.435
-128.358
0
-331.036
-259.067
0
-157.4
-0
0
-0
-0
0
-0
-0
0
-0
-0
0
0
-0
-0
-0
-0
-0
-0
-0
-0
-91.8908
-348.342
-0
-275.926
-0
-0
-234.189
-96.1994
-0
-263.712
-23.3822
0
-258.225
-28.508
0
-260.349
-17.7636
0
-255.154
-35.8087
0
-178.118
-195.53
0
-201.442
-180.846
0
-177.766
-298.004
0
-326.822
-0
0
-175.746
-349.614
0
-150.596
-79.5505
0
-0
-0
0
-0
-0
0
-0
-0
0
629.349
0
0
31.1108
-0
0
0
-0
-0
0
-0
-0
0
-0
-0
-0
-0
-0
-0
-66.1399
-0
-0
-238.838
-0
-0
-252.047
-0
-93.592
-149.802
-0
-106.343
-202.835
-0
-155.173
-95.449
-0
-190.331
-32.7199
-0
-177.542
-50.7784
-0
-205.041
-0
0
-189.096
-0
0
-174.231
-61.9052
0
-159.661
-70.5475
0
-62.7961
-278.588
0
-143.998
-82.9815
0
-121.183
-117.337
0
-150.299
-83.0643
0
-34.6607
-0
0
-0
-0
0
-0
-0
0
0
-0
0
0
-0
0
56.8119
-0
-0
0
-0
-0
0
-0
-0
-0
-0
-0
-0
-22.0814
-0
-0
-175.7
-0
-0
-180.817
-0
-95.3367
-74.4316
-0
-61.8949
-170.124
-0
-160.573
-0
-0
-164.369
-0
-0
-188.495
-0
-0
-198.735
-0
0
-186.391
-0
0
-178.83
-0
0
-158.186
-0
0
-47.4759
-223.025
0
-111.894
-48.9022
0
-109.695
-0
0
-0
-0
0
-0
-0
0
-0
-0
0
0
-0
0
0
0
0
184.236
0
-88.7287
0
0
-0
0
0
-0
0
0
-0
-0
-0
-0
-0
-0
-0
-0
-0
-0
-0
-0
-0
-27.6578
-0
-0
-112.518
-0
-0
-140.426
-0
-0
-158.518
-0
0
-132.426
-0
0
-59.5575
-0
0
-0
-0
0
-0
-0
0
-0
-0
0
-0
-0
0
0
-0
0
0
0
0
0
0
0
0
0
0
38.2256
0
0
51.4643
0
0
0
0
0
-0
924.08
-0
-0
0
-0
-0
0
0
-0
105.977
0
0
15.0039
0
0
0
0
0
0
0
0
0
0
0
0
0
0
0
0
