-0
-0
0
-0
-0
0
-0
-0
0
-0
-0
0
-0
-0
0
-82.5325
-0
0
-0
-0
0
0
-0
-0
-0
-0
0
-73.9457
-0
0
-475.24
-0
0
-122.015
-0
0
-0
-0
0
0
0
-0
-0
0
-0
-0
-0
-0
-104.5
-0
0
-392.476
-0
0
-298.393
-0
0
-283.961
-0
0
-11.917
-0
0
-0
-0
0
-0
-0
-0
-0
0
-0
-0
-0
-0
-48.8935
-0
-0
-351.531
-0
0
-312.341
-0
0
-341.724
-0
0
-328.445
-0
0
-326.445
-120.166
0
-234.372
-0
0
-0
-0
0
-0
-0
0
-0
-0
0
0
-0
-0
-0
-0
-0
-0
-0
-0
-186.328
-0
0
-310.938
-0
0
-313.772
-0
0
-329.051
-0
0
-308.141
-85.2994
0
-313.569
-204.164
0
-309.81
-214.803
0
-347.254
-145.473
0
-84.5967
-0
0
-0
-0
0
-0
-0
0
0
-0
0
0
-0
-0
-0
-0
-0
-0
-0
-0
-0
-0
-0
-231.535
-147.267
-0
-261.943
-65.2516
0
-297.321
-14.3519
0
-284.366
-70.7851
0
-261.443
-155.977
0
-286.248
-146.957
0
-275.696
-223.193
0
-269.715
-290.214
0
-269.159
-114.377
0
-0
-0
0
-0
-0
0
-0
-0
0
-0
-0
0
0
-0
-0
-0
-0
-0
-0
-0
-0
-0
-0
-0
-0
-366.726
-0
-225.384
-67.6651
-0
-236.094
-41.9795
0
-224.315
-71.2422
0
-249.939
-0
0
-156.023
-216.318
0
-245.839
-11.5853
0
-151.212
-266.946
0
-238.033
-141.067
0
-212.877
-276.653
0
-112.418
-86.2651
0
-0
-0
0
-0
-0
0
-0
-0
0
-0
-0
0
624.258
0
0
0
-0
0
0
-0
-0
0
-0
-0
0
-0
-0
0
-0
-0
-0
-0
-0
-0
-0
-0
-0
-0
-0
-0
-172.493
-0
-0
-270.626
-0
-0
-320.416
-0
-203.692
-0
-0
-157.722
-88.1937
-0
-193.552
-21.1859
0
-153.872
-65.8801
0
-126.119
-150.78
0
-188.897
-0
0
-58.4739
-289.247
0
-118.569
-80.789
0
-106.649
-0
0
-0
-0
0
-0
-0
0
-0
-0
0
-0
-0
0
0
-0
0
0
-0
0
0
-0
-0
0
-0
-0
0
-0
-0
0
-0
-0
-0
-0
-0
-0
-0
-0
-0
-0
-0
-0
-0
-0
-0
-114.763
-0
-0
-159.839
-0
-61.9099
-53.4599
-0
-163.757
-0
-0
-160.558
-0
-0
-130.176
-28.1036
-0
-139.127
-0
0
-111.962
-0
0
-86.1774
-0
0
-0
-0
0
-0
-0
0
-0
-0
0
-0
-0
0
-0
-0
0
-0
-0
0
0
0
0
0
0
-0
0
0
-0
0
0
-0
0
0
-0
-0
0
-0
-0
0
-0
-0
-0
-0
-0
-0
-0
-0
-0
-0
-0
-0
-0
-0
-0
-0
-0
-0
-0
-0
-0
-0
-0
-0
0
-0
-0
0
-0
-0
0
-0
-0
0
-0
0
0
0
0
0
0
0
0
0
0
0
0
0
0
0
0
0
0
0
0
0
0
0
0
73.3368
-0
0
0
-0
0
0
0
0
0
0
0
0
0
0
0
0
0
0
0
0
0
0
0
0
0
0
0
0
