-111.515
-139.332
15.0979
-169.432
-102.951
-2.1206
-51.9271
-83.213
181.657
-120.135
-47.7649
45.872
-325.156
-79.8106
69.9749
-382.678
-66.1059
62.3625
-242.607
-21.5269
120.056
26.1911
36.1227
-33.7849
-204.946
-16.8126
13.9247
-328.79
-55.2915
26.4702
-372.396
-51.1251
50.1784
-354.246
-15.0772
79.1819
-197.293
43.5381
144.83
109.955
104.232
-118.97
-48.6455
65.8328
-6.86768
-199.721
16.8629
-0.409634
-291.586
-5.40662
12.8337
-332.686
-13.2468
31.8101
-345.324
-13.6223
59.5306
-330.585
-18.5669
92.2477
-289.493
-40.7876
121.369
-251.99
-67.1676
84.3899
-130.277
-26.0587
26.5592
-31.6535
128.533
-3.51394
-182.955
50.5582
15.2873
-259.434
10.7587
19.3364
-296.56
-12.1909
28.9569
-318.728
-33.2985
41.0638
-333.063
-56.6207
57.9569
-344.953
-90.2373
67.5716
-360.688
-131.282
83.4179
-330.821
-147.266
92.1268
-222.889
-117.962
65.5055
-125.501
-87.0163
16.0944
-6.97561
-32.2361
-16.4086
58.8467
-6.6821
-21.7153
-138.48
37.1419
-7.84551
-235.958
-23.8717
1.03547
-273.792
-53.9093
8.27228
-287.211
-68.4668
17.0779
-298.587
-80.9015
28.2034
-308.997
-91.0073
40.5289
-319.821
-104.56
52.8682
-328.581
-120.34
59.6379
-328.506
-134.884
63.2731
-319.952
-152.062
67.7185
-273.371
-151.195
68.3576
-112.946
-91.5717
52.6862
12.3611
-46.9478
26.1402
106.948
-10.0715
37.3555
73.3547
44.744
-11.9647
-110.203
-38.4286
-22.8457
-215.347
-84.9339
-24.4463
-256.235
-102.178
-12.8707
-267.31
-107.412
-1.24856
-264.785
-109.076
8.05976
-265.688
-113.922
16.9112
-272.77
-123.759
26.5534
-282.868
-133.897
36.1379
-296.607
-144.892
47.6556
-309.045
-155.347
56.5547
-308.212
-158.808
60.561
-288.096
-151.801
60.0907
-187.395
-105.674
55.3909
-73.5807
-50.9887
42.2149
9.39546
-14.2574
31.4531
85.8526
6.65384
36.3358
47.0649
2.2706
-26.834
-87.1028
-57.8001
-35.0561
-159.347
-91.2957
-35.3793
-201.125
-108.044
-27.7696
-218.254
-115.858
-19.5025
-225.38
-118.936
-10.6754
-225.914
-118.91
-2.65078
-223.672
-118.266
5.81447
-223.478
-118.39
14.3794
-225.121
-119.741
22.3258
-228.291
-122.474
29.0303
-240.852
-130.901
35.7671
-248.572
-138.553
44.5387
-243.972
-141.531
53.1674
-220.896
-136.395
58.05
-163.967
-113.737
53.1853
-103.424
-83.6284
43.475
-19.8571
-39.2529
38.1044
85.6387
9.38336
76.2562
192.598
-19.7371
-20.0448
125.953
-75.2256
-2.93544
64.9658
-114.923
7.40708
31.7056
-126.843
0.262369
-3.57735
-133.412
-20.7148
-28.5059
-131.042
-33.251
-53.748
-129.032
-32.3892
-82.5197
-133.543
-28.2578
-109.115
-136.697
-23.4846
-130.69
-135.254
-16.7962
-146.348
-131.24
-10.5123
-157.381
-126.999
-4.55592
-166.258
-122.078
0.556869
-170.36
-115.258
5.1786
-170.849
-108.379
8.97079
-170.182
-102.285
12.4335
-172.523
-98.505
14.591
-172.154
-93.498
16.7367
-169.955
-87.9303
18.5232
-165.486
-80.1115
19.7314
-162.76
-72.1086
20.7106
-159.875
-64.7997
23.5929
-141.928
-51.3385
31.8337
-76.7878
-18.5932
36.7788
-3.98233
16.9668
38.1113
51.7405
43.0755
64.8579
81.6286
54.4139
120.53
91.6609
-23.0287
-79.2271
26.8668
-71.6315
-30.7283
-21.1408
-97.1455
8.54366
-52.7527
-102.088
23.6783
-71.74
-101.265
24.0749
-84.6654
-100.261
22.459
-92.6389
-98.321
21.0882
-101.279
-99.3428
19.7142
-110.667
-101.329
16.4313
-120.296
-101.024
13.6976
-128.56
-99.7268
11.9434
-135.533
-97.7767
12.4164
-139.481
-92.6314
13.8047
-140.468
-85.4549
15.1247
-140.505
-78.3939
16.8827
-137.735
-70.743
19.0887
-134.828
-61.7966
22.1831
-130.381
-53.9517
24.8394
-121.571
-43.9712
26.4127
-103.056
-28.1427
27.8381
-76.3171
-7.50982
30.0605
-47.5018
14.5301
32.676
-13.2696
40.8013
38.2931
30.7054
67.6632
61.4435
102.634
81.7026
-85.3232
38.2111
31.8343
-53.0582
-8.10943
-3.77277
-36.523
-34.3742
-24.4716
-26.8746
-44.0755
-33.4796
-16.2185
-52.3496
-41.4746
-6.00428
-58.3277
-42.8762
3.59688
-63.1307
-41.6039
12.6738
-75.5865
-41.8826
22.5326
-92.5235
-43.0827
25.9146
-113.491
-47.9035
23.1634
-125.454
-48.9905
18.6893
-124.908
-45.8467
13.1256
-114.015
-38.9372
7.4025
-95.5357
-29.6698
3.62
-79.394
-21.7106
2.79985
-67.7183
-15.923
5.95992
-46.2479
-7.78302
9.36081
-10.1703
8.63702
16.4775
22.2317
25.9367
26.4951
42.7231
40.601
40.5284
44.7766
49.1383
51.4757
41.2426
50.0974
60.9833
41.157
48.2302
65.4127
33.1379
42.1564
64.8941
-8.54918
95.4153
6.7032
-24.1322
82.9719
8.48706
-29.1436
78.0251
9.65183
-26.5814
78.2419
7.82383
-19.7663
77.6325
4.99247
-10.5417
76.9249
4.72865
0.362039
76.4077
4.9011
11.7348
75.2313
4.30483
26.5109
75.1931
9.13406
54.4877
80.4136
20.2514
