-0
-0
0
-0
-0
0
-0
-0
0
-0
-0
0
-0
-0
0
-0
-0
0
-0
-0
0
0
0
0
-0
-0
0
-0
-0
0
-0
-0
0
-0
-0
0
-0
-0
0
0
0
-0
-0
0
-0
-0
-0
-0
-0
-0
-0
-117.789
-0
0
-300.476
-0
0
-0
-0
0
-0
-0
0
-0
-0
-0
-0
-0
-0
-0
-0
-0
-0
-0
-0
-0
-0
-0
-65.5405
-0
0
-335.158
-0
0
-283.112
-0
0
-284.953
-0
0
-170.924
-0
0
-0
-0
0
-0
-0
0
-0
-0
0
-0
-0
-0
0
-0
-0
-0
-0
0
-0
-0
-0
-0
-0
-0
-149.737
-0
0
-310.107
-0
0
-299.427
-0
0
-328.907
-0
0
-279.833
-203.123
0
-365.22
-0
0
-103.401
-0
0
-0
-0
0
-0
-0
0
-0
-0
0
0
-0
0
0
-0
0
-0
-0
0
-0
-0
-0
-0
-0
-0
-0
-0
-0
-122.082
-126.241
0
-246.342
-103.288
0
-288.91
-11.5568
0
-189.316
-276.629
0
-328.988
-17.8061
0
-215.195
-375.186
0
-291.554
-116.105
0
-0
-0
0
-0
-0
0
-0
-0
0
-0
-0
0
-0
-0
0
0
-0
0
-0
-0
0
-0
-0
-0
-0
-0
-0
-0
-0
-0
-0
-191.461
-0
-90.457
-276.603
-0
-248.333
-0
0
-211.161
-46.3558
0
-136.382
-223.081
0
-230.882
-27.7713
0
-180.023
-178.306
0
-201.675
-247.669
0
-65.4952
-0
0
-0
-0
0
-0
-0
0
-0
-0
0
-0
-0
0
-0
-0
0
0
0
0
0
-0
0
0
-0
-0
0
-0
-0
0
-0
-0
0
-0
-0
-0
-0
-0
-0
-0
-0
-0
-0
-0
-0
-0
-0
-0
-0
-0
-0
-75.8435
-0
-0
-273.116
-0
-63.6353
-153.864
-0
-218.87
-0
-0
-137.081
-97.2415
-0
-135.62
-94.7231
0
-155.31
-0
0
-134.808
-0
0
-0
-0
0
-0
-0
0
-0
-0
0
-0
-0
0
-0
-0
0
-0
-0
0
-0
-0
0
0
-0
0
0
-0
-0
0
-0
-0
0
-0
-0
0
-0
-0
0
-0
-0
-0
-0
-0
-0
-0
-0
-0
-0
-0
-0
-0
-0
-0
-0
-0
-0
-0
-0
-0
-0
-0
-0
-0
-0
-0
-0
-0
-0
-0
-0
-0
-0
-0
-0
-0
0
-0
-0
0
-0
-0
0
-0
-0
0
-0
-0
0
-0
-0
0
-0
-0
0
0
0
0
0
0
-0
0
0
-0
0
0
-0
0
0
-0
0
0
-0
-0
0
-0
-0
0
-0
-0
-0
-0
-0
-0
-0
-0
-0
-0
-0
-0
-0
-0
-0
-0
-0
-0
-0
-0
-0
-0
-0
-0
0
-0
0
0
-0
0
0
-0
0
0
0
0
0
0
0
0
0
0
0
0
0
0
0
0
0
0
0
0
0
0
0
0
0
-0
0
0
-0
0
0
0
0
0
0
0
0
0
0
0
0
0
0
0
0
0
0
0
0
0
0
0
0
