0.373302
-186.644
453.122
-350.308
494.949
32.0488
-209.225
156.17
-219.159
-169.334
-87.3695
166.51
-294.44
-372.235
-156.398
-672.518
359.486
247.36
-475.902
284.531
310.09
23.5007
15.5483
136.404
-271.299
-33.717
-3.98305
-348.679
-151.385
124.935
-582.233
163.343
-115.228
-534.598
151.739
158.658
-327.333
354.722
238.573
-20.6798
28.1841
80.8376
23.8833
-49.3922
3.54071
-247.129
51.9683
125.506
-198.573
-197.505
24.7984
-530.042
428.556
193.519
-458.155
201.011
-168.855
-322.813
-44.0436
-50.582
-221.93
-185.491
427.97
-402.888
124.104
170.606
-135.914
-146.994
-164.211
-19.227
89.9265
38.3349
-170.454
-46.3444
-79.4164
-178.99
-75.7109
0.631197
-398.146
324.361
-143.372
-421.993
358.536
206.776
-164.081
-334.42
183.015
-229.501
-211.211
-135.265
-428.535
29.9175
114.648
-236.859
-446.639
531.755
-370.091
227.608
172.013
-151.829
-140.921
-242.407
149.099
-373.555
-48.4055
-56.791
144.52
77.2603
-108.636
-41.0392
-42.4136
-366.964
201.579
-78.4545
-221.859
-205.801
-292.343
-445.177
215.068
-51.9489
-247.725
-271.178
45.7724
-442.005
220.459
144.023
-246.608
-293.79
237
-231.976
-441.045
374.24
-451.246
126.435
-15.2314
-525.575
236.296
21.5074
-293.69
-310.414
443.075
-46.6537
-162.215
103.485
8.34046
-1.47574
-129.05
44.0561
17.8971
-60.6244
-130.425
172.332
-68.0641
-151.764
-116.506
-129.798
-268.068
-157.741
-69.8126
-447.062
154.952
11.4521
-404.023
37.7354
125.75
-317.183
-226.267
41.7965
-499.059
171.817
24.4074
-265.687
-404.533
44.5829
-224.196
-465.732
325.949
-575.702
348.939
-51.8643
-425.207
-29.0016
33.8438
-368.78
-152.116
271.39
-419.887
-18.387
-34.559
-209.57
-71.6681
66.1353
-143.957
149.458
117.945
56.0947
-167.453
-48.3337
27.2767
129.186
38.0272
-189.335
266.035
-104.171
-127.887
-135.152
-56.2997
-209.578
-138.125
94.3743
-250.928
-153.166
32.3358
-361.12
34.254
3.38062
-156.518
-372.934
114.634
-450.308
319.209
134.379
-164.669
-268.274
111.143
-174.063
-227.828
197.557
-258.793
-16.2726
-352.743
-299.502
57.6723
-71.8559
-186.675
-253.445
63.7737
-416.558
219.566
-177.185
-182.414
-287.888
110.969
-192.018
-279.434
203.37
-338.564
210.264
125.068
-303.572
250.8
-22.3869
246.739
-712.788
-63.838
-104.914
403.912
137.527
304.051
-314.513
-12.9014
-67.1568
141.749
-53.544
282.662
-655.089
114.538
-55.1421
17.2576
240.299
-116.405
58.6169
-10.0833
24.688
-250.858
-84.2158
-161.761
117.598
-205.804
77.8342
-454.352
18.1878
-67.7159
-207.013
152.665
-3.68746
-366.561
57.3729
-217.781
78.5857
76.9704
-185.053
-18.7599
11.478
-112.615
-159.038
-186.805
-42.2657
-290.569
-126.659
-73.4299
-158.05
68.2766
-265.714
281.892
-199.628
-106.585
-110.652
150.757
-56.566
-279.562
44.2568
-264.407
146.452
-83.8645
-127.388
-162.695
176.217
-80.5516
-245.186
89.0529
-115.825
-193.774
16.2735
-328.193
230.214
95.2881
-179.65
187.104
329.452
-128.489
301.95
125.394
182.749
-281.957
-209.751
-135.16
248.283
254.295
368.763
-850.618
-4.01139
-216.004
345.322
-147.667
-151.033
126.692
24.4193
-238.581
272.493
-41.0625
115.37
-502.733
158.156
-5.89756
-263.567
97.5937
27.9728
-332.921
-5.56012
-142.807
20.8189
38.7737
-62.4893
-181.312
17.4815
-418.714
542.27
42.6028
-244.309
141.812
23.0015
-113.984
-201.772
-91.1871
-144.023
-181.834
-241.752
-46.5327
-415.612
228.142
-121.993
-245.269
162.643
-412.308
409.631
171.501
-136.017
-138.508
220.518
-180.093
-20.0703
72.7068
-85.7618
-170.81
108.305
-165.032
74.4689
92.7892
-191.732
224.823
16.7628
80.2569
-271.178
8.73643
-111.583
238.855
337.558
-179.84
576.368
372.567
-306.761
731.558
-172.549
264.406
-600.165
68.8304
-123.82
98.3739
-7.57136
13.013
-246.707
-58.9095
-133.613
81.1562
-43.3095
47.3227
-324.497
-56.3177
-187.249
150.017
-14.9252
-190.151
185.482
22.9166
-115.383
-16.6999
213.111
-233.135
235.638
266.36
111.65
-559.145
388.441
-141.68
-51.453
-39.8379
-137.273
-22.8059
-121.812
-83.6709
-93.1438
-64.1925
-148.317
139.283
-46.7337
-115.658
138.301
-16.064
-59.4741
21.432
-122.182
143.593
-372.977
-100.28
45.2087
-25.317
172.082
144.422
-106.625
195.467
123.498
-6.90078
-86.0331
34.6997
227.761
5.55066
-229.774
749.325
282.916
503.988
-783.174
200.724
98.1652
382.158
479.981
-285.731
741.344
-276.895
-79.4301
231.556
-81.9678
-28.4251
107.963
-26.5242
79.2498
-138.534
-36.8327
-92.9971
200.56
4.74626
-112.177
254.434
-10.5996
-98.0697
227.538
88.1808
121.099
-226.921
12.766
254.88
-498.214
-88.5721
-290.144
688.371
-124.644
