-18.0535
-150.674
422.463
-334.283
450.222
10.7889
-221.834
153.476
-164.529
-171.917
-78.9106
158.108
-312.891
-331.402
-148.995
-635.956
275.816
268.867
-484.693
307.059
290.56
17.1622
25.632
127.651
-275.295
-25.6386
-14.2364
-349.259
-147.334
117.602
-536.356
106.224
-136.76
-519.644
148.817
179.009
-322.955
356.215
258.519
-19.4132
28.3393
82.2159
10.0259
-21.6621
3.72667
-256.537
63.3323
118.198
-241.231
-113.708
-32.2188
-466.814
281.524
158.563
-443.36
153.995
-132.773
-346.879
-10.2314
12.4995
-266.434
-101.109
429.41
-390.851
76.363
162.267
-153.143
-123.367
-152.784
-25.7449
105.74
43.7675
-203.877
29.7947
-91.2288
-210.885
-31.0108
30.2533
-348.376
191.153
-120.242
-383.196
227.499
202.309
-216.579
-247.783
177.512
-278.9
-126.776
-109.309
-436.157
46.0966
109.821
-251.862
-411.229
459.988
-325.704
134.61
168.348
-148.803
-141.938
-191.679
111.318
-271.107
-72.2173
-22.5067
70.821
56.5781
-133.436
7.7037
-67.7226
-347.699
154.217
-41.7793
-247.008
-150.269
-228.959
-369.149
69.1766
2.94725
-247.704
-243.204
26.7553
-421.524
179.995
98.0259
-290.067
-182.717
202.849
-251.677
-368.162
316.005
-424.212
80.0406
4.11058
-465.561
116.118
30.9627
-314.564
-256.884
374.578
-50.7955
-148.374
119.525
30.0712
-28.0806
-83.5625
47.7485
16.181
-63.618
-124.064
148.457
-52.5287
-181.403
-56.1232
-136.663
-268.054
-164.896
-57.1237
-416.195
93.4348
3.03483
-390.975
14.2661
140.185
-308.704
-205.252
11.376
-447.965
89.7314
23.7038
-308.43
-281.94
43.0341
-269.342
-358.899
250.998
-532.567
248.377
-18.2596
-411.746
-62.8091
70.2376
-379.893
-120.88
244.534
-423.689
-30.2532
-25.2947
-213.305
-83.5205
40.6625
-98.6315
49.5364
111.236
19.1359
-79.2391
-6.80653
29.7671
124.724
48.146
-166.109
195.346
-76.1643
-168.069
-51.196
-64.6509
-217.373
-122.456
78.9091
-250.251
-145.084
11.0874
-311.51
-54.7867
18.3423
-212.224
-248.489
71.7002
-383.035
163.195
143.543
-204.974
-195.817
92.5657
-202.462
-189.009
155.802
-293.16
30.002
-247.084
-289.314
18.3937
-58.0292
-216.223
-205.478
27.2064
-375.382
112.232
-134.781
-241.333
-183.434
127.191
-228.672
-218.043
182.527
-288.481
87.8525
66.6546
-269.799
158.043
-40.0344
183.523
-582.726
-29.5711
-103.223
395.328
136.806
311.214
-300.129
-8.21959
-54.9773
117.827
-49.0232
254.105
-592.027
96.7771
-31.746
-28.0346
218.526
-77.232
-22.9953
18.0455
3.11245
-206.31
-39.8153
-126.933
42.3337
-161.074
20.5408
-327.112
-8.99926
-73.0266
-195.325
112.918
-46.5862
-273.582
27.3075
-181.516
4.94828
51.7161
-133.206
-121.397
-12.8221
-99.3923
-194.021
-89.3971
-75.4013
-223.987
-95.1236
-96.1277
-127.374
53.2957
-245.774
221.077
-151.502
-129.26
-72.0746
104.853
-95.1749
-191.51
45.0867
-212.932
38.9006
-26.6036
-131.456
-147.356
164.434
-111.653
-179.157
63.3497
-161.835
-95.7668
27.7974
-279.826
129.984
118.83
-169.367
156.294
276.397
-107.47
241.107
62.2677
135.821
-183.64
-207.866
-117.136
200.348
246.073
312.236
-736.475
-2.72985
-147.103
196.945
-131.4
-100.436
25.4334
33.2093
-217.509
232.925
-18.1736
32.5499
-316.135
122.993
-14.1191
-235.834
84.9229
-22.6353
-219.428
-4.80915
-136.077
5.49579
39.9923
-65.6732
-176.831
18.8549
-276.048
242.382
69.6722
-213.681
77.3507
-6.42583
-140.531
-133.221
-50.7203
-173.74
-101.969
-175.087
-88.8753
-301.565
173.662
-142.837
-184.115
139.563
-299.187
187.76
176.87
-145.124
-97.8676
211.942
-174.555
-9.19736
83.7047
-129.924
-60.1015
126.244
-140.76
34.8016
103.116
-150.189
156.304
27.3834
31.5159
-147.256
23.3173
-122.313
272.446
296.968
-101.935
420.062
323.94
-198.714
523.882
-190.036
172.204
-403.409
11.3645
-105.824
59.9758
-16.3861
-38.4523
-140.532
-48.7039
-107.698
23.955
-19.8058
-2.74604
-219.826
-18.9066
-133.568
41.9202
24.727
-133.366
78.0537
12.2031
-133.918
29.0743
171.598
-133.598
30.8512
203.334
15.8261
-356.639
343.707
-172.459
14.7237
4.61266
-135.884
-21.1743
-72.662
-91.6403
-70.21
-83.1916
-109.735
64.4976
-88.6127
-65.9176
37.0939
-22.1225
-49.4538
4.7668
-76.6419
53.6572
-180.605
-54.7361
46.9047
-14.4163
131.885
131.556
-74.8745
152.071
155.301
-59.8626
-28.3819
18.0803
270.222
41.3438
-94.645
468.93
280.549
364.776
-486.509
203.111
184.506
199.162
475.094
-270.915
688.607
-285.656
-77.8225
214.278
-103.323
-50.0472
143.147
-38.6858
3.64097
11.9884
-14.1593
-54.29
118.835
22.1176
-55.831
129.475
-17.3927
-81.9582
188.402
42.4217
57.867
-105.161
-2.74374
131.029
-247.502
-58.5637
-180.046
445.891
-85.0771
