-0
-89.5004
0
-189.696
-0
0
-0
-0
176.493
-79.2173
-107.227
0
-463.095
-19.4754
130.833
-523.056
-0
0
-343.307
-0
148.449
-0
-0
-0
-181.45
-0
0
-376.698
-0
0
-415.213
-0
85.3103
-424.65
-0
34.92
-175.228
0
225.7
0
45.009
-240.87
-0
26.4686
-0
-235.104
0
0
-339.696
0
0
-371.314
0
34.2318
-375.762
0
149.323
-343.343
-0
63.1383
-288.224
-0
92.6299
-300.172
-55.2031
0
-0
-0
-0
-0
134.574
-0
-196.602
0
0
-297.022
0
0
-300.509
0
0
-330.05
-0
0
-358.106
-0
63.8495
-378.014
-0
5.60807
-423.771
-80.6968
12.4024
-265.507
-478.615
120.481
-280.366
-0
51.967
-63.3032
-110.601
0
-0
-0
0
0
-0
0
-124.422
-0
-0
-278.337
-0
-0
-309.322
-0
0
-313.092
-43.1239
0
-326.867
-59.3492
0
-372.464
-0
0
-391.599
-0
42.5249
-343.626
-132.233
121.831
-314.292
-205.29
0
-357.646
-169.854
0
-331.9
-298.066
126.485
-98.2765
-0
34.0361
-0
-0
0
0
-0
0
0
-0
-0
-86.6199
-0
-0
-290.414
-82.3994
-0
-285.124
-129.255
-0
-341.867
-17.8556
0
-298.414
-89.1002
0
-325.685
-32.8565
0
-349.26
-28.0299
0
-323.033
-115.147
16.8458
-319.008
-154.489
23.7345
-350.244
-132.575
82.0474
-289.056
-265.96
63.2861
-336.983
-229.261
0
-247.041
-35.8374
0
-28.8597
-0
0
-0
-0
0
0
-0
0
0
-0
-0
-62.7508
-0
-0
-161.688
-200.999
-0
-269.203
-31.3638
-0
-248.115
-103.564
-0
-279.153
-55.4297
0
-271.896
-56.0917
0
-286.062
-17.3744
0
-286.579
-15.9092
0
-264.612
-65.6781
0
-225.325
-135.493
0
-225.061
-197.596
0
-269.751
-127.633
0
-275.784
-122.244
0
-274.889
-135.224
0
-179.582
-147.735
0
-91.9507
-154.569
0
-0
-0
0
0
-0
0
442.67
-0
0
24.4599
-0
0
22.501
-0
-0
34.4413
-202.424
-0
0
-228.093
-0
-0
-203.896
-0
-0
-175.807
-0
-36.0794
-188.566
-0
-101.843
-130.592
-0
-92.5663
-188.439
-0
-143.021
-97.5524
-0
-144.029
-102.74
-0
-155.489
-100.336
0
-166.28
-61.837
0
-195.764
-0
0
-187.614
-0
0
-179.308
-46.4567
0
-119.115
-162.172
0
-147.87
-108.226
0
-120.329
-144.352
0
-186.208
-0
0
-163.699
-67.8575
0
-169.421
-102.272
0
-12.4793
-0
0
-0
-0
0
0
-0
0
0
-0
0
41.7286
-0
-0
0
-0
-0
-0
-152.381
0
-0
-226.186
0
-58.6405
-128.264
-0
-107.343
-83.1765
-0
-97.5267
-108.799
-0
-133.068
-52.0213
-0
-119.735
-98.7143
-0
-152.821
-55.6105
-0
-158.017
-46.8189
0
-189.546
-0
0
-197.773
-0
0
-185.829
-0
30.8178
-178.21
-0
58.9796
-141.596
-49.5886
43.0328
-125.943
-82.7938
28.5859
-117.406
-83.1697
19.1735
-149.636
-0
20.3928
-117.93
-0
26.3759
-62.1746
-0
28.2601
-0
-0
39.1379
-0
-0
14.6951
0
0
70.5109
273.854
0
-59.4095
0
0
-0
-0
-0
-53.977
-0
-0
-47.7548
-15.4729
-0
-35.5403
-62.1562
-0
-0
-67.1794
-0
-0
-81.8259
-0
-0
-107.398
0
0
-142.089
0
0
-175.471
0
0
-192.113
-0
0
-168.331
-0
0
-149.605
-0
0
-110.733
-0
0
-86.5006
-0
0
-98.8457
-0
0
-0
-0
0
-0
0
44.3652
0
0
34.0857
0
0
55.0525
61.8169
0
17.9041
34.3002
0
70.284
0
0
0
0
0
0
-84.2948
914.921
-0
-1.7153
0
-0
-1.27589
64.7012
-0
-0
79.1918
0
-0
81.0486
0
-0
82.7919
0
-0
70.9837
37.324
0
118.547
9.81632
0
0
0
52.4152
0
0
