-0
-0
0
-0
-0
0
-0
-0
0
-0
-0
0
-0
-0
0
-0
-0
0
-0
-0
0
0
-0
-0
-0
-0
0
-0
-0
0
-418.933
-0
0
-0
-0
0
-0
-0
0
0
0
-0
-0
0
-0
-0
-0
-0
-0
-0
0
-394.539
-0
0
-289.353
-0
0
-223.234
-0
0
-0
-0
0
-0
-0
0
-0
-0
-0
-0
0
-0
-0
-0
-0
-0
-0
-0
-327.435
-0
0
-310.165
-0
0
-332.689
-0
0
-302.67
-0
0
-346.425
-0
0
-119.731
-0
0
-0
-0
0
-0
-0
0
-0
-0
0
0
-0
-0
-0
-0
-0
-0
-0
-0
-73.3852
-0
-0
-310.102
-0
0
-298.83
-0
0
-323.38
-0
0
-288.052
-122.063
0
-353.99
-128.249
0
-262.943
-310.085
0
-359.604
-14.3
0
-0
-0
0
-0
-0
0
-0
-0
0
0
-0
0
0
-0
0
-0
-0
-0
-0
-0
-0
-0
-0
-0
-143.591
-89.8213
-0
-242.511
-139.462
0
-300.141
-0
0
-280.773
-69.6111
0
-246.999
-174.393
0
-305.92
-104.582
0
-251.982
-261.667
0
-292.992
-269.141
0
-200.584
-67.8521
0
-0
-0
0
-0
-0
0
-0
-0
0
-0
-0
0
0
-0
0
-0
-0
-0
-0
-0
-0
-0
-0
-0
-0
-167.382
-0
-94.4017
-298.595
-0
-256.703
-0
0
-213.278
-70.1956
0
-244.744
-0
0
-140.616
-233.773
0
-246.129
-0
0
-140.79
-274.57
0
-242.235
-136.149
0
-204.632
-281.516
0
-35.0398
-0
0
-0
-0
0
-0
-0
0
-0
-0
0
-0
-0
0
429.97
0
0
0
-0
0
0
-0
-0
0
-0
-0
0
-0
-0
0
-0
-0
-0
-0
-0
-0
-0
-0
-0
-0
-0
-0
-0
-0
-0
-273.425
-0
-0
-314.865
-0
-133.346
-85.0459
-0
-161.412
-101.206
-0
-213.136
-0
-0
-155.895
-73.7326
0
-152.775
-104.282
0
-158.785
-84.581
0
-79.0678
-204.192
0
-150.953
-0
0
-43.4652
-0
0
-0
-0
0
-0
-0
0
-0
-0
0
-0
-0
0
-0
-0
0
0
-0
0
0
-0
-0
0
-0
-0
0
-0
-0
0
-0
-0
-0
-0
-0
-0
-0
-0
-0
-0
-0
-0
-0
-0
-0
-0
-0
-0
-112.336
-0
-0
-96.5308
-0
-67.1802
-0
-0
-143.887
-0
-0
-111.784
-0
-0
-113.823
-0
-0
-98.2937
-0
0
-0
-0
0
-0
-0
0
-0
-0
0
-0
-0
0
-0
-0
0
-0
-0
0
-0
-0
0
0
0
0
0
0
-0
0
0
-0
0
0
-0
0
0
-0
0
0
-0
-0
0
-0
-0
-0
-0
-0
-0
-0
-0
-0
-0
-0
-0
-0
-0
-0
-0
-0
-0
-0
-0
-0
-0
-0
-0
0
-0
-0
0
-0
-0
0
-0
0
0
-0
0
0
0
0
0
0
0
0
0
0
0
0
0
0
0
0
0
0
0
0
0
0
0
0
0
-0
0
0
-0
0
0
0
0
0
0
0
0
0
0
0
0
0
0
0
0
0
0
0
0
0
0
0
0
