-0
-143.442
0
-134.996
-0
0
-0
-0
74.2913
-0
-150.291
0
-447.093
-0
99.1813
-520.606
-0
0
-285.359
-0
160.762
-0
-0
-0
-149.634
-0
0
-386.304
-0
0
-407.414
-0
84.5527
-435.682
-0
45.6683
-96.2732
0
163.178
0
19.4455
-238.56
-0
0
-0
-207.323
0
-0
-349.97
0
0
-372.748
0
0
-379.284
-0
124.344
-342.436
-0
101.244
-283.421
-0
23.7502
-263.368
-0
0
-0
-0
0
-0
86.8898
-0
-155.798
0
-0
-306.012
0
0
-303.008
0
0
-324.438
-0
0
-354.185
-0
0
-377.649
-0
20.2054
-399.29
-127.306
4.91347
-266.054
-480.604
145.574
-272.83
-0
19.9045
-52.7906
-0
0
-0
-0
0
0
-0
0
-81.929
-0
-0
-277.682
-0
-0
-310.147
-0
0
-327.726
-0
0
-343.613
-27.9265
0
-379.072
-0
0
-395.636
-0
9.16366
-304.356
-237.763
127.581
-337.652
-156.622
0
-365.87
-159.326
0
-349.553
-269.355
123.615
-78.5001
-0
16.7849
-0
-0
0
0
-0
0
0
-0
-0
-4.87186
-0
-0
-293.868
-61.1938
-0
-252.238
-184.127
-0
-343.332
-0
0
-299.222
-72.5468
0
-318.014
-37.5304
0
-353.523
-0.395566
0
-299.994
-150.476
32.3191
-288.112
-200.972
0
-346.96
-131.33
37.9433
-283.019
-265.594
43.6899
-345.077
-209.871
0
-240.184
-37.1544
0
-0
-0
0
-0
-0
0
0
-0
0
0
-0
-0
-0
-0
-0
-148.731
-186.833
-0
-242.286
-81.6231
-0
-240.655
-100.735
-0
-269.674
-61.9396
-0
-274.274
-38.2068
0
-280.778
-13.6178
0
-274.804
-26.0568
0
-254.036
-71.9393
0
-216.456
-136.803
0
-218.234
-201.591
0
-248.156
-167.126
0
-284.665
-103.874
0
-278.357
-126.415
0
-154.319
-209.47
0
-82.2153
-90.992
0
-0
-0
0
0
-0
0
457.73
-0
0
32.5049
-0
0
0
-0
-0
0
-21.8877
-0
0
-246.581
-0
-0
-185.343
-0
-0
-154.261
-0
-10.6424
-240.867
-0
-138.57
-58.5516
-0
-65.9927
-266.533
-0
-170.027
-57.8717
-0
-132.689
-141.005
-0
-183.499
-57.3946
-0
-178.437
-53.7811
0
-203.706
-1.20234
0
-190.319
-6.42166
0
-192.436
-33.1038
0
-124.517
-157.836
0
-143.339
-124.645
0
-116.093
-154.609
0
-186.425
-0
0
-165.357
-68.386
0
-147.92
-96.9009
0
-0
-0
0
-0
-0
0
0
-0
0
0
0
0
51.8802
-0
-0
0
-0
-0
-0
-35.5181
-0
-0
-220.748
-0
-0
-211.78
-0
-125.403
-30.1244
-0
-84.9568
-130.967
-0
-116.251
-80.8354
-0
-119.271
-95.8738
-0
-140.938
-76.6204
-0
-176.187
-0
-0
-188.987
-0
0
-198.779
-0
0
-185.516
-0
0
-176.707
-0
40.0889
-153.905
-20.4064
34.1896
-113.719
-109.456
9.80111
-114.633
-91.1526
0
-145.294
-0
0
-118.71
-0
9.86159
-28.4907
-0
27.5909
-0
-0
20.1076
-0
-0
13.6781
0
0
9.37009
308.897
0
-43.7326
0
0
-0
0
-0
-10.2809
-0
-0
-54.5408
-0
-0
-22.3927
-5.87507
-0
-0
-58.7288
-0
-0
-69.5474
-0
-0
-102.116
0
-0
-136.421
0
0
-169.055
0
0
-188.786
-0
0
-158.455
-0
0
-142.546
-0
0
-99.2248
-0
0
-81.074
-0
0
-46.4913
-0
0
-0
-0
0
-0
0
12.5199
0
0
22.3107
0
0
45.1943
31.5717
0
29.1777
49.5496
0
0
0
0
0
0
0
0
-0
939.87
-0
-0
0
-0
-0
72.2581
-0
-0
98.034
0
-0
94.7075
0
-0
84.3923
0
0
90.2115
0
0
32.3169
19.3707
0
0
0
81.8595
0
0
