-32.7717
-38.9591
0
-222.964
-0
-0
-0
-0
261.305
-165.807
-26.3642
46.9565
-468.739
-44.8696
132.359
-530.102
-0
0
-388.734
0
120.565
0
-0
-0
-212.942
-0
0
-376.007
-0
0
-412.715
-0
76.5298
-412.663
0
29.6405
-222.353
0
240.496
0
66.7215
-193.003
-0
35.1219
0
-267.473
36.5845
0
-352.48
44.4022
0
-377.688
0
43.0123
-383.456
0
154.493
-356.397
-0
58.9593
-315.497
-0
145.984
-308.04
-106.702
0
-96.8473
-0
-0
-0
161.701
0
-237.523
46.9849
0
-289.164
0
9.02659
-300.173
0
48.6963
-331.325
-0
12.3951
-352.471
-0
81.3344
-373.446
-0
0
-412.299
-89.9934
22.1342
-281.458
-429.966
108.747
-277.58
-0
58.9952
-66.8012
-218.652
0
0
-0
0
0
0
0
-154.354
0
0
-288.368
-0
0
-306.604
-0
0
-296.759
-72.724
0
-335.896
-25.3744
0
-344.825
-35.0927
0
-381.81
-0
77.7819
-341.499
-121.903
122.38
-336.883
-148.299
0
-339.703
-207.855
0
-315.549
-317.534
125.832
-107.992
-20.6207
39.6657
-0
-0
0
0
-0
0
0
0
-0
-153.805
-0
-0
-284.935
-105.237
-0
-328.208
-52.3852
-0
-339.772
-39.5411
0
-312.1
-75.5256
0
-350.005
-0
0
-337.639
-70.8382
3.34044
-319.99
-133.98
16.2762
-344.964
-109.329
54.1319
-370.52
-100.811
117.076
-300.005
-250.258
94.727
-329.837
-246.178
0
-241.515
-53.608
0
-56.0132
-0
0
-0
-0
0
0
-0
0
0
-0
-0
-108.164
-56.404
-0
-187.351
-145.396
-0
-266.362
-47.1582
-0
-278.333
-48.9411
-0
-279.83
-63.2271
0
-288.04
-29.5329
0
-301.388
-0
0
-280.591
-42.6931
0
-250.887
-113.912
0
-243.24
-119.352
0
-253.476
-155.354
0
-294.228
-84.1878
0
-274.246
-128.792
0
-267.558
-149.808
0
-184.015
-130.341
0
-109.925
-178.026
0
-0
-0
0
0
-0
0
451.369
-0
0
22.093
-0
0
56.5501
-122.847
-0
88.7899
-280.45
-0
0
-218.741
-0
0
-208.931
-0
-0
-188.51
-0
-29.8545
-187.607
-0
-74.5806
-171.082
-0
-96.324
-154.981
-0
-120.321
-118.342
-0
-146.371
-78.732
0
-152.584
-81.5824
0
-143.533
-88.7144
0
-183.094
-0.00976262
30.5801
-153.307
-47.7356
33.5204
-150.841
-80.3929
19.0203
-125.414
-130.174
0
-156.719
-71.4802
0
-133.99
-107.02
0
-176.569
-15.1492
0
-165.708
-62.7143
0
-156.186
-135.872
0
-50.3976
-0
0
-0
-0
0
0
-0
0
0
-0
49.9745
21.9851
-0
-0
0
-37.7752
-0
-0
-229.598
0
-0
-230.567
0
-136.144
-0
0
-53.0057
-202.432
-0
-122.936
-56.6684
-0
-136.159
-46.5353
-0
-117.587
-110.503
-0
-174.345
-10.7445
-0
-189.635
-0
0
-173.263
-46.4454
0
-163.11
-74.1065
16.0088
-192.037
-0
52.9444
-181.984
-0
59.8633
-157.113
-28.8855
55.0945
-140.806
-53.3908
53.0532
-129.051
-62.2623
56.5461
-150.701
-0
64.9584
-120.317
-0
63.6071
-85.9578
-0
43.6496
-0.47097
-0
49.6052
-0
-0
38.5593
0
0
90.0739
196.241
0
-56.772
0
-0
-37.3963
-0
-0
-60.0115
-33.2049
-18.7094
-42.4377
-39.9722
-49.7916
-50.7326
-79.196
-0
-0
-87.8284
-0
-0
-93.0485
-0
0
-113.197
-0
11.3265
-139.249
0
86.8511
-176.556
0
0
-192.114
-0
0
-176.682
-0
0
-157.987
-0
0
-116.62
-0
0
-91.2805
-0
0
-106.728
-0
0
-27.593
-0
5.54265
-0
0
73.5221
0
0
58.5864
37.6582
19.4201
66.1181
59.9772
17.56
23.7595
50.8552
0
125.113
3.29435
0
39.0363
0
0
0
-168.081
809.332
-0
-0
0
-0
-44.8866
121.294
-0
-53.2189
151.849
0
-0
53.6012
0
-0
60.3445
2.91069
-0
63.1418
56.5131
0
83.5685
25.6044
0
61.7679
0
0
78.6116
0
