-0
0
0
-0
-0
0
-0
0
0
-0
0
0
-0
-0
0
-0
-0
0
-0
-0
0
0
0
0
-0
-0
0
-0
-0
0
-0
-0
0
-0
-0
0
-0
-0
-0
0
0
0
-0
0
0
-0
-0
0
-0
-0
0
-0
-0
0
-0
-0
0
-0
-0
-0
-0
-0
-0
-0
-0
-0
-0
-0
-0
-0
-0
0
-0
-0
0
-0
-0
0
-0
-0
-0
-0
-0
0
-0
-0
0
-0
-0
0
-0
-0
-0
-0
-0
-0
-0
-0
-0
-0
-0
-0
-0
-0
-0
0
-0
-0
-0
-0
0
-0
-0
0
-0
-0
0
-0
-0
0
-0
-0
0
-61.8874
-0
0
-278.841
-0
0
-71.3704
-0
0
-0
-0
0
-0
-0
0
-0
-0
0
-0
-0
0
-0
-0
0
0
-0
0
0
-0
0
-0
-0
0
-0
-0
0
-0
-0
0
-0
-0
0
-0
-0
0
-0
-0
0
-80.1691
-0
0
-230.874
-93.5684
0
-310.234
-0
0
-11.466
-0
0
-0
-0
0
-0
-0
0
-0
-0
0
-0
-0
0
-0
-0
0
-0
-0
0
0
-0
0
-0
-0
0
-0
-0
0
-0
-0
0
-0
-0
-0
-0
-0
-0
-0
-0
-0
-0
-0
-0
-0
-301.458
-0
-0
-0
0
-1.80039
-0
0
-0
-0
0
-0
-0
0
-0
-0
0
-0
-0
0
-0
-0
0
-0
-0
0
-0
-0
0
0
-0
0
0
-0
0
0
-0
-0
0
-0
-0
0
-0
-0
0
-0
-0
0
-0
-0
0
-0
-0
-0
-0
-0
-0
-0
-0
-0
-0
-0
-0
-0
-0
-0
-0
-0
-0
-0
-0
-0
-0
-0
-0
-0
-0
-0
-0
-0
-0
-0
-0
-0
-0
-0
-0
-0
0
-0
-0
0
-0
-0
0
-0
-0
0
-0
-0
0
-0
-0
0
-0
-0
0
0
-0
0
0
-0
0
0
-0
-0
0
-0
-0
0
-0
-0
0
-0
-0
0
-0
-0
-0
-0
-0
-0
-0
-0
-0
-0
-0
-0
-0
-0
-0
-0
-0
-0
-0
-0
-0
-0
-0
-0
-0
-0
-0
-0
-0
-0
-0
-0
-0
-0
-0
-0
-0
-0
-0
-0
0
-0
-0
0
-0
-0
0
-0
-0
0
-0
-0
0
0
-0
0
0
0
0
0
0
-0
0
0
-0
0
0
-0
0
0
-0
0
0
-0
-0
0
-0
-0
0
-0
-0
0
-0
-0
0
-0
-0
-0
-0
-0
-0
-0
-0
-0
-0
-0
-0
-0
-0
-0
-0
-0
0
0
-0
0
0
-0
0
0
0
0
0
0
0
0
0
0
0
0
0
0
0
0
0
0
0
0
0
0
0
0
0
0
0
0
-0
0
0
-0
0
0
0
0
0
0
0
0
0
0
0
0
0
0
0
0
0
0
0
0
0
0
0
0
