-12.5322
-67.8268
0
-207.003
-0
0
-0
-0
224.165
-123.55
-75.5894
0.756415
-463.589
-36.9622
139.184
-525.287
-0
0
-364.674
-0
137.926
-0
-0
-0
-196.692
-0
0
-372.693
-0
0
-418.572
-0
78.0973
-420.982
0
31.7677
-210.233
0
245.184
0
54.4461
-229.591
-0
48.8055
-0
-249.335
1.60227
0
-336.508
0
0
-372.466
0
55.1452
-375.631
0
152.795
-345.22
-0
50.5362
-296.065
-0
116.419
-302.489
-85.0204
0
-34.7589
-0
-0
-0
164.745
0
-213.683
0
0
-291.154
0
0
-299.678
0
0
-330.672
-0
0
-356.198
-0
86.1683
-375.852
-0
0
-417.011
-88.5128
24.0827
-274.1
-453.031
116.431
-279.827
-0
58.2576
-63.2383
-165.363
0
-0
-0
0
0
-0
0
-144.263
0
-0
-280.821
-0
0
-309.007
-0
0
-312.357
-47.1801
0
-319.827
-75.1696
0
-370.255
-0
0
-390.365
-0
56.4642
-342.091
-130.938
118.287
-326.478
-177.896
0
-351.077
-182.711
0
-322.115
-312.024
128.867
-104.229
-5.51568
40.5482
-0
-0
0
0
-0
0
0
0
-0
-119.846
-0
-0
-292.731
-82.4524
-0
-298.753
-106.071
-0
-343.903
-21.3186
0
-301.957
-88.3379
0
-328.906
-30.5374
0
-345.278
-44.2289
2.69189
-327.389
-111.143
13.0006
-326.842
-143.015
31.7928
-360.79
-116.664
90.6028
-292.432
-264.042
75.157
-330.848
-244.291
0
-248.527
-36.3511
0
-43.1389
-0
0
-0
-0
0
0
-0
0
0
-0
-0
-88.2044
-25.0413
-0
-174.654
-173.374
-0
-273.21
-28.9719
-0
-256.859
-90.5799
-0
-282.656
-54.0365
0
-277.879
-48.1822
0
-287.398
-21.7227
0
-285.268
-26.2466
0
-267.005
-68.0697
0
-229.801
-134.242
0
-237.316
-178.82
0
-274.378
-121.779
0
-274.258
-126.919
0
-271.715
-143.579
0
-188.843
-124.457
0
-98.6508
-176.55
0
-0
-0
0
0
-0
0
451.626
-0
0
24.496
-0
0
31.2543
-39.8489
-0
69.6394
-262.82
-0
0
-220.736
-0
0
-206.423
-0
-0
-182.507
-0
-32.5952
-189.476
-0
-91.3282
-144.56
-0
-95.8705
-168.736
-0
-134.177
-103.69
-0
-141.195
-98.5817
-0
-153.742
-92.6486
0
-152.178
-80.5431
0
-190.163
-0
14.4186
-182.627
-0
2.25686
-163.021
-70.2657
0
-121.884
-149.546
0
-149.08
-99.6548
0
-123.032
-135.57
0
-178.773
-13.3844
0
-166.379
-61.5801
0
-165.972
-111.413
0
-29.6706
-0
0
-0
-0
0
0
-0
0
0
-0
0
32.3335
-0
-0
0
-0
-0
-0
-211.837
0
-0
-226.752
0
-96.672
-65.6443
0
-77.1583
-149.203
-0
-117.598
-69.0789
-0
-133.03
-52.2819
-0
-123.583
-93.3642
-0
-151.94
-57.6362
-0
-175.227
-17.7327
0
-170.475
-43.5099
0
-196.321
-0
1.39827
-187.868
-0
52.0462
-179.643
-0
63.2469
-139.582
-57.7822
49.1473
-134.647
-64.9114
38.8329
-117.227
-83.8137
32.8258
-150.317
-0
34.1146
-118.709
-0
36.7215
-75.3511
-0
30.0032
-0
-0
42.9719
-0
-0
19.9911
0
0
93.3178
242.454
0
-62.7046
0
-0
-14.1026
-0
-0
-63.2983
-0
-9.89878
-45.242
-47.4088
-2.87454
-46.3122
-66.9889
-0
-0
-77.0612
-0
-0
-86.6512
-0
0
-110.529
-0
0
-141.23
0
30.2034
-176.579
0
0
-193.266
-0
0
-174.313
-0
0
-153.138
-0
0
-113.797
-0
0
-88.2709
-0
0
-109.774
-0
0
-10.038
-0
0
-0
0
58.6989
0
0
41.6315
12.8384
3.81343
60.5092
66.2946
0
5.74305
32.4931
0
112.346
0
0
0
0
0
0
-116.869
855.99
-0
-0
0
-0
-43.5706
126.661
-0
-7.25923
77.0182
0
-0
68.8731
0
-0
74.1304
0
-0
68.3687
48.1059
0
101.841
12.6495
0
57.0492
0
24.2928
0
0
