-0.215929
-185.451
452.051
-349.723
493.459
31.3319
-209.723
155.993
-217.175
-169.476
-86.9401
166.083
-294.955
-370.957
-156.426
-670.961
356.111
248.33
-476.228
285.603
309.697
23.1967
16.0423
136.073
-271.684
-32.9587
-4.61801
-348.506
-151.666
124.41
-580.189
160.604
-116.291
-533.846
151.332
159.776
-327.38
355.463
239.817
-20.6487
28.2034
80.9123
23.2447
-48.1214
3.4912
-247.838
53.0516
125.237
-200.168
-194.422
22.2281
-527.13
421.803
191.999
-457.373
198.698
-167.557
-323.838
-42.6153
-47.81
-223.997
-181.467
428.717
-402.617
122.634
170.129
-136.491
-146.295
-164.001
-19.576
90.7152
38.5974
-172.208
-42.4449
-80.0161
-180.155
-74.175
1.82578
-395.776
318.205
-142.648
-420.078
352.373
206.716
-166.212
-331.084
182.982
-231.818
-207.212
-134.284
-429.391
31.758
114.81
-237.256
-445.838
529.207
-368.65
224.436
171.799
-151.776
-141.028
-240.755
147.621
-369.629
-49.5562
-55.4248
141.613
76.3688
-109.745
-38.742
-43.6489
-366.435
200.224
-76.864
-222.782
-203.729
-289.71
-441.6
208.093
-49.4285
-247.298
-271.031
45.1711
-441.364
219.169
142.001
-248.65
-288.765
235.45
-232.657
-438.467
372.177
-450.354
125.259
-14.0731
-523.399
232.084
21.8841
-294.655
-307.909
440.303
-46.6801
-161.961
103.67
9.44716
-3.09987
-127.463
44.2322
17.8513
-60.7854
-130.242
171.567
-67.5306
-153.097
-113.734
-130.432
-267.932
-158.307
-69.3851
-445.936
152.738
11.3057
-403.323
36.4244
126.822
-316.296
-226.553
40.8658
-496.871
168.293
24.4091
-267.607
-399.194
44.3902
-225.993
-461.562
323.09
-574.317
345.716
-51.0037
-424.228
-31.2026
34.8686
-369.686
-149.661
270.723
-420.199
-18.3323
-34.0845
-209.617
-72.2313
65.3983
-141.916
145.034
117.557
54.8023
-164.35
-47.0189
27.4827
128.963
38.4031
-188.57
263.612
-103.208
-129.597
-131.578
-56.8277
-210.056
-137.216
93.8364
-250.707
-153.318
31.3495
-358.769
29.8483
4.24538
-158.696
-368.099
113.357
-447.363
312.48
134.929
-166.193
-265.54
110.405
-175.295
-226.047
196.021
-260.752
-13.075
-349.078
-299.099
56.1413
-71.5089
-187.696
-251.845
62.1585
-414.776
214.884
-175.917
-185.103
-283.045
112.108
-193.495
-276.895
202.71
-336.707
205.8
122.906
-302.261
247.257
-23.3066
244.917
-709.14
-62.5883
-105.098
404.119
137.664
304.491
-314.699
-12.9696
-67.175
141.854
-53.437
282.148
-653.933
113.926
-54.6409
16.3557
239.667
-114.786
55.2533
-9.0056
23.6632
-248.734
-82.5143
-160.478
114.805
-204.368
75.6199
-449.448
17.099
-68.0282
-206.414
151.39
-5.64486
-362.437
56.1875
-216.103
75.1308
76.0926
-182.378
-24.1403
10.5293
-111.866
-160.92
-182.799
-43.5865
-287.84
-125.243
-74.4537
-156.497
67.5909
-265.436
280.643
-198.443
-107.499
-109.015
148.921
-58.312
-275.52
44.3018
-261.869
141.233
-81.576
-127.567
-162.031
176.082
-81.8144
-242.537
87.6507
-117.97
-189.24
16.6656
-326.161
226.004
96.1605
-179.263
185.959
327.907
-127.398
299.039
122.999
180.932
-278.133
-210.014
-134.519
246.472
254.036
366.886
-846.851
-4.01235
-213.503
339.919
-147.279
-149.027
122.692
24.867
-238.144
271.761
-40.2006
112.051
-495.294
156.854
-5.75663
-263.462
97.1855
25.8569
-328.218
-5.47439
-143.059
21.2756
38.9668
-62.0973
-182.176
17.4906
-412.364
529.007
43.8833
-243.174
139.484
21.6195
-114.952
-199.182
-89.9846
-145.747
-177.483
-239.41
-48.6456
-410.186
226.053
-122.943
-242.637
161.271
-407.402
399.914
171.67
-136.019
-137.588
220.408
-179.856
-19.6034
73.093
-88.0941
-165.217
109.422
-163.949
72.5587
93.2356
-190.115
222.104
17.3428
78.7111
-267.094
9.11317
-112.371
240.984
336.069
-176.599
569.841
370.794
-302.557
723.383
-173.379
260.58
-592.085
66.6326
-123.062
96.7275
-7.75102
11.0562
-242.658
-58.4833
-132.489
78.6608
-42.4666
44.9466
-319.554
-54.7486
-184.835
145.158
-13.1522
-187.335
180.104
22.2017
-116.735
-13.597
211.174
-228.818
226.685
263.707
107.477
-550.408
386.708
-143.574
-47.5789
-38.2681
-137.275
-22.717
-119.482
-84.0526
-92.2551
-65.079
-146.236
135.041
-48.9167
-113.096
132.916
-16.1364
-59.2002
20.9073
-119.993
139.023
-363.351
-98.0218
45.2828
-24.9351
170.34
143.638
-104.835
193.63
125.707
-11.0394
-83.793
33.146
231.277
6.99041
-223.846
736.993
282.798
497.904
-770.278
200.867
101.879
374.1
479.823
-285.51
739.953
-277.589
-79.1562
230.376
-82.5016
-29.3314
109.447
-26.905
75.5814
-131.196
-35.633
-90.8926
196.163
5.75007
-108.988
247.472
-11.1401
-97.713
226.533
85.9099
118.237
-221.398
11.8734
249.183
-486.627
-87.2012
-285.206
677.54
-122.919
