-0
-107.844
0
-171.673
-0
0
-0
-0
135.39
-41.8963
-131.916
0
-461.485
-5.05376
120.287
-520.572
-0
0
-324.126
-0
154.663
-0
-0
-0
-169.811
-0
0
-380.728
-0
0
-412.703
-0
89.7545
-428.519
-0
38.0645
-146.041
0
203.858
0
39.6966
-242.803
-0
11.1385
-0
-224.793
0
-0
-343.25
0
0
-371.654
0
16.1333
-377.253
-0
144.858
-342.609
-0
76.723
-285.825
-0
70.6873
-289.592
-28.1794
0
-0
-0
0
-0
115.238
-0
-181.928
0
0
-301.409
0
0
-300.945
0
0
-327.372
-0
0
-357.469
-0
42.914
-378.365
-0
9.99392
-415.924
-97.7623
13.4434
-268.642
-474.072
131.481
-277.74
-0
38.2621
-58.6029
-75.7562
0
-0
-0
0
0
-0
0
-108.785
-0
-0
-277.517
-0
-0
-309.69
-0
0
-317.387
-29.3599
0
-330.602
-52.9951
0
-374.976
-0
0
-392.661
-0
32.4281
-327.741
-171.939
122.301
-327.647
-174.94
0
-358.414
-169.827
0
-336.049
-291.5
126.582
-91.7715
-0
28.4514
-0
-0
0
0
-0
0
0
-0
-0
-59.5442
-0
-0
-291.833
-74.8025
-0
-271.782
-154.001
-0
-345.959
-3.14944
0
-295.315
-91.5411
0
-322.749
-35.329
0
-350.228
-19.4776
0
-318.429
-120.999
22.0745
-306.958
-173.282
9.71192
-349.432
-132.449
70.9515
-288.915
-262.241
62.9723
-338.534
-224.875
0
-246.251
-34.2748
0
-17.4107
-0
0
-0
-0
0
0
-0
0
0
-0
-0
-31.7915
-0
-0
-162.893
-194.368
-0
-256.413
-53.4353
-0
-245.796
-101.299
-0
-275.934
-57.0396
-0
-270.668
-53.1622
0
-280.823
-22.7837
0
-283.352
-16.932
0
-266.394
-56.7999
0
-219.218
-142.552
0
-218.207
-208.914
0
-266.338
-132.912
0
-279.838
-113.415
0
-275.551
-133.008
0
-172.881
-165.145
0
-87.1362
-136.219
0
-0
-0
0
0
-0
0
438.586
-0
0
22.9604
-0
0
24.7643
-0
-0
0
-122.723
-0
0
-239.479
-0
-0
-201.316
-0
-0
-169.397
-0
-34.0787
-197.187
-0
-111.629
-115.184
-0
-90.4852
-205.221
-0
-152.725
-86.3035
-0
-141.712
-116.351
-0
-170.002
-78.8026
0
-168.642
-66.8953
0
-196.877
-5.57139
0
-190.714
-0
0
-194.903
-21.1535
0
-112.976
-178.347
0
-146.438
-114.529
0
-121.447
-142.727
0
-187.174
-0
0
-164.561
-64.6203
0
-168.462
-99.8771
0
-0
-0
0
-0
-0
0
0
-0
0
0
0
0
50.5122
-0
-0
0
-0
-0
-0
-106.804
-0
-0
-223.847
0
-31.2312
-169.372
-0
-121.23
-49.7176
-0
-84.6691
-132.296
-0
-132.691
-51.0561
-0
-116.686
-101.942
-0
-149.522
-60.4405
-0
-162.617
-33.8322
-0
-188.384
-0
0
-197.607
-0
0
-185.744
-0
5.16995
-178.011
-0
60.7803
-147.337
-35.3855
37.7863
-117.293
-101.174
19.7958
-120.267
-78.2641
9.19686
-148.445
-0
10.6286
-118.164
-0
19.8632
-52.1418
-0
28.7017
-0
-0
33.7205
-0
-0
12.2346
0
0
50.3961
292.351
0
-53.1234
0
0
-0
-0
-0
-37.87
-0
-0
-51.003
-0
-0
-30.974
-49.5634
-0
-0
-62.041
-0
-0
-77.5896
-0
-0
-105.078
0
0
-140.109
0
0
-174.061
0
0
-190.289
-0
0
-163.976
-0
0
-148.057
-0
0
-106.946
-0
0
-85.0402
-0
0
-81.7618
-0
0
-0
-0
0
-0
0
30.7733
0
0
29.6565
0
0
48.5269
50.2586
0
29.5389
38.8459
0
32.2612
0
0
0
0
0
0
-43.5954
923.213
-0
-0
0
-0
-0
67.3847
-0
-0
87.4379
0
-0
87.2902
0
-0
84.9868
0
0
78.1835
21.2007
0
89.3361
14.7364
0
0
0
67.4046
0
0
