-4.13744
-177.59
445.141
-345.984
483.663
26.6339
-212.84
155.013
-204.469
-170.293
-84.416
163.596
-298.56
-362.403
-156.034
-661.469
335.187
254.212
-478.32
291.997
306.531
21.4017
18.9506
133.981
-273.657
-29.0699
-8.11108
-347.797
-152.626
121.675
-567.921
144.49
-122.577
-529.488
149.366
166.15
-327.286
358.833
246.688
-20.4431
28.3416
81.3399
19.4685
-40.6083
3.30127
-251.58
58.5095
123.638
-210.324
-174.669
6.80125
-509.77
381.515
182.843
-452.918
185.233
-159.257
-330.084
-33.9352
-31.0697
-236.34
-157.617
432.042
-400.538
112.659
167.36
-140.271
-141.512
-162.27
-21.4933
95.1606
40.1966
-182.293
-19.8268
-83.5552
-187.585
-64.153
9.26425
-381.756
281.568
-137.792
-408.833
315.818
206.211
-179.393
-310.039
182.436
-245.56
-183.501
-128.155
-433.647
40.9388
115.125
-240.036
-439.851
512.764
-359.057
203.692
170.602
-151.294
-141.606
-229.749
138.331
-344.79
-56.3576
-46.8852
123.379
70.9147
-116.372
-25.1708
-51.0252
-362.606
190.623
-67.1922
-228.734
-190.412
-273.589
-420.325
166.792
-34.3827
-245.467
-268.193
41.0904
-437.042
210.578
129.793
-260.788
-258.537
226.238
-237.013
-421.952
358.93
-444.437
116.678
-7.57896
-509.398
204.698
24.1984
-300.394
-293.009
423.1
-47.0892
-159.821
105.707
15.9132
-12.1607
-117.075
45.2894
17.5185
-61.7308
-129.007
166.492
-64.0811
-161.163
-97.0385
-133.797
-267.253
-161.505
-66.5579
-438.697
138.439
9.95471
-399.335
29.0003
132.593
-311.907
-226.034
34.4815
-483.528
146.751
24.3181
-279.171
-366.819
43.4586
-237.184
-435.482
305.125
-565.104
324.244
-44.7069
-419
-43.23
42.0257
-374.438
-136.672
265.786
-421.805
-19.0549
-31.3389
-210.076
-75.6153
60.2701
-129.568
118.167
115.416
46.3465
-144.08
-38.0912
28.5855
127.671
40.8301
-183.525
247.797
-96.9222
-140.161
-109.498
-59.8165
-212.683
-132.195
90.365
-249.675
-153.429
25.4125
-344.746
3.82269
9.14522
-172.444
-337.552
104.525
-429.505
271.446
138.073
-175.935
-248.058
105.863
-182.712
-215.585
186.203
-271.904
4.38675
-325.275
-296.619
46.578
-69.0157
-194.441
-241.156
52.4009
-403.933
186.423
-167.233
-201.218
-254.208
118.28
-202.67
-261.291
198.276
-324.826
177.061
109.106
-294.096
224.995
-28.6468
232.262
-683.576
-54.5088
-105.865
404.593
138.243
306.962
-314.589
-12.9685
-66.4635
140.769
-52.6477
277.875
-644.424
109.923
-50.7415
9.10234
235.338
-104.768
34.4242
-2.13899
17.5251
-236.031
-71.7029
-152.328
97.0766
-194.776
61.5825
-418.364
10.2256
-69.7536
-203.022
142.86
-17.4085
-337.468
48.7881
-206.072
54.5432
70.4035
-166.775
-55.4348
4.5132
-107.584
-171.837
-157.963
-51.9371
-270.747
-116.722
-80.5981
-147.488
63.4452
-262.763
270.711
-189.667
-113.191
-98.9812
137.486
-68.8115
-251.35
44.5984
-247.035
110.541
-67.3056
-128.671
-157.996
174.635
-89.6538
-226.069
79.6083
-130.748
-162.207
19.2029
-313.6
199.931
101.741
-176.904
178.809
317.265
-121.186
282.004
107.689
169.569
-254.276
-211.092
-130.51
235.195
252.344
354.535
-822.022
-3.89176
-197.434
305.246
-144.432
-136.377
97.4433
27.486
-234.717
265.753
-34.6936
91.2214
-448.52
148.565
-5.7865
-260.846
94.4844
12.8553
-299.217
-5.1117
-143.472
21.7537
39.9054
-60.6527
-185.538
17.7078
-373.938
448.643
51.5863
-235.923
124.502
13.289
-121.225
-182.602
-81.7229
-155.507
-152.481
-224.214
-60.9107
-378.23
212.848
-128.622
-226.615
153.622
-377.485
340.839
172.878
-136.86
-130.191
219.328
-178.409
-16.7334
75.5338
-101.483
-132.679
115.601
-157.32
61.1121
95.9986
-179.806
204.853
20.6711
68.1707
-239.664
11.7629
-116.719
253.033
326.571
-156.509
529.428
359.375
-276.046
671.988
-178.369
236.931
-541.998
52.655
-118.456
86.76
-9.19111
-1.45626
-216.805
-55.815
-125.615
63.4223
-36.9137
30.938
-290.371
-45.0808
-170.236
115.754
-2.48869
-170.848
148.697
18.2462
-124.141
3.6155
199.636
-202.374
171.974
247.43
81.9892
-496.898
375.878
-154.088
-25.8187
-28.0979
-137.072
-22.4192
-105.703
-86.2742
-86.7283
-70.4049
-134.47
111.359
-61.5955
-98.2717
102.016
-16.8682
-57.1447
17.1549
-107.049
112.523
-307.306
-84.7868
45.7026
-22.3733
159.693
139.244
-94.6338
182.397
137.593
-32.7856
-69.6861
25.2001
249.662
15.9938
-187.872
662.222
282.106
460.946
-691.822
201.674
124.583
325.189
478.778
-283.47
730.016
-281.361
-77.8035
223.868
-86.4035
-34.9222
118.6
-29.4557
53.9643
-88.0065
-28.7623
-78.859
170.933
11.4355
-90.9617
207.95
-13.9761
-94.8728
219.058
72.6365
101.019
-188.189
6.80193
215.179
-417.571
-78.99
-255.547
612.358
-112.496
