-39.1981
-26.2231
0
-226.01
0
-0
-0
-0
274.306
-185.852
-0
51.9345
-469.07
-55.6019
130.331
-533.914
-0
0
-398.878
0
122.731
0
-0
0
-221.964
-0
16.6155
-378.685
-0
0
-411.643
-0
69.2521
-410.254
0
20.8722
-226.267
0
237.62
0
72.6711
-164.481
-0
26.8213
0
-273.569
50.3997
0
-362.278
72.6158
0
-378.332
0
36.3145
-387.874
0
157.678
-362.473
-0
56.7026
-325.914
-0
155.749
-313.824
-113.674
0
-124.538
-0
-0
-0
155.011
0
-246.896
73.7016
0
-288.97
0
23.1078
-300.282
0
67.4914
-329.848
-0
21.2388
-350.596
-0
87.3309
-371.872
-0
0
-410.929
-90.8355
20.8795
-291.31
-402.274
89.4411
-263.253
-30.6403
55.4531
-71.5994
-228.268
0
0
-0
0
0
0
0
-157.109
0
0
-290.755
-0
0
-305.486
-0
0
-292.648
-76.9621
0
-336.898
-12.9499
0
-332.418
-50.3249
0
-375.413
-0
91.1752
-350.03
-91.7819
117.31
-339.489
-136.806
0
-320.002
-247.656
0
-313.495
-319.784
125.444
-112.22
-21.1752
40.7683
-0
-0
0
0
-0
0
0
0
-0
-166.742
-0
-0
-280.682
-116.972
-0
-341.491
-28.6195
-0
-337.015
-49.5187
0
-321.176
-60.0223
0
-353.622
-0
0
-339.173
-72.4156
3.88026
-321.152
-136.708
6.19512
-358.669
-84.1366
66.4435
-374.175
-97.3006
138.979
-294.135
-262.651
106.328
-328.686
-249.533
0
-243.039
-51.5988
0
-60.9328
-0
0
-0
-0
0
0
-0
0
0
-0
-0
-115.34
-67.8101
-0
-190.135
-138.997
-0
-264.667
-52.0074
-0
-286.68
-32.2676
0
-278.893
-65.4182
0
-292.547
-22.1133
0
-301.84
-0
0
-288.038
-28.5866
0
-247.283
-126.559
0
-243.693
-125.205
0
-260.721
-143.519
0
-295.524
-80.4686
0
-271.443
-133.311
0
-270.231
-141.612
0
-181.081
-134.276
0
-113.308
-178.543
0
-0
-0
0
0
-0
0
448.307
-0
0
21.5666
-0
0
69.02
-160.039
-0
93.9175
-282.795
-0
0
-214.812
-0
0
-207.591
-0
-0
-190.206
-0
-26.0793
-192.361
-0
-68.791
-179.289
-0
-93.2729
-155.455
-0
-116.412
-120.218
-0
-150.355
-66.1591
0
-147.572
-86.1746
0
-144.427
-82.4798
0.923346
-178.541
-2.67482
30.5634
-140.58
-70.1928
47.2974
-153.656
-67.8869
33.4462
-125.372
-125.903
0
-160.433
-59.1462
0
-131.459
-111.472
0
-176.931
-14.2415
0
-164.157
-67.7076
0
-157.128
-133.864
7.28511
-59.2175
-0
0.964445
-0
-0
0
0
-0
0
0
-0
80.2553
18.3866
-0
-0
0
-67.6015
-0
-0
-226.158
0
-15.7592
-208.505
0
-136.734
-0
0
-47.5874
-217.569
-0
-127.859
-46.5664
-0
-128.688
-64.2478
-0
-128.772
-88.0178
-0
-182.035
-0
-0
-192.901
-0
0
-177.996
-40.5023
0
-151.918
-104.062
27.5711
-194.428
-0
51.8728
-184.503
-0
59.0385
-171.604
-2.50733
62.174
-140.035
-57.351
62.2586
-133.392
-55.2105
67.8208
-151.446
-0
75.1544
-122.011
-0
70.4048
-85.7765
-0
45.1836
-7.5298
-0
54.5936
-0
-0
48.8459
0
0
93.6182
178.085
0
-54.9255
0
-0
-41.9457
-0
-0
-54.0657
-50.5985
-16.167
-43.4878
-29.9849
-77.5652
-51.6726
-83.7332
-0
-0
-92.5918
-0
-0
-94.2207
-0
0
-113.723
-0
33.096
-138.269
0
97.2335
-175.832
0
0
-191.061
-0
0
-176.422
-0
0
-158.967
-0
0
-117.129
-0
0
-90.8396
-0
0
-104.167
-0
0
-32.2366
-0
12.2999
-0
0
79.7026
0
0
61.7133
60.3492
1.40285
69.0397
51.0405
42.0394
34.4447
52.6997
0
122.321
17.225
0
66.9025
0
0
0
-192.423
802.109
-0
-0
0
-0
-41.7325
111.817
-0
-71.3006
181.06
0
-0
47.3424
0
-0
55.3246
11.8767
-0
62.459
55.6533
0
78.3074
29.0029
0
59.7688
0
0
102.12
5.05117
