0.337373
-186.572
453.057
-350.272
494.858
32.005
-209.256
156.158
-219.037
-169.343
-87.3429
166.483
-294.471
-372.157
-156.4
-672.422
359.278
247.42
-475.922
284.598
310.067
23.4819
15.5789
136.384
-271.323
-33.6692
-4.02271
-348.668
-151.403
124.902
-582.107
163.174
-115.294
-534.552
151.713
158.728
-327.336
354.77
238.651
-20.6779
28.1853
80.8423
23.8438
-49.3135
3.5375
-247.173
52.0366
125.489
-198.671
-197.316
24.6396
-529.862
428.139
193.425
-458.107
200.868
-168.775
-322.876
-43.9555
-50.4108
-222.057
-185.242
428.017
-402.872
124.015
170.577
-135.949
-146.952
-164.199
-19.2489
89.9757
38.351
-170.563
-46.1024
-79.4535
-179.061
-75.617
0.704663
-397.999
323.98
-143.328
-421.874
358.155
206.772
-164.212
-334.215
183.013
-229.645
-210.964
-135.205
-428.589
30.0336
114.659
-236.883
-446.591
531.599
-370.003
227.414
171.999
-151.826
-140.928
-242.306
149.008
-373.314
-48.4767
-56.707
144.342
77.2053
-108.705
-40.897
-42.49
-366.932
201.498
-78.3564
-221.916
-205.674
-292.181
-444.955
214.636
-51.793
-247.698
-271.172
45.7359
-441.966
220.381
143.898
-246.735
-293.48
236.904
-232.018
-440.887
374.114
-451.192
126.365
-15.1592
-525.442
236.038
21.5306
-293.75
-310.259
442.905
-46.6551
-162.2
103.496
8.40907
-1.57698
-128.953
44.067
17.8944
-60.6344
-130.413
172.285
-68.0314
-151.846
-116.335
-129.838
-268.06
-157.776
-69.7865
-446.993
154.817
11.4437
-403.979
37.6538
125.817
-317.127
-226.287
41.7401
-498.924
171.6
24.4076
-265.806
-404.204
44.5707
-224.307
-465.476
325.773
-575.617
348.742
-51.8126
-425.145
-29.1391
33.9059
-368.837
-151.962
271.35
-419.907
-18.3822
-34.5295
-209.573
-71.7029
66.0907
-143.831
149.185
117.921
56.0157
-167.264
-48.2538
27.2896
129.172
38.0502
-189.288
265.887
-104.112
-127.993
-134.932
-56.3325
-209.608
-138.068
94.3414
-250.914
-153.176
32.2749
-360.975
33.9813
3.43443
-156.652
-372.638
114.557
-450.126
318.794
134.413
-164.763
-268.107
111.098
-174.139
-227.718
197.463
-258.915
-16.0728
-352.519
-299.477
57.5781
-71.8349
-186.737
-253.347
63.674
-416.448
219.277
-177.108
-182.58
-287.588
111.04
-192.109
-279.278
203.33
-338.45
209.991
124.935
-303.492
250.582
-22.4439
246.628
-712.567
-63.7616
-104.925
403.925
137.535
304.078
-314.526
-12.9061
-67.1589
141.757
-53.5376
282.632
-655.021
114.501
-55.1122
17.2041
240.261
-116.306
58.4099
-10.0173
24.6247
-250.727
-84.1114
-161.682
117.426
-205.716
77.6984
-454.051
18.121
-67.7354
-206.976
152.588
-3.80839
-366.307
57.3
-217.677
78.3721
76.9167
-184.887
-19.0935
11.4198
-112.568
-159.154
-186.558
-42.3467
-290.402
-126.572
-73.4931
-157.953
68.2343
-265.698
281.818
-199.557
-106.642
-110.551
150.644
-56.6739
-279.312
44.2595
-264.25
146.129
-83.7237
-127.399
-162.654
176.21
-80.6293
-245.023
88.9658
-115.958
-193.494
16.2975
-328.068
229.955
95.3416
-179.626
187.034
329.358
-128.421
301.769
125.248
182.637
-281.722
-209.767
-135.12
248.171
254.279
368.648
-850.388
-4.01162
-215.85
344.991
-147.644
-150.91
126.446
24.4471
-238.555
272.45
-41.0097
115.166
-502.277
158.076
-5.88772
-263.563
97.5688
27.8424
-332.632
-5.5546
-142.824
20.8502
38.7859
-62.464
-181.367
17.4818
-418.322
541.451
42.6819
-244.239
141.67
22.9162
-114.043
-201.613
-91.1141
-144.13
-181.563
-241.608
-46.6638
-415.276
228.013
-122.052
-245.107
162.557
-412.006
409.032
171.511
-136.016
-138.453
220.512
-180.078
-20.0416
72.7305
-85.9068
-170.463
108.375
-164.965
74.3509
92.8167
-191.633
224.656
16.7988
80.1631
-270.93
8.75925
-111.632
238.987
337.467
-179.641
575.967
372.458
-306.503
731.056
-172.6
264.17
-599.668
68.6956
-123.773
98.2723
-7.58201
12.8932
-246.459
-58.8833
-133.544
81.0024
-43.2581
47.1755
-324.191
-56.2211
-187.1
149.717
-14.8157
-189.976
185.149
22.872
-115.467
-16.5065
212.991
-232.869
235.087
266.197
111.393
-558.606
388.335
-141.798
-51.2117
-39.7419
-137.273
-22.8
-121.667
-83.6946
-93.0891
-64.2473
-148.187
139.018
-46.8691
-115.499
137.967
-16.0681
-59.4578
21.4005
-122.046
143.31
-372.38
-100.14
45.2133
-25.2938
171.975
144.373
-106.514
195.354
123.636
-7.16058
-85.8955
34.6019
227.981
5.63915
-229.408
748.564
282.909
503.613
-782.378
200.733
98.3942
381.661
479.971
-285.719
741.26
-276.938
-79.4128
231.483
-81.9999
-28.4809
108.054
-26.5474
79.0226
-138.08
-36.7581
-92.8663
200.287
4.80871
-111.979
254.001
-10.6335
-98.0486
227.478
88.04
120.922
-226.58
12.7105
254.528
-497.497
-88.4874
-289.839
687.702
-124.537
