-107.143
-44.6641
155.068
-278.875
218.351
-102.942
-182.708
73.3931
162.269
-178.431
-44.7778
110.314
-428.949
-81.9282
27.272
-524.323
-18.3205
196.943
-470.784
206.654
152.753
0.154768
58.5834
52.144
-246.847
-62.1368
8.64586
-377.537
-46.2048
60.1643
-423.716
3.57988
-28.004
-458.771
114.135
116.303
-259.721
177.875
218.334
19.3673
38.6357
6.63704
-44.2659
80.7605
46.7963
-243.333
29.9553
-10.0242
-332.029
47.955
-54.3632
-374.062
53.1772
24.2552
-398.664
44.2781
35.6028
-377.533
49.955
118.173
-311.148
-24.0198
275.673
-315.803
-124.356
161.902
-218.445
-36.6897
-20.7318
-67.5256
196.625
21.3917
-245.796
102.815
-7.28024
-297.941
59.6105
41.239
-327.026
28.4465
22.5054
-360.058
28.1359
74.0264
-355.047
-42.4356
103.131
-354.922
-69.7573
29.8136
-396.731
-107.679
89.4624
-375.007
-158.716
202.602
-219.521
-125.16
144.57
-148.92
-139.228
-41.6639
18.8819
-44.5951
-72.7196
30.3024
-30.1828
8.51107
-186.252
73.4275
-5.85154
-290.819
9.72638
11.9749
-297.993
-33.1288
3.2923
-303.201
-37.1255
42.2701
-303.307
-67.5418
37.4536
-328.308
-38.9295
45.1284
-332.986
-70.089
107.022
-334.162
-118.238
78.0341
-346.208
-107.979
14.7302
-345.801
-146.355
53.8581
-349.477
-177.526
161.065
-88.695
-84.3886
118.277
30.4103
-35.9253
-4.87409
45.3959
-11.9263
-19.6906
-34.4353
39.9035
-2.58929
-181.992
-45.7825
-45.8682
-289.451
-83.5794
-47.7698
-319.845
-54.6768
-7.15079
-320.09
-60.3505
27.783
-305.387
-63.184
13.533
-307.987
-61.7683
35.3318
-310.097
-98.0992
57.4778
-318.197
-111.32
54.8953
-345.641
-91.8439
96.6319
-362.105
-120.158
145.568
-344.83
-152.418
119.198
-370.934
-152.754
32.9314
-225.469
-82.9243
35.0718
-70.6219
-23.6363
73.3224
-24.9743
34.5213
48.1487
22.8301
77.3243
21.2201
-49.7865
-0.651729
-50.8997
-163.911
-37.3805
-46.3224
-220.108
-69.47
-35.3409
-253.855
-80.924
-22.1416
-263.117
-88.298
-14.9768
-275.085
-77.018
-11.03
-274.893
-73.5507
27.7473
-262.579
-83.6332
34.1975
-260.138
-86.8603
42.2189
-260.203
-84.2239
55.4005
-249.094
-90.4522
41.4474
-270.391
-95.9347
25.0635
-290.973
-77.1542
40.6224
-282.128
-97.1998
97.8734
-266.225
-127.814
101.108
-190.678
-107.799
25.0994
-149.595
-83.5017
23
-44.006
-44.2948
26.6671
32.0221
97.5202
105.943
322.067
-109.844
20.162
99.2789
-175.305
-11.2449
72.7669
-185.778
54.2245
42.9459
-161.342
60.3427
13.9853
-200.15
9.08468
-1.32125
-190.781
-13.232
-39.0662
-136.219
-45.4683
-67.8906
-129.634
-23.3963
-87.4035
-157.674
-25.487
-106.008
-152.76
-17.7022
-128.573
-124.959
-7.09826
-135.808
-131.984
-7.7401
-139.676
-143.876
18.5685
-146.661
-122.641
10.0541
-149.128
-101.437
25.9315
-151.962
-76.1532
27.0078
-163.86
-67.8155
16.382
-165.114
-66.7772
25.9958
-163.969
-72.1833
44.3873
-152.105
-82.64
60.3079
-157.835
-61.3076
39.9426
-182.448
-27.8525
52.5453
-196.06
-18.0081
105.864
-106.803
35.2182
79.2435
-19.6418
66.8352
47.7132
44.7141
46.5995
-48.3842
71.7023
76.9278
273.485
74.8493
-200.645
-65.1773
2.74824
-143.963
-11.437
-50.8829
-95.8825
46.9799
-98.6959
-44.1956
38.1423
-93.5605
-68.2607
43.1134
-95.8278
-83.9367
32.5899
-104.719
-71.1001
37.2765
-114.159
-75.4112
35.8315
-117.557
-99.8953
25.7068
-134.457
-89.8365
46.8158
-156.34
-67.0964
17.0006
-164.543
-73.6142
31.2937
-170.413
-73.3386
21.5297
-166.333
-77.9485
42.1789
-166.708
-77.6281
78.8792
-165.394
-59.4009
101.233
-166.637
-32.12
100.122
-167.471
-13.2881
88.8316
-156.739
-4.07981
93.3506
-129.193
3.89765
74.6012
-98.4921
41.7626
48.894
-68.8458
64.587
87.9365
-58.4699
121.528
104.791
10.5282
191.255
152.511
41.9406
126.462
-140.242
8.92903
-16.8722
-68.023
-44.4801
-35.6971
-51.3893
-73.1623
-44.0088
-24.6976
-59.3087
-54.4813
-10.299
-62.8474
-67.5881
20.1473
-76.8063
-45.9449
45.9373
-61.0088
-48.3744
25.787
-67.9231
-74.6698
87.5074
-74.2321
-73.2169
92.2198
-111.752
-71.2787
120.63
-139.475
-41.8132
80.0352
-137.468
-17.7134
20.3236
-119.436
-9.81373
-28.5412
-80.3139
-3.73437
-43.3849
-51.1029
-8.81606
-35.3253
-50.7348
-9.76321
-24.9607
-33.0159
-16.3255
-7.81852
31.7758
-0.280643
32.4117
81.5437
0.963059
24.2202
107.093
22.4228
64.2876
88.8421
65.3402
81.9358
73.6191
48.5257
193.306
116.504
3.66884
161.217
150.527
54.0116
307.666
-130.833
337.995
-92.995
-107.233
234.778
-96.0307
-74.1541
169.142
-65.72
-55.6901
130.028
-10.6565
-45.1183
114.63
7.51577
-37.084
104.422
7.98083
-25.8829
96.1222
16.4676
-21.0422
75.4584
3.12906
-15.8679
69.1247
1.84457
24.0783
108.122
43.6985
