-3.24967
-179.358
446.675
-346.809
485.863
27.687
-212.162
155.207
-207.275
-170.126
-84.9401
164.11
-297.72
-364.346
-156.204
-663.497
339.709
252.963
-477.858
290.654
307.323
21.7764
18.345
134.44
-273.291
-29.7913
-7.41976
-347.897
-152.535
122.194
-570.515
147.848
-121.265
-530.386
149.709
164.854
-327.365
358.286
245.326
-20.4903
28.3104
81.2525
20.2593
-42.1818
3.32583
-250.865
57.5108
123.978
-208.091
-179.029
10.0613
-513.422
389.994
184.786
-453.825
188.019
-161.09
-328.749
-35.7885
-34.6241
-233.743
-162.608
431.514
-401.046
114.941
167.928
-139.424
-142.612
-162.709
-21.1112
94.2576
39.8571
-180.228
-24.487
-82.8183
-185.949
-66.3929
7.65325
-384.689
289.266
-138.896
-411.171
323.477
206.344
-176.548
-314.638
182.604
-242.68
-188.467
-129.49
-432.881
39.2814
115.157
-239.385
-441.302
516.414
-361.228
208.335
170.842
-151.419
-141.495
-232.24
140.356
-350.228
-54.9375
-48.7395
127.348
72.0815
-114.974
-28.0082
-49.4772
-363.51
192.866
-69.254
-227.416
-193.352
-277.046
-424.79
175.432
-37.55
-245.744
-269.084
42.0228
-438.027
212.523
132.385
-258.241
-264.931
228.174
-236.048
-425.606
361.863
-445.772
118.723
-8.88136
-512.498
210.802
23.6994
-299.189
-296.136
426.819
-46.9637
-160.367
105.137
14.5753
-10.3518
-119.398
45.0666
17.5975
-61.5351
-129.29
167.639
-64.849
-159.451
-100.568
-133.157
-267.371
-160.87
-67.1941
-440.297
141.61
10.3084
-400.146
30.5019
131.476
-312.698
-226.474
35.9501
-486.379
151.358
24.3511
-276.721
-373.71
43.6225
-234.757
-441.154
309.047
-567.19
329.109
-46.2078
-420.008
-40.8658
40.3589
-373.537
-139.15
266.969
-421.503
-18.7468
-31.9042
-209.95
-74.9021
61.4608
-132.188
123.884
115.842
48.2366
-148.606
-40.1311
28.3738
127.938
40.2926
-184.661
251.333
-98.3276
-137.888
-114.248
-59.2159
-212.164
-133.194
91.1363
-249.847
-153.531
26.6664
-347.69
9.24654
8.15517
-169.441
-344.228
106.566
-433.305
280.21
137.436
-173.792
-251.905
106.842
-181.138
-217.77
188.368
-269.642
0.964991
-330.58
-297.154
48.6573
-69.607
-192.927
-243.572
54.4723
-406.245
192.488
-169.231
-197.817
-260.269
117.078
-200.684
-264.646
199.284
-327.446
183.423
112.147
-295.869
229.854
-27.5465
235.198
-689.537
-56.3007
-105.758
404.619
138.159
306.467
-314.806
-13.0337
-66.7441
141.271
-52.8374
278.963
-646.835
110.818
-51.7033
10.9195
236.336
-106.927
38.9163
-3.64728
18.8168
-238.701
-74.0741
-154.121
100.974
-196.951
64.6563
-425.171
11.7241
-69.4102
-203.712
144.795
-14.9226
-342.773
50.3946
-208.183
58.8654
71.6708
-169.998
-48.9862
5.8306
-108.455
-169.592
-163.326
-50.1148
-274.454
-118.525
-79.3003
-149.344
64.3236
-263.483
273.182
-191.774
-111.957
-101.133
139.965
-66.5916
-256.442
44.5332
-250.112
116.932
-70.4006
-128.435
-158.856
175.039
-87.9579
-229.636
81.2494
-128.062
-167.893
18.6376
-316.305
205.549
100.511
-177.413
180.37
319.725
-122.451
285.544
111.059
172.042
-259.46
-210.944
-131.387
237.648
252.725
357.312
-827.609
-3.93565
-200.988
312.91
-145.115
-139.136
102.954
26.9441
-235.566
267.275
-35.9062
95.7507
-458.702
150.388
-5.64807
-261.698
95.0944
15.648
-305.46
-5.16783
-143.544
21.9806
39.7415
-60.8191
-185.106
17.6404
-382.098
465.727
49.9607
-237.522
127.82
15.049
-119.832
-186.254
-83.6279
-153.537
-157.587
-227.597
-58.3788
-384.897
215.737
-127.424
-230.035
155.15
-383.873
353.426
172.597
-136.563
-132.022
219.621
-178.72
-17.3478
74.9963
-98.7438
-139.401
114.375
-158.735
63.5169
95.4042
-182.069
208.626
19.9921
70.5817
-245.885
11.1404
-115.865
250.613
328.663
-160.843
538.14
361.903
-281.835
683.187
-177.317
242.027
-552.809
55.7225
-119.439
88.8815
-8.83138
1.29738
-222.49
-56.3926
-127.085
66.6759
-38.1561
33.8627
-296.47
-47.1593
-173.334
121.995
-4.7458
-174.268
155.198
19.0281
-122.691
0.208482
202.059
-208.032
183.661
250.922
87.4334
-508.349
378.233
-151.995
-30.1911
-30.3596
-137.141
-22.4579
-108.583
-85.8144
-87.9268
-69.2808
-136.855
116.111
-58.9834
-101.322
108.333
-16.6664
-57.6357
18.0276
-109.753
117.986
-318.896
-87.5343
45.6168
-22.9529
161.968
140.122
-96.7015
184.802
135.287
-28.653
-72.7652
26.6712
246.189
14.0393
-195.528
678.126
282.249
468.818
-708.551
201.512
119.727
335.599
479.013
-284.011
732.36
-280.628
-78.0432
225.151
-85.4717
-33.7188
116.631
-28.8758
58.4701
-97.0002
-30.1659
-81.3119
176.089
10.2872
-94.6033
215.961
-13.4375
-95.5745
220.847
75.3883
104.661
-195.21
7.82847
222.336
-432.092
-80.7225
-261.82
626.161
-114.711
