-0
-0.554525
0
-0
-0
0
-0
-0
0
-0
-0
0
-196.75
-22.3232
0
-481.259
-0
0
-0
-0
48.4507
0
-0
-0
-0
-0
0
-377.346
-0
0
-435.066
-0
0
-378.656
-0
93.0916
-0
0
0
0
0
-0
-0
0
-0
-0
0
-0
-376.333
0
0
-349.143
0
0
-363.446
-0
0
-295.964
-0
0
-248.008
-0
0
-16.928
-0
0
-0
-0
0
-0
0
-0
-0
0
-0
-297.513
0
0
-308.792
0
0
-334.239
-0
0
-335.5
-0
0
-373.32
-0
0
-305.358
-298.258
0
-361.926
-108.509
0
-88.913
-0
0
-0
-0
0
-0
-0
0
0
0
0
-0
-0
-0
-153.961
-0
-0
-332.362
-0
0
-322.999
-0
0
-342.388
-0
0
-351.907
-0
0
-365.007
-0
0
-266.086
-269.679
0
-376.078
-89.328
0
-278.132
-365.26
31.4633
-342.47
-54.6553
0
-0
-0
0
-0
-0
0
0
-0
0
0
-0
-0
-0
-0
-0
-0
-0
-0
-284.318
-90.7185
-0
-289.897
-53.0902
-0
-302.129
-15.5298
0
-299.993
-31.6673
0
-338.182
-0
0
-292.056
-137.524
0
-303.56
-130.788
0
-265.26
-307.809
0
-297.483
-195.013
0
-327.385
-252.162
0
-125.943
-0
0
-0
-0
0
-0
-0
0
-0
-0
0
0
-0
-0
-0
-0
-0
-0
-0
-0
-41.1661
-341.275
-0
-285.866
-0
-0
-230.001
-92.6914
-0
-258.917
-34.1864
0
-256.926
-26.2529
0
-259.759
-16.3607
0
-247.406
-50.0348
0
-171.072
-207.744
0
-233.764
-110.951
0
-158.686
-336.578
0
-323.713
-2.16764
0
-162.786
-386.144
0
-128.691
-21.9762
0
-0
-0
0
-0
-0
0
-0
-0
0
666.203
0
0
32.5902
-0
0
0
-0
-0
0
-0
-0
0
-0
-0
-0
-0
-0
-0
-0
-0
-0
-200.585
-0
-0
-233.881
-0
-12.3855
-279.368
-0
-148.336
-107.472
-0
-132.873
-142.583
-0
-198.624
-5.41211
-0
-164.998
-73.3085
-0
-202.535
-0
0
-185.212
-0
0
-165.116
-74.8418
0
-154.328
-75.6227
0
-68.6144
-264.029
0
-155.497
-50.6791
0
-78.0195
-205.008
0
-164.949
-21.5856
0
-0
-0
0
-0
-0
0
-0
-0
0
0
-0
0
0
-0
0
54.1794
-0
-0
0
-0
-0
0
-0
-0
-0
-0
-0
-0
-0
-0
-0
-96.0697
-0
-0
-167.742
-0
-13.9939
-198.293
-0
-101.515
-89.0672
-0
-151.923
-7.30384
-0
-162.349
-0
-0
-185.542
-0
-0
-198.588
-0
0
-186.108
-0
0
-178.745
-0
0
-155.465
-0
0
-39.2815
-238.103
0
-132.124
-0
0
-65.5228
-0
0
-0
-0
0
-0
-0
0
-0
-0
0
0
-0
0
0
0
0
154.797
0
-88.5467
0
0
-0
0
0
-0
0
0
-0
-0
-0
-0
-0
-0
-0
-0
-0
-0
-0
-0
-0
-0
-0
-0
-88.8111
-0
-0
-134.994
-0
-0
-147.09
-0
0
-132.051
-0
0
-10.8327
-0
0
-0
-0
0
-0
-0
0
-0
-0
0
-0
-0
0
0
-0
0
0
0
0
0
0
0
0
0
0
6.57968
0
0
60.7285
0
0
0
0
0
-0
867.111
-0
-0
0
-0
-0
0
0
-0
77.1982
0
0
0
0
0
0
0
0
0
0
0
0
0
0
0
0
0
0
0
