0.140014
-186.172
452.697
-350.075
494.358
31.7646
-209.423
156.098
-218.371
-169.391
-87.1977
166.339
-294.643
-371.73
-156.412
-671.897
358.142
247.747
-476.032
284.96
309.937
23.3792
15.7458
136.272
-271.454
-33.4106
-4.23837
-348.608
-151.501
124.723
-581.417
162.248
-115.653
-534.297
151.574
159.106
-327.354
355.024
239.073
-20.6674
28.1917
80.8676
23.6279
-48.884
3.52033
-247.415
52.4066
125.398
-199.207
-196.281
23.7719
-528.879
425.858
192.912
-457.841
200.085
-168.339
-323.221
-43.4737
-49.4755
-222.755
-183.883
428.274
-402.783
123.523
170.415
-136.143
-146.718
-164.13
-19.3675
90.2433
38.4395
-171.157
-44.7829
-79.6561
-179.453
-75.1018
1.10676
-397.198
321.901
-143.085
-421.227
356.073
206.753
-164.93
-333.093
183.003
-230.427
-209.613
-134.875
-428.882
30.6624
114.716
-237.015
-446.325
530.744
-369.521
226.35
171.927
-151.808
-140.964
-241.753
148.511
-371.994
-48.8655
-56.2473
143.364
76.9049
-109.08
-40.1206
-42.9069
-366.756
201.046
-77.8201
-222.226
-204.979
-291.293
-443.748
212.28
-50.9419
-247.551
-271.13
45.5349
-441.752
219.948
143.216
-247.424
-291.784
236.381
-232.247
-440.021
373.421
-450.893
125.974
-14.7664
-524.711
234.625
21.6576
-294.076
-309.413
441.971
-46.663
-162.117
103.554
8.78329
-2.12792
-128.421
44.1264
17.8792
-60.6888
-130.352
172.029
-67.8523
-152.296
-115.4
-130.053
-268.013
-157.968
-69.6433
-446.615
154.074
11.3963
-403.742
37.2095
126.182
-316.824
-226.393
41.4291
-498.186
170.412
24.4086
-266.454
-402.403
44.5047
-224.912
-464.072
324.811
-575.154
347.663
-51.5267
-424.812
-29.8869
34.2478
-369.146
-151.126
271.129
-420.013
-18.3594
-34.369
-209.588
-71.8929
65.8448
-143.142
147.693
117.789
55.5824
-166.223
-47.8143
27.3596
129.097
38.1764
-189.032
265.074
-103.789
-128.568
-133.729
-56.5113
-209.77
-137.759
94.1608
-250.838
-153.231
31.9421
-360.181
32.4929
3.72745
-157.384
-371.012
114.13
-449.133
316.525
134.6
-165.275
-267.189
110.849
-174.555
-227.115
196.947
-259.578
-14.9867
-351.289
-299.342
57.0628
-71.7194
-187.079
-252.812
63.129
-415.847
217.698
-176.684
-183.488
-285.953
111.427
-192.606
-278.422
203.109
-337.826
208.492
124.209
-303.05
249.39
-22.7551
246.021
-711.35
-63.3421
-104.989
403.998
137.583
304.227
-314.593
-12.9307
-67.1682
141.799
-53.502
282.463
-654.64
114.295
-54.9466
16.907
240.05
-115.76
57.2774
-9.65518
24.2788
-250.01
-83.5397
-161.251
116.488
-205.235
76.9541
-452.402
17.755
-67.8414
-206.772
152.16
-4.46897
-364.916
56.9011
-217.111
77.2055
76.622
-183.982
-20.9133
11.101
-112.314
-159.791
-185.209
-42.7906
-289.483
-126.094
-73.8387
-157.428
68.003
-265.608
281.406
-199.163
-106.949
-109.999
150.026
-57.2631
-277.948
44.2745
-263.391
144.364
-82.9535
-127.459
-162.43
176.167
-81.0545
-244.131
88.491
-116.682
-191.962
16.4291
-327.384
228.537
95.6346
-179.496
186.648
328.842
-128.051
300.785
124.443
182.026
-280.435
-209.858
-134.905
247.562
254.192
368.019
-849.125
-4.01248
-215.011
343.176
-147.515
-150.235
125.102
24.5984
-238.411
272.209
-40.7202
114.05
-499.775
157.638
-5.83659
-263.536
97.432
27.1294
-331.047
-5.52497
-142.914
21.014
38.8519
-62.328
-181.666
17.4842
-416.18
536.978
43.1139
-243.858
140.888
22.45
-114.368
-200.744
-90.7124
-144.714
-180.091
-240.823
-47.3788
-413.442
227.311
-122.372
-244.219
162.092
-410.352
405.755
171.567
-136.013
-138.151
220.476
-179.998
-19.8843
72.8605
-86.6965
-168.571
108.754
-164.601
73.7064
92.967
-191.09
223.743
16.9952
79.6466
-269.563
8.88496
-111.9
239.708
336.966
-178.549
573.769
371.863
-305.089
728.307
-172.88
262.882
-596.947
67.9571
-123.518
97.7168
-7.64121
12.2359
-245.099
-58.74
-133.165
80.1613
-42.9758
46.3724
-322.521
-55.6925
-186.286
148.078
-14.2173
-189.024
183.33
22.6295
-115.926
-15.4539
212.337
-231.414
232.069
265.303
109.986
-555.662
387.751
-142.441
-49.8979
-39.215
-137.275
-22.7687
-120.88
-83.8237
-92.7899
-64.5464
-147.482
137.579
-47.6076
-114.632
136.143
-16.0914
-59.3672
21.2262
-121.307
141.763
-369.123
-99.3763
45.2384
-25.166
171.388
144.107
-105.907
194.734
124.387
-8.57027
-85.1421
34.0718
229.179
6.12358
-227.409
744.405
282.869
501.561
-778.03
200.781
99.6461
378.943
479.918
-285.647
740.797
-277.174
-79.3192
231.082
-82.1773
-28.7862
108.554
-26.6749
77.7828
-135.599
-36.3517
-92.1534
198.798
5.14886
-110.898
251.642
-10.8177
-97.9312
227.145
87.272
119.957
-224.716
12.4081
252.604
-493.584
-88.0246
-288.172
684.047
-123.956
