-110.301
-60.0327
104.42
-272.182
170.416
-111.392
-149.828
44.4525
214.919
-181.393
-29.836
96.1689
-431.456
-67.6269
57.3698
-513.405
-35.4725
158.275
-445.621
150.574
141.713
1.26711
64.2878
29.3696
-245.004
-53.4265
14.7585
-374.724
-45.0333
41.7707
-416.397
-6.70043
7.9492
-442.402
83.8292
101.972
-259.053
155.124
206.509
32.2758
61.3419
-34.847
-47.9792
78.3651
53.4154
-243.352
30.2879
-19.1902
-330.577
39.0131
-28.9277
-369.656
39.5008
16.5028
-390.881
34.6224
50.1033
-372.953
43.1038
116.967
-311.52
-24.2358
246.021
-311.414
-126.906
144.151
-212.7
-47.3303
-1.91196
-65.0429
194.951
24.0917
-242.781
96.094
5.94386
-295.237
52.6848
31.2465
-326.476
27.7837
31.3082
-353.491
13.5519
58.199
-356.608
-36.7708
90.4437
-355.897
-72.1158
45.9604
-394.81
-117.855
95.7191
-377.337
-157.383
176.885
-220.621
-136.307
133.827
-149.807
-138.065
-26.5192
10.2062
-34.894
-60.0065
30.4182
-23.8453
0.290039
-186.991
73.0788
-1.02656
-287.326
4.06196
7.66944
-299.081
-31.2752
14.555
-302.717
-40.1436
35.0578
-307.078
-63.0211
44.3185
-324.969
-53.8984
50.5302
-332.42
-77.2763
95.9338
-336.956
-112.994
71.889
-342.91
-115.551
32.3536
-345.167
-148.466
56.5493
-345.879
-174.898
130.256
-92.8364
-81.9215
95.3992
27.9998
-37.536
-1.84473
55.2492
-21.5565
1.9459
-7.40146
37.4728
-2.22415
-176.827
-47.3392
-39.2831
-282.753
-81.7757
-47.6313
-309.281
-65.5448
-5.50037
-308.906
-70.8549
18.3387
-295.273
-70.777
22.2389
-294.379
-74.2912
34.6936
-299.474
-100.402
54.0473
-308.091
-112.29
53.7987
-329.58
-108.645
90.4151
-347.69
-131.63
123.47
-337.945
-151.819
106.147
-359.144
-157.881
49.375
-219.244
-87.9628
49.2332
-70.9465
-23.3755
65.3136
-19.2374
25.6858
40.5933
33.5956
58.9487
16.6039
-27.0251
-2.02116
-57.941
-155.429
-46.3471
-49.6499
-212.565
-73.7056
-44.7525
-247.287
-85.0658
-23.0843
-256.894
-91.1096
-17.8984
-267.176
-84.9918
-8.63532
-266.32
-83.3397
14.2638
-257.231
-88.0185
28.3252
-255.628
-89.6421
37.2922
-254.577
-90.861
52.5361
-246.478
-94.6064
44.6583
-267.183
-101.911
37.3735
-283.037
-95.3909
51.5553
-276.868
-108.577
91.1348
-261.932
-128.967
95.6276
-187.798
-107.195
43.6283
-141.795
-85.9337
37.7394
-47.5128
-28.7995
30.7932
50.7593
68.3352
101.042
307.515
-91.088
4.73505
104.981
-172.132
-3.3185
65.0049
-174.484
47.7231
39.4361
-158.268
41.2585
9.23339
-191.324
-4.48456
-6.86843
-182.914
-27.5524
-40.645
-141.047
-46.2608
-71.1429
-134.753
-21.4272
-94.1901
-154.399
-23.2726
-114.115
-148.892
-13.3738
-132.961
-130.068
-7.29495
-143.183
-130.79
-2.52399
-150.29
-135.061
16.5015
-156.591
-116.67
18.3077
-157.603
-100.595
24.3811
-156.987
-84.304
28.2513
-167.5
-76.6437
20.9327
-168.773
-72.1214
28.1599
-166.98
-73.2759
38.9678
-157.325
-75.1623
48.603
-160.511
-58.2026
35.4042
-178.513
-37.3025
44.902
-188.256
-29.4546
83.3897
-99.9422
20.7469
70.7925
-10.4146
52.143
51.0607
47.8535
50.1055
-13.4101
89.9201
83.0979
267.16
64.3589
-145.497
-74.9406
1.00201
-138.024
-6.1781
-49.0081
-103.088
46.2921
-90.608
-65.703
48.9686
-93.3534
-75.0101
46.6608
-98.0547
-84.4594
32.8062
-104.869
-75.5336
36.1356
-113.11
-80.3046
34.8482
-119.698
-95.7046
27.5377
-134.473
-89.9111
38.8208
-151.627
-75.7359
17.9476
-159.283
-80.565
24.5721
-164.749
-77.2721
25.8319
-164.21
-72.6255
37.508
-164.365
-69.9908
61.6085
-161.517
-57.4375
76.9788
-160.894
-37.1382
80.2989
-160.388
-23.7478
77.3662
-151.258
-13.9057
81.4064
-126.786
-1.69898
68.2017
-95.0027
30.6364
54.158
-66.5982
54.4711
78.8983
-49.3298
101.12
83.5736
19.7014
169.729
125.709
60.8745
113.395
-123.757
8.26997
-4.02685
-69.1336
-39.2067
-35.6167
-52.5007
-66.23
-47.7177
-26.2735
-56.0718
-54.0151
-11.2278
-61.5845
-62.8888
14.6633
-72.0079
-49.4096
36.3575
-59.3886
-50.2659
25.8433
-69.4705
-65.3067
76.9038
-82.4764
-57.3385
82.5873
-117.735
-58.5445
91.483
-138.557
-46.6507
63.9124
-135.972
-29.4355
23.4697
-119.887
-19.7663
-11.2836
-84.9736
-9.629
-26.1945
-59.2696
-8.53642
-25.6175
-57.9808
-10.1743
-17.5478
-40.4501
-14.2447
-6.12137
21.1342
3.39467
19.5368
67.945
12.0821
20.6486
95.2222
28.0337
60.5476
84.1187
53.2224
84.2709
67.055
44.491
160.245
96.0568
29.0488
150.517
112.437
59.7694
253.54
-100.001
274.64
-54.4129
-96.2066
207.031
-60.4377
-72.2551
161.835
-47.203
-54.7569
132.049
-11.3493
-42.5849
116.348
2.79986
-33.0899
105.675
7.34267
-21.6628
97.738
13.8908
-18.3461
82.6265
3.7056
-11.9774
77.1438
8.87979
40.9681
109.876
46.4711
