-13.6345
-3.48874
9.51095
-18.9495
-7.82471
11.5852
-13.2628
-5.54657
15.5422
-11.6552
2.92628
15.0952
-40.9982
-9.75677
15.2173
-51.4559
-13.3301
17.4929
-38.8715
-7.39198
18.559
12.9237
17.5841
12.9928
-29.2178
1.9655
10.7055
-60.0307
-8.8222
12.0157
-74.9589
-13.8672
14.4214
-72.1
-12.4925
15.7589
-51.2373
-3.03631
12.5875
39.8976
26.2657
9.22631
-0.388817
15.6189
4.3897
-38.4992
3.3033
2.38258
-69.4521
-8.52293
3.99861
-89.4635
-16.8475
7.10158
-97.7957
-21.2574
9.61854
-95.5381
-21.8531
10.1179
-84.5389
-18.3124
7.55927
-67.1716
-12.1074
0.993417
-42.3045
-1.66952
-9.09264
5.37146
10.4593
5.71641
-35.5945
-6.30082
2.20589
-70.2202
-20.2075
2.07422
-95.38
-30.8958
3.79437
-111.688
-39.0559
6.14521
-119.807
-44.5247
8.23299
-120.301
-47.7373
8.93203
-113.631
-47.8231
7.52928
-98.5357
-41.9938
3.03907
-75.6441
-29.4069
-3.15986
-49.8863
-16.6352
-8.1599
-25.0821
-4.882
-14.7521
-7.87311
2.34461
-20.1202
-15.4389
-12.6841
9.0139
-50.9026
-30.1201
4.97265
-80.0955
-43.8588
2.71324
-102.466
-54.1352
2.40695
-118.737
-61.8813
3.69016
-129.249
-67.0666
5.83956
-133.882
-70.1761
7.97096
-132.566
-70.8739
9.84793
-124.784
-68.7905
11.0799
-110.049
-64.0541
11.319
-88.1061
-55.8515
9.19017
-58.2514
-42.7991
5.01573
-29.8273
-28.3286
-2.35629
-2.34691
-10.9599
-10.3595
35.3331
-5.47806
15.9664
-1.70223
-25.7139
8.88293
-35.9193
-43.1916
3.18242
-64.0512
-57.06
-0.147323
-86.5164
-67.5273
-1.46875
-103.599
-75.3878
-1.50977
-116.584
-80.9951
-0.396285
-125.553
-84.9426
1.62888
-130.639
-87.1851
4.04599
-131.7
-87.5726
6.59775
-127.801
-85.8031
8.88714
-118.02
-81.1618
10.2464
-101.99
-73.3593
10.3681
-78.6285
-61.6439
9.06315
-52.7528
-47.9853
6.19845
-29.0216
-34.119
1.83492
-13.505
-22.5679
-2.17653
26.7359
-18.7053
13.6156
-1.44785
-35.4059
7.76568
-27.4509
-50.1326
2.29747
-50.4683
-62.0983
-1.6553
-69.7338
-71.4836
-4.2844
-85.1353
-78.3386
-5.40771
-96.9795
-83.1321
-5.53461
-105.624
-86.1942
-4.93278
-111.52
-87.7739
-3.53302
-114.832
-88.0986
-1.72093
-115.63
-87.1656
0.364933
-113.661
-84.9926
2.5106
-108.349
-81.3303
4.68761
-99.02
-75.4789
6.09029
-85.6179
-67.41
6.94378
-68.5737
-57.0593
6.71245
-50.6233
-45.2197
6.03444
-33.0787
-32.836
5.50292
-18.2197
-21.1947
5.10546
63.3547
1.39753
10.4483
59.0906
-4.09426
8.27812
47.5855
-12.0146
4.0062
35.9719
-18.8451
0.487207
23.2683
-25.3553
-2.04574
10.4703
-31.972
-3.34622
-2.96013
-39.6584
-3.56561
-17.1315
-48.3089
-5.18054
-31.1774
-56.1434
-7.03874
-44.7498
-62.9033
-8.72653
-57.2572
-68.4091
-9.92023
-67.8583
-72.579
-10.4246
-76.9397
-75.3167
-10.6811
-84.0458
-76.8882
-10.3239
-89.1765
-77.2729
-9.50336
-92.272
-76.5062
-8.44533
-93.7766
-74.8631
-7.1159
-93.4568
-72.1336
-5.38467
-91.1542
-68.3394
-3.64884
-86.7677
-63.4394
-1.69016
-80.3392
-57.3967
0.579088
-71.9244
-50.4008
2.72842
-60.9882
-42.0803
5.08234
-47.1637
-32.8535
7.24849
-33.2245
-23.6955
8.92573
-21.8239
-15.8147
10.267
-17.8448
-11.6912
10.2971
45.5124
-9.24566
-24.0518
33.635
-17.038
-25.1215
19.6652
-24.9676
-23.9835
6.68008
-31.5314
-22.6157
-5.61347
-37.1275
-21.177
-17.1501
-42.2037
-19.3735
-27.6054
-46.5147
-17.8996
-37.1853
-50.3191
-16.8091
-45.6812
-53.3594
-15.8728
-53.1403
-55.4327
-15.2
-59.3289
-56.7395
-14.2448
-64.2697
-57.1122
-13.2858
-67.7851
-56.6108
-12.2893
-69.7324
-55.2569
-10.9334
-70.4258
-53.0974
-9.42553
-69.305
-50.127
-7.67265
-66.9867
-46.2278
-5.61839
-63.0496
-41.7895
-3.50398
-57.5882
-36.7355
-1.316
-50.2989
-30.8797
0.990409
-42.0045
-24.723
3.40783
-33.2781
-18.4364
5.68863
-24.6676
-12.7472
7.84211
-17.0139
-8.08911
9.76639
33.4876
8.76215
-34.4685
23.0957
4.74939
-31.9847
12.207
0.528659
-29.2722
2.35449
-3.24986
-27.1929
-6.26895
-6.39741
-25.2115
-13.8991
-9.78466
-23.5122
-20.2537
-12.6394
-21.6295
-26.0096
-14.969
-19.2444
-31.2488
-17.2299
-17.8327
-35.6865
-19.4015
-15.5048
-39.4737
-20.9094
-12.8276
-41.7132
-21.2168
-10.2028
-42.098
-20.7458
-7.86205
-40.6696
-19.3433
-5.42326
-37.7632
-17.3032
-3.10892
-33.8875
-14.6891
-0.671575
-29.2315
-11.6814
2.10136
-23.5082
-8.41302
4.58795
-17.3141
-5.10863
6.48385
-11.0894
-1.99879
8.17841
-6.10631
0.337343
9.60675
-2.84224
1.49178
10.3303
-0.378695
1.80794
10.2912
0.85382
1.57767
9.21249
0.874283
1.12528
7.65459
-3.8682
16.2828
-7.57101
-5.39675
14.8738
-4.6486
-6.08553
14.1054
-2.06332
-5.77071
13.723
0.377835
-4.6971
13.1455
2.20104
-2.89251
12.6818
4.17402
-0.599748
12.1726
6.53525
1.7401
11.5953
8.06436
3.76368
10.8052
8.67188
5.66497
9.99381
9.09727
