-68.1459
-0
71.9071
-249.316
90.3107
-40.3415
-79.1144
0
236.609
-205.243
-0
57.6862
-458.277
-77.4857
76.4152
-536.544
-0
88.882
-431.297
64.0568
158.049
0
0
0
-251.541
-0
82.4903
-403.972
0
16.508
-428.372
0
0.783482
-418.427
0
36.2932
-264.667
129.692
214.379
0
83.0634
-40.3447
-0
1.22478
21.7849
-250.107
25.0418
0
-389.039
158.681
0
-376.902
33.9446
28.2042
-387.473
0
90.8465
-381.891
0
57.5297
-344.052
0
215.768
-325.127
-122.395
19.0241
-181.13
-24.9317
-0
-27.2465
165.964
9.41655
-226.124
39.3992
0
-331.675
121.872
38.1107
-308.274
0
83.7452
-329.022
-0
73.5105
-348.949
-0
106.545
-374.505
-0
0
-416.837
-72.9599
11.5978
-301.798
-358.154
72.3313
-235.509
-86.632
69.0022
-87.6114
-247.46
0
0
-0
0
0.784251
0
0
-158.414
0
0
-291.809
-0
0
-318.405
-0
0
-318.447
-3.97062
0
-298.581
-80.0047
0
-328.816
-24.8823
0
-359.558
-0
124.637
-371.985
-26.0215
110.489
-330.472
-148.028
0
-287.936
-314.394
0
-314.127
-312.898
148.725
-131.316
-8.76566
49.5003
-0
-0
0
0
-0
0
-0
-0
-0
-195.408
-0
-0
-267.632
-158.962
-0
-356.925
-0
-0
-362.867
-4.076
0
-349.677
-11.5318
0
-358.571
-0
0
-333.493
-109.758
0.313096
-338.056
-123.064
13.5357
-394.031
-33.2553
117.67
-394.191
-75.656
197.365
-287.505
-291.307
126.379
-332.638
-255.578
0
-271.17
-0
0
-81.1233
-0
0
-0
-0
0
0
0
0
-0
-0
0
-131.87
-104.869
-0
-196.284
-123.159
-0
-259.385
-65.2591
-0
-290.518
-26.8502
-0
-310.115
-0
0
-306.038
-4.39709
10.7245
-287.567
-33.4282
33.4609
-290.451
-31.0986
27.7343
-236.849
-154.316
17.9724
-259.775
-93.4095
0
-266.811
-125.886
0
-302.101
-49.014
0.822789
-247.545
-167.003
0.106002
-289.074
-82.5848
0
-180.211
-123.799
0
-96.6814
-204.874
0
-17.1377
-0
9.15422
0
0
0
402.882
-0
0
51.9974
-88.3689
0
71.0308
-183.759
-0
79.4505
-247.674
-0
21.4862
-241.3
-0
0
-201.91
-0
-0
-206.979
-0
-40.4441
-171.591
-0
-48.0522
-222.541
-0
-94.3155
-149.704
-0
-110.79
-124.523
-0
-156.5
-51.7247
-0
-154.655
-70.6522
0
-142.986
-79.8374
29.9931
-151.8
-46.7404
34.758
-135.104
-66.2558
55.9782
-144.377
-67.3337
32.8603
-130.352
-101.22
16.504
-182.478
-0
0
-128.454
-112.787
0
-174.489
-17.4793
0
-164.658
-72.3019
0
-167.693
-110.722
53.6759
-76.8021
-10.3575
22.0872
0
-0
8.97629
3.54303
-0
0
0
-0
225.953
0
-0
-0
0
-151.867
-0
-0
-221.533
0
-50.6448
-162.141
33.0907
-137.534
-3.38861
0
-51.1087
-213.056
0
-126.418
-45.4517
-0
-105.559
-115.275
-0
-158.457
-24.2705
-0
-187.403
-0
-0
-198.555
-0
0
-184.828
-32.0734
0
-144.163
-132.523
31.6719
-199.614
-0
57.6716
-191.844
-0
70.4273
-181.008
-0
69.3789
-172.99
-0
91.8944
-142.65
-44.3452
106.033
-155.013
-0
112.354
-127.553
-0
96.908
-83.5965
-0
48.9912
-29.8133
-0
80.5636
-0
0
82.2328
24.5369
0
111.803
132.72
0
-47.6593
0
0
-75.5166
-21.7055
-0
-47.8906
-87.444
-4.14122
-45.7918
-0.499348
-164.058
-49.1749
-94.5933
-0
-0
-104.128
-0
-0
-95.1615
-0
0
-115.123
0
81.9968
-136.127
0
113.202
-174.518
0
24.7986
-187.24
0
0
-175.138
-0
0
-158.589
-0
0
-117.469
-0
0
-88.9802
-0
0
-93.9727
-0
0
-50.2347
-0
31.632
-0
0
99.0531
23.9881
0
60.8937
89.2757
0
79.423
55.1964
59.607
52.5069
53.6772
0
135.912
65.2558
0
129.987
0
0
44.6256
-252.28
746.288
-0
-0
0
-0
-82.7673
180.546
-0
-53.2172
126.102
0
-46.2108
119.74
7.64301
-0
39.3268
31.2177
-0
56.6718
53.9763
-0
58.6261
31.8708
0
44.1608
0
0
170.942
50.1332
