-79.826
-52.1256
300.706
-294.258
311.027
-53.3125
-234.242
143.572
-3.06448
-171.985
-72.7747
145.223
-387.422
-177.273
-65.9788
-564.458
89.2365
265.212
-497.965
303.893
201.975
7.09753
37.2414
100.931
-256.541
-56.3829
-11.6026
-372.439
-75.5117
99.9888
-457.04
33.5965
-117.532
-493.21
159.133
162.544
-276.993
254.586
250.412
-0.404681
9.55566
70.1582
-23.7572
52.0729
18.2758
-245.591
37.0267
50.3907
-319.846
38.7688
-95.4185
-389.817
98.7613
78.0254
-419.919
82.7061
-28.0249
-379.325
46.3094
99.7095
-305.933
-33.5081
351.875
-340.132
-67.9004
184.004
-207.468
-40.2026
-78.9297
-54.4264
165.832
27.8372
-236.797
94.0915
-62.2956
-285.678
62.0508
66.1262
-315.037
36.4941
-33.6663
-365.405
81.3923
139.639
-319.686
-90.966
140.582
-338.828
-64.37
-27.159
-404.249
-55.9677
76.4063
-334.123
-226.697
289.857
-230.382
-67.3856
163.099
-144.326
-134.158
-79.8676
47.777
-98.8905
-89.5823
27.8475
-35.2141
30.7745
-176.017
67.8371
-45.1179
-302.148
37.6399
10.4212
-289.106
-58.9041
-77.1461
-307.198
-35.2069
59.9559
-287.324
-110.411
6.1259
-354.962
34.0224
40.6736
-331.646
-67.279
140.662
-313.804
-174.434
145.519
-364.018
-64.4697
-10.326
-359.703
-114.839
49.4183
-345.105
-192.874
247.877
-75.1158
-99.9807
163.624
38.0332
-29.7453
-11.3739
44.1844
9.83235
-52.9428
-87.9969
74.1466
-10.0316
-196.43
-30.0481
-82.518
-292.507
-110.4
-37.1391
-350.923
-23.1772
-10.7523
-358.267
-22.5135
83.9592
-325.367
-78.9179
-25.0541
-358.568
-20.8514
34.6235
-337.463
-120.279
53.9974
-334.719
-151.639
89.1362
-407.696
-11.7075
80.0529
-403.786
-78.3031
168.943
-361.476
-156.086
155.553
-403.733
-112.576
-9.67923
-231.818
-82.3396
-1.79963
-67.2106
-31.4677
94.1198
-33.6291
46.0288
58.7006
17.4078
112.258
48.6516
-98.723
34.6191
-28.8666
-186.406
-6.45578
-46.6953
-225.971
-83.6359
18.0919
-262.736
-85.294
-13.7532
-272.199
-94.0631
5.38839
-281.748
-78.4026
-14.8672
-297.714
-32.76
95.9711
-262.85
-87.758
50.7745
-253.199
-106.181
69.3469
-278.114
-45.1914
3.71185
-259.675
-66.3863
10.7286
-267.95
-104.64
-7.18706
-316.25
-23.0494
-10.5376
-292.077
-84.2267
110.689
-273.693
-133.108
123.689
-206.594
-99.634
-14.965
-185.577
-39.2208
-24.3551
3.78412
-180.955
13.9315
-32.2949
230.262
112.75
315.367
-162.93
33.5559
52.6984
-98.5514
-28.0217
119.762
-290.828
63.0666
39.19
-162.035
127.678
-4.16747
-170.738
39.08
-2.39801
-190.983
15.7908
-54.4352
-103.241
-56.619
-58.8866
-141.114
-34.0548
-77.8488
-170.279
1.2093
-89.4848
-171.212
-25.0475
-134.028
-91.0485
2.82157
-120.435
-140.326
-26.3717
-113.853
-173.22
22.5797
-119.867
-147.605
-37.1096
-129.069
-102.038
37.2136
-161.615
-8.51191
-3.68326
-157.169
-42.7805
26.3176
-148.024
-78.169
30.1156
-164.18
-61.667
53.7499
-140.318
-108.738
101.132
-150.802
-80.509
52.6664
-193.904
-10.5021
59.6977
-219.34
18.4742
149.33
-132.11
79.4626
123.637
-60.005
130.882
9.55226
49.3282
12.7935
-136.376
-16.1279
72.8368
235.051
149.972
-395.431
-22.9069
-14.6938
-95.2421
-51.198
-47.7106
-87.1513
44.8296
-130.56
43.3551
12.1638
-77.7172
-78.3473
47.8795
-73.7047
-108.826
45.2993
-92.296
-76.0628
19.8293
-113.03
-58.5377
35.6639
-103.98
-115.555
14.4992
-137.43
-70.1598
66.4049
-165.766
-38.5159
-3.69841
-172.025
-58.606
40.671
-177.131
-72.1114
-25.979
-147.972
-136.686
69.5852
-163.401
-108.121
119.486
-178.444
-44.9266
161.211
-170.838
-26.7798
151.965
-174.25
4.94284
106.68
-158.085
9.86505
117.625
-126.532
12.1748
96.6172
-106.35
77.8927
34.1242
-60.2554
64.5221
86.624
-85.7204
195.671
186.466
-12.882
241.591
227.193
-21.1399
206.007
-184.004
36.0208
-96.1655
-61.8827
-64.1128
-16.3639
-43.5531
-90.4005
-27.6835
-31.3329
-73.3619
-42.6285
-1.79067
-59.3675
-92.9558
24.6537
-87.653
-40.6629
65.1293
-77.2395
-23.8724
23.0518
-82.5087
-61.8411
117.905
-54.7924
-120.357
113.011
-88.7006
-126.169
217.043
-155.971
-5.71333
94.3405
-141.14
1.12683
-7.47692
-112.236
-10.2721
-78.5269
-75.8924
7.95937
-85.4974
-37.7732
-13.3202
-46.5819
-40.4191
-6.67089
-37.6186
-15.9207
-28.5534
-16.9808
51.3962
-10.7233
75.5667
115.807
-40.9261
66.5963
133.136
1.6153
61.372
70.2373
154.091
80.5789
62.0038
125.268
260.84
184.878
-108.018
190.316
243.733
29.3799
427.229
-196.621
494.536
-206.013
-106.85
251.017
-157.289
-70.9033
170.178
-76.0763
-54.6703
123.583
0.426637
-46.7924
105.802
18.4075
-40.6528
95.0824
-2.19912
-36.9149
97.5842
13.5987
-11.9642
35.9841
0.416491
-4.15135
26.8182
-22.9634
-31.7819
147.856
-3.93068
