-12.3268
-161.573
431.567
-338.856
463.772
17.1689
-218.462
153.82
-180.168
-171.445
-80.6441
159.885
-306.783
-344.278
-152.736
-645.287
298.061
263.843
-482.262
302.045
297.756
18.6051
23.4146
130.084
-275.368
-25.6295
-12.5434
-348.108
-150.78
118.657
-547.7
119.365
-132.188
-522.955
148.2
175.102
-325.33
359.376
255.365
-19.9271
28.4986
81.9523
13.406
-28.5024
3.41204
-255.589
63.1892
120.612
-229.361
-137.22
-18.4229
-481.846
316.576
167.47
-446.496
164.661
-143.26
-340.748
-19.0268
-3.15848
-256.08
-120.241
432.43
-395.133
91.3114
163.565
-147.916
-131
-157.199
-24.2072
101.848
42.7009
-196.941
13.6768
-88.8687
-201.74
-44.2134
22.4674
-359.748
222.784
-127.511
-391.657
257.941
204.361
-202.674
-271.4
179.953
-267.359
-146.128
-116.746
-436.797
47.7247
112.825
-246.624
-424.206
480.787
-339.2
162.185
169.007
-149.883
-142.103
-207.029
121.469
-299.026
-66.9026
-31.5898
90.4731
61.69
-127.269
-3.72606
-62.4118
-353.835
169.164
-50.9203
-240.028
-165.451
-245.617
-386.621
102.164
-10.1236
-245.622
-255.314
32.5024
-427.901
192.623
109.44
-280.02
-209.237
211.257
-245.658
-389.725
333.137
-432.335
95.8512
0.937184
-482.559
150.949
28.3591
-309.591
-269.346
392.647
-48.9504
-153.566
113.051
25.5439
-23.8099
-96.6334
46.9517
16.7374
-63.091
-126.228
155.895
-57.2117
-174.384
-70.1018
-136.91
-267.155
-164.913
-60.8616
-424.907
110.925
6.00286
-393.665
18.7682
138.92
-308.465
-216.069
20.7339
-460.86
110.206
23.9001
-298.154
-312.479
42.8407
-257.261
-388.052
271.907
-545.889
279.401
-29.5566
-413.222
-57.8607
58.303
-379.191
-123.243
253.702
-423.413
-24.5724
-27.2641
-211.73
-80.9358
48.81
-109.347
73.6164
112.558
29.7288
-104.408
-19.3305
29.6985
125.724
45.4084
-173.187
216.259
-84.4071
-158.217
-71.7816
-63.5752
-216.026
-125.516
83.5225
-249.416
-149.762
15.9237
-322.69
-35.788
15.7485
-197.412
-281.842
85.1809
-399.648
202.075
142.225
-194.031
-215.549
97.6966
-195.203
-198.717
167.584
-287.12
24.7119
-278.222
-292.154
29.166
-62.9078
-207.762
-219.545
36.1953
-385.657
138.712
-148.263
-227.349
-208.007
125.342
-219.001
-234.039
188.961
-302.411
122.194
83.007
-279.19
183.866
-36.4741
203.945
-625.363
-39.0828
-105.222
401.031
137.945
310.128
-308.242
-10.9011
-61.1148
130.255
-50.6434
265.167
-616.386
101.977
-40.2367
-11.2674
225.689
-87.3338
-1.91545
10.5201
7.87115
-216.117
-51.7967
-136.853
63.5937
-174.781
35.8924
-361.363
-2.02158
-72.0375
-198.01
125.103
-36.4745
-296.124
35.4414
-190.029
21.9576
59.1517
-143.771
-101
-6.43968
-101.704
-187.457
-114.461
-66.8667
-240.792
-102.759
-90.6235
-134.049
56.748
-253.782
243.402
-168.007
-123.324
-81.7792
117.059
-85.9205
-212.405
45.0394
-224.382
63.0871
-41.7943
-130.494
-151.229
169.33
-103.536
-196.662
68.2672
-151.147
-118.813
24.2881
-291.963
155.019
112.27
-172.464
165.269
293.565
-112.114
255.423
79.2741
148.769
-210.764
-210.287
-122.725
214.2
248.749
329.374
-771.242
-3.23775
-166.662
239.007
-137.239
-113.648
51.967
31.3734
-225.308
248.133
-24.4119
54.1043
-364.855
132.922
-9.6296
-248.06
88.8594
-9.64412
-248.69
-4.92479
-140.005
14.0019
40.3988
-62.3105
-183.018
18.4663
-310.488
315.3
63.761
-222.221
95.6885
0.0683437
-133.188
-151.752
-63.5832
-168.582
-117.234
-194.443
-79.4367
-328.111
188.545
-137.85
-199.453
143.591
-327.098
242.078
175.398
-141.259
-111.336
215.528
-175.919
-11.8978
80.3415
-120.852
-83.9081
123.416
-146.423
43.3703
100.67
-161.037
173.889
25.3514
46.1046
-183.654
18.1624
-121.556
268.154
308.526
-121.641
459.482
337.582
-227.756
579.152
-186.226
195.829
-454.301
26.8704
-110.549
69.8563
-13.1712
-24.628
-169.023
-51.2181
-114.058
37.9064
-26.218
8.91147
-244.318
-28.3993
-146.308
67.5477
15.0623
-145.808
101.366
13.5147
-132.413
24.0417
181.276
-157.853
80.3902
219.425
39.2324
-406.519
356.103
-167.532
3.17157
-8.25381
-136.281
-22.0031
-84.0338
-89.7195
-76.6501
-78.9049
-117.737
79.0442
-80.155
-76.3903
57.5761
-19.5573
-52.4756
9.37093
-86.9017
72.9977
-222.679
-64.668
46.3912
-17.33
141.77
133.625
-80.702
163.161
151.265
-55.3275
-43.9485
18.1814
267.839
32.0164
-127.826
537.658
281.074
399.085
-559.967
202.736
163.066
243.747
476.625
-276.82
706.458
-285.344
-77.0782
216.194
-95.9735
-44.5926
134.363
-34.8612
20.5453
-21.485
-18.8433
-61.8249
134.914
19.0907
-66.299
153.173
-16.8898
-87.5104
201.24
52.4602
72.9466
-134.146
-0.0553957
160.405
-306.729
-65.6868
-206.849
504.987
-95.0236
