0.369357
-186.636
453.115
-350.304
494.939
32.044
-209.229
156.168
-219.145
-169.335
-87.3665
166.507
-294.443
-372.227
-156.398
-672.507
359.463
247.366
-475.905
284.539
310.088
23.4987
15.5516
136.402
-271.302
-33.7117
-3.98741
-348.677
-151.387
124.931
-582.219
163.325
-115.236
-534.593
151.736
158.666
-327.333
354.728
238.582
-20.6796
28.1843
80.8381
23.879
-49.3836
3.54035
-247.134
51.9758
125.504
-198.584
-197.484
24.7809
-530.022
428.51
193.508
-458.15
200.995
-168.846
-322.819
-44.034
-50.5632
-221.944
-185.464
427.975
-402.887
124.094
170.603
-135.918
-146.99
-164.21
-19.2294
89.9319
38.3366
-170.466
-46.3178
-79.4205
-178.997
-75.7006
0.639268
-398.13
324.32
-143.367
-421.98
358.494
206.775
-164.095
-334.397
183.015
-229.517
-211.184
-135.258
-428.541
29.9302
114.649
-236.862
-446.634
531.738
-370.082
227.587
172.011
-151.828
-140.922
-242.396
149.089
-373.529
-48.4133
-56.7818
144.501
77.2542
-108.644
-41.0236
-42.422
-366.96
201.57
-78.4437
-221.866
-205.787
-292.326
-445.152
215.02
-51.9318
-247.722
-271.178
45.7684
-442.001
220.451
144.009
-246.622
-293.756
236.99
-231.981
-441.028
374.226
-451.24
126.428
-15.2235
-525.56
236.267
21.5099
-293.697
-310.397
443.057
-46.6539
-162.214
103.486
8.348
-1.48687
-129.039
44.0573
17.8968
-60.6255
-130.423
172.327
-68.0605
-151.773
-116.488
-129.803
-268.067
-157.745
-69.8098
-447.054
154.938
11.4512
-404.018
37.7264
125.757
-317.177
-226.269
41.7903
-499.044
171.793
24.4074
-265.7
-404.497
44.5815
-224.208
-465.704
325.929
-575.692
348.917
-51.8586
-425.2
-29.0167
33.8506
-368.787
-152.099
271.386
-419.889
-18.3865
-34.5558
-209.57
-71.6719
66.1304
-143.943
149.428
117.942
56.086
-167.432
-48.3249
27.2781
129.185
38.0298
-189.33
266.018
-104.164
-127.899
-135.128
-56.3033
-209.581
-138.119
94.3707
-250.926
-153.167
32.3291
-361.104
34.224
3.38654
-156.533
-372.902
114.626
-450.288
319.164
134.383
-164.68
-268.256
111.138
-174.071
-227.816
197.547
-258.806
-16.2506
-352.719
-299.5
57.662
-71.8536
-186.682
-253.434
63.7627
-416.546
219.534
-177.176
-182.432
-287.855
110.977
-192.028
-279.417
203.365
-338.551
210.234
125.053
-303.563
250.776
-22.3931
246.727
-712.764
-63.8296
-104.915
403.913
137.528
304.054
-314.514
-12.9019
-67.1571
141.75
-53.5433
282.659
-655.081
114.534
-55.1388
17.2517
240.295
-116.394
58.5942
-10.0761
24.681
-250.844
-84.2043
-161.752
117.579
-205.794
77.8193
-454.319
18.1805
-67.718
-207.009
152.657
-3.70075
-366.533
57.3649
-217.77
78.5622
76.9645
-185.035
-18.7966
11.4716
-112.61
-159.051
-186.778
-42.2746
-290.551
-126.65
-73.4368
-158.039
68.2719
-265.712
281.884
-199.62
-106.592
-110.641
150.744
-56.5778
-279.535
44.2571
-264.39
146.417
-83.849
-127.389
-162.69
176.216
-80.5602
-245.168
89.0433
-115.84
-193.743
16.2761
-328.179
230.185
95.294
-179.648
187.096
329.441
-128.482
301.93
125.378
182.737
-281.932
-209.752
-135.155
248.27
254.293
368.75
-850.593
-4.01142
-215.987
345.286
-147.665
-151.019
126.665
24.4224
-238.579
272.489
-41.0567
115.347
-502.683
158.147
-5.89647
-263.566
97.591
27.9584
-332.889
-5.55951
-142.809
20.8224
38.775
-62.4865
-181.318
17.4816
-418.671
542.18
42.6115
-244.301
141.797
22.9921
-113.99
-201.755
-91.1791
-144.035
-181.804
-241.736
-46.5471
-415.575
228.127
-121.999
-245.251
162.634
-412.275
409.566
171.502
-136.017
-138.502
220.517
-180.091
-20.0672
72.7094
-85.7778
-170.772
108.313
-165.025
74.4559
92.7922
-191.721
224.805
16.7667
80.2466
-271.151
8.73894
-111.588
238.869
337.548
-179.818
576.324
372.555
-306.733
731.503
-172.555
264.38
-600.111
68.8156
-123.815
98.3628
-7.57253
12.9999
-246.679
-58.9066
-133.605
81.1393
-43.3039
47.3065
-324.464
-56.3071
-187.232
149.984
-14.9132
-190.132
185.446
22.9117
-115.392
-16.6786
213.098
-233.106
235.578
266.342
111.622
-559.085
388.43
-141.693
-51.4265
-39.8274
-137.273
-22.8053
-121.796
-83.6735
-93.1378
-64.1986
-148.303
139.254
-46.7486
-115.64
138.265
-16.0645
-59.4723
21.4285
-122.167
143.562
-372.911
-100.264
45.2092
-25.3145
172.071
144.417
-106.613
195.454
123.513
-6.92935
-86.018
34.6889
227.785
5.56038
-229.734
749.241
282.915
503.947
-783.086
200.725
98.1904
382.104
479.98
-285.73
741.335
-276.899
-79.4282
231.548
-81.9713
-28.4313
107.973
-26.5268
79.2249
-138.484
-36.8245
-92.9827
200.53
4.75312
-112.155
254.386
-10.6033
-98.0674
227.531
88.1653
121.08
-226.884
12.7599
254.842
-498.135
-88.5628
-290.111
688.298
-124.632
