-73.1381
-12.3518
142.242
-271.077
212.192
-34.0929
-126.505
0
148.273
-190.867
-16.2848
93.7183
-447.402
-81.8071
5.80482
-534.98
-0
111.807
-446.772
123.461
225.564
0
0
0
-260.05
-0
49.8664
-409.645
-0
46.8126
-437.585
0
0
-426.706
0
33.0858
-287.771
202.063
241.277
0
71.5842
-0
-18.6062
37.9777
23.8139
-240.085
0
0
-373.854
122.387
0
-391.443
79.3774
22.6046
-384.21
0.432234
71.081
-389.812
18.9093
42.2062
-344.259
0
252.66
-328.938
-121.074
62.1381
-199.106
-32.1952
-0
-52.3397
196.444
20.8553
-211.458
14.5866
0
-335.601
143.782
21.6066
-311.338
0
62.0833
-331.453
-0
90.1269
-355.197
-0
136.981
-368.143
-20.313
0
-421.81
-59.2189
22.1427
-320.269
-305.535
83.575
-224.744
-102.594
70.71
-87.582
-259.004
-0
0
-0
0
10.0796
0
0
-172.931
30.2226
0
-292.741
0
0
-321.931
-0
0
-322.722
-0
8.31635
-280.09
-122.973
0
-334.292
-9.74355
0
-356.178
-0
140.394
-378.998
-10.3532
102.411
-345.034
-117.952
0
-285.169
-322.054
18.1904
-318.552
-304.24
157.368
-137.274
-6.14916
49.7038
-0
-0
0
0
-0
-0
-0
-0
-0
-194.422
-21.3731
-0
-285.133
-123.138
-0.86224
-356.556
-0.0426454
-0
-365.494
-0
0
-343.027
-24.6901
0
-356.216
-0.24705
0
-323.172
-136.171
0
-340.946
-121.327
18.0235
-409.813
-5.16323
133.146
-399.796
-70.6308
219.951
-292.272
-285.734
139.741
-349.241
-220.146
0
-272.362
-0
0
-85.237
-0
0
-0
-0
0
0
0
4.04718
-0
-2.53535
0
-131.83
-119.926
-0
-198.097
-117.431
-0
-271.338
-42.4606
-0
-292.689
-21.5457
0
-310.502
-0
4.66181
-306.246
-4.31528
14.6559
-270.973
-71.7217
43.5265
-286.654
-42.2648
45.5486
-236.704
-156.857
25.2393
-267.599
-75.6991
0
-265.569
-123.678
2.63719
-313.181
-17.6294
1.16295
-250.635
-152.707
7.05037
-291.523
-66.0904
4.17016
-178.017
-120.419
0
-83.6636
-222.159
2.19732
-26.7428
-0
9.81498
16.8038
0
15.8841
380.615
-0
0
82.352
-165.496
0
44.5368
-127.911
0
89.1873
-269.375
0
15.2325
-222.309
0
0
-205.738
-0
-0
-214.839
-0
-47.2067
-164.973
-0
-42.8809
-238.388
-0
-98.9532
-143.863
-0
-126.562
-96.2654
-0
-157.544
-53.5932
-0
-155.589
-71.6081
0
-131.397
-105.076
43.7031
-135.627
-79.5326
44.1286
-136.827
-57.3026
46.767
-143.948
-60.8569
22.3947
-132.294
-90.1701
13.136
-179.231
-0
0
-139.268
-84.6267
0
-180.429
-0
0
-165.876
-66.2753
0
-162.854
-115.857
74.4497
-78.1128
-18.4069
31.3243
0
-0
17.2568
22.7195
-0
0
-0
-0
269.064
0
-33.2618
-0
0
-157.509
0
-0
-224.949
9.83804
-60.7523
-142.54
52.3429
-137.915
-0
0
-48.5783
-211.906
0
-114.23
-64.6157
-0
-107.656
-104.524
-0
-169.092
-0
-0
-186.521
-0
0
-196.328
-0
0
-155.557
-92.7346
0
-156.829
-104.37
22.4445
-199.548
-0
48.3725
-192.609
-0
68.1892
-182.976
-0
66.8465
-174.314
-0
92.3031
-155.895
-22.0104
107.926
-156.605
-0
124.429
-128.725
-0
117.155
-82.1896
-0
53.7709
-36.0922
-0
89.2364
-0
0
93.4955
38.0961
11.4289
117.211
114.649
18.2419
-64.9804
0
-0
-93.522
-36.3382
-0
-50.0731
-84.2324
-17.4461
-44.8161
-1.29451
-171.935
-51.7744
-97.9236
-0
-1.16202
-107.847
-0
0
-95.4291
-0
15.4392
-114.852
-0
96.44
-133.919
0
114.259
-174.734
0
27.2433
-186.45
0
0
-175.135
-0
0
-158.517
-0
0
-117.528
-0
0
-89.4286
-0
0
-92.35
-0
0
-57.813
-0
21.5303
0
0
100.219
37.0738
0
59.8236
90.6694
0
84.0691
55.1415
69.4104
55.9024
53.3492
0.0248335
149.65
80.1644
0
134.69
0
0
88.3958
-309.274
815.235
-0
-0
0
-34.8705
-58.9752
126.793
-0
-42.567
97.0317
0
-46.5084
113.478
27.0394
-42.0183
119.424
28.9723
-0
52.1456
47.2067
-0
47.339
37.0828
-0
37.8394
0
0
165.444
55.0784
