-92.4839
-60.6991
276.993
-288.288
300.615
0
-304.352
166.438
16.7397
-154.968
-116.132
156.775
-407.355
-129.086
-11.3783
-536.949
27.6055
198.661
-517.09
333.574
234.671
18.0998
0
91.4275
-240.736
-70.7993
0.222981
-376.991
-49.9647
50.1044
-431.426
-0
-51.3709
-494.266
170.66
120.409
-281.477
251.492
277.948
3.80744
0
40.2844
-24.149
56.0261
25.5897
-238.645
13.7812
0
-330.099
35.5886
-34.5764
-392.601
87.3053
21.0891
-417.745
67.0772
34.3111
-400.913
77.0877
118.692
-330.115
0
347.001
-348.521
-69.8859
160.915
-208.913
-46.9998
-85.807
-50.253
157.113
19.3505
-225.293
51.372
0
-308.616
89.0492
29.9262
-327.106
35.7995
4.71513
-337.917
0
95.0119
-348.239
-26.5551
162.415
-359.242
-23.6502
-0
-428.653
-0
70.5326
-334.015
-237.196
235.622
-233.986
-60.8349
88.8502
-80.9591
-281.123
-68.6312
18.5662
-35.477
-15.2298
19.8886
-0
5.833
-158.626
8.93437
0
-291.315
0
0
-319.726
-0
-10.6317
-324.956
-0
12.3349
-266.126
-153.88
0
-345.812
-0
1.18104
-367.11
-0
139.77
-352.744
-95.8171
144.926
-400.677
-0
-0
-347.775
-169.224
66.1965
-306.275
-316.865
230.985
-116.396
-47.4922
76.6963
3.91279
-0
-0
16.9837
-0
-42.3003
-52.925
0
-0
-192.63
-42.027
-3.38959
-289.208
-130.14
-17.4326
-362.947
-0
-0
-373.723
-0
19.3684
-367.03
-0
11.254
-337.487
-72.886
15.4091
-336.115
-143.437
66.1029
-377.09
-82.0274
66.9871
-426.687
-0
95.8953
-449.735
-0
204.653
-338.996
-220.766
179.995
-391.986
-144.078
0
-277.356
-0
-0
-88.282
-0
0
-12.5112
0
1.35355
16.4968
46.3429
16.199
-64.6791
-27.185
0
-153.005
-83.25
-0
-200.649
-143.059
20.1422
-300.086
-4.10638
18.1229
-288.075
-63.0044
0
-310.196
-28.1091
31.3311
-313.531
-15.8885
72.6055
-254.117
-121.136
90.5081
-275.546
-69.7514
39.8383
-293.69
-28.9886
4.34608
-266.921
-60.53
0.6343
-266.823
-107.277
0
-319.649
-0
-0
-294.856
-44.5541
33.0661
-288.863
-63.4146
22.2003
-191.68
-92.3641
-4.82609
-109.539
-164.564
-28.3158
-0
-127.888
-11.3151
29.6337
63.4392
51.4558
331.827
-158.1
20.0016
3.83363
-0
-1.14208
158.394
-391.431
38.3032
0
-89.8182
128.169
0
-198.499
26.9026
0
-221.789
18.7793
-26.4983
-174.737
-8.66842
-47.2835
-172.935
-4.85736
-48.7126
-228.679
-0
-69.8739
-205.919
-4.60787
-148.373
-51.1074
0
-126.409
-116.376
15.9374
-117.593
-143.155
15.6029
-124.231
-108.432
20.6311
-126.447
-71.3307
3.01664
-138.106
-24.849
3.08714
-160.373
-2.21029
0
-111.52
-110.336
0
-169.452
-0
0
-152.811
-34.3949
0
-171.338
-0
-0
-161.794
-53.9557
39.118
-185.142
-40.4026
111.311
-85.4665
-0
90.2826
1.40774
4.75215
36.6283
53.3876
0
-47.6376
-0
-0
200.266
139.782
-376.694
-0.983824
-0
-129.152
-45.6124
-47.646
-87.4062
78.5118
-110.431
-0
22.5671
-69.5576
-88.3626
0
-43.121
-164.793
0
-45.0346
-159.829
0
-92.9679
-81.7634
-0
-87.3949
-131.004
0.290826
-154.483
-7.40628
20.5672
-168.544
-1.28464
-16.1663
-163.703
-38.3382
-33.3389
-133.311
-121.505
-0
-171.325
-31.1124
28.5402
-187.158
-0
76.5771
-170.09
-10.681
82.084
-163.324
-11.6537
95.8815
-161.304
-0
122.536
-152.501
-0
151.239
-122.282
0
116.735
-74.9671
0.233091
76.652
-34.87
0
118.372
-5.16217
20.3416
155.859
-0
202.02
184.738
0
161.48
-212.92
-1.16394
-8.69508
-77.2928
-76.4861
-0
-46.6688
-63.7554
-93.6952
-36.1315
-69.6145
-69.0915
-44.7936
-57.6221
-120.473
-9.4104
-122.459
-0
0
-107.316
-0
0
-132.979
-0
87.3448
-139.925
0
130.833
-195.059
28.6604
85.469
-197.002
1.60773
0
-180.386
0
-3.76439
-162.195
0
-0
-118.417
0
-0
-91.4879
-0
-0
-91.2268
-0
0
-66.458
-0
43.3863
0.680706
-0
101.293
59.5273
-0
68.8075
94.5626
-0
70.4803
56.3182
88.7341
71.0029
23.4211
97.2843
229.323
97.8587
0
171.663
73.9513
0
308.974
-434.723
974.89
-88.0821
-0
0
-108.825
-0.282027
0
-11.9659
-44.4057
78.3271
3.42005
-63.7403
132.607
25.9535
-64.8401
143.287
22.053
-41.3659
116.106
32.3348
-0
19.1768
0
-0
21.6048
0
-33.7815
183.33
42.7328
