-65.0365
-0
19.7663
-235.108
3.46212
-40.8752
-32.6161
0
292.702
-205.18
-0
47.6508
-471.525
-51.0964
123.539
-535.665
-0
47.0077
-416.155
2.1931
116.235
0
0
0
-241.452
-0
71.7467
-396.45
0
0
-418.669
0
38.7676
-409.79
0
35.6551
-246.549
66.7223
190.44
0
89.6308
-70.6109
-0
3.07046
7.58499
-259.576
37.3395
0
-390.319
150.683
0
-372.069
7.12416
19.1939
-389.605
0
117.526
-374.157
0
71.1029
-338.561
-0
182.745
-310.256
-148.617
0
-172.701
-0
-0
-16.5883
167.654
10.4558
-231.799
47.3814
0
-321.613
92.1854
40.2903
-305.4
0
92.8769
-329.282
-0
41.7594
-348.357
-0
78.6473
-372.935
-0
0
-401.261
-103.176
12.6227
-296.693
-377.111
77.0717
-246.671
-66.2352
74.5994
-86.6388
-239.562
0
0
-0
0
0
0
0
-159.647
0
0
-291.12
-0
0
-313.603
-0
0
-309.544
-26.5163
0
-328.797
-16.1069
0
-320.397
-57.499
0
-368.611
-0
110.886
-357.203
-71.8973
106.943
-329.045
-161.052
0
-304.649
-281.767
0
-320.71
-300.579
135.314
-122.378
-20.1656
44.6699
-0
-0
0
0
-0
0
-0
0
-0
-188.469
-0
-0
-271.296
-146.906
-0
-355.749
-0.998451
-0
-349.444
-31.8215
0
-352.573
-0.705239
0
-358.681
-0
0
-327.344
-109.757
19.9381
-336.831
-115.862
20.9727
-373.553
-64.7082
98.5773
-380.4
-95.0961
160.575
-288.898
-281.987
104.616
-333.959
-248.266
0
-257.312
-26.8624
0
-76.3312
-0
0
-0
-0
0
0
0
0
-0
-0
-0
-131.12
-90.1855
-0
-191.548
-134.956
-0
-267.778
-47.5846
-0
-283.413
-43.1695
0
-309.585
-0.101452
0
-303.215
-10.872
0
-297.549
-10.6969
24.0225
-273.423
-61.781
7.25352
-249.41
-121.863
9.82129
-251.542
-105.041
0
-263.15
-131.215
0
-290.148
-78.5902
0
-254.014
-158.855
0
-278.818
-110.834
0
-182.496
-123.645
0
-102.614
-197.434
0
-12.6506
-0.172147
0
0
-0
0
427.452
-0
0
28.3135
-24.7255
0
98.976
-241.082
-0
65.6186
-214.294
-0
30.3873
-263.614
-0
0
-198.345
-0
-0
-197.862
-0
-30.8051
-183.347
-0
-52.0598
-208.465
-0
-87.9396
-157.332
-0
-111.617
-119.603
-0
-149.463
-60.4902
-0
-151.371
-71.6615
0
-153.846
-54.2734
21.6415
-159.308
-30.7385
24.4151
-123.724
-93.6163
56.1189
-150.409
-63.2427
31.457
-131.807
-105.51
13.8836
-175.291
-21.8877
0
-125.328
-123.705
0
-172.389
-25.3278
0
-162.963
-75.5284
0
-165.418
-117.168
37.7377
-74.7653
-2.66442
17.8064
0
-0
4.48319
0
-0
0
0
-0
176.437
2.33036
-0
-0
0
-125.61
-0
-0
-223.496
0
-53.5765
-152.263
9.03271
-120.99
-39.7991
0
-61.9454
-193.835
0
-126.105
-51.3534
-0
-112.542
-103.991
-0
-156.78
-31.3833
-0
-187.828
-0
-0
-200.188
-0
0
-201.646
-0
0
-138.249
-147.222
48.3195
-199.625
-0
60.9708
-192.171
-0
71.016
-180.742
-0
71.8875
-169.06
-7.35812
86.6912
-135.916
-59.5164
96.645
-156.477
-0
98.8315
-127.837
-0
82.0012
-86.2491
-0
42.2068
-25.658
-0
68.1106
-0
-0
68.9375
5.45116
0
106.414
142.137
0
-46.8001
0
0
-53.3768
-7.77391
-0
-46.9959
-79.8451
-15.3538
-46.8529
-8.82296
-136.96
-47.3311
-91.9875
-0
-0
-101.504
-0
-0
-94.8981
-0
0
-115.032
0
72.2076
-136.542
0
116.225
-173.378
0
16.5575
-187.147
0
0
-173.988
-0
0
-157.403
-0
0
-115.458
-0
0
-86.9554
-0
0
-94.7868
-0
0
-42.124
-0
31.3538
-0
0
94.2647
12.8627
0
58.5295
88.1519
0
71.7799
57.0197
44.5279
45.3609
54.06
0
123.76
51.5484
0
124.463
0
0
4.7551
-239.268
774.453
-0
-0
0
-0
-55.5366
130.889
-0
-93.9933
212.953
0
-4.74264
41.9538
0
-0
44.4315
32.147
-0
60.0981
56.4279
-0
66.5499
29.7009
0
48.7901
0
0
166.957
46.6727
