-101.263
-136.754
13.5011
-143.821
-117.498
14.8567
-46.6274
-90.16
154.809
-102.374
-52.1829
36.5223
-287.743
-83.0331
60.3596
-337.758
-73.1352
61.4243
-207.789
-34.9224
113.736
28.9477
30.283
-33.493
-185.936
-18.0596
12.1566
-307.32
-53.5333
27.9979
-350.603
-52.6558
48.6791
-326.874
-23.7608
76.7133
-179.793
26.9191
125.942
112.356
99.3837
-106.686
-43.2585
62.4952
-19.2634
-185.568
16.6029
-1.72458
-276.755
-8.87907
13.2469
-319.842
-19.0797
31.8673
-332.257
-20.857
56.6561
-316.95
-26.1057
84.1353
-275.661
-41.2702
103.506
-229.566
-56.3733
72.5223
-113.43
-19.149
21.0117
-24.7599
112.129
-11.6205
-166.497
43.0718
10.005
-246.279
3.78953
16.9832
-287.283
-19.6039
26.6824
-311.163
-39.9205
38.6977
-326.299
-61.6282
54.0424
-337.04
-91.7309
64.468
-345.198
-125.999
76.5889
-311.893
-136.71
78.894
-213.976
-107.425
53.7062
-117.508
-75.3173
14.7153
-7.50234
-27.3093
-15.0218
58.7402
-1.35642
-24.2237
-121.192
28.7489
-8.33121
-217.969
-26.7205
0.426576
-261.527
-56.6582
6.52201
-280.075
-72.2689
14.1701
-293.476
-84.7188
24.298
-304.788
-95.0403
35.9464
-315.605
-107.98
47.3554
-323.235
-122.423
55.448
-320.995
-135.294
60.8168
-306.248
-147.573
64.9966
-254.188
-142.583
63.5561
-112.602
-91.0255
50.0224
6.14599
-47.5046
27.681
102.295
-6.54329
29.0624
74.9835
40.5255
-10.8906
-91.1369
-34.8606
-20.6316
-194.116
-81.1412
-21.9477
-240.075
-102.061
-13.8425
-256.541
-110.075
-4.2676
-258.634
-113.38
4.06108
-261.734
-118.287
12.4946
-269.021
-126.941
21.7553
-278.969
-136.226
31.0898
-291.343
-146.226
41.5262
-300.899
-154.999
50.0745
-296.729
-156.721
54.9195
-270.714
-147.187
55.7261
-179.155
-106.057
51.821
-73.6712
-57.0242
41.1832
10.3724
-21.1093
32.5835
81.5399
1.22662
34.7931
48.7702
-0.633748
-18.9474
-71.8455
-55.6641
-29.2955
-144.348
-89.6282
-31.1462
-188.232
-108.265
-26.1434
-208.612
-117.646
-19.3353
-217.732
-121.622
-11.4864
-219.745
-122.316
-4.37772
-218.885
-122.088
2.95746
-219.332
-122.363
10.6298
-221.481
-123.809
17.9167
-225.252
-126.555
24.5539
-235.425
-133.524
31.2831
-240.643
-139.666
39.3162
-233.672
-140.709
46.4187
-208.399
-133.31
50.48
-154.268
-110.85
47.0633
-93.7268
-80.9934
40.1374
-14.3156
-40.2993
38.739
78.1008
3.61521
67.2708
177.458
-13.2773
-17.8048
126.363
-58.7849
-5.3449
69.9335
-96.2127
1.35843
35.1904
-110.888
-3.43082
0.206176
-118.904
-18.2238
-26.1268
-119.786
-27.4921
-51.7724
-121.502
-26.952
-79.9795
-127.845
-25.8779
-106.115
-131.909
-23.0454
-127.819
-132.019
-18.1356
-143.98
-129.706
-12.8448
-154.975
-126.427
-7.54186
-163.497
-122.152
-3.20216
-167.74
-116.518
0.9906
-168.726
-110.543
4.72839
-168.447
-105.056
8.05263
-170.129
-101.196
10.3406
-169.682
-96.307
12.5595
-167.585
-90.8477
14.4121
-163.258
-83.4416
15.9602
-159.027
-75.3495
17.9158
-152.364
-66.7587
21.1763
-130.865
-51.8093
28.1676
-71.9511
-21.7307
33.4114
-5.87345
11.0941
38.1447
46.4944
35.6783
62.6222
72.0931
44.9541
99.2429
92.8285
-17.1065
-77.0758
34.5262
-60.8094
-37.8103
-12.4995
-88.0648
-3.12879
-44.2688
-97.3937
12.3067
-64.8841
-99.7561
15.5053
-79.4047
-100.492
16.52
-88.983
-99.807
16.4956
-98.3729
-100.951
15.7712
-107.793
-102.502
13.5303
-117.047
-102.03
11.2038
-125.031
-100.738
10.067
-131.676
-98.5435
10.0995
-135.646
-93.7862
10.6935
-136.75
-87.404
11.4865
-136.77
-80.8438
12.5574
-134.075
-73.5624
14.1513
-130.847
-64.8942
16.6347
-125.608
-56.6917
18.8547
-115.99
-46.5126
20.3345
-97.5863
-31.2235
22.2455
-71.9413
-11.9638
25.0031
-43.6462
9.01238
28.2147
-10.9113
32.4135
35.0646
27.1589
54.3182
54.4444
99.2189
73.9652
-81.8756
43.2979
33.7466
-52.4466
-0.160268
2.60295
-35.6249
-26.777
-16.9921
-26.4053
-39.385
-26.9342
-17.2701
-49.0901
-35.6989
-9.01582
-56.0421
-38.7793
-1.01452
-62.3176
-39.2813
7.40199
-74.2013
-40.8332
14.3486
-89.445
-43.3274
17.6741
-107.426
-47.6782
16.6494
-117.892
-48.2146
14.0923
-117.783
-45.2593
10.3826
-108.419
-38.9079
6.39463
-92.376
-30.5962
3.74398
-77.0864
-22.744
3.60707
-63.959
-15.8604
6.88308
-42.9126
-6.80018
10.6929
-11.54
8.19377
16.886
17.2505
23.9151
25.3531
36.0471
36.9549
36.4179
39.9162
44.0879
44.8141
38.7789
44.8147
51.5622
38.3524
42.6649
53.6984
32.2545
37.1518
51.3599
-5.42273
80.0848
5.85961
-17.5502
69.9226
8.85286
-22.2179
65.6917
10.5579
-20.6104
65.9253
8.9974
-14.8765
65.6707
6.37712
-6.40319
65.6262
6.24777
4.01333
65.8011
7.16777
15.2763
65.4759
7.61161
28.2679
65.373
11.3127
49.2165
68.0985
19.3497
