-0
-172.748
0
-0
-0
0
-0
-0
0
-0
-114.344
0
-338.432
-15.866
15.7869
-538.264
-0
6.36613
-112.338
-0
123.817
0
-0
-0
-40.7624
-0
0
-397.524
-0
0
-399.765
-0
22.7082
-430.644
-0
100.875
-0
0
24.1155
0
0
-171.126
-0
0
-0
-125.411
0
-0
-379.464
0
0
-364.563
0
0
-390.906
-0
52.9275
-338.307
-0
75.8295
-279.473
-0
0
-165.085
-0
0
-0
-0
0
-0
0
-0
-45.7699
0
-0
-318.008
0
0
-295.437
0
0
-321.247
-0
0
-334.496
-0
0
-368.438
-0
0
-359.922
-196.475
3.61458
-296.955
-337.74
0
-211.65
-0
0
-0
-0
0
-0
-0
0
0
0
0
-0
-0
-0
-237.99
-0
-0
-316.246
-0
0
-324.557
-0
0
-345.16
-0
0
-363.183
-0
0
-380.616
-0
0
-293.642
-250.557
90.6266
-369.518
-84.6259
10.0171
-284.371
-347.814
57.5792
-399.609
-140.231
56.6683
-4.94899
-0
0
-0
-0
0
0
-0
0
0
-0
-0
-0
-0
-0
-193.564
-0
-0
-244.692
-212.744
-0
-335.643
-0
-0
-305.384
-45.3335
0
-320.688
-20.8874
0
-355.272
-0
0
-288.3
-169.362
0
-322.518
-116.085
0
-300.243
-243.423
0
-283.934
-228.937
0
-334.644
-255.254
0
-196.979
-10.9349
0
-0
-0
0
-0
-0
0
-0
-0
0
0
-0
-0
-0
-0
-0
-0
-172.926
-0
-237.52
-81.4472
-0
-187.783
-187.983
-0
-278.104
-9.12497
-0
-246.727
-65.6125
-0
-274.43
-0
0
-258.582
-27.441
0
-241.324
-71.1644
0
-196.171
-160.345
0
-249.435
-105.512
0
-157.973
-339.17
0
-319.446
-21.7459
0
-204.806
-277.503
0
-168.889
-165.936
0
-13.7426
-0
0
-0
-0
0
0
-0
0
561.366
0
0
24.9123
-0
0
0
-0
-0
0
-0
-0
0
-0
-0
-0
-136.645
-0
-0
-127.611
-0
-0
-222.672
-0
-22.4607
-247.365
-0
-151.395
-71.3848
-0
-95.7626
-238.128
-0
-164.888
-69.4963
-0
-177.871
-72.2036
-0
-190.322
-30.1239
-0
-207.285
-0
0
-194.117
-0
0
-164.88
-89.4262
0
-164.733
-66.5822
0
-139.389
-128.379
0
-77.7762
-225
0
-177.037
-6.57659
0
-117.114
-168.253
0
-101.541
-0
0
-0
-0
0
-0
-0
0
0
-0
0
0
0
0
55.1356
-0
-0
0
-0
-0
-0
-0
-0
-0
-24.9523
-0
-0
-165.265
-0
-0
-196.601
-0
-93.7092
-60.655
-0
-97.8301
-106.035
-0
-72.0504
-180.619
-0
-162.831
-0
-0
-173.262
-0
-0
-190.065
-0
0
-202.222
-0
0
-187.243
-0
0
-177.454
-0
0
-162.725
-0
0
-124.573
-79.3526
0
-60.1428
-180.813
0
-145.526
-0
0
-44.0977
-0
0
-0
-0
0
-0
-0
0
-0
-0
0
0
0
0
252.063
0
-54.1269
0
0
-0
0
0
-0
-0
-0
-0
-0
-0
-0
-0
-0
-0
-0
-0
-0
-3.96664
-0
-0
-94.8687
-0
-0
-115.648
-0
-0
-153.659
-0
0
-175.421
-0
0
-140.459
-0
0
-121.991
-0
0
-46.3333
-0
0
-0
-0
0
-0
-0
0
-0
-0
0
0
-0
0
0
0
0
0
0
0
0
0
0
70.152
0
0
21.119
0
0
0
0
0
-0
989.024
-0
-0
0
-0
-0
42.9974
0
-0
106.661
0
-0
78.5993
0
0
47.6203
0
0
0
0
0
0
0
0
0
0
54.4017
0
0
