-103.328
-38.788
192.749
-281.936
243.555
-92.2901
-201.937
94.3386
120.492
-176.015
-54.6748
120.716
-422.681
-98.5148
3.97298
-532.362
0.749166
219.864
-482.855
240.494
162.337
0.959384
52.7187
66.871
-248.431
-64.2
2.72208
-377.942
-49.7683
72.5908
-429.758
10.1979
-53.8724
-468.986
131.655
127.346
-260.871
193.913
227.813
13.7399
24.8448
29.5397
-41.0541
80.0375
39.7244
-242.817
29.4842
1.06706
-331.682
51.7064
-70.6421
-377.016
62.6076
34.1119
-403.897
51.6385
22.7481
-379.524
51.9366
116.633
-310.443
-25.3398
295.631
-319.911
-116.99
173.003
-219.817
-30.7725
-33.9798
-67.0422
193.627
20.7472
-245.829
104.492
-19.1583
-298.356
63.6246
49.1294
-325.254
27.5086
12.5289
-363.402
39.6238
88.4234
-350.663
-49.9869
112.668
-352.886
-68.2852
17.072
-397.673
-99.0165
84.0564
-369.824
-164.918
221.955
-219.726
-114.548
150.674
-147.652
-138.131
-51.1008
25.6634
-54.9294
-79.5654
30.9493
-34.9413
14.8072
-184.81
73.0872
-12.6506
-292.762
13.7738
14.286
-296.595
-36.8452
-9.98038
-303.498
-36.2065
48.3571
-300.084
-73.6458
29.8374
-331.911
-25.9181
41.5815
-333.189
-66.0315
114.606
-331.098
-125.249
86.8473
-349.172
-101.041
3.45194
-346.786
-144.025
52.7178
-350.045
-179.994
183.643
-85.7094
-87.0769
133.996
32.5511
-34.637
-6.09052
42.4445
-4.82932
-31.4142
-50.7797
45.1064
-3.31614
-185.342
-43.8976
-52.1904
-292.495
-87.1088
-45.429
-327.181
-47.7038
-8.61838
-328.704
-52.2497
37.8602
-312.242
-60.5316
4.13396
-318.899
-52.699
35.7983
-317.82
-98.8414
58.277
-325.022
-113.929
57.5025
-358.611
-77.9049
97.6416
-372.99
-110.681
158.748
-349.597
-153.693
127.659
-379.124
-146.728
20.4433
-228.904
-80.8173
23.9346
-70.0695
-25.2237
78.8474
-28.4446
39.8935
52.5651
18.4874
88.6509
27.6328
-63.3541
2.86159
-43.7887
-169.446
-30.6048
-44.1604
-223.771
-68.8596
-24.9359
-257.371
-79.333
-21.5422
-266.275
-87.9286
-11.4148
-279.086
-73.1728
-13.5802
-280.208
-66.228
41.4145
-264.823
-81.9018
37.924
-261.327
-87.3627
46.574
-263.875
-78.3813
52.7961
-250.808
-87.0952
37.2863
-271.658
-93.5653
15.129
-296.698
-64.0058
30.7965
-285.542
-90.6626
101.87
-268.917
-127.646
105.216
-193.125
-108.779
11.5749
-156.05
-79.2744
11.4401
-38.3145
-64.0426
22.8794
17.9248
123.678
108.443
324.953
-120.653
28.5245
92.8008
-168.816
-16.2085
79.9081
-199.668
57.2043
44.3419
-164.127
75.4121
14.2445
-201.68
18.0161
0.377882
-193.466
-3.03131
-39.967
-131.41
-45.0166
-66.3757
-127.392
-26.1985
-83.8338
-159.943
-24.7223
-101.191
-155.752
-21.3268
-127.245
-119.477
-5.73212
-131.312
-132.884
-12.0333
-132.629
-150.428
20.7405
-139.725
-127.774
0.80873
-143.503
-101.942
27.957
-150.359
-67.0012
24.2453
-161.816
-61.0527
14.7294
-162.181
-64.8265
24.9287
-162.343
-71.533
48.6775
-148.633
-88.7134
69.6181
-156.139
-64.3987
43.3798
-185.546
-21.4612
56.8943
-201.471
-9.32949
120.684
-112.232
45.6851
86.0042
-27.9146
79.5035
40.831
43.2979
43.3802
-72.1799
54.2076
71.2714
267.775
87.7417
-243.026
-55.8329
2.89064
-142.756
-17.7327
-50.8175
-92.2758
47.306
-104.523
-27.2702
29.7806
-92.2459
-65.22
40.7625
-92.7304
-85.3986
33.6096
-103.345
-69.2873
35.9843
-114.143
-71.9254
36.1367
-114.988
-103.585
22.8599
-133.847
-89.432
51.7848
-158.765
-61.2169
14.0936
-167.44
-68.8503
36.3729
-173.25
-71.5577
14.9557
-165.2
-86.0544
45.9412
-166.762
-84.8052
90.7187
-167.493
-60.1175
118.428
-169.443
-29.0534
113.338
-171.007
-6.64127
95.1708
-158.878
1.59119
100.418
-129.534
6.91694
79.262
-100.486
50.1164
44.2786
-69.4479
70.4226
92.1561
-64.659
137.626
122.188
4.49493
204.375
172.015
28.1103
139.743
-152.665
11.3997
-28.4709
-66.6858
-48.4167
-33.9948
-49.909
-77.9943
-40.1658
-24.8079
-62.1249
-53.5911
-9.00083
-63.403
-71.487
23.0786
-80.0546
-43.6388
52.451
-63.4265
-45.205
25.6138
-68.3425
-78.3976
94.6758
-68.4266
-85.8756
97.1587
-107.007
-82.1944
142.755
-141.551
-36.0337
89.4775
-138.992
-9.79212
15.7971
-118.864
-4.87772
-42.2297
-77.6879
-0.750327
-55.2057
-46.318
-9.85784
-40.4069
-46.7958
-9.15947
-29.0065
-28.3627
-17.9128
-9.17151
38.2909
-3.26885
43.1611
90.7994
-8.53805
30.2069
114.195
18.8494
66.3994
88.3917
80.6115
80.4047
75.5815
58.0263
214.366
131.594
-17.9339
168.287
177.275
47.2684
342.35
-149.814
380.3
-121.342
-111.239
247.426
-119.149
-73.8489
170.573
-74.2079
-55.7664
127.888
-7.96389
-46.4753
113.351
10.9534
-39.1399
103.108
6.88273
-28.3439
94.7556
16.8072
-21.238
68.8435
2.42575
-16.384
62.875
-4.46987
11.5453
110.074
36.7832
