-16.5126
-9.32284
10.2842
-22.7184
-14.0964
13.8373
-15.2452
-10.4933
20.2177
-14.4712
-0.568792
15.5902
-49.7668
-15.3505
16.9767
-61.9422
-19.1858
20.8064
-45.8206
-11.7814
23.5201
14.7767
18.2286
11.535
-35.6604
0.0466773
10.3045
-72.1982
-12.435
13.038
-89.4687
-18.0661
16.9453
-85.3259
-16.2178
19.6026
-59.2894
-5.00117
16.9023
46.3921
30.329
5.99374
-1.32536
17.997
1.68988
-46.2807
3.67327
0.778527
-82.4672
-9.93133
3.863
-105.505
-19.4168
8.45597
-114.702
-24.4234
12.2406
-111.413
-25.2525
13.5467
-97.8036
-21.4859
10.9978
-76.8573
-14.6098
3.27318
-46.9452
-2.41101
-8.74923
5.41634
13.7985
3.55922
-42.5107
-5.52384
0.866587
-82.5447
-21.4654
1.82953
-111.266
-33.6727
4.66738
-129.632
-43.0511
8.05569
-138.575
-49.5058
11.0116
-138.795
-53.5829
12.2194
-130.785
-54.1877
10.8907
-112.819
-47.8799
5.81954
-85.4409
-33.5311
-1.50777
-54.7857
-18.8371
-7.6389
-25.2362
-5.06652
-15.5575
-4.87577
3.51704
-21.9679
-19.1021
-12.4184
7.89001
-60.2101
-32.1528
4.1788
-93.46
-47.5998
2.41651
-118.548
-59.1056
2.73754
-136.587
-67.8132
4.75587
-148.115
-73.735
7.67447
-153.061
-77.4596
10.4906
-151.298
-78.5741
12.9406
-142.116
-76.5895
14.573
-124.851
-71.5706
14.9902
-98.9861
-62.4352
12.6171
-63.4476
-47.4026
7.79491
-29.6867
-30.7224
-0.775066
2.73558
-10.7254
-10.4912
40.0478
-4.27891
15.3041
-3.40892
-27.2974
7.59633
-43.0172
-47.0003
1.67733
-74.999
-62.4413
-1.50401
-100.078
-73.9627
-2.43008
-118.805
-82.5496
-1.97555
-132.882
-88.6953
-0.282124
-142.525
-93.1142
2.37855
-147.937
-95.7385
5.42989
-148.933
-96.3916
8.60319
-144.355
-94.672
11.4383
-132.984
-89.6836
13.1744
-114.247
-81.0078
13.4557
-86.6074
-67.6531
12.0613
-55.9294
-52.0264
8.82839
-27.8338
-36.2362
3.829
-9.42832
-23.17
-0.879186
29.6648
-19.6394
13.2537
-3.14961
-38.4357
6.72603
-33.027
-54.8668
0.863436
-59.0883
-68.0868
-3.18948
-80.5135
-78.3417
-5.71583
-97.3552
-85.7362
-6.55799
-110.067
-90.8411
-6.33592
-119.178
-94.0761
-5.35049
-125.287
-95.7457
-3.5164
-128.628
-96.1216
-1.26753
-129.272
-95.1964
1.25944
-126.932
-92.9896
3.8359
-120.807
-89.1496
6.44297
-110.018
-82.8153
8.15344
-94.3901
-73.8885
9.21563
-74.335
-62.2477
9.00187
-53.1282
-48.8417
8.26454
-32.2344
-34.7176
7.69375
-14.4854
-21.3841
7.29929
71.7961
1.7034
9.53332
66.4832
-4.88067
7.23123
52.878
-14.1558
2.67669
39.3566
-21.9592
-1.01841
24.6871
-29.2399
-3.64333
10.0697
-36.4949
-4.8752
-5.15083
-44.8792
-4.86551
-21.1288
-54.3068
-6.48419
-36.8581
-62.7432
-8.35528
-51.9289
-69.9245
-10.0101
-65.6795
-75.689
-11.0894
-77.1621
-79.9627
-11.4051
-86.8883
-82.6682
-11.4823
-94.3713
-84.1175
-10.9119
-99.648
-84.2994
-9.86586
-102.696
-83.2733
-8.59854
-104.047
-81.3457
-7.06973
-103.417
-78.2581
-5.12388
-100.619
-74.028
-3.18385
-95.4997
-68.5806
-0.996217
-88.0804
-61.8567
1.55644
-78.3518
-54.048
4.00313
-65.5948
-44.6803
6.72399
-49.2549
-34.1744
9.26312
-32.7065
-23.7278
11.2741
-19.1812
-14.8229
12.983
-14.4125
-10.3184
13.0605
50.7558
-9.49069
-28.6674
36.8027
-18.6735
-29.1133
20.6325
-27.9092
-26.9784
5.81221
-35.4129
-24.7706
-8.02707
-41.6954
-22.6704
-20.8597
-47.309
-20.2908
-32.3582
-51.9929
-18.4035
-42.8235
-56.0943
-17.0404
-52.0395
-59.3267
-15.9285
-60.0778
-61.454
-15.1659
-66.7023
-62.7322
-14.1208
-71.9335
-62.9772
-13.1153
-75.5877
-62.2464
-12.0932
-77.4919
-60.5793
-10.6953
-78.0223
-58.0353
-9.14838
-76.531
-54.6013
-7.32911
-73.7161
-50.132
-5.16116
-69.0811
-45.0767
-2.91817
-62.6915
-39.3216
-0.582286
-54.1612
-32.6202
1.93363
-44.4288
-25.5533
4.61082
-34.1823
-18.3287
7.17268
-24.0443
-11.7889
9.66093
-15.0186
-6.47005
11.9578
37.9387
11.8972
-39.1449
25.8141
7.04508
-35.6302
13.2314
1.9593
-32.0017
2.00096
-2.56654
-29.2663
-7.6769
-6.30804
-26.7404
-16.162
-10.303
-24.6262
-23.1552
-13.6217
-22.3696
-29.4631
-16.3024
-19.5927
-35.2486
-18.899
-17.9901
-40.1797
-21.3909
-15.4238
-44.4146
-23.1178
-12.5311
-46.8601
-23.4293
-9.75232
-47.1365
-22.8313
-7.33856
-45.2898
-21.1492
-4.84704
-41.7213
-18.7294
-2.48924
-37.0557
-15.6562
0.0499957
-31.5159
-12.1396
3.02076
-24.7171
-8.31885
5.70816
-17.3395
-4.42195
7.79185
-9.96818
-0.744166
9.70438
-4.10505
2.02165
11.3561
-0.334116
3.38645
12.2214
2.46208
3.75041
12.2382
3.83457
3.46533
11.0563
3.81167
2.90072
9.31488
-3.88268
19.2416
-7.25431
-5.57545
17.5109
-4.001
-6.28536
16.5764
-1.18508
-5.81612
16.1469
1.38428
-4.45965
15.5135
3.23459
-2.26299
15.0325
5.30081
0.494792
14.5253
7.83814
3.30517
13.9502
9.446
5.72761
13.1251
10.0714
8.02849
12.2809
10.5434
