-47.0402
-71.4479
13.0008
-61.7138
-75.7378
29.0728
-29.8032
-57.2061
68.3399
-44.5669
-34.1762
17.0521
-137.225
-61.3419
31.3563
-163.267
-63.2776
46.1744
-105.647
-42.5663
67.7275
26.2637
20.1656
-10.3411
-96.7669
-14.4218
6.02784
-178.943
-37.547
21.1923
-211.928
-44.0246
36.2314
-193.782
-35.3443
51.1586
-116.143
-9.52047
58.7967
90.0501
63.7061
-38.0876
-15.4225
39.6304
-22.8371
-111.449
10.7869
-8.71737
-182.922
-13.3129
6.48898
-223.471
-27.9772
21.4995
-235.824
-34.8387
35.2582
-223.545
-38.0043
45.14
-190.255
-36.8445
45.6455
-144.23
-30.6502
28.4392
-72.9327
-6.93976
-0.205545
-1.40766
51.3143
-15.0843
-98.1599
12.5499
-5.02808
-170.069
-16.7807
4.84149
-216.273
-37.7398
14.7321
-243.809
-54.4117
24.5949
-257.118
-68.4559
33.8748
-258.028
-82.1671
39.6548
-246.173
-92.2868
41.007
-211.5
-87.9255
33.69
-150.54
-63.8833
17.7169
-83.2893
-37.6278
1.45897
-15.9595
-9.20657
-16.3531
28.8185
9.27663
-28.6288
-55.8659
1.36936
-3.45918
-132.537
-33.9194
-1.11361
-184.601
-59.0132
1.91926
-218.368
-76.174
6.57684
-241.122
-89.2572
13.2152
-255.898
-99.1907
21.0852
-263.433
-107.895
28.6046
-262.438
-114.421
35.2037
-249.478
-116.996
40.0076
-221.378
-114.73
42.3674
-171.825
-102.69
39.3697
-91.628
-73.5213
31.039
-16.339
-42.1023
15.8371
52.9698
-5.55873
-1.40232
65.2649
14.4433
2.97952
-29.0531
-29.4582
-6.75907
-104.463
-63.7095
-11.276
-155.116
-87.048
-11.0273
-187.746
-102.017
-7.84491
-207.675
-111.931
-3.57132
-221.813
-119.314
1.93698
-232.263
-126.009
8.52978
-239.74
-131.619
15.4516
-243.501
-135.803
22.6433
-239.994
-137.14
29.0944
-224.178
-132.754
33.4906
-192.052
-120.548
35.1886
-134.068
-95.912
33.7286
-67.3956
-66.4439
28.8338
-6.94009
-38.7876
21.6092
34.945
-17.4579
15.0136
43.4441
-15.7922
4.2207
-25.0423
-49.3322
-6.47959
-79.9495
-76.058
-12.9953
-121.729
-95.3335
-15.3045
-150.386
-108.492
-14.9869
-169.345
-116.642
-12.4331
-181.017
-121.356
-9.13651
-188.057
-124.011
-5.30627
-192.679
-125.519
-0.651544
-195.72
-126.537
4.20888
-197.175
-127.045
9.26186
-196.861
-127.337
14.3864
-190.841
-125.693
19.7361
-175.603
-119.593
23.6137
-148.789
-107.818
26.1957
-109.048
-89.0858
26.0712
-64.6626
-66.043
25.2117
-16.4319
-39.797
25.9629
27.9491
-13.8001
30.1158
123.808
0.88277
-3.16568
106.657
-17.1405
-3.22697
75.2436
-38.0334
-6.19483
48.313
-52.0413
-9.15835
20.862
-62.8367
-12.3838
-3.89564
-71.5323
-13.5345
-28.1628
-81.3691
-12.1219
-53.0317
-92.7476
-13.9272
-76.5124
-101.741
-15.4562
-97.6225
-108.128
-15.9494
-115.324
-112.248
-15.2483
-128.363
-114.285
-13.5122
-138.534
-114.431
-11.9099
-145.284
-113.27
-9.75914
-149.134
-110.943
-7.34031
-150.684
-107.81
-5.02938
-151.271
-104.385
-2.82131
-149.859
-99.8364
-0.315436
-146.121
-94.1669
2.06712
-139.311
-86.8271
4.77908
-129.252
-77.6156
8.28395
-114.691
-66.5116
12.1069
-91.9632
-51.6035
17.2019
-56.7668
-32.2299
22.5567
-19.1369
-12.3166
28.1315
11.8465
3.59227
36.3417
23.9623
9.81153
40.8869
78.5249
-9.65791
-57.9538
47.3047
-31.7234
-47.2485
15.2967
-51.2488
-32.8082
-10.6569
-64.2919
-22.597
-32.009
-73.2471
-16.0008
-49.8337
-80.0434
-10.6273
-64.253
-84.7067
-7.22237
-76.915
-88.6394
-5.36539
-87.7965
-91.4061
-4.49607
-97.1861
-92.3732
-4.46253
-104.864
-92.327
-3.99045
-110.79
-91.0002
-3.73471
-114.667
-88.2063
-3.49913
-116.096
-84.2431
-2.81255
-115.948
-79.3671
-2.00192
-113.011
-73.3938
-0.730487
-108.441
-65.9172
1.23586
-101.143
-57.7864
3.36991
-90.4769
-48.3127
5.64968
-74.9457
-36.4173
8.70071
-56.0752
-23.1674
12.4906
-35.6018
-9.21198
16.67
-14.2926
3.95332
22.1465
5.83746
14.5221
29.2936
68.5823
39.3245
-65.0389
41.4995
24.7547
-50.7229
15.6995
10.706
-39.2289
-4.64436
-0.588951
-31.8314
-19.7102
-8.83304
-25.7458
-31.9736
-16.9425
-21.1111
-41.4432
-22.6642
-16.6844
-49.9483
-26.7677
-11.6205
-58.9929
-30.8255
-9.1068
-67.8019
-34.8952
-5.94353
-76.3627
-37.9386
-3.24562
-81.2279
-38.0515
-1.25885
-81.1754
-36.2994
-0.234095
-76.3268
-32.4095
0.639101
-67.7433
-27.1544
1.60645
-57.5252
-20.9545
3.57869
-46.1885
-14.1468
7.07989
-31.6892
-6.47959
10.6783
-14.8932
2.23918
14.147
1.33995
10.7738
18.1173
13.4327
17.3531
22.3034
19.6969
20.6034
25.0579
23.4331
21.1806
26.4367
24.8952
20.1635
25.3152
23.7747
18.1021
22.6493
-3.42757
40.8452
-1.64222
-7.2853
36.1617
2.87021
-8.78414
33.8414
6.11462
-7.55734
33.3541
7.8663
-4.24082
32.6976
8.3786
0.85381
32.5058
9.99895
7.18676
32.4994
12.8026
13.8221
32.3753
14.4946
19.7931
31.7442
15.5296
26.3696
31.2469
17.1546
