-34.0715
-46.8687
12.5143
-45.155
-52.2593
24.4822
-24.6276
-39.7791
48.6302
-31.8739
-21.9652
16.1488
-101.175
-45.5802
25.6092
-121.938
-49.0332
37.4041
-82.3879
-33.4063
51.115
22.7059
19.5047
-1.26033
-72.4017
-9.86547
7.02526
-138.041
-29.5603
17.9782
-165.866
-36.507
29.5737
-153.293
-31.0603
39.8933
-96.5052
-10.8177
42.2114
75.8968
51.3229
-19.1899
-8.93221
31.3529
-14.524
-87.1483
7.67708
-6.6612
-147.216
-13.3002
4.60408
-182.781
-26.9292
16.4858
-194.59
-33.7668
26.7891
-185.434
-36.0433
33.0869
-158.688
-33.0176
31.7279
-120.635
-25.2836
18.0133
-64.6125
-5.39902
-4.29807
2.54669
35.8249
-9.0422
-77.6954
4.29431
-4.49463
-140.358
-20.5917
2.59669
-182.455
-39.0073
10.6166
-208.052
-53.5093
18.6501
-220.04
-64.8626
25.7966
-219.831
-74.5105
29.8046
-207.585
-80.0433
29.6685
-177.453
-73.8443
22.5815
-128.247
-52.6222
9.7121
-73.7493
-29.9438
-2.52182
-20.2395
-6.72371
-16.8369
15.7441
8.31963
-27.5707
-40.7007
-5.18417
0.467544
-106.251
-35.0187
0.19571
-154.206
-57.2336
1.58245
-187.398
-73.1124
4.95746
-210.214
-85.2456
10.2358
-224.65
-94.1187
16.5663
-231.081
-101.046
22.5365
-228.773
-105.249
27.7399
-215.509
-105.476
31.4398
-189.203
-101.236
33.0343
-146.545
-89.4195
30.0606
-82.6882
-65.3386
22.7759
-22.3947
-38.8547
9.46832
33.9958
-7.51578
-6.64166
58.2116
6.4322
8.14325
-17.1366
-29.6519
-1.30842
-80.7099
-58.9608
-6.79821
-126.885
-80.2199
-8.12512
-159.333
-94.8648
-6.53698
-181.072
-105.151
-3.56709
-196.734
-112.656
0.73902
-207.621
-118.788
6.12673
-214.316
-123.324
11.8707
-216.301
-125.972
17.7871
-210.992
-125.717
23.0953
-195.031
-120.519
26.6547
-166.016
-109.024
27.9076
-118.442
-88.3976
26.4782
-64.5193
-63.8727
22.0921
-15.3393
-39.9994
15.1691
17.7764
-20.9999
8.40842
39.7956
-18.8673
8.4461
-15.4635
-47.0214
-0.927384
-62.1651
-70.3897
-7.65521
-99.7218
-88.0783
-11.067
-127.537
-100.865
-12.1458
-147.363
-109.352
-11.0261
-160.761
-114.711
-8.89182
-169.495
-117.923
-6.06534
-175.126
-119.649
-2.33996
-178.281
-120.403
1.70448
-178.99
-120.162
6.00524
-176.893
-119.038
10.3594
-169.478
-115.928
14.8398
-154.383
-108.995
18.0008
-130.291
-97.5465
20.1188
-96.8781
-80.9032
20.0994
-60.3769
-60.9611
19.3766
-22.3479
-38.9857
19.3983
11.291
-17.6598
20.7651
106.851
1.99685
1.9681
94.9192
-11.107
0.381335
70.3656
-27.47
-3.87584
47.9896
-39.5051
-7.34015
24.6663
-49.5248
-10.0808
2.77771
-58.4071
-10.9154
-19.1372
-68.4842
-9.77635
-41.6904
-79.8914
-11.4212
-63.26
-89.3985
-13.1614
-83.1037
-96.7713
-14.2833
-100.299
-102.1
-14.427
-113.587
-105.432
-13.5701
-124.259
-106.857
-12.6563
-131.785
-106.889
-11.0986
-136.486
-105.601
-9.14901
-138.675
-103.22
-7.16039
-139.363
-100.187
-5.08663
-137.88
-95.9259
-2.6249
-133.909
-90.4293
-0.224807
-126.927
-83.3581
2.52024
-116.787
-74.5294
5.92863
-102.821
-64.0408
9.46694
-82.7978
-50.662
13.8448
-54.3751
-34.4136
18.2922
-24.6405
-17.9756
22.471
-0.232545
-4.55308
27.487
8.91482
1.18593
29.3048
70.3978
-9.57971
-48.6999
45.8307
-26.4451
-43.2946
19.4055
-42.2214
-34.0926
-3.07432
-53.6985
-26.8387
-22.5416
-62.3061
-21.4932
-39.4844
-69.3234
-16.7278
-53.7705
-74.584
-13.4364
-66.4298
-79.0329
-11.4041
-77.3229
-82.2884
-10.1371
-86.6728
-83.9108
-9.60044
-94.2711
-84.4859
-8.74367
-100.112
-83.7727
-8.10129
-103.976
-81.7315
-7.50478
-105.536
-78.5413
-6.47943
-105.475
-74.3566
-5.32507
-102.757
-69.0771
-3.76746
-98.3883
-62.3976
-1.62438
-91.4882
-55.0257
0.679774
-81.769
-46.547
3.16015
-68.2448
-36.269
6.21328
-52.2911
-25.1169
9.78989
-35.2146
-13.5417
13.5318
-17.8441
-2.87535
17.8756
-1.91847
5.64715
22.7988
57.8256
28.9551
-57.3513
36.7102
18.7122
-47.4067
15.8712
8.43128
-38.7539
-1.41143
-0.234355
-32.8293
-15.0657
-6.94113
-27.8383
-26.5064
-13.7601
-23.975
-35.5415
-18.9367
-20.2297
-43.6287
-22.8587
-15.9184
-51.62
-26.6673
-13.7252
-58.9278
-30.3787
-10.6211
-65.651
-33.0125
-7.55364
-69.4107
-33.2207
-4.96119
-69.3562
-31.903
-3.12907
-65.5597
-28.8051
-1.35471
-58.7984
-24.5351
0.369049
-50.4794
-19.3422
2.73383
-41.0011
-13.5421
6.16611
-29.1645
-7.1425
9.50303
-15.8926
-0.221083
12.4328
-2.91607
6.44351
15.5419
7.02543
11.5187
18.602
12.7178
14.017
20.489
16.4951
14.5543
21.1768
18.1454
13.8732
19.8713
17.6177
12.4997
17.4799
-3.61354
32.8272
-3.98535
-6.41746
29.3119
0.293543
-7.45447
27.5124
3.60238
-6.39088
26.9802
5.95711
-3.7333
26.2565
7.20022
0.331493
25.8948
9.15649
5.35771
25.6405
12.0401
10.5446
25.3063
13.7593
15.0795
24.5467
14.531
19.7527
23.8181
15.5019
