-0
-163.398
0
-0
-0
0
-0
-0
0
-0
-103.724
0
-313.088
-23.4485
0
-538.408
-0
17.3035
-73.0542
-0
102.772
0
-0
-0
-23.193
-0
0
-400.943
-0
0
-403.588
-0
4.83299
-426.544
-0
123.655
-0
0
2.46775
0
0
-145.361
-0
0
-0
-109.765
0
-0
-383.357
0
0
-359.589
0
0
-387.874
-0
33.2503
-335.103
-0
64.2768
-273.334
-0
0
-145.994
-0
0
-0
-0
0
-0
0
-0
-27.2925
0
-0
-320.729
0
0
-295.76
0
0
-323.202
-0
0
-333.42
-0
0
-369.687
-0
0
-350.421
-217.837
0
-307.403
-302.083
0
-196.691
-0
0
-0
-0
0
-0
-0
0
0
0
0
-0
-0
-0
-227.012
-0
-0
-320.012
-0
0
-324.708
-0
0
-344.813
-0
0
-360.766
-0
0
-378.488
-0
0
-290.217
-251.201
73.742
-364.063
-97.4465
3.53258
-285.326
-346.3
66.1534
-396.155
-127.505
41.2988
-0
-0
0
-0
-0
0
0
-0
0
0
-0
-0
-0
-0
-0
-167.533
-0
-0
-248.698
-200.105
-0
-331.892
-0
-0
-303.48
-44.765
0
-319.144
-19.6574
0
-353.027
-0
0
-288.413
-166.809
0
-328.204
-100.835
0
-277.86
-291.679
0
-298.991
-195.257
0
-329.809
-269.126
0
-192.396
-1.40593
0
-0
-0
0
-0
-0
0
-0
-0
0
0
-0
-0
-0
-0
-0
-0
-136.357
-0
-206.757
-137.439
-0
-205.905
-148.926
-0
-269.525
-25.7993
-0
-248.351
-60.5229
-0
-273.674
-0
0
-255.286
-32.8059
0
-246.268
-58.4194
0
-190.813
-171.202
0
-240.896
-116.502
0
-156.109
-343.389
0
-327.378
-1.60915
0
-190.076
-309.321
0
-175.323
-140.269
0
-0
-0
0
-0
-0
0
-0
-0
0
578.624
0
0
27.1135
-0
0
0
-0
-0
0
-0
-0
0
-0
-0
-0
-88.9832
-0
-0
-131.897
-0
-0
-216.038
-0
-0
-282.441
-0
-164.005
-38.7145
-0
-80.6993
-266.74
-0
-171.548
-55.8861
-0
-175.178
-74.8318
-0
-189.666
-29.6776
-0
-206.418
-0
0
-193.017
-0
0
-164.13
-89.0606
0
-169.144
-55.1125
0
-117.212
-172.968
0
-93.6011
-190.43
0
-165.303
-30.7833
0
-123.068
-151.232
0
-88.3919
-0
0
-0
-0
0
-0
-0
0
0
-0
0
0
0
0
55.3612
-0
-0
0
-0
-0
-0
-0
-0
-0
-0
-0
-0
-154.187
-0
-0
-184.562
-0
-59.7091
-113.031
-0
-117.019
-62.5461
-0
-60.8336
-194.889
-0
-162.912
-0
-0
-171.355
-0
-0
-189.725
-0
0
-201.547
-0
0
-186.516
-0
0
-177.625
-0
0
-162.881
-0
0
-106.748
-111.648
0
-68.5681
-155.895
0
-144.845
-0
0
-26.1262
-0
0
-0
-0
0
-0
-0
0
-0
-0
0
0
0
0
235.827
0
-60.692
0
0
-0
0
0
-0
-0
-0
-0
-0
-0
-0
-0
-0
-0
-0
-0
-0
-0
-0
-0
-82.4369
-0
-0
-114.399
-0
-0
-150.464
-0
-0
-171.938
-0
0
-135.915
-0
0
-120.432
-0
0
-21.2787
-0
0
-0
-0
0
-0
-0
0
-0
-0
0
0
-0
0
0
0
0
0
0
0
0
0
0
64.0877
0
0
30.0891
0
0
0
0
0
-0
975.672
-0
-0
0
-0
-0
32.5514
0
-0
103.183
0
0
77.8748
0
0
21.334
0
0
0
0
0
0
0
0
0
0
42.9263
0
0
