-98.2246
-52.931
251.098
-283.26
288.97
0
-294.016
160.096
27.3499
-155.182
-115.285
153.121
-420.574
-99.4588
-0
-528.679
0
178.241
-518.446
325.533
236.573
17.7956
0
89.0781
-242.603
-63.638
0
-380.618
-44.6294
46.4325
-429.472
-0
-24.0158
-493.595
165.92
97.2009
-278.94
239.554
268.237
3.76306
0
32.5337
-25.885
60.0456
25.9901
-237.903
9.70279
0
-333.536
42.3941
-21.9986
-389.815
82.8091
6.86627
-424.491
85.1946
51.9843
-395.275
60.7667
113.463
-331.78
0
333.945
-348.185
-75.4928
152.434
-208.008
-48.897
-84.8054
-48.7226
156.223
20.8612
-224.83
50.8247
0
-311.202
95.1469
20.785
-324.834
30.5207
18.551
-338.855
0
91.2094
-353.608
-9.88048
167.242
-355.502
-31.6797
-0
-429.752
-0
66.4939
-335.686
-236.901
216.406
-230.726
-70.6426
74.9584
-70.4464
-307.9
-54.7747
5.42101
-8.18902
-3.60311
20.9027
-0
1.32472
-160.613
10.5612
0
-292.71
0
0
-321.454
-0
-0
-325.518
-0
3.90705
-271.057
-144.363
0
-345.795
-0
0
-365.694
-0
142.02
-359.523
-78.4328
143.588
-402.1
-0
-0
-336.493
-199.327
74.7506
-301.616
-333.641
218.591
-131.45
-20.6847
62.0477
0.183022
-0
-0
13.3112
-3.34206
-35.1466
-51.6597
0
-0
-185.905
-54.417
-1.03296
-291.798
-120.33
-9.09073
-361.285
-0
-0
-370.335
-0
5.44524
-362.757
-0
13.6743
-336.101
-65.9105
9.11755
-333.274
-142.071
62.2826
-367.636
-95.5862
61.4308
-424.279
-0
105.533
-446.034
-0
218.253
-323.685
-245.05
180.364
-392.071
-134.466
0
-276.091
-0
-0
-87.4928
-0
0
-12.3518
0
0
16.9931
39.496
2.0559
-58.0348
-31.6451
0
-155.53
-76.4663
-0
-198.065
-144.745
9.25545
-291.786
-19.3212
3.63137
-295.972
-40.5488
-0
-313.997
-13.9519
20.8401
-302.212
-33.7819
55.1943
-249.548
-127.288
95.4698
-275.562
-68.1814
48.7525
-286.939
-42.1551
13.5305
-263.482
-67.2556
0
-266.491
-105.792
0
-317.17
-0
0
-284.949
-62.0094
31.7933
-291.613
-52.0182
29.0451
-183.391
-103.915
-0
-110.872
-156.1
-19.4932
-2.03992
-112.663
-3.32187
36.2485
44.1042
45.4867
335.801
-151.705
17.6963
7.19879
-6.45645
-0
157.242
-387.025
37.5524
0
-88.9897
121.274
0
-197.98
26.5629
0
-221.684
11.2644
-23.2107
-179.499
-5.14271
-44.8071
-179.546
-6.476
-59.5442
-206.497
-0.0336352
-73.8866
-199.818
-7.14342
-146.545
-57.9945
-0
-146.893
-79.5199
0
-125.517
-136.529
3.96452
-110.318
-146.959
31.4982
-121.474
-94.0158
10.3356
-148.774
-13.2863
9.74391
-165.763
-0
0
-120.099
-99.4532
0
-173.546
-0
0
-154.891
-37.8969
0
-174.934
-0
-0
-162.538
-59.9509
34.3486
-191.243
-33.4117
110.031
-87.6358
-0
84.655
0
4.67801
40.7135
49.4282
0
-29.8112
-0
-0
217.042
133.827
-361.048
-4.52728
-0
-130.982
-42.0209
-45.9509
-92.4734
76.0728
-111.045
-0
29.6736
-64.6243
-101.731
0
-50.0839
-151.927
0
-52.9439
-146.984
0
-95.3964
-79.0339
-0
-98.594
-108.26
0
-162.373
-0
27.3843
-171.017
-0.0461124
-0
-139.526
-93.1116
-31.3476
-131.165
-128.715
-0
-184.243
-6.93488
23.6724
-188.164
-0
73.8634
-171.951
-9.15215
80.5243
-165.281
-9.81593
96.2021
-162.33
-0
120.949
-153.848
-0
148.188
-123.637
0
114.907
-76.7732
0
72.9042
-36.4653
0
119.004
-0
4.93721
152.419
-0
201.949
173.087
5.66197
151.844
-207.609
-0
-7.58942
-79.6422
-74.5757
-0
-46.77
-66.0196
-87.4184
-38.1931
-72.1246
-61.525
-43.5078
-56.8882
-120.141
-4.76892
-121.803
-0
6.53828
-105.554
-0
5.93143
-130.166
-0
92.9965
-137.345
0
132.986
-185.493
13.3691
72.2263
-194.559
0
0
-179.129
0
-0
-160.683
0
-0
-117.339
0
-0
-90.3336
0
0
-90.1404
-0
0.512265
-64.2429
-0
42.6357
0.192749
-0
100.525
60.812
-0
63.9624
94.9962
-0
67.3079
58.7111
83.3643
70.5794
24.6636
92.9544
222.521
97.5486
0
166.724
70.1323
0
291.704
-424.602
959.164
-72.7782
-0
0
-109.143
-0
0
-11.4076
-49.733
91.6561
0.688485
-56.9992
120.694
26.5916
-64.8465
145.572
22.6316
-40.3871
115.942
32.7479
-0
22.2002
0
-0
22.5668
0
-27.6803
179.505
47.1509
