0.372742
-186.643
453.121
-350.307
494.947
32.0481
-209.226
156.169
-219.157
-169.334
-87.369
166.509
-294.44
-372.234
-156.398
-672.516
359.482
247.361
-475.903
284.533
310.09
23.5005
15.5487
136.403
-271.299
-33.7162
-3.98367
-348.678
-151.386
124.934
-582.231
163.341
-115.229
-534.598
151.739
158.659
-327.333
354.723
238.575
-20.6797
28.1842
80.8377
23.8827
-49.391
3.54066
-247.13
51.9693
125.506
-198.575
-197.502
24.7959
-530.039
428.55
193.517
-458.155
201.009
-168.853
-322.814
-44.0423
-50.5793
-221.932
-185.488
427.97
-402.888
124.103
170.606
-135.914
-146.994
-164.211
-19.2274
89.9273
38.3351
-170.456
-46.3406
-79.417
-178.991
-75.7095
0.632343
-398.143
324.356
-143.371
-421.991
358.53
206.776
-164.083
-334.416
183.015
-229.503
-211.208
-135.264
-428.536
29.9193
114.648
-236.859
-446.638
531.753
-370.09
227.605
172.012
-151.829
-140.921
-242.405
149.098
-373.551
-48.4066
-56.7897
144.518
77.2594
-108.638
-41.037
-42.4148
-366.963
201.578
-78.453
-221.86
-205.799
-292.341
-445.173
215.061
-51.9465
-247.725
-271.178
45.7718
-442.005
220.458
144.021
-246.61
-293.785
236.999
-231.977
-441.043
374.238
-451.245
126.434
-15.2303
-525.573
236.292
21.5077
-293.691
-310.412
443.073
-46.6538
-162.215
103.485
8.34153
-1.47732
-129.048
44.0563
17.8971
-60.6245
-130.424
172.331
-68.0636
-151.765
-116.504
-129.799
-268.068
-157.741
-69.8122
-447.061
154.95
11.452
-404.022
37.7341
125.751
-317.182
-226.267
41.7957
-499.057
171.814
24.4074
-265.689
-404.528
44.5827
-224.198
-465.728
325.946
-575.7
348.936
-51.8635
-425.206
-29.0037
33.8448
-368.781
-152.113
271.39
-419.888
-18.3869
-34.5585
-209.57
-71.6687
66.1346
-143.955
149.454
117.944
56.0935
-167.45
-48.3324
27.2769
129.186
38.0276
-189.334
266.032
-104.17
-127.889
-135.149
-56.3002
-209.578
-138.124
94.3738
-250.927
-153.166
32.3348
-361.118
34.2498
3.38146
-156.52
-372.93
114.633
-450.305
319.203
134.38
-164.671
-268.272
111.142
-174.064
-227.826
197.556
-258.795
-16.2695
-352.74
-299.502
57.6708
-71.8555
-186.676
-253.443
63.7721
-416.556
219.561
-177.184
-182.416
-287.883
110.97
-192.019
-279.432
203.369
-338.562
210.26
125.066
-303.571
250.796
-22.3878
246.737
-712.784
-63.8368
-104.914
403.912
137.527
304.051
-314.513
-12.9014
-67.1569
141.749
-53.5439
282.662
-655.088
114.538
-55.1416
17.2567
240.299
-116.404
58.6137
-10.0823
24.687
-250.856
-84.2141
-161.76
117.595
-205.803
77.8321
-454.347
18.1868
-67.7162
-207.012
152.664
-3.68935
-366.557
57.3718
-217.78
78.5824
76.9696
-185.05
-18.7651
11.4771
-112.614
-159.04
-186.801
-42.267
-290.567
-126.658
-73.4309
-158.048
68.2759
-265.713
281.891
-199.627
-106.586
-110.65
150.755
-56.5677
-279.558
44.2568
-264.405
146.447
-83.8623
-127.388
-162.694
176.217
-80.5528
-245.184
89.0515
-115.827
-193.77
16.2739
-328.191
230.21
95.289
-179.65
187.103
329.45
-128.488
301.947
125.392
182.747
-281.954
-209.751
-135.159
248.281
254.294
368.761
-850.615
-4.0114
-216.001
345.317
-147.667
-151.031
126.688
24.4197
-238.581
272.493
-41.0617
115.367
-502.726
158.155
-5.89741
-263.567
97.5934
27.9707
-332.917
-5.56003
-142.807
20.8194
38.7738
-62.4889
-181.312
17.4815
-418.708
542.257
42.6041
-244.308
141.81
23.0001
-113.985
-201.769
-91.186
-144.025
-181.829
-241.749
-46.5347
-415.606
228.14
-121.994
-245.266
162.642
-412.303
409.622
171.501
-136.017
-138.507
220.518
-180.092
-20.0699
72.7071
-85.7641
-170.805
108.306
-165.031
74.467
92.7897
-191.73
224.82
16.7633
80.2554
-271.174
8.73679
-111.584
238.857
337.557
-179.837
576.362
372.565
-306.757
731.551
-172.55
264.402
-600.158
68.8283
-123.82
98.3723
-7.57153
13.0112
-246.703
-58.9091
-133.612
81.1538
-43.3087
47.3204
-324.493
-56.3162
-187.246
150.012
-14.9235
-190.148
185.477
22.9159
-115.384
-16.6969
213.109
-233.131
235.63
266.358
111.646
-559.136
388.44
-141.682
-51.4493
-39.8364
-137.273
-22.8059
-121.809
-83.6713
-93.1429
-64.1934
-148.315
139.279
-46.7358
-115.655
138.296
-16.0641
-59.4738
21.4315
-122.18
143.589
-372.967
-100.277
45.2088
-25.3167
172.081
144.422
-106.623
195.465
123.5
-6.90483
-86.0309
34.6981
227.764
5.55204
-229.768
749.313
282.916
503.982
-783.161
200.724
98.1688
382.15
479.981
-285.731
741.343
-276.895
-79.4298
231.555
-81.9683
-28.426
107.964
-26.5246
79.2463
-138.527
-36.8315
-92.9951
200.556
4.74723
-112.174
254.427
-10.6001
-98.0694
227.537
88.1786
121.097
-226.916
12.7651
254.875
-498.203
-88.5708
-290.139
688.361
-124.642
