-40.2075
-58.9419
12.8117
-52.9568
-63.9512
26.9843
-27.2062
-48.5042
58.0842
-37.9005
-28.1758
16.4379
-118.39
-53.7052
28.3402
-141.711
-56.5278
41.8808
-93.6407
-38.3961
59.3517
24.5692
19.7793
-5.71282
-84.1887
-12.2808
6.37297
-158.091
-33.717
19.5379
-188.561
-40.5419
32.9772
-173.227
-33.6198
45.5796
-106.359
-10.6694
50.2533
83.2149
57.4554
-28.2505
-11.9586
35.4441
-18.8974
-99.1585
9.20902
-7.95214
-165.131
-13.4203
5.41632
-203.388
-27.693
18.9834
-215.533
-34.6457
31.031
-204.759
-37.3656
39.0243
-174.611
-35.125
38.4489
-132.35
-27.9518
23.005
-68.7624
-6.14141
-2.40658
0.800081
43.2944
-12.2717
-87.8149
8.24109
-5.05282
-155.429
-18.9034
3.55251
-199.903
-38.6762
12.6322
-226.662
-54.3272
21.659
-239.33
-67.0303
29.8867
-239.522
-78.6158
34.7565
-227.159
-86.2568
35.2687
-194.513
-80.809
27.96
-139.407
-58.1057
13.5468
-78.4762
-33.5728
-0.609426
-18.1186
-7.7738
-16.6662
22.2488
9.00249
-28.2659
-47.9368
-2.06754
-1.57754
-119.267
-34.6009
-0.573359
-169.662
-58.3236
1.67241
-203.507
-74.949
5.73543
-226.531
-87.6455
11.7326
-241.246
-97.1067
18.8604
-248.196
-104.929
25.6207
-246.388
-110.245
31.5384
-233.024
-111.549
35.8024
-205.488
-108.149
37.7769
-159.129
-96.106
34.7725
-87.2099
-69.5296
26.9563
-19.4563
-40.5463
12.6505
43.443
-6.49728
-4.30962
61.9759
10.3107
5.60612
-22.6535
-29.5693
-4.03774
-92.2514
-61.3608
-9.09057
-140.977
-83.7649
-9.67193
-173.871
-98.7065
-7.30148
-195.012
-108.93
-3.67143
-210.11
-116.45
1.2551
-220.863
-122.893
7.26859
-227.933
-127.963
13.6262
-230.692
-131.342
20.2003
-226.077
-131.814
26.1032
-209.934
-126.943
30.1052
-179.111
-115.022
31.6036
-126.303
-92.4253
30.1818
-66.0126
-65.4677
25.5587
-11.1449
-39.6528
18.4283
26.2791
-19.4015
11.6106
41.7419
-17.5178
6.4778
-19.9819
-48.2961
-3.58632
-70.8624
-73.3651
-10.2752
-110.711
-91.92
-13.2066
-139.177
-104.982
-13.6411
-158.774
-113.381
-11.8352
-171.473
-118.483
-9.12966
-179.472
-121.462
-5.80372
-184.65
-123.1
-1.60895
-187.745
-123.985
2.85296
-188.769
-124.092
7.54565
-187.417
-123.606
12.3004
-180.509
-121.136
17.2269
-165.138
-114.517
20.752
-139.5
-102.811
23.1188
-102.83
-85.0737
23.0862
-62.3267
-63.5477
22.3391
-19.277
-39.4534
22.7083
19.4974
-15.843
25.2591
115.429
1.5856
-0.561924
101.077
-13.8196
-1.50365
73.191
-32.3741
-5.21794
48.501
-45.4352
-8.43764
23.0522
-55.9167
-11.3343
-0.379324
-64.8141
-12.2401
-23.5872
-74.8837
-10.9158
-47.3995
-86.3742
-12.6316
-70.0201
-95.7153
-14.2909
-90.5946
-102.683
-15.142
-108.141
-107.483
-14.9017
-121.385
-110.224
-13.6312
-131.867
-111.048
-12.3901
-139.05
-110.512
-10.5449
-143.354
-108.72
-8.36347
-145.229
-105.963
-6.21409
-145.838
-102.715
-4.06537
-144.347
-98.2834
-1.56747
-140.426
-92.6611
0.841604
-133.434
-85.4086
3.59695
-123.195
-76.3236
7.08711
-108.764
-65.449
10.7993
-87.2601
-51.2441
15.559
-55.4833
-33.447
20.4904
-21.8815
-15.3092
25.3694
5.7489
-0.661705
31.8383
16.316
5.3213
34.7984
74.6406
-9.57346
-53.4829
46.8532
-28.9299
-45.6313
17.6435
-46.5731
-33.9229
-6.63583
-58.9112
-25.1762
-27.1531
-67.797
-19.1226
-44.6559
-74.8052
-13.9663
-59.1261
-79.8524
-10.5484
-71.8808
-84.1007
-8.55388
-82.8327
-87.1451
-7.44497
-92.2426
-88.4611
-7.13246
-99.9032
-88.735
-6.45245
-105.794
-87.7128
-6.00049
-109.665
-85.2927
-5.58852
-111.151
-81.7086
-4.73572
-111.026
-77.1591
-3.7575
-108.161
-71.5046
-2.34542
-103.636
-64.3902
-0.290147
-96.4616
-56.5916
1.93605
-86.1896
-47.5691
4.33437
-71.5978
-36.4523
7.41183
-54.145
-24.2427
11.124
-35.3407
-11.483
15.1122
-16.0045
0.396906
20.0197
1.9664
9.89599
25.9695
63.1802
34.0564
-61.3614
39.2196
21.8089
-49.299
15.9621
9.74243
-39.2125
-2.8699
-0.207204
-32.5107
-17.3072
-7.70275
-26.9453
-29.2368
-15.203
-22.6846
-38.5546
-20.7093
-18.5967
-46.9034
-24.7797
-13.914
-55.4305
-28.7594
-11.5784
-63.4613
-32.6841
-8.43483
-71.047
-35.529
-5.51508
-75.3176
-35.6894
-3.18468
-75.2491
-34.1565
-1.71803
-70.9319
-30.6634
-0.354836
-63.2751
-25.897
1.0201
-53.9993
-20.1815
3.20853
-43.5587
-13.8465
6.68517
-30.3825
-6.79321
10.1565
-15.3898
1.01172
13.3428
-0.813308
8.585
16.8577
10.208
14.3842
20.4397
16.2393
17.2418
22.7263
20.0602
17.8042
23.725
21.6515
16.9668
22.4867
20.8655
15.2753
19.9544
-3.5148
36.7087
-2.84077
-6.78963
32.63
1.58344
-8.02486
30.5748
4.88685
-6.86332
30.0545
6.98077
-3.87275
29.3541
7.88976
0.703739
29.0702
9.69866
6.37409
28.9337
12.5653
12.2673
28.7024
14.2765
17.4836
28.0018
15.155
23.0285
27.3716
16.4044
