-0
-127.865
0
-151.6
-0
0
-0
-0
94.5585
-3.78812
-148.736
0
-456.826
-0
108.827
-518.58
-0
0
-300.691
-0
159.894
-0
-0
-0
-158.928
-0
0
-385.051
-0
0
-409.82
-0
90.4259
-433.122
-0
43.0684
-114.542
0
179.165
0
32.5787
-237.92
-0
0
-0
-215.079
0
-0
-347.461
0
0
-372.889
0
0
-378.79
-0
134.338
-342.187
-0
92.5603
-283.254
-0
43.0764
-276.346
-0
0
-0
-0
0
-0
98.0443
-0
-165.549
0
0
-304.396
0
0
-301.842
0
0
-324.456
-0
0
-355.632
-0
13.3116
-378.051
-0
12.6994
-403.321
-123.835
12.0426
-270.934
-470.375
146.877
-275.215
-0
26.6154
-54.4081
-34.014
0
-0
-0
0
0
-0
0
-93.5136
-0
-0
-277.722
-0
-0
-309.958
-0
0
-324.954
-8.21864
0
-338.329
-39.7393
0
-378.596
-0
0
-394.881
-0
20.3762
-308.029
-224.22
123.587
-339.167
-151.516
0
-364.542
-159.294
0
-341.758
-282.475
126.058
-84.3151
-0
22.338
-0
-0
0
0
-0
0
0
-0
-0
-29.4426
-0
-0
-293.17
-65.9878
-0
-260.108
-173.324
-0
-345.109
-0
0
-298.801
-78.677
0
-319.562
-38.0002
0
-353.008
-6.12446
0
-307.537
-139.032
27.1739
-292.844
-194.763
0
-347.556
-133.802
49.945
-288.812
-257.801
56.867
-341.247
-218.271
0
-244.724
-34.1681
0
-5.47439
-0
0
-0
-0
0
0
-0
0
0
-0
-0
-0
-0
-0
-163.635
-185.618
-0
-242.878
-77.3699
-0
-244.27
-97.0252
-0
-270.295
-62.8362
-0
-273.452
-42.2865
0
-279.564
-18.6527
0
-278.157
-21.788
0
-261.22
-60.5879
0
-213.344
-147.454
0
-215.347
-210.617
0
-256.829
-150.933
0
-285.219
-101.702
0
-276.613
-130.528
0
-162.64
-189.292
0
-83.16
-111.976
0
-0
-0
0
0
-0
0
450.59
-0
0
30.2463
-0
0
8.70921
-0
-0
0
-62.1868
-0
0
-244.486
-0
-0
-192.534
-0
-0
-160.6
-0
-23.5058
-218.456
-0
-122.691
-91.7504
-0
-82.1148
-230.823
-0
-160.119
-75.3496
-0
-137.869
-128.476
-0
-177.266
-67.8923
-0
-176.132
-55.9088
0
-199.222
-7.00325
0
-192.36
-0
0
-196.475
-22.1665
0
-114.555
-177.279
0
-142.059
-125.809
0
-120.164
-145.44
0
-187.061
-0
0
-168.375
-58.6235
0
-154.153
-103.241
0
-0
-0
0
-0
-0
0
0
-0
0
0
0
0
50.5943
-0
-0
0
-0
-0
-0
-63.7596
-0
-0
-222.08
-0
-9.55408
-200.48
-0
-130.51
-26.0499
-0
-78.6292
-144.321
-0
-127.37
-60.3189
-0
-117.716
-98.3738
-0
-143.369
-73.1497
-0
-171.242
-12.1731
-0
-188.723
-0
0
-198.202
-0
0
-185.727
-0
0
-177.647
-0
53.3719
-149.795
-29.1292
36.155
-113.15
-110.149
14.1011
-119.66
-80.3363
0.932851
-147.056
-0
1.35271
-118.755
-0
16.5224
-38.8166
-0
29.186
-0
-0
26.7317
-0
-0
12.6617
0
0
28.6952
304.218
0
-45.5361
0
0
-0
0
-0
-22.778
-0
-0
-52.5757
-0
-0
-27.4365
-24.9113
-0
-0
-60.2542
-0
-0
-73.5312
-0
-0
-103.84
0
-0
-138.808
0
0
-171.06
0
0
-189.577
-0
0
-161.058
-0
0
-145.501
-0
0
-103.214
-0
0
-83.2594
-0
0
-62.2634
-0
0
-0
-0
0
-0
0
17.4572
0
0
25.2745
0
0
42.5307
38.6059
0
36.6349
45.5419
0
0
0
0
0
0
0
0
-0
921.866
-0
-0
0
-0
-0
73.5155
-0
-0
95.3348
0
-0
93.5031
0
-0
86.3982
0
0
85.7741
2.91081
0
55.3319
19.268
0
0
0
79.0032
0
0
