-0
-0
0
-0
-0
0
-0
-0
0
-0
-0
0
-0
-0
0
-0
-0
0
-0
-0
0
0
-0
-0
-0
-0
0
-0
-0
0
-440.754
-0
0
-12.2314
-0
0
-0
-0
0
0
0
-0
-0
0
-0
-0
-0
-0
-15.5675
-0
0
-398.409
-0
0
-289.26
-0
0
-235.133
-0
0
-0
-0
0
-0
-0
0
-0
-0
-0
-0
0
-0
-0
-0
-0
-0
-0
-0
-338.498
-0
0
-310.037
-0
0
-335.236
-0
0
-305.582
-0
0
-348.759
-0
0
-140.662
-0
0
-0
-0
0
-0
-0
0
-0
-0
0
0
-0
-0
-0
-0
-0
-0
-0
-0
-90.0819
-0
-0
-309.962
-0
0
-300.082
-0
0
-323.912
-0
0
-285.426
-130.881
0
-354.323
-125.857
0
-264.011
-306.084
0
-366.153
-36.638
0
-0
-0
0
-0
-0
0
-0
-0
0
0
-0
0
0
-0
0
-0
-0
-0
-0
-0
-0
-0
-0
-0
-155.852
-104.735
-0
-246.494
-126.342
0
-300.977
-0
0
-280.432
-72.5488
0
-249.222
-170.914
0
-306.903
-105.756
0
-255.033
-255.478
0
-291.338
-270.796
0
-211.692
-79.1193
0
-0
-0
0
-0
-0
0
-0
-0
0
-0
-0
0
0
-0
0
-0
-0
-0
-0
-0
-0
-0
-0
-0
-0
-198.002
-0
-111.709
-269.458
-0
-255.892
-0
0
-213.436
-74.6654
0
-245.483
-0
0
-143.208
-228.501
0
-248.541
-0
0
-138.263
-280.091
0
-249.102
-119.935
0
-195.923
-306.836
0
-52.8017
-0
0
-0
-0
0
-0
-0
0
-0
-0
0
-0
-0
0
467.321
0
0
0
-0
0
0
-0
-0
0
-0
-0
0
-0
-0
0
-0
-0
-0
-0
-0
-0
-0
-0
-0
-0
-0
-0
-10.146
-0
-0
-291.932
-0
-0
-317.081
-0
-145.547
-64.1908
-0
-158.064
-108.434
-0
-211.35
-0
-0
-158.87
-65.6653
0
-141.007
-128.984
0
-177.68
-39.7426
0
-62.8016
-249.323
0
-152.314
-0
0
-52.0986
-0
0
-0
-0
0
-0
-0
0
-0
-0
0
-0
-0
0
-0
-0
0
0
-0
0
0
-0
-0
0
-0
-0
0
-0
-0
0
-0
-0
-0
-0
-0
-0
-0
-0
-0
-0
-0
-0
-0
-0
-0
-0
-0
-0
-139.24
-0
-0
-94.3158
-0
-88.7745
-0
-0
-144.859
-0
-0
-116.478
-0
-0
-116.744
-0
-0
-103.459
-0
0
-10.0886
-0
0
-0
-0
0
-0
-0
0
-0
-0
0
-0
-0
0
-0
-0
0
-0
-0
0
0
0
0
0
0
-0
0
0
-0
0
0
-0
0
0
-0
0
0
-0
-0
0
-0
-0
-0
-0
-0
-0
-0
-0
-0
-0
-0
-0
-0
-0
-0
-0
-0
-0
-0
-0
-0
-0
-0
-0
0
-0
-0
0
-0
-0
0
-0
0
0
-0
0
0
0
0
0
0
0
0
0
0
0
0
0
0
0
0
0
0
0
0
0
0
0
0
0
-0
0
0
-0
0
0
0
0
0
0
0
0
0
0
0
0
0
0
0
0
0
0
0
0
0
0
0
0
