-0
-0
0
-0
-0
0
-0
-0
0
-0
-0
0
-31.0118
-0
0
-325.09
-0
0
-0
-0
0
0
-0
-0
-0
-0
0
-248.455
-0
0
-465.088
-0
0
-260.632
-0
0
-0
-0
0
0
0
-0
-0
0
-0
-0
0
-0
-243.831
-0
0
-375.992
-0
0
-335.309
-0
0
-283.375
-0
0
-151.175
-0
0
-0
-0
0
-0
-0
0
-0
0
-0
-0
0
-0
-195.332
-0
0
-331.651
-0
0
-325.951
-0
0
-337.996
-0
0
-359.241
-0
0
-284.69
-277.856
0
-357.128
-0
0
-0
-0
0
-0
-0
0
-0
-0
0
0
-0
-0
-0
-0
-0
-0
-0
-0
-320.086
-0
0
-304.699
-0
0
-330.524
-0
0
-337.29
-0
0
-351.985
-0
0
-237.916
-348.461
0
-408.299
-24.9886
0
-272.475
-349.7
0
-256.132
-0
0
-0
-0
0
-0
-0
0
0
-0
0
0
-0
-0
-0
-0
-0
-0
-0
-0
-137.939
-34.8857
-0
-278.943
-124.032
-0
-294.991
-0
0
-286.404
-53.9748
0
-323.478
-5.56332
0
-276.162
-151.987
0
-247.502
-225.576
0
-336.913
-135.835
0
-223.248
-342.408
0
-362.56
-152.369
0
-7.49556
-0
0
-0
-0
0
-0
-0
0
-0
-0
0
0
-0
-0
-0
-0
-0
-0
-0
-0
-0
-126.11
-0
-118.062
-291.968
-0
-275.768
-0
-0
-233.614
-59.8842
0
-244.99
-39.2314
0
-259.665
-0
0
-199.442
-139.924
0
-170.179
-179.612
0
-245.49
-89.1147
0
-167.774
-293.624
0
-268.755
-135.43
0
-198.066
-252.681
0
-0
-0
0
-0
-0
0
-0
-0
0
-0
-0
0
696.435
0
0
11.8185
-0
0
0
-0
-0
0
-0
-0
0
-0
-0
0
-0
-0
-0
-0
-0
-0
-0
-0
-0
-188.153
-0
-0
-238.779
-0
-8.43947
-307.777
-0
-143.808
-109.623
-0
-189.566
-11.1244
-0
-151.008
-104.593
-0
-196.745
-0
0
-174.809
-14.6564
0
-143.745
-111.452
0
-99.1918
-180.596
0
-165.645
-57.6794
0
-54.3868
-250.868
0
-139.075
-55.2607
0
-64.1898
-0
0
-0
-0
0
-0
-0
0
-0
-0
0
0
-0
0
0
-0
0
32.1358
-0
-0
0
-0
-0
0
-0
-0
-0
-0
-0
-0
-0
-0
-0
-0
-0
-0
-0
-0
-0
-188.644
-0
-0
-217.785
-0
-112.922
-8.76519
-0
-162.424
-6.01028
-0
-173.52
-0
-0
-189.738
-0
-0
-182.266
-0
0
-168.264
-0
0
-78.9387
-143.838
0
-134.701
-0
0
-80.9518
-0
0
-0
-0
0
-0
-0
0
-0
-0
0
-0
-0
0
-0
-0
0
0
0
0
36.6969
0
-40.4661
0
0
-0
0
0
-0
0
0
-0
-0
0
-0
-0
-0
-0
-0
-0
-0
-0
-0
-0
-0
-0
-0
-0
-0
-0
-31.2642
-0
-0
-139.18
-0
-0
-0
-0
0
-0
-0
0
-0
-0
0
-0
-0
0
-0
-0
0
-0
-0
0
0
0
0
0
0
0
0
0
0
0
0
0
0
0
0
0
0
0
0
0
0
-0
514.857
-0
-0
0
-0
-0
0
0
0
0
0
0
0
0
0
0
0
0
0
0
0
0
0
0
0
0
0
0
0
