-5.22507
-175.432
443.281
-344.989
480.98
25.3515
-213.65
154.795
-201.082
-170.486
-83.8085
163
-299.605
-360.015
-155.769
-659.069
329.799
255.683
-478.876
293.567
305.51
20.965
19.655
133.43
-274.048
-28.2964
-8.89006
-347.717
-152.647
121.105
-564.871
140.577
-124.103
-528.449
149.015
167.636
-327.149
359.351
248.224
-20.384
28.378
81.4404
18.5432
-38.7664
3.28333
-252.365
59.5724
123.232
-213.011
-169.412
2.97048
-505.492
371.577
180.552
-451.876
181.998
-157.042
-331.664
-31.7408
-26.8799
-239.382
-151.792
432.533
-399.89
109.85
166.71
-141.303
-140.151
-161.699
-21.9289
96.2018
40.5946
-184.673
-14.4395
-84.4109
-189.559
-61.4308
11.1846
-378.334
272.554
-136.436
-406.115
306.867
206.031
-182.778
-304.524
182.198
-248.926
-177.7
-126.553
-434.45
42.6772
115.015
-240.849
-438.003
508.346
-356.399
198.042
170.329
-151.129
-141.726
-226.701
135.908
-338.266
-58.0124
-44.6711
118.634
69.5348
-118.015
-21.8572
-52.8309
-361.477
187.835
-64.7574
-230.324
-186.872
-269.49
-415.103
156.71
-30.67
-245.222
-266.934
39.9446
-435.832
208.195
126.738
-263.764
-251.024
223.967
-238.182
-417.531
355.381
-442.807
114.102
-6.10113
-505.654
197.295
24.7935
-301.805
-289.352
418.671
-47.2665
-159.11
106.481
17.4625
-14.2062
-114.256
45.55
17.4194
-61.9569
-128.656
165.086
-63.1487
-163.177
-92.8957
-134.492
-267.137
-162.21
-65.7825
-436.765
134.605
9.49215
-398.404
27.2852
133.828
-311.076
-225.28
32.6694
-480.155
141.3
24.2708
-282.051
-358.685
43.2896
-240.08
-428.696
300.421
-562.548
318.282
-42.8188
-417.887
-45.8785
44.1
-375.418
-133.959
264.293
-422.133
-19.5286
-30.6852
-210.245
-76.4493
58.7921
-126.485
111.428
114.933
44.0522
-138.59
-35.585
28.8175
127.363
41.4784
-182.138
243.497
-95.2135
-142.856
-103.867
-60.4956
-213.267
-131.064
89.4299
-249.509
-153.214
23.9427
-341.305
-2.48237
10.2736
-176.04
-329.554
102.001
-425.022
261.086
138.8
-178.513
-243.432
104.695
-184.569
-213.029
183.594
-274.488
8.20266
-318.834
-295.981
44.0904
-68.271
-196.28
-238.208
49.9602
-401.201
179.263
-164.763
-205.21
-247.109
119.616
-205.038
-257.304
197.039
-321.67
169.379
105.441
-291.975
219.167
-29.9177
228.619
-676.156
-52.3439
-105.946
404.46
138.312
307.522
-314.183
-12.8412
-66.0316
139.966
-52.4071
276.455
-641.28
108.835
-49.5072
6.75227
234.102
-102.204
29.0851
-0.327703
16.0147
-232.911
-68.8571
-150.167
92.3837
-192.111
57.897
-410.2
8.43607
-70.1426
-202.228
140.491
-20.327
-331.218
46.8687
-203.601
49.4906
68.8651
-163.048
-62.8774
2.9342
-106.588
-174.422
-151.583
-54.1149
-266.332
-114.602
-82.1222
-145.34
62.4139
-261.802
267.527
-187.004
-114.663
-96.431
134.529
-71.4192
-245.381
44.6752
-243.461
103.1
-63.6122
-128.95
-156.982
174.086
-91.675
-221.813
77.7248
-133.892
-155.544
19.89
-310.391
193.263
103.224
-176.293
176.932
314.215
-119.729
277.882
103.638
166.608
-248.073
-211.203
-129.453
232.253
251.877
351.147
-815.201
-3.8275
-193.141
295.996
-143.568
-133.078
90.8531
28.1131
-233.624
263.771
-33.2346
85.8153
-436.358
146.369
-6.04619
-259.627
93.7376
9.54126
-291.798
-5.05825
-143.276
21.2596
40.0717
-60.5605
-185.839
17.7997
-364.33
428.508
53.4896
-233.997
120.492
11.2271
-122.907
-178.209
-79.3665
-157.749
-146.621
-220.112
-63.8445
-370.455
209.382
-130.028
-222.57
151.89
-369.937
325.985
173.224
-137.289
-127.858
218.933
-178.04
-16.0073
76.1843
-104.636
-124.893
116.983
-155.654
58.3065
96.7027
-177.093
200.34
21.45
65.2098
-232.059
12.5443
-117.668
255.768
324.049
-151.36
519.083
356.323
-269.113
658.596
-179.6
230.878
-529.139
48.972
-117.294
84.2536
-9.65516
-4.76582
-209.974
-55.129
-123.879
59.5804
-35.4086
27.5252
-283.251
-42.6147
-166.591
108.412
0.166443
-166.877
141.159
17.3702
-125.751
7.43246
196.801
-195.686
158.17
243.291
75.5588
-483.358
373.061
-156.452
-20.8482
-25.3579
-136.976
-22.3812
-102.34
-86.8084
-85.2958
-71.7223
-131.735
105.947
-64.6121
-94.7478
94.7491
-17.1421
-56.5313
16.0814
-103.897
106.203
-293.87
-81.5962
45.8023
-21.6674
157.004
138.253
-92.2735
179.55
140.154
-37.3056
-65.9981
23.6245
253.441
18.3259
-178.84
643.466
281.941
451.656
-672.066
201.859
130.328
312.912
478.49
-282.751
727.078
-282.17
-77.5582
222.432
-87.5789
-36.3512
120.937
-30.1679
48.7179
-77.5407
-27.1475
-76.0434
165.006
12.744
-86.8058
198.789
-14.5649
-93.9771
216.808
69.4418
96.7392
-179.941
5.63104
206.789
-400.56
-76.9569
-248.171
596.118
-109.883
