-56.9015
-83.697
356.325
-307.842
362.328
-28.8145
-235.768
153.466
-69.5672
-171.919
-75.749
152.078
-357.972
-238.973
-105.268
-589.716
157.88
277.315
-495.864
316.083
235.366
11.1411
32.5523
113.495
-264.64
-43.7398
-15.2187
-363.963
-103.921
110.01
-482.612
54.2732
-138.31
-504.324
159.209
179.011
-296.094
300.648
257.517
-10.255
18.0549
79.7098
-9.46458
20.8167
9.53464
-250.826
47.8238
84.7163
-299.274
0.826404
-85.7002
-407.849
142.895
109.439
-429.403
107.515
-67.2715
-372.66
32.0284
77.9135
-299.527
-43.6096
385.269
-358.95
-18.0383
173.18
-188.042
-69.0622
-111.018
-41.0233
139.087
37.5382
-226.782
78.706
-84.3696
-262.994
39.6453
62.5303
-314.714
69.0548
-68.7496
-363.715
117.038
171.074
-286.799
-134.954
155.995
-323.1
-68.9808
-59.1273
-415.164
-13.115
84.6918
-299.568
-298.512
344.895
-253.654
-12.6387
166.367
-144.169
-135.983
-109.749
65.2827
-143.446
-88.1249
16.7792
-13.5332
37.7951
-163.684
54.0858
-65.8565
-314.786
71.1337
-2.96491
-278.792
-83.0526
-134.288
-315.679
-25.6213
51.5966
-273.619
-153.144
2.96319
-379.163
89.4857
52.0961
-324.417
-88.3381
161.459
-293.168
-235.964
206.762
-380.863
-20.8308
-1.98707
-384.636
-58.2091
44.6377
-336.484
-209.127
288.333
-66.3432
-114.333
158.885
39.2335
-29.3966
-25.0264
47.4692
13.1317
-60.1829
-104.586
99.9918
-22.7987
-200.147
-22.1413
-108.164
-284.02
-135.214
-39.4072
-370.906
6.69948
-9.11022
-375.258
-4.41657
115.435
-322.695
-118.913
-27.7803
-388.494
8.13523
29.3457
-339.942
-157.589
48.9241
-323.021
-210.563
137.149
-449.997
65.8455
50.9842
-413.108
-66.6265
143.712
-368.717
-146.585
183.798
-415.973
-80.4004
-18.1039
-226.626
-86.1801
0.4757
-68.0758
-25.7163
102.333
-26.2819
27.6059
49.2795
22.7575
119.192
54.9805
-122.446
80.5558
-35.8766
-192.746
2.41601
-55.6558
-222.476
-102.086
45.3051
-260.529
-102.816
-5.24101
-278.133
-96.6514
15.7052
-270.506
-110.416
2.56269
-317.351
11.0292
126.466
-251.083
-110.266
63.6768
-238.339
-133.672
94.8995
-290.389
-9.37901
-70.9339
-270.226
-40.0029
-16.6768
-255.747
-132.31
-5.82244
-332.442
10.0283
-50.9764
-286.996
-98.9865
117.419
-267.362
-150.324
143.083
-225.497
-63.4545
-5.0757
-214.372
18.8961
-40.1647
58.3112
-310.241
7.26477
-66.505
307.757
120.468
311.21
-213.09
20.0777
10.5073
-15.2663
-36.0064
165.803
-395.78
70.8639
22.004
-132.996
164.177
-28.192
-124.031
42.7134
-5.62256
-186.972
9.01159
-74.8698
-64.7146
-84.3592
-42.8556
-181.066
-32.5526
-76.0218
-179.902
38.1479
-80.5506
-192.42
-13.0925
-146.974
-62.5972
14.1194
-115.474
-149.834
-31.0203
-103.673
-190.184
5.30889
-107.534
-164.882
-60.1587
-119.657
-105.068
42.3059
-186.496
64.1236
-47.0462
-152.12
-40.6544
47.8065
-132.916
-107.418
38.274
-174.044
-41.5547
38.8568
-136.335
-123.944
124.534
-143.298
-103.579
55.1511
-193.214
-20.1063
50.7114
-234.047
41.6913
147.908
-146.548
104.316
170.194
-80.9258
170.681
4.36796
70.4737
-41.0065
-170.377
-63.4357
109.467
230.066
206.178
-516.955
-7.78148
-49.3264
-15.7135
-82.5201
-53.0231
-72.1877
40.2656
-159.526
111.092
5.92855
-53.682
-124.397
69.4248
-52.9385
-146.975
59.1827
-76.5367
-102.531
5.49163
-115.676
-43.5985
35.41
-93.399
-128.808
15.4105
-158.21
-16.4909
75.4458
-175.885
-10.2072
-14.6278
-168.803
-65.0876
20.7075
-178.618
-74.6361
-71.1825
-128.724
-188.105
99.9597
-159.928
-125.179
129.499
-199.637
-4.4505
175.237
-165.558
-38.3727
177.365
-172.694
3.14785
103.826
-153.853
4.36983
124.807
-125.856
14.3955
105.254
-113.368
96.3028
31.7299
-38.5562
20.2184
65.4046
-102.526
236.466
229.301
-30.2048
276.968
258.523
-68.0883
284.07
-193.92
71.3338
-179.416
-50.143
-78.682
7.72066
-36.3337
-87.9319
-36.831
-37.902
-82.8151
-27.4575
0.0430182
-47.3036
-123.358
17.3064
-93.9697
-34.0808
60.7063
-91.5942
1.26795
18.6246
-104.582
-22.325
134.114
-58.9504
-116.862
134.634
-67.4702
-175.011
267.328
-168.423
16.644
72.0812
-138.707
-5.7348
-27.3949
-104.187
-29.7488
-89.6259
-82.577
20.4119
-98.4687
-38.7911
-10.7771
-41.5923
-39.7533
-6.63794
-44.4465
-3.84778
-52.1676
-24.9787
52.0895
-10.2565
93.2616
125.579
-57.0531
97.3198
145.45
-22.4041
41.0981
48.9975
209.525
75.9699
30.074
205.922
274.515
230.661
-199.363
199.54
253.325
47.6138
457.095
-224.349
565.589
-251.371
-94.9981
234.229
-148.509
-68.1458
169.131
-63.9423
-47.3711
110.748
-0.554192
-43.4205
96.1849
22.5516
-39.1587
89.6629
-9.28082
-49.0938
118.285
14.5168
3.40342
1.41341
-2.49245
23.2116
-30.5025
-32.8386
-70.9876
214.658
-34.9049
