-91.0815
-59.599
217.561
-296.093
320.619
-0
-239.552
72.2497
50.4564
-155.878
-109.016
148.59
-438.635
-63.0563
0
-530.994
0
126.589
-483.556
247.407
257.878
15.5918
-0
77.8566
-244.922
-47.4097
0
-402.834
-0
27.8413
-433.695
-0
-0
-453.238
67.1671
71.3513
-295.628
255.79
270.397
2.61536
5.27136
0
-21.7996
53.6847
27.5315
-246.742
24.9703
0
-350.076
68.8363
-0
-393.594
86.6779
12.6868
-397.59
25.9019
64.2603
-403.904
68.3141
77.2972
-335.949
0
310.386
-340.026
-94.8745
129.518
-205.379
-41.5658
-58.4406
-46.4845
156.772
17.0136
-223.282
40.2503
0
-324.108
123.763
20.3335
-317.369
13.2031
46.2867
-334.118
0
82.9582
-357.813
-0
150.259
-353.74
-38.9665
-0
-427.516
-14.2831
43.4872
-332.119
-249.028
163.166
-211.711
-112.305
72.5893
-77.4412
-286.763
-7.91025
0
-0
-0
22.0082
0
0
-162.138
11.6255
0
-294.176
0
0
-322.484
-0
0
-325.451
-0
1.81832
-278.181
-127.244
0
-343.839
-0
0
-362.923
-0
135.545
-376.659
-38.9093
121.66
-381.755
-52.1579
0
-303.201
-286.631
76.0644
-323.842
-294.852
186.504
-144.763
-0
57.885
-0
-0.227657
0
0
-0
-5.39897
-32.5132
-0
-0
-186.027
-51.548
-0
-287.383
-121.371
-5.20138
-358.941
-0
-0
-367.776
-0
0
-356.93
-0.482385
2.38145
-338.187
-48.0765
0
-328.817
-136.531
42.4929
-355.033
-109.437
55.2259
-420.779
-0
129.076
-419.794
-45.817
237.726
-302.592
-278.43
154.545
-392.055
-131.551
0
-275.885
-0
0
-89.8599
-0
0
-6.10175
0
0
7.38461
23.9579
0
-28.0282
-40.8778
0
-153.245
-75.2802
0
-194.657
-138.647
0
-274.401
-47.796
0
-301.732
-15.3903
0
-317.467
-0
9.4482
-309.614
-9.33745
24.4543
-242.384
-138.151
75.7145
-268.295
-83.3537
60.7607
-267.996
-83.5746
31.8956
-263.542
-68.5693
6.32159
-261.157
-115.546
0
-313.454
-0
0
-261.646
-113.261
25.1969
-301.513
-27.7355
30.1762
-173.512
-120.688
-0
-90.148
-197.168
-0
-30.4597
-28.8791
-0
48.434
0
28.1414
338.555
-83.2863
24.5766
47.0177
-94.7547
0
83.098
-225.687
18.414
41.1442
-178.881
48.4071
4.44381
-211.14
16.6891
0
-224.518
0
-14.8451
-199.702
-0
-52.2201
-170.316
-0
-63.2512
-207.916
-0
-91.1013
-170.566
-0
-135.306
-90.2881
-0
-157.857
-64.0236
-0
-172.54
-45.0747
0
-115.939
-146.442
31.8629
-103.733
-145.985
28.8473
-145.52
-36.3952
19.0535
-161.039
-22.5926
0
-136.226
-76.7605
0
-177.411
-0
0
-146.195
-65.0334
0
-177.618
-0
0
-164.699
-61.3316
22.0151
-185.868
-49.9034
111.535
-86.6558
-0
52.4208
0
0
41.8574
44.7149
0
0
0
-0
235.831
61.0599
-197.703
-0
-0
-140.841
-0
-3.10819
-195.628
57.7558
-120.792
-0
43.3913
-64.8023
-122.934
0
-60.3834
-153.409
0
-90.7359
-87.4552
0
-78.8358
-136.028
-0
-152.382
-9.24794
0
-173.063
-0
0
-184.538
-0
0
-152.009
-81.1926
-0
-123.294
-160.377
0
-194.813
-0
26.7
-192.942
-0
63.9152
-183.418
-0
69.3081
-174.582
-1.40255
88.8498
-161.281
-16.4513
109.128
-159.096
-0
130.845
-129.665
-0
110.664
-82.4918
-0
55.6216
-40.756
-0
123.886
-0
0
133.549
0
160.993
140.484
49.4606
101.646
-154.887
-0
-0
-85.046
-59.1701
-0
-44.4113
-64.8684
-75.1657
-49.3926
-43.3005
-105.701
-39.1489
-77.7145
-56.596
-4.48368
-115.845
-0
0
-100.503
-0
31.8353
-121.278
-0
99.7163
-134.472
0
127.718
-174.898
0
60.5854
-188.374
0
0
-175.95
-0
-0
-158.78
-0
0
-116.732
-0
0
-89.0886
-0
0
-90.9799
-0
0
-65.4562
-0
25.8478
0
-0
96.5856
52.6491
0
37.2
90.9106
0
63.686
53.4599
79.1865
70.3261
28.0277
66.856
196.424
90.2703
0
154.167
32.0797
0
218.119
-389.467
922.876
-37.9857
-0
0
-92.644
-0.247747
6.96125
-0
-65.9447
134.35
0
-30.085
73.8624
32.937
-66.7536
160.999
29.5466
-32.5199
111.3
38.1373
-0
33.5962
14.5778
-0
31.0423
0
-0
150.997
70.3849
