-14.9817
-156.49
427.322
-336.7
457.458
14.1881
-220.076
153.62
-172.801
-171.692
-79.7626
158.995
-309.586
-338.33
-151.124
-640.8
287.441
266.328
-483.421
304.545
294.498
17.8953
24.5175
128.93
-275.434
-25.4465
-13.4339
-348.569
-149.361
118.107
-542.222
112.925
-134.497
-521.327
148.382
177.106
-324.314
358.199
257.053
-19.7088
28.4604
82.0896
11.7776
-25.2202
3.53964
-256.166
63.4772
119.546
-234.998
-126.065
-25.1339
-474.514
299.489
163.203
-444.945
159.436
-138.343
-343.701
-14.8208
4.41823
-261.171
-110.787
431.28
-393.184
84.3669
162.836
-150.348
-127.485
-155.228
-24.9293
103.679
43.2661
-200.412
21.7295
-90.0886
-206.043
-38.0169
26.2053
-354.143
207.356
-124.148
-387.437
243.013
203.492
-209.317
-260.143
178.876
-273.007
-136.591
-113.267
-436.712
47.4631
111.531
-248.988
-418.373
470.998
-332.888
149.245
168.667
-149.382
-142.073
-199.84
116.613
-285.703
-69.5366
-27.2335
81.0553
59.202
-130.238
1.85181
-65.1173
-350.968
162.184
-46.4957
-243.355
-158.188
-237.674
-378.009
85.8502
-3.74717
-246.439
-249.909
29.7965
-424.94
186.782
103.916
-284.958
-196.271
207.204
-248.44
-379.658
325.127
-428.526
88.5954
2.63771
-474.503
134.516
29.5897
-312.01
-263.238
383.993
-49.7637
-151.212
115.969
27.8265
-26.0946
-90.4384
47.3552
16.4777
-63.3755
-125.249
152.449
-55.0335
-177.834
-63.1953
-137.007
-267.483
-165.129
-59.1
-420.781
102.646
4.61837
-392.328
16.484
139.766
-308.388
-211.311
16.339
-454.635
100.273
23.7864
-303.177
-297.697
42.8846
-263.034
-374.195
262.022
-539.694
264.959
-24.3503
-412.347
-60.5535
63.8067
-379.714
-121.613
249.495
-423.607
-27.0759
-26.2807
-212.425
-82.2368
45.0212
-104.078
61.8311
111.904
24.7034
-92.4556
-13.4318
29.7913
125.234
46.7286
-169.889
206.446
-80.5298
-163.046
-61.6942
-64.2087
-216.72
-123.996
81.3737
-249.725
-147.757
13.5263
-317.15
-45.3301
17.1173
-204.531
-265.85
78.8893
-391.586
183.222
142.983
-199.271
-206.112
95.276
-198.681
-194.08
162.007
-290.303
27.889
-263.617
-290.821
24.0562
-60.702
-211.778
-212.906
31.8318
-380.682
125.846
-142.013
-234.195
-195.975
126.443
-223.644
-226.357
185.965
-295.782
105.863
75.2395
-274.759
171.649
-38.2876
194.497
-605.699
-34.5371
-104.441
398.693
137.498
310.723
-304.792
-9.76244
-58.4776
124.931
-49.9111
260.215
-605.482
99.5274
-36.3768
-18.8726
222.406
-82.4739
-12.0567
14.1433
5.48874
-211.209
-46.0558
-132.172
53.5391
-168.383
28.5256
-344.952
-5.40874
-72.5398
-196.714
119.423
-41.4367
-285.127
31.5701
-185.865
13.6074
55.659
-138.412
-111.416
-9.52883
-100.478
-190.88
-102.355
-71.0063
-232.612
-99.0459
-93.2952
-130.747
55.04
-250.197
233.282
-160.432
-126.183
-77.0701
111.219
-90.4334
-202.205
45.0928
-218.725
51.1462
-34.5157
-130.966
-149.372
167.151
-107.446
-188.27
65.7429
-156.406
-107.518
25.9154
-286.068
142.831
115.388
-171.038
161.072
285.634
-109.848
248.474
71.0974
142.632
-197.92
-209.325
-120.175
207.743
247.526
321.382
-755.05
-2.99343
-157.405
219.1
-134.604
-107.267
39.1628
32.2946
-221.786
241.315
-21.4232
43.7045
-341.355
128.23
-11.5819
-242.611
87.034
-15.9046
-234.588
-4.88917
-138.255
10.2106
40.2651
-63.719
-180.445
18.6755
-293.668
279.749
66.7407
-218.158
87.0046
-3.19207
-136.7
-142.853
-57.6095
-171.289
-109.402
-185.324
-84.0771
-315.147
181.456
-140.285
-192.026
141.499
-313.517
215.614
176.121
-143.023
-105.026
213.946
-175.248
-10.5914
81.8949
-125.41
-72.0401
124.932
-143.623
39.0701
101.884
-155.779
165.335
26.3922
39.2221
-166.431
20.487
-122.132
270.689
303.075
-112.079
440.343
331.097
-213.857
552.642
-188.145
184.429
-429.795
19.4351
-108.3
65.1299
-14.6353
-31.2769
-155.322
-49.9894
-110.96
31.1002
-23.1253
3.21172
-232.357
-23.8062
-140.054
54.9577
19.7592
-139.635
89.7804
12.7446
-133.473
27.1579
176.533
-145.989
56.1201
211.667
27.8122
-382.223
350.248
-170.169
9.22034
-2.19004
-136.068
-21.6903
-78.4612
-90.6389
-73.627
-81.0409
-113.754
71.7123
-84.455
-71.1488
47.2407
-20.6911
-51.0313
7.1283
-81.8308
63.3723
-201.807
-59.7269
46.6182
-15.9002
136.957
132.526
-77.7017
157.826
153.55
-58.2623
-36.5082
17.7718
269.737
36.5157
-111.691
504.231
280.818
382.416
-524.308
202.942
173.492
222.003
475.923
-274.178
698.279
-285.713
-77.3167
215.015
-99.3391
-47.2424
138.645
-36.6312
12.179
-4.89892
-16.4979
-57.9769
126.715
20.6824
-60.9144
141.033
-17.242
-84.9493
195.274
47.476
65.5718
-119.969
-1.47503
146.053
-277.772
-62.2013
-193.828
476.263
-90.2322
