-70.658
-107.318
13.0571
-93.3819
-106.539
30.6558
-37.334
-79.7718
102.934
-67.6732
-48.2279
21.9509
-200.876
-78.2716
42.205
-236.152
-76.0794
56.3274
-145.676
-47.7356
91.4284
29.7172
22.5828
-23.4303
-136.867
-18.4382
7.29586
-241.4
-46.568
25.8997
-280.586
-50.7542
43.9169
-255.616
-34.9792
65.6012
-144.335
0.489816
86.5887
105.71
81.6857
-69.6949
-27.6391
51.4603
-29.2589
-147.315
14.7295
-7.50928
-231.436
-12.2057
10.3994
-275.832
-26.3368
27.991
-288.288
-31.6616
46.6256
-273.015
-36.0381
63.3404
-233.19
-40.0189
69.3113
-180.654
-39.6383
46.7497
-86.9357
-10.2659
8.08817
-10.3969
77.2263
-19.1359
-129.063
26.2343
-1.11012
-208.965
-8.78746
10.0718
-256.086
-31.9954
20.7254
-283.569
-50.8219
32.1193
-298.426
-68.5994
44.2915
-303.265
-89.4446
52.8317
-297.064
-108.955
57.9266
-259.895
-109.756
52.3714
-182.275
-82.586
31.8753
-98.2992
-52.2544
7.93656
-10.5623
-15.7931
-15.1314
46.4713
7.20395
-27.9215
-82.9115
12.68
-7.35688
-172.053
-31.1534
-1.25139
-224.197
-59.3471
3.46002
-253.618
-76.7634
9.40232
-273.111
-89.9858
17.6014
-286.907
-100.574
27.3664
-296.309
-111.599
36.8762
-299.123
-121.955
45.0458
-290.004
-129.12
51.0279
-264.497
-131.939
54.4073
-209.406
-121.404
51.5987
-103.605
-83.7105
41.54
-6.7026
-45.7738
23.9631
79.3271
-3.96482
10.2844
72.1752
27.0456
-4.46329
-52.9466
-30.0903
-14.0642
-143.579
-71.0963
-16.7481
-195.854
-95.5257
-13.6223
-223.728
-108.821
-7.88145
-237.013
-116.455
-1.79223
-246.558
-122.734
5.2175
-255.487
-130.011
13.2474
-264.248
-137.24
21.5251
-271.916
-144.091
30.2792
-273.651
-148.594
37.9913
-261.566
-146.469
43.1316
-228.91
-134.33
44.9802
-156.054
-103.078
42.9006
-71.0505
-65.5917
36.5416
3.97173
-33.2887
29.3536
59.4627
-10.073
25.2715
47.2352
-9.21295
-4.28672
-43.0621
-51.818
-16.1515
-108.408
-82.9398
-21.264
-153.505
-103.265
-20.9237
-180.175
-115.608
-17.8755
-195.335
-122.199
-12.89
-202.685
-125.185
-7.82033
-206.097
-126.519
-2.48799
-208.74
-127.466
3.48424
-211.574
-128.824
9.43977
-214.573
-130.612
15.3786
-218.63
-133.794
21.4194
-217.042
-135.439
27.9398
-204.382
-131.961
32.9054
-176.4
-121.126
35.9707
-129.011
-100.1
34.9303
-74.7332
-73.1511
32.7276
-11.0571
-40.4434
34.2223
52.6744
-6.82762
46.0848
147.642
-3.25029
-10.5923
119.384
-31.1588
-6.52294
76.7036
-59.6161
-6.13808
44.2146
-75.5439
-8.76958
11.9909
-86.1728
-14.697
-15.0919
-92.7925
-18.0173
-41.0382
-100.456
-16.9312
-67.9584
-110.376
-18.7056
-93.0562
-117.459
-19.2198
-114.853
-121.328
-17.9548
-132.176
-122.799
-15.4197
-144.127
-122.384
-12.0689
-153.153
-120.353
-9.25977
-158.482
-117.191
-6.14929
-160.897
-113.215
-3.02862
-161.537
-109.008
-0.227207
-162.367
-105.25
2.0932
-161.463
-100.549
4.51582
-158.679
-95.0197
6.68797
-153.124
-87.7626
9.01826
-145.028
-78.8289
12.1906
-132.184
-68.0337
15.9837
-107.732
-51.9755
21.7978
-62.1638
-27.8306
27.758
-11.9607
-2.25875
34.7479
29.2547
17.5737
49.7113
46.7033
24.6233
62.6514
87.7044
-10.9769
-68.8298
45.1263
-42.1861
-47.3505
5.16712
-66.809
-23.9759
-24.6999
-80.4441
-10.1855
-47.0858
-88.0435
-3.43644
-64.458
-92.955
1.29341
-77.4608
-95.5913
3.80147
-88.9682
-98.1567
4.74309
-99.1646
-100.003
4.49878
-108.299
-99.9622
3.50176
-115.968
-99.0717
3.28466
-122.06
-97.0354
3.10661
-125.983
-93.2488
3.06076
-127.302
-88.2499
3.45924
-127.238
-82.5999
4.00247
-124.392
-75.9647
5.0628
-120.222
-67.7976
6.93037
-113.366
-59.2401
8.85799
-102.477
-49.0124
10.6868
-84.9874
-35.2413
13.394
-62.5156
-19.1031
17.0274
-37.6793
-1.68145
21.2875
-10.7073
15.7115
28.1892
16.5304
30.191
39.9281
84.1385
55.2085
-73.9239
45.9445
31.6035
-52.5616
12.0625
10.6047
-37.5428
-12.2144
-4.77386
-28.7839
-27.8662
-14.6858
-21.4572
-40.0111
-23.9144
-15.6917
-49.0473
-29.3886
-10.1116
-57.2832
-32.7417
-3.73511
-67.7164
-36.3542
-0.2004
-79.1524
-40.3341
3.00341
-91.2944
-43.9131
4.59255
-98.3833
-43.9675
5.08284
-98.463
-41.5915
4.39566
-91.8938
-36.5574
3.42774
-80.334
-29.9375
2.93504
-67.5283
-22.6468
4.0904
-54.23
-15.0164
7.57346
-36.1365
-5.98006
11.4781
-13.4912
5.54446
15.9665
7.96946
17.1843
21.6049
23.1189
26.403
28.1431
29.2542
31.0621
32.7633
31.8042
31.6446
35.7775
32.4715
30.0022
35.3968
29.7885
26.5432
32.4211
-3.41914
55.1899
1.98056
-9.86404
48.4582
6.34526
-12.5658
45.3232
9.11468
-11.3135
45.074
9.45062
-7.05857
44.6478
8.52213
-0.423179
44.7426
9.39066
7.90797
45.0994
11.695
16.8632
45.2156
13.1986
25.5631
44.8242
15.0566
36.5144
45.04
18.5547
