0.300592
-186.497
452.99
-350.235
494.765
31.9602
-209.287
156.147
-218.913
-169.352
-87.3157
166.456
-294.503
-372.078
-156.402
-672.324
359.066
247.481
-475.943
284.665
310.043
23.4627
15.6101
136.363
-271.348
-33.6206
-4.06319
-348.656
-151.422
124.868
-581.978
163
-115.361
-534.504
151.687
158.799
-327.34
354.818
238.73
-20.6759
28.1865
80.847
23.8034
-49.2331
3.53425
-247.219
52.1062
125.472
-198.771
-197.123
24.4772
-529.678
427.712
193.329
-458.057
200.721
-168.694
-322.94
-43.8654
-50.2358
-222.188
-184.988
428.066
-402.856
123.923
170.547
-135.985
-146.908
-164.186
-19.2711
90.0259
38.3676
-170.674
-45.8552
-79.4914
-179.134
-75.5209
0.779786
-397.849
323.591
-143.283
-421.753
357.765
206.769
-164.346
-334.005
183.011
-229.791
-210.711
-135.143
-428.644
30.152
114.67
-236.908
-446.541
531.439
-369.913
227.216
171.986
-151.822
-140.935
-242.203
148.916
-373.068
-48.5495
-56.6212
144.159
77.1492
-108.775
-40.7516
-42.568
-366.899
201.414
-78.2561
-221.974
-205.545
-292.015
-444.729
214.195
-51.6337
-247.67
-271.165
45.6984
-441.926
220.3
143.771
-246.864
-293.163
236.806
-232.061
-440.726
373.984
-451.136
126.292
-15.0856
-525.305
235.775
21.5543
-293.811
-310.101
442.73
-46.6564
-162.185
103.506
8.47914
-1.68032
-128.854
44.0781
17.8915
-60.6445
-130.402
172.238
-67.998
-151.93
-116.16
-129.879
-268.051
-157.812
-69.7598
-446.922
154.678
11.435
-403.935
37.5705
125.885
-317.07
-226.308
41.6822
-498.786
171.378
24.4078
-265.927
-403.867
44.5583
-224.42
-465.214
325.593
-575.531
348.541
-51.7595
-425.083
-29.2795
33.9695
-368.895
-151.805
271.309
-419.927
-18.3775
-34.4995
-209.576
-71.7384
66.0449
-143.702
148.906
117.896
55.9349
-167.07
-48.172
27.3027
129.158
38.0738
-189.24
265.735
-104.052
-128.1
-134.707
-56.366
-209.638
-138.01
94.3077
-250.899
-153.187
32.2126
-360.826
33.7027
3.48936
-156.789
-372.334
114.478
-449.94
318.37
134.448
-164.858
-267.936
111.051
-174.217
-227.605
197.367
-259.039
-15.8689
-352.29
-299.452
57.4819
-71.8135
-186.801
-253.248
63.572
-416.336
218.981
-177.029
-182.75
-287.282
111.113
-192.202
-279.118
203.288
-338.333
209.711
124.8
-303.409
250.359
-22.5022
246.515
-712.341
-63.6833
-104.937
403.939
137.544
304.106
-314.539
-12.9108
-67.161
141.766
-53.531
282.601
-654.95
114.462
-55.0815
17.1492
240.222
-116.204
58.1983
-9.94967
24.5599
-250.593
-84.0047
-161.602
117.251
-205.627
77.5594
-453.743
18.0527
-67.7553
-206.938
152.508
-3.93197
-366.046
57.2255
-217.571
78.1538
76.8617
-184.718
-19.4344
11.3603
-112.521
-159.274
-186.306
-42.4296
-290.23
-126.483
-73.5578
-157.855
68.191
-265.681
281.742
-199.484
-106.699
-110.448
150.528
-56.7841
-279.057
44.2623
-264.089
145.798
-83.5798
-127.41
-162.612
176.202
-80.7088
-244.856
88.8768
-116.094
-193.207
16.3221
-327.94
229.69
95.3963
-179.602
186.961
329.262
-128.352
301.585
125.097
182.523
-281.482
-209.785
-135.08
248.057
254.263
368.531
-850.153
-4.01183
-215.694
344.652
-147.62
-150.784
126.195
24.4754
-238.529
272.406
-40.9557
114.958
-501.809
157.994
-5.87782
-263.558
97.5433
27.7091
-332.336
-5.54899
-142.841
20.8818
38.7983
-62.4382
-181.424
17.4822
-417.922
540.614
42.7627
-244.168
141.524
22.829
-114.103
-201.451
-91.0394
-144.24
-181.287
-241.462
-46.7978
-414.932
227.882
-122.112
-244.941
162.47
-411.696
408.419
171.521
-136.015
-138.398
220.505
-180.063
-20.0122
72.7548
-86.0548
-170.109
108.446
-164.897
74.2304
92.8448
-191.531
224.486
16.8356
80.0669
-270.675
8.78264
-111.682
239.122
337.373
-179.437
575.556
372.347
-306.239
730.543
-172.653
263.929
-599.16
68.5577
-123.726
98.1684
-7.59295
12.7705
-246.205
-58.8566
-133.473
80.8451
-43.2055
47.0251
-323.878
-56.1223
-186.947
149.41
-14.7037
-189.798
184.808
22.8265
-115.553
-16.3091
212.869
-232.597
234.522
266.03
111.13
-558.056
388.226
-141.919
-50.9653
-39.6436
-137.274
-22.794
-121.52
-83.7188
-93.0332
-64.3033
-148.055
138.748
-47.0075
-115.336
137.625
-16.0724
-59.441
21.3681
-121.908
143.02
-371.77
-99.9966
45.218
-25.27
171.865
144.324
-106.4
195.238
123.777
-7.42553
-85.7548
34.5022
228.207
5.72963
-229.034
747.786
282.901
503.229
-781.565
200.742
98.6283
381.153
479.961
-285.705
741.174
-276.982
-79.3952
231.407
-82.0328
-28.538
108.148
-26.5712
78.7905
-137.615
-36.6819
-92.7327
200.008
4.87248
-111.776
253.559
-10.6682
-98.027
227.416
87.8962
120.742
-226.231
12.6538
254.168
-496.765
-88.4008
-289.527
687.018
-124.429
