-27.8577
-47.0896
0
-220.025
-0
-0
-0
-0
255.482
-156.198
-38.7932
37.9655
-467.797
-42.7633
134.439
-529.017
-0
0
-383.579
0
123.076
0
-0
-0
-208.361
-0
0
-375.161
-0
0
-414.069
-0
77.2589
-414.444
0
31.1435
-220.314
0
240.921
0
62.9922
-204.968
-0
38.3999
0
-261.739
25.4529
0
-348.84
34.9425
0
-376.358
0
47.812
-380.891
0
152.695
-353.282
-0
58.5188
-310.692
-0
139.773
-306.403
-102.31
0
-82.7208
-0
-0
-0
164.036
0
-231.748
32.7195
0
-289.673
0
0
-299.835
0
40.6558
-331.843
-0
10.7198
-353.502
-0
82.3639
-374.112
-0
0
-413.155
-89.3683
23.5419
-279.673
-435.152
111.459
-278.1
-0
59.6822
-66.02
-206.663
0
0
-0
0
0
-0
0
-152.444
0
0
-287.072
-0
0
-307.36
-0
0
-297.842
-72.8323
0
-334.263
-33.8837
0
-351.71
-24.8374
0
-384.208
-0
72.349
-341.145
-126.205
121.476
-335.406
-153.657
0
-342.523
-201.736
0
-317.461
-315.153
126.874
-106.895
-17.7522
40.2816
-0
-0
0
0
-0
0
0
0
-0
-146.385
-0
-0
-287.194
-99.3951
-0
-320.802
-65.6021
-0
-341.053
-34.6139
0
-306.412
-85.4704
0
-347.826
-0.598976
0
-338.03
-68.1208
2.12039
-321.842
-128.005
18.0098
-341.304
-116.29
48.6707
-368.771
-103.579
108.793
-297.771
-254.572
89.6593
-330.364
-245.458
0
-243.255
-49.4256
0
-53.319
-0
0
-0
-0
0
0
-0
0
0
-0
-0
-103.468
-50.8488
-0
-185.284
-149.849
-0
-268.143
-42.8321
-0
-272.323
-60.6613
-0
-280.935
-60.3738
0
-283.498
-38.1055
0
-300.748
-0
0
-279.478
-43.7334
0
-253.733
-104.876
0
-243.19
-115.873
0
-249.248
-161.427
0
-288.125
-95.7577
0
-274.457
-127.792
0
-268.326
-148.644
0
-185.239
-128.544
0
-107.11
-178.446
0
-0
-0
0
0
-0
0
451.978
-0
0
22.8304
-0
0
50.3251
-103.331
-0
85.4127
-277.788
-0
0
-219.426
-0
0
-208.255
-0
-0
-186.989
-0
-29.9094
-189.112
-0
-78.2637
-165.309
-0
-96.9505
-156.456
-0
-123.685
-114.545
-0
-143.021
-87.6504
0
-153.97
-81.744
0
-144.023
-89.628
0
-184.95
-0
27.3113
-161.81
-32.1427
25.5561
-150.636
-84.5009
11.811
-127.215
-129.165
0
-154.8
-78.3259
0
-129.894
-116.599
0
-177.434
-13.9011
0
-165.965
-61.9917
0
-157.99
-131.423
0
-45.5165
-0
0
-0
-0
0
0
-0
0
0
-0
37.7804
23.1573
-0
-0
0
-22.235
-0
-0
-233.208
0
-0
-231.29
0
-131.363
-3.85256
0
-52.5579
-204.305
-0
-126.576
-49.5423
-0
-133.548
-52.2831
-0
-121.466
-101.833
-0
-164.01
-31.8758
-0
-188.556
-0
0
-174.458
-41.958
0
-169.627
-58.2814
9.95629
-191.4
-0
53.7035
-181.454
-0
61.0588
-152.558
-37.2719
52.9317
-140.477
-54.0975
50.5939
-125.501
-69.356
50.6083
-150.828
-0
57.595
-120.161
-0
57.5893
-84.3121
-0
40.2162
-0
-0
47.8266
-0
-0
33.9632
0
0
90.2737
207.138
0
-58.2382
0
-0
-33.5081
-0
-0
-60.1026
-21.8352
-21.787
-43.0699
-45.4741
-34.1446
-49.6334
-76.1411
-0
-0
-85.3192
-0
-0
-91.5691
-0
0
-112.393
-0
0
-139.872
0
80.0514
-176.701
0
0
-192.348
-0
0
-176.424
-0
0
-157.068
-0
0
-115.986
-0
0
-90.875
-0
0
-107.578
-0
0
-24.2689
-0
3.37154
-0
0
70.2041
0
0
54.1868
29.4918
20.634
64.1841
62.9322
9.68947
17.194
46.6997
0
126.234
0
0
23.3656
0
0
0
-153.987
814.233
-0
-0
0
-0
-46.687
127.079
-0
-42.389
133.939
0
-0
57.1453
0
-0
63.1784
0
-0
64.1716
55.9734
0
86.8921
22.1681
0
62.9516
0
3.00674
61.3815
0
