-113.53
-86.9245
55.6443
-255.001
85.5149
-99.722
-107.026
7.81601
250.248
-178.289
-19.6738
81.6154
-420.718
-63.4913
82.0746
-495.348
-43.6426
109.069
-398.191
80.2608
132.507
6.97043
62.7635
1.33708
-241.79
-35.0418
16.0405
-367.721
-48.9431
24.6298
-408.205
-22.3893
40.7378
-421.002
44.91
88.5576
-253.585
122.929
195.857
59.4623
87.1134
-89.8505
-52.1038
74.5392
49.842
-238.153
26.5262
-17.8613
-325.329
24.6409
-3.31394
-362.601
22.1914
18.3798
-379.874
21.4315
60.1709
-364.117
27.1161
111.953
-310.57
-28.6405
207.488
-305.468
-116.974
124.738
-198.487
-53.9271
19.4557
-57.4819
183.168
25.862
-233.297
82.7141
16.1258
-289.48
42.3095
24.0823
-320.746
20.3618
34.374
-343.458
-2.20964
48.3751
-352.012
-37.7871
77.5839
-354.643
-76.5199
60.9715
-390.036
-128.162
97.5898
-372.542
-160.901
148.35
-223.897
-141.018
116.356
-147.357
-129.368
-6.21187
1.94947
-33.1698
-41.4395
35.8107
-20.1044
-7.68783
-183.065
68.5791
-2.24454
-279.57
-4.69395
3.32307
-297.597
-35.2632
17.3597
-300.757
-47.2162
29.4074
-308.765
-64.2351
44.1865
-321.299
-68.3814
53.7057
-330.354
-86.6528
81.421
-337.567
-111.8
69.7471
-339.541
-122.685
50.9123
-343.671
-151.902
62.1171
-334.01
-172.096
100.022
-98.5194
-82.3917
72.7659
26.4459
-40.0347
5.7936
77.2093
-27.0335
30.6323
28.5827
41.5803
-4.42673
-167.063
-48.1804
-33.2247
-270.286
-84.1808
-41.2105
-296.19
-80.1705
-5.73715
-296.589
-83.21
12.1612
-284.1
-82.9792
23.6065
-281.616
-88.6222
32.7269
-288.566
-106.791
46.808
-297.552
-118.236
52.2172
-314.851
-125.33
77.7261
-333.028
-142.865
96.8586
-330.624
-153.685
89.516
-342.881
-160.096
62.833
-210.472
-95.5956
59.8522
-70.7972
-27.5955
55.1903
-10.8675
13.9026
31.5428
54.6959
36.3607
21.0343
4.91934
0.697115
-56.5352
-141.687
-55.8071
-50.4517
-200.295
-81.7981
-47.5813
-236.402
-92.6337
-25.8955
-246.529
-98.0185
-19.0706
-254.452
-97.099
-8.36771
-253.71
-95.6666
5.81528
-247.314
-96.5436
20.4434
-246.176
-97.4056
31.2567
-245.651
-99.1274
43.6164
-241.571
-101.292
44.1226
-260.641
-111.454
45.2261
-273.01
-115.14
57.5717
-269.447
-123.463
80.9665
-254.425
-132.412
87.2949
-183.934
-109.841
59.8464
-132.598
-86.6243
49.7282
-45.3943
-26.2766
32.31
72.2881
43.3312
95.7035
273.675
-63.4317
-13.1836
110.496
-150.558
3.76854
58.1941
-165.853
36.7608
34.1048
-156.788
22.7452
0.345368
-175.706
-19.1445
-17.2674
-167.977
-40.3075
-46.0437
-143.093
-45.3227
-76.9343
-140.144
-23.7308
-103.488
-149.756
-20.6042
-124.287
-144.427
-10.9092
-140.31
-132.641
-5.56008
-152.202
-128.972
1.64142
-161.875
-126.531
14.3217
-166.9
-112.508
20.0848
-166.801
-100.739
22.6958
-164.76
-90.2331
26.5872
-172.211
-85.3007
24.9243
-172.686
-79.8441
28.9285
-170.497
-76.3551
33.6671
-162.939
-70.6328
37.5743
-163.599
-58.2514
30.8501
-174.627
-48.199
35.6663
-177.603
-40.723
58.7819
-92.7307
4.30913
59.8655
-3.58202
38.7201
46.1582
52.7966
53.7357
26.4738
99.7315
82.908
232.101
66.1593
-88.732
-80.7941
0.862862
-121.595
-6.20538
-44.0355
-110.82
43.2118
-79.9166
-87.7989
54.1429
-89.9019
-85.3852
46.8679
-97.421
-88.022
33.733
-102.598
-82.6985
32.4842
-110.229
-86.3298
31.6633
-119.316
-94.0643
25.5282
-131.984
-92.0287
27.9765
-144.121
-86.2051
16.1141
-151.672
-88.2316
19.0049
-156.256
-82.9784
24.6728
-157.276
-73.8072
30.9256
-157.72
-67.3238
42.6739
-154.414
-57.7009
51.3952
-152.103
-44.2843
56.7369
-150.005
-35.8565
59.7165
-142.084
-26.1127
63.3018
-121.041
-10.1532
57.8121
-89.8484
17.6616
53.7249
-62.3899
41.2268
64.0923
-36.8191
79.5474
62.8658
29.6401
137.918
98.2326
82.305
104.208
-107.706
11.9172
9.77414
-66.3145
-32.8809
-30.6236
-50.4606
-57.713
-47.6522
-29.3919
-53.1503
-51.4653
-12.4865
-59.6271
-57.9251
7.6995
-66.7384
-51.5852
25.2192
-60.2416
-48.8632
25.4805
-72.9533
-52.5424
61.4087
-90.7836
-44.8847
66.0429
-122.41
-49.3168
61.8048
-138.817
-48.783
44.9733
-135.705
-40.2014
22.5701
-120.748
-31.0282
2.46967
-91.2814
-18.1321
-8.92106
-69.8719
-11.3642
-12.1885
-67.0488
-11.5736
-7.00069
-48.58
-12.144
-2.37895
7.34568
6.4854
11.7859
51.154
21.4727
22.197
77.9282
36.1888
55.6586
71.4886
51.3835
80.8783
56.374
49.8746
120.356
72.6278
49.7107
130.489
70.9232
59.4756
181.223
-59.7039
200.505
-17.0555
-74.4133
163.004
-22.625
-63.8492
140.929
-20.1869
-50.1575
126.316
-5.95424
-37.8453
114.857
0.386746
-27.0677
105.624
4.87842
-15.7963
98.8738
8.23956
-11.5726
89.0726
2.0969
-1.25262
86.2987
10.8541
56.5607
112.234
39.4063
