-94.6086
-57.5247
230.637
-291.468
311.104
-0
-258.465
105.676
38.645
-153.981
-114.839
152.141
-435.077
-69.2617
-0
-530.542
0
138.052
-495.768
272.131
254.563
17.4435
0
83.3065
-242.521
-55.9099
0
-397.998
-8.50527
33.1437
-433.228
-0
-0
-468.585
101.459
75.2183
-290.724
250.802
265.637
4.32763
0
0
-21.8556
53.7954
30.2977
-242.471
18.0099
0
-342.341
56.7804
-0
-393.459
90.682
11.3994
-410.17
57.8573
60.3258
-396.604
56.1254
87.9337
-334.569
0
318.422
-343.591
-88.6374
138.091
-207.426
-43.833
-70.8019
-43.7841
147.822
16.9344
-225.015
45.7933
0
-317.11
108.048
14.6268
-324.396
29.801
37.1621
-336.005
0
90.376
-356.851
-0
162.553
-351.076
-43.4307
-0
-429.712
-5.06926
53.4924
-334.802
-242.016
181.634
-218.601
-97.6054
68.1051
-72.0152
-301.122
-25.4096
0
-0
-0
21.5708
0
0
-159.17
6.76904
0
-294.44
0
-0
-322.86
-0
0
-326.39
-0
0.517206
-277.157
-131.889
0
-344.365
-0
0
-362.865
-0
140.54
-370.11
-52.164
130.22
-392.749
-24.281
0
-314.153
-257.302
77.808
-311.718
-319.279
199.028
-143.669
-0
56.2819
0
-2.4968
-0
2.12496
-0
-18.0625
-39.9755
-0
-0
-184.697
-55.2142
-0
-286.98
-123.897
-5.67337
-359.385
-0
-0
-367.572
-0
0
-357.827
-0
4.51427
-336.636
-51.5303
0
-326.699
-144.674
49.4178
-357.649
-107.001
56.6527
-421.739
-0
122.537
-431.052
-24.2123
235.342
-307.847
-270.073
169.52
-392.085
-129.935
0
-275.398
-0
0
-88.2702
-0
0
-8.46004
0
0
10.7636
27.6499
0
-35.3261
-43.6932
0
-157.373
-68.1381
0
-194.233
-143.756
0
-275.254
-48.793
0
-307.153
-7.83957
0
-319.212
-0
2.31974
-301.155
-30.4783
28.3673
-242.203
-140.364
88.393
-270.204
-80.0336
61.9651
-274.607
-69.7152
29.1984
-263.974
-67.9237
5.05966
-264.352
-109.575
0
-314.718
-0
0
-271.536
-90.4744
29.2822
-298.56
-34.2934
30.7242
-174.876
-117.815
-0
-91.3099
-194.513
-0
-31.4041
-32.4136
-0
51.8937
0
31.6302
335.339
-93.0809
31.9009
42.3314
-82.6056
0
95.6735
-252.874
25.9193
30.787
-156.913
62.7972
5.66164
-213.736
21.2487
0
-225.595
1.8454
-18.6181
-192.222
-0
-49.1813
-176.18
-0
-66.4882
-200.341
-0
-87.7134
-176.618
-0
-133.758
-92.8696
-1.86443
-163.288
-52.1024
-0
-169.054
-53.203
5.11452
-105.673
-167.943
28.982
-100.649
-152.104
18.1501
-149.439
-26.5649
16.9198
-165.982
-10.7439
0
-134.79
-77.7902
0
-177.112
-0
0
-151.507
-51.6825
0
-177.392
-0
0
-165.823
-57.8591
28.1127
-188.451
-42.933
113.211
-87.3044
-0
54.8251
0
0
42.4454
46.123
0
-0
0
-0
232.2
79.4343
-240.476
-1.43948
-0
-137.373
-0
-14.4525
-167.518
62.1324
-117.85
-0
40.2807
-59.9857
-126.03
0
-59.18
-147.849
0
-82.3488
-99.0733
0
-79.6189
-126.912
0
-140.639
-27.4329
0
-170.252
-0
5.72361
-181.065
-0
0
-146.818
-85.0829
-0
-116.936
-168.543
0
-192.388
-0
20.1197
-191.886
-0
63.175
-181.705
-0
70.2273
-172.16
-3.54639
89.3906
-163.479
-7.69761
111.607
-158.108
-0
136.106
-127.967
-0
110.029
-81.1735
0
61.3787
-39.4985
0
130.225
-0
0
140.396
0
177.059
144.418
34.9641
119.55
-171.004
-0
-0
-81.5991
-63.6412
-0.235427
-46.1857
-59.3277
-90.6617
-46.3411
-58.8485
-77.3319
-39.3728
-68.7564
-80.2383
-2.87675
-117.753
-0
0
-101.838
-0
30.2774
-122.927
-0
100.542
-134.21
0
127.775
-175.594
0
63.1586
-189.658
0
0
-176.695
-0
-0
-158.723
-0
-0
-116.854
-0
-0
-89.7108
-0
0
-90.8351
-0
0
-65.6471
-0
32.2438
0
-0
96.4177
55.9681
-0
38.3588
91.9157
0
64.5658
53.2376
84.5931
75.0115
27.9173
72.5637
204.542
92.1587
0
158.299
43.3597
0
243.178
-397.883
929.46
-44.3096
-0
0
-100.899
-0
3.81244
-0
-61.0726
123.31
0
-37.5278
87.0953
30.7489
-59.9734
144.699
29.3242
-43.9556
132.129
37.9747
-0
30.9811
6.4667
-0
29.0262
0
-0
147.235
67.8938
