-84.9352
-46.5757
284.396
-291.472
299.149
-59.8012
-231.712
138.194
15.8723
-172.261
-71.0981
142.354
-394.487
-162.094
-54.974
-558.359
72.2981
260.109
-497.355
297.64
194.287
5.9529
39.1056
96.5993
-254.789
-58.8281
-10.0385
-374.018
-69.6084
96.6254
-451.444
29.1151
-109.44
-489.856
157.227
157.022
-272.883
243.187
247.79
2.11921
9.01593
65.984
-27.3572
59.3425
21.29
-244.549
34.7109
41.2659
-323.287
44.3371
-94.6281
-386.817
90.9525
69.9526
-417.294
76.6803
-18.5782
-380.096
48.4839
103.766
-306.965
-31.8165
343.04
-335.946
-78.6425
185.033
-211.283
-35.2463
-70.8738
-57.5182
172.074
25.7413
-239.054
97.1872
-55.2201
-289.635
64.6513
64.8519
-316.538
32.3202
-24.876
-365.865
73.7277
130.985
-326.625
-82.1774
136.302
-342.007
-64.685
-19.34
-402.419
-65.2531
76.0392
-342.012
-211.584
277.45
-226.987
-77.4436
161.69
-144.678
-134.383
-74.3322
43.9318
-90.1501
-89.0334
29.3278
-37.5656
28.7047
-178.182
69.6584
-39.114
-299.888
31.6754
12.5083
-290.868
-54.1054
-63.6206
-306.109
-35.6885
59.6886
-289.974
-102.05
9.06501
-349.749
21.6645
39.4223
-332.429
-64.9345
135.86
-317.774
-162.648
132.33
-360.779
-72.7305
-10.7269
-355.901
-123.518
50.1805
-346.612
-189.903
237.81
-77.0903
-97.2028
161.542
37.3898
-30.4486
-9.7744
43.3229
8.33543
-50.4435
-82.9905
68.3247
-8.01462
-194.641
-33.0456
-76.4177
-293.619
-105.113
-37.8238
-346.606
-28.3755
-10.769
-353.283
-27.7358
75.372
-324.481
-72.2886
-21.4902
-351.367
-26.9124
35.3846
-335.086
-114.157
55.1932
-335.033
-141.274
80.551
-398.341
-26.392
85.2476
-399.592
-83.2212
171.33
-359.745
-156.557
150.021
-399.907
-119.853
-6.13311
-232.259
-81.4577
0.581112
-67.6811
-30.8512
91.8227
-33.7013
46.8678
58.8591
16.5721
109.541
45.8233
-93.0121
26.4201
-29.5794
-183.749
-10.4842
-45.1014
-226.478
-79.4806
10.5692
-262.492
-82.7695
-15.7762
-271.305
-92.6046
2.34166
-282.597
-74.8181
-16.3583
-294.196
-40.3206
86.6835
-264.318
-84.9566
48.1943
-255.859
-100.977
64.2947
-275.266
-52.7094
17.1783
-257.608
-71.3904
16.7431
-269.669
-100.278
-5.20267
-312.713
-30.1366
-2.13893
-291.788
-83.3456
109.382
-273.711
-130.992
119.731
-203.413
-103.819
-13.392
-179.432
-49.6791
-18.9113
-6.42971
-154.905
15.0721
-23.3845
210.535
111.763
317.347
-153.309
35.0815
61.6992
-115.681
-26.152
110.657
-269.745
61.91
41.4313
-164.836
118.535
0.790188
-179.833
36.5292
-1.45112
-192.134
14.7828
-50.6936
-110.023
-52.4446
-61.0731
-135.604
-33.3329
-78.4871
-168.088
-5.92534
-91.3514
-167.571
-26.0051
-131.74
-97.0838
0.947825
-122.048
-138.305
-24.1854
-116.734
-169.022
23.8
-123.019
-143.87
-30.5792
-131.275
-101.991
35.6657
-157.646
-22.308
3.84018
-157.966
-45.039
22.4922
-151.115
-73.3571
28.3118
-162.877
-64.7324
54.7161
-141.481
-105.163
95.6051
-151.942
-76.6446
51.4769
-192.959
-10.7396
60.623
-216.147
13.6627
147.006
-128.545
73.6403
114.813
-54.3313
121.239
14.1627
46.5246
21.5449
-126.729
-3.50621
68.5908
239.362
137.467
-367.314
-28.0453
-9.09382
-108.939
-44.1737
-47.9303
-88.2658
45.7548
-124.852
28.951
14.0124
-81.602
-72.4821
44.5305
-77.9684
-102.235
42.4232
-94.9699
-72.9474
23.498
-113.044
-61.2774
35.8886
-106.081
-113.398
15.2255
-135.39
-76.8761
63.9234
-164.229
-43.4349
-0.3196
-171.801
-59.3621
42.2842
-176.779
-71.5556
-16.8484
-152.111
-125.6
63.8289
-164.061
-104.356
115.768
-175.481
-50.2961
155.753
-171.381
-25.9018
145.52
-174.37
4.19492
105.829
-158.748
9.55367
115.256
-127.144
11.6425
93.7035
-105.203
73.2703
35.184
-63.4735
69.6448
89.9336
-81.8282
185.321
175.209
-9.75588
234.995
218.809
-11.6888
191.596
-180.076
29.6482
-80.3521
-63.1307
-60.9528
-20.9139
-44.8551
-89.0444
-28.9101
-29.7535
-71.2461
-45.3888
-3.02538
-61.0107
-87.7465
25.2862
-86.5751
-40.9383
64.3306
-74.2587
-28.8243
23.7643
-78.4661
-68.3551
113.918
-56.1261
-116.322
109.429
-92.4637
-117.219
204.182
-152.889
-11.7223
96.7693
-141.307
1.21864
-2.86552
-113.935
-7.04268
-73.8877
-75.2792
5.9325
-81.1633
-38.4849
-12.9954
-46.5904
-41.025
-6.87871
-36.3318
-18.097
-25.4939
-15.3032
50.1475
-10.0606
70.6452
112.28
-35.7877
59.1304
130.055
5.83782
64.0817
74.7038
140.132
80.5687
66.7484
109.947
255.296
175.043
-89.9034
187.023
235.899
30.1871
416.141
-189.599
476.681
-192.67
-109.054
253.596
-155.367
-71.38
170.16
-77.9231
-55.2512
124.582
-0.284931
-47.322
107.876
17.3721
-40.8847
96.79
-0.416119
-34.9301
95.3449
14.1738
-14.6111
42.9542
0.865535
-8.14172
35.9434
-20.2477
-23.6268
137.094
4.04664
