-71.5774
-0
114.681
-261.239
165.617
-32.9722
-112.474
0
180.516
-200.121
-0
79.2313
-451.089
-88.0407
31.5476
-536.244
-0
104.657
-444.475
104.351
205.296
0
0
0
-258.077
-0
66.3007
-407.392
0
40.2309
-434.54
0
0
-424.339
0
27.2661
-277.679
177.97
229.545
0
77.7246
-12.4938
-9.53724
20.746
23.5675
-243.128
8.67353
0
-377.887
135.447
0
-387.144
68.6283
23.6175
-387.246
7.26599
78.1771
-383.462
0.879113
45.969
-345.063
0
241.912
-329.799
-118.343
48.1901
-193.41
-30.5356
-0
-44.116
185.454
15.8049
-215.714
20.8096
0
-336.445
141.369
26.1909
-311.267
0
70.0424
-331.29
-0
90.1319
-352.388
-0
131.616
-369.388
-16.1912
0
-424.716
-55.243
15.8544
-312.722
-327.296
75.8272
-228.095
-98.1732
69.6308
-87.7803
-255.176
0
0
-0
0
7.46779
0
0
-167.539
19.1401
0
-292.473
-0
0
-321.448
-0
0
-321.571
-0
5.06723
-284.312
-112.812
0
-331.279
-15.2097
0
-356.121
-0
138.147
-380.956
-4.49642
107.335
-339.268
-128.58
0
-283.368
-325.099
7.37527
-316.421
-308.576
154.238
-135.662
-7.30855
49.0397
-0
-0
0
0
-0
0
-0
-0
-0
-194.877
-13.6666
-0
-278.461
-137.293
-0
-356.571
-0
-0
-365.339
-0
0
-345.271
-20.0652
0
-356.541
-0.689812
0
-325.177
-131.752
0
-340.344
-120.937
13.4758
-408.167
-6.90404
128.528
-399.495
-67.9386
215.848
-288.943
-290.83
137.678
-341.639
-235.996
0
-271.959
-0
0
-83.8785
-0
0
-0
-0
0
0
0
0
-0
-0
0
-131.949
-116.045
-0
-196.979
-119.983
-0
-266.635
-51.841
-0
-293.371
-20.3508
0
-310.225
-0
0
-303.955
-9.00545
16.0526
-276.697
-58.4355
42.6305
-290.627
-32.7825
38.0008
-235.735
-158.644
20.4443
-266.222
-80.0389
0
-266.523
-124.127
3.2896
-310.495
-25.9145
2.66407
-249.573
-157.362
4.73115
-290.222
-72.0302
0
-177.848
-122.89
0
-87.8552
-216.534
0.527309
-22.8428
-0
12.9548
9.25305
0
10.7432
388.319
-0
0
72.8616
-141.549
0
50.5926
-140.761
-0
91.1959
-273.688
-0
14.8368
-222.509
-0
0
-203.872
-0
-0
-212.666
-0
-43.9734
-168.703
-0
-45.7388
-230.398
-0
-95.3236
-149.854
-0
-120.846
-106.117
-0
-159.962
-47.0407
-0
-153.973
-74.1337
0
-130.185
-106.834
39.2452
-143.121
-63.9966
40.5383
-139.869
-52.0134
50.4928
-141.521
-67.9162
27.0856
-131.548
-93.6168
14.8238
-180.194
-0
0
-136.25
-92.2188
0
-181.19
-0
0
-163.923
-71.5835
0
-164.196
-115.13
67.629
-76.5296
-19.4774
28.7196
0
-0
12.9513
16.2111
-0
0
-0
-0
262.785
0
-17.4956
-0
0
-158.081
0
-0
-223.769
0
-55.2602
-153.476
50.825
-139.034
-0
0
-50.0646
-210.793
0
-121.264
-52.3765
-0
-101.692
-119.924
-0
-169.098
-0
-0
-187.264
-0
0
-197.346
-0
0
-161.277
-80.5027
0
-155.645
-107.892
23.2301
-199.842
-0
51.9956
-192.408
-0
69.225
-182.282
-0
67.382
-173.941
-0
92.6098
-152.718
-26.591
107.313
-156.099
-0
122.637
-128.214
-0
112.635
-82.4745
-0
53.3477
-34.0407
-0
85.823
-0
0
90.198
37.2859
0
115.468
123.21
5.62885
-53.1767
0
0
-89.7856
-31.8561
-0
-49.8152
-87.6064
-7.58243
-45.2238
-0
-172.061
-50.4228
-96.3802
-0
-0.321095
-107.073
-0
-0
-95.3698
-0
7.69997
-114.619
0
94.6981
-134.487
0
112.338
-174.969
0
26.2296
-186.904
0
0
-175.244
-0
0
-158.846
-0
0
-117.925
-0
0
-89.5473
-0
0
-92.9477
-0
0
-55.698
-0
25.0718
0
0
100.582
32.8812
0
62.2585
90.2926
0
83.6457
55.8579
65.3623
54.8863
53.5644
0
144.004
75.2336
0
132.413
0
0
71.6818
-285.803
781.741
-0
-0
0
-18.7438
-73.437
157.89
-0
-37.2916
89.3913
0
-59.3129
141.675
21.1037
-18.8433
74.3951
27.6594
-0
53.9632
50.9715
-0
51.2932
36.1459
0
40.1354
0
0
169.092
52.291
