-8.14723
-169.682
438.382
-342.394
473.838
21.946
-215.725
154.307
-192.24
-170.939
-82.3487
161.57
-302.492
-353.571
-154.773
-653.037
316.074
259.327
-480.321
297.403
302.523
19.8999
21.3641
132.003
-274.826
-26.7482
-10.661
-347.705
-152.266
119.871
-557.286
131.027
-127.8
-525.948
148.403
171.135
-326.58
360.004
251.707
-20.2139
28.4582
81.679
16.2618
-34.2193
3.29117
-254.047
61.6743
122.168
-219.978
-155.732
-6.52682
-494.942
347.057
174.817
-449.398
174.157
-151.242
-335.639
-26.2062
-16.4224
-246.865
-137.557
433.113
-398.031
102.248
165.193
-144.047
-136.437
-159.998
-22.9599
98.7182
41.5652
-190.339
-1.52498
-86.4708
-194.706
-54.2316
16.0753
-369.963
250.342
-132.777
-399.532
284.913
205.453
-191.391
-290.321
181.405
-257.187
-163.495
-122.402
-435.958
45.9455
114.387
-243.128
-432.67
496.749
-349.282
183.073
169.699
-150.644
-141.966
-218.546
129.691
-321.444
-62.0402
-39.0153
106.483
66.0768
-122.099
-13.7337
-57.2162
-358.366
180.206
-58.6647
-234.46
-177.702
-259.12
-402.299
132.087
-21.5084
-245.011
-262.775
36.8627
-432.572
201.792
119.112
-271.066
-232.419
218.342
-241.279
-405.898
346.055
-438.456
106.854
-2.70377
-495.872
177.807
26.3189
-305.279
-280.377
407.396
-47.8585
-156.994
108.907
21.1819
-18.8738
-106.831
46.1872
17.1441
-62.4927
-127.688
161.309
-60.6796
-168.172
-82.678
-135.906
-266.984
-163.714
-63.7248
-431.733
124.583
8.12852
-396.205
23.2755
136.494
-309.483
-222.268
27.7587
-471.688
127.624
24.121
-289.203
-338.342
42.9839
-247.488
-411.263
288.269
-555.684
302.263
-37.5245
-415.479
-51.8085
49.8243
-377.467
-128.226
260.086
-422.819
-21.2464
-29.1162
-210.782
-78.4872
54.7376
-118.844
94.6498
113.815
38.0134
-124.159
-28.8481
29.3042
126.619
43.1619
-178.433
232.115
-90.6931
-149.63
-89.7152
-62.0314
-214.598
-128.448
86.9632
-249.281
-152.185
20.3309
-332.894
-17.7239
12.8911
-185.263
-309.006
95.1218
-413.825
235.119
140.474
-185.17
-231.478
101.701
-189.223
-206.713
176.8
-280.507
16.6132
-301.836
-294.346
37.6965
-66.1652
-201.126
-230.387
43.8778
-394.36
161.369
-158.035
-215.079
-229.629
122.543
-211.078
-247.196
193.71
-313.468
149.343
95.907
-286.517
204.114
-32.9533
218.619
-655.677
-46.6995
-105.902
403.571
138.321
308.798
-312.384
-12.2605
-64.4235
136.852
-51.7195
272.202
-631.889
105.961
-45.92
-0.160503
230.709
-95.7172
15.5694
4.34071
12.3228
-225.292
-61.5251
-144.534
80.1748
-184.957
48.4205
-389.194
3.87853
-71.041
-200.321
134.134
-27.5382
-315.661
41.9529
-197.523
37.1096
64.8018
-154.133
-80.6016
-1.11896
-104.263
-180.541
-135.405
-59.667
-255.148
-109.344
-85.8972
-140.18
59.8704
-258.831
258.227
-179.478
-118.418
-90.0078
126.98
-77.8739
-230.66
44.8583
-234.802
84.9971
-54.1815
-129.641
-154.45
172.352
-96.8209
-210.945
73.2869
-141.626
-139.127
21.7134
-302.302
176.461
107.075
-174.699
172.032
305.851
-116.251
267.814
93.1743
158.982
-232.118
-211.149
-126.67
224.629
250.611
342.117
-796.996
-3.61074
-181.93
271.855
-141.101
-124.65
74.0015
29.6159
-230.429
257.859
-29.4575
72.0389
-405.327
140.662
-7.1699
-255.528
91.7314
1.16856
-273.014
-4.97451
-142.274
18.9723
40.3501
-60.8434
-185.564
18.0748
-340.438
378.363
58.1496
-228.988
110.003
6.17331
-127.289
-166.854
-72.9362
-162.938
-132.82
-209.32
-70.9281
-351.442
200.451
-133.508
-212.418
147.909
-351.044
288.897
174.147
-138.729
-121.237
217.694
-177.109
-14.1927
77.9045
-112.138
-106.149
120.122
-151.524
51.4902
98.4652
-170.135
188.82
23.2826
57.267
-211.811
14.7477
-119.726
261.951
317.477
-138.348
492.965
348.364
-251.309
624.298
-182.61
215.573
-496.543
39.4764
-114.361
77.9607
-11.0126
-13.3062
-192.359
-53.4029
-119.539
49.9882
-31.4799
19.1721
-265.801
-36.3927
-157.554
90.2023
6.76437
-157.279
122.986
15.4226
-129.247
15.8964
189.84
-178.955
123.707
232.856
59.4922
-449.451
365.812
-161.838
-9.35949
-18.159
-136.686
-22.2803
-94.1118
-88.1098
-81.6111
-74.9594
-125.262
93.3184
-71.8121
-86.3083
77.4999
-18.0128
-54.8523
13.2267
-96.2137
91.0099
-261.433
-73.8808
46.0508
-19.8116
150.277
135.997
-86.7789
172.381
145.777
-46.8698
-56.5193
20.474
261.304
24.269
-156.3
596.689
281.545
428.449
-622.647
202.284
144.738
282.301
477.722
-280.546
718.863
-283.895
-77.1409
219.255
-90.8994
-39.9599
126.83
-32.0905
35.957
-52.1168
-23.3085
-69.3965
150.975
15.7779
-77.1105
177.32
-15.8081
-91.418
210.534
61.7136
86.1428
-159.534
2.91248
186.093
-358.646
-71.9319
-229.858
555.752
-103.351
