-94.0659
-58.0333
227.349
-293.294
315.242
-0
-252.664
94.8907
41.6302
-153.596
-114.988
152.574
-437.558
-64.369
0
-530.634
0
132.075
-491.021
263.144
256.621
17.1023
0
82.8209
-242.362
-55.7558
0
-402.154
-0
30.7578
-433.591
-0
-0
-462.309
86.8282
73.3776
-293.499
254.381
267.45
4.60124
0
0
-21.2003
52.9068
29.8473
-243.57
20.5033
0
-346.137
63.7224
-0
-393.504
89.6395
13.4511
-405.145
45.7311
61.3216
-399.193
60.3763
83.6482
-335.157
0
315.996
-342.598
-90.5393
135.429
-207.027
-42.9718
-67.5093
-43.7915
148.565
16.0907
-225.002
45.2982
0
-319.776
113.682
16.76
-322.473
25.513
41.5987
-335.342
0
88.6197
-357.139
-0
158.576
-351.676
-42.3614
-0
-429.151
-7.57804
49.9329
-333.893
-244.365
176.12
-216.599
-101.962
69.1642
-73.6201
-297.057
-20.4787
0
-0
-0
21.5068
0
0
-159.502
7.09316
0
-294.52
0
-0
-322.872
-0
0
-326.201
-0
1.55869
-278.266
-128.435
0
-343.943
-0
0
-362.699
-0
138.816
-371.752
-48.6289
127.809
-389.314
-32.7212
0
-310.872
-266.048
77.3411
-315.172
-312.389
195.434
-144.036
-0
56.5914
0
-1.81333
-0
1.02506
-0
-14.7133
-37.8415
-0
-0
-184.75
-54.9402
-0
-286.707
-123.695
-5.18592
-359.336
-0
-0
-367.632
-0
0
-357.602
-0
3.07963
-338.246
-47.9484
0
-327.094
-142.656
47.0929
-356.631
-108.233
56.6719
-421.422
-0
124.707
-427.412
-31.3103
236.505
-306.505
-272.04
165.432
-392.006
-130.586
0
-275.525
-0
0
-88.7064
-0
0
-7.78807
0
0
9.70548
26.5728
0
-32.8716
-43.2005
0
-156.054
-70.2584
0
-194.069
-142.581
0
-274.083
-50.3559
0
-305.77
-9.29143
0
-318.78
-0
5.07662
-304.956
-21.3971
26.1911
-242.011
-140.414
84.0858
-269.508
-81.3855
62.425
-272.521
-74.0926
30.1048
-263.651
-68.5263
5.81541
-263.32
-111.382
0
-314.26
-0
0
-268.77
-96.679
28.4047
-299.291
-32.4965
30.4751
-174.364
-118.715
-0
-90.894
-195.343
-0
-31.0157
-31.4804
-0
50.9163
0
30.7012
336.052
-89.1166
30.2037
43.8387
-86.443
0
91.7876
-244.527
23.4048
34.5745
-165.043
58.9286
3.91253
-210.26
19.9555
0
-225.399
0
-16.8042
-196.197
-0
-50.4988
-173.798
-0
-65.5885
-202.706
-0
-88.3349
-175.88
-0
-133.79
-93.1702
-0.625516
-161.243
-56.6129
-0
-171.675
-47.3739
3.23399
-109.663
-159.675
29.9167
-100.875
-151.713
21.5603
-148.133
-29.7253
17.1902
-164.094
-15.1512
0
-135.281
-77.2581
0
-177.163
-0
0
-149.818
-55.8096
0
-177.424
-0
0
-165.772
-58.1759
26.6095
-187.392
-45.5814
112.858
-87.0723
-0
54.3856
0
0
42.5233
45.8132
0
-0
0
-0
233.98
74.5334
-228.961
-0
-0
-138.41
-0
-12.564
-172.675
60.6222
-118.741
-0
41.9583
-60.1323
-127.772
0
-59.8603
-149.012
0
-85.0028
-95.3829
0
-78.1717
-132.191
0
-144.939
-20.367
0
-171.16
-0
2.15333
-182.185
-0
0
-150.269
-80.1168
-0
-117.686
-168.73
0
-193.254
-0
22.6705
-192.247
-0
63.3355
-182.396
-0
69.9098
-173.005
-3.00347
89.1604
-163.002
-10.2246
110.859
-158.558
-0
134.544
-128.603
-0
110.24
-81.6435
0
59.8896
-39.9941
0
128.382
-0
0
138.408
0
172.427
143.536
38.7868
115.186
-166.047
-0
-0
-82.1429
-62.2384
-0
-45.4013
-60.3185
-87.4136
-47.3753
-54.2467
-85.6024
-38.8441
-71.4709
-72.6512
-4.04878
-117.25
-0
0
-101.494
-0
31.2514
-122.441
-0
99.9869
-134.369
0
128.27
-175.263
0
63.0447
-189.288
0
0
-176.476
-0
-0
-158.743
-0
-0
-116.772
-0
-0
-89.4534
-0
0
-90.855
-0
0
-65.5908
-0
30.2366
0
-0
96.2121
54.9652
-0
37.7973
91.6264
0
64.0715
53.5523
82.3943
73.3739
27.5705
71.7498
201.976
91.6446
0
156.918
39.9368
0
235.43
-394.986
927.22
-43.0525
-0
0
-98.0856
-0
4.81444
-0
-62.9395
127.657
0
-35.4822
83.6868
31.1382
-60.6061
146.739
29.4391
-41.0688
127.311
38.1918
-0
31.8834
8.99864
-0
29.7245
0
-0
148.582
68.9129
