0.37245
-186.643
453.121
-350.307
494.947
32.0478
-209.226
156.169
-219.156
-169.334
-87.3688
166.509
-294.441
-372.233
-156.398
-672.516
359.481
247.361
-475.903
284.533
310.09
23.5003
15.549
136.403
-271.3
-33.7158
-3.98399
-348.678
-151.386
124.934
-582.23
163.339
-115.23
-534.597
151.739
158.66
-327.333
354.724
238.575
-20.6797
28.1842
80.8377
23.8824
-49.3904
3.54063
-247.13
51.9699
125.505
-198.575
-197.5
24.7946
-530.038
428.546
193.516
-458.154
201.008
-168.853
-322.814
-44.0416
-50.5779
-221.933
-185.486
427.971
-402.888
124.102
170.606
-135.915
-146.993
-164.211
-19.2275
89.9277
38.3353
-170.457
-46.3386
-79.4173
-178.991
-75.7087
0.63294
-398.142
324.352
-143.371
-421.99
358.527
206.776
-164.084
-334.415
183.015
-229.505
-211.206
-135.264
-428.536
29.9202
114.648
-236.86
-446.638
531.751
-370.089
227.603
172.012
-151.829
-140.922
-242.404
149.097
-373.549
-48.4072
-56.789
144.516
77.259
-108.638
-41.0359
-42.4154
-366.963
201.577
-78.4522
-221.861
-205.798
-292.34
-445.172
215.058
-51.9452
-247.725
-271.178
45.7715
-442.004
220.457
144.02
-246.611
-293.783
236.998
-231.977
-441.042
374.237
-451.245
126.434
-15.2297
-525.572
236.29
21.5079
-293.692
-310.411
443.071
-46.6538
-162.215
103.486
8.34209
-1.47815
-129.047
44.0564
17.8971
-60.6246
-130.424
172.331
-68.0633
-151.766
-116.502
-129.799
-268.068
-157.742
-69.812
-447.06
154.949
11.4519
-404.022
37.7335
125.751
-317.182
-226.267
41.7952
-499.056
171.812
24.4074
-265.69
-404.525
44.5826
-224.199
-465.726
325.945
-575.7
348.934
-51.8631
-425.205
-29.0048
33.8453
-368.782
-152.112
271.389
-419.888
-18.3869
-34.5583
-209.57
-71.6689
66.1343
-143.954
149.452
117.944
56.0928
-167.449
-48.3318
27.277
129.186
38.0278
-189.334
266.031
-104.169
-127.89
-135.147
-56.3005
-209.578
-138.123
94.3735
-250.927
-153.166
32.3343
-361.117
34.2475
3.3819
-156.521
-372.927
114.633
-450.304
319.199
134.38
-164.672
-268.27
111.142
-174.065
-227.826
197.555
-258.796
-16.2678
-352.738
-299.502
57.6701
-71.8554
-186.676
-253.442
63.7713
-416.555
219.559
-177.183
-182.418
-287.881
110.971
-192.02
-279.431
203.369
-338.561
210.257
125.065
-303.57
250.795
-22.3882
246.736
-712.783
-63.8362
-104.914
403.912
137.527
304.051
-314.513
-12.9015
-67.1569
141.749
-53.5439
282.662
-655.087
114.537
-55.1414
17.2563
240.298
-116.403
58.612
-10.0818
24.6865
-250.855
-84.2133
-161.759
117.593
-205.802
77.831
-454.344
18.1862
-67.7163
-207.012
152.663
-3.69033
-366.555
57.3712
-217.779
78.5806
76.9692
-185.049
-18.7678
11.4767
-112.614
-159.04
-186.799
-42.2676
-290.565
-126.657
-73.4314
-158.047
68.2756
-265.713
281.891
-199.626
-106.587
-110.65
150.754
-56.5686
-279.556
44.2568
-264.403
146.445
-83.8611
-127.388
-162.694
176.217
-80.5535
-245.182
89.0508
-115.829
-193.767
16.2741
-328.19
230.208
95.2894
-179.65
187.102
329.45
-128.488
301.946
125.391
182.746
-281.952
-209.751
-135.159
248.28
254.294
368.76
-850.613
-4.0114
-216
345.314
-147.667
-151.03
126.686
24.42
-238.581
272.492
-41.0613
115.365
-502.722
158.154
-5.89733
-263.567
97.5932
27.9697
-332.914
-5.55998
-142.807
20.8197
38.7739
-62.4887
-181.313
17.4815
-418.705
542.25
42.6047
-244.307
141.809
22.9994
-113.985
-201.768
-91.1854
-144.026
-181.827
-241.748
-46.5358
-415.604
228.138
-121.994
-245.265
162.641
-412.301
409.617
171.501
-136.017
-138.506
220.518
-180.092
-20.0697
72.7073
-85.7653
-170.802
108.307
-165.031
74.4661
92.7899
-191.729
224.819
16.7636
80.2547
-271.172
8.73697
-111.584
238.858
337.556
-179.835
576.359
372.564
-306.755
731.547
-172.55
264.4
-600.154
68.8272
-123.819
98.3715
-7.57161
13.0102
-246.701
-58.9089
-133.611
81.1525
-43.3083
47.3192
-324.49
-56.3154
-187.245
150.01
-14.9226
-190.147
185.475
22.9156
-115.385
-16.6953
213.108
-233.129
235.625
266.356
111.644
-559.132
388.439
-141.683
-51.4473
-39.8356
-137.273
-22.8058
-121.808
-83.6715
-93.1425
-64.1938
-148.314
139.277
-46.7369
-115.654
138.293
-16.0641
-59.4737
21.4312
-122.179
143.587
-372.963
-100.276
45.2088
-25.3165
172.08
144.421
-106.622
195.464
123.501
-6.90695
-86.0298
34.6973
227.766
5.55276
-229.765
749.307
282.916
503.979
-783.155
200.724
98.1707
382.146
479.981
-285.731
741.342
-276.896
-79.4296
231.555
-81.9685
-28.4265
107.965
-26.5248
79.2444
-138.524
-36.8309
-92.994
200.554
4.74774
-112.172
254.424
-10.6004
-98.0693
227.536
88.1775
121.095
-226.913
12.7646
254.872
-498.197
-88.5701
-290.137
688.355
-124.641
