-0
-159.17
0
-115.045
-0
0
-0
-0
52.3485
-0
-149.222
0
-435.094
-0
87.9658
-523.618
-0
0
-269.131
-0
162.989
0
-0
-0
-138.249
-0
0
-387.512
-0
0
-405.258
-0
79.4443
-438.394
-0
45.7266
-76.2794
0
147.132
0
4.46108
-239.016
-0
0
-0
-197.3
0
-0
-352.308
0
0
-371.79
0
0
-381.017
-0
117.213
-342.537
-0
105.508
-284.558
-0
6.78369
-253.111
-0
0
-0
-0
0
-0
73.5288
-0
-144.634
0
-0
-308.052
0
0
-303.164
0
0
-323.673
-0
0
-352.408
-0
0
-376.798
-0
27.4941
-395.886
-133.943
10.6132
-273.204
-460.586
128.671
-268.957
-0
0
-41.1801
-0
0
-0
-0
0
0
-0
0
-64.3875
-0
-0
-277.319
-0
-0
-309.91
-0
-0
-327.037
-0
0
-347.045
-15.7043
0
-370.553
-15.8622
0
-393.54
-0
9.77397
-304.524
-233.968
121.164
-350.336
-124.467
0
-350.991
-190.349
0
-348.481
-268.852
125.561
-71.3961
-0
6.41905
-0
-0
0
0
-0
0
0
-0
-0
-0
-0
-0
-282.242
-58.5953
-0
-250.275
-189.616
-0
-341.882
-0
0
-299.948
-68.2663
0
-316.366
-39.8918
0
-350.927
-3.13037
0
-295.85
-157.854
21.002
-297.767
-178.873
0
-352.686
-121.269
29.5961
-270.594
-287.77
41.9475
-344.887
-211.53
0
-233.1
-39.0576
0
-0
-0
0
-0
-0
0
0
-0
0
0
-0
-0
-0
-0
-0
-132.412
-183.384
-0
-237.095
-92.0598
-0
-237.321
-103.801
-0
-268.467
-60.3262
-0
-273.063
-36.7202
0
-278.043
-15.9004
0
-272.251
-27.3874
0
-250.927
-75.3367
0
-224.182
-120.194
0
-226.314
-183.558
0
-231.56
-198.633
0
-283.621
-107.2
0
-277.587
-125.83
0
-146.111
-229.676
0
-80.0715
-66.6369
0
-0
-0
0
0
-0
0
469.455
-0
0
28.8115
-0
0
0
-0
-0
0
-0
-0
0
-227.198
-0
-0
-180.47
-0
-0
-147.238
-0
-0
-258.81
-0
-144.307
-43.6042
-0
-61.0495
-276.857
-0
-168.312
-64.5157
-0
-133.01
-141.158
-0
-187.025
-51.6326
-0
-179.141
-53.2837
0
-205.88
-0
0
-185.337
-17.1912
0
-189.159
-40.5152
0
-144.218
-116.501
0
-144.1
-122.6
0
-102.987
-181.134
0
-185.387
-0
0
-158.405
-86.4028
0
-141.848
-85.6522
0
-0
-0
0
-0
-0
0
0
-0
0
0
0
0
52.1389
-0
-0
0
-0
-0
-0
-7.1872
-0
-0
-222.006
-0
-0
-201.201
-0
-106.54
-60.5845
-0
-96.9988
-103.555
-0
-107.665
-97.6729
-0
-112.238
-110.354
-0
-147.425
-60.8004
-0
-175.981
-0
-0
-189.833
-0
0
-199.19
-0
0
-185.883
-0
0
-176.445
-0
19.7179
-164.092
-0
35.0487
-117.245
-102.89
12.4799
-103.041
-116.978
0
-143.414
-0
0
-118.854
-0
2.76216
-16.2133
-0
24.2108
-0
-0
16.5635
-0
-0
6.29098
0
0
0
310.224
0
-42.4221
0
0
-0
0
-0
-0
-0
-0
-51.0064
-0
-0
-17.6106
-0
-0
-0
-43.7385
-0
-0
-68.3612
-0
-0
-99.1906
0
-0
-133.88
0
0
-166.919
0
0
-188.87
-0
0
-156.056
-0
0
-139.415
-0
0
-95.2304
-0
0
-78.7298
-0
0
-27.1809
-0
0
-0
-0
0
-0
0
7.87054
0
0
16.2999
0
0
52.4962
24.5192
0
13.7592
55.1274
0
0
0
0
0
0
0
0
-0
957.245
-0
-0
0
-0
-0
72.3081
-0
-0
101.161
0
-0
95.9025
0
-0
81.5685
0
0
94.9866
0
0
5.67276
12.0592
0
0
6.12828
83.9837
0
0
