-10.0603
-165.954
435.239
-340.751
469.21
19.7462
-217.01
154.056
-186.637
-171.19
-81.5166
160.751
-304.435
-349.329
-153.923
-649.374
307.614
261.49
-481.228
299.642
300.403
19.2773
22.3549
131.108
-275.148
-26.0946
-11.6055
-347.835
-151.711
119.25
-552.735
125.43
-129.93
-524.504
148.225
173.087
-326.066
359.922
253.552
-20.0902
28.4899
81.8133
14.9035
-31.5048
3.33274
-254.863
62.5543
121.468
-224.354
-147.11
-12.1941
-488.687
332.504
171.345
-447.989
169.592
-147.547
-338.053
-22.8253
-10.1284
-251.281
-129.227
432.994
-396.734
97.2456
164.372
-145.825
-133.965
-158.767
-23.5548
100.202
42.1221
-193.554
5.85948
-87.6442
-197.969
-49.6059
19.0832
-365.056
237.178
-130.371
-395.723
271.986
204.994
-196.693
-281.469
180.782
-262.058
-155.155
-119.78
-436.51
47.1334
113.755
-244.694
-428.911
489.356
-344.649
173.435
169.356
-150.302
-142.057
-213.248
125.835
-310.954
-64.3849
-35.5253
98.9658
63.9927
-124.551
-8.9446
-59.7436
-356.296
175.155
-54.9909
-237.059
-171.968
-252.768
-394.772
117.688
-16.0718
-245.174
-259.547
34.8555
-430.434
197.598
114.523
-275.361
-221.351
214.977
-243.286
-398.438
340.089
-435.637
101.895
-0.87667
-489.681
165.365
27.2705
-307.338
-275.09
400.46
-48.3263
-155.475
110.721
23.3059
-21.3599
-102.098
46.5576
16.9589
-62.7902
-127.031
158.833
-59.085
-171.142
-76.6449
-136.504
-267.007
-164.398
-62.4015
-428.556
118.235
7.17145
-394.966
21.0551
137.787
-308.859
-219.663
24.5349
-466.561
119.361
24.0169
-293.472
-326.075
42.8814
-252.072
-400.409
280.646
-551.196
291.786
-33.9226
-414.294
-54.8903
53.6702
-378.411
-125.531
257.208
-423.14
-22.6607
-28.2173
-211.192
-79.6722
52.0363
-114.302
84.6199
113.198
34.167
-114.982
-24.4647
29.5253
126.188
44.2148
-176.024
224.796
-87.7891
-153.715
-81.1827
-62.827
-215.311
-127.007
85.3777
-249.283
-151.201
18.2104
-327.979
-26.4935
14.3161
-190.971
-296.26
90.5755
-407.091
219.443
141.365
-189.321
-224.02
99.8342
-192.046
-202.928
172.512
-283.799
20.8382
-290.929
-293.325
33.7109
-64.7084
-204.21
-225.369
40.2266
-390.232
150.604
-153.578
-220.941
-219.286
124.005
-214.803
-241
191.533
-308.311
136.697
89.8982
-283.103
194.677
-34.6744
211.944
-641.923
-43.1447
-105.678
402.588
138.202
309.472
-310.699
-11.7095
-63.0463
134.124
-51.2395
269.109
-625.07
104.118
-43.3884
-5.09048
228.434
-91.7594
7.31674
7.24162
10.1718
-220.858
-56.9644
-140.968
72.4651
-180.287
42.5405
-376.142
1.08936
-71.5331
-199.213
129.989
-31.8133
-306.354
38.9034
-193.935
29.8374
62.1927
-149.072
-90.5996
-3.62389
-102.988
-183.956
-125.517
-63.0689
-248.345
-106.206
-88.1484
-137.214
58.3708
-256.623
251.635
-174.312
-120.728
-86.1104
122.321
-81.714
-221.936
44.9546
-229.777
74.4465
-48.3616
-130.05
-152.924
171.038
-99.9835
-204.235
70.8143
-146.189
-129.409
22.8951
-297.4
166.286
109.497
-173.674
168.908
300.266
-114.255
261.889
86.6558
154.216
-222.153
-210.861
-124.868
219.803
249.768
336.259
-785.168
-3.4453
-174.833
256.584
-139.379
-119.465
63.622
30.472
-228.157
253.576
-27.0961
63.582
-386.252
137.061
-8.18838
-252.308
90.4173
-3.93699
-261.536
-4.94767
-141.331
16.8914
40.4174
-61.3819
-184.667
18.2595
-326.161
348.335
60.8645
-225.834
103.352
3.22342
-130.045
-159.775
-68.67
-165.754
-125.139
-202.43
-75.0299
-340.265
194.882
-135.58
-206.275
145.757
-339.666
266.626
174.734
-139.836
-116.735
216.756
-176.544
-13.1023
79.0204
-116.387
-95.3717
121.784
-149.078
47.5523
99.5195
-165.845
181.761
24.302
52.1168
-198.781
16.2727
-120.715
265.15
313.319
-130.437
477.103
343.341
-240.262
603.091
-184.36
206.243
-476.612
33.5667
-112.568
74.1368
-11.9739
-18.6189
-181.407
-52.3628
-116.931
44.2355
-29.0147
14.2573
-255.518
-32.6106
-152.179
79.3725
10.7128
-151.733
112.519
14.433
-130.943
20.1576
185.736
-168.907
103.059
226.508
49.8485
-429.041
361.284
-164.706
-3.1158
-13.5695
-136.494
-22.1813
-89.2785
-88.8768
-79.3032
-76.8591
-121.599
86.3088
-75.8911
-81.4879
67.7629
-18.6797
-53.7538
11.4187
-91.7299
82.2823
-242.7
-69.424
46.2061
-18.6451
146.232
134.801
-83.766
168.024
148.615
-51.4052
-50.6288
19.1413
264.902
27.9203
-142.763
568.615
281.317
414.496
-592.883
202.512
153.437
263.948
477.22
-278.915
713.268
-284.698
-77.0403
217.655
-93.1815
-42.1537
130.402
-33.356
28.5286
-37.341
-21.1328
-65.6771
143.096
17.4294
-71.7658
165.415
-16.393
-89.6557
206.308
57.2423
79.8409
-147.407
1.43201
173.819
-333.825
-68.9481
-218.907
531.594
-99.4068
