-0
-176.64
0
-0
-0
0
-0
-0
0
-0
-122.734
0
-361.453
-8.57977
31.2417
-538.387
-0
0
-149.084
-0
138.272
0
-0
-0
-56.3735
-0
0
-393.838
-0
0
-395.889
-0
36.9568
-433.865
-0
86.1325
-0
0
44.5651
0
0
-202.462
-0
0
-0
-138.641
0
-0
-375.54
0
0
-367.634
0
0
-391.778
-0
66.5024
-339.649
-0
86.127
-282.663
-0
0
-183.026
-0
0
-0
-0
0
-0
0
-0
-64.6834
0
-0
-316.818
0
0
-297.283
0
0
-321.585
-0
0
-336.908
-0
0
-368.7
-0
0
-366.862
-184.63
14.9167
-292.387
-360.228
14.4714
-225.683
-0
0
-0
-0
0
-0
-0
0
0
0
0
-0
-0
-0
-249.916
-0
-0
-312.997
-0
-0
-325.256
-0
0
-346.226
-0
0
-367.146
-0
0
-375.493
-16.9192
0
-301.532
-235.506
104.363
-373.097
-77.4844
0.270252
-288.14
-337.991
47.5893
-392.54
-159.487
74.964
-17.8378
-0
0
-0
-0
0
0
-0
0
0
-0
-0
-0
-0
-0
-211.57
-7.09273
-0
-243.168
-218.489
-0
-337.564
-0
-0
-304.625
-48.9419
0
-321.523
-20.8575
0
-355.509
-0
0
-281.745
-182.087
0
-320.414
-122.706
0
-324.991
-189.323
7.14108
-265.84
-272.113
0
-338.37
-243.02
0
-203.237
-14.6949
0
-0
-0
0
-0
-0
0
-0
-0
0
0
-0
-0
-0
-0
-0
-24.3523
-173.964
-0
-234.549
-89.4363
-0
-195.855
-172.993
-0
-275.153
-19.6404
-0
-251.104
-60.3869
-0
-275.859
-0
0
-262.164
-24.3529
0
-235.501
-86.9922
0
-202.443
-150.667
0
-260.278
-89.8076
0
-162.855
-329.628
0
-306.309
-52.6476
0
-224.572
-236.184
0
-159.238
-192.638
0
-31.0984
-0
0
-0
-0
0
0
-0
0
542.862
0
0
21.5648
-0
0
0
-0
-0
0
-0
-0
0
-7.79098
-0
-0
-173.727
-0
-0
-126.705
-0
-0
-233.062
-0
-54.0423
-194.159
-0
-130.528
-119.13
-0
-108.198
-210.443
-0
-161.203
-79.1792
-0
-179.68
-69.838
-0
-190.183
-31.7878
-0
-208.24
-0
0
-194.819
-0
0
-162.36
-95.9959
0
-161.886
-74.2656
0
-159.353
-88.3499
0
-68.1075
-245.471
0
-181.077
-0
0
-115.971
-174.847
0
-113.432
-0
0
-0
-0
0
-0
-0
0
0
-0
0
0
0
0
56.838
-0
-0
0
-0
-0
-0
-0
-0
-0
-59.8957
-0
-0
-163.923
-0
-0.899728
-207.284
-0
-125.456
-10.5584
-0
-78.3784
-149.51
-0
-82.4656
-162.975
-0
-162.594
-4.97032
-0
-173.843
-0
-0
-190.664
-0
0
-202.418
-0
0
-187.609
-0
0
-176.727
-0
0
-162.814
-0
0
-139.922
-53.5509
0
-55.4716
-197.453
0
-145.237
-0
0
-62.1561
-0
0
-0
-0
0
-0
-0
0
-0
-0
0
0
0
0
267.709
0
-48.8828
0
0
-0
0
0
-0
-0
-0
-0
-0
-0
-0
-0
-0
-0
-0
-0
-0
-20.2774
-0
-0
-93.9684
-0
-0
-118.806
0
-0
-155.694
-0
0
-178.322
-0
0
-144.299
-0
0
-122.857
-0
0
-70.5836
-0
0
-0
-0
0
-0
-0
0
-0
-0
0
0
-0
0
0
0
0
0
0
0
0
0
0
74.5059
0
0
11.1565
0
0
0
0
0
-0
996.878
-0
-0
0
-0
-0
50.6222
0
-0
109.82
0
-0
79.2647
0
0
70.181
0
0
0
0
0
0
0
0
0
0
62.3914
0
11.514
