-0
-0
0
-0
-0
0
-0
-0
0
-0
-0
0
-0
-0
0
-0
-0
0
-0
-0
0
0
-0
-0
-0
-0
0
-0
-0
0
-187.49
-0
0
-0
-0
0
-0
-0
0
0
0
-0
-0
0
-0
-0
-0
-0
-0
-0
-0
-280.422
-0
0
-310.393
-0
0
-117.266
-0
0
-0
-0
0
-0
-0
-0
-0
-0
-0
-0
0
-0
-0
-0
-0
-0
-0
-0
-212.01
-0
0
-319.005
-0
0
-313.215
-0
0
-284.969
-0
0
-306.381
-0
0
-0
-0
0
-0
-0
0
-0
-0
0
-0
-0
0
0
-0
-0
-0
-0
-0
-0
-0
-0
-0
-0
-0
-275.239
-0
0
-298.693
-0
0
-312.858
-0
0
-330.387
-10.6257
0
-286.063
-290.403
0
-339.848
-98.083
0
-254.981
-0
0
-0
-0
0
-0
-0
0
-0
-0
0
0
-0
0
0
-0
0
-0
-0
0
-0
-0
-0
-0
-0
-0
-31.8404
-0
-0
-218.22
-206.496
0
-285.465
-0
0
-280.701
-57.5133
0
-225.214
-208.164
0
-284.864
-117.522
0
-258.555
-259.357
0
-293.393
-263.16
0
-94.0889
-0
0
-0
-0
0
-0
-0
0
-0
-0
0
-0
-0
0
0
-0
0
-0
-0
0
-0
-0
-0
-0
-0
-0
-0
-0
-0
-0
-428.218
-0
-254.506
-0
0
-217.227
-47.8943
0
-225.885
-34.6551
0
-160.803
-183.054
0
-174.35
-142.345
0
-236.833
-67.0421
0
-165.827
-334.903
0
-199.438
-83.467
0
-0
-0
0
-0
-0
0
-0
-0
0
-0
-0
0
-0
-0
0
123.893
0
0
0
-0
0
0
-0
-0
0
-0
-0
0
-0
-0
0
-0
-0
-0
-0
-0
-0
-0
-0
-0
-0
-0
-0
-0
-0
-0
-38.6486
-0
-0
-324.671
-0
-19.5307
-246.99
-0
-216.782
-0
-0
-184.303
-64.6346
-0
-181.732
-31.9077
0
-144.405
-136.428
0
-113.547
-155.633
0
-156.544
-0
0
-107.587
-0
0
-0
-0
0
-0
-0
0
-0
-0
0
-0
-0
0
-0
-0
0
-0
-0
0
0
-0
0
0
-0
-0
0
-0
-0
0
-0
-0
0
-0
-0
-0
-0
-0
-0
-0
-0
-0
-0
-0
-0
-0
-0
-0
-0
-0
-0
-0
-0
-0
-0
-0
-0
-0
-0
-59.8538
-0
-0
-88.2788
-0
-0
-99.0552
-0
-0
-0
-0
-0
-0
-0
0
-0
-0
0
-0
-0
0
-0
-0
0
-0
-0
0
-0
-0
0
-0
-0
0
0
0
0
0
0
-0
0
0
-0
0
0
-0
0
0
-0
0
0
-0
-0
0
-0
-0
-0
-0
-0
-0
-0
-0
-0
-0
-0
-0
-0
-0
-0
-0
-0
-0
-0
-0
-0
-0
-0
-0
0
-0
-0
0
-0
0
0
-0
0
0
-0
0
0
0
0
0
0
0
0
0
0
0
0
0
0
0
0
0
0
0
0
0
0
0
0
0
-0
0
0
-0
0
0
0
0
0
0
0
0
0
0
0
0
0
0
0
0
0
0
0
0
0
0
0
0
