-16.9601
-64.7466
0
-212.392
-0
0
-0
-0
239.207
-135.996
-61.4936
13.5859
-463.095
-43.1829
136.847
-526.074
-0
0
-370.738
-0
131.461
0
-0
-0
-201.031
-0
0
-372.557
-0
0
-417.508
-0
76.389
-419.316
0
32.8515
-217.846
0
247.389
0
60.1199
-222.396
-0
40.9451
0
-255.823
18.3278
0
-336.329
0.608327
0
-374.141
0
58.9108
-376.539
0
151.618
-346.974
-0
50.6791
-299.875
-0
123.723
-302.832
-91.8067
0
-50.4342
-0
-0
-0
172.356
0
-218.422
1.28914
0
-289.906
0
0
-299.023
0
5.02485
-330.368
-0
4.14316
-354.998
-0
88.0745
-375.256
-0
0
-414.298
-91.0253
25.4468
-276.403
-445.604
116.85
-279.293
-0
59.9267
-63.9539
-179.79
0
-0
-0
0
0
-0
0
-148.48
0
0
-282.493
-0
0
-308.588
-0
0
-310.773
-49.7247
0
-318.828
-76.4651
0
-368.521
-0
0
-389.037
-0
61.212
-339.917
-134.437
120.104
-331.575
-166.173
0
-348.736
-188.091
0
-320.774
-312.454
129.204
-105.413
-9.2829
41.2408
-0
-0
0
0
-0
0
0
0
-0
-129.8
-0
-0
-292.358
-85.4649
-0
-304.554
-95.4599
-0
-344.628
-22.4998
0
-303.017
-88.7629
0
-332.48
-25.1457
0
-342.541
-52.9552
0.696673
-326.04
-115.449
17.7488
-330.13
-137.414
36.5977
-365.156
-109.039
95.4716
-293.99
-261.637
80.2349
-330.795
-244.711
0
-247.653
-39.0139
0
-46.747
-0
0
-0
-0
0
0
-0
0
0
-0
-0
-92.8136
-37.09
-0
-180.024
-161.205
-0
-271.773
-33.2491
-0
-261.32
-82.0064
-0
-282.549
-55.6278
0
-280.952
-42.072
0
-290.349
-18.2251
0
-280.378
-39.5839
0
-264.236
-77.0161
0
-234.454
-127.301
0
-241.886
-171.717
0
-278.151
-114.793
0
-274.744
-126.171
0
-271.051
-144.292
0
-187.795
-125.262
0
-101.433
-177.865
0
-0
-0
0
0
-0
0
450.583
-0
0
23.8494
-0
0
36.764
-60.3337
-0
75.1795
-268.173
-0
0
-220.976
-0
0
-207.88
-0
-0
-184.649
-0
-31.8279
-189.32
-0
-86.8674
-151.985
-0
-97.2091
-162.946
-0
-132.073
-104.526
-0
-139.828
-99.4455
-0
-157.089
-82.3353
0
-144.623
-93.5679
0
-188.419
-0
26.12
-180.597
-0
4.71015
-153.669
-86.1135
0
-124.398
-141.094
0
-151.03
-92.6309
0
-125.222
-129.29
0
-178.073
-13.9265
0
-167.749
-58.2918
0
-162.464
-119.908
0
-35.2343
-0
0
-0
-0
0
0
-0
0
0
-0
13.4863
28.2309
-0
-0
0
-0
-0
-0
-226.602
0
-0
-227.156
0
-108.65
-45.0345
0
-68.0565
-169.544
-0
-122.075
-59.9987
-0
-133.484
-52.1638
-0
-124.416
-93.4585
-0
-153.715
-53.6733
-0
-185.855
-0
0
-159.773
-68.6787
0
-196.324
-0
0
-189.444
-0
54.769
-180.142
-0
64.5643
-140.035
-60.1538
48.7018
-139.512
-56.0289
42.0331
-119.715
-80.1318
37.6868
-150.976
-0
40.8298
-119.652
-0
43.8598
-79.4371
-0
33.7236
-0
-0
44.5349
-0
-0
24.7158
0
0
92.9373
230.373
0
-60.0319
0
-0
-21.0906
-0
-0
-62.8194
-0
-25.6625
-43.9232
-53.9919
-3.03223
-46.699
-69.4597
-0
-0
-79.8985
-0
-0
-88.0362
-0
0
-111.048
-0
0
-140.319
0
48.0369
-176.973
0
0
-192.96
-0
0
-175.091
-0
0
-154.471
-0
0
-114.667
-0
0
-89.3895
-0
0
-109.097
-0
0
-15.8298
-0
0
-0
0
61.5804
0
0
44.9646
16.8152
12.4859
61.2988
66.7977
0
6.18361
34.5367
0
123.438
0
0
0
0
0
0
-129.721
842.025
-0
-0
0
-0
-43.4777
125.173
-0
-20.0257
98.0022
0
-0
64.8592
0
-0
70.744
0
-0
67.6259
50.1014
0
95.8154
16.262
0
65.9871
0
16.729
13.9356
0
