-97.5353
-37.7867
230.82
-285.041
265.84
-79.6715
-217.324
114.531
77.4053
-174.02
-62.907
130.607
-413.226
-120.684
-20.0627
-541.706
25.8545
239.038
-491.217
268.622
173.752
2.64155
46.6224
80.2719
-250.511
-63.6043
-3.22547
-377.185
-55.7801
83.6912
-437.181
17.1758
-78.578
-478.186
145.257
139.168
-263.871
211.858
237.011
9.135
14.6806
47.5687
-36.6348
75.3635
31.9776
-242.797
30.182
15.4782
-329.862
52.2971
-83.876
-380.265
72.6053
47.0138
-409.231
60.4421
7.62303
-380.564
51.9749
112.985
-309.352
-27.5237
315.205
-325.302
-104.959
181.193
-218.609
-28.5528
-47.9966
-64.6174
187.271
21.5608
-244.216
103.473
-33.0129
-296.881
66.2229
56.7359
-322.096
27.1912
-0.629029
-365.477
52.438
104.845
-343.293
-60.5917
122.421
-349.557
-66.7408
3.13925
-398.9
-87.9411
79.2527
-361.273
-177.677
242.946
-221.134
-101.73
155.855
-146.296
-136.408
-60.0983
32.8405
-67.5536
-84.7272
31.2033
-38.3232
20.9886
-182.794
72.4157
-21.9911
-294.978
19.0469
15.19
-294.765
-42.4195
-28.1325
-304.108
-35.9343
54.2746
-296.481
-82.5409
21.0631
-337.36
-9.71434
39.2208
-333.259
-63.5248
122.607
-326.896
-136.287
100.782
-352.999
-91.9409
-5.31864
-348.899
-139.329
51.8069
-349.47
-183.172
206.122
-82.4844
-90.4862
147.877
34.7312
-33.0485
-7.15653
41.7533
1.52679
-40.5979
-65.1946
52.9435
-4.44034
-188.923
-40.7139
-60.452
-294.183
-92.6555
-42.0765
-334.687
-40.6972
-9.88404
-338.172
-43.0775
51.1189
-318.371
-61.394
-6.70747
-331.079
-43.0598
36.1194
-325.415
-102.275
57.8095
-330.804
-120.578
63.2199
-373.212
-60.8513
95.3807
-384.204
-99.8917
168.199
-354.037
-155.298
136.039
-387.538
-138.056
8.37915
-231.292
-80.1106
13.0287
-69.2499
-27.4907
84.3021
-31.3473
44.2248
56.117
16.3112
98.451
35.223
-75.718
9.26345
-36.6359
-175.138
-23.0057
-43.1525
-226.005
-70.872
-11.7894
-260.112
-79.1588
-20.1822
-268.654
-88.9283
-6.5375
-281.781
-71.3407
-15.991
-285.443
-57.6216
58.3435
-265.812
-81.4752
41.6884
-260.698
-90.4294
52.3001
-267.912
-70.3673
44.3754
-252.934
-82.4186
31.0062
-271.965
-93.5801
5.47693
-302.816
-50.5706
19.1863
-288.67
-85.8011
105.277
-271.422
-128.039
110.117
-196.352
-108.931
-0.930963
-164.009
-71.4019
-0.84012
-29.0239
-92.8087
19.2275
2.33284
155.232
109.965
323.409
-131.592
33.927
83.1522
-154.186
-20.4986
89.5629
-220.95
59.2496
44.5142
-166.314
91.9486
11.3367
-197.778
26.2961
0.495119
-194.119
6.11403
-42.7249
-124.871
-45.8586
-64.9111
-127.56
-29.4198
-81.1585
-162.646
-20.5237
-96.9779
-159.476
-24.5617
-127.636
-112.073
-3.52976
-127.312
-134.274
-16.8315
-125.953
-157.427
23.0028
-132.872
-133.686
-10.8716
-138.272
-102.138
30.7922
-151.016
-53.4657
18.9784
-160.141
-54.134
15.5338
-158.544
-65.4314
25.0493
-161.536
-70.136
52.5777
-145.472
-95.1044
79.6782
-154.559
-68.2736
46.8681
-188.774
-15.7869
59.8841
-207.129
-0.245972
133.709
-118.352
56.6288
94.9012
-37.7349
94.6098
30.8109
42.9659
38.0172
-95.1513
32.9659
66.763
256.861
104.871
-289.573
-44.9078
0.824243
-135.442
-26.4625
-49.8164
-90.1485
47.2637
-111.316
-7.59066
22.1641
-89.4597
-64.7073
40.0028
-88.1073
-89.3423
35.9822
-100.873
-68.963
32.4999
-113.713
-68.1171
36.2451
-111.745
-107.496
19.4189
-133.426
-87.334
56.6104
-160.814
-54.9755
9.26989
-169.714
-64.3754
40.7081
-175.186
-70.8134
4.96149
-161.674
-98.5077
51.1993
-165.939
-92.7005
101.841
-169.812
-58.8585
134.955
-171.141
-26.6713
126.286
-173.268
-1.04742
100.443
-159.637
5.9492
106.869
-128.956
9.28102
84.6802
-102.311
59.1671
39.937
-68.7092
73.8731
93.9125
-71.1402
155.624
142.144
-1.23348
216.712
191.514
13.2761
157.045
-164.851
16.2543
-44.4325
-65.3931
-52.8576
-30.5276
-48.102
-82.8246
-35.5263
-26.0397
-65.4533
-51.4016
-6.94752
-63.3466
-76.4894
24.9378
-83.0015
-41.9769
58.3685
-66.9371
-40.2409
25.1651
-70.5666
-78.4015
102.17
-62.8438
-99.0051
101.536
-101.767
-94.7443
166.494
-145.083
-27.868
95.9046
-140.419
-3.33508
9.41695
-117.617
-2.91363
-56.0672
-75.8114
1.67098
-66.3699
-42.402
-11.1969
-44.0407
-43.848
-8.20011
-32.305
-24.1362
-19.966
-11.1196
43.971
-6.3755
54.4793
99.8969
-19.2578
39.5761
120.745
14.7962
67.285
84.8987
101.452
79.9567
74.7081
73.9095
233.169
147.949
-43.4398
175.833
203.292
39.3475
374.829
-166.964
420.652
-150.295
-112.368
254.194
-138.447
-72.9235
170.55
-78.63
-55.7544
126.291
-4.48333
-47.4112
111.888
13.9176
-40.4619
101.141
4.52585
-30.649
93.6701
16.1358
-19.8717
60.2167
1.80524
-15.0089
54.8341
-11.0872
-1.71433
116.327
25.864
