-14.3429
-67.0103
0
-209.342
-0
0
-0
-0
230.674
-128.886
-69.6651
6.07693
-463.221
-39.8453
138.106
-525.568
-0
0
-367.049
-0
134.995
0
-0
-0
-198.474
-0
0
-372.632
-0
0
-418.271
-0
77.0169
-420.346
0
32.3043
-213.934
0
246.468
0
57.1443
-226.816
-0
45.5281
-0
-252.112
8.35899
0
-336.171
0
0
-373.055
0
57.8521
-375.924
0
152.201
-345.718
-0
49.987
-297.418
-0
119.198
-302.282
-88.4664
0
-41.1183
-0
-0
-0
168.433
0
-215.522
0
0
-290.628
0
0
-299.462
0
0
-330.376
-0
1.40773
-355.574
-0
87.7547
-375.629
-0
0
-415.574
-90.4196
25.2064
-275.39
-449.384
116.718
-279.678
-0
59.1844
-63.6387
-171.457
0
-0
-0
0
0
-0
0
-146.075
0
0
-281.506
-0
0
-309.025
-0
0
-312.789
-45.8129
0
-318.254
-78.7165
0
-369.809
-0
0
-389.948
-0
59.0909
-341.198
-132.384
119.06
-328.805
-172.74
0
-350.187
-184.745
0
-321.829
-311.57
128.716
-104.459
-7.67349
40.6709
-0
-0
0
0
-0
0
0
0
-0
-124.041
-0
-0
-292.808
-83.1918
-0
-300.749
-102.619
-0
-345.021
-20.0165
0
-302.487
-88.4347
0
-329.797
-29.3987
0
-343.596
-48.8804
1.41697
-326.609
-113.229
14.632
-328.18
-140.601
33.9241
-362.783
-113.008
92.5278
-293.123
-262.84
77.0662
-331.084
-243.858
0
-247.739
-38.3314
0
-44.6957
-0
0
-0
-0
0
0
-0
0
0
-0
-0
-90.0476
-30.1208
-0
-177.072
-167.914
-0
-272.386
-31.2021
-0
-258.689
-86.8886
-0
-283.153
-53.7546
0
-279.337
-45.1934
0
-288.222
-21.0199
0
-282.806
-32.7972
0
-265.725
-72.1462
0
-231.56
-131.977
0
-240.098
-174.225
0
-275.885
-119.275
0
-275.045
-125.609
0
-270.987
-145.064
0
-188.926
-123.832
0
-99.7823
-177.822
0
-0
-0
0
0
-0
0
451.522
-0
0
24.182
-0
0
33.5643
-48.3208
-0
72.0234
-265.223
-0
0
-220.817
-0
0
-207.022
-0
-0
-183.451
-0
-32.3004
-189.425
-0
-89.495
-147.588
-0
-96.7861
-165.681
-0
-132.922
-104.919
-0
-140.603
-98.969
-0
-156.32
-86.0507
0
-148.413
-87.4419
0
-189.365
-0
19.7604
-181.783
-0
3.12422
-158.072
-79.1711
0
-123.443
-144.829
0
-149.887
-96.7232
0
-124.329
-131.98
0
-178.242
-14.0495
0
-166.806
-60.2962
0
-164.476
-114.942
0
-31.8989
-0
0
-0
-0
0
0
-0
0
0
-0
3.62303
30.9397
-0
-0
0
-0
-0
-0
-218.163
0
-0
-226.842
0
-101.486
-57.3566
0
-73.3828
-157.539
-0
-119.387
-65.3615
-0
-133.282
-51.9311
-0
-124.434
-92.1539
-0
-150.216
-61.4345
-0
-183.576
-1.28157
0
-163.434
-59.4486
0
-196.398
-0
0.663496
-188.434
-0
53.4529
-179.705
-0
63.4388
-139.251
-59.7967
48.4598
-137.33
-59.7367
39.9018
-117.972
-82.7944
34.6967
-150.553
-0
36.9242
-118.945
-0
39.6158
-77.0284
-0
31.5533
-0
-0
43.6051
-0
-0
21.5657
0
0
93.8281
237.706
0
-61.754
0
-0
-17.0035
-0
-0
-63.2119
-0
-16.6296
-44.7619
-50.258
-2.70064
-46.6521
-68.0709
-0
-0
-78.1968
-0
-0
-87.2245
-0
0
-111.034
-0
0
-140.788
0
38.2384
-176.635
0
0
-193.158
-0
0
-174.7
-0
0
-153.788
-0
0
-114.303
-0
0
-88.8531
-0
0
-109.56
-0
0
-12.7787
-0
0
-0
0
59.419
0
0
42.9527
14.3566
7.65685
61.1999
66.5706
0
5.63638
32.9076
0
117.578
0
0
0
0
0
0
-122.081
849.946
-0
-0
0
-0
-42.9672
125.074
-0
-13.2515
87.1382
0
-0
67.2504
0
-0
72.8887
0
-0
68.4903
48.7167
0
98.8082
13.736
0
64.7679
0
21.9711
0
0
