-29.8964
-128.919
403.808
-325.571
422.879
-1.85155
-227.65
153.536
-134.551
-172.309
-76.9175
155.71
-326.08
-304.236
-138.626
-619.79
235.914
275.689
-488.974
313.665
274.319
14.9476
28.7213
123.162
-273.252
-29.1332
-15.8109
-353.009
-136.642
116.063
-517.061
85.6815
-142.04
-514.408
151.815
183.127
-316.291
343.956
260.841
-17.7414
26.9294
82.3665
4.0315
-9.15756
4.7763
-256.072
59.9754
111.418
-262.687
-71.1161
-54.371
-442.914
225.615
142.584
-438.529
137.009
-112.154
-357.206
5.36277
38.3811
-281.834
-73.4702
418.631
-381.373
46.1167
162.52
-163.823
-107.094
-141.975
-29.1906
114.027
44.182
-213.516
52.047
-93.1569
-228.442
-5.7416
43.5105
-331.694
140.934
-105.037
-371.815
180.784
195.911
-241.339
-205.867
171.483
-296.901
-98.4358
-94.2766
-431.158
33.575
102.059
-264.302
-380.418
420.481
-299.647
81.9551
167.594
-146.765
-140.622
-162.229
93.6862
-222.119
-79.806
-6.96315
37.1347
48.5461
-144.164
26.0104
-73.2203
-335.923
125.225
-26.6824
-259.268
-124.115
-198.439
-343.584
21.9364
23.603
-254.626
-215.096
16.2966
-408.468
153.365
79.2514
-305.221
-141.709
188.314
-264.414
-325.085
281.82
-408.701
46.7644
6.01778
-434.789
51.5355
35.8412
-322.719
-237.552
343.032
-55.3403
-137.054
133.735
35.7397
-31.2858
-60.1652
48.6062
15.1264
-63.7616
-118.972
133.127
-42.9842
-191.649
-36.4061
-131.73
-271.767
-159.995
-50.2109
-400.163
61.3973
-2.37228
-386.746
8.22678
137.54
-312.284
-178.989
-5.77953
-426.251
56.7024
24.1149
-324.085
-231.784
44.2596
-290.451
-305.925
211.774
-505.736
186.582
5.00374
-411.893
-66.0748
94.9278
-377.886
-125.367
225.087
-422.913
-44.2653
-22.5588
-217.216
-86.5933
24.8022
-82.9778
13.1823
108.982
0.344006
-34.8472
16.0665
28.6426
123.087
52.4333
-151.96
155.247
-60.7263
-182.407
-21.0997
-64.1014
-219.064
-117.355
69.4183
-253.289
-132.584
4.21106
-295.595
-79.2518
20.3747
-236.957
-191.822
45.7446
-356.165
100.313
142.863
-223.673
-161.754
82.781
-215.287
-171.07
134.098
-297.98
26.9457
-186.901
-283.608
-1.54106
-46.6952
-231.35
-179.347
12.7374
-358.489
69.8551
-107.379
-262.606
-145.749
126.508
-244.991
-190.828
169.656
-263.847
27.1944
37.5537
-251.799
109.826
-43.9159
141.832
-494.227
-13.439
-95.7461
376.485
132.787
311.757
-277.185
-0.62274
-38.03
83.2481
-45.2959
228.017
-534.472
87.0883
-13.3589
-64.518
202.862
-59.8536
-59.1942
30.2436
-2.964
-193.691
-19.4271
-108.368
3.14472
-134.231
-5.41026
-268.575
-19.9503
-74.3093
-190.518
88.6351
-61.808
-238.456
12.5892
-168.07
-21.391
37.6604
-120.638
-144.339
-22.7533
-97.8435
-199.618
-48.4902
-88.9404
-197.899
-82.6752
-105.177
-117.451
48.367
-227.203
171.53
-116.852
-139.06
-56.7889
83.5235
-109.923
-158.316
44.3134
-196.008
3.2409
-0.467047
-132.994
-140.283
152.746
-125.068
-149.203
57.9105
-177.539
-60.8094
35.0704
-260.539
90.9599
130.519
-162.657
138.648
241.122
-99.5251
216.946
34.4361
112.018
-133.251
-199.51
-104.021
171.915
240.246
278.01
-666.544
-2.2711
-111.243
119.681
-117.782
-79.0623
-17.7768
35.7551
-199.812
197.235
-7.69189
-2.97149
-235.919
104.413
-25.5076
-207.506
76.8448
-44.3638
-170.768
-3.71527
-127.667
-13.0031
38.33
-74.7484
-160.11
18.7609
-222.912
128.474
76.5786
-198.616
44.0723
-14.3747
-152.957
-102.518
-25.1497
-178.523
-84.7603
-138.656
-103.635
-258.986
147.028
-150.555
-159.238
135.146
-255.302
102.838
178.68
-152.955
-73.21
202.867
-172.722
-4.60988
90.7285
-141.952
-27.3211
128.266
-132.769
23.6553
106.254
-133.176
129.189
29.7341
4.82514
-81.7042
35.3839
-119.367
270.143
275.012
-70.6193
357.583
299.625
-148.439
429.482
-194.581
132.803
-317.456
-14.7821
-97.034
42.1888
-23.2586
-61.1611
-93.6128
-44.766
-97.6179
2.16982
-9.64869
-21.0939
-180.955
-3.47659
-114.628
4.15303
40.2216
-115.382
44.6716
12.5489
-129.807
23.8362
156.599
-97.0676
-42.999
176.321
-20.5152
-278.425
319.965
-175.92
25.2196
28.7825
-135.881
-17.7214
-54.9187
-95.2794
-57.4377
-88.7714
-98.1303
44.8705
-98.3415
-51.8097
10.8955
-28.3659
-44.5266
-1.92459
-61.7172
26.4721
-120.385
-40.817
48.3313
-10.59
116.263
129.565
-67.964
132.944
156.255
-54.7417
-1.29516
24.3291
260.596
56.6002
-41.8434
359.446
279.559
309.764
-368.274
203.151
218.046
129.982
471.535
-257.083
650.366
-281.252
-81.5181
216.157
-118.88
-58.5609
156.449
-46.613
-20.7078
59.8185
-7.72993
-45.7208
100.435
24.7255
-44.2237
102.447
-16.215
-70.644
163.136
28.2747
34.5668
-60.3066
-4.90578
85.1706
-155.315
-47.6074
-136.637
350.917
-67.9261
