-70.2138
-0
101.672
-257.442
142.587
-34.814
-102.686
0
197.988
-202.089
-0
71.6905
-453.258
-85.4225
45.5078
-536.47
-0
99.7707
-440.721
92.3206
192.099
0
0
0
-256.355
-0
73.0264
-406.541
0
32.7275
-433.114
0
0
-422.646
0
27.8839
-273.744
163.226
226.151
0
80.9366
-21.8897
-4.0438
10.1
24.4512
-246.496
17.1932
0
-380.084
140.773
0
-384.721
60.683
25.1449
-386.637
3.37929
82.9962
-383.114
0
48.7685
-345.109
0
233.871
-329.228
-117.507
37.4687
-188.281
-30.6937
-0
-38.0896
177.174
12.5639
-219.824
27.9621
0
-334.371
134.445
30.2508
-310.359
0
75.9946
-330.157
-0
85.5269
-350.587
-0
125.085
-371.798
-8.82624
0
-424.004
-57.992
13.4555
-307.481
-342.317
73.3172
-230.975
-93.9546
70.1716
-88.2158
-251.762
0
0
-0
0
5.71135
0
0
-164.1
11.8463
0
-292.435
-0
0
-320.512
-0
0
-321.248
-0
0
-287.774
-104.628
0
-329.611
-19.6184
0
-356.937
-0
137.477
-380.437
-5.53763
112.384
-336.151
-134.601
0
-283.523
-324.158
0
-315.098
-311.021
152.282
-134.177
-8.01711
49.3748
-0
-0
0
0
-0
0
-0
-0
-0
-195.154
-8.67924
-0
-274.23
-145.791
-0
-356.71
-0
-0
-365.481
-0
0
-347.52
-15.7926
0
-356.228
-2.76668
0
-326.067
-129.566
0
-339.74
-121.248
11.6227
-405.442
-11.0799
123.834
-399.824
-64.7503
211.596
-287.214
-292.995
136.107
-336.844
-246.053
0
-271.747
-0
0
-83.1119
-0
0
-0
-0
0
0
0
0
-0
-0
0
-132.316
-112.208
-0
-196.726
-120.992
-0
-263.47
-58.1495
-0
-293.108
-20.9282
0
-310.269
-0
0
-305.214
-6.28472
15.0104
-279.006
-52.9728
40.7811
-291.393
-30.6212
33.1299
-235.967
-158.201
17.312
-265.667
-82.4492
0
-267.177
-125.03
2.42384
-308.722
-32.0994
4.07353
-249.047
-160.914
3.82062
-290.178
-75.1262
0
-178.863
-123.121
0
-91.244
-212.387
0
-20.7671
-0
12.287
4.56001
0
6.59654
393.13
-0
0
65.747
-123.873
0
57.4662
-155.147
-0
87.0298
-264.647
-0
17.4945
-229.628
-0
0
-203.29
-0
-0
-211.188
-0
-43.0084
-169.314
-0
-47.1344
-226.633
-0
-94.2653
-151.442
-0
-117.351
-112.509
-0
-159.1
-48.1654
-0
-154.667
-72.2001
0
-133.213
-100.459
36.7124
-145.919
-58.3245
39.1899
-140.004
-52.9255
52.884
-141.202
-70.2986
29.8045
-131.524
-95.3549
15.4762
-181.015
-0
0
-132.47
-101.432
0
-181.188
-0.7558
0
-162.357
-75.4241
0
-166.414
-111.091
63.3525
-76.2825
-17.2518
26.4938
0
-0
11.0564
12.3446
-0
0
0
-0
250.73
0
-8.58499
-0
0
-159.331
-0
-0
-222.495
0
-53.1156
-157.63
45.8519
-139.224
-0
0
-49.9424
-212.397
0
-125.101
-45.6175
-0
-100.206
-124.397
-0
-166.254
-6.05726
-0
-187.389
-0
0
-197.823
-0
0
-167.878
-66.3238
0
-152.051
-115.411
24.8206
-199.626
-0
54.0624
-192.007
-0
69.3924
-181.567
-0
67.9245
-173.376
-0
92.6967
-148.988
-32.4714
106.214
-155.592
-0
119.836
-127.769
-0
107.772
-82.6223
-0
51.7366
-32.5482
-0
84.7809
-0
0
88.4343
33.5728
0
114.584
127.487
0.61787
-50.6931
0
0
-85.4923
-28.8824
-0
-49.0929
-88.6592
-3.25424
-45.7645
-0
-171.019
-49.6757
-95.3592
-0
-0
-106.354
-0
-0
-95.2309
-0
2.18159
-114.679
0
92.4462
-135.106
0
111.595
-174.995
0
25.9688
-187.275
0
0
-175.329
-0
0
-159.136
-0
0
-118.252
-0
0
-89.6535
-0
0
-93.4751
-0
0
-54.5688
-0
27.7824
0
0
100.844
29.7234
0
62.304
89.7698
0
82.4871
54.5393
65.5774
54.6809
53.4881
0
141.619
71.3287
0
132.091
0
0
63.7653
-269.706
757.608
-0
-0
0
-7.77639
-84.0453
180.354
-0
-33.505
83.568
0
-67.5578
159.801
17.2082
-3.94504
45.253
26.8749
-0
55.2049
53.1809
-0
53.9264
34.9052
0
41.6747
0
0
171.565
51.4425
