-80.3165
-24.8972
167.025
-284.405
262.481
-31.0016
-156.668
0
120.552
-177.626
-50.7878
109.025
-447.762
-65.0304
0
-532.908
-0
116.576
-449.642
148.788
238.601
2.36638
0
31.4481
-261.232
-0
26.967
-409.395
-0
32.3334
-437.42
0
0
-426.635
0
50.5611
-295.389
229.859
250.649
0
41.7872
-0
-21.8849
51.8298
21.2664
-248.724
21.3243
0
-366.426
105.708
0
-387.076
68.9936
22.217
-384.186
0
63.0149
-397.038
41.3719
45.1621
-341.818
0
268.466
-326.514
-124.636
82.3184
-204.536
-32.2306
-0
-55.9997
191.729
15.9545
-220.09
30.4661
0
-333.063
137.659
25.3937
-311.846
0
55.756
-333.082
0
84.6881
-359.119
-0
139.586
-366.798
-25.16
0
-417.705
-63.6536
30.21
-327.926
-281.735
99.2486
-222.814
-101.835
76.1467
-86.3438
-263.583
-0
0
-0
-0
14.2533
0
0
-175.429
36.3972
0
-293.649
0
0
-321.909
-0
0
-323.34
-0
8.22901
-277.248
-128.813
0
-335.958
-8.25563
0
-357.214
-0
140.266
-373.257
-27.2719
99.3615
-354.112
-101.588
0
-290.42
-312.426
31.0826
-321.324
-298.24
163.895
-139.019
-3.07565
54.5736
-0
-0
0
0
-0
-0
-0
-0
0
-194.609
-28.5163
-0
-288.745
-113.928
-5.17522
-356.572
-0
-0
-365.187
-0
0
-343.184
-24.5208
0
-351.996
-9.18866
0
-321.767
-139.212
5.79405
-342.359
-121.194
27.1743
-408.934
-8.98997
134.662
-400.881
-72.3829
222.219
-297.231
-278.384
144.75
-360.854
-196.418
0
-274.145
-0
0
-88.2158
-0
0
-0
-0
0
0
6.07726
10.2324
-0
-25.5344
0
-139.941
-101.218
-0
-197.762
-120.954
-0
-276.481
-33.2429
-0
-291.718
-25.0353
0
-311.927
-0
8.92788
-309.248
-0
15.0078
-263.259
-89.9462
47.3732
-278.915
-59.9536
52.4406
-242.277
-144.629
30.8017
-269.081
-69.797
0
-260.363
-131.554
0.145493
-313.861
-12.2195
1.05423
-251.785
-147.869
18.7645
-297.84
-49.1334
15.7958
-183.586
-107.25
0
-80.0779
-229.311
0
-32.2706
-1.90886
0
26.6748
0
18.2481
367.336
-20.5422
0
78.1056
-162.184
0
46.9531
-137.573
0
74.9894
-242.248
0
16.0774
-226.93
0
0
-211.217
-0
-0
-219.032
-0
-50.5665
-162.545
-0
-45.0933
-238.109
-0
-104.208
-136.089
-0
-130.995
-91.1391
-0
-156.947
-57.8769
0
-157.404
-70.4433
0
-133.016
-103.794
45.2281
-125.994
-100.196
45.5708
-133.233
-64.745
40.7567
-149.24
-48.7189
15.2194
-133.378
-86.9856
11.6445
-177.491
-1.22829
0
-131.962
-98.4138
0
-178.762
-0
0
-171.596
-49.4918
0
-162.164
-110.192
90.6717
-84.7981
-0
41.3421
0
-0
26.2869
32.2922
-0
0
0
-0
242.111
3.62943
-54.8139
-0
0
-156.698
0
-0
-225.196
29.2359
-80.2
-101.147
43.7188
-114.336
-46.8094
0
-55.4116
-193.68
0
-108.124
-75.4878
-0
-112.449
-91.3097
-0
-168.669
-0
-0
-185.425
-0
0
-195.36
-0
0
-151.952
-100.761
0
-155.154
-107.689
20.2865
-199.784
-0
42.3591
-193.819
-0
65.9863
-184.628
-0
65.2273
-175.679
-0
91.1051
-154.901
-28.4876
103.747
-158.492
-0
118.573
-130.574
-0
118.531
-82.8923
-0
49.25
-38.8659
-0
95.7651
-0
0
106.599
17.3969
73.9126
125.313
98.6174
41.3985
-85.2362
0
-0
-87.2417
-41.261
-0
-48.6966
-74.2596
-42.9273
-49.2159
-8.33346
-162.306
-50.8194
-99.4854
-0
-1.45732
-109.002
-0
0
-95.7484
-0
24.1132
-115.469
-0
98.4489
-133.802
0
116.935
-174.344
0
30.55
-186.081
0
0
-175.35
-0
0
-158.364
-0
0
-117.316
-0
0
-89.6245
-0
0
-92.2704
-0
0
-62.534
-0
13.7555
0
0
98.0171
39.7501
0
50.4778
89.1403
0
72.6584
52.5986
71.3821
59.4713
39.2405
28.2485
165.169
84.4819
0
141.798
0
0
129.153
-334.071
849.365
-0
-0
0
-53.5179
-45.0293
97.7491
-0
-44.2893
97.0973
0
-33.02
84.338
34.3148
-68.0801
170.731
29.9095
-0
50.9479
41.5635
-0
43.3613
38.8549
-0
36.4218
0
0
162.884
64.2834
