-37.0658
-30.793
0
-225.108
0
-0
-0
-0
269.267
-178.464
-9.56803
51.1958
-468.96
-51.3644
130.827
-532.378
-0
0
-395.019
0
121.28
0
-0
-0
-218.702
-0
8.97468
-377.595
-0
0
-411.894
-0
72.2188
-411.032
0
24.5833
-224.757
0
238.853
0
70.6711
-175.387
-0
30.0084
0
-271.859
46.2175
0
-358.441
61.3507
0
-378.338
0
38.686
-386.452
0
156.457
-360.35
-0
57.5865
-322.151
-0
152.446
-311.738
-111.056
0
-114.503
-0
-0
-0
157.768
0
-243.572
63.793
0
-288.928
0
18.5088
-300.235
0
60.253
-330.333
-0
17.8036
-351.277
-0
85.0236
-372.538
-0
0
-411.537
-90.6522
21.5877
-288.193
-411.765
96.7058
-268.809
-19.0374
56.087
-69.6999
-225.457
0
0
-0
0
0
0
0
-156.229
0
0
-289.882
-0
0
-305.844
-0
0
-294.364
-75.1016
0
-336.47
-17.6284
0
-336.431
-45.9392
0
-377.578
-0
86.9825
-346.658
-102.965
119.429
-338.994
-139.636
0
-327.527
-232.279
0
-313.704
-319.999
124.492
-110.288
-21.7037
40.3825
-0
-0
0
0
-0
0
0
0
-0
-162.011
-0
-0
-282.214
-112.615
-0
-336.7
-37.1654
-0
-337.852
-46.164
0
-318.017
-65.2843
0
-352.283
-0
0
-338.576
-71.6812
2.72556
-319.71
-137.548
8.4627
-353.484
-93.1901
61.8971
-372.599
-98.7226
131.524
-297.423
-255.252
102.67
-328.408
-249.373
0
-241.474
-54.1247
0
-59.0118
-0
0
-0
-0
0
0
-0
0
0
-0
-0
-112.758
-63.6912
-0
-189.42
-140.719
-0
-264.851
-51.1375
-0
-284.398
-36.85
-0
-278.368
-66.6048
0
-291.855
-22.6602
0
-301.855
-0
0
-286.594
-31.6108
0
-248.126
-124.019
0
-243.154
-125.298
0
-259.731
-145.806
0
-296.638
-80.1471
0
-274.111
-129.378
0
-268.067
-148.307
0
-182.504
-132.679
0
-113.193
-176.78
0
-0
-0
0
0
-0
0
450.394
-0
0
21.7487
-0
0
64.6031
-146.553
-0
92.4496
-282.561
-0
0
-216.218
-0
0
-208.146
-0
-0
-189.52
-0
-27.1933
-190.993
-0
-71.0939
-175.765
-0
-94.3619
-155.29
-0
-117.597
-119.892
-0
-148.952
-70.6478
0
-149.715
-83.6391
0
-143.146
-86.7404
0
-179.988
-1.88934
32.3821
-145.373
-61.3861
43.7742
-151.923
-73.2234
29.8115
-124.684
-128.125
0
-158.532
-63.9723
0
-134
-105.697
0
-175.317
-17.0213
0
-166.689
-61.0723
0
-154.442
-139.662
0.474643
-55.9399
-0
0
-0
-0
0
0
-0
0
0
-0
66.3607
20.0761
-0
-0
0
-57.1257
-0
-0
-227.206
0
-9.37846
-217.231
0
-136.669
-0
0
-49.7604
-211.246
-0
-125.068
-52.0953
-0
-133.047
-53.9942
-0
-122.161
-101.475
-0
-180.805
-0
-0
-191.478
-0
0
-174.386
-46.4602
0
-155.66
-93.2771
22.6654
-193.296
-0
51.2936
-183.167
-0
58.672
-166.238
-11.4395
59.229
-139.244
-57.296
58.3141
-132.441
-55.4928
64.1568
-150.708
-0
71.8099
-121.237
-0
69.2152
-85.5782
-0
48.1195
-4.48346
-0
52.2699
-0
-0
44.2803
0
0
91.4254
184.442
0
-55.9296
0
-0
-40.4617
-0
-0
-56.6157
-44.6844
-16.6104
-43.0874
-33.7121
-67.4257
-51.973
-82.2434
-0
-0
-90.8815
-0
-0
-94.0705
-0
0
-113.735
-0
25.2283
-138.657
0
92.8299
-176.245
0
0
-191.71
-0
0
-176.825
-0
0
-159.041
-0
0
-117.28
-0
0
-91.4347
-0
0
-105.494
-0
0
-30.6259
-0
9.66913
-0
0
76.0475
0
0
62.7285
50.1489
11.6109
69.0658
55.4491
30.9642
31.5171
51.9983
0
123.643
12.3727
0
57.9212
0
0
0
-182.851
803.235
-0
-0
0
-0
-42.4026
114.549
-0
-65.3738
171.764
0
-0
49.9034
0
-0
57.2793
8.14326
-0
62.6804
55.3021
0
80.3309
28.9333
0
60.8214
0
0
92.7589
0
