-62.8117
-74.7874
343.931
-304.205
349.193
-34.7236
-236.411
152.407
-54.2918
-171.826
-75.4181
150.934
-365.295
-223.822
-96.2951
-583.406
140.978
275.477
-496.872
314.584
226.813
10.2379
33.4064
110.951
-262.535
-47.1672
-14.6272
-366.324
-96.3803
107.954
-475.861
48.6962
-134.791
-501.864
160.074
175.944
-291.197
289.477
256.115
-7.97314
15.5108
78.1974
-12.8396
28.4006
11.2305
-249.464
45.0571
76.8455
-305.404
12.5529
-89.8386
-402.381
129.781
101.884
-427.224
101.357
-57.4316
-374.883
36.4226
84.2581
-301.604
-40.3169
377.233
-354.067
-31.2281
176.359
-193.256
-60.9991
-103.264
-44.2969
145.66
35.1608
-229.33
82.9193
-80.0431
-269.508
46.9666
64.6978
-313.711
58.4874
-60.2344
-363.805
107.121
163.919
-295.612
-122.613
152.372
-327.472
-66.578
-51.1614
-411.962
-24.2605
81.7547
-308.23
-279.728
330.325
-246.32
-28.6759
165.853
-144.005
-135.172
-100.966
60.4781
-130.629
-88.9731
20.333
-20.8194
36.0812
-167.265
58.4976
-61.5478
-311.11
61.4354
1.0178
-281.893
-76.2364
-119.998
-312.708
-29.7272
55.0935
-277.471
-141.216
2.36811
-372.834
75.1749
48.2642
-326.912
-81.2196
156.078
-298.931
-218.737
190.71
-376.048
-33.2644
-4.58003
-376.862
-75.7475
46.1035
-338.973
-204.42
277.987
-68.6447
-110.255
161.908
39.1645
-29.0679
-20.3126
46.7761
12.5879
-58.7486
-100.877
93.2127
-18.9935
-199.965
-22.9419
-101.846
-286.605
-128.783
-38.1119
-365.481
-2.25881
-9.78272
-371.634
-8.28781
108.378
-324.205
-107.28
-29.023
-380.929
0.102694
30.8589
-340.561
-146.241
50.1542
-327.499
-193.492
123.364
-438.799
43.7597
59.3589
-411.962
-68.1826
152.025
-366.793
-150.159
175.87
-413.46
-88.6152
-16.6961
-228.351
-85.3198
-1.92116
-67.1964
-28.8859
100.45
-29.3575
34.9248
53.1729
21.2669
117.939
54.1767
-116.372
67.2437
-32.6797
-192.103
1.90297
-53.2671
-223.407
-97.6297
39.0935
-261.552
-97.3974
-7.2651
-276.129
-96.8809
13.5517
-274.648
-99.4443
-3.60411
-311.465
-2.23375
120.171
-254.959
-102.83
60.0843
-242.568
-126.071
87.7712
-287.378
-18.7911
-49.5569
-267.344
-47.3901
-9.65142
-259.576
-124.053
-7.53993
-328.018
0.750973
-39.9606
-289.379
-93.4318
115.451
-269.994
-144.578
137.805
-219.708
-75.8088
-10.0223
-206.699
2.20026
-37.2697
42.8156
-274.645
9.55457
-58.4538
289.292
118.015
311.639
-199.248
24.2589
21.5785
-37.4364
-33.9524
153.124
-367.138
68.377
27.6038
-143.163
155.215
-21.8153
-136.733
42.9458
-5.0624
-187.602
12.3144
-68.9842
-76.0906
-75.865
-48.097
-168.244
-33.6546
-76.3994
-177.472
28.0141
-83.1324
-185.96
-17.1969
-143.262
-70.2382
10.5816
-116.331
-147.64
-30.6813
-105.936
-186.173
11.7768
-110.651
-160.083
-54.9439
-122.18
-103.732
41.1796
-179.051
43.6153
-34.3801
-153.775
-39.9522
41.6228
-137.044
-98.8046
36.317
-170.89
-47.8315
44.2738
-137.224
-120.115
118.519
-145.723
-96.5736
54.826
-194.231
-15.896
53.5975
-229.965
34.949
149.729
-142.957
97.7913
157.019
-76.1159
160.747
3.21655
63.7342
-24.9122
-162.604
-52.47
97.8129
229.581
191.441
-485.618
-10.6152
-38.932
-39.0461
-74.4775
-50.4855
-78.0893
41.4059
-151.503
92.9924
7.62487
-61.1038
-109.144
63.0423
-58.5643
-135.843
55.487
-81.3463
-93.4839
8.73194
-114.479
-48.0895
35.2723
-96.4741
-124.483
14.7249
-150.691
-34.7206
73.5017
-172.647
-18.7429
-12.5487
-170.372
-61.6491
27.6965
-178.212
-73.9522
-58.7061
-133.768
-174.485
91.4068
-161.03
-120.313
127.685
-192.617
-17.9677
172.845
-167.344
-34.1029
171.187
-173.119
4.21497
105.484
-155.199
7.02457
123.344
-125.626
13.6674
103.698
-111.091
91.5188
32.1327
-45.3215
34.9956
71.5821
-98.2526
226.686
219.063
-24.8595
266.197
250.803
-54.7724
261.115
-192.265
61.0978
-155.749
-54.3978
-74.8383
1.00233
-38.492
-90.0489
-31.7474
-36.3206
-80.2837
-31.9159
0.256051
-51.1724
-114.255
19.9446
-91.828
-37.1236
62.9855
-87.6607
-5.76269
19.9576
-98.4643
-33.607
129.995
-56.062
-121.602
128.069
-73.9424
-160.356
255.167
-165.505
11.7397
79.2772
-139.477
-3.30534
-22.2457
-106.272
-24.1862
-87.9443
-80.3122
16.6567
-96.0537
-37.8683
-12.2365
-43.5744
-39.6055
-6.67425
-42.3202
-7.59783
-44.1211
-22.746
52.4851
-10.702
89.0134
123.826
-53.7898
89.7246
142.424
-15.4672
47.5694
54.6288
196.135
78.015
40.1823
182.498
272.22
217.988
-173.169
197.86
254.421
39.2212
451.645
-217.378
547.727
-241.555
-98.2002
238.926
-152.775
-69.0998
169.837
-67.4332
-50.1689
115.811
0.19744
-44.2371
98.3464
21.5447
-39.4511
90.469
-7.5407
-45.4029
111.327
13.5972
-1.19368
11.1464
-1.63636
14.4924
-12.6538
-30.3956
-60.0595
194.181
-27.5082
