-89.6261
-42.2821
267.239
-289.014
287.74
-66.4013
-228.088
131.496
35.6788
-172.683
-68.9211
138.949
-401.213
-147.456
-43.6137
-552.494
55.9226
254.082
-496.085
289.744
187.001
4.8037
41.3028
91.7119
-253.199
-60.8721
-8.12567
-375.337
-64.3459
92.817
-446.259
24.8973
-100.194
-486.242
154.333
151.197
-269.282
232.195
244.691
4.55245
9.60239
60.8931
-30.7598
65.7955
24.611
-243.717
32.7461
32.2983
-326.071
48.3732
-92.4178
-384.29
84.1343
62.0054
-414.621
70.9079
-9.44516
-380.545
50.1352
107.325
-307.867
-30.2708
333.99
-332.064
-88.4504
184.958
-214.451
-31.6031
-63.0038
-60.2949
177.803
23.9679
-241.084
99.8388
-47.8544
-292.806
66.1249
62.7845
-318.318
29.522
-16.3483
-366.077
66.3674
122.229
-332.902
-74.2078
131.835
-344.862
-65.2563
-11.6709
-400.946
-73.6907
76.4237
-349.236
-198.285
265.523
-224.394
-86.3893
160.014
-145.133
-134.871
-69.3038
40.1848
-82.0854
-88.0544
30.346
-38.7952
26.3915
-179.998
70.9514
-33.1555
-297.967
26.6565
13.9995
-292.37
-49.7656
-50.8328
-305.26
-35.8733
58.5696
-292.35
-94.6476
12.6503
-345.052
10.2283
38.783
-332.911
-63.6033
131.252
-321.253
-152.406
120.411
-357.881
-80.0015
-10.0607
-352.908
-130.319
50.8094
-347.837
-187.33
227.54
-78.9725
-94.7143
158.158
36.6188
-31.2809
-8.62851
42.5751
6.46455
-47.5951
-77.5472
62.8153
-6.45778
-192.74
-35.925
-70.6638
-294.26
-100.385
-38.945
-342.494
-32.9167
-10.6305
-348.212
-32.9753
66.9073
-322.976
-67.1964
-17.0924
-344.365
-32.5938
35.8656
-332.216
-109.174
56.2624
-334.404
-132.72
73.4229
-389.496
-39.3418
89.5382
-394.836
-88.6047
171.967
-357.954
-156.476
145.006
-395.89
-126.575
-1.91722
-232.315
-80.7491
3.95516
-68.2155
-29.8765
89.4237
-33.2806
46.7047
58.402
16.0735
106.344
42.5797
-87.3194
19.5262
-31.1976
-180.93
-14.696
-43.9575
-226.684
-75.8973
2.98027
-261.957
-80.9509
-17.5627
-270.47
-91.1797
-0.722471
-282.834
-72.5895
-16.9232
-291.046
-46.8681
77.1518
-265.271
-83.0724
45.8466
-258.006
-96.6132
59.7876
-272.614
-59.4161
28.3954
-255.808
-75.7008
22.1608
-270.88
-97.0173
-2.35854
-309.31
-37.0279
5.57346
-291.063
-83.3844
108.094
-273.268
-129.535
116.168
-200.692
-106.576
-10.398
-173.793
-58.4549
-13.0911
-15.2519
-131.561
16.2845
-14.5824
191.29
111.057
319.498
-144.992
35.6664
69.8027
-130.732
-24.3055
102.622
-251.084
60.9501
43.0043
-166.296
109.502
5.08243
-187.441
33.4955
-0.604958
-193.1
12.7649
-47.5038
-115.807
-49.3345
-62.7262
-131.628
-32.2706
-79.2347
-166.074
-11.9512
-93.189
-164.447
-26.1737
-129.902
-102.606
-0.704716
-123.727
-136.633
-21.8051
-119.708
-164.989
24.1406
-126.238
-140.306
-23.929
-133.518
-102.043
34.0434
-154.591
-34.3279
10.0488
-158.694
-47.7607
19.3962
-153.892
-69.654
26.8217
-162.024
-67.1115
54.7387
-142.719
-101.716
90.1951
-152.909
-73.3867
50.0848
-191.738
-11.7865
60.9465
-213.061
8.97878
143.578
-125.046
67.9013
107.135
-48.6628
111.921
19.4861
44.6142
28.5181
-116.637
9.0221
66.3433
244.683
125.75
-340.306
-33.5216
-4.70111
-120.117
-37.6774
-48.4537
-88.9586
46.4798
-119.781
15.6987
16.2551
-84.8006
-68.4245
42.1241
-81.7913
-96.8462
39.8941
-97.2604
-70.8446
26.9088
-113.202
-63.7563
36.0768
-108.062
-111.395
16.3404
-134.173
-81.7342
61.4601
-162.945
-47.7275
3.05076
-171.31
-60.6749
42.7031
-176.369
-71.1122
-8.64999
-155.815
-115.488
58.872
-164.712
-100.551
111.567
-173.143
-54.2742
149.514
-171.613
-25.6551
139.099
-174.272
2.93102
104.452
-159.253
8.76953
112.66
-127.796
11
90.6759
-104.174
68.5778
36.4984
-65.8979
72.7209
92.2453
-78.1082
175.146
163.963
-6.83895
228.772
210.061
-2.88755
178.767
-175.547
24.2624
-66.537
-64.0394
-58.0304
-24.7781
-46.0269
-87.2365
-30.8188
-28.3115
-69.22
-47.767
-4.35758
-62.18
-83.3421
25.5232
-85.4782
-41.1575
62.8741
-71.5446
-33.1978
24.3429
-75.1467
-73.24
109.957
-58.0101
-111.196
106.416
-95.8368
-109.111
191.419
-150.005
-17.5102
97.8119
-141.235
0.497193
1.52136
-115.413
-4.70414
-68.538
-75.0857
4.2736
-76.5156
-39.5086
-12.4894
-46.149
-41.787
-7.22707
-35.0563
-20.141
-23.1546
-13.7552
48.4661
-9.07029
65.4677
108.408
-30.3821
52.0336
126.978
9.37319
65.9115
78.6805
126.551
80.3573
70.3899
96.3045
248.821
165.642
-73.2034
183.444
226.329
32.3909
403.617
-182.378
458.514
-178.846
-110.759
255.095
-151.559
-71.8724
170.222
-79.0385
-55.5628
125.225
-1.38626
-47.5983
109.567
16.3084
-40.9457
98.4038
1.3321
-33.2805
94.0775
14.853
-16.8061
49.3081
1.22231
-11.2042
43.4752
-17.357
-15.9576
128.388
11.8062
