0.359463
-186.616
453.097
-350.294
494.914
32.0319
-209.237
156.165
-219.112
-169.337
-87.3592
166.499
-294.452
-372.205
-156.399
-672.481
359.406
247.383
-475.91
284.557
310.081
23.4935
15.5601
136.396
-271.308
-33.6986
-3.99834
-348.674
-151.392
124.922
-582.184
163.278
-115.254
-534.58
151.729
158.685
-327.334
354.741
238.603
-20.679
28.1846
80.8394
23.8681
-49.3619
3.53947
-247.146
51.9946
125.499
-198.611
-197.432
24.7372
-529.973
428.395
193.483
-458.137
200.956
-168.824
-322.837
-44.0097
-50.516
-221.979
-185.395
427.988
-402.882
124.07
170.595
-135.928
-146.978
-164.207
-19.2355
89.9455
38.3411
-170.496
-46.2511
-79.4307
-179.017
-75.6748
0.659506
-398.089
324.215
-143.355
-421.947
358.389
206.774
-164.131
-334.341
183.014
-229.556
-211.116
-135.242
-428.556
29.9623
114.652
-236.868
-446.62
531.695
-370.057
227.533
172.007
-151.828
-140.924
-242.368
149.064
-373.462
-48.433
-56.7587
144.451
77.2391
-108.663
-40.9844
-42.4431
-366.951
201.548
-78.4167
-221.881
-205.752
-292.281
-445.091
214.902
-51.8888
-247.715
-271.176
45.7583
-441.99
220.429
143.975
-246.657
-293.671
236.963
-231.992
-440.984
374.191
-451.225
126.408
-15.2036
-525.524
236.196
21.5163
-293.713
-310.355
443.01
-46.6542
-162.21
103.489
8.36691
-1.51477
-129.012
44.0603
17.8961
-60.6282
-130.42
172.314
-68.0515
-151.795
-116.44
-129.814
-268.065
-157.754
-69.8026
-447.035
154.9
11.4489
-404.006
37.7039
125.776
-317.161
-226.275
41.7748
-499.007
171.733
24.4075
-265.733
-404.406
44.5782
-224.239
-465.634
325.881
-575.669
348.863
-51.8444
-425.183
-29.0546
33.8677
-368.802
-152.056
271.375
-419.895
-18.3851
-34.5477
-209.571
-71.6815
66.1181
-143.908
149.353
117.935
56.0643
-167.38
-48.3029
27.2816
129.181
38.0361
-189.317
265.978
-104.148
-127.928
-135.068
-56.3123
-209.589
-138.103
94.3616
-250.922
-153.17
32.3123
-361.064
34.1489
3.40136
-156.57
-372.82
114.605
-450.238
319.049
134.392
-164.705
-268.21
111.126
-174.092
-227.786
197.521
-258.84
-16.1955
-352.657
-299.493
57.636
-71.8478
-186.699
-253.407
63.7353
-416.516
219.454
-177.155
-182.478
-287.773
110.996
-192.053
-279.374
203.354
-338.52
210.159
125.017
-303.541
250.716
-22.4089
246.696
-712.703
-63.8086
-104.918
403.917
137.53
304.061
-314.518
-12.9032
-67.1577
141.752
-53.5415
282.651
-655.063
114.524
-55.1306
17.237
240.284
-116.367
58.5372
-10.0579
24.6636
-250.808
-84.1756
-161.731
117.531
-205.77
77.7819
-454.236
18.1621
-67.7234
-206.999
152.635
-3.73407
-366.463
57.3448
-217.741
78.5034
76.9497
-184.989
-18.8885
11.4556
-112.597
-159.083
-186.71
-42.2969
-290.505
-126.626
-73.4543
-158.012
68.2603
-265.707
281.864
-199.6
-106.607
-110.613
150.713
-56.6076
-279.466
44.2578
-264.346
146.328
-83.8102
-127.392
-162.679
176.214
-80.5816
-245.123
89.0193
-115.877
-193.666
16.2827
-328.145
230.114
95.3087
-179.641
187.077
329.416
-128.463
301.88
125.338
182.706
-281.867
-209.757
-135.145
248.24
254.289
368.718
-850.53
-4.01148
-215.945
345.194
-147.658
-150.985
126.597
24.43
-238.571
272.477
-41.0422
115.291
-502.557
158.125
-5.89375
-263.565
97.5841
27.9225
-332.81
-5.55799
-142.813
20.8311
38.7784
-62.4795
-181.333
17.4816
-418.563
541.954
42.6333
-244.282
141.757
22.9686
-114.006
-201.711
-91.159
-144.064
-181.729
-241.696
-46.5832
-415.482
228.092
-122.016
-245.206
162.61
-412.192
409.4
171.504
-136.017
-138.487
220.516
-180.087
-20.0593
72.7159
-85.8177
-170.676
108.332
-165.006
74.4234
92.7998
-191.694
224.759
16.7767
80.2207
-271.082
8.74522
-111.602
238.906
337.523
-179.763
576.213
372.525
-306.662
731.365
-172.569
264.315
-599.974
68.7784
-123.802
98.3347
-7.57546
12.9668
-246.611
-58.8994
-133.586
81.0969
-43.2897
47.2659
-324.379
-56.2805
-187.191
149.901
-14.883
-190.083
185.354
22.8994
-115.415
-16.6253
213.065
-233.033
235.426
266.297
111.551
-558.937
388.4
-141.725
-51.36
-39.8009
-137.273
-22.8037
-121.756
-83.6801
-93.1227
-64.2136
-148.267
139.181
-46.7859
-115.597
138.172
-16.0656
-59.4678
21.4198
-122.13
143.484
-372.747
-100.226
45.2105
-25.3081
172.041
144.403
-106.582
195.423
123.551
-7.00097
-85.9801
34.6619
227.846
5.58476
-229.633
749.032
282.913
503.844
-782.867
200.727
98.2535
381.967
479.977
-285.726
741.312
-276.911
-79.4234
231.528
-81.9801
-28.4466
107.998
-26.5332
79.1622
-138.359
-36.8039
-92.9467
200.455
4.77033
-112.101
254.267
-10.6127
-98.0616
227.515
88.1265
121.031
-226.79
12.7446
254.744
-497.937
-88.5394
-290.027
688.113
-124.603
