-0
-0
0
-0
-0
0
-0
-0
0
-0
-0
0
-0
-0
0
-0
-0
0
-0
-0
0
0
0
0
-0
-0
0
-0
-0
0
-0
-0
0
-0
-0
0
-0
-0
0
0
0
-0
-0
0
-0
-0
-0
-0
-0
-0
-0
-132.855
-0
0
-309.767
-0
0
-0
-0
0
-0
-0
0
-0
-0
-0
-0
-0
-0
-0
-0
-0
-0
-0
-0
-0
-0
-0
-77.0148
-0
0
-334.704
-0
0
-285.693
-0
0
-285.818
-0
0
-182.955
-0
0
-0
-0
0
-0
-0
0
-0
-0
0
-0
-0
-0
0
-0
-0
-0
-0
0
-0
-0
-0
-0
-0
-0
-160.352
-0
0
-309.36
-0
0
-299.91
-0
0
-329.561
-0
0
-277.92
-218.587
0
-366.094
-0
0
-116.13
-0
0
-0
-0
0
-0
-0
0
-0
-0
0
0
-0
0
0
-0
0
-0
-0
0
-0
-0
-0
-0
-0
-0
-0
-0
-0
-131.554
-132.223
0
-249.495
-94.0776
0
-287.816
-16.3517
0
-190.238
-274.632
0
-325.752
-24.6679
0
-218.62
-364.644
0
-296.404
-128.801
0
-0
-0
0
-0
-0
0
-0
-0
0
-0
-0
0
-0
-0
0
0
-0
0
-0
-0
0
-0
-0
-0
-0
-0
-0
-0
-0
-0
-0
-212.376
-0
-104.158
-251.477
-0
-247.366
-0
0
-208.389
-53.527
0
-138.936
-217.657
0
-222.662
-44.0691
0
-192.923
-152.199
0
-192.672
-269.939
0
-81.7323
-0
0
-0
-0
0
-0
-0
0
-0
-0
0
-0
-0
0
-0
-0
0
0
0
0
0
-0
0
0
-0
-0
0
-0
-0
0
-0
-0
0
-0
-0
-0
-0
-0
-0
-0
-0
-0
-0
-0
-0
-0
-0
-0
-0
-0
-0
-94.5153
-0
-0
-276.102
-0
-82.1584
-136.09
-0
-219.644
-0
-0
-140.476
-98.1881
-0
-133.812
-109.921
0
-157.01
-0
0
-147.226
-0
0
-0
-0
0
-0
-0
0
-0
-0
0
-0
-0
0
-0
-0
0
-0
-0
0
-0
-0
0
0
-0
0
0
-0
-0
0
-0
-0
0
-0
-0
0
-0
-0
0
-0
-0
-0
-0
-0
-0
-0
-0
-0
-0
-0
-0
-0
-0
-0
-0
-0
-0
-0
-0
-0
-0
-0
-0
-0
-0
-0
-0
-0
-0
-0
-0
-0
-0
-0
-0
-0
0
-0
-0
0
-0
-0
0
-0
-0
0
-0
-0
0
-0
-0
0
-0
-0
0
0
0
0
0
0
-0
0
0
-0
0
0
-0
0
0
-0
0
0
-0
-0
0
-0
-0
0
-0
-0
-0
-0
-0
-0
-0
-0
-0
-0
-0
-0
-0
-0
-0
-0
-0
-0
-0
-0
-0
-0
-0
-0
0
-0
0
0
-0
0
0
-0
0
0
0
0
0
0
0
0
0
0
0
0
0
0
0
0
0
0
0
0
0
0
0
0
0
-0
0
0
-0
0
0
0
0
0
0
0
0
0
0
0
0
0
0
0
0
0
0
0
0
0
0
0
0
