-34.6918
-120.421
396.09
-322.253
411.997
-6.7806
-229.614
153.713
-122.989
-172.316
-76.5238
155.029
-331.574
-293.017
-133.613
-614.017
221.289
277.274
-490.461
315.217
267.48
14.2228
29.5902
121.48
-271.978
-31.3364
-16.0095
-354.836
-131.388
115.351
-510.264
78.9933
-142.856
-512.591
153.29
183.634
-313.101
337.477
260.817
-16.7914
25.8904
82.2534
1.74601
-4.22769
5.34907
-255.382
57.9872
107.838
-270.336
-55.9514
-61.5749
-435.135
207.361
136.603
-436.872
131.241
-104.062
-360.677
10.9233
47.0295
-286.374
-65.5619
413.272
-377.419
34.2228
163.576
-168.132
-100.37
-137.062
-30.859
117.794
43.6945
-216.374
58.3933
-92.9024
-235.119
3.63613
47.9623
-326.883
124.68
-98.7996
-368.93
166.171
192.501
-250.279
-191.098
168.842
-302.672
-90.2843
-88.1659
-428.436
26.4128
98.7256
-269.921
-366.772
405.71
-290.017
62.503
167.403
-146.079
-139.847
-151.366
87.6151
-205.171
-81.9806
-1.69701
25.7534
46.0401
-148.029
32.0904
-73.6895
-331.597
114.398
-21.6124
-263.499
-115.23
-186.866
-336.194
8.66159
30.2078
-257.935
-203.463
12.7686
-403.224
142.322
73.0596
-309.851
-128.969
183.099
-269.648
-308.215
268.269
-402.989
33.638
5.52098
-423.943
28.2914
37.6441
-325.519
-231.343
331.934
-57.3067
-132.57
139.245
37.0606
-31.366
-52.1268
48.6892
14.7493
-63.4963
-116.688
127.006
-39.1846
-194.481
-31.2028
-128.497
-273.747
-156.608
-47.7623
-394.313
49.9014
-4.12534
-385.12
6.26967
134.999
-314.237
-167.888
-11.5642
-418.742
45.9764
24.6581
-328.69
-215.218
44.9455
-297.723
-286.698
197.118
-495.252
162.875
14.0298
-412.445
-66.109
104.583
-376.411
-128.958
217.293
-422.19
-50.4127
-21.7485
-218.932
-87.1367
19.0834
-78.5854
2.51514
108.028
-6.0097
-19.9173
23.926
27.8382
122.486
53.6203
-146.445
140.277
-55.1893
-186.23
-12.9603
-63.1304
-219.602
-115.222
65.4852
-254.718
-127.057
2.20061
-291.06
-85.2354
20.3029
-244.995
-172.986
36.3182
-347.414
79.951
141.414
-229.924
-150.208
79.0685
-219.902
-164.17
126.197
-297.944
22.3396
-164.136
-281.274
-8.97027
-41.7191
-236.624
-169.812
8.113
-352.866
56.2503
-96.6641
-268.983
-134.187
125.245
-250.353
-181.674
164.646
-255.36
6.4923
27.5779
-244.853
91.889
-44.4209
125.61
-459.263
-8.24428
-91.6349
366.557
130.734
311.628
-266.399
2.93574
-30.0562
66.971
-43.6926
216.847
-509.744
83.6047
-6.11942
-78.8268
196.257
-53.6977
-71.9565
33.945
-4.33353
-190.768
-12.6699
-101.556
-10.9969
-124.126
-14.0093
-248.905
-23.2751
-74.6726
-188.663
79.1795
-66.3843
-227.524
7.26516
-163.634
-29.9678
32.5697
-117.991
-148.633
-25.5813
-98.1314
-199.639
-35.4198
-93.1824
-189.945
-78.4168
-108.237
-114.396
46.9541
-219.477
151.286
-103.231
-142.21
-52.1826
76.0683
-114.776
-147.413
43.6543
-190.857
-7.47865
8.40685
-133.546
-137.506
147.735
-129.397
-139.089
56.8463
-182.021
-50.3076
38.0033
-254.435
78.982
134.567
-159.843
131.918
227.35
-96.4718
208.27
25.8654
103.373
-114.655
-195.182
-97.9391
160.358
237.916
264.635
-639.011
-2.4805
-98.3509
91.7869
-111.833
-72.3786
-31.4215
36.5536
-192.427
181.949
-4.32693
-14.5624
-209.898
97.5056
-30.4445
-195.893
73.6218
-51.5942
-154.814
-2.79732
-124.686
-19.8224
37.5978
-78.5397
-153.296
18.3796
-206.689
93.116
77.7505
-193.473
32.3457
-15.93
-156.964
-92.8161
-15.54
-179.151
-81.1539
-125.203
-108.591
-244.634
137.498
-152.917
-151.253
134.092
-241.677
76.5596
178.872
-155.775
-64.886
198.73
-172.349
-2.98142
93.4945
-145.171
-18.3685
128.201
-130.611
20.8432
106.855
-128.06
121.085
30.2684
-4.56725
-59.0074
40.6392
-117.037
266.234
266.657
-60.8355
338.094
291.115
-131.179
397.548
-195.413
119.567
-288.202
-23.3143
-93.6653
35.5906
-25.9327
-68.2686
-78.8377
-43.4658
-94.3731
-4.67219
-6.67614
-27.0165
-168.257
1.47854
-109.119
-6.61974
45.183
-109.976
34.7214
13.3729
-126.323
17.77
151.787
-86.4457
-64.1737
167.212
-31.7565
-253.98
310.696
-175.683
26.1109
37.6667
-136.169
-15.8079
-49.146
-96.7669
-52.3592
-90.0024
-94.5662
39.1884
-100.136
-48.0352
4.29131
-31.0037
-43.0732
-3.63985
-57.3484
18.7219
-102.952
-36.8666
49.0358
-9.86071
111.268
129.087
-66.0708
126.137
155.083
-49.8393
8.00014
28.1898
253.429
61.4458
-25.0396
324.403
279.069
292.014
-330.074
202.908
228.156
108.863
469.8
-251.22
634.867
-277.817
-83.5745
218.431
-124.979
-61.1142
160.239
-49.7955
-27.7217
73.4502
-5.90215
-44.0628
96.8889
24.8855
-41.9022
96.8149
-15.2359
-66.3103
153.732
24.3338
27.3056
-46.2375
-4.94215
70.7007
-126.263
-44.2139
-122.333
320.101
-61.7702
