-0
-0
0
-0
-0
0
-0
-0
0
-0
-0
0
-0
-0
0
-0
-0
0
-0
-0
0
0
-0
-0
-0
-0
0
-0
-0
0
-45.1552
-0
0
-0
-0
0
-0
-0
0
0
0
-0
-0
0
-0
-0
-0
-0
-0
-0
-0
-210.533
-0
0
-322.734
-0
0
-48.1664
-0
0
-0
-0
0
-0
-0
-0
-0
-0
-0
-0
-0
-0
-0
-0
-0
-0
-0
-0
-138.344
-0
0
-327.432
-0
0
-299.028
-0
0
-284.671
-0
0
-242.475
-0
0
-0
-0
0
-0
-0
0
-0
-0
0
-0
-0
-0
0
-0
-0
-0
-0
-0
-0
-0
-0
-0
-0
-0
-216.148
-0
0
-306.39
-0
0
-306.224
-0
0
-335.097
-0
0
-267.449
-300.464
0
-370.564
-0
0
-183.157
-0
0
-0
-0
0
-0
-0
0
-0
-0
0
0
-0
0
0
-0
0
-0
-0
0
-0
-0
-0
-0
-0
-0
-0
-0
-0
-180.274
-169.978
0
-265.705
-45.2553
0
-286.347
-30.803
0
-194.439
-264.606
0
-307.687
-61.7134
0
-236.061
-314.102
0
-317.674
-193.469
0
-12.2931
-0
0
-0
-0
0
-0
-0
0
-0
-0
0
-0
-0
0
0
-0
0
-0
-0
0
-0
-0
-0
-0
-0
-0
-0
-0
-0
-0
-325.59
-0
-177.283
-124.692
0
-243.184
-0
0
-204.459
-75.9581
0
-156.675
-182.238
0
-178.448
-139.469
0
-253.628
-24.4163
0
-150.778
-381.255
0
-160.637
-0
0
-0
-0
0
-0
-0
0
-0
-0
0
-0
-0
0
-0
-0
0
0
0
0
0
-0
0
0
-0
-0
0
-0
-0
0
-0
-0
0
-0
-0
-0
-0
-0
-0
-0
-0
-0
-0
-0
-0
-0
-0
-0
-0
-0
-0
-202.532
-0
-0
-285.758
-0
-169.832
-42.6108
-0
-196.949
-41.1797
-0
-186.14
-23.0279
-0
-98.3709
-225.074
0
-169.822
-0
0
-151.111
-0
0
-57.5554
-0
0
-0
-0
0
-0
-0
0
-0
-0
0
-0
-0
0
-0
-0
0
-0
-0
0
0
-0
0
0
-0
-0
0
-0
-0
0
-0
-0
0
-0
-0
0
-0
-0
-0
-0
-0
-0
-0
-0
-0
-0
-0
-0
-0
-0
-0
-0
-0
-0
-0
-0
-0
-0
-0
-0
-0
-0
-57.182
-0
-0
-37.6565
-0
-0
-0
-0
-0
-0
-0
0
-0
-0
0
-0
-0
0
-0
-0
0
-0
-0
0
-0
-0
0
-0
-0
0
0
0
0
0
0
-0
0
0
-0
0
0
-0
0
0
-0
0
0
-0
-0
0
-0
-0
0
-0
-0
-0
-0
-0
-0
-0
-0
-0
-0
-0
-0
-0
-0
-0
-0
-0
-0
-0
-0
-0
-0
-0
-0
0
-0
0
0
-0
0
0
-0
0
0
0
0
0
0
0
0
0
0
0
0
0
0
0
0
0
0
0
0
0
0
0
0
0
-0
0
0
-0
0
0
0
0
0
0
0
0
0
0
0
0
0
0
0
0
0
0
0
0
0
0
0
0
