0.370291
-186.638
453.117
-350.305
494.941
32.0451
-209.228
156.169
-219.149
-169.335
-87.3672
166.507
-294.443
-372.229
-156.398
-672.51
359.468
247.365
-475.904
284.537
310.088
23.4992
15.5508
136.402
-271.301
-33.713
-3.98638
-348.678
-151.387
124.932
-582.223
163.329
-115.234
-534.595
151.737
158.664
-327.333
354.726
238.58
-20.6796
28.1842
80.838
23.88
-49.3856
3.54044
-247.133
51.974
125.504
-198.581
-197.489
24.7851
-530.027
428.521
193.511
-458.151
200.999
-168.848
-322.818
-44.0363
-50.5676
-221.94
-185.471
427.974
-402.887
124.097
170.604
-135.917
-146.991
-164.21
-19.2289
89.9307
38.3362
-170.463
-46.3241
-79.4195
-178.996
-75.7031
0.637358
-398.133
324.329
-143.368
-421.983
358.504
206.775
-164.092
-334.402
183.015
-229.513
-211.191
-135.26
-428.539
29.9272
114.649
-236.861
-446.635
531.742
-370.084
227.592
172.011
-151.828
-140.922
-242.398
149.092
-373.535
-48.4115
-56.784
144.505
77.2557
-108.642
-41.0273
-42.42
-366.961
201.572
-78.4463
-221.864
-205.791
-292.33
-445.158
215.032
-51.9358
-247.723
-271.178
45.7693
-442.002
220.453
144.013
-246.619
-293.764
236.992
-231.98
-441.032
374.23
-451.241
126.429
-15.2254
-525.564
236.274
21.5093
-293.695
-310.401
443.061
-46.6538
-162.214
103.486
8.34622
-1.48424
-129.042
44.057
17.8969
-60.6252
-130.424
172.328
-68.0614
-151.771
-116.492
-129.802
-268.067
-157.744
-69.8104
-447.056
154.941
11.4514
-404.019
37.7285
125.755
-317.178
-226.268
41.7918
-499.048
171.799
24.4074
-265.697
-404.506
44.5819
-224.205
-465.711
325.934
-575.695
348.922
-51.86
-425.201
-29.0131
33.849
-368.785
-152.103
271.387
-419.889
-18.3866
-34.5565
-209.57
-71.671
66.1316
-143.946
149.435
117.943
56.0881
-167.437
-48.327
27.2777
129.185
38.0292
-189.331
266.022
-104.166
-127.896
-135.134
-56.3024
-209.58
-138.12
94.3716
-250.926
-153.167
32.3307
-361.108
34.2311
3.38514
-156.529
-372.91
114.628
-450.293
319.174
134.382
-164.677
-268.26
111.139
-174.069
-227.819
197.55
-258.803
-16.2558
-352.725
-299.5
57.6644
-71.8541
-186.68
-253.436
63.7653
-416.549
219.541
-177.178
-182.428
-287.863
110.975
-192.025
-279.421
203.366
-338.554
210.241
125.057
-303.565
250.782
-22.3917
246.73
-712.769
-63.8316
-104.915
403.913
137.527
304.053
-314.514
-12.9018
-67.157
141.749
-53.5435
282.66
-655.083
114.535
-55.1396
17.2531
240.296
-116.397
58.5996
-10.0778
24.6827
-250.847
-84.207
-161.754
117.583
-205.797
77.8228
-454.326
18.1822
-67.7175
-207.01
152.659
-3.6976
-366.54
57.3668
-217.772
78.5678
76.9659
-185.039
-18.7879
11.4732
-112.611
-159.048
-186.784
-42.2725
-290.555
-126.652
-73.4352
-158.042
68.273
-265.712
281.886
-199.622
-106.59
-110.643
150.747
-56.575
-279.541
44.257
-264.394
146.425
-83.8527
-127.389
-162.691
176.216
-80.5581
-245.172
89.0456
-115.837
-193.751
16.2755
-328.182
230.192
95.2926
-179.648
187.098
329.444
-128.483
301.935
125.382
182.739
-281.938
-209.752
-135.156
248.273
254.293
368.753
-850.599
-4.01141
-215.991
345.294
-147.665
-151.022
126.671
24.4216
-238.579
272.49
-41.0581
115.353
-502.695
158.149
-5.89673
-263.566
97.5917
27.9618
-332.897
-5.55965
-142.808
20.8216
38.7747
-62.4872
-181.316
17.4816
-418.681
542.201
42.6095
-244.303
141.8
22.9943
-113.989
-201.759
-91.181
-144.032
-181.811
-241.74
-46.5437
-415.583
228.131
-121.998
-245.255
162.636
-412.283
409.581
171.501
-136.017
-138.503
220.518
-180.091
-20.0679
72.7088
-85.774
-170.781
108.311
-165.027
74.459
92.7915
-191.724
224.809
16.7658
80.249
-271.157
8.73834
-111.587
238.866
337.55
-179.823
576.335
372.558
-306.739
731.516
-172.553
264.386
-600.124
68.8191
-123.816
98.3654
-7.57225
13.003
-246.686
-58.9073
-133.607
81.1433
-43.3052
47.3103
-324.472
-56.3096
-187.236
149.992
-14.9161
-190.136
185.455
22.9129
-115.39
-16.6837
213.101
-233.113
235.592
266.347
111.628
-559.099
388.432
-141.69
-51.4328
-39.8299
-137.273
-22.8054
-121.799
-83.6729
-93.1392
-64.1971
-148.306
139.261
-46.7451
-115.645
138.273
-16.0643
-59.4727
21.4293
-122.171
143.57
-372.927
-100.268
45.2091
-25.3151
172.073
144.418
-106.616
195.457
123.509
-6.92259
-86.0215
34.6915
227.779
5.55808
-229.743
749.261
282.916
503.957
-783.107
200.725
98.1844
382.117
479.98
-285.73
741.337
-276.898
-79.4286
231.55
-81.9705
-28.4298
107.971
-26.5262
79.2308
-138.496
-36.8264
-92.9861
200.537
4.7515
-112.16
254.398
-10.6025
-98.068
227.533
88.169
121.084
-226.893
12.7613
254.851
-498.154
-88.565
-290.119
688.315
-124.635
