-73.5478
-14.8462
147.885
-272.952
220.362
-34.3279
-129.616
0
143.254
-188.715
-21.2255
96.6818
-447.398
-79.1179
1.8228
-534.731
-0
113.031
-447.082
126.885
228.638
0
0
3.14741
-260.037
-0
45.6896
-409.836
-0
47.2411
-437.873
0
0
-426.958
0
34.6699
-289.224
206.27
243.128
0
67.7782
-0
-20.0108
41.7037
23.3751
-240.145
0
0
-372.56
119.308
0
-391.681
80.3064
22.8264
-383.849
0.0624086
69.8472
-390.503
21.4446
41.9163
-343.902
0
255.098
-328.679
-121.47
65.0088
-199.884
-32.1486
-0
-53.3875
197.072
20.8651
-211.687
14.893
0
-335.42
143.503
20.9957
-311.55
0
60.1664
-331.709
-0
90.2678
-355.845
-0
138.19
-367.935
-21.3194
0
-421.656
-59.17
23.372
-321.478
-302.041
85.4429
-224.413
-102.726
71.4239
-87.5304
-259.507
-0
0
-0
0
10.5402
0
0
-173.566
31.5881
0
-292.8
0
0
-321.995
-0
0
-322.888
-0
8.86868
-278.978
-125.76
0
-335.105
-8.25356
0
-356.231
-0
140.372
-378.51
-11.7871
101.564
-346.093
-115.933
0
-285.613
-321.155
19.9537
-318.985
-303.218
158.234
-137.346
-5.88809
50.1777
-0
-0
0
0
-0
-0
-0
-0
-0
-194.385
-22.4633
-0
-285.913
-121.36
-1.17166
-356.555
-0
-0
-365.462
-0
0
-342.253
-26.2765
0
-355.891
-0.483842
0
-322.915
-136.628
0
-341.165
-121.023
18.7786
-409.693
-5.67008
133.654
-399.91
-70.9227
220.453
-292.832
-284.953
140.459
-350.954
-216.685
0
-272.597
-0
0
-85.6192
-0
0
-0
0
0
0
0
5.60053
-0
-5.61401
0
-132.943
-117.383
-0
-197.901
-118.239
-0
-272.296
-40.6619
-0
-292.569
-21.9868
0
-310.688
-0
5.60963
-306.747
-3.49753
14.167
-269.657
-74.9264
43.4728
-286.302
-43.4522
46.9591
-237.197
-156.139
26.2577
-268.076
-74.6561
0
-265.116
-124.566
2.49894
-313.443
-16.8571
1.18419
-251.242
-151.367
8.66021
-292.314
-64.2373
5.75843
-179.249
-117.848
0
-82.8526
-224.096
1.85543
-27.6676
-0
8.12806
18.0733
0
15.847
378.162
-0
0
83.6364
-169.158
0
43.4247
-125.945
0
88.2198
-267.654
0
15.246
-222.542
0
0
-206.411
-0
-0
-215.312
-0
-47.4442
-164.945
-0
-43.1495
-238.313
-0
-99.4829
-143.068
-0
-127.354
-95.0839
-0
-157.183
-54.6388
-0
-155.872
-71.224
0
-131.788
-104.422
44.3776
-133.733
-83.5243
44.7566
-136.417
-58.0453
45.8879
-144.543
-59.2681
21.5315
-132.239
-89.9452
12.9822
-178.962
-0
0
-138.234
-86.3133
0
-180.093
-0
0
-166.73
-63.573
0
-162.326
-115.911
76.6705
-79.0757
-15.4666
32.7887
0
-0
18.3729
24.0678
-0
0
-0
-0
263.757
0
-35.7639
-0
0
-157.407
0
-0
-225.14
12.1637
-63.1358
-137.602
51.2784
-135.216
-5.13361
0
-49.2929
-210.202
0
-113.435
-66.0806
-0
-108.493
-102.43
-0
-169.123
-0
-0
-186.422
-0
0
-196.232
-0
0
-154.716
-94.64
0
-156.876
-104.208
22.0753
-199.573
-0
47.5084
-192.723
-0
67.8372
-183.187
-0
66.5068
-174.483
-0
92.0882
-155.798
-22.7697
107.384
-156.844
-0
123.687
-128.942
-0
117.595
-82.238
-0
53.2645
-36.4075
-0
90.1081
-0
0
95.4649
34.752
20.9626
118.294
112.602
21.2262
-67.3344
0
-0
-92.8366
-37.0078
-0
-49.8719
-82.8403
-20.9534
-45.339
-2.26875
-170.574
-51.7191
-98.1299
-0
-1.24204
-108
-0
0
-95.4764
-0
16.6258
-114.924
-0
96.6764
-133.893
0
114.538
-174.707
0
27.5095
-186.429
0
0
-175.196
-0
0
-158.542
-0
0
-117.547
-0
0
-89.5004
-0
0
-92.3638
-0
0
-58.5133
-0
20.3566
0
0
99.9002
37.409
0
58.6518
90.4761
0
82.4629
54.208
70.8598
56.5747
51.7678
3.16557
151.97
80.7178
0
135.96
0
0
94.4024
-312.501
819.653
-0
-0
0
-37.2884
-56.887
122.446
-0
-43.0858
97.6597
0
-44.5233
109.209
27.9894
-45.6291
126.565
29.0847
-0
51.9922
46.3886
-0
46.7665
37.3672
-0
37.6593
0
0
165.054
56.1946
