0.373157
-186.644
453.122
-350.308
494.948
32.0486
-209.225
156.169
-219.158
-169.334
-87.3693
166.51
-294.44
-372.235
-156.398
-672.518
359.485
247.36
-475.903
284.532
310.09
23.5007
15.5484
136.404
-271.299
-33.7168
-3.98321
-348.679
-151.385
124.935
-582.233
163.343
-115.229
-534.598
151.739
158.658
-327.333
354.723
238.574
-20.6798
28.1841
80.8376
23.8832
-49.3919
3.54069
-247.129
51.9685
125.506
-198.574
-197.504
24.7978
-530.041
428.555
193.518
-458.155
201.011
-168.854
-322.813
-44.0433
-50.5813
-221.93
-185.49
427.97
-402.888
124.104
170.606
-135.914
-146.994
-164.211
-19.2271
89.9267
38.3349
-170.454
-46.3434
-79.4166
-178.99
-75.7105
0.631495
-398.145
324.36
-143.372
-421.992
358.535
206.776
-164.081
-334.419
183.015
-229.502
-211.21
-135.265
-428.535
29.9179
114.648
-236.859
-446.639
531.754
-370.091
227.607
172.013
-151.829
-140.921
-242.406
149.099
-373.554
-48.4058
-56.7907
144.52
77.2601
-108.637
-41.0387
-42.4139
-366.963
201.579
-78.4541
-221.86
-205.801
-292.343
-445.176
215.066
-51.9483
-247.725
-271.178
45.7723
-442.005
220.459
144.023
-246.609
-293.789
237
-231.976
-441.045
374.24
-451.246
126.435
-15.2311
-525.574
236.295
21.5075
-293.691
-310.414
443.075
-46.6537
-162.215
103.485
8.34074
-1.47615
-129.049
44.0562
17.8971
-60.6244
-130.425
172.332
-68.064
-151.764
-116.506
-129.799
-268.068
-157.741
-69.8125
-447.061
154.952
11.4521
-404.022
37.7351
125.75
-317.183
-226.267
41.7963
-499.059
171.816
24.4074
-265.688
-404.532
44.5828
-224.197
-465.731
325.948
-575.701
348.938
-51.8641
-425.206
-29.0021
33.8441
-368.781
-152.115
271.39
-419.887
-18.387
-34.5589
-209.57
-71.6683
66.1352
-143.956
149.457
117.945
56.0944
-167.453
-48.3334
27.2767
129.186
38.0273
-189.335
266.034
-104.17
-127.888
-135.151
-56.2998
-209.578
-138.125
94.3742
-250.927
-153.166
32.3355
-361.12
34.2529
3.38084
-156.519
-372.933
114.634
-450.307
319.207
134.379
-164.67
-268.274
111.143
-174.063
-227.828
197.557
-258.794
-16.2718
-352.742
-299.502
57.6719
-71.8558
-186.675
-253.444
63.7733
-416.557
219.564
-177.184
-182.414
-287.887
110.969
-192.018
-279.434
203.37
-338.563
210.263
125.067
-303.572
250.799
-22.3871
246.738
-712.787
-63.8377
-104.914
403.912
137.527
304.051
-314.513
-12.9014
-67.1568
141.749
-53.544
282.662
-655.089
114.538
-55.1419
17.2573
240.299
-116.405
58.6161
-10.0831
24.6877
-250.858
-84.2153
-161.761
117.597
-205.804
77.8337
-454.35
18.1875
-67.7159
-207.013
152.665
-3.68795
-366.56
57.3726
-217.781
78.5848
76.9702
-185.052
-18.7612
11.4778
-112.614
-159.038
-186.804
-42.2661
-290.569
-126.659
-73.4301
-158.049
68.2764
-265.714
281.892
-199.627
-106.586
-110.652
150.756
-56.5664
-279.561
44.2568
-264.406
146.451
-83.8639
-127.388
-162.694
176.217
-80.5519
-245.185
89.0525
-115.826
-193.773
16.2736
-328.192
230.213
95.2883
-179.65
187.104
329.451
-128.489
301.949
125.394
182.748
-281.957
-209.751
-135.16
248.282
254.295
368.762
-850.617
-4.01139
-216.003
345.321
-147.667
-151.032
126.691
24.4194
-238.581
272.493
-41.0623
115.369
-502.731
158.155
-5.89752
-263.567
97.5936
27.9722
-332.92
-5.56009
-142.807
20.8191
38.7737
-62.4892
-181.312
17.4815
-418.713
542.266
42.6032
-244.308
141.812
23.0011
-113.984
-201.771
-91.1868
-144.024
-181.832
-241.751
-46.5332
-415.61
228.141
-121.993
-245.268
162.643
-412.307
409.629
171.501
-136.017
-138.507
220.518
-180.092
-20.0702
72.7069
-85.7624
-170.809
108.306
-165.032
74.4684
92.7893
-191.731
224.822
16.7629
80.2565
-271.177
8.73652
-111.583
238.855
337.558
-179.839
576.367
372.566
-306.76
731.556
-172.549
264.405
-600.163
68.8298
-123.82
98.3735
-7.57141
13.0125
-246.706
-58.9094
-133.613
81.1556
-43.3093
47.3221
-324.496
-56.3173
-187.248
150.016
-14.9248
-190.15
185.481
22.9164
-115.383
-16.6991
213.11
-233.134
235.636
266.36
111.649
-559.142
388.441
-141.68
-51.4521
-39.8375
-137.273
-22.8059
-121.811
-83.671
-93.1435
-64.1928
-148.316
139.282
-46.7343
-115.657
138.3
-16.064
-59.474
21.4318
-122.181
143.592
-372.974
-100.279
45.2087
-25.3169
172.082
144.422
-106.625
195.466
123.498
-6.90183
-86.0325
34.6993
227.762
5.55102
-229.773
749.322
282.916
503.987
-783.171
200.724
98.1662
382.156
479.981
-285.731
741.344
-276.895
-79.43
231.556
-81.9679
-28.4254
107.963
-26.5243
79.2489
-138.532
-36.8324
-92.9966
200.559
4.74651
-112.176
254.432
-10.5997
-98.0697
227.538
88.1802
121.099
-226.92
12.7657
254.879
-498.211
-88.5718
-290.143
688.368
-124.644
