-45.5473
-12.4885
0
-227.718
0
-0
-0
-0
277.865
-194.335
-0
47.7589
-472.268
-51.3738
131.195
-535.902
-0
2.84758
-406.771
0
125.267
0
0
0
-227.471
-0
34.3074
-384.009
-0
0
-413.025
0
65.3433
-409.321
0
19.8352
-231.709
14.5089
224.588
0
77.9036
-138.623
-0
19.207
0
-271.327
49.1753
0
-371.964
100.061
0
-375.998
0
26.6528
-388.766
0
151.658
-365.431
0
60.3437
-330.281
-0
162.552
-312.691
-125.11
0
-141.069
-0
-0
-0
155.482
0
-246.182
73.8593
0
-296.865
21.9472
28.8205
-301.642
0
80.0453
-329.548
-0
24.3293
-350.011
-0
84.8705
-371.753
-0
0
-406.08
-99.0615
20.7422
-295.989
-387.802
85.0548
-256.702
-45.1508
59.9283
-76.434
-232.05
0
0
-0
0
0
0
0
-158.824
0
0
-291.607
-0
0
-307.313
-0
0
-296.035
-65.9243
0
-338.097
-5.32628
0
-325.576
-59.7633
0
-373.244
-0
98.5975
-351.139
-87.3139
113.561
-339.441
-137.651
0
-314.393
-259.82
0
-314.942
-315.612
127.019
-115.539
-21.0237
41.5154
-0
-0
0
0
-0
0
-0
0
-0
-175.031
-0
-0
-278.207
-124.749
-0
-347.051
-18.7418
-0
-339.671
-46.7478
0
-330.888
-42.0542
0
-355.686
-0
0
-335.931
-81.4316
8.64748
-322.464
-136.791
8.79481
-362.464
-78.6726
78.561
-378.488
-91.3007
146.571
-292.137
-268.578
106.91
-329.715
-249.619
0
-246.262
-46.2592
0
-65.4956
-0
0
-0
-0
0
0
-0
0
-0
-0
-0
-120.837
-74.9095
-0
-190.923
-136.989
-0
-265.637
-50.9013
-0
-287.188
-32.1851
0
-285.72
-50.9145
0
-298.58
-12.7909
0
-302.251
-0
0
-282.17
-41.2676
0
-242.969
-136.37
4.39151
-245.842
-119.974
0
-265.789
-131.079
0
-293.494
-80.4884
0
-265.9
-141.052
0
-272.105
-133.337
0
-180.125
-133.239
0
-112.832
-180.881
0
-0
-3.03279
0
0
-0
0
444.315
-0
0
20.9833
-0
0
80.6191
-191.823
-0
90.3186
-270.256
-0
5.18164
-221.702
-0
0
-205.442
-0
-0
-191.575
-0
-24.4051
-194.365
-0
-64.7646
-184.717
-0
-89.9508
-158.275
-0
-114.721
-119.38
-0
-150.631
-62.0048
0
-145.473
-87.0864
0
-152.306
-62.9116
6.18973
-176.774
-2.05503
28.8523
-123.841
-102.638
53.5968
-154.548
-62.9975
34.4646
-127.422
-120.405
0
-167.63
-43.0636
0
-130.596
-114.032
0
-176.035
-17.4122
0
-162.917
-72.9354
0
-159.985
-128.027
16.2594
-65.4545
-0
7.87466
-0
-0
0
0
-0
0
0
-0
108.788
14.3481
-0
-0
0
-87.2474
-0
-0
-225.023
0
-30.7521
-185.295
0
-130.106
-15.5409
0
-50.8966
-213.626
-0
-129.282
-44.4329
-0
-122.524
-79.5988
-0
-139.575
-66.5588
-0
-184.284
-0
-0
-195.667
-0
0
-188.946
-20.9936
0
-143.534
-127.087
40.7637
-195.873
-0
55.3939
-186.774
-0
59.7427
-175.459
-0
65.7059
-149.088
-41.4533
68.7757
-134.555
-56.1892
76.636
-153.087
-0
82.6119
-123.805
-0
73.3241
-85.8701
-0
43.4672
-13.7282
-0
56.7705
-0
-0
55.3833
0
0
96.7943
165.705
0
-52.9734
0
0
-43.3658
-0
-0
-50.1946
-61.8753
-15.7429
-44.9345
-22.6637
-97.27
-50.0063
-86.548
-0
-0
-95.5948
-0
-0
-94.4429
-0
0
-113.963
-0
46.7421
-137.608
0
106.785
-174.859
0
0
-189.645
-0
0
-175.321
-0
0
-158.207
-0
0
-116.684
-0
0
-89.4412
-0
0
-101.212
-0
0
-34.393
-0
18.7481
-0
0
84.7899
0
0
61.3497
73.0165
0
69.1027
52.006
43.1021
38.6492
53.3432
0
122.119
27.2804
0
85.2394
0
0
0
-211.533
801.964
-0
-0
0
-0
-39.6001
103.73
-0
-83.7407
201.473
0
-0
41.9253
0
-0
51.7536
18.9856
-0
61.7941
56.4624
0
74.7798
28.8018
0
56.4467
0
0
123.914
18.7281
