-117.656
-116.325
28.4799
-224.822
-11.3562
-60.6591
-74.4007
-36.1083
238.565
-160.152
-27.7484
67.7738
-391.982
-68.4591
86.5067
-462.392
-49.48
75.9745
-334.231
26.0528
127.457
15.5177
52.7397
-20.5137
-233.377
-20.2554
14.9061
-357.175
-54.1237
20.6573
-398.978
-38.5344
52.1717
-398.821
13.7581
82.3351
-235.944
87.9654
181.207
88.7829
102.665
-122.042
-53.8452
71.0636
30.176
-225.299
20.4267
-7.78727
-315.079
9.65272
8.18038
-352.482
5.63536
26.2935
-366.943
6.35124
62.2811
-352.24
6.13892
105.677
-306.548
-35.3301
168.709
-291.704
-96.9744
108.658
-173.586
-46.0779
30.6323
-47.0957
163.346
18.0086
-216.224
68.2699
20.3317
-280.51
29.2637
22.0559
-311.845
7.16182
33.0667
-332.949
-16.2495
45.2416
-344.199
-44.4806
67.976
-352.32
-82.6707
68.2425
-381.973
-134.123
93.9063
-360.44
-161.056
123.573
-227.732
-135.742
95.1647
-140.213
-113.426
9.58965
-3.71725
-36.4035
-26.2219
47.0517
-17.0318
-14.2232
-170.239
57.3441
-5.59127
-266.158
-14.1166
1.57563
-291.49
-43.6723
13.6229
-296.756
-56.6075
24.5649
-306.255
-70.6669
38.073
-316.528
-79.5273
50.5206
-326.469
-95.0458
67.9457
-335.169
-114.352
67.1501
-336.317
-128.831
61.3609
-338.531
-154.957
67.4185
-312.514
-166.402
81.8224
-105.687
-86.767
60.319
23.5407
-43.3039
16.014
98.8132
-21.9994
45.1004
56.5921
46.7191
-9.00929
-148.976
-46.1761
-28.0826
-252.534
-87.4524
-32.6934
-282.443
-93.1825
-8.60809
-285.298
-94.9959
7.03655
-275.51
-95.0811
18.239
-273.523
-100.731
27.4187
-280.862
-114.431
38.3184
-290.417
-125.723
47.1372
-305.857
-136.771
64.0994
-322.397
-150.648
76.0412
-324.015
-157.381
75.3547
-322.696
-158.802
66.1785
-201.554
-101.632
61.3744
-71.4308
-36.1839
46.9723
-1.07616
1.99879
28.0909
76.2137
20.3973
30.6098
31.0065
3.90684
-45.4907
-121.802
-60.1518
-46.0098
-185.959
-88.8482
-44.0109
-223.389
-101.015
-28.5449
-235.169
-106.643
-19.3881
-241.366
-108.3
-9.28623
-240.821
-107.231
1.5
-236.254
-106.597
13.3917
-235.364
-106.945
24.0073
-235.753
-108.242
33.8249
-235.427
-110.334
38.9711
-252.21
-120.953
44.1491
-262.989
-128.976
54.8132
-260.69
-135.004
69.2488
-243.077
-136.442
75.8231
-178.322
-113.844
63.4487
-122.279
-86.4606
50.8709
-36.612
-32.6008
33.6652
86.8834
26.1977
90.7166
235.201
-40.1383
-21.0922
117.978
-118.591
3.4561
56.7108
-151.313
24.3507
30.1837
-151.686
10.7844
-5.21119
-160.048
-24.7966
-25.87
-152.61
-43.035
-51.613
-140.054
-41.9536
-81.8415
-140.639
-27.9556
-109.343
-144.816
-21.4454
-130.549
-140.648
-12.1785
-145.654
-132.741
-5.56722
-157.505
-127.651
1.42157
-167.594
-122.636
9.67866
-171.851
-112.354
15.2686
-171.558
-103.166
18.3648
-169.89
-95.263
21.9327
-174.64
-91.5764
23.094
-174.553
-86.3227
25.5598
-172.078
-80.9401
27.9471
-166.032
-72.5365
29.3747
-165.256
-63.0815
26.8324
-170.659
-56.91
29.3017
-164.641
-47.5908
43.3219
-86.438
-8.29022
48.6731
-1.72176
29.1116
39.7105
55.9329
53.5495
53.5116
96.8466
73.8541
181.596
78.701
-50.1882
-81.7029
8.15445
-100.246
-13.8022
-36.8812
-110.75
32.9577
-69.0572
-100.933
46.446
-83.6902
-95.2805
40.3313
-93.5272
-93.8268
31.7035
-98.9421
-90.1346
28.5243
-106.671
-92.2408
26.9147
-116.349
-96.4419
21.5678
-127.422
-96.1897
19.7448
-136.89
-94.0222
14.3299
-144.417
-93.6385
16.0985
-148.445
-87.9226
20.3652
-149.466
-78.8331
23.8475
-149.765
-71.0127
29.1236
-146.616
-62.392
33.9174
-143.931
-52.1129
38.7324
-140.831
-44.9837
42.6264
-133.189
-35.3324
45.2438
-113.977
-18.5513
44.4329
-84.6832
5.80108
44.7053
-56.8236
28.9134
48.3976
-24.5824
61.6668
48.9218
33.9234
105.049
79.4271
97.5762
96.3421
-96.0213
21.4896
21.499
-59.429
-25.0055
-20.4721
-44.1736
-49.1779
-40.7772
-29.8945
-50.6323
-46.2219
-14.3704
-57.2368
-52.5516
1.56184
-62.7692
-49.9073
15.4437
-62.2974
-45.8054
22.4868
-75.537
-44.95
44.2168
-94.6345
-41.5061
47.9317
-122.102
-47.0656
41.5614
-136.657
-49.2142
31.326
-134.422
-44.8059
19.039
-120.552
-36.692
7.43181
-95.9101
-24.6946
0.0655277
-77.5167
-16.4436
-2.58524
-71.3539
-14.1764
0.974207
-51.1762
-10.4921
3.3011
-3.22247
8.03629
12.9465
36.7083
26.1518
25.7238
61.0819
42.132
49.8121
58.0955
53.9163
69.1051
48.0104
55.0804
89.6637
54.314
55.7908
101.61
44.7954
53.4002
117.913
-28.5061
144.582
1.43549
-49.4567
122.637
-0.972591
-49.5621
112.783
-0.639644
-41.3572
108.923
1.73953
-31.0463
104.047
1.85789
-20.4917
99.1252
3.50876
-9.5141
95.1542
3.88076
-1.70093
89.8161
0.177465
13.1503
89.1299
7.98603
61.2631
105.149
28.2196
