0.257273
-186.409
452.911
-350.192
494.655
31.9074
-209.324
156.134
-218.766
-169.362
-87.2838
166.424
-294.541
-371.984
-156.405
-672.208
358.816
247.553
-475.967
284.745
310.015
23.4401
15.6469
136.338
-271.377
-33.5636
-4.11069
-348.643
-151.444
124.829
-581.826
162.797
-115.44
-534.448
151.656
158.882
-327.344
354.874
238.823
-20.6736
28.1879
80.8526
23.7559
-49.1386
3.53045
-247.272
52.1878
125.452
-198.889
-196.895
24.2864
-529.462
427.21
193.216
-457.999
200.549
-168.598
-323.016
-43.7594
-50.0302
-222.342
-184.689
428.123
-402.836
123.815
170.511
-136.028
-146.857
-164.171
-19.2973
90.0849
38.387
-170.805
-45.5649
-79.536
-179.22
-75.4078
0.868153
-397.673
323.134
-143.229
-421.61
357.307
206.764
-164.504
-333.759
183.009
-229.963
-210.414
-135.071
-428.709
30.2907
114.682
-236.937
-446.483
531.252
-369.808
226.982
171.97
-151.819
-140.943
-242.082
148.806
-372.778
-48.635
-56.5201
143.944
77.0831
-108.858
-40.5808
-42.6597
-366.861
201.315
-78.1382
-222.042
-205.392
-291.82
-444.464
213.677
-51.4465
-247.638
-271.156
45.6543
-441.879
220.205
143.621
-247.015
-292.79
236.691
-232.111
-440.535
373.832
-451.07
126.206
-14.9991
-525.145
235.464
21.5823
-293.883
-309.915
442.525
-46.6581
-162.167
103.519
8.56148
-1.80163
-128.737
44.0912
17.8882
-60.6565
-130.389
172.181
-67.9587
-152.029
-115.954
-129.926
-268.041
-157.854
-69.7284
-446.839
154.515
11.4247
-403.882
37.4727
125.966
-317.003
-226.332
41.614
-498.624
171.117
24.4081
-266.07
-403.471
44.5437
-224.553
-464.905
325.382
-575.429
348.304
-51.6969
-425.009
-29.4442
34.0444
-368.963
-151.621
271.261
-419.95
-18.3723
-34.4641
-209.579
-71.7802
65.991
-143.551
148.578
117.867
55.8398
-166.841
-48.0755
27.3182
129.142
38.1015
-189.184
265.557
-103.981
-128.227
-134.443
-56.4054
-209.674
-137.942
94.268
-250.883
-153.199
32.1395
-360.652
33.3753
3.55386
-156.95
-371.977
114.384
-449.722
317.871
134.489
-164.971
-267.734
110.996
-174.308
-227.472
197.254
-259.185
-15.6297
-352.02
-299.422
57.3686
-71.7881
-186.876
-253.13
63.4522
-416.203
218.634
-176.936
-182.949
-286.923
111.198
-192.311
-278.93
203.24
-338.196
209.382
124.64
-303.312
250.097
-22.5707
246.382
-712.074
-63.5912
-104.951
403.955
137.555
304.139
-314.554
-12.9163
-67.1632
141.775
-53.5232
282.564
-654.867
114.417
-55.0453
17.0843
240.175
-116.084
57.9494
-9.87014
24.4839
-250.435
-83.8791
-161.507
117.045
-205.521
77.3959
-453.381
17.9723
-67.7786
-206.893
152.414
-4.07724
-365.741
57.1378
-217.447
77.8972
76.797
-184.519
-19.8348
11.2903
-112.465
-159.414
-186.01
-42.5271
-290.028
-126.377
-73.6338
-157.739
68.1402
-265.662
281.652
-199.398
-106.766
-110.327
150.393
-56.9137
-278.757
44.2656
-263.9
145.41
-83.4105
-127.424
-162.563
176.192
-80.8022
-244.66
88.7723
-116.253
-192.87
16.351
-327.79
229.378
95.4606
-179.573
186.877
329.149
-128.27
301.368
124.921
182.388
-281.199
-209.805
-135.033
247.923
254.244
368.393
-849.875
-4.01205
-215.509
344.254
-147.592
-150.635
125.9
24.5087
-238.497
272.353
-40.8921
114.712
-501.26
157.898
-5.86638
-263.553
97.5133
27.5524
-331.987
-5.54244
-142.861
20.9183
38.8129
-62.4081
-181.49
17.4827
-417.451
539.631
42.8577
-244.084
141.352
22.7265
-114.175
-201.26
-90.9513
-144.368
-180.963
-241.289
-46.9551
-414.529
227.728
-122.182
-244.746
162.368
-411.333
407.699
171.534
-136.014
-138.331
220.498
-180.046
-19.9776
72.7833
-86.2286
-169.692
108.53
-164.817
74.0887
92.8778
-191.412
224.285
16.8788
79.9537
-270.375
8.81021
-111.741
239.281
337.263
-179.197
575.073
372.216
-305.928
729.939
-172.714
263.646
-598.562
68.3955
-123.669
98.0462
-7.60589
12.6262
-245.906
-58.8251
-133.39
80.6602
-43.1435
46.8484
-323.511
-56.0061
-186.768
149.05
-14.5721
-189.589
184.408
22.7731
-115.654
-16.0773
212.725
-232.277
233.859
265.833
110.821
-557.409
388.097
-142.06
-50.676
-39.5279
-137.274
-22.787
-121.347
-83.7472
-92.9674
-64.369
-147.9
138.431
-47.17
-115.146
137.224
-16.0774
-59.4212
21.3299
-121.745
142.679
-371.053
-99.8287
45.2235
-25.242
171.736
144.265
-106.267
195.102
123.943
-7.73627
-85.5893
34.3853
228.471
5.83609
-228.595
746.872
282.893
502.778
-780.609
200.753
98.9035
380.555
479.95
-285.69
741.072
-277.034
-79.3745
231.319
-82.0717
-28.6051
108.258
-26.5992
78.5177
-137.07
-36.5925
-92.5758
199.68
4.94736
-111.538
253.039
-10.7088
-98.0013
227.343
87.7272
120.529
-225.821
12.5872
253.745
-495.904
-88.299
-289.161
686.214
-124.301
