-0.560494
-184.755
451.429
-349.384
492.59
30.9141
-210.01
155.893
-216.025
-169.556
-86.6955
165.841
-295.26
-370.209
-156.431
-670.067
354.168
248.886
-476.417
286.215
309.456
23.0234
16.3237
135.882
-271.897
-32.5385
-4.97444
-348.414
-151.812
124.119
-579.02
159.045
-116.897
-533.419
151.109
160.409
-327.4
355.865
240.517
-20.6307
28.215
80.9546
22.8809
-47.3975
3.46515
-248.232
53.6495
125.084
-201.092
-192.634
20.7586
-525.468
417.948
191.13
-456.931
197.385
-166.806
-324.425
-41.7969
-46.2233
-225.178
-179.172
429.121
-402.453
121.77
169.857
-136.828
-145.884
-163.872
-19.7715
91.1594
38.7482
-173.201
-40.2312
-80.358
-180.83
-73.2807
2.51441
-394.426
314.691
-142.223
-418.988
348.858
206.68
-167.439
-329.156
182.956
-233.14
-204.932
-133.719
-429.863
32.7726
114.889
-237.491
-445.358
527.727
-367.807
222.588
171.678
-151.742
-141.088
-239.789
146.767
-367.358
-50.2121
-54.6366
139.935
75.8569
-110.379
-37.4333
-44.355
-366.119
199.419
-75.952
-223.318
-202.525
-288.198
-439.559
204.117
-47.9892
-247.069
-270.906
44.8177
-440.988
218.414
140.844
-249.815
-285.89
234.566
-233.052
-436.972
370.98
-449.832
124.556
-13.4201
-522.136
229.633
22.1003
-295.206
-306.48
438.706
-46.7001
-161.803
103.795
10.0766
-4.0148
-126.538
44.333
17.824
-60.8772
-130.135
171.12
-67.2208
-153.86
-112.146
-130.786
-267.857
-158.629
-69.1353
-445.282
151.451
11.212
-402.927
35.6838
127.422
-315.809
-226.67
40.3173
-495.616
166.269
24.4078
-268.706
-396.134
44.2848
-227.029
-459.156
321.439
-573.508
343.831
-50.4887
-423.682
-32.4368
35.4745
-370.19
-148.292
270.323
-420.371
-18.3228
-33.8154
-209.647
-72.5537
64.9628
-140.746
142.497
117.34
54.0489
-162.542
-46.2457
27.598
128.837
38.6216
-188.123
262.202
-102.647
-130.581
-129.521
-57.1264
-210.325
-136.705
93.5241
-250.586
-153.389
30.7848
-357.426
27.3361
4.73411
-159.955
-365.302
112.603
-445.675
308.619
135.241
-167.077
-263.954
109.981
-175.999
-225.035
195.131
-261.86
-11.281
-346.946
-298.868
55.2587
-71.3025
-188.293
-250.908
61.2338
-413.754
212.199
-175.171
-186.64
-280.282
112.746
-194.346
-275.436
202.323
-335.63
203.208
121.654
-301.506
245.211
-23.8289
243.841
-706.98
-61.8617
-105.197
404.223
137.737
304.739
-314.782
-13.0007
-67.1695
141.881
-53.3729
281.83
-653.222
113.569
-54.3368
15.8037
239.295
-113.853
53.3163
-8.381
23.0771
-247.519
-81.5289
-159.736
113.19
-203.527
74.3381
-446.609
16.4689
-68.2035
-206.076
150.643
-6.76459
-360.074
55.504
-215.143
73.1577
75.5824
-180.857
-27.198
9.98011
-111.441
-161.989
-180.492
-44.351
-286.263
-124.433
-75.0392
-155.615
67.198
-265.257
279.88
-197.732
-108.025
-108.075
147.863
-59.311
-273.211
44.3282
-260.427
138.262
-80.2565
-127.67
-161.651
175.992
-82.5416
-241.011
86.8563
-119.195
-186.652
16.8933
-324.992
223.578
96.6664
-179.042
185.299
326.997
-126.781
297.384
121.61
179.884
-275.929
-210.155
-134.15
245.43
253.885
365.792
-844.653
-4.01026
-212.051
336.784
-147.047
-147.867
120.379
25.1217
-237.879
271.311
-39.7009
110.134
-490.994
156.099
-5.69381
-263.362
96.9472
24.6411
-325.514
-5.42876
-143.18
21.489
39.0729
-61.8912
-182.634
17.4995
-408.726
521.407
44.6164
-242.516
138.132
20.8279
-115.515
-197.679
-89.2761
-146.721
-175.017
-238.048
-49.8449
-407.097
224.845
-123.485
-241.128
160.498
-404.587
394.341
171.772
-136.037
-137.022
220.336
-179.721
-19.3347
73.3158
-89.4149
-162.04
110.05
-163.327
71.4654
93.4928
-189.178
220.529
17.6715
77.8008
-264.698
9.33594
-112.815
242.189
335.206
-174.732
566.082
369.764
-300.127
718.66
-173.854
258.378
-587.431
65.3594
-122.627
95.7848
-7.86095
9.92103
-240.311
-58.237
-131.844
77.2281
-41.974
43.5936
-316.739
-53.8461
-183.453
142.374
-12.1381
-185.734
177.046
21.7993
-117.495
-11.8492
210.068
-226.337
221.544
262.183
105.082
-545.389
385.708
-144.639
-45.3941
-37.3554
-137.271
-22.6725
-118.154
-84.2693
-91.7432
-65.5862
-145.062
132.655
-50.1566
-111.643
129.867
-16.1835
-59.0346
20.5936
-118.745
136.429
-357.883
-96.7371
45.3245
-24.711
169.34
143.195
-103.822
192.575
126.942
-13.3424
-82.4987
32.2857
233.232
7.82124
-220.448
729.926
282.73
494.416
-762.882
200.948
104.012
369.481
479.731
-285.37
739.126
-277.979
-79.0053
229.712
-82.8208
-29.8527
110.301
-27.1279
73.4919
-127.017
-34.954
-89.7015
193.672
6.31735
-107.187
243.538
-11.4408
-97.4943
225.929
84.6189
116.6
-218.238
11.3687
245.929
-480.012
-86.4178
-282.383
671.345
-121.932
