-117.831
-130.241
20.4785
-202.51
-59.428
-33.6511
-62.3081
-60.4877
216.895
-144.007
-36.9723
58.7812
-367.229
-73.2548
81.4065
-433.334
-55.6409
66.8233
-294.108
2.76605
125.026
20.5552
45.471
-28.6276
-224.006
-16.8675
14.763
-347.975
-55.6316
22.7813
-390.792
-45.6136
52.1872
-382.804
-0.187611
80.9331
-220.527
68.2747
167.682
100.758
105.855
-126.187
-52.8442
69.0454
14.2422
-215.414
18.1116
-2.8213
-306.571
2.10508
10.8618
-345.139
-3.14419
29.6911
-358.562
-2.51109
61.7083
-344.107
-5.51449
100.866
-301.491
-38.4536
147.467
-277.6
-83.8632
98.9175
-155.311
-37.5141
31.0516
-40.6017
149.321
9.28325
-203.121
60.503
19.7399
-273.008
21.1239
21.2695
-305.971
-1.2836
31.5576
-327.002
-23.7759
43.6979
-339.646
-49.5008
63.3982
-350.337
-86.3341
69.1866
-374.925
-134.581
90.2583
-350
-157.246
110.042
-227.955
-129.446
82.3119
-134.561
-102.477
14.4135
-5.72214
-36.185
-20.6411
53.5828
-13.3619
-17.6766
-158.477
48.8764
-6.80298
-255.184
-18.8408
1.34873
-285.492
-48.5934
11.099
-293.488
-62.0525
21.3813
-303.486
-75.1398
33.8423
-313.442
-84.8335
46.6381
-323.832
-99.3309
61.082
-332.9
-116.806
64.4077
-333.972
-131.989
63.6793
-332.605
-154.968
68.7023
-296.828
-160.868
75.2038
-109.73
-89.5582
56.3762
19.6993
-45.125
21.2399
105.683
-16.6881
44.7034
66.4818
47.3366
-11.1071
-133.992
-43.3117
-25.6495
-238.816
-87.5945
-28.6334
-272.863
-98.5465
-10.6495
-278.398
-101.094
3.51929
-271.141
-101.523
13.9669
-270.075
-106.793
23.109
-277.289
-118.66
33.2743
-287.178
-129.626
42.7727
-301.983
-141.145
56.721
-317.114
-153.52
66.7319
-318.814
-158.911
68.5899
-308.912
-156.508
64.5792
-196.088
-103.889
59.4552
-72.421
-42.3415
44.1638
4.38356
-4.92165
29.0089
83.7612
14.022
34.6
40.4159
4.17068
-37.5987
-107.604
-59.9611
-41.8208
-175.978
-91.0587
-40.6012
-214.877
-104.974
-28.8419
-228.471
-111.225
-19.4918
-234.462
-113.526
-9.81872
-234.111
-112.845
-0.376926
-230.479
-112.011
9.92493
-229.787
-112.164
19.7377
-230.704
-113.406
28.6496
-232.166
-115.798
34.893
-247.328
-125.729
41.1008
-257.19
-134.247
50.9046
-254.533
-139.181
62.3193
-234.655
-137.532
68.334
-173.477
-114.878
60.394
-115.053
-85.754
48.1073
-29.4537
-36.1832
35.5801
89.4274
18.3243
85.8354
215.437
-30.229
-21.6273
122.26
-99.4697
0.980011
59.0973
-137.761
16.8993
29.63
-143.736
5.8648
-5.79437
-149.919
-23.936
-28.3738
-143.955
-40.1487
-53.5222
-136.354
-38.6289
-83.141
-138.618
-29.1276
-110.366
-141.692
-22.6139
-131.747
-138.541
-14.1071
-146.93
-132.333
-7.24441
-158.395
-127.325
-0.650686
-168.041
-122.046
5.92111
-172.156
-113.417
11.1001
-172.105
-105.29
14.6269
-170.876
-98.2814
18.1591
-174.437
-94.653
19.9374
-174.187
-89.5102
22.1276
-171.752
-83.8781
24.0624
-166.49
-75.4655
25.1237
-165.066
-66.9475
24.3155
-167.132
-60.8289
26.7144
-155.633
-49.8002
37.6792
-82.6171
-13.4523
42.8989
-2.23956
24.099
38.1998
55.4949
50.4695
61.6565
91.5745
66.1776
153.532
85.7943
-35.7417
-81.0237
15.6396
-87.621
-20.631
-31.128
-106.568
23.5292
-62.567
-103.669
37.7845
-79.1562
-99.2556
34.1773
-90.218
-97.2095
28.5959
-96.4862
-94.1332
25.8012
-104.491
-95.5778
24.0244
-114.062
-98.6307
19.439
-124.431
-98.553
16.7644
-133.21
-97.0557
13.4837
-140.56
-95.795
14.7076
-144.497
-90.2281
17.6215
-145.442
-81.9005
20.006
-145.587
-74.2355
23.3259
-142.609
-66.0369
26.7595
-139.893
-56.5263
30.8522
-136.293
-49.1974
34.2809
-128.341
-39.4565
36.3298
-109.584
-22.9777
36.7994
-81.4456
-0.347888
38.142
-52.9713
22.4729
40.6791
-18.8015
52.4554
43.5354
33.5769
87.8933
71.1932
102.076
90.6911
-90.8043
28.8427
26.7952
-55.8399
-18.5644
-13.3799
-40.1808
-43.4965
-34.3913
-28.668
-48.5455
-41.4681
-15.2282
-55.5105
-48.3753
-1.78928
-60.8688
-47.4382
10.2013
-63.0487
-44.0915
18.9518
-76.0778
-43.1175
34.5748
-94.6734
-41.9453
38.0717
-119.489
-47.3535
32.9271
-133.089
-49.27
25.4225
-131.63
-45.7053
16.6078
-118.835
-38.1076
7.97825
-96.8739
-27.3025
2.37998
-79.6026
-19.139
0.550412
-70.9373
-15.2992
3.75163
-49.9004
-9.37149
6.36391
-7.07756
8.51226
14.7929
29.8975
26.9161
26.7578
52.6321
42.8874
45.9557
51.8294
53.3162
61.2954
44.6992
54.6117
76.026
47.147
54.0075
84.7718
37.2807
48.7588
90.7686
-17.1971
120.706
5.47517
-36.9215
103.833
5.06263
-40.4167
97.0142
5.60307
-35.1656
95.9889
5.03742
-26.427
93.7116
3.17412
-16.3629
91.0732
3.56716
-5.35237
88.832
3.32469
4.55924
85.6274
0.95479
20.3328
85.4366
7.48196
59.6708
96
23.5299
