-1.10202
-183.663
450.458
-348.856
491.227
30.2595
-210.456
155.742
-214.231
-169.679
-86.3205
165.47
-295.745
-369.032
-156.422
-668.688
351.158
249.744
-476.712
287.157
309.062
22.7577
16.755
135.585
-272.215
-31.9114
-5.51347
-348.281
-152.016
123.684
-577.222
156.656
-117.828
-532.766
150.78
161.372
-327.419
356.453
241.575
-20.6024
28.2338
81.019
22.3229
-46.2872
3.4283
-248.824
54.5384
124.849
-202.531
-189.845
18.497
-522.913
412.021
189.792
-456.258
195.376
-165.633
-325.333
-40.5346
-43.7784
-226.993
-175.648
429.708
-402.187
120.407
169.442
-137.354
-145.233
-163.659
-20.0666
91.8336
38.9812
-174.718
-36.8476
-80.8825
-181.882
-71.8807
3.58226
-392.353
309.294
-141.556
-417.318
343.461
206.62
-169.337
-326.158
182.906
-235.168
-201.43
-132.843
-430.563
34.2791
114.992
-237.863
-444.584
525.416
-366.483
219.694
171.495
-151.685
-141.178
-238.269
145.441
-363.826
-51.2186
-53.4134
137.328
75.0658
-111.352
-35.4259
-45.4412
-365.612
198.135
-74.5446
-224.156
-200.647
-285.863
-436.423
198.013
-45.7765
-246.738
-270.657
44.2596
-440.395
217.228
139.061
-251.605
-281.463
233.209
-233.666
-434.643
369.113
-449.013
123.429
-12.4285
-520.164
225.799
22.4344
-296.051
-304.283
436.232
-46.7381
-161.543
104.014
11.0402
-5.40282
-125.088
44.4881
17.7801
-61.0178
-129.966
170.418
-66.7368
-155.038
-109.702
-131.318
-267.744
-159.118
-68.743
-444.261
149.441
11.0535
-402.325
34.5572
128.326
-315.087
-226.784
39.4497
-493.677
163.144
24.4027
-270.398
-391.416
44.1292
-228.634
-455.424
318.876
-572.235
340.868
-49.6626
-422.86
-34.3013
36.4365
-370.946
-146.236
269.679
-420.629
-18.3395
-33.4043
-209.698
-73.0502
64.2717
-138.943
138.583
117.011
52.8687
-159.71
-45.025
27.7715
128.643
38.9631
-187.423
259.993
-101.769
-132.106
-126.335
-57.5813
-210.731
-135.933
93.0363
-250.409
-153.475
29.9149
-355.361
23.4808
5.47785
-161.914
-360.952
111.407
-443.073
302.657
135.716
-168.456
-261.48
109.325
-177.084
-223.484
193.743
-263.548
-8.57033
-343.613
-298.51
53.8894
-70.9731
-189.23
-249.432
59.8087
-412.176
208.057
-173.99
-189.005
-276.035
113.709
-195.664
-273.18
201.713
-333.951
199.161
119.702
-300.335
242.035
-24.6275
242.135
-703.549
-60.7261
-105.339
404.362
137.844
305.117
-314.873
-13.0367
-67.1377
141.874
-53.27
281.307
-652.053
113.01
-53.8427
14.9005
238.708
-112.409
50.3158
-7.40769
22.1751
-245.651
-79.9942
-158.581
110.676
-202.205
72.3427
-442.191
15.4887
-68.4689
-205.562
149.467
-8.48851
-356.432
54.4437
-213.668
70.1249
74.785
-178.529
-31.8759
9.12506
-110.795
-163.623
-176.918
-45.5408
-283.815
-123.185
-75.9402
-154.267
66.5921
-264.953
278.634
-196.589
-108.841
-106.622
146.222
-60.8491
-269.659
44.3699
-258.219
133.708
-78.21
-127.83
-161.063
175.836
-83.6684
-238.646
85.6446
-121.076
-182.674
17.249
-323.18
219.821
97.4552
-178.701
184.278
325.556
-125.842
294.851
119.443
178.259
-272.511
-210.357
-133.578
243.815
253.65
364.075
-841.206
-4.00325
-209.786
331.893
-146.675
-146.063
116.78
25.5119
-237.446
270.572
-38.9218
107.156
-484.313
154.925
-5.62297
-263.149
96.5732
22.7609
-321.328
-5.36328
-143.333
21.7492
39.2298
-61.6008
-183.284
17.5183
-403.117
509.687
45.7456
-241.491
136.022
19.608
-116.396
-195.335
-88.1552
-148.203
-171.253
-235.918
-51.6778
-402.362
222.966
-124.319
-238.799
159.327
-400.24
385.743
171.933
-136.091
-136.094
220.214
-179.512
-18.9191
73.6621
-91.4294
-157.182
111.001
-162.364
69.7821
93.8913
-187.716
218.076
18.1729
76.3619
-260.922
9.68981
-113.488
244.023
333.862
-171.839
560.26
368.156
-296.349
711.322
-174.586
254.969
-580.22
63.3764
-121.957
94.3316
-8.04073
8.15069
-236.65
-57.8544
-130.846
75.0147
-41.2007
41.5191
-312.42
-52.4496
-181.321
138.081
-10.5768
-183.281
172.365
21.1895
-118.644
-9.19927
208.368
-222.503
213.6
259.827
101.381
-537.63
384.158
-146.254
-42.0757
-35.9286
-137.257
-22.6122
-116.116
-84.6008
-90.95
-66.3672
-143.278
129.035
-52.0527
-109.422
125.215
-16.2645
-58.7669
20.0917
-116.83
132.465
-349.521
-94.7693
45.388
-24.3578
167.794
142.523
-102.277
190.946
128.802
-16.7949
-80.4869
31.0024
236.162
9.11084
-215.206
719.026
282.627
489.035
-751.469
201.071
107.306
362.355
479.586
-285.132
737.807
-278.567
-78.7813
228.707
-83.3322
-30.6595
111.623
-27.4788
70.2879
-120.611
-33.9188
-87.8861
189.874
7.18058
-104.449
237.55
-11.8913
-97.1367
224.954
82.6426
114.079
-213.373
10.6
240.928
-469.847
-85.2125
-278.038
661.805
-120.411
