0.0790446
-186.048
452.586
-350.015
494.204
31.6904
-209.475
156.08
-218.165
-169.405
-87.1532
166.295
-294.696
-371.597
-156.415
-671.735
357.792
247.847
-476.065
285.071
309.897
23.3476
15.797
136.238
-271.494
-33.3319
-4.30424
-348.59
-151.53
124.669
-581.205
161.964
-115.763
-534.219
151.532
159.222
-327.359
355.101
239.202
-20.6642
28.1936
80.8753
23.5618
-48.7523
3.51518
-247.488
52.5191
125.37
-199.372
-195.961
23.5056
-528.577
425.158
192.755
-457.76
199.845
-168.205
-323.328
-43.3257
-49.1883
-222.97
-183.465
428.352
-402.755
123.371
170.366
-136.203
-146.646
-164.108
-19.4037
90.3251
38.4667
-171.339
-44.3787
-79.7183
-179.574
-74.9429
1.23048
-396.953
321.263
-143.01
-421.028
355.434
206.747
-165.151
-332.748
183
-230.668
-209.198
-134.773
-428.971
30.8536
114.733
-237.057
-446.242
530.48
-369.372
226.022
171.904
-151.803
-140.975
-241.582
148.358
-371.588
-48.9848
-56.1058
143.063
76.8126
-109.194
-39.8825
-43.0349
-366.701
200.906
-77.6553
-222.321
-204.764
-291.021
-443.377
211.557
-50.6807
-247.507
-271.115
45.4727
-441.685
219.815
143.007
-247.636
-291.263
236.22
-232.317
-439.754
373.207
-450.8
125.852
-14.6463
-524.486
234.189
21.6966
-294.176
-309.154
441.684
-46.6656
-162.091
103.573
8.89801
-2.29637
-128.256
44.1447
17.8744
-60.7055
-130.333
171.95
-67.7971
-152.434
-115.112
-130.119
-267.999
-158.026
-69.5991
-446.498
153.844
11.3812
-403.669
37.0735
126.293
-316.732
-226.423
41.3329
-497.96
170.047
24.4088
-266.653
-401.849
44.4847
-225.098
-463.64
324.515
-575.01
347.329
-51.4378
-424.711
-30.1153
34.3537
-369.24
-150.871
271.06
-420.045
-18.3535
-34.3198
-209.593
-71.9512
65.7686
-142.931
147.235
117.749
55.4486
-165.902
-47.6783
27.381
129.074
38.2153
-188.952
264.823
-103.689
-128.745
-133.359
-56.5661
-209.82
-137.665
94.1051
-250.815
-153.247
31.8399
-359.938
32.0363
3.81713
-157.61
-370.511
113.998
-448.828
315.828
134.657
-165.432
-266.905
110.772
-174.682
-226.931
196.788
-259.781
-14.6549
-350.91
-299.3
56.9043
-71.6836
-187.185
-252.647
62.9617
-415.662
217.213
-176.553
-183.767
-285.451
111.546
-192.759
-278.159
203.04
-337.634
208.03
123.985
-302.914
249.023
-22.8504
245.832
-710.973
-63.2128
-105.008
404.02
137.597
304.273
-314.613
-12.9379
-67.1703
141.811
-53.491
282.41
-654.521
114.232
-54.8948
16.8139
239.984
-115.592
56.929
-9.5436
24.1726
-249.79
-83.3635
-161.118
116.198
-205.087
76.7249
-451.895
17.6423
-67.8738
-206.71
152.029
-4.6718
-364.488
56.7783
-216.937
76.8474
76.5312
-183.705
-21.471
11.0028
-112.237
-159.986
-184.795
-42.9274
-289.201
-125.947
-73.9448
-157.267
67.932
-265.579
281.277
-199.041
-107.043
-109.83
149.836
-57.444
-277.529
44.2792
-263.128
143.823
-82.7164
-127.478
-162.361
176.153
-81.1853
-243.857
88.3456
-116.905
-191.493
16.4697
-327.173
228.101
95.7249
-179.456
186.529
328.683
-127.938
300.483
124.195
181.837
-280.038
-209.886
-134.838
247.374
254.165
367.825
-848.736
-4.0126
-214.752
342.617
-147.475
-150.028
124.688
24.6448
-238.366
272.134
-40.6309
113.706
-499.004
157.503
-5.82178
-263.525
97.3898
26.9103
-330.56
-5.51605
-142.94
21.0618
38.872
-62.2872
-181.756
17.4851
-415.522
535.604
43.2466
-243.74
140.647
22.3068
-114.468
-200.475
-90.5881
-144.893
-179.64
-240.58
-47.5979
-412.879
227.095
-122.471
-243.946
161.95
-409.843
404.748
171.585
-136.013
-138.056
220.465
-179.974
-19.836
72.9005
-86.9384
-167.991
108.87
-164.489
73.5085
93.0132
-190.922
223.461
17.0553
79.4867
-269.141
8.92392
-111.981
239.929
336.812
-178.214
573.093
371.679
-304.654
727.46
-172.966
262.486
-596.11
67.7295
-123.439
97.5462
-7.65974
12.0334
-244.68
-58.6959
-133.049
79.9028
-42.8886
46.1261
-322.008
-55.53
-186.036
147.575
-14.0335
-188.732
182.772
22.5553
-116.067
-15.1321
212.136
-230.967
231.142
265.028
109.554
-554.757
387.572
-142.637
-49.4961
-39.0525
-137.275
-22.7594
-120.638
-83.8633
-92.6978
-64.6383
-147.266
137.139
-47.8339
-114.366
135.585
-16.0988
-59.3389
21.172
-121.08
141.289
-368.125
-99.1422
45.2461
-25.1265
171.207
144.026
-105.722
194.544
124.617
-8.99985
-84.9102
33.9105
229.544
6.27268
-226.795
743.127
282.856
500.931
-776.694
200.796
100.031
378.109
479.902
-285.624
740.653
-277.246
-79.2908
230.96
-82.2325
-28.8801
108.708
-26.7143
77.4026
-134.839
-36.2274
-91.9352
198.342
5.25296
-110.567
250.92
-10.8738
-97.8944
227.041
87.0366
119.66
-224.144
12.3155
252.013
-492.383
-87.8825
-287.661
682.924
-123.777
