-70.621
-0
105.676
-258.613
149.648
-34.2359
-105.654
0
192.572
-201.471
-0
74.0357
-452.596
-86.2092
41.1849
-536.385
-0
101.244
-441.858
95.9942
196.173
0
0
0
-256.873
-0
70.8324
-406.782
0
35.064
-433.542
0
0
-423.155
0
27.6261
-274.893
167.622
227.308
0
79.9025
-18.8689
-5.87813
13.703
24.0049
-245.361
14.3009
0
-379.465
139.229
0
-385.42
62.9882
24.6467
-386.93
4.81144
81.6098
-383.101
0
47.6533
-345.072
0
236.493
-329.435
-117.781
40.8999
-189.938
-30.4859
-0
-40.0957
180.064
13.6036
-218.472
25.5605
0
-334.993
136.544
28.8672
-310.625
0
74.1664
-330.527
-0
86.7809
-351.102
-0
127.292
-370.791
-11.731
0
-424.439
-56.657
14.26
-309.071
-337.674
73.9752
-230.056
-95.2483
70.0895
-88.0714
-252.836
0
0
-0
0
6.25188
0
0
-165.294
14.3476
0
-292.445
-0
0
-320.803
-0
0
-321.361
-0
1.35636
-286.724
-107.129
0
-329.842
-18.8833
0
-356.659
-0
137.88
-380.886
-4.60228
110.513
-336.949
-133.083
0
-283.389
-324.639
2.41503
-315.653
-309.95
153.03
-134.612
-7.84077
49.242
-0
-0
0
0
-0
0
-0
-0
-0
-194.99
-10.3356
-0
-275.719
-142.784
-0
-356.657
-0
-0
-365.448
-0
0
-346.891
-16.9742
0
-356.294
-2.23044
0
-325.506
-130.959
0
-340.072
-120.894
11.9755
-406.611
-9.24358
125.436
-399.534
-66.232
212.987
-287.685
-292.547
136.548
-338.586
-242.444
0
-271.834
-0
0
-83.3484
-0
0
-0
-0
0
0
0
0
-0
-0
0
-132.267
-113.246
-0
-196.66
-120.969
-0
-264.681
-55.7527
-0
-293.218
-20.7042
0
-310.257
-0
0
-304.765
-7.23851
15.3602
-278.122
-55.0308
41.6991
-291.242
-31.055
34.5969
-235.734
-158.702
18.2106
-266.024
-81.315
0
-266.817
-125.057
2.71206
-309.277
-30.1297
3.52556
-249.286
-159.682
3.96899
-290.224
-74.0795
0
-178.562
-123.04
0
-90.1719
-213.733
0
-21.3842
-0
12.5663
5.94615
0
7.84589
391.621
-0
0
67.9073
-129.252
0
55.3643
-150.766
-0
88.2941
-267.401
-0
16.6658
-227.421
-0
0
-203.481
-0
-0
-211.68
-0
-43.3158
-169.088
-0
-46.8091
-227.609
-0
-94.4126
-151.315
-0
-118.618
-110.176
-0
-159.514
-47.5034
-0
-154.377
-72.9597
0
-132.024
-102.943
37.5455
-144.977
-60.199
39.5553
-140.142
-52.2047
52.1298
-141.119
-69.8748
28.9074
-131.545
-94.7413
15.2651
-180.725
-0
0
-133.513
-98.8005
0
-181.413
-0
0
-162.597
-74.7183
0
-165.925
-111.908
64.6873
-76.2
-18.2454
27.2409
0
-0
11.6312
13.5097
-0
0
-0
-0
254.52
0
-11.3044
-0
0
-158.948
0
-0
-222.899
0
-53.7804
-156.316
47.3921
-139.179
-0
0
-49.787
-212.301
0
-124.517
-46.4412
-0
-99.8829
-124.74
-0
-167.78
-2.80325
-0
-187.347
-0
0
-197.709
-0
0
-165.476
-71.5176
0
-153.397
-112.645
24.2997
-199.739
-0
53.3721
-192.159
-0
69.3615
-181.827
-0
67.6886
-173.581
-0
92.663
-150.209
-30.5786
106.456
-155.794
-0
120.705
-127.936
-0
109.326
-82.6044
-0
52.2403
-33.0266
-0
85.1529
-0
0
88.9806
34.6827
0
114.871
126.218
2.05634
-51.433
0
0
-86.7974
-29.7788
-0
-49.2728
-88.3778
-4.4943
-45.6571
-0
-171.316
-49.8887
-95.6299
-0
-0
-106.618
-0
-0
-95.2926
-0
3.97458
-114.632
0
93.3387
-134.871
0
111.849
-174.985
0
25.9563
-187.156
0
0
-175.283
-0
0
-159.037
-0
0
-118.15
-0
0
-89.613
-0
0
-93.3093
-0
0
-54.9087
-0
26.8798
0
0
100.737
30.6841
0
62.2158
89.9266
0
82.7995
54.9472
65.4826
54.6973
53.5105
0
142.337
72.4869
0
132.17
0
0
66.1059
-274.804
765.447
-0
-0
0
-11.1651
-80.5853
173.095
-0
-34.741
85.5272
0
-65.0241
154.26
18.4225
-8.45049
54.0825
27.1054
-0
54.8537
52.5245
-0
53.1274
35.3614
0
41.2204
0
0
170.842
51.7951
