-11.226
0.908716
8.68285
-15.7536
-2.95607
9.60121
-11.4514
-1.67984
11.7459
-9.33866
5.52288
14.371
-33.6027
-5.22611
13.5603
-42.5178
-8.47222
14.5901
-32.7608
-3.76219
14.424
11.1917
16.7452
13.7378
-23.774
3.48485
10.8
-49.5539
-5.72637
11.0112
-62.3353
-10.1639
12.1989
-60.4636
-9.14979
12.4997
-43.8826
-1.24797
9.07874
33.9864
22.6762
11.3348
0.262598
13.5849
6.36034
-31.7546
3.10497
3.64477
-57.9679
-7.05404
4.11077
-75.1586
-14.2598
5.97636
-82.6015
-18.0855
7.44304
-81.165
-18.5008
7.31167
-72.4045
-15.268
4.81016
-58.1786
-9.79155
-0.742685
-37.699
-0.979321
-9.14899
5.14343
7.88645
7.28032
-29.5281
-6.52297
3.29656
-59.1359
-18.5326
2.32919
-80.8997
-27.7874
3.11762
-95.1958
-34.8128
4.57709
-102.487
-39.4113
5.92161
-103.214
-41.9336
6.2003
-97.7942
-41.6936
4.77744
-85.2994
-36.438
0.84461
-66.3747
-25.5421
-4.35238
-44.9563
-14.5795
-8.3806
-24.3292
-4.65999
-13.7965
-9.91661
1.3492
-18.2152
-12.3764
-12.4072
9.71941
-42.6325
-27.6673
5.54681
-67.9233
-39.7547
2.95024
-87.5716
-48.8226
2.13822
-102.025
-55.631
2.78704
-111.479
-60.1252
4.2586
-115.786
-62.7062
5.78711
-114.91
-63.105
7.16416
-108.473
-61.0469
8.05535
-96.1187
-56.6987
8.15913
-77.7529
-49.4527
6.28611
-52.9246
-38.2356
2.73151
-29.223
-25.8148
-3.51402
-6.15241
-10.895
-9.94652
30.7955
-6.12685
16.129
-0.49581
-23.7701
9.70712
-29.7451
-39.1289
4.32552
-54.1675
-51.4448
0.965177
-73.9773
-60.8279
-0.640451
-89.2812
-67.9165
-1.08749
-101.044
-72.9595
-0.479966
-109.253
-76.4478
0.974014
-113.987
-78.3544
2.81532
-115.136
-78.5533
4.80683
-111.946
-76.8225
6.60941
-103.716
-72.5947
7.6441
-90.2246
-65.6781
7.64844
-70.715
-55.5051
6.46067
-49.1214
-43.683
3.97318
-29.2814
-31.6374
0.241728
-16.3146
-21.544
-3.09495
23.7795
-17.4333
13.6306
-0.21095
-32.1409
8.43376
-22.6007
-45.208
3.40195
-42.6749
-55.9139
-0.374821
-59.7388
-64.3893
-3.02046
-73.5818
-70.6471
-4.34261
-84.4036
-75.0698
-4.75435
-92.4347
-77.9151
-4.4868
-98.0094
-79.3864
-3.48214
-101.239
-79.6735
-2.0763
-102.188
-78.777
-0.403209
-100.634
-76.7151
1.3426
-96.1687
-73.316
3.12753
-88.2728
-68.0136
4.25963
-76.9673
-60.8274
4.93934
-62.6687
-51.7308
4.71259
-47.6458
-41.3843
4.11786
-33.0482
-30.6265
3.66579
-20.6946
-20.5471
3.33495
55.2888
1.0821
10.9255
51.888
-3.48127
8.94784
42.2332
-10.2005
5.0385
32.3546
-16.1224
1.76861
21.4685
-21.8736
-0.622288
10.3967
-27.8196
-1.941
-1.30216
-34.7622
-2.33206
-13.7056
-42.585
-3.91791
-26.0779
-49.7427
-5.73465
-38.1263
-55.9876
-7.41805
-49.3285
-61.1346
-8.68272
-58.9506
-65.1004
-9.3349
-67.2798
-67.7778
-9.7422
-73.8984
-69.3916
-9.57965
-78.7812
-69.9154
-8.97673
-81.8455
-69.3665
-8.13068
-83.4598
-67.9896
-7.0129
-83.4296
-65.6139
-5.51364
-81.6206
-62.2638
-3.99872
-77.9694
-57.9221
-2.28138
-72.5289
-52.5691
-0.296981
-65.3918
-46.3854
1.56859
-56.1596
-39.0804
3.59141
-44.5942
-31.0513
5.43637
-32.966
-23.0912
6.84883
-23.4411
-16.1816
7.93157
-20.1437
-12.4566
7.97482
40.3157
-8.87555
-19.8162
30.2861
-15.4583
-21.2639
18.3307
-22.2223
-20.8569
7.07923
-27.9115
-20.141
-3.70154
-32.8375
-19.2477
-13.9262
-37.3629
-17.948
-23.2865
-41.2645
-16.8546
-31.9181
-44.7313
-16.0322
-39.6266
-47.5354
-15.2887
-46.4406
-49.5033
-14.7369
-52.1354
-50.7899
-13.9079
-56.734
-51.2452
-13.0398
-60.0677
-50.9273
-12.1171
-62.0196
-49.8453
-10.8543
-62.8487
-48.0363
-9.4385
-62.075
-45.4993
-7.80171
-60.2353
-42.1395
-5.9037
-56.9744
-38.2908
-3.95478
-52.4003
-33.904
-1.94593
-46.2733
-28.8396
0.137106
-39.305
-23.5249
2.29667
-31.9681
-18.1009
4.31372
-24.7367
-13.1893
6.17822
-18.3065
-9.14086
7.80477
29.2825
6.12861
-29.9389
20.4403
2.80855
-28.2694
11.0943
-0.6874
-26.3127
2.53441
-3.82845
-24.7934
-5.06091
-6.45796
-23.2915
-11.838
-9.30442
-21.9697
-17.5399
-11.7321
-20.4394
-22.7289
-13.7301
-18.4331
-27.4307
-15.6726
-17.2232
-31.4022
-17.5413
-15.1602
-34.7832
-18.8427
-12.7435
-36.8376
-19.1357
-10.3305
-37.3178
-18.7686
-8.13109
-36.2606
-17.6089
-5.81913
-33.9435
-15.9036
-3.61604
-30.7799
-13.7007
-1.3305
-26.9287
-11.1526
1.21624
-22.1761
-8.38033
3.48733
-17.0362
-5.59748
5.19895
-11.8392
-2.98406
6.69712
-7.65556
-1.02146
7.9364
-4.87251
-0.049377
8.54927
-2.73926
0.222663
8.48404
-1.65393
0.0364169
7.52397
-1.6083
-0.327646
6.15255
-3.80536
13.532
-7.65384
-5.18942
12.3966
-5.07276
-5.86086
11.7727
-2.74427
-5.68509
11.44
-0.482419
-4.86369
10.9251
1.25672
-3.40996
10.4929
3.09749
-1.53301
10.0023
5.25731
0.388812
9.44482
6.68606
2.05973
8.70794
7.26935
3.61753
7.94898
7.65791
