0.372082
-186.642
453.12
-350.307
494.946
32.0473
-209.226
156.169
-219.155
-169.334
-87.3686
166.509
-294.441
-372.233
-156.398
-672.515
359.479
247.362
-475.903
284.534
310.089
23.5001
15.5493
136.403
-271.3
-33.7153
-3.9844
-348.678
-151.386
124.934
-582.229
163.338
-115.231
-534.597
151.738
158.661
-327.333
354.724
238.576
-20.6797
28.1842
80.8378
23.882
-49.3896
3.5406
-247.131
51.9706
125.505
-198.576
-197.498
24.793
-530.036
428.542
193.516
-458.154
201.006
-168.852
-322.815
-44.0407
-50.5762
-221.934
-185.483
427.971
-402.888
124.101
170.605
-135.915
-146.993
-164.211
-19.2278
89.9282
38.3354
-170.458
-46.3362
-79.4177
-178.992
-75.7077
0.633694
-398.141
324.348
-143.37
-421.989
358.523
206.776
-164.085
-334.413
183.015
-229.506
-211.203
-135.263
-428.537
29.9214
114.648
-236.86
-446.637
531.75
-370.088
227.601
172.012
-151.829
-140.922
-242.403
149.096
-373.547
-48.4079
-56.7882
144.514
77.2584
-108.639
-41.0344
-42.4162
-366.963
201.577
-78.4512
-221.861
-205.797
-292.338
-445.169
215.053
-51.9436
-247.725
-271.178
45.7712
-442.004
220.457
144.019
-246.612
-293.78
236.997
-231.978
-441.04
374.236
-451.244
126.433
-15.229
-525.57
236.287
21.5082
-293.692
-310.409
443.07
-46.6538
-162.215
103.486
8.3428
-1.47919
-129.046
44.0565
17.897
-60.6247
-130.424
172.33
-68.063
-151.767
-116.501
-129.8
-268.068
-157.742
-69.8117
-447.059
154.948
11.4518
-404.021
37.7326
125.752
-317.181
-226.267
41.7946
-499.055
171.81
24.4074
-265.691
-404.522
44.5825
-224.2
-465.724
325.943
-575.699
348.932
-51.8626
-425.205
-29.0063
33.8459
-368.782
-152.111
271.389
-419.888
-18.3868
-34.558
-209.57
-71.6693
66.1338
-143.953
149.449
117.944
56.092
-167.447
-48.331
27.2771
129.186
38.028
-189.333
266.03
-104.169
-127.891
-135.145
-56.3008
-209.579
-138.123
94.3732
-250.927
-153.166
32.3337
-361.115
34.2447
3.38245
-156.523
-372.924
114.632
-450.302
319.195
134.38
-164.673
-268.269
111.142
-174.065
-227.824
197.554
-258.797
-16.2658
-352.736
-299.501
57.6691
-71.8552
-186.677
-253.441
63.7703
-416.554
219.556
-177.182
-182.419
-287.878
110.971
-192.021
-279.429
203.368
-338.56
210.255
125.063
-303.569
250.792
-22.3888
246.735
-712.78
-63.8354
-104.914
403.912
137.527
304.052
-314.513
-12.9015
-67.1569
141.749
-53.5438
282.661
-655.086
114.537
-55.1411
17.2557
240.298
-116.402
58.6099
-10.0811
24.6858
-250.854
-84.2122
-161.758
117.592
-205.801
77.8296
-454.341
18.1855
-67.7165
-207.012
152.663
-3.69157
-366.552
57.3704
-217.778
78.5784
76.9686
-185.047
-18.7712
11.4761
-112.613
-159.042
-186.796
-42.2685
-290.564
-126.656
-73.432
-158.046
68.2751
-265.713
281.89
-199.625
-106.587
-110.648
150.753
-56.5697
-279.554
44.2568
-264.402
146.441
-83.8597
-127.389
-162.693
176.217
-80.5543
-245.181
89.0499
-115.83
-193.765
16.2743
-328.188
230.205
95.2899
-179.649
187.102
329.449
-128.487
301.944
125.389
182.745
-281.949
-209.751
-135.158
248.279
254.294
368.759
-850.61
-4.0114
-215.998
345.311
-147.666
-151.028
126.683
24.4203
-238.581
272.492
-41.0608
115.363
-502.718
158.153
-5.89723
-263.567
97.5929
27.9683
-332.911
-5.55993
-142.807
20.82
38.7741
-62.4885
-181.313
17.4815
-418.701
542.242
42.6055
-244.306
141.807
22.9986
-113.986
-201.767
-91.1846
-144.027
-181.824
-241.747
-46.5371
-415.6
228.137
-121.995
-245.263
162.64
-412.298
409.611
171.501
-136.017
-138.506
220.518
-180.092
-20.0694
72.7076
-85.7668
-170.798
108.308
-165.03
74.4649
92.7902
-191.728
224.817
16.764
80.2537
-271.17
8.73721
-111.585
238.859
337.555
-179.833
576.355
372.563
-306.752
731.541
-172.551
264.398
-600.148
68.8258
-123.819
98.3705
-7.57172
13.009
-246.698
-58.9086
-133.61
81.151
-43.3078
47.3177
-324.487
-56.3144
-187.244
150.007
-14.9215
-190.145
185.471
22.9151
-115.386
-16.6933
213.107
-233.126
235.62
266.355
111.641
-559.126
388.438
-141.684
-51.4448
-39.8347
-137.273
-22.8057
-121.807
-83.6717
-93.1419
-64.1944
-148.312
139.274
-46.7383
-115.652
138.29
-16.0641
-59.4735
21.4309
-122.177
143.584
-372.957
-100.275
45.2088
-25.3162
172.079
144.421
-106.621
195.463
123.502
-6.90962
-86.0284
34.6963
227.768
5.55367
-229.762
749.299
282.916
503.975
-783.147
200.724
98.173
382.141
479.981
-285.731
741.341
-276.896
-79.4295
231.554
-81.9689
-28.427
107.966
-26.525
79.2421
-138.519
-36.8301
-92.9927
200.551
4.74838
-112.17
254.419
-10.6008
-98.069
227.536
88.176
121.093
-226.91
12.7641
254.868
-498.189
-88.5692
-290.134
688.348
-124.64
