-51.0422
-92.9246
367.703
-311.523
375.362
-23.0438
-234.659
153.935
-84.0275
-172.04
-75.9434
152.977
-350.849
-253.624
-113.546
-595.948
174.404
278.384
-494.669
316.805
243.849
11.9749
31.8048
115.758
-266.701
-40.3181
-15.647
-361.551
-111.413
111.776
-489.489
60.1056
-140.803
-506.601
157.968
181.29
-300.842
311.224
258.718
-12.3071
20.4911
80.7918
-6.31388
13.7084
8.13229
-252.144
50.5493
91.8316
-292.585
-12.1483
-80.6576
-413.924
157.347
116.707
-431.444
113.579
-76.9564
-370.083
27.1726
70.9618
-297.009
-47.6728
393.004
-363.814
-4.68325
170.132
-182.815
-77.2474
-118.375
-37.9815
132.898
39.6651
-224.241
74.2253
-87.7924
-256.142
31.4091
59.6467
-316.549
81.1233
-76.9305
-364.096
127.842
177.577
-277.757
-148.117
159.474
-318.433
-72.4939
-66.9163
-418.548
-2.15594
88.0076
-291.25
-317.034
359.894
-261.891
4.83048
166.738
-144.471
-136.932
-119.361
70.4249
-157.442
-86.9923
12.7356
-5.08474
39.6037
-159.884
49.1328
-69.3022
-318.741
81.4857
-7.27186
-275.356
-90.3994
-148.245
-319.433
-19.8966
47.2544
-269.607
-165.624
4.42875
-385.474
103.62
56.5559
-321.446
-96.7182
166.896
-287.196
-253.936
222.813
-386.046
-7.62599
0.510459
-393.386
-38.6388
43.0181
-333.847
-214.213
298.93
-64.0127
-118.69
154.872
39.0993
-29.9253
-30.6638
48.0185
13.5839
-61.3729
-108.031
106.875
-26.8482
-199.694
-22.5033
-114.143
-281.312
-141.433
-41.1019
-376.573
16.5795
-8.21996
-378.387
-1.07961
121.7
-320.793
-131.147
-25.2579
-396.065
16.7376
27.878
-338.41
-170.277
47.7696
-317.645
-228.765
151.728
-461.42
89.2937
42.0705
-413.564
-65.8758
134.489
-370.71
-142.389
192.104
-418.089
-72.3298
-19.2177
-224.734
-86.8486
3.97495
-69.5985
-21.0428
104.053
-22.3243
18.2974
44.2961
24.2235
120.223
55.283
-128.563
94.801
-39.8911
-192.532
1.30856
-57.9356
-221.614
-106.134
51.0512
-259.252
-108.716
-3.33355
-280.592
-95.5201
17.4853
-265.412
-123.438
9.84143
-323.934
25.9551
131.725
-246.585
-118.868
67.4453
-233.882
-141.462
102.414
-293.122
-0.168778
-93.5549
-273.14
-32.3129
-23.5317
-251.463
-141.204
-3.28684
-337.151
20.1881
-62.3673
-283.763
-105.875
119.509
-264.015
-157.018
148.507
-232.034
-48.8079
1.38474
-222.161
36.5867
-42.2982
74.6945
-347.24
4.35361
-73.969
325.008
123.107
311.099
-227.174
15.6648
-0.473831
6.86481
-38.0483
178.853
-425.102
73.6926
15.6303
-121.054
172.869
-34.6309
-111.05
41.6525
-5.88709
-186.848
4.73448
-81.1798
-52.3018
-93.6663
-36.7573
-195.738
-30.9431
-75.6743
-182.266
48.5336
-77.6277
-199.781
-8.43814
-150.912
-54.7129
18.1676
-115.075
-151.391
-30.6815
-101.699
-193.73
-2.71936
-104.292
-170.172
-65.0419
-116.988
-106.841
43.3954
-194.511
85.6741
-60.5965
-150.134
-42.27
54.4263
-128.606
-116.693
40.026
-177.634
-34.3976
32.4078
-135.525
-127.66
130.57
-140.445
-111.414
55.4001
-191.507
-25.6613
47.5871
-238.502
49.3624
145.32
-150.079
111.064
184.109
-85.371
180.457
7.31699
78.0042
-58.4378
-177.589
-73.5562
122.063
231.389
221.087
-548.391
-5.60516
-60.677
9.47591
-90.434
-56.5109
-64.5281
39.2077
-167.836
129.456
3.92396
-45.2636
-142.257
76.2219
-47.1821
-158.857
62.9101
-71.1083
-113.314
2.67821
-117.313
-38.4925
35.7334
-90.0014
-133.964
16.228
-167.557
5.43154
76.963
-179.632
-0.693041
-16.0732
-166.65
-69.9638
12.6151
-178.999
-75.5021
-84.2565
-123.65
-202.011
108.976
-158.581
-130.672
130.944
-208.033
11.7298
176.968
-163.474
-43.64
183.293
-172.357
1.80504
101.654
-152.233
0.608942
126.049
-126.445
15.3936
106.339
-116.146
101.485
31.3863
-30.9716
3.11479
59.0015
-106.68
245.584
239.185
-36.4392
289.459
266.366
-82.5047
309.41
-195.055
82.4019
-204.736
-44.8563
-82.5533
14.6814
-33.9442
-84.651
-44.152
-39.3974
-85.4809
-22.511
-0.747499
-42.8963
-133.414
14.1056
-96.701
-29.6448
57.6993
-95.7638
8.78659
17.2106
-110.71
-10.9397
138.323
-63.3788
-108.876
141.926
-60.0486
-191.646
279.033
-171.012
20.7206
64.0992
-137.934
-8.36438
-32.6472
-102.152
-35.5019
-90.6298
-85.174
24.5506
-100.163
-40.2365
-8.53121
-39.2182
-40.1634
-6.40534
-46.9763
0.579202
-61.9724
-27.4454
51.4474
-9.81115
97.5354
126.905
-59.8152
104.765
148.34
-29.6498
33.782
43.3624
222.228
73.2549
18.4494
231.815
276.237
244.365
-228.159
200.838
249.945
58.8521
461.455
-231.319
583.444
-259.952
-91.8275
229.607
-143.303
-66.9004
167.89
-60.34
-43.7668
104.079
-1.56885
-42.8585
94.6789
23.4592
-39.1145
89.6135
-10.967
-53.135
126.248
16.0278
8.5441
-9.14906
-3.33872
33.2462
-50.8693
-35.3869
-82.7209
237.666
-42.0093
