-0
-0
0
-0
-0
0
-0
-0
0
-0
-0
0
-0
-0
0
-1.24587
-0
0
-0
-0
0
0
-0
-0
-0
-0
0
-18.9962
-0
0
-477.542
-0
0
-74.7092
-0
0
-0
-0
0
0
0
-0
-0
0
-0
-0
-0
-0
-64.9266
-0
0
-397.777
-0
0
-292.218
-0
0
-266.055
-0
0
-0
-0
0
-0
-0
0
-0
-0
-0
-0
0
-0
-0
-0
-0
-4.37682
-0
-0
-356.778
-0
0
-307.712
-0
0
-339.256
-0
0
-317.772
-0
0
-336.502
-66.2593
0
-191.36
-0
0
-0
-0
0
-0
-0
0
-0
-0
0
0
-0
-0
-0
-0
-0
-0
-0
-0
-139.909
-0
-0
-312.513
-0
0
-307.349
-0
0
-326.873
-0
0
-296.217
-110.03
0
-336.335
-158.575
0
-278.589
-276.564
0
-370.598
-81.4124
0
-30.3661
-0
0
-0
-0
0
-0
-0
0
0
-0
0
0
-0
-0
-0
-0
-0
-0
-0
-0
-0
-0
-0
-192.281
-134.645
-0
-254.433
-94.5581
0
-302.009
-0
0
-277.275
-83.0253
0
-262.144
-148.896
0
-292.573
-136.411
0
-261.842
-242.724
0
-285.143
-275.054
0
-241.969
-99.5876
0
-0
-0
0
-0
-0
0
-0
-0
0
-0
-0
0
0
-0
-0
-0
-0
-0
-0
-0
-0
-0
-0
-0
-0
-280.315
-0
-161.648
-186.59
-0
-253.605
-0
0
-213.705
-86.005
0
-248.308
-0
0
-153.378
-213.537
0
-250.29
-0
0
-128.251
-307.141
0
-263.696
-86.7565
0
-188.803
-332.925
0
-91.3734
-24.2075
0
-0
-0
0
-0
-0
0
-0
-0
0
-0
-0
0
561.409
0
0
0
-0
0
0
-0
-0
0
-0
-0
0
-0
-0
0
-0
-0
-0
-0
-0
-0
-0
-0
-0
-0
-0
-0
-93.1877
-0
-0
-275.858
-0
-0
-340.204
-0
-179.751
-5.14101
-0
-149.882
-125.469
-0
-207.27
-0
-0
-154.442
-69.6161
0
-136.925
-132.035
0
-193.461
-0
0
-33.5418
-336.954
0
-154.047
-0
0
-75.6935
-0
0
-0
-0
0
-0
-0
0
-0
-0
0
-0
-0
0
-0
-0
0
0
-0
0
0
-0
-0
0
-0
-0
0
-0
-0
0
-0
-0
-0
-0
-0
-0
-0
-0
-0
-0
-0
-0
-0
-0
-0
-32.7221
-0
-0
-166.294
-0
-0
-101.41
-0
-149.417
-0
-0
-146.88
-0
-0
-128.695
-0
-0
-126.871
-0
0
-105.811
-0
0
-46.6339
-0
0
-0
-0
0
-0
-0
0
-0
-0
0
-0
-0
0
-0
-0
0
-0
-0
0
0
0
0
0
0
-0
0
0
-0
0
0
-0
0
0
-0
0
0
-0
-0
0
-0
-0
-0
-0
-0
-0
-0
-0
-0
-0
-0
-0
-0
-0
-0
-0
-0
-0
-0
-0
-0
-0
-0
-0
0
-0
-0
0
-0
-0
0
-0
0
0
-0
0
0
0
0
0
0
0
0
0
0
0
0
0
0
0
0
0
0
0
0
0
0
0
0
0
-0
0
0
-0
0
0
0
0
0
0
0
0
0
0
0
0
0
0
0
0
0
0
0
0
0
0
0
0
