-54.4917
-83.9684
13.09
-71.4123
-87.1212
30.5289
-32.3777
-65.5437
79.2983
-51.8098
-39.6781
18.1167
-157.465
-68.1494
34.6708
-186.4
-68.9424
50.1088
-118.35
-45.6385
76.0093
27.7255
20.7251
-14.956
-109.916
-16.1968
6.06111
-200.125
-40.9769
22.8699
-235.432
-46.8852
39.2027
-214.603
-36.147
56.4495
-125.761
-7.28334
67.7509
96.1854
69.925
-48.4562
-19.2612
43.7768
-26.0473
-123.747
12.2962
-8.88717
-200.149
-13.0432
7.75049
-242.51
-27.8185
23.9118
-254.964
-34.3699
39.3355
-241.389
-37.9681
51.3054
-205.368
-38.2005
53.2381
-156.25
-33.4431
34.2577
-77.2535
-7.85005
2.29555
-4.05198
59.7341
-17.2709
-108.573
17.0712
-4.35702
-183.996
-14.3295
6.41273
-231.215
-36.2687
16.8288
-259.121
-53.8113
27.3575
-273.022
-69.1611
37.6499
-274.975
-85.1535
44.3689
-264.318
-98.104
46.7669
-228.196
-95.161
39.7073
-161.508
-69.9287
22.1832
-88.2104
-42.1133
3.61828
-13.9102
-11.0389
-15.9511
35.1976
9.08118
-28.6709
-64.4142
5.02197
-5.08441
-145.877
-33.0733
-1.39887
-198.781
-59.3781
2.31384
-231.738
-76.8459
7.46929
-253.763
-90.1334
14.6761
-268.391
-100.41
23.2309
-276.554
-109.957
31.4676
-276.65
-117.754
38.6888
-264.585
-121.762
43.9798
-236.642
-120.923
46.7119
-184.521
-109.129
43.7494
-95.8946
-77.2576
34.894
-13.1402
-43.5082
18.8786
62.2909
-4.77867
2.04473
68.055
18.6941
0.367516
-36.294
-29.4447
-9.38074
-117.206
-66.0894
-13.2963
-169.102
-90.1049
-12.1478
-200.763
-104.809
-8.13246
-218.914
-114.171
-3.23596
-231.746
-121.276
2.81284
-241.759
-128.179
9.93513
-249.664
-134.329
17.3663
-254.62
-139.376
25.1282
-252.594
-141.692
32.068
-237.605
-137.941
36.7926
-204.732
-125.598
38.6233
-141.674
-98.8449
37.0518
-68.7008
-66.786
31.8059
-2.91531
-37.4183
24.5727
43.5179
-15.2185
18.5057
44.919
-13.7706
1.67342
-30.606
-50.2122
-9.5694
-89.3171
-78.5247
-15.7655
-132.629
-98.351
-17.3134
-161.025
-111.42
-16.1499
-178.979
-119.169
-12.8027
-189.36
-123.38
-8.90685
-195.272
-125.636
-4.57193
-199.262
-126.978
0.532165
-202.248
-128.125
5.77297
-204.211
-129.065
11.1537
-205.19
-130.251
16.6158
-200.401
-129.594
22.368
-185.694
-124.209
26.593
-158.1
-112.559
29.3548
-115.53
-92.9423
29.0372
-67.4873
-68.4738
27.927
-14.0133
-40.0614
29.0416
36.426
-11.5888
35.2623
131.966
-0.146467
-5.75393
111.594
-21.1215
-4.68693
76.5018
-44.4727
-6.71214
47.4746
-59.3052
-9.45716
18.1979
-70.2406
-13.2554
-7.62711
-78.4958
-14.8722
-32.7016
-87.8576
-13.4787
-58.4271
-98.9283
-15.3595
-82.59
-107.409
-16.6767
-104.062
-113.063
-16.7055
-121.751
-116.379
-15.4635
-134.472
-117.63
-13.2156
-144.261
-117.052
-11.2241
-150.53
-115.231
-8.75478
-153.895
-112.353
-6.09573
-155.125
-108.851
-3.62094
-155.745
-105.285
-1.36529
-154.477
-100.662
1.12698
-151.022
-95.0084
3.45564
-144.548
-87.6575
6.07664
-134.935
-78.4423
9.53033
-120.598
-67.2757
13.3992
-96.9475
-51.8108
18.7762
-58.2956
-30.8444
24.4598
-16.5214
-9.08853
30.6665
17.8907
8.11287
40.8982
31.6774
14.576
47.5665
82.0179
-9.8862
-62.0335
47.1692
-34.8554
-48.084
12.3975
-56.2191
-30.7446
-15.0675
-69.7515
-19.1657
-37.0164
-78.5298
-12.2481
-54.9192
-84.9001
-6.86351
-69.0605
-89.0163
-3.61876
-81.4614
-92.5402
-1.993
-92.1702
-94.9908
-1.43653
-101.486
-95.595
-1.72359
-109.157
-95.2334
-1.47732
-115.12
-93.6255
-1.40355
-119.008
-90.4746
-1.31491
-120.394
-86.1509
-0.76902
-120.257
-80.9872
-0.097113
-117.312
-74.7504
1.05839
-112.799
-66.9841
2.95328
-105.522
-58.6196
4.99684
-94.6276
-48.7954
7.1331
-78.2986
-36.1943
10.1094
-58.1111
-21.9354
13.9123
-36.0577
-6.79061
18.2094
-12.798
7.7277
24.2313
9.59926
19.4733
32.7479
73.946
44.6649
-68.3581
43.4499
27.4346
-51.7031
15.0057
11.2199
-38.8839
-6.77729
-1.45192
-30.902
-22.2788
-10.3698
-24.3558
-34.6976
-18.9857
-19.3596
-44.1735
-24.7839
-14.5837
-52.7162
-28.7856
-9.11648
-62.2537
-32.8134
-6.3622
-71.8934
-36.9465
-3.18778
-81.5421
-40.1763
-0.784577
-87.0823
-40.2493
0.779997
-87.0684
-38.2798
1.29411
-81.6723
-33.9979
1.60865
-72.1305
-28.269
2.12124
-61.0002
-21.6385
3.84493
-48.8661
-14.4439
7.35432
-33.0875
-6.22631
11.0708
-14.412
3.42485
14.8504
3.52536
12.965
19.3269
16.6683
20.3775
24.2044
23.0376
24.0569
27.5002
26.5414
24.6399
29.3357
27.8012
23.4234
28.3886
26.2589
20.9408
25.5987
-3.36758
45.2774
-0.421613
-7.93759
39.9499
4.11511
-9.77011
37.359
7.24836
-8.51111
36.9277
8.5836
-4.87708
36.3346
8.64722
0.736833
36.2431
10.0431
7.74214
36.3704
12.7346
15.1461
36.3481
14.3921
21.9493
35.7937
15.6405
29.7481
35.4723
17.756
