-0.149298
0.519516
0.208027
-0.221861
0.449171
0.116038
-0.199267
0.400182
0.0181619
-0.0948546
0.521854
0.426273
-0.405565
0.379009
0.302379
-0.544496
0.317061
0.195792
-0.479029
0.351108
0.0612776
0.187293
0.551224
0.559014
-0.258057
0.372513
0.410391
-0.603494
0.243887
0.297562
-0.802931
0.172409
0.193664
-0.83118
0.175779
0.0815374
-0.694291
0.275021
-0.0643785
0.508111
0.466255
0.618261
0.0610872
0.340268
0.469371
-0.371534
0.19525
0.31616
-0.742986
0.0451589
0.201939
-1.01039
-0.0654558
0.113253
-1.15844
-0.125068
0.0300796
-1.19438
-0.124599
-0.0569197
-1.13758
-0.0659733
-0.1461
-0.996924
0.0160057
-0.239505
-0.768559
0.119399
-0.357003
0.131846
0.105556
0.475241
-0.354956
-0.1201
0.298639
-0.794407
-0.312163
0.163615
-1.14176
-0.462222
0.0659671
-1.39416
-0.573898
-0.00785102
-1.55035
-0.640384
-0.0662026
-1.61215
-0.666781
-0.119731
-1.58481
-0.647983
-0.180144
-1.4606
-0.558454
-0.258348
-1.2549
-0.395119
-0.33046
-1.00215
-0.240689
-0.363532
-0.752243
-0.118489
-0.415063
-0.565606
-0.0593675
-0.451507
-0.113792
-0.289135
0.472721
-0.553577
-0.56312
0.31294
-0.954402
-0.785287
0.171547
-1.29242
-0.953949
0.0640692
-1.56327
-1.07867
-0.0114679
-1.76233
-1.15692
-0.0626821
-1.88263
-1.19483
-0.0993447
-1.92358
-1.19063
-0.123884
-1.88231
-1.1437
-0.140671
-1.75471
-1.06172
-0.154781
-1.54448
-0.941614
-0.186336
-1.25185
-0.774177
-0.230149
-0.961193
-0.590087
-0.304962
-0.659565
-0.372505
-0.321356
0.507379
-0.209069
0.642303
0.0698558
-0.523231
0.495458
-0.363517
-0.809513
0.342555
-0.755196
-1.0518
0.213433
-1.10041
-1.24471
0.108841
-1.39265
-1.3947
0.0243647
-1.63706
-1.5014
-0.0382872
-1.82679
-1.57109
-0.0791551
-1.95905
-1.60509
-0.104749
-2.03174
-1.60165
-0.118373
-2.03496
-1.56111
-0.124501
-1.96254
-1.47829
-0.131978
-1.81531
-1.35521
-0.144619
-1.59129
-1.18861
-0.165664
-1.33445
-0.997246
-0.196853
-1.09081
-0.799366
-0.236853
-0.926466
-0.62801
-0.256578
0.437286
-0.408196
0.558135
0.0864521
-0.689997
0.44933
-0.261428
-0.950989
0.319461
-0.595692
-1.17375
0.200762
-0.904083
-1.35816
0.0951665
-1.17556
-1.5019
0.00948931
-1.40888
-1.60916
-0.0591364
-1.602
-1.68165
-0.112168
-1.75535
-1.72202
-0.147428
-1.86766
-1.73287
-0.16867
-1.93916
-1.7147
-0.178296
-1.96481
-1.6687
-0.17928
-1.9434
-1.59582
-0.172514
-1.86921
-1.48986
-0.168149
-1.7461
-1.35525
-0.162631
-1.58153
-1.19325
-0.163232
-1.40317
-1.0129
-0.162673
-1.22881
-0.82957
-0.152139
-1.07349
-0.659456
-0.132736
0.918653
-0.0266625
0.482541
0.888735
-0.0882964
0.453352
0.758558
-0.189474
0.378558
0.615842
-0.289522
0.309575
0.451613
-0.397528
0.253463
0.276858
-0.52004
0.213141
0.086129
-0.669103
0.183785
-0.121536
-0.839427
0.128282
-0.337845
-1.00349
0.0620208
-0.559156
-1.15376
-0.00650819
-0.776211
-1.28427
-0.0725061
-0.977959
-1.39252
-0.129709
-1.16511
-1.47413
-0.181729
-1.32889
-1.53221
-0.221397
-1.4669
-1.56541
-0.249697
-1.57486
-1.57264
-0.269016
-1.65713
-1.55895
-0.278081
-1.70988
-1.5222
-0.274148
-1.73014
-1.46345
-0.265074
-1.71796
-1.38412
-0.247241
-1.67448
-1.2851
-0.220472
-1.6032
-1.17112
-0.191782
-1.50078
-1.03953
-0.156919
-1.36717
-0.899252
-0.121564
-1.22933
-0.760058
-0.088553
-1.11141
-0.632977
-0.0587414
-1.07177
-0.552951
-0.0345663
0.724143
-0.308437
-0.098469
0.584288
-0.412499
-0.16461
0.403374
-0.523808
-0.212047
0.221805
-0.625498
-0.251421
0.0366955
-0.720768
-0.283104
-0.149344
-0.81353
-0.303231
-0.329652
-0.899887
-0.322337
-0.503534
-0.979199
-0.34243
-0.667046
-1.0474
-0.360052
-0.820103
-1.10136
-0.37836
-0.956443
-1.14198
-0.388969
-1.0771
-1.16619
-0.394544
-1.17727
-1.17529
-0.396023
-1.25562
-1.16857
-0.387087
-1.31446
-1.14639
-0.37121
-1.34602
-1.10892
-0.348033
-1.35846
-1.0553
-0.317474
-1.34623
-0.990576
-0.282625
-1.31233
-0.915499
-0.243794
-1.25347
-0.829539
-0.202995
-1.18039
-0.739091
-0.158824
-1.09774
-0.646479
-0.115842
-1.01238
-0.561156
-0.0753375
-0.931384
-0.487444
-0.0387621
0.491324
-0.154227
-0.418694
0.359564
-0.208464
-0.44378
0.212154
-0.263429
-0.460673
0.067726
-0.312473
-0.477736
-0.0706891
-0.353431
-0.490433
-0.200995
-0.396725
-0.500712
-0.319247
-0.43515
-0.503476
-0.432067
-0.467563
-0.494737
-0.536133
-0.498272
-0.493993
-0.62781
-0.527538
-0.473599
-0.709748
-0.547984
-0.442452
-0.772077
-0.554301
-0.405356
-0.811814
-0.550389
-0.366574
-0.829427
-0.534246
-0.320748
-0.8279
-0.509203
-0.273801
-0.81181
-0.475629
-0.224641
-0.783077
-0.435495
-0.170886
-0.740122
-0.390715
-0.121398
-0.690115
-0.346782
-0.0832995
-0.634785
-0.305387
-0.0502573
-0.589
-0.272962
-0.0222829
-0.556297
-0.254629
-0.00607148
-0.528483
-0.247
-0.0025023
-0.512969
-0.247034
-0.012808
-0.511632
-0.250705
-0.0315308
-0.169425
0.0322952
-0.294083
-0.208499
0.0225767
-0.258117
-0.237564
0.018147
-0.220959
-0.255696
0.0153384
-0.178197
-0.263868
0.00897516
-0.140878
-0.261044
0.00305525
-0.102677
-0.250354
-0.00556446
-0.0588897
-0.237302
-0.0160724
-0.0254521
-0.224131
-0.0286047
-0.00883445
-0.211549
-0.0420544
0.0021405
